1775985725636909661 A_C1_BASELINE_START
1775985785641071952 A_C1_BASELINE_END
1775985785642040825 A_C1_INTERVENTION_START
1775985795645903560 A_C1_INTERVENTION_END
1775985795646881082 A_C1_RECOVERY_R1_START
1775985855649704221 A_C1_RECOVERY_R1_END
1775985855650679390 A_C1_RECOVERY_R2_START
1775985915654901164 A_C1_RECOVERY_R2_END
1775985915655852000 A_C1_POSTBASELINE_START
1775985975658826433 A_C1_POSTBASELINE_END
1775985975660906512 A_C2_BASELINE_START
1775986035664716635 A_C2_BASELINE_END
1775986035665816342 A_C2_INTERVENTION_START
1775986045669751389 A_C2_INTERVENTION_END
1775986045670736077 A_C2_RECOVERY_R1_START
1775986105673599445 A_C2_RECOVERY_R1_END
1775986105674634096 A_C2_RECOVERY_R2_START
1775986165678741008 A_C2_RECOVERY_R2_END
1775986165679643400 A_C2_POSTBASELINE_START
1775986225682727280 A_C2_POSTBASELINE_END
1775986225684778434 A_C3_BASELINE_START
1775986285688583678 A_C3_BASELINE_END
1775986285689559403 A_C3_INTERVENTION_START
1775986295693709321 A_C3_INTERVENTION_END
1775986295694824269 A_C3_RECOVERY_R1_START
1775986355697709123 A_C3_RECOVERY_R1_END
1775986355698709496 A_C3_RECOVERY_R2_START
1775986415702838265 A_C3_RECOVERY_R2_END
1775986415703837694 A_C3_POSTBASELINE_START
1775986475706578471 A_C3_POSTBASELINE_END
