1769348891686968603 C1_BASELINE_START
1769348951688728332 C1_BASELINE_END
1769348951691777094 C1_INTERVENTION_START
1769349131698886272 C1_INTERVENTION_END
1769349131700010995 C1_RECOVERY_EXT_START
1769349731701708713 C1_RECOVERY_EXT_END
1769349731702731807 C1_POSTBASELINE_START
1769349791704600287 C1_POSTBASELINE_END
1769349791706772660 C2_BASELINE_START
1769349851708713201 C2_BASELINE_END
1769349851711942148 C2_INTERVENTION_START
1769350031715623803 C2_INTERVENTION_END
1769350033805034433 C2_RECOVERY_EXT_START
1769350633806729088 C2_RECOVERY_EXT_END
1769350633807742147 C2_POSTBASELINE_START
1769350693809641366 C2_POSTBASELINE_END
1769350693811909464 C3_BASELINE_START
1769350753813865289 C3_BASELINE_END
1769350753817094834 C3_INTERVENTION_START
1769350933821197972 C3_INTERVENTION_END
1769350933821944270 C3_RECOVERY_EXT_START
1769351533823612327 C3_RECOVERY_EXT_END
1769351533824681329 C3_POSTBASELINE_START
1769351593826545176 C3_POSTBASELINE_END
