1768746653321525138 C1_BASELINE_START
1768746713323379829 C1_BASELINE_END
1768746713326064760 C1_INTERVENTION_START
1768746893329606762 C1_INTERVENTION_END
1768746893330262133 C1_RECOVERY_START
1768747013331896244 C1_RECOVERY_END
1768747013332928985 C1_POSTBASELINE_START
1768747073334782580 C1_POSTBASELINE_END
1768747073336962212 C2_BASELINE_START
1768747133338843767 C2_BASELINE_END
1768747133342027141 C2_INTERVENTION_START
1768747313345929117 C2_INTERVENTION_END
1768747313346675618 C2_RECOVERY_START
1768747433348324502 C2_RECOVERY_END
1768747433349370022 C2_POSTBASELINE_START
1768747493351257045 C2_POSTBASELINE_END
1768747493353458678 C3_BASELINE_START
1768747553355366774 C3_BASELINE_END
1768747553358539093 C3_INTERVENTION_START
1768747733362311812 C3_INTERVENTION_END
1768747733363083683 C3_RECOVERY_START
1768747853364718573 C3_RECOVERY_END
1768747853365737722 C3_POSTBASELINE_START
1768747913367589650 C3_POSTBASELINE_END
