1771447245439131807 C1_BASELINE_START
1771447305441036910 C1_BASELINE_END
1771447305444223268 C1_INTERVENTION_START
1771447485448955255 C1_INTERVENTION_END
1771447485449907276 C1_RECOVERY_R1_START
1771447665451837374 C1_RECOVERY_R1_END
1771447665452928561 C1_RECOVERY_R2_START
1771447966052513926 C1_RECOVERY_R2_END
1771447966053992558 C1_POSTBASELINE_START
1771448026055894619 C1_POSTBASELINE_END
1771448026058059123 C2_BASELINE_START
1771448086059885526 C2_BASELINE_END
1771448086063049550 C2_INTERVENTION_START
1771448266067860094 C2_INTERVENTION_END
1771448266068793818 C2_RECOVERY_R1_START
1771448446070593299 C2_RECOVERY_R1_END
1771448446071598985 C2_RECOVERY_R2_START
1771448746195454479 C2_RECOVERY_R2_END
1771448746196381369 C2_POSTBASELINE_START
1771448806198308910 C2_POSTBASELINE_END
1771448806200661154 C3_BASELINE_START
1771448866202705197 C3_BASELINE_END
1771448866206188980 C3_INTERVENTION_START
1771449046211454824 C3_INTERVENTION_END
1771449046212500863 C3_RECOVERY_R1_START
1771449226214415064 C3_RECOVERY_R1_END
1771449226215484362 C3_RECOVERY_R2_START
1771449526174174735 C3_RECOVERY_R2_END
1771449526175165866 C3_POSTBASELINE_START
1771449586177044369 C3_POSTBASELINE_END
