[INFO] Starting Day22 run: 2026-04-14_093911_day22_A_intermediate_observation_regime
[INFO] CONDITION=A
[INFO] OBS_REGIME=heartbeat_only
[INFO] BASE_DIR=/home/observer/project/day22
[INFO] RUN_DIR=/home/observer/project/day22/runs/2026-04-14_093911_day22_A_intermediate_observation_regime
[INFO] RETRY_TARGET=/home/observer/project/day22/workdir/retry_test
[INFO] RETRIES=5 BUDGET_MS=50
[INFO] IO_MODE=buffered
[INFO] ENABLE_INTERVENTION_IO=0
[INFO] N_CYCLES=1 BASELINE_SEC=10 INTERVENTION_SEC=5 R1_SEC=10 R2_SEC=15 POST_SEC=10 HEARTBEAT_HZ=50
[INFO] Heartbeat PID: 1276
[MARK] 1776148751409573664 A_C1_BASELINE_START
=== CONDITION_A_CYCLE_1_START ===
--- BASELINE ---
[MARK] 1776148761413723809 A_C1_BASELINE_END
[MARK] 1776148761414914775 A_C1_INTERVENTION_START
--- INTERVENTION ---
[INFO] Intervention IO disabled for Day22 CONDITION=A
[MARK] 1776148766419146468 A_C1_INTERVENTION_END
[MARK] 1776148766420143785 A_C1_RECOVERY_R1_START
--- RECOVERY_R1 ---
[MARK] 1776148776423058302 A_C1_RECOVERY_R1_END
[MARK] 1776148776424137694 A_C1_RECOVERY_R2_START
--- RECOVERY_R2 ---
[INFO] timeout 15s env TARGET=/home/observer/project/day22/workdir/retry_test BUDGET_MS=50 RETRIES=5 IO_MODE=buffered bash /home/observer/project/day22/scripts/retry_storm.sh
1776148776432055474 retry_storm_start TARGET=/home/observer/project/day22/workdir/retry_test BUDGET_MS=50 RETRIES=5 IO_MODE=buffered
1776148776774459279 dt_ms=289 retries=5 io_mode=buffered
1776148781656400794 dt_ms=267 retries=5 io_mode=buffered
1776148790310284790 dt_ms=141 retries=5 io_mode=buffered
[MARK] 1776148791430081566 A_C1_RECOVERY_R2_END
[MARK] 1776148791431203736 A_C1_POSTBASELINE_START
--- POST_BASELINE ---
[MARK] 1776148801434017814 A_C1_POSTBASELINE_END
=== CONDITION_A_CYCLE_1_END ===
[INFO] Day22 run complete: /home/observer/project/day22/runs/2026-04-14_093911_day22_A_intermediate_observation_regime
[INFO] Cleaning up...
