1776152236122248249 A_C1_BASELINE_START
1776152296126394562 A_C1_BASELINE_END
1776152296127487634 A_C1_INTERVENTION_START
1776152306131322387 A_C1_INTERVENTION_END
1776152306132301181 A_C1_RECOVERY_R1_START
1776152366135158661 A_C1_RECOVERY_R1_END
1776152366136174604 A_C1_RECOVERY_R2_START
1776152426140548156 A_C1_RECOVERY_R2_END
1776152426141819711 A_C1_POSTBASELINE_START
1776152486144845586 A_C1_POSTBASELINE_END
1776152486147124177 A_C2_BASELINE_START
1776152546151029127 A_C2_BASELINE_END
1776152546152077978 A_C2_INTERVENTION_START
1776152556156053584 A_C2_INTERVENTION_END
1776152556157095547 A_C2_RECOVERY_R1_START
1776152616160055918 A_C2_RECOVERY_R1_END
1776152616161105085 A_C2_RECOVERY_R2_START
1776152676165441868 A_C2_RECOVERY_R2_END
1776152676167066221 A_C2_POSTBASELINE_START
1776152736169855607 A_C2_POSTBASELINE_END
1776152736171962942 A_C3_BASELINE_START
1776152796175897240 A_C3_BASELINE_END
1776152796176942315 A_C3_INTERVENTION_START
1776152806181065167 A_C3_INTERVENTION_END
1776152806182161724 A_C3_RECOVERY_R1_START
1776152866185276509 A_C3_RECOVERY_R1_END
1776152866186314177 A_C3_RECOVERY_R2_START
1776152926190616171 A_C3_RECOVERY_R2_END
1776152926191585469 A_C3_POSTBASELINE_START
1776152986194383570 A_C3_POSTBASELINE_END
