1771419209225669303 R2_IDLE_A seconds=60 actions=B
1771419269227582966 SKIP_PROBE_A seconds=60
1771419329229378133 R2_IDLE_B seconds=30 actions=B
1771419359233144666 PROBE_B_START program=low
1771419359242734940 PROBE_B_END program=low
1771419359445501163 PROBE_B_START program=low
1771419359455439012 PROBE_B_END program=low
1771419359658236697 PROBE_B_START program=low
1771419359667885397 PROBE_B_END program=low
1771419359870787528 PROBE_B_START program=low
1771419359880411191 PROBE_B_END program=low
1771419360083164802 PROBE_B_START program=low
1771419360092228520 PROBE_B_END program=low
1771419360295019428 PROBE_B_START program=low
1771419360304621943 PROBE_B_END program=low
1771419360507422870 PROBE_B_START program=low
1771419360517027477 PROBE_B_END program=low
1771419360719791681 PROBE_B_START program=low
1771419360729473604 PROBE_B_END program=low
1771419360932278382 PROBE_B_START program=low
1771419360943026306 PROBE_B_END program=low
1771419361145941344 PROBE_B_START program=low
1771419361155869193 PROBE_B_END program=low
1771419361358646786 PROBE_B_START program=low
1771419361368206523 PROBE_B_END program=low
1771419361570893653 PROBE_B_START program=low
1771419361579930704 PROBE_B_END program=low
1771419361782650427 PROBE_B_START program=low
1771419361792312794 PROBE_B_END program=low
1771419361997042890 PROBE_B_START program=low
1771419362006974331 PROBE_B_END program=low
1771419362209751924 PROBE_B_START program=low
1771419362219284069 PROBE_B_END program=low
1771419362421974624 PROBE_B_START program=low
1771419362430945546 PROBE_B_END program=low
1771419362633666380 PROBE_B_START program=low
1771419362643202968 PROBE_B_END program=low
1771419362845966376 PROBE_B_START program=low
1771419362855512224 PROBE_B_END program=low
1771419363058358966 PROBE_B_START program=low
1771419363067964333 PROBE_B_END program=low
1771419363270721092 PROBE_B_START program=low
1771419363280325255 PROBE_B_END program=low
1771419363483113441 PROBE_B_START program=low
1771419363492813012 PROBE_B_END program=low
1771419363695563531 PROBE_B_START program=low
1771419363705014879 PROBE_B_END program=low
1771419363907749323 PROBE_B_START program=low
1771419363917303783 PROBE_B_END program=low
1771419364120009746 PROBE_B_START program=low
1771419364129030205 PROBE_B_END program=low
1771419364331780686 PROBE_B_START program=low
1771419364341399609 PROBE_B_END program=low
1771419364544153091 PROBE_B_START program=low
1771419364553710532 PROBE_B_END program=low
1771419364756514291 PROBE_B_START program=low
1771419364766065788 PROBE_B_END program=low
1771419364968874103 PROBE_B_START program=low
1771419364978434822 PROBE_B_END program=low
1771419365181155692 PROBE_B_START program=low
1771419365189762132 PROBE_B_END program=low
1771419365392514095 PROBE_B_START program=low
1771419365402094388 PROBE_B_END program=low
1771419365604910333 PROBE_B_START program=low
1771419365614433477 PROBE_B_END program=low
1771419365817217681 PROBE_B_START program=low
1771419365826784418 PROBE_B_END program=low
1771419366029660104 PROBE_B_START program=low
1771419366039649175 PROBE_B_END program=low
1771419366242511268 PROBE_B_START program=low
1771419366252026839 PROBE_B_END program=low
1771419366454800598 PROBE_B_START program=low
1771419366464393965 PROBE_B_END program=low
1771419366667153910 PROBE_B_START program=low
1771419366676744092 PROBE_B_END program=low
1771419366879553370 PROBE_B_START program=low
1771419366889149126 PROBE_B_END program=low
1771419367091856792 PROBE_B_START program=low
1771419367101494826 PROBE_B_END program=low
1771419367304313475 PROBE_B_START program=low
1771419367313842786 PROBE_B_END program=low
1771419367516613083 PROBE_B_START program=low
1771419367526153931 PROBE_B_END program=low
1771419367728907376 PROBE_B_START program=low
1771419367738407279 PROBE_B_END program=low
1771419367941190354 PROBE_B_START program=low
1771419367950703794 PROBE_B_END program=low
1771419368153438887 PROBE_B_START program=low
1771419368163293329 PROBE_B_END program=low
1771419368366012421 PROBE_B_START program=low
1771419368375345177 PROBE_B_END program=low
1771419368578246085 PROBE_B_START program=low
1771419368588089082 PROBE_B_END program=low
1771419368790878138 PROBE_B_START program=low
1771419368800464856 PROBE_B_END program=low
1771419369003231116 PROBE_B_START program=low
1771419369012851094 PROBE_B_END program=low
1771419369215829243 PROBE_B_START program=low
1771419369225767943 PROBE_B_END program=low
1771419369428553073 PROBE_B_START program=low
1771419369438314070 PROBE_B_END program=low
1771419369641166126 PROBE_B_START program=low
1771419369650816956 PROBE_B_END program=low
1771419369853725160 PROBE_B_START program=low
1771419369863364268 PROBE_B_END program=low
1771419370066175565 PROBE_B_START program=low
1771419370076033043 PROBE_B_END program=low
1771419370279026747 PROBE_B_START program=low
1771419370288751577 PROBE_B_END program=low
1771419370491642170 PROBE_B_START program=low
1771419370501377463 PROBE_B_END program=low
1771419370704220297 PROBE_B_START program=low
1771419370713875553 PROBE_B_END program=low
1771419370916804405 PROBE_B_START program=low
1771419370926724384 PROBE_B_END program=low
1771419371129643569 PROBE_B_START program=low
1771419371139223066 PROBE_B_END program=low
1771419371342024826 PROBE_B_START program=low
1771419371351201432 PROBE_B_END program=low
1771419371553976433 PROBE_B_START program=low
1771419371563633207 PROBE_B_END program=low
1771419371766507134 PROBE_B_START program=low
1771419371776227463 PROBE_B_END program=low
1771419371979073131 PROBE_B_START program=low
1771419371988761460 PROBE_B_END program=low
1771419372191603961 PROBE_B_START program=low
1771419372201337958 PROBE_B_END program=low
1771419372404048773 PROBE_B_START program=low
1771419372412707675 PROBE_B_END program=low
1771419372615453675 PROBE_B_START program=low
1771419372625138542 PROBE_B_END program=low
1771419372828013654 PROBE_B_START program=low
1771419372837702687 PROBE_B_END program=low
1771419373040611262 PROBE_B_START program=low
1771419373050331648 PROBE_B_END program=low
1771419373253171518 PROBE_B_START program=low
1771419373263030126 PROBE_B_END program=low
1771419373466028479 PROBE_B_START program=low
1771419373475733550 PROBE_B_END program=low
1771419373678599420 PROBE_B_START program=low
1771419373688304824 PROBE_B_END program=low
1771419373891200121 PROBE_B_START program=low
1771419373900929099 PROBE_B_END program=low
1771419374103776155 PROBE_B_START program=low
1771419374113465059 PROBE_B_END program=low
1771419374316293412 PROBE_B_START program=low
1771419374325966223 PROBE_B_END program=low
1771419374528921131 PROBE_B_START program=low
1771419374538724683 PROBE_B_END program=low
1771419374741618832 PROBE_B_START program=low
1771419374751314718 PROBE_B_END program=low
1771419374954112866 PROBE_B_START program=low
1771419374963748270 PROBE_B_END program=low
1771419375166623456 PROBE_B_START program=low
1771419375176331674 PROBE_B_END program=low
1771419375379129212 PROBE_B_START program=low
1771419375389152690 PROBE_B_END program=low
1771419375591930302 PROBE_B_START program=low
1771419375601091594 PROBE_B_END program=low
1771419375803849224 PROBE_B_START program=low
1771419375814098906 PROBE_B_END program=low
1771419376016924814 PROBE_B_START program=low
1771419376026595403 PROBE_B_END program=low
1771419376229409330 PROBE_B_START program=low
1771419376239096048 PROBE_B_END program=low
1771419376442075827 PROBE_B_START program=low
1771419376451936361 PROBE_B_END program=low
1771419376654816176 PROBE_B_START program=low
1771419376664585006 PROBE_B_END program=low
1771419376867456506 PROBE_B_START program=low
1771419376877029818 PROBE_B_END program=low
1771419377079863651 PROBE_B_START program=low
1771419377089547111 PROBE_B_END program=low
1771419377292412537 PROBE_B_START program=low
1771419377301996589 PROBE_B_END program=low
1771419377505137609 PROBE_B_START program=low
1771419377514887272 PROBE_B_END program=low
1771419377717795476 PROBE_B_START program=low
1771419377727455250 PROBE_B_END program=low
1771419377930311640 PROBE_B_START program=low
1771419377939971544 PROBE_B_END program=low
1771419378142825340 PROBE_B_START program=low
1771419378152628152 PROBE_B_END program=low
1771419378355402634 PROBE_B_START program=low
1771419378365112130 PROBE_B_END program=low
1771419378567771464 PROBE_B_START program=low
1771419378576482200 PROBE_B_END program=low
1771419378779263181 PROBE_B_START program=low
1771419378788924604 PROBE_B_END program=low
1771419378991740160 PROBE_B_START program=low
1771419379001471767 PROBE_B_END program=low
1771419379204340101 PROBE_B_START program=low
1771419379214047246 PROBE_B_END program=low
1771419379416966358 PROBE_B_START program=low
1771419379426692595 PROBE_B_END program=low
1771419379629526836 PROBE_B_START program=low
1771419379638728073 PROBE_B_END program=low
1771419379841451999 PROBE_B_START program=low
1771419379850580031 PROBE_B_END program=low
1771419380053374124 PROBE_B_START program=low
1771419380062517305 PROBE_B_END program=low
1771419380265276009 PROBE_B_START program=low
1771419380274964043 PROBE_B_END program=low
1771419380477862617 PROBE_B_START program=low
1771419380487606707 PROBE_B_END program=low
1771419380690497800 PROBE_B_START program=low
1771419380700033037 PROBE_B_END program=low
1771419380902910704 PROBE_B_START program=low
1771419380912522404 PROBE_B_END program=low
1771419381115342404 PROBE_B_START program=low
1771419381125023364 PROBE_B_END program=low
1771419381327880772 PROBE_B_START program=low
1771419381337622639 PROBE_B_END program=low
1771419381540503991 PROBE_B_START program=low
1771419381550185673 PROBE_B_END program=low
1771419381753086543 PROBE_B_START program=low
1771419381762682281 PROBE_B_END program=low
1771419381965467318 PROBE_B_START program=low
1771419381975034314 PROBE_B_END program=low
1771419382177793296 PROBE_B_START program=low
1771419382187283107 PROBE_B_END program=low
1771419382390122033 PROBE_B_START program=low
1771419382399649715 PROBE_B_END program=low
1771419382602463030 PROBE_B_START program=low
1771419382612508823 PROBE_B_END program=low
1771419382815289509 PROBE_B_START program=low
1771419382824340634 PROBE_B_END program=low
1771419383027067245 PROBE_B_START program=low
1771419383037356539 PROBE_B_END program=low
1771419383240093428 PROBE_B_START program=low
1771419383249710591 PROBE_B_END program=low
1771419383452538888 PROBE_B_START program=low
1771419383462102588 PROBE_B_END program=low
1771419383666191757 PROBE_B_START program=low
1771419383676122272 PROBE_B_END program=low
1771419383878924958 PROBE_B_START program=low
1771419383888457065 PROBE_B_END program=low
1771419384091193436 PROBE_B_START program=low
1771419384100793802 PROBE_B_END program=low
1771419384303512025 PROBE_B_START program=low
1771419384313094318 PROBE_B_END program=low
1771419384515823522 PROBE_B_START program=low
1771419384525394777 PROBE_B_END program=low
1771419384728315241 PROBE_B_START program=low
1771419384737885367 PROBE_B_END program=low
1771419384940701311 PROBE_B_START program=low
1771419384950259123 PROBE_B_END program=low
1771419385153117586 PROBE_B_START program=low
1771419385162612489 PROBE_B_END program=low
1771419385365414860 PROBE_B_START program=low
1771419385375209431 PROBE_B_END program=low
1771419385577982968 PROBE_B_START program=low
1771419385587730057 PROBE_B_END program=low
1771419385790363854 PROBE_B_START program=low
1771419385798953812 PROBE_B_END program=low
1771419386001682312 PROBE_B_START program=low
1771419386011188327 PROBE_B_END program=low
1771419386213952790 PROBE_B_START program=low
1771419386223472508 PROBE_B_END program=low
1771419386426247897 PROBE_B_START program=low
1771419386435832431 PROBE_B_END program=low
1771419386638660950 PROBE_B_START program=low
1771419386648188094 PROBE_B_END program=low
1771419386850908594 PROBE_B_START program=low
1771419386860011868 PROBE_B_END program=low
1771419387062740997 PROBE_B_START program=low
1771419387072348679 PROBE_B_END program=low
1771419387275134846 PROBE_B_START program=low
1771419387284722842 PROBE_B_END program=low
1771419387487480694 PROBE_B_START program=low
1771419387497087283 PROBE_B_END program=low
1771419387699911339 PROBE_B_START program=low
1771419387709492632 PROBE_B_END program=low
1771419387912214502 PROBE_B_START program=low
1771419387922124129 PROBE_B_END program=low
1771419388125033259 PROBE_B_START program=low
1771419388134664163 PROBE_B_END program=low
1771419388337449607 PROBE_B_START program=low
1771419388347069233 PROBE_B_END program=low
1771419388549927271 PROBE_B_START program=low
1771419388559645323 PROBE_B_END program=low
1771419388762499009 PROBE_B_START program=low
1771419388772154764 PROBE_B_END program=low
1771419388975004691 PROBE_B_START program=low
1771419388984730835 PROBE_B_END program=low
1771419389187562280 PROBE_B_START program=low
1771419389197293128 PROBE_B_END program=low
1771419389400121666 PROBE_B_START program=low
1771419389409766755 PROBE_B_END program=low
1771419389612629385 PROBE_B_START program=low
1771419389622265233 PROBE_B_END program=low
1771419389825213567 PROBE_B_START program=low
1771419389835213768 PROBE_B_END program=low
1771419390038306380 PROBE_B_START program=low
1771419390047991043 PROBE_B_END program=low
1771419390250893339 PROBE_B_START program=low
1771419390260817281 PROBE_B_END program=low
1771419390463718614 PROBE_B_START program=low
1771419390473691963 PROBE_B_END program=low
1771419390676533223 PROBE_B_START program=low
1771419390686152182 PROBE_B_END program=low
1771419390889153535 PROBE_B_START program=low
1771419390899300032 PROBE_B_END program=low
1771419391102094236 PROBE_B_START program=low
1771419391111767066 PROBE_B_END program=low
1771419391314589010 PROBE_B_START program=low
1771419391324274747 PROBE_B_END program=low
1771419391527158822 PROBE_B_START program=low
1771419391536920874 PROBE_B_END program=low
1771419391739789708 PROBE_B_START program=low
1771419391749473723 PROBE_B_END program=low
1771419391952461612 PROBE_B_START program=low
1771419391962296720 PROBE_B_END program=low
1771419392165131035 PROBE_B_START program=low
1771419392174773569 PROBE_B_END program=low
1771419392377586254 PROBE_B_START program=low
1771419392387268214 PROBE_B_END program=low
1771419392590145807 PROBE_B_START program=low
1771419392599793618 PROBE_B_END program=low
1771419392802655915 PROBE_B_START program=low
1771419392812699875 PROBE_B_END program=low
1771419393015376078 PROBE_B_START program=low
1771419393024082073 PROBE_B_END program=low
1771419393226882518 PROBE_B_START program=low
1771419393236584144 PROBE_B_END program=low
1771419393439377330 PROBE_B_START program=low
1771419393449074493 PROBE_B_END program=low
1771419393651933252 PROBE_B_START program=low
1771419393661512804 PROBE_B_END program=low
1771419393864340934 PROBE_B_START program=low
1771419393873988579 PROBE_B_END program=low
1771419394076812116 PROBE_B_START program=low
1771419394085953593 PROBE_B_END program=low
1771419394288797168 PROBE_B_START program=low
1771419394298535627 PROBE_B_END program=low
1771419394501470313 PROBE_B_START program=low
1771419394511137883 PROBE_B_END program=low
1771419394714043532 PROBE_B_START program=low
1771419394723698288 PROBE_B_END program=low
1771419394926560066 PROBE_B_START program=low
1771419394936216655 PROBE_B_END program=low
1771419395139045266 PROBE_B_START program=low
1771419395148217169 PROBE_B_END program=low
1771419395351124595 PROBE_B_START program=low
1771419395361297278 PROBE_B_END program=low
1771419395564124352 PROBE_B_START program=low
1771419395573774108 PROBE_B_END program=low
1771419395776641145 PROBE_B_START program=low
1771419395786281049 PROBE_B_END program=low
1771419395989177512 PROBE_B_START program=low
1771419395998845916 PROBE_B_END program=low
1771419396201699639 PROBE_B_START program=low
1771419396211416728 PROBE_B_END program=low
1771419396414321265 PROBE_B_START program=low
1771419396424024392 PROBE_B_END program=low
1771419396626961262 PROBE_B_START program=low
1771419396708479482 PROBE_B_END program=low
1771419396911397686 PROBE_B_START program=low
1771419396921106423 PROBE_B_END program=low
1771419397123826071 PROBE_B_START program=low
1771419397133048845 PROBE_B_END program=low
1771419397335814715 PROBE_B_START program=low
1771419397345569138 PROBE_B_END program=low
1771419397548393879 PROBE_B_START program=low
1771419397558017227 PROBE_B_END program=low
1771419397760907005 PROBE_B_START program=low
1771419397770569372 PROBE_B_END program=low
1771419397973459261 PROBE_B_START program=low
1771419397983125776 PROBE_B_END program=low
1771419398185899387 PROBE_B_START program=low
1771419398195025179 PROBE_B_END program=low
1771419398397861106 PROBE_B_START program=low
1771419398407588843 PROBE_B_END program=low
1771419398610500084 PROBE_B_START program=low
1771419398620145414 PROBE_B_END program=low
1771419398822962321 PROBE_B_START program=low
1771419398832635818 PROBE_B_END program=low
1771419399035468985 PROBE_B_START program=low
1771419399045172426 PROBE_B_END program=low
1771419399247953092 PROBE_B_START program=low
1771419399257386940 PROBE_B_END program=low
1771419399460339571 PROBE_B_START program=low
1771419399470274216 PROBE_B_END program=low
1771419399673230234 PROBE_B_START program=low
1771419399682983935 PROBE_B_END program=low
1771419399885830176 PROBE_B_START program=low
1771419399895380135 PROBE_B_END program=low
1771419400098208524 PROBE_B_START program=low
1771419400107872132 PROBE_B_END program=low
1771419400310716613 PROBE_B_START program=low
1771419400320403240 PROBE_B_END program=low
1771419400523301536 PROBE_B_START program=low
1771419400533076274 PROBE_B_END program=low
1771419400736000570 PROBE_B_START program=low
1771419400745654085 PROBE_B_END program=low
1771419400948513289 PROBE_B_START program=low
1771419400958131137 PROBE_B_END program=low
1771419401161006730 PROBE_B_START program=low
1771419401170699671 PROBE_B_END program=low
1771419401373486597 PROBE_B_START program=low
1771419401382586722 PROBE_B_END program=low
1771419401585331463 PROBE_B_START program=low
1771419401594482644 PROBE_B_END program=low
1771419401797274348 PROBE_B_START program=low
1771419401807084585 PROBE_B_END program=low
1771419402009923289 PROBE_B_START program=low
1771419402019568527 PROBE_B_END program=low
1771419402222735435 PROBE_B_START program=low
1771419402232727358 PROBE_B_END program=low
1771419402435550395 PROBE_B_START program=low
1771419402444739816 PROBE_B_END program=low
1771419402647594909 PROBE_B_START program=low
1771419402657292943 PROBE_B_END program=low
1771419402860134406 PROBE_B_START program=low
1771419402869821680 PROBE_B_END program=low
1771419403072695995 PROBE_B_START program=low
1771419403082451066 PROBE_B_END program=low
1771419403285403529 PROBE_B_START program=low
1771419403295063489 PROBE_B_END program=low
1771419403497895341 PROBE_B_START program=low
1771419403507572356 PROBE_B_END program=low
1771419403710458875 PROBE_B_START program=low
1771419403720171742 PROBE_B_END program=low
1771419403923080112 PROBE_B_START program=low
1771419403932835424 PROBE_B_END program=low
1771419404135699017 PROBE_B_START program=low
1771419404145572421 PROBE_B_END program=low
1771419404348624995 PROBE_B_START program=low
1771419404357321583 PROBE_B_END program=low
1771419404560007472 PROBE_B_START program=low
1771419404569598875 PROBE_B_END program=low
1771419404772404302 PROBE_B_START program=low
1771419404781954205 PROBE_B_END program=low
1771419404984731261 PROBE_B_START program=low
1771419404994273702 PROBE_B_END program=low
1771419405196995868 PROBE_B_START program=low
1771419405206582902 PROBE_B_END program=low
1771419405409242735 PROBE_B_START program=low
1771419405417811619 PROBE_B_END program=low
1771419405620496211 PROBE_B_START program=low
1771419405629549966 PROBE_B_END program=low
1771419405832298540 PROBE_B_START program=low
1771419405841788258 PROBE_B_END program=low
1771419406044610666 PROBE_B_START program=low
1771419406054145940 PROBE_B_END program=low
1771419406256936144 PROBE_B_START program=low
1771419406266494510 PROBE_B_END program=low
1771419406469211548 PROBE_B_START program=low
1771419406477822042 PROBE_B_END program=low
1771419406680586968 PROBE_B_START program=low
1771419406690322335 PROBE_B_END program=low
1771419406893288484 PROBE_B_START program=low
1771419406902858813 PROBE_B_END program=low
1771419407105673980 PROBE_B_START program=low
1771419407115167810 PROBE_B_END program=low
1771419407317972051 PROBE_B_START program=low
1771419407327553158 PROBE_B_END program=low
1771419407530384399 PROBE_B_START program=low
1771419407540003469 PROBE_B_END program=low
1771419407742814451 PROBE_B_START program=low
1771419407752413836 PROBE_B_END program=low
1771419407955151429 PROBE_B_START program=low
1771419407964688981 PROBE_B_END program=low
1771419408167475129 PROBE_B_START program=low
1771419408177046903 PROBE_B_END program=low
1771419408379785570 PROBE_B_START program=low
1771419408389421473 PROBE_B_END program=low
1771419408592219492 PROBE_B_START program=low
1771419408601482914 PROBE_B_END program=low
1771419408804416581 PROBE_B_START program=low
1771419408814034948 PROBE_B_END program=low
1771419409016883411 PROBE_B_START program=low
1771419409026502481 PROBE_B_END program=low
1771419409229412130 PROBE_B_START program=low
1771419409239103848 PROBE_B_END program=low
1771419409442392571 PROBE_B_START program=low
1771419409452810958 PROBE_B_END program=low
1771419409655604773 PROBE_B_START program=low
1771419409665210677 PROBE_B_END program=low
1771419409867973621 PROBE_B_START program=low
1771419409877568636 PROBE_B_END program=low
1771419410080345821 PROBE_B_START program=low
1771419410089889058 PROBE_B_END program=low
1771419410292651188 PROBE_B_START program=low
1771419410302267888 PROBE_B_END program=low
1771419410505195462 PROBE_B_START program=low
1771419410514744829 PROBE_B_END program=low
1771419410717533514 PROBE_B_START program=low
1771419410727105677 PROBE_B_END program=low
1771419410929820621 PROBE_B_START program=low
1771419410938875524 PROBE_B_END program=low
1771419411141594598 PROBE_B_START program=low
1771419411151134947 PROBE_B_END program=low
1771419411353937373 PROBE_B_START program=low
1771419411363458480 PROBE_B_END program=low
1771419411566380184 PROBE_B_START program=low
1771419411576197162 PROBE_B_END program=low
1771419411779068051 PROBE_B_START program=low
1771419411788692177 PROBE_B_END program=low
1771419411991438844 PROBE_B_START program=low
1771419412001045340 PROBE_B_END program=low
1771419412203793822 PROBE_B_START program=low
1771419412213376170 PROBE_B_END program=low
1771419412416115762 PROBE_B_START program=low
1771419412425709740 PROBE_B_END program=low
1771419412628410166 PROBE_B_START program=low
1771419412637442699 PROBE_B_END program=low
1771419412840119884 PROBE_B_START program=low
1771419412849755769 PROBE_B_END program=low
1771419413052599991 PROBE_B_START program=low
1771419413062196784 PROBE_B_END program=low
1771419413265041136 PROBE_B_START program=low
1771419413274692132 PROBE_B_END program=low
1771419413477533003 PROBE_B_START program=low
1771419413487209740 PROBE_B_END program=low
1771419413689944907 PROBE_B_START program=low
1771419413698708883 PROBE_B_END program=low
1771419413901496550 PROBE_B_START program=low
1771419413911157583 PROBE_B_END program=low
1771419414114009787 PROBE_B_START program=low
1771419414123738284 PROBE_B_END program=low
1771419414326537580 PROBE_B_START program=low
1771419414336146910 PROBE_B_END program=low
1771419414539026447 PROBE_B_START program=low
1771419414548786684 PROBE_B_END program=low
1771419414751613573 PROBE_B_START program=low
1771419414761296366 PROBE_B_END program=low
1771419414964100181 PROBE_B_START program=low
1771419414973678381 PROBE_B_END program=low
1771419415176535622 PROBE_B_START program=low
1771419415186139785 PROBE_B_END program=low
1771419415389079915 PROBE_B_START program=low
1771419415398711800 PROBE_B_END program=low
1771419415601569911 PROBE_B_START program=low
1771419415611313167 PROBE_B_END program=low
1771419415814195352 PROBE_B_START program=low
1771419415928163733 PROBE_B_END program=low
1771419416131034048 PROBE_B_START program=low
1771419416140846545 PROBE_B_END program=low
1771419416343659878 PROBE_B_START program=low
1771419416352869781 PROBE_B_END program=low
1771419416555625152 PROBE_B_START program=low
1771419416565305574 PROBE_B_END program=low
1771419416768060463 PROBE_B_START program=low
1771419416776748902 PROBE_B_END program=low
1771419416979483884 PROBE_B_START program=low
1771419416989175713 PROBE_B_END program=low
1771419417192073602 PROBE_B_START program=low
1771419417201765099 PROBE_B_END program=low
1771419417404576525 PROBE_B_START program=low
1771419417414270373 PROBE_B_END program=low
1771419417617216485 PROBE_B_START program=low
1771419417626798481 PROBE_B_END program=low
1771419417829489444 PROBE_B_START program=low
1771419417838157309 PROBE_B_END program=low
1771419418040988828 PROBE_B_START program=low
1771419418050633843 PROBE_B_END program=low
1771419418253474546 PROBE_B_START program=low
1771419418263147913 PROBE_B_END program=low
1771419418465944061 PROBE_B_START program=low
1771419418475620113 PROBE_B_END program=low
1771419418678609373 PROBE_B_START program=low
1771419418688231129 PROBE_B_END program=low
1771419418891142129 PROBE_B_START program=low
1771419418900847736 PROBE_B_END program=low
1771419419103771607 R2_IDLE_C seconds=30 actions=B
1771419449107655641 SKIP_PROBE_C seconds=60
