1770656563627955676 BGIO_START runtime=300s dir=/home/observer/project/day9/workdir/bgio job=/home/observer/project/day9/scripts/bgio.fio
bgio: (g=0): rw=write, bs=(R) 64.0KiB-64.0KiB, (W) 64.0KiB-64.0KiB, (T) 64.0KiB-64.0KiB, ioengine=libaio, iodepth=1
fio-3.39
Starting 1 process
bgio: Laying out IO file (1 file / 64MiB)
1770656863626996306 BGIO_STOP_REQUEST
1770656863628998197 BGIO_STOP pid=451273
1770656863630182106 BGIO_STOP_DONE pid=451273

bgio: (groupid=0, jobs=1): err= 0: pid=451289: Mon Feb  9 19:07:43 2026
  write: IOPS=3, BW=256KiB/s (262kB/s)(75.0MiB/300001msec); 0 zone resets
    slat (usec): min=50, max=4016, avg=81.04, stdev=121.60
    clat (usec): min=1535, max=137087, avg=3434.57, stdev=6815.98
     lat (usec): min=1621, max=137159, avg=3515.61, stdev=6816.91
    clat percentiles (usec):
     |  1.00th=[  1598],  5.00th=[  1680], 10.00th=[  1680], 20.00th=[  1696],
     | 30.00th=[  1696], 40.00th=[  2442], 50.00th=[  3097], 60.00th=[  3130],
     | 70.00th=[  3163], 80.00th=[  3261], 90.00th=[  3392], 95.00th=[  5014],
     | 99.00th=[ 26870], 99.50th=[ 38011], 99.90th=[135267], 99.95th=[137364],
     | 99.99th=[137364]
   bw (  KiB/s): min=  128, max=  384, per=100.00%, avg=256.21, stdev=18.87, samples=599
   iops        : min=    2, max=    6, avg= 4.00, stdev= 0.29, samples=599
  lat (msec)   : 2=39.75%, 4=53.08%, 10=4.75%, 20=1.17%, 50=0.92%
  lat (msec)   : 100=0.17%, 250=0.17%
  cpu          : usr=0.01%, sys=0.03%, ctx=2409, majf=0, minf=7
  IO depths    : 1=100.0%, 2=0.0%, 4=0.0%, 8=0.0%, 16=0.0%, 32=0.0%, >=64=0.0%
     submit    : 0=0.0%, 4=100.0%, 8=0.0%, 16=0.0%, 32=0.0%, 64=0.0%, >=64=0.0%
     complete  : 0=0.0%, 4=100.0%, 8=0.0%, 16=0.0%, 32=0.0%, 64=0.0%, >=64=0.0%
     issued rwts: total=0,1200,0,0 short=0,0,0,0 dropped=0,0,0,0
     latency   : target=0, window=0, percentile=100.00%, depth=1

Run status group 0 (all jobs):
  WRITE: bw=256KiB/s (262kB/s), 256KiB/s-256KiB/s (262kB/s-262kB/s), io=75.0MiB (78.6MB), run=300001-300001msec

Disk stats (read/write):
  mmcblk0: ios=0/1391, sectors=0/156696, merge=0/184, ticks=0/4786, in_queue=4786, util=1.40%
