1771949744895496347 R2_IDLE_A seconds=60 actions=B_SKELETON
1771949804897426672 SKIP_PROBE_A seconds=60
1771949864899251674 R2_IDLE_B seconds=30 actions=B_SKELETON
1771949894903240494 PROBE_B_START program=low
1771949894906358392 PROBE_B_END program=low
1771949895109186292 PROBE_B_START program=low
1771949895112293098 PROBE_B_END program=low
1771949895315136424 PROBE_B_START program=low
1771949895318307100 PROBE_B_END program=low
1771949895521137205 PROBE_B_START program=low
1771949895524164288 PROBE_B_END program=low
1771949895727001022 PROBE_B_START program=low
1771949895730112587 PROBE_B_END program=low
1771949895932944987 PROBE_B_START program=low
1771949895936090960 PROBE_B_END program=low
1771949896138920916 PROBE_B_START program=low
1771949896142032296 PROBE_B_END program=low
1771949896344852308 PROBE_B_START program=low
1771949896348014595 PROBE_B_END program=low
1771949896550837792 PROBE_B_START program=low
1771949896553920042 PROBE_B_END program=low
1771949896756676887 PROBE_B_START program=low
1771949896759678544 PROBE_B_END program=low
1771949896962487649 PROBE_B_START program=low
1771949896965584898 PROBE_B_END program=low
1771949897168392855 PROBE_B_START program=low
1771949897171558031 PROBE_B_END program=low
1771949897374365951 PROBE_B_START program=low
1771949897377445108 PROBE_B_END program=low
1771949897580308602 PROBE_B_START program=low
1771949897583428833 PROBE_B_END program=low
1771949897786117382 PROBE_B_START program=low
1771949897788921483 PROBE_B_END program=low
1771949897991705403 PROBE_B_START program=low
1771949897994870023 PROBE_B_END program=low
1771949898197752258 PROBE_B_START program=low
1771949898200873545 PROBE_B_END program=low
1771949898403742724 PROBE_B_START program=low
1771949898406799011 PROBE_B_END program=low
1771949898609652783 PROBE_B_START program=low
1771949898612756051 PROBE_B_END program=low
1771949898815523416 PROBE_B_START program=low
1771949898818601147 PROBE_B_END program=low
1771949899021418733 PROBE_B_START program=low
1771949899024525687 PROBE_B_END program=low
1771949899227344366 PROBE_B_START program=low
1771949899230502542 PROBE_B_END program=low
1771949899433299481 PROBE_B_START program=low
1771949899436392397 PROBE_B_END program=low
1771949899639212262 PROBE_B_START program=low
1771949899642307456 PROBE_B_END program=low
1771949899845009321 PROBE_B_START program=low
1771949899847843033 PROBE_B_END program=low
1771949900050649786 PROBE_B_START program=low
1771949900053803036 PROBE_B_END program=low
1771949900256644475 PROBE_B_START program=low
1771949900259808281 PROBE_B_END program=low
1771949900462649146 PROBE_B_START program=low
1771949900465774766 PROBE_B_END program=low
1771949900668573520 PROBE_B_START program=low
1771949900671736066 PROBE_B_END program=low
1771949900874442023 PROBE_B_START program=low
1771949900877275606 PROBE_B_END program=low
1771949901080055674 PROBE_B_START program=low
1771949901083198406 PROBE_B_END program=low
1771949901286078364 PROBE_B_START program=low
1771949901289191965 PROBE_B_END program=low
1771949901492022071 PROBE_B_START program=low
1771949901495174840 PROBE_B_END program=low
1771949901698416021 PROBE_B_START program=low
1771949901701751568 PROBE_B_END program=low
1771949901904431840 PROBE_B_START program=low
1771949901907323089 PROBE_B_END program=low
1771949902110088732 PROBE_B_START program=low
1771949902113241130 PROBE_B_END program=low
1771949902316093866 PROBE_B_START program=low
1771949902319352598 PROBE_B_END program=low
1771949902522680076 PROBE_B_START program=low
1771949902525959863 PROBE_B_END program=low
1771949902729251971 PROBE_B_START program=low
1771949902732315572 PROBE_B_END program=low
1771949902935047159 PROBE_B_START program=low
1771949902938014020 PROBE_B_END program=low
1771949903140764663 PROBE_B_START program=low
1771949903143827005 PROBE_B_END program=low
1771949903346635834 PROBE_B_START program=low
1771949903349734750 PROBE_B_END program=low
1771949903552546672 PROBE_B_START program=low
1771949903555673329 PROBE_B_END program=low
1771949903758530121 PROBE_B_START program=low
1771949903761514944 PROBE_B_END program=low
1771949903964269735 PROBE_B_START program=low
1771949903967477541 PROBE_B_END program=low
1771949904170346370 PROBE_B_START program=low
1771949904173504009 PROBE_B_END program=low
1771949904376373949 PROBE_B_START program=low
1771949904379557310 PROBE_B_END program=low
1771949904582513954 PROBE_B_START program=low
1771949904585739260 PROBE_B_END program=low
1771949904788661348 PROBE_B_START program=low
1771949904791900469 PROBE_B_END program=low
1771949904994698631 PROBE_B_START program=low
1771949904997770214 PROBE_B_END program=low
1771949905200594580 PROBE_B_START program=low
1771949905203810052 PROBE_B_END program=low
1771949905406711141 PROBE_B_START program=low
1771949905409955706 PROBE_B_END program=low
1771949905612883610 PROBE_B_START program=low
1771949905616085249 PROBE_B_END program=low
1771949905819002374 PROBE_B_START program=low
1771949905822207698 PROBE_B_END program=low
1771949906025001657 PROBE_B_START program=low
1771949906027954406 PROBE_B_END program=low
1771949906230782328 PROBE_B_START program=low
1771949906233993801 PROBE_B_END program=low
1771949906436895519 PROBE_B_START program=low
1771949906440137566 PROBE_B_END program=low
1771949906643062006 PROBE_B_START program=low
1771949906646266664 PROBE_B_END program=low
1771949906849204753 PROBE_B_START program=low
1771949906852357336 PROBE_B_END program=low
1771949907055148739 PROBE_B_START program=low
1771949907058120063 PROBE_B_END program=low
1771949907260984189 PROBE_B_START program=low
1771949907264210124 PROBE_B_END program=low
1771949907467119806 PROBE_B_START program=low
1771949907470339223 PROBE_B_END program=low
1771949907673209571 PROBE_B_START program=low
1771949907676370988 PROBE_B_END program=low
1771949907879325355 PROBE_B_START program=low
1771949907882533031 PROBE_B_END program=low
1771949908085395120 PROBE_B_START program=low
1771949908088403036 PROBE_B_END program=low
1771949908291282292 PROBE_B_START program=low
1771949908294533190 PROBE_B_END program=low
1771949908497462261 PROBE_B_START program=low
1771949908500658066 PROBE_B_END program=low
1771949908703593174 PROBE_B_START program=low
1771949908706805221 PROBE_B_END program=low
1771949908909720606 PROBE_B_START program=low
1771949908912881060 PROBE_B_END program=low
1771949909115616575 PROBE_B_START program=low
1771949909118506435 PROBE_B_END program=low
1771949909321246432 PROBE_B_START program=low
1771949909324370626 PROBE_B_END program=low
1771949909527207530 PROBE_B_START program=low
1771949909530300280 PROBE_B_END program=low
1771949909733132054 PROBE_B_START program=low
1771949909736185767 PROBE_B_END program=low
1771949909939005393 PROBE_B_START program=low
1771949909942074180 PROBE_B_END program=low
1771949910144747602 PROBE_B_START program=low
1771949910147604074 PROBE_B_END program=low
1771949910350302515 PROBE_B_START program=low
1771949910353432487 PROBE_B_END program=low
1771949910556286521 PROBE_B_START program=low
1771949910559453438 PROBE_B_END program=low
1771949910762339101 PROBE_B_START program=low
1771949910765452481 PROBE_B_END program=low
1771949910968295830 PROBE_B_START program=low
1771949910971430802 PROBE_B_END program=low
1771949911174289243 PROBE_B_START program=low
1771949911177324011 PROBE_B_END program=low
1771949911380161268 PROBE_B_START program=low
1771949911383415444 PROBE_B_END program=low
1771949911586470701 PROBE_B_START program=low
1771949911589826248 PROBE_B_END program=low
1771949911792910839 PROBE_B_START program=low
1771949911796017477 PROBE_B_END program=low
1771949911998907697 PROBE_B_START program=low
1771949912002042299 PROBE_B_END program=low
1771949912204806611 PROBE_B_START program=low
1771949912207783397 PROBE_B_END program=low
1771949912410534653 PROBE_B_START program=low
1771949912413596144 PROBE_B_END program=low
1771949912616389456 PROBE_B_START program=low
1771949912619536243 PROBE_B_END program=low
1771949912822297796 PROBE_B_START program=low
1771949912825335286 PROBE_B_END program=low
1771949913028134506 PROBE_B_START program=low
1771949913031218811 PROBE_B_END program=low
1771949913233913864 PROBE_B_START program=low
1771949913236774539 PROBE_B_END program=low
1771949913439543573 PROBE_B_START program=low
1771949913442683397 PROBE_B_END program=low
1771949913645512876 PROBE_B_START program=low
1771949913648611941 PROBE_B_END program=low
1771949913851447939 PROBE_B_START program=low
1771949913854571744 PROBE_B_END program=low
1771949914057408279 PROBE_B_START program=low
1771949914060554103 PROBE_B_END program=low
1771949914263211359 PROBE_B_START program=low
1771949914266065923 PROBE_B_END program=low
1771949914468842291 PROBE_B_START program=low
1771949914472006504 PROBE_B_END program=low
1771949914674859521 PROBE_B_START program=low
1771949914677948456 PROBE_B_END program=low
1771949914880799417 PROBE_B_START program=low
1771949914883929444 PROBE_B_END program=low
1771949915086742109 PROBE_B_START program=low
1771949915089860544 PROBE_B_END program=low
1771949915292609023 PROBE_B_START program=low
1771949915295619662 PROBE_B_END program=low
1771949915498374622 PROBE_B_START program=low
1771949915501448076 PROBE_B_END program=low
1771949915704309278 PROBE_B_START program=low
1771949915707467583 PROBE_B_END program=low
1771949915910240544 PROBE_B_START program=low
1771949915913363683 PROBE_B_END program=low
1771949916116243755 PROBE_B_START program=low
1771949916119380042 PROBE_B_END program=low
1771949916322180226 PROBE_B_START program=low
1771949916325168012 PROBE_B_END program=low
1771949916527983955 PROBE_B_START program=low
1771949916531183612 PROBE_B_END program=low
1771949916734035259 PROBE_B_START program=low
1771949916737164879 PROBE_B_END program=low
1771949916939987340 PROBE_B_START program=low
1771949916943115257 PROBE_B_END program=low
1771949917145965403 PROBE_B_START program=low
1771949917149040246 PROBE_B_END program=low
1771949917351792170 PROBE_B_START program=low
1771949917354769697 PROBE_B_END program=low
1771949917557584788 PROBE_B_START program=low
1771949917560685205 PROBE_B_END program=low
1771949917763480388 PROBE_B_START program=low
1771949917766596749 PROBE_B_END program=low
1771949917969430785 PROBE_B_START program=low
1771949917972545257 PROBE_B_END program=low
1771949918175352626 PROBE_B_START program=low
1771949918178490172 PROBE_B_END program=low
1771949918381178171 PROBE_B_START program=low
1771949918384061216 PROBE_B_END program=low
1771949918586840900 PROBE_B_START program=low
1771949918589939020 PROBE_B_END program=low
1771949918792730982 PROBE_B_START program=low
1771949918795870935 PROBE_B_END program=low
1771949918998794268 PROBE_B_START program=low
1771949919001831017 PROBE_B_END program=low
1771949919204786924 PROBE_B_START program=low
1771949919207977655 PROBE_B_END program=low
1771949919410811562 PROBE_B_START program=low
1771949919413795848 PROBE_B_END program=low
1771949919616473625 PROBE_B_START program=low
1771949919619476041 PROBE_B_END program=low
1771949919822251206 PROBE_B_START program=low
1771949919825519383 PROBE_B_END program=low
1771949920028433104 PROBE_B_START program=low
1771949920031647724 PROBE_B_END program=low
1771949920234599168 PROBE_B_START program=low
1771949920237789067 PROBE_B_END program=low
1771949920440817474 PROBE_B_START program=low
1771949920444085039 PROBE_B_END program=low
1771949920647210261 PROBE_B_START program=low
1771949920650603530 PROBE_B_END program=low
1771949920853589178 PROBE_B_START program=low
1771949920856815336 PROBE_B_END program=low
1771949921059721909 PROBE_B_START program=low
1771949921062956178 PROBE_B_END program=low
1771949921265843622 PROBE_B_START program=low
1771949921269037928 PROBE_B_END program=low
1771949921471813279 PROBE_B_START program=low
1771949921474747306 PROBE_B_END program=low
1771949921677612657 PROBE_B_START program=low
1771949921680741203 PROBE_B_END program=low
1771949921883666277 PROBE_B_START program=low
1771949921886861583 PROBE_B_END program=low
1771949922089775638 PROBE_B_START program=low
1771949922092947592 PROBE_B_END program=low
1771949922295820166 PROBE_B_START program=low
1771949922299063916 PROBE_B_END program=low
1771949922501833138 PROBE_B_START program=low
1771949922504708739 PROBE_B_END program=low
1771949922707495090 PROBE_B_START program=low
1771949922710718933 PROBE_B_END program=low
1771949922913668914 PROBE_B_START program=low
1771949922916846535 PROBE_B_END program=low
1771949923119718979 PROBE_B_START program=low
1771949923122915229 PROBE_B_END program=low
1771949923325778599 PROBE_B_START program=low
1771949923328942942 PROBE_B_END program=low
1771949923531720905 PROBE_B_START program=low
1771949923534621413 PROBE_B_END program=low
1771949923737479506 PROBE_B_START program=low
1771949923740660422 PROBE_B_END program=low
1771949923943613404 PROBE_B_START program=low
1771949923946824413 PROBE_B_END program=low
1771949924149770025 PROBE_B_START program=low
1771949924152964220 PROBE_B_END program=low
1771949924355919183 PROBE_B_START program=low
1771949924359136692 PROBE_B_END program=low
1771949924561884507 PROBE_B_START program=low
1771949924564773145 PROBE_B_END program=low
1771949924767821961 PROBE_B_START program=low
1771949924771330545 PROBE_B_END program=low
1771949924974283805 PROBE_B_START program=low
1771949924977456592 PROBE_B_END program=low
1771949925180429981 PROBE_B_START program=low
1771949925183634398 PROBE_B_END program=low
1771949925386558028 PROBE_B_START program=low
1771949925389767371 PROBE_B_END program=low
1771949925592511593 PROBE_B_START program=low
1771949925595429990 PROBE_B_END program=low
1771949925798274935 PROBE_B_START program=low
1771949925801458574 PROBE_B_END program=low
1771949926004382593 PROBE_B_START program=low
1771949926007626417 PROBE_B_END program=low
1771949926210519696 PROBE_B_START program=low
1771949926213689983 PROBE_B_END program=low
1771949926416608410 PROBE_B_START program=low
1771949926419826493 PROBE_B_END program=low
1771949926622698957 PROBE_B_START program=low
1771949926625756688 PROBE_B_END program=low
1771949926828640189 PROBE_B_START program=low
1771949926831851624 PROBE_B_END program=low
1771949927034751884 PROBE_B_START program=low
1771949927037983060 PROBE_B_END program=low
1771949927240839709 PROBE_B_START program=low
1771949927244054255 PROBE_B_END program=low
1771949927446982386 PROBE_B_START program=low
1771949927450190247 PROBE_B_END program=low
1771949927653168823 PROBE_B_START program=low
1771949927656369776 PROBE_B_END program=low
1771949927859294129 PROBE_B_START program=low
1771949927862501287 PROBE_B_END program=low
1771949928065395880 PROBE_B_START program=low
1771949928068582964 PROBE_B_END program=low
1771949928271500687 PROBE_B_START program=low
1771949928274733696 PROBE_B_END program=low
1771949928477676735 PROBE_B_START program=low
1771949928480869152 PROBE_B_END program=low
1771949928683850357 PROBE_B_START program=low
1771949928687093607 PROBE_B_END program=low
1771949928890281590 PROBE_B_START program=low
1771949928893771767 PROBE_B_END program=low
1771949929096958806 PROBE_B_START program=low
1771949929100246038 PROBE_B_END program=low
1771949929303182021 PROBE_B_START program=low
1771949929306360993 PROBE_B_END program=low
1771949929509270476 PROBE_B_START program=low
1771949929512461763 PROBE_B_END program=low
1771949929715233412 PROBE_B_START program=low
1771949929718091847 PROBE_B_END program=low
1771949929920899552 PROBE_B_START program=low
1771949929924115209 PROBE_B_END program=low
1771949930127074526 PROBE_B_START program=low
1771949930130314387 PROBE_B_END program=low
1771949930333177833 PROBE_B_START program=low
1771949930336335824 PROBE_B_END program=low
1771949930539218399 PROBE_B_START program=low
1771949930542425686 PROBE_B_END program=low
1771949930745181613 PROBE_B_START program=low
1771949930748084326 PROBE_B_END program=low
1771949930950959938 PROBE_B_START program=low
1771949930954122614 PROBE_B_END program=low
1771949931157049875 PROBE_B_START program=low
1771949931160311218 PROBE_B_END program=low
1771949931363208757 PROBE_B_START program=low
1771949931366416600 PROBE_B_END program=low
1771949931569290416 PROBE_B_START program=low
1771949931572446110 PROBE_B_END program=low
1771949931775216482 PROBE_B_START program=low
1771949931778174491 PROBE_B_END program=low
1771949931980963752 PROBE_B_START program=low
1771949931984228206 PROBE_B_END program=low
1771949932187150171 PROBE_B_START program=low
1771949932190337272 PROBE_B_END program=low
1771949932393203571 PROBE_B_START program=low
1771949932396354747 PROBE_B_END program=low
1771949932599199230 PROBE_B_START program=low
1771949932602401406 PROBE_B_END program=low
1771949932805156482 PROBE_B_START program=low
1771949932808048897 PROBE_B_END program=low
1771949933010931455 PROBE_B_START program=low
1771949933014143964 PROBE_B_END program=low
1771949933217062374 PROBE_B_START program=low
1771949933220284124 PROBE_B_END program=low
1771949933423240867 PROBE_B_START program=low
1771949933426463451 PROBE_B_END program=low
1771949933629344212 PROBE_B_START program=low
1771949933632499277 PROBE_B_END program=low
1771949933835295742 PROBE_B_START program=low
1771949933838334899 PROBE_B_END program=low
1771949934041183531 PROBE_B_START program=low
1771949934044418633 PROBE_B_END program=low
1771949934247314802 PROBE_B_START program=low
1771949934250538404 PROBE_B_END program=low
1771949934453399851 PROBE_B_START program=low
1771949934456563675 PROBE_B_END program=low
1771949934659444992 PROBE_B_START program=low
1771949934662661983 PROBE_B_END program=low
1771949934865706078 PROBE_B_START program=low
1771949934868935995 PROBE_B_END program=low
1771949935071858683 PROBE_B_START program=low
1771949935075123729 PROBE_B_END program=low
1771949935278100751 PROBE_B_START program=low
1771949935281293593 PROBE_B_END program=low
1771949935484234226 PROBE_B_START program=low
1771949935487469865 PROBE_B_END program=low
1771949935690420571 PROBE_B_START program=low
1771949935693620562 PROBE_B_END program=low
1771949935896643417 PROBE_B_START program=low
1771949935899893149 PROBE_B_END program=low
1771949936102772892 PROBE_B_START program=low
1771949936105957401 PROBE_B_END program=low
1771949936308825811 PROBE_B_START program=low
1771949936312088191 PROBE_B_END program=low
1771949936514954713 PROBE_B_START program=low
1771949936518178241 PROBE_B_END program=low
1771949936721085040 PROBE_B_START program=low
1771949936724294475 PROBE_B_END program=low
1771949936927344201 PROBE_B_START program=low
1771949936930601284 PROBE_B_END program=low
1771949937133520861 PROBE_B_START program=low
1771949937136689463 PROBE_B_END program=low
1771949937339727726 PROBE_B_START program=low
1771949937343294718 PROBE_B_END program=low
1771949937546416647 PROBE_B_START program=low
1771949937549662712 PROBE_B_END program=low
1771949937752583530 PROBE_B_START program=low
1771949937755776892 PROBE_B_END program=low
1771949937958668598 PROBE_B_START program=low
1771949937961746274 PROBE_B_END program=low
1771949938164593703 PROBE_B_START program=low
1771949938167787879 PROBE_B_END program=low
1771949938370685160 PROBE_B_START program=low
1771949938373855521 PROBE_B_END program=low
1771949938576725487 PROBE_B_START program=low
1771949938579930145 PROBE_B_END program=low
1771949938782837278 PROBE_B_START program=low
1771949938786039009 PROBE_B_END program=low
1771949938988925494 PROBE_B_START program=low
1771949938991993577 PROBE_B_END program=low
1771949939194839247 PROBE_B_START program=low
1771949939198096164 PROBE_B_END program=low
1771949939400949556 PROBE_B_START program=low
1771949939404179491 PROBE_B_END program=low
1771949939607101106 PROBE_B_START program=low
1771949939610359727 PROBE_B_END program=low
1771949939813399953 PROBE_B_START program=low
1771949939816824907 PROBE_B_END program=low
1771949940019589318 PROBE_B_START program=low
1771949940022506604 PROBE_B_END program=low
1771949940225313385 PROBE_B_START program=low
1771949940228472043 PROBE_B_END program=low
1771949940431349990 PROBE_B_START program=low
1771949940434561259 PROBE_B_END program=low
1771949940637488541 PROBE_B_START program=low
1771949940640684717 PROBE_B_END program=low
1771949940843655239 PROBE_B_START program=low
1771949940846869026 PROBE_B_END program=low
1771949941049765956 PROBE_B_START program=low
1771949941052769354 PROBE_B_END program=low
1771949941255648913 PROBE_B_START program=low
1771949941258825070 PROBE_B_END program=low
1771949941461715685 PROBE_B_START program=low
1771949941464839343 PROBE_B_END program=low
1771949941667718939 PROBE_B_START program=low
1771949941670924597 PROBE_B_END program=low
1771949941873907730 PROBE_B_START program=low
1771949941877061758 PROBE_B_END program=low
1771949942080058188 PROBE_B_START program=low
1771949942083302457 PROBE_B_END program=low
1771949942286235146 PROBE_B_START program=low
1771949942289410100 PROBE_B_END program=low
1771949942492317419 PROBE_B_START program=low
1771949942495554114 PROBE_B_END program=low
1771949942698445451 PROBE_B_START program=low
1771949942701686164 PROBE_B_END program=low
1771949942904595113 PROBE_B_START program=low
1771949942907796566 PROBE_B_END program=low
1771949943110807460 PROBE_B_START program=low
1771949943114010673 PROBE_B_END program=low
1771949943316963140 PROBE_B_START program=low
1771949943320170539 PROBE_B_END program=low
1771949943523102061 PROBE_B_START program=low
1771949943526294015 PROBE_B_END program=low
1771949943729147871 PROBE_B_START program=low
1771949943732361473 PROBE_B_END program=low
1771949943935279311 PROBE_B_START program=low
1771949943938525431 PROBE_B_END program=low
1771949944141522658 PROBE_B_START program=low
1771949944144714723 PROBE_B_END program=low
1771949944347696172 PROBE_B_START program=low
1771949944350932497 PROBE_B_END program=low
1771949944553885686 PROBE_B_START program=low
1771949944557095140 PROBE_B_END program=low
1771949944760037608 PROBE_B_START program=low
1771949944763268284 PROBE_B_END program=low
1771949944966240233 PROBE_B_START program=low
1771949944969491576 PROBE_B_END program=low
1771949945172462951 PROBE_B_START program=low
1771949945175720109 PROBE_B_END program=low
1771949945378667965 PROBE_B_START program=low
1771949945381874660 PROBE_B_END program=low
1771949945584811591 PROBE_B_START program=low
1771949945588231341 PROBE_B_END program=low
1771949945791210106 PROBE_B_START program=low
1771949945794346874 PROBE_B_END program=low
1771949945997146934 PROBE_B_START program=low
1771949946000335481 PROBE_B_END program=low
1771949946202987522 PROBE_B_START program=low
1771949946205755233 PROBE_B_END program=low
1771949946408478238 PROBE_B_START program=low
1771949946411448746 PROBE_B_END program=low
1771949946614189232 PROBE_B_START program=low
1771949946617301204 PROBE_B_END program=low
1771949946820157598 PROBE_B_START program=low
1771949946823243348 PROBE_B_END program=low
1771949947026091019 PROBE_B_START program=low
1771949947029125306 PROBE_B_END program=low
1771949947231864848 PROBE_B_START program=low
1771949947234868245 PROBE_B_END program=low
1771949947437657528 PROBE_B_START program=low
1771949947440761278 PROBE_B_END program=low
1771949947643578375 PROBE_B_START program=low
1771949947646543236 PROBE_B_END program=low
1771949947849319111 PROBE_B_START program=low
1771949947852434360 PROBE_B_END program=low
1771949948055299180 PROBE_B_START program=low
1771949948058442856 PROBE_B_END program=low
1771949948261250750 PROBE_B_START program=low
1771949948264337259 PROBE_B_END program=low
1771949948467212542 PROBE_B_START program=low
1771949948470424348 PROBE_B_END program=low
1771949948673316686 PROBE_B_START program=low
1771949948676530566 PROBE_B_END program=low
1771949948879454331 PROBE_B_START program=low
1771949948882639488 PROBE_B_END program=low
1771949949085500734 PROBE_B_START program=low
1771949949088663280 PROBE_B_END program=low
1771949949291603730 PROBE_B_START program=low
1771949949294836351 PROBE_B_END program=low
1771949949497798968 PROBE_B_START program=low
1771949949500977218 PROBE_B_END program=low
1771949949703867927 PROBE_B_START program=low
1771949949707048714 PROBE_B_END program=low
1771949949909998571 PROBE_B_START program=low
1771949949913285155 PROBE_B_END program=low
1771949950116120494 PROBE_B_START program=low
1771949950119254929 PROBE_B_END program=low
1771949950322207694 PROBE_B_START program=low
1771949950325336925 PROBE_B_END program=low
1771949950528174283 PROBE_B_START program=low
1771949950531326755 PROBE_B_END program=low
1771949950734212464 PROBE_B_START program=low
1771949950737328103 PROBE_B_END program=low
1771949950940217405 PROBE_B_START program=low
1771949950943403322 PROBE_B_END program=low
1771949951146251235 PROBE_B_START program=low
1771949951149399892 PROBE_B_END program=low
1771949951352346380 PROBE_B_START program=low
1771949951355506759 PROBE_B_END program=low
1771949951558302598 PROBE_B_START program=low
1771949951561435774 PROBE_B_END program=low
1771949951764301057 PROBE_B_START program=low
1771949951767419789 PROBE_B_END program=low
1771949951970244146 PROBE_B_START program=low
1771949951973372248 PROBE_B_END program=low
1771949952176248995 PROBE_B_START program=low
1771949952179407726 PROBE_B_END program=low
1771949952382362603 PROBE_B_START program=low
1771949952385527982 PROBE_B_END program=low
1771949952588411636 PROBE_B_START program=low
1771949952591564498 PROBE_B_END program=low
1771949952794393133 PROBE_B_START program=low
1771949952797489013 PROBE_B_END program=low
1771949953000295759 PROBE_B_START program=low
1771949953003494954 PROBE_B_END program=low
1771949953206420293 PROBE_B_START program=low
1771949953209618914 PROBE_B_END program=low
1771949953412648439 PROBE_B_START program=low
1771949953415842708 PROBE_B_END program=low
1771949953618775992 PROBE_B_START program=low
1771949953621970983 PROBE_B_END program=low
1771949953824882729 PROBE_B_START program=low
1771949953828082924 PROBE_B_END program=low
1771949954031032727 R2_IDLE_C seconds=30 actions=B_SKELETON
1771949984033044762 SKIP_PROBE_C seconds=60
