1770394135102280320 R2_IDLE_A seconds=60
1770394195106261703 PROBE_A_START program=LOW
1770394195119334653 PROBE_A_END program=LOW
1770394195322207186 PROBE_A_START program=LOW
1770394195334328653 PROBE_A_END program=LOW
1770394195537183019 PROBE_A_START program=LOW
1770394195549334690 PROBE_A_END program=LOW
1770394195752188870 PROBE_A_START program=LOW
1770394195764297930 PROBE_A_END program=LOW
1770394195967107555 PROBE_A_START program=LOW
1770394195979279541 PROBE_A_END program=LOW
1770394196182169425 PROBE_A_START program=LOW
1770394196194262819 PROBE_A_END program=LOW
1770394196397113758 PROBE_A_START program=LOW
1770394196409233540 PROBE_A_END program=LOW
1770394196612088591 PROBE_A_START program=LOW
1770394196624881616 PROBE_A_END program=LOW
1770394196827682500 PROBE_A_START program=LOW
1770394196839900560 PROBE_A_END program=LOW
1770394197042727129 PROBE_A_START program=LOW
1770394197055743154 PROBE_A_END program=LOW
1770394197258593427 PROBE_A_START program=LOW
1770394197270721524 PROBE_A_END program=LOW
1770394197473574945 PROBE_A_START program=LOW
1770394197485807246 PROBE_A_END program=LOW
1770394197688725112 PROBE_A_START program=LOW
1770394197701653525 PROBE_A_END program=LOW
1770394197904510594 PROBE_A_START program=LOW
1770394197916612599 PROBE_A_END program=LOW
1770394198119517427 PROBE_A_START program=LOW
1770394198131624617 PROBE_A_END program=LOW
1770394198334479149 PROBE_A_START program=LOW
1770394198347443878 PROBE_A_END program=LOW
1770394198550201632 PROBE_A_START program=LOW
1770394198564124418 PROBE_A_END program=LOW
1770394198766907654 PROBE_A_START program=LOW
1770394198779836104 PROBE_A_END program=LOW
1770394198982677118 PROBE_A_START program=LOW
1770394198995822643 PROBE_A_END program=LOW
1770394199198674694 PROBE_A_START program=LOW
1770394199210751050 PROBE_A_END program=LOW
1770394199413575804 PROBE_A_START program=LOW
1770394199426726996 PROBE_A_END program=LOW
1770394199629593695 PROBE_A_START program=LOW
1770394199641809218 PROBE_A_END program=LOW
1770394199844790899 PROBE_A_START program=LOW
1770394199857760220 PROBE_A_END program=LOW
1770394200060554456 PROBE_A_START program=LOW
1770394200072787571 PROBE_A_END program=LOW
1770394200275608919 PROBE_A_START program=LOW
1770394200288684369 PROBE_A_END program=LOW
1770394200491647402 PROBE_A_START program=LOW
1770394200504374611 PROBE_A_END program=LOW
1770394200707215940 PROBE_A_START program=LOW
1770394200720308335 PROBE_A_END program=LOW
1770394200923148867 PROBE_A_START program=LOW
1770394200936291151 PROBE_A_END program=LOW
1770394201139125184 PROBE_A_START program=LOW
1770394201151226485 PROBE_A_END program=LOW
1770394201354110647 PROBE_A_START program=LOW
1770394201366244170 PROBE_A_END program=LOW
1770394201569108332 PROBE_A_START program=LOW
1770394201582185856 PROBE_A_END program=LOW
1770394201785020722 PROBE_A_START program=LOW
1770394201797958636 PROBE_A_END program=LOW
1770394202000791001 PROBE_A_START program=LOW
1770394202013740341 PROBE_A_END program=LOW
1770394202216574206 PROBE_A_START program=LOW
1770394202229696898 PROBE_A_END program=LOW
1770394202432547393 PROBE_A_START program=LOW
1770394202445615048 PROBE_A_END program=LOW
1770394202648485562 PROBE_A_START program=LOW
1770394202660590048 PROBE_A_END program=LOW
1770394202863411043 PROBE_A_START program=LOW
1770394202875554196 PROBE_A_END program=LOW
1770394203078387746 PROBE_A_START program=LOW
1770394203091419827 PROBE_A_END program=LOW
1770394203294275063 PROBE_A_START program=LOW
1770394203306377993 PROBE_A_END program=LOW
1770394203509222396 PROBE_A_START program=LOW
1770394203522234810 PROBE_A_END program=LOW
1770394203725169009 PROBE_A_START program=LOW
1770394203737306735 PROBE_A_END program=LOW
1770394203940143805 PROBE_A_START program=LOW
1770394203952305810 PROBE_A_END program=LOW
1770394204155132527 PROBE_A_START program=LOW
1770394204169029646 PROBE_A_END program=LOW
1770394204371849142 PROBE_A_START program=LOW
1770394204384032479 PROBE_A_END program=LOW
1770394204586873808 PROBE_A_START program=LOW
1770394204599915574 PROBE_A_END program=LOW
1770394204802739884 PROBE_A_START program=LOW
1770394204814831240 PROBE_A_END program=LOW
1770394205017664958 PROBE_A_START program=LOW
1770394205030739575 PROBE_A_END program=LOW
1770394205233578256 PROBE_A_START program=LOW
1770394205245620816 PROBE_A_END program=LOW
1770394205448484700 PROBE_A_START program=LOW
1770394205461506725 PROBE_A_END program=LOW
1770394205664320387 PROBE_A_START program=LOW
1770394205676333373 PROBE_A_END program=LOW
1770394205879128849 PROBE_A_START program=LOW
1770394205892273430 PROBE_A_END program=LOW
1770394206095206944 PROBE_A_START program=LOW
1770394206108925859 PROBE_A_END program=LOW
1770394206311711336 PROBE_A_START program=LOW
1770394206323816877 PROBE_A_END program=LOW
1770394206526639558 PROBE_A_START program=LOW
1770394206538752433 PROBE_A_END program=LOW
1770394206741600873 PROBE_A_START program=LOW
1770394206753722988 PROBE_A_END program=LOW
1770394206956548836 PROBE_A_START program=LOW
1770394206968727044 PROBE_A_END program=LOW
1770394207171552502 PROBE_A_START program=LOW
1770394207184663286 PROBE_A_END program=LOW
1770394207387464097 PROBE_A_START program=LOW
1770394207400433362 PROBE_A_END program=LOW
1770394207603220839 PROBE_A_START program=LOW
1770394207615291251 PROBE_A_END program=LOW
1770394207818103802 PROBE_A_START program=LOW
1770394207831233993 PROBE_A_END program=LOW
1770394208034203489 PROBE_A_START program=LOW
1770394208046454549 PROBE_A_END program=LOW
1770394208249197378 PROBE_A_START program=LOW
1770394208261359142 PROBE_A_END program=LOW
1770394208464099581 PROBE_A_START program=LOW
1770394208476541401 PROBE_A_END program=LOW
1770394208679326119 PROBE_A_START program=LOW
1770394208692326347 PROBE_A_END program=LOW
1770394208895231343 PROBE_A_START program=LOW
1770394208908303979 PROBE_A_END program=LOW
1770394209111227067 PROBE_A_START program=LOW
1770394209124345573 PROBE_A_END program=LOW
1770394209327262403 PROBE_A_START program=LOW
1770394209339420352 PROBE_A_END program=LOW
1770394209542223106 PROBE_A_START program=LOW
1770394209554828149 PROBE_A_END program=LOW
1770394209757821274 PROBE_A_START program=LOW
1770394209770828336 PROBE_A_END program=LOW
1770394209973777443 PROBE_A_START program=LOW
1770394209988480378 PROBE_A_END program=LOW
1770394210191415022 PROBE_A_START program=LOW
1770394210204346658 PROBE_A_END program=LOW
1770394210407268524 PROBE_A_START program=LOW
1770394210420220400 PROBE_A_END program=LOW
1770394210623069599 PROBE_A_START program=LOW
1770394210636114939 PROBE_A_END program=LOW
1770394210838900360 PROBE_A_START program=LOW
1770394210852066089 PROBE_A_END program=LOW
1770394211054841140 PROBE_A_START program=LOW
1770394211066915700 PROBE_A_END program=LOW
1770394211269743084 PROBE_A_START program=LOW
1770394211284277760 PROBE_A_END program=LOW
1770394211487086034 PROBE_A_START program=LOW
1770394211500097984 PROBE_A_END program=LOW
1770394211702933517 PROBE_A_START program=LOW
1770394211715892152 PROBE_A_END program=LOW
1770394211918773204 PROBE_A_START program=LOW
1770394211931771210 PROBE_A_END program=LOW
1770394212134639335 PROBE_A_START program=LOW
1770394212147739897 PROBE_A_END program=LOW
1770394212350658559 PROBE_A_START program=LOW
1770394212362850101 PROBE_A_END program=LOW
1770394212565644300 PROBE_A_START program=LOW
1770394212578189491 PROBE_A_END program=LOW
1770394212781109542 PROBE_A_START program=LOW
1770394212793315602 PROBE_A_END program=LOW
1770394212996214283 PROBE_A_START program=LOW
1770394213008312028 PROBE_A_END program=LOW
1770394213211203598 PROBE_A_START program=LOW
1770394213224449846 PROBE_A_END program=LOW
1770394213427391045 PROBE_A_START program=LOW
1770394213441211349 PROBE_A_END program=LOW
1770394213644049289 PROBE_A_START program=LOW
1770394213657160610 PROBE_A_END program=LOW
1770394213860004865 PROBE_A_START program=LOW
1770394213872979279 PROBE_A_END program=LOW
1770394214075805663 PROBE_A_START program=LOW
1770394214087938594 PROBE_A_END program=LOW
1770394214290690589 PROBE_A_START program=LOW
1770394214302843131 PROBE_A_END program=LOW
1770394214505676997 PROBE_A_START program=LOW
1770394214518699077 PROBE_A_END program=LOW
1770394214721565073 PROBE_A_START program=LOW
1770394214733655874 PROBE_A_END program=LOW
1770394214936513092 PROBE_A_START program=LOW
1770394214948655374 PROBE_A_END program=LOW
1770394215151498444 PROBE_A_START program=LOW
1770394215165251544 PROBE_A_END program=LOW
1770394215368059354 PROBE_A_START program=LOW
1770394215380335081 PROBE_A_END program=LOW
1770394215583144558 PROBE_A_START program=LOW
1770394215596352417 PROBE_A_END program=LOW
1770394215799175042 PROBE_A_START program=LOW
1770394215811253787 PROBE_A_END program=LOW
1770394216014042949 PROBE_A_START program=LOW
1770394216026965067 PROBE_A_END program=LOW
1770394216229808007 PROBE_A_START program=LOW
1770394216241941956 PROBE_A_END program=LOW
1770394216444785489 PROBE_A_START program=LOW
1770394216456898382 PROBE_A_END program=LOW
1770394216659729933 PROBE_A_START program=LOW
1770394216672812532 PROBE_A_END program=LOW
1770394216875648583 PROBE_A_START program=LOW
1770394216887814625 PROBE_A_END program=LOW
1770394217090624880 PROBE_A_START program=LOW
1770394217104574647 PROBE_A_END program=LOW
1770394217307390587 PROBE_A_START program=LOW
1770394217319656425 PROBE_A_END program=LOW
1770394217522477310 PROBE_A_START program=LOW
1770394217535566483 PROBE_A_END program=LOW
1770394217738386256 PROBE_A_START program=LOW
1770394217750477057 PROBE_A_END program=LOW
1770394217953291960 PROBE_A_START program=LOW
1770394217965396502 PROBE_A_END program=LOW
1770394218168199497 PROBE_A_START program=LOW
1770394218181286689 PROBE_A_END program=LOW
1770394218384179333 PROBE_A_START program=LOW
1770394218397203302 PROBE_A_END program=LOW
1770394218600102150 PROBE_A_START program=LOW
1770394218612278340 PROBE_A_END program=LOW
1770394218815189336 PROBE_A_START program=LOW
1770394218827359025 PROBE_A_END program=LOW
1770394219030422725 PROBE_A_START program=LOW
1770394219043711639 PROBE_A_END program=LOW
1770394219246611172 PROBE_A_START program=LOW
1770394219259640790 PROBE_A_END program=LOW
1770394219462552212 PROBE_A_START program=LOW
1770394219475676107 PROBE_A_END program=LOW
1770394219678553140 PROBE_A_START program=LOW
1770394219691695757 PROBE_A_END program=LOW
1770394219894543161 PROBE_A_START program=LOW
1770394219907534333 PROBE_A_END program=LOW
1770394220110426329 PROBE_A_START program=LOW
1770394220122564815 PROBE_A_END program=LOW
1770394220325442256 PROBE_A_START program=LOW
1770394220338496373 PROBE_A_END program=LOW
1770394220541387165 PROBE_A_START program=LOW
1770394220553584540 PROBE_A_END program=LOW
1770394220756548610 PROBE_A_START program=LOW
1770394220769529802 PROBE_A_END program=LOW
1770394220972532576 PROBE_A_START program=LOW
1770394220984684580 PROBE_A_END program=LOW
1770394221187510835 PROBE_A_START program=LOW
1770394221199674043 PROBE_A_END program=LOW
1770394221402516132 PROBE_A_START program=LOW
1770394221415633990 PROBE_A_END program=LOW
1770394221618501931 PROBE_A_START program=LOW
1770394221631566715 PROBE_A_END program=LOW
1770394221834348470 PROBE_A_START program=LOW
1770394221845987992 PROBE_A_END program=LOW
1770394222048816228 PROBE_A_START program=LOW
1770394222060953177 PROBE_A_END program=LOW
1770394222263694080 PROBE_A_START program=LOW
1770394222276369530 PROBE_A_END program=LOW
1770394222479144563 PROBE_A_START program=LOW
1770394222491315253 PROBE_A_END program=LOW
1770394222694312693 PROBE_A_START program=LOW
1770394222707136422 PROBE_A_END program=LOW
1770394222910014677 PROBE_A_START program=LOW
1770394222922184718 PROBE_A_END program=LOW
1770394223124914936 PROBE_A_START program=LOW
1770394223136577718 PROBE_A_END program=LOW
1770394223339388806 PROBE_A_START program=LOW
1770394223351597089 PROBE_A_END program=LOW
1770394223554325658 PROBE_A_START program=LOW
1770394223566004866 PROBE_A_END program=LOW
1770394223768713621 PROBE_A_START program=LOW
1770394223780444236 PROBE_A_END program=LOW
1770394223983225213 PROBE_A_START program=LOW
1770394223996337960 PROBE_A_END program=LOW
1770394224199038733 PROBE_A_START program=LOW
1770394224211555498 PROBE_A_END program=LOW
1770394224414344364 PROBE_A_START program=LOW
1770394224427390907 PROBE_A_END program=LOW
1770394224630301589 PROBE_A_START program=LOW
1770394224643863929 PROBE_A_END program=LOW
1770394224846675758 PROBE_A_START program=LOW
1770394224859681061 PROBE_A_END program=LOW
1770394225062493964 PROBE_A_START program=LOW
1770394225074648784 PROBE_A_END program=LOW
1770394225277513576 PROBE_A_START program=LOW
1770394225289630377 PROBE_A_END program=LOW
1770394225492521706 PROBE_A_START program=LOW
1770394225505545379 PROBE_A_END program=LOW
1770394225708375727 PROBE_A_START program=LOW
1770394225720549787 PROBE_A_END program=LOW
1770394225923342172 PROBE_A_START program=LOW
1770394225935440010 PROBE_A_END program=LOW
1770394226138302543 PROBE_A_START program=LOW
1770394226150467862 PROBE_A_END program=LOW
1770394226353304247 PROBE_A_START program=LOW
1770394226366113253 PROBE_A_END program=LOW
1770394226569120027 PROBE_A_START program=LOW
1770394226582245478 PROBE_A_END program=LOW
1770394226785082251 PROBE_A_START program=LOW
1770394226798074091 PROBE_A_END program=LOW
1770394227000897605 PROBE_A_START program=LOW
1770394227013025832 PROBE_A_END program=LOW
1770394227215849921 PROBE_A_START program=LOW
1770394227228063888 PROBE_A_END program=LOW
1770394227430888051 PROBE_A_START program=LOW
1770394227443015889 PROBE_A_END program=LOW
1770394227645811570 PROBE_A_START program=LOW
1770394227657930593 PROBE_A_END program=LOW
1770394227860798756 PROBE_A_START program=LOW
1770394227873719262 PROBE_A_END program=LOW
1770394228076532184 PROBE_A_START program=LOW
1770394228088614558 PROBE_A_END program=LOW
1770394228291404221 PROBE_A_START program=LOW
1770394228305198636 PROBE_A_END program=LOW
1770394228508046354 PROBE_A_START program=LOW
1770394228520166729 PROBE_A_END program=LOW
1770394228722957170 PROBE_A_START program=LOW
1770394228735095211 PROBE_A_END program=LOW
1770394228937921022 PROBE_A_START program=LOW
1770394228949975230 PROBE_A_END program=LOW
1770394229152811504 PROBE_A_START program=LOW
1770394229165882955 PROBE_A_END program=LOW
1770394229368735395 PROBE_A_START program=LOW
1770394229380875455 PROBE_A_END program=LOW
1770394229583729118 PROBE_A_START program=LOW
1770394229595856882 PROBE_A_END program=LOW
1770394229798709693 PROBE_A_START program=LOW
1770394229811711940 PROBE_A_END program=LOW
1770394230014608417 PROBE_A_START program=LOW
1770394230026708052 PROBE_A_END program=LOW
1770394230229609714 PROBE_A_START program=LOW
1770394230243694408 PROBE_A_END program=LOW
1770394230446554515 PROBE_A_START program=LOW
1770394230459610892 PROBE_A_END program=LOW
1770394230662435888 PROBE_A_START program=LOW
1770394230674476763 PROBE_A_END program=LOW
1770394230877320888 PROBE_A_START program=LOW
1770394230890438209 PROBE_A_END program=LOW
1770394231093282557 PROBE_A_START program=LOW
1770394231105515784 PROBE_A_END program=LOW
1770394231308312651 PROBE_A_START program=LOW
1770394231321425953 PROBE_A_END program=LOW
1770394231524202838 PROBE_A_START program=LOW
1770394231537297845 PROBE_A_END program=LOW
1770394231740375249 PROBE_A_START program=LOW
1770394231752569216 PROBE_A_END program=LOW
1770394231955426916 PROBE_A_START program=LOW
1770394231968378533 PROBE_A_END program=LOW
1770394232171329437 PROBE_A_START program=LOW
1770394232184106387 PROBE_A_END program=LOW
1770394232386947958 PROBE_A_START program=LOW
1770394232400057464 PROBE_A_END program=LOW
1770394232602907886 PROBE_A_START program=LOW
1770394232615160224 PROBE_A_END program=LOW
1770394232818011498 PROBE_A_START program=LOW
1770394232831207042 PROBE_A_END program=LOW
1770394233034060316 PROBE_A_START program=LOW
1770394233046198635 PROBE_A_END program=LOW
1770394233249036650 PROBE_A_START program=LOW
1770394233262029526 PROBE_A_END program=LOW
1770394233464885430 PROBE_A_START program=LOW
1770394233477812602 PROBE_A_END program=LOW
1770394233680631025 PROBE_A_START program=LOW
1770394233693021622 PROBE_A_END program=LOW
1770394233896145341 PROBE_A_START program=LOW
1770394233910392127 PROBE_A_END program=LOW
1770394234113431402 PROBE_A_START program=LOW
1770394234126458556 PROBE_A_END program=LOW
1770394234329315052 PROBE_A_START program=LOW
1770394234341434909 PROBE_A_END program=LOW
1770394234544234590 PROBE_A_START program=LOW
1770394234556339057 PROBE_A_END program=LOW
1770394234759177387 PROBE_A_START program=LOW
1770394234772205671 PROBE_A_END program=LOW
1770394234975049686 PROBE_A_START program=LOW
1770394234988258581 PROBE_A_END program=LOW
1770394235191104226 PROBE_A_START program=LOW
1770394235203286730 PROBE_A_END program=LOW
1770394235406126819 PROBE_A_START program=LOW
1770394235418237416 PROBE_A_END program=LOW
1770394235621100394 PROBE_A_START program=LOW
1770394235634038030 PROBE_A_END program=LOW
1770394235836892267 PROBE_A_START program=LOW
1770394235850879367 PROBE_A_END program=LOW
1770394236053726752 PROBE_A_START program=LOW
1770394236066748814 PROBE_A_END program=LOW
1770394236269608329 PROBE_A_START program=LOW
1770394236281705000 PROBE_A_END program=LOW
1770394236484536126 PROBE_A_START program=LOW
1770394236496711168 PROBE_A_END program=LOW
1770394236699578886 PROBE_A_START program=LOW
1770394236712624707 PROBE_A_END program=LOW
1770394236915429203 PROBE_A_START program=LOW
1770394236927566763 PROBE_A_END program=LOW
1770394237130491056 PROBE_A_START program=LOW
1770394237143590840 PROBE_A_END program=LOW
1770394237346446392 PROBE_A_START program=LOW
1770394237359876566 PROBE_A_END program=LOW
1770394237562817359 PROBE_A_START program=LOW
1770394237576420681 PROBE_A_END program=LOW
1770394237779121640 PROBE_A_START program=LOW
1770394237791739108 PROBE_A_END program=LOW
1770394237994481067 PROBE_A_START program=LOW
1770394238006147997 PROBE_A_END program=LOW
1770394238209026234 PROBE_A_START program=LOW
1770394238221175257 PROBE_A_END program=LOW
1770394238424110105 PROBE_A_START program=LOW
1770394238437107556 PROBE_A_END program=LOW
1770394238639928478 PROBE_A_START program=LOW
1770394238652583354 PROBE_A_END program=LOW
1770394238855347017 PROBE_A_START program=LOW
1770394238867061650 PROBE_A_END program=LOW
1770394239069933646 PROBE_A_START program=LOW
1770394239082059114 PROBE_A_END program=LOW
1770394239284964296 PROBE_A_START program=LOW
1770394239297883579 PROBE_A_END program=LOW
1770394239500717520 PROBE_A_START program=LOW
1770394239514594824 PROBE_A_END program=LOW
1770394239717501673 PROBE_A_START program=LOW
1770394239730550827 PROBE_A_END program=LOW
1770394239933436231 PROBE_A_START program=LOW
1770394239945596884 PROBE_A_END program=LOW
1770394240148486843 PROBE_A_START program=LOW
1770394240161522960 PROBE_A_END program=LOW
1770394240364430772 PROBE_A_START program=LOW
1770394240377531315 PROBE_A_END program=LOW
1770394240580422571 PROBE_A_START program=LOW
1770394240592560483 PROBE_A_END program=LOW
1770394240795397035 PROBE_A_START program=LOW
1770394240808432763 PROBE_A_END program=LOW
1770394241011327871 PROBE_A_START program=LOW
1770394241023443171 PROBE_A_END program=LOW
1770394241226386538 PROBE_A_START program=LOW
1770394241238664062 PROBE_A_END program=LOW
1770394241441737373 PROBE_A_START program=LOW
1770394241455088973 PROBE_A_END program=LOW
1770394241657992877 PROBE_A_START program=LOW
1770394241670158307 PROBE_A_END program=LOW
1770394241873041081 PROBE_A_START program=LOW
1770394241885239697 PROBE_A_END program=LOW
1770394242088095212 PROBE_A_START program=LOW
1770394242100364161 PROBE_A_END program=LOW
1770394242303249417 PROBE_A_START program=LOW
1770394242316269998 PROBE_A_END program=LOW
1770394242519222068 PROBE_A_START program=LOW
1770394242532365593 PROBE_A_END program=LOW
1770394242735210608 PROBE_A_START program=LOW
1770394242747444705 PROBE_A_END program=LOW
1770394242950375369 PROBE_A_START program=LOW
1770394242962561484 PROBE_A_END program=LOW
1770394243165475722 PROBE_A_START program=LOW
1770394243179224248 PROBE_A_END program=LOW
1770394243382116263 PROBE_A_START program=LOW
1770394243394300879 PROBE_A_END program=LOW
1770394243597171819 PROBE_A_START program=LOW
1770394243609332139 PROBE_A_END program=LOW
1770394243812204561 PROBE_A_START program=LOW
1770394243825261549 PROBE_A_END program=LOW
1770394244028246398 PROBE_A_START program=LOW
1770394244041352108 PROBE_A_END program=LOW
1770394244244253882 PROBE_A_START program=LOW
1770394244257353611 PROBE_A_END program=LOW
1770394244460252792 PROBE_A_START program=LOW
1770394244473179484 PROBE_A_END program=LOW
1770394244676128054 PROBE_A_START program=LOW
1770394244688241577 PROBE_A_END program=LOW
1770394244891116185 PROBE_A_START program=LOW
1770394244904285877 PROBE_A_END program=LOW
1770394245107194466 PROBE_A_START program=LOW
1770394245120027953 PROBE_A_END program=LOW
1770394245322827524 PROBE_A_START program=LOW
1770394245335004232 PROBE_A_END program=LOW
1770394245537848414 PROBE_A_START program=LOW
1770394245550072752 PROBE_A_END program=LOW
1770394245752940952 PROBE_A_START program=LOW
1770394245765088494 PROBE_A_END program=LOW
1770394245967932527 PROBE_A_START program=LOW
1770394245981011163 PROBE_A_END program=LOW
1770394246183832826 PROBE_A_START program=LOW
1770394246196081646 PROBE_A_END program=LOW
1770394246398882865 PROBE_A_START program=LOW
1770394246411986538 PROBE_A_END program=LOW
1770394246614838571 PROBE_A_START program=LOW
1770394246626954409 PROBE_A_END program=LOW
1770394246829813406 PROBE_A_START program=LOW
1770394246843724617 PROBE_A_END program=LOW
1770394247046713836 PROBE_A_START program=LOW
1770394247058844341 PROBE_A_END program=LOW
1770394247261686597 PROBE_A_START program=LOW
1770394247273832138 PROBE_A_END program=LOW
1770394247476667635 PROBE_A_START program=LOW
1770394247488803528 PROBE_A_END program=LOW
1770394247691630247 PROBE_A_START program=LOW
1770394247703789566 PROBE_A_END program=LOW
1770394247906563822 PROBE_A_START program=LOW
1770394247919739014 PROBE_A_END program=LOW
1770394248122561658 PROBE_A_START program=LOW
1770394248135570424 PROBE_A_END program=LOW
1770394248338416698 PROBE_A_START program=LOW
1770394248350596166 PROBE_A_END program=LOW
1770394248553417255 PROBE_A_START program=LOW
1770394248566533354 PROBE_A_END program=LOW
1770394248769372998 PROBE_A_START program=LOW
1770394248783344136 PROBE_A_END program=LOW
1770394248986099114 PROBE_A_START program=LOW
1770394248999015194 PROBE_A_END program=LOW
1770394249201842802 PROBE_A_START program=LOW
1770394249214985216 PROBE_A_END program=LOW
1770394249417827972 PROBE_A_START program=LOW
1770394249429904254 PROBE_A_END program=LOW
1770394249632723250 PROBE_A_START program=LOW
1770394249644903533 PROBE_A_END program=LOW
1770394249847737251 PROBE_A_START program=LOW
1770394249860670146 PROBE_A_END program=LOW
1770394250063470921 PROBE_A_START program=LOW
1770394250075664648 PROBE_A_END program=LOW
1770394250278483978 PROBE_A_START program=LOW
1770394250290485130 PROBE_A_END program=LOW
1770394250493318108 PROBE_A_START program=LOW
1770394250505371075 PROBE_A_END program=LOW
1770394250708083683 PROBE_A_START program=LOW
1770394250721853079 PROBE_A_END program=LOW
1770394250924668057 PROBE_A_START program=LOW
1770394250936860173 PROBE_A_END program=LOW
1770394251139676540 PROBE_A_START program=LOW
1770394251152756343 PROBE_A_END program=LOW
1770394251355555913 PROBE_A_START program=LOW
1770394251368698216 PROBE_A_END program=LOW
1770394251571566120 PROBE_A_START program=LOW
1770394251584650923 PROBE_A_END program=LOW
1770394251787523105 PROBE_A_START program=LOW
1770394251800481666 PROBE_A_END program=LOW
1770394252003283348 PROBE_A_START program=LOW
1770394252016285299 PROBE_A_END program=LOW
1770394252219110573 PROBE_A_START program=LOW
1770394252232247098 PROBE_A_END program=LOW
1770394252435076817 PROBE_A_START program=LOW
1770394252447687452 PROBE_A_END program=LOW
1770394252650492301 PROBE_A_START program=LOW
1770394252663864159 PROBE_A_END program=LOW
1770394252866683656 PROBE_A_START program=LOW
1770394252879859422 PROBE_A_END program=LOW
1770394253082663585 PROBE_A_START program=LOW
1770394253095627850 PROBE_A_END program=LOW
1770394253298447236 PROBE_A_START program=LOW
1770394253311507631 PROBE_A_END program=LOW
1770394253514323757 PROBE_A_START program=LOW
1770394253526416262 PROBE_A_END program=LOW
1770394253729255462 PROBE_A_START program=LOW
1770394253742303598 PROBE_A_END program=LOW
1770394253945137817 PROBE_A_START program=LOW
1770394253958028916 PROBE_A_END program=LOW
1770394254160858320 PROBE_A_START program=LOW
1770394254172986861 PROBE_A_END program=LOW
1770394254375835173 PROBE_A_START program=LOW
1770394254388797235 PROBE_A_END program=LOW
1770394254591642879 PROBE_A_START program=LOW
1770394254604618552 PROBE_A_END program=LOW
1770394254807389938 PROBE_A_START program=LOW
1770394254820332925 PROBE_A_END program=LOW
1770394255023061681 R2_IDLE_B seconds=30
1770394285026949847 PROBE_B_START program=LOW
1770394285173512218 PROBE_B_END program=LOW
1770394285376263049 PROBE_B_START program=LOW
1770394285434613697 PROBE_B_END program=LOW
1770394285637427398 PROBE_B_START program=LOW
1770394285701812651 PROBE_B_END program=LOW
1770394285904720370 PROBE_B_START program=LOW
1770394285966132061 PROBE_B_END program=LOW
1770394286168989966 PROBE_B_START program=LOW
1770394286202605845 PROBE_B_END program=LOW
1770394286405414380 PROBE_B_START program=LOW
1770394286440517891 PROBE_B_END program=LOW
1770394286643315647 PROBE_B_START program=LOW
1770394286680269773 PROBE_B_END program=LOW
1770394286883082863 PROBE_B_START program=LOW
1770394286919269914 PROBE_B_END program=LOW
1770394287122042541 PROBE_B_START program=LOW
1770394287156775885 PROBE_B_END program=LOW
1770394287359595734 PROBE_B_START program=LOW
1770394287455285064 PROBE_B_END program=LOW
1770394287658061895 PROBE_B_START program=LOW
1770394287760274238 PROBE_B_END program=LOW
1770394287963043939 PROBE_B_START program=LOW
1770394288039786807 PROBE_B_END program=LOW
1770394288242619583 PROBE_B_START program=LOW
1770394288314667220 PROBE_B_END program=LOW
1770394288517426291 PROBE_B_START program=LOW
1770394288590195356 PROBE_B_END program=LOW
1770394288792988668 PROBE_B_START program=LOW
1770394288865398028 PROBE_B_END program=LOW
1770394289068206322 PROBE_B_START program=LOW
1770394289171136277 PROBE_B_END program=LOW
1770394289373949590 PROBE_B_START program=LOW
1770394289428926565 PROBE_B_END program=LOW
1770394289631793896 PROBE_B_START program=LOW
1770394289687093946 PROBE_B_END program=LOW
1770394289889954554 PROBE_B_START program=LOW
1770394289944731029 PROBE_B_END program=LOW
1770394290147586230 PROBE_B_START program=LOW
1770394290200555905 PROBE_B_END program=LOW
1770394290403447829 PROBE_B_START program=LOW
1770394290458951138 PROBE_B_END program=LOW
1770394290661805117 PROBE_B_START program=LOW
1770394290717168389 PROBE_B_END program=LOW
1770394290919960776 PROBE_B_START program=LOW
1770394290971865078 PROBE_B_END program=LOW
1770394291174686669 PROBE_B_START program=LOW
1770394291228381456 PROBE_B_END program=LOW
1770394291431120064 PROBE_B_START program=LOW
1770394291483529294 PROBE_B_END program=LOW
1770394291686393032 PROBE_B_START program=LOW
1770394291740741580 PROBE_B_END program=LOW
1770394291943521707 PROBE_B_START program=LOW
1770394291996311678 PROBE_B_END program=LOW
1770394292199143769 PROBE_B_START program=LOW
1770394292253260686 PROBE_B_END program=LOW
1770394292456014036 PROBE_B_START program=LOW
1770394292549189510 PROBE_B_END program=LOW
1770394292752070359 PROBE_B_START program=LOW
1770394292814769812 PROBE_B_END program=LOW
1770394293017602958 PROBE_B_START program=LOW
1770394293070115410 PROBE_B_END program=LOW
1770394293272883648 PROBE_B_START program=LOW
1770394293327584659 PROBE_B_END program=LOW
1770394293530447046 PROBE_B_START program=LOW
1770394293583702777 PROBE_B_END program=LOW
1770394293786461738 PROBE_B_START program=LOW
1770394293841744250 PROBE_B_END program=LOW
1770394294044622211 PROBE_B_START program=LOW
1770394294099734445 PROBE_B_END program=LOW
1770394294302492591 PROBE_B_START program=LOW
1770394294359509996 PROBE_B_END program=LOW
1770394294562363438 PROBE_B_START program=LOW
1770394294620133919 PROBE_B_END program=LOW
1770394294822972027 PROBE_B_START program=LOW
1770394294879931673 PROBE_B_END program=LOW
1770394295082807337 PROBE_B_START program=LOW
1770394295138363962 PROBE_B_END program=LOW
1770394295341751257 PROBE_B_START program=LOW
1770394295405720323 PROBE_B_END program=LOW
1770394295608705969 PROBE_B_START program=LOW
1770394295645092001 PROBE_B_END program=LOW
1770394295848009425 PROBE_B_START program=LOW
1770394295946498909 PROBE_B_END program=LOW
1770394296149370018 PROBE_B_START program=LOW
1770394296398462826 PROBE_B_END program=LOW
1770394296601357342 PROBE_B_START program=LOW
1770394296682630942 PROBE_B_END program=LOW
1770394296885519254 PROBE_B_START program=LOW
1770394296943232975 PROBE_B_END program=LOW
1770394297146042621 PROBE_B_START program=LOW
1770394297201633783 PROBE_B_END program=LOW
1770394297404504558 PROBE_B_START program=LOW
1770394297457148066 PROBE_B_END program=LOW
1770394297660017768 PROBE_B_START program=LOW
1770394297717088784 PROBE_B_END program=LOW
1770394297919959041 PROBE_B_START program=LOW
1770394297974788997 PROBE_B_END program=LOW
1770394298177642050 PROBE_B_START program=LOW
1770394298234305751 PROBE_B_END program=LOW
1770394298437200804 PROBE_B_START program=LOW
1770394298490223035 PROBE_B_END program=LOW
1770394298693096255 PROBE_B_START program=LOW
1770394298750696198 PROBE_B_END program=LOW
1770394298953691381 PROBE_B_START program=LOW
1770394298989530802 PROBE_B_END program=LOW
1770394299192461522 PROBE_B_START program=LOW
1770394299226344123 PROBE_B_END program=LOW
1770394299429265936 PROBE_B_START program=LOW
1770394299527565790 PROBE_B_END program=LOW
1770394299730481955 PROBE_B_START program=LOW
1770394299807214638 PROBE_B_END program=LOW
1770394300010047932 PROBE_B_START program=LOW
1770394300084170925 PROBE_B_END program=LOW
1770394300286986052 PROBE_B_START program=LOW
1770394300344967941 PROBE_B_END program=LOW
1770394300548012902 PROBE_B_START program=LOW
1770394300603166914 PROBE_B_END program=LOW
1770394300806012060 PROBE_B_START program=LOW
1770394300863561040 PROBE_B_END program=LOW
1770394301066448001 PROBE_B_START program=LOW
1770394301118646638 PROBE_B_END program=LOW
1770394301321434987 PROBE_B_START program=LOW
1770394301376922556 PROBE_B_END program=LOW
1770394301579896962 PROBE_B_START program=LOW
1770394301635558494 PROBE_B_END program=LOW
1770394301838355751 PROBE_B_START program=LOW
1770394301890613480 PROBE_B_END program=LOW
1770394302093533385 PROBE_B_START program=LOW
1770394302129067527 PROBE_B_END program=LOW
1770394302331908654 PROBE_B_START program=LOW
1770394302365792923 PROBE_B_END program=LOW
1770394302568742717 PROBE_B_START program=LOW
1770394302604770564 PROBE_B_END program=LOW
1770394302807662469 PROBE_B_START program=LOW
1770394302904183894 PROBE_B_END program=LOW
1770394303106989929 PROBE_B_START program=LOW
1770394303179492159 PROBE_B_END program=LOW
1770394303382343990 PROBE_B_START program=LOW
1770394303454263165 PROBE_B_END program=LOW
1770394303657065514 PROBE_B_START program=LOW
1770394303733044474 PROBE_B_END program=LOW
1770394303935924342 PROBE_B_START program=LOW
1770394303997261830 PROBE_B_END program=LOW
1770394304200068938 PROBE_B_START program=LOW
1770394304256123138 PROBE_B_END program=LOW
1770394304458915895 PROBE_B_START program=LOW
1770394304514139852 PROBE_B_END program=LOW
1770394304717060461 PROBE_B_START program=LOW
1770394304776604853 PROBE_B_END program=LOW
1770394304979442165 PROBE_B_START program=LOW
1770394305034993901 PROBE_B_END program=LOW
1770394305237892251 PROBE_B_START program=LOW
1770394305276437065 PROBE_B_END program=LOW
1770394305479276989 PROBE_B_START program=LOW
1770394305513165516 PROBE_B_END program=LOW
1770394305716017310 PROBE_B_START program=LOW
1770394305751687434 PROBE_B_END program=LOW
1770394305954556080 PROBE_B_START program=LOW
1770394305988762330 PROBE_B_END program=LOW
1770394306191538217 PROBE_B_START program=LOW
1770394306290158683 PROBE_B_END program=LOW
1770394306493105329 PROBE_B_START program=LOW
1770394306585234783 PROBE_B_END program=LOW
1770394306788041040 PROBE_B_START program=LOW
1770394307023538396 PROBE_B_END program=LOW
1770394307226394598 PROBE_B_START program=LOW
1770394307302718318 PROBE_B_END program=LOW
1770394307505548001 PROBE_B_START program=LOW
1770394307578819918 PROBE_B_END program=LOW
1770394307781643027 PROBE_B_START program=LOW
1770394307847677838 PROBE_B_END program=LOW
1770394308050617929 PROBE_B_START program=LOW
1770394308107223055 PROBE_B_END program=LOW
1770394308310060702 PROBE_B_START program=LOW
1770394308363193988 PROBE_B_END program=LOW
1770394308566173857 PROBE_B_START program=LOW
1770394308606698082 PROBE_B_END program=LOW
1770394308809531006 PROBE_B_START program=LOW
1770394308843440015 PROBE_B_END program=LOW
1770394309046404772 PROBE_B_START program=LOW
1770394309080474912 PROBE_B_END program=LOW
1770394309283341613 PROBE_B_START program=LOW
1770394309319197552 PROBE_B_END program=LOW
1770394309522098921 PROBE_B_START program=LOW
1770394309555876115 PROBE_B_END program=LOW
1770394309758735205 PROBE_B_START program=LOW
1770394309852802940 PROBE_B_END program=LOW
1770394310055682216 PROBE_B_START program=LOW
1770394310142513845 PROBE_B_END program=LOW
1770394310345257879 PROBE_B_START program=LOW
1770394310419518428 PROBE_B_END program=LOW
1770394310622364297 PROBE_B_START program=LOW
1770394310699027573 PROBE_B_END program=LOW
1770394310901873700 PROBE_B_START program=LOW
1770394310975251822 PROBE_B_END program=LOW
1770394311178031560 PROBE_B_START program=LOW
1770394311246593580 PROBE_B_END program=LOW
1770394311449306337 PROBE_B_START program=LOW
1770394311501116436 PROBE_B_END program=LOW
1770394311704075897 PROBE_B_START program=LOW
1770394311744742308 PROBE_B_END program=LOW
1770394311947580491 PROBE_B_START program=LOW
1770394311984035820 PROBE_B_END program=LOW
1770394312186868781 PROBE_B_START program=LOW
1770394312220807827 PROBE_B_END program=LOW
1770394312423680307 PROBE_B_START program=LOW
1770394312459556468 PROBE_B_END program=LOW
1770394312662434818 PROBE_B_START program=LOW
1770394312698410016 PROBE_B_END program=LOW
1770394312901204162 PROBE_B_START program=LOW
1770394312937058879 PROBE_B_END program=LOW
1770394313139908877 PROBE_B_START program=LOW
1770394313231699978 PROBE_B_END program=LOW
1770394313434441198 PROBE_B_START program=LOW
1770394313517660542 PROBE_B_END program=LOW
1770394313720464003 PROBE_B_START program=LOW
1770394313802505233 PROBE_B_END program=LOW
1770394314005334880 PROBE_B_START program=LOW
1770394314080864061 PROBE_B_END program=LOW
1770394314283648836 PROBE_B_START program=LOW
1770394314358218627 PROBE_B_END program=LOW
1770394314561044532 PROBE_B_START program=LOW
1770394314635589249 PROBE_B_END program=LOW
1770394314838337635 PROBE_B_START program=LOW
1770394314880970272 PROBE_B_END program=LOW
1770394315083825733 PROBE_B_START program=LOW
1770394315119412116 PROBE_B_END program=LOW
1770394315322311781 PROBE_B_START program=LOW
1770394315356275161 PROBE_B_END program=LOW
1770394315559104344 PROBE_B_START program=LOW
1770394315594742708 PROBE_B_END program=LOW
1770394315797710318 PROBE_B_START program=LOW
1770394315831732512 PROBE_B_END program=LOW
1770394316034632770 PROBE_B_START program=LOW
1770394316068617501 PROBE_B_END program=LOW
1770394316271457055 PROBE_B_START program=LOW
1770394316305318193 PROBE_B_END program=LOW
1770394316508236118 PROBE_B_START program=LOW
1770394316602669964 PROBE_B_END program=LOW
1770394316805484259 PROBE_B_START program=LOW
1770394316894509818 PROBE_B_END program=LOW
1770394317097424871 PROBE_B_START program=LOW
1770394317187731044 PROBE_B_END program=LOW
1770394317390552134 PROBE_B_START program=LOW
1770394317635925325 PROBE_B_END program=LOW
1770394317838862249 PROBE_B_START program=LOW
1770394317914409134 PROBE_B_END program=LOW
1770394318117233336 PROBE_B_START program=LOW
1770394318192505998 PROBE_B_END program=LOW
1770394318395375348 PROBE_B_START program=LOW
1770394318446689983 PROBE_B_END program=LOW
1770394318649550000 PROBE_B_START program=LOW
1770394318683507953 PROBE_B_END program=LOW
1770394318886323748 PROBE_B_START program=LOW
1770394318921518908 PROBE_B_END program=LOW
1770394319124375350 PROBE_B_START program=LOW
1770394319158350693 PROBE_B_END program=LOW
1770394319361127913 PROBE_B_START program=LOW
1770394319394544995 PROBE_B_END program=LOW
1770394319597411512 PROBE_B_START program=LOW
1770394319632297449 PROBE_B_END program=LOW
1770394319835159929 PROBE_B_START program=LOW
1770394319873266557 PROBE_B_END program=LOW
1770394320076165870 PROBE_B_START program=LOW
1770394320169491067 PROBE_B_END program=LOW
1770394320372339547 PROBE_B_START program=LOW
1770394320457040893 PROBE_B_END program=LOW
1770394320659846503 PROBE_B_START program=LOW
1770394320746123075 PROBE_B_END program=LOW
1770394320949046240 PROBE_B_START program=LOW
1770394321033721531 PROBE_B_END program=LOW
1770394321236617677 PROBE_B_START program=LOW
1770394321308747556 PROBE_B_END program=LOW
1770394321511637239 PROBE_B_START program=LOW
1770394321581106576 PROBE_B_END program=LOW
1770394321783994444 PROBE_B_START program=LOW
1770394321817926565 PROBE_B_END program=LOW
1770394322020839415 PROBE_B_START program=LOW
1770394322056420205 PROBE_B_END program=LOW
1770394322259330407 PROBE_B_START program=LOW
1770394322293308990 PROBE_B_END program=LOW
1770394322496147192 PROBE_B_START program=LOW
1770394322530010757 PROBE_B_END program=LOW
1770394322732888403 PROBE_B_START program=LOW
1770394322766770487 PROBE_B_END program=LOW
1770394322969661337 PROBE_B_START program=LOW
1770394323005144794 PROBE_B_END program=LOW
1770394323208017940 PROBE_B_START program=LOW
1770394323242001875 PROBE_B_END program=LOW
1770394323445005152 PROBE_B_START program=LOW
1770394323539321017 PROBE_B_END program=LOW
1770394323742215182 PROBE_B_START program=LOW
1770394323825179396 PROBE_B_END program=LOW
1770394324028023468 PROBE_B_START program=LOW
1770394324118284159 PROBE_B_END program=LOW
1770394324321191694 PROBE_B_START program=LOW
1770394324405278744 PROBE_B_END program=LOW
1770394324608231353 PROBE_B_START program=LOW
1770394324692855719 PROBE_B_END program=LOW
1770394324895685495 PROBE_B_START program=LOW
1770394324952781178 PROBE_B_END program=LOW
1770394325155593269 PROBE_B_START program=LOW
1770394325191568282 PROBE_B_END program=LOW
1770394325394479595 PROBE_B_START program=LOW
1770394325428313863 PROBE_B_END program=LOW
1770394325631176399 PROBE_B_START program=LOW
1770394325665684779 PROBE_B_END program=LOW
1770394325868565444 PROBE_B_START program=LOW
1770394325904380902 PROBE_B_END program=LOW
1770394326107328308 PROBE_B_START program=LOW
1770394326141285132 PROBE_B_END program=LOW
1770394326344218241 PROBE_B_START program=LOW
1770394326378081102 PROBE_B_END program=LOW
1770394326580956471 PROBE_B_START program=LOW
1770394326614785906 PROBE_B_END program=LOW
1770394326817717442 PROBE_B_START program=LOW
1770394326912316604 PROBE_B_END program=LOW
1770394327115241806 PROBE_B_START program=LOW
1770394327202551787 PROBE_B_END program=LOW
1770394327405339415 PROBE_B_START program=LOW
1770394327495247476 PROBE_B_END program=LOW
1770394327698203900 PROBE_B_START program=LOW
1770394327793827379 PROBE_B_END program=LOW
1770394327996641859 PROBE_B_START program=LOW
1770394328257823283 PROBE_B_END program=LOW
1770394328460716615 PROBE_B_START program=LOW
1770394328532835216 PROBE_B_END program=LOW
1770394328735752659 PROBE_B_START program=LOW
1770394328771004689 PROBE_B_END program=LOW
1770394328973920577 PROBE_B_START program=LOW
1770394329007913604 PROBE_B_END program=LOW
1770394329210786807 PROBE_B_START program=LOW
1770394329244822075 PROBE_B_END program=LOW
1770394329447728555 PROBE_B_START program=LOW
1770394329482588363 PROBE_B_END program=LOW
1770394329685393750 PROBE_B_START program=LOW
1770394329720326668 PROBE_B_END program=LOW
1770394329923294297 PROBE_B_START program=LOW
1770394329957221176 PROBE_B_END program=LOW
1770394330160148008 PROBE_B_START program=LOW
1770394330194699278 PROBE_B_END program=LOW
1770394330397513721 PROBE_B_START program=LOW
1770394330493549385 PROBE_B_END program=LOW
1770394330696360662 PROBE_B_START program=LOW
1770394330784454348 PROBE_B_END program=LOW
1770394330987273439 PROBE_B_START program=LOW
1770394331072174657 PROBE_B_END program=LOW
1770394331275042637 PROBE_B_START program=LOW
1770394331361760728 PROBE_B_END program=LOW
1770394331564594745 PROBE_B_START program=LOW
1770394331649715593 PROBE_B_END program=LOW
1770394331852567684 PROBE_B_START program=LOW
1770394331913693505 PROBE_B_END program=LOW
1770394332116586910 PROBE_B_START program=LOW
1770394332150597901 PROBE_B_END program=LOW
1770394332353474585 PROBE_B_START program=LOW
1770394332387371576 PROBE_B_END program=LOW
1770394332590268056 PROBE_B_START program=LOW
1770394332625915457 PROBE_B_END program=LOW
1770394332828783511 PROBE_B_START program=LOW
1770394332864255264 PROBE_B_END program=LOW
1770394333067141300 PROBE_B_START program=LOW
1770394333102794516 PROBE_B_END program=LOW
1770394333305692441 PROBE_B_START program=LOW
1770394333339699580 PROBE_B_END program=LOW
1770394333542564171 PROBE_B_START program=LOW
1770394333577999016 PROBE_B_END program=LOW
1770394333780899755 PROBE_B_START program=LOW
1770394333875199491 PROBE_B_END program=LOW
1770394334078045490 PROBE_B_START program=LOW
1770394334162551132 PROBE_B_END program=LOW
1770394334365342075 PROBE_B_START program=LOW
1770394334458045456 PROBE_B_END program=LOW
1770394334661206677 PROBE_B_START program=LOW
1770394334747207638 PROBE_B_END program=LOW
1770394334950153340 PROBE_B_START program=LOW
1770394335036653709 PROBE_B_END program=LOW
1770394335239527078 PROBE_B_START program=LOW
1770394335294335053 PROBE_B_END program=LOW
1770394335497159607 PROBE_B_START program=LOW
1770394335590964583 PROBE_B_END program=LOW
1770394335793803896 PROBE_B_START program=LOW
1770394335868540798 PROBE_B_END program=LOW
1770394336071413223 PROBE_B_START program=LOW
1770394336124601676 PROBE_B_END program=LOW
1770394336327417989 PROBE_B_START program=LOW
1770394336403957321 PROBE_B_END program=LOW
1770394336606783560 PROBE_B_START program=LOW
1770394336660840126 PROBE_B_END program=LOW
1770394336863923570 PROBE_B_START program=LOW
1770394336901213567 PROBE_B_END program=LOW
1770394337104108084 PROBE_B_START program=LOW
1770394337138198742 PROBE_B_END program=LOW
1770394337341083518 PROBE_B_START program=LOW
1770394337437264072 PROBE_B_END program=LOW
1770394337640081200 PROBE_B_START program=LOW
1770394337722491932 PROBE_B_END program=LOW
1770394337925311875 PROBE_B_START program=LOW
1770394338019365369 PROBE_B_END program=LOW
1770394338222497387 PROBE_B_START program=LOW
1770394338314701341 PROBE_B_END program=LOW
1770394338517480321 PROBE_B_START program=LOW
1770394338608628106 PROBE_B_END program=LOW
1770394338811547864 PROBE_B_START program=LOW
1770394339038748928 PROBE_B_END program=LOW
1770394339241598612 PROBE_B_START program=LOW
1770394339276118381 PROBE_B_END program=LOW
1770394339479015676 PROBE_B_START program=LOW
1770394339512227147 PROBE_B_END program=LOW
1770394339715022220 PROBE_B_START program=LOW
1770394339749642267 PROBE_B_END program=LOW
1770394339952560099 PROBE_B_START program=LOW
1770394339986691757 PROBE_B_END program=LOW
1770394340189576534 PROBE_B_START program=LOW
1770394340222841060 PROBE_B_END program=LOW
1770394340425645892 PROBE_B_START program=LOW
1770394340460967348 PROBE_B_END program=LOW
1770394340663849088 PROBE_B_START program=LOW
1770394340698627117 PROBE_B_END program=LOW
1770394340901586949 PROBE_B_START program=LOW
1770394341012099401 PROBE_B_END program=LOW
1770394341214950604 PROBE_B_START program=LOW
1770394341299117635 PROBE_B_END program=LOW
1770394341501944337 PROBE_B_START program=LOW
1770394341587412130 PROBE_B_END program=LOW
1770394341790272536 PROBE_B_START program=LOW
1770394341877732777 PROBE_B_END program=LOW
1770394342080568424 PROBE_B_START program=LOW
1770394342167268831 PROBE_B_END program=LOW
1770394342370120070 PROBE_B_START program=LOW
1770394342427814495 PROBE_B_END program=LOW
1770394342630742827 PROBE_B_START program=LOW
1770394342664786189 PROBE_B_END program=LOW
1770394342868113984 PROBE_B_START program=LOW
1770394342904514202 PROBE_B_END program=LOW
1770394343107400238 PROBE_B_START program=LOW
1770394343141302210 PROBE_B_END program=LOW
1770394343344216727 PROBE_B_START program=LOW
1770394343378055644 PROBE_B_END program=LOW
1770394343581330106 PROBE_B_START program=LOW
1770394343615044189 PROBE_B_END program=LOW
1770394343817919225 PROBE_B_START program=LOW
1770394343852589625 PROBE_B_END program=LOW
1770394344055386438 PROBE_B_START program=LOW
1770394344093036862 PROBE_B_END program=LOW
1770394344295724842 PROBE_B_START program=LOW
1770394344391575544 PROBE_B_END program=LOW
1770394344594383394 PROBE_B_START program=LOW
1770394344678847667 PROBE_B_END program=LOW
1770394344881611480 PROBE_B_START program=LOW
1770394344968403905 PROBE_B_END program=LOW
1770394345171203922 R2_IDLE_C seconds=30
1770394375175128413 PROBE_C_START program=LOW
1770394375178293548 PROBE_C_END program=LOW
1770394375381133362 PROBE_C_START program=LOW
1770394375384331146 PROBE_C_END program=LOW
1770394375587190664 PROBE_C_START program=LOW
1770394375590362800 PROBE_C_END program=LOW
1770394375793237151 PROBE_C_START program=LOW
1770394375796360953 PROBE_C_END program=LOW
1770394375999172397 PROBE_C_START program=LOW
1770394376002340940 PROBE_C_END program=LOW
1770394376205139106 PROBE_C_START program=LOW
1770394376208322464 PROBE_C_END program=LOW
1770394376411113241 PROBE_C_START program=LOW
1770394376414283377 PROBE_C_END program=LOW
1770394376617098376 PROBE_C_START program=LOW
1770394376620284975 PROBE_C_END program=LOW
1770394376823124141 PROBE_C_START program=LOW
1770394376826278665 PROBE_C_END program=LOW
1770394377029137720 PROBE_C_START program=LOW
1770394377032366763 PROBE_C_END program=LOW
1770394377235151133 PROBE_C_START program=LOW
1770394377238367658 PROBE_C_END program=LOW
1770394377441230250 PROBE_C_START program=LOW
1770394377444522034 PROBE_C_END program=LOW
1770394377647467811 PROBE_C_START program=LOW
1770394377650933818 PROBE_C_END program=LOW
1770394377853938743 PROBE_C_START program=LOW
1770394377857125231 PROBE_C_END program=LOW
1770394378059979675 PROBE_C_START program=LOW
1770394378063117903 PROBE_C_END program=LOW
1770394378265931995 PROBE_C_START program=LOW
1770394378269072353 PROBE_C_END program=LOW
1770394378471864704 PROBE_C_START program=LOW
1770394378474999266 PROBE_C_END program=LOW
1770394378677776320 PROBE_C_START program=LOW
1770394378680944123 PROBE_C_END program=LOW
1770394378883758140 PROBE_C_START program=LOW
1770394378886915813 PROBE_C_END program=LOW
1770394379089798757 PROBE_C_START program=LOW
1770394379092993726 PROBE_C_END program=LOW
1770394379295812003 PROBE_C_START program=LOW
1770394379298963009 PROBE_C_END program=LOW
1770394379501818546 PROBE_C_START program=LOW
1770394379504954830 PROBE_C_END program=LOW
1770394379707736681 PROBE_C_START program=LOW
1770394379710853057 PROBE_C_END program=LOW
1770394379913643223 PROBE_C_START program=LOW
1770394379916802970 PROBE_C_END program=LOW
1770394380119626580 PROBE_C_START program=LOW
1770394380122747197 PROBE_C_END program=LOW
1770394380325565734 PROBE_C_START program=LOW
1770394380328724721 PROBE_C_END program=LOW
1770394380531562147 PROBE_C_START program=LOW
1770394380534691134 PROBE_C_END program=LOW
1770394380737507911 PROBE_C_START program=LOW
1770394380740668584 PROBE_C_END program=LOW
1770394380943472213 PROBE_C_START program=LOW
1770394380946636997 PROBE_C_END program=LOW
1770394381149414330 PROBE_C_START program=LOW
1770394381152563706 PROBE_C_END program=LOW
1770394381355343798 PROBE_C_START program=LOW
1770394381358493582 PROBE_C_END program=LOW
1770394381561296266 PROBE_C_START program=LOW
1770394381564483957 PROBE_C_END program=LOW
1770394381767287605 PROBE_C_START program=LOW
1770394381770415444 PROBE_C_END program=LOW
1770394381973213925 PROBE_C_START program=LOW
1770394381976371172 PROBE_C_END program=LOW
1770394382179142116 PROBE_C_START program=LOW
1770394382182341603 PROBE_C_END program=LOW
1770394382385145936 PROBE_C_START program=LOW
1770394382388316294 PROBE_C_END program=LOW
1770394382591125849 PROBE_C_START program=LOW
1770394382594281151 PROBE_C_END program=LOW
1770394382797089595 PROBE_C_START program=LOW
1770394382800694972 PROBE_C_END program=LOW
1770394383003629787 PROBE_C_START program=LOW
1770394383006787830 PROBE_C_END program=LOW
1770394383209622885 PROBE_C_START program=LOW
1770394383212809447 PROBE_C_END program=LOW
1770394383415645094 PROBE_C_START program=LOW
1770394383418779082 PROBE_C_END program=LOW
1770394383621637952 PROBE_C_START program=LOW
1770394383624791735 PROBE_C_END program=LOW
1770394383827617476 PROBE_C_START program=LOW
1770394383830757574 PROBE_C_END program=LOW
1770394384033618611 PROBE_C_START program=LOW
1770394384036787283 PROBE_C_END program=LOW
1770394384239610838 PROBE_C_START program=LOW
1770394384242753900 PROBE_C_END program=LOW
1770394384445610251 PROBE_C_START program=LOW
1770394384448765480 PROBE_C_END program=LOW
1770394384651594757 PROBE_C_START program=LOW
1770394384654721078 PROBE_C_END program=LOW
1770394384857595207 PROBE_C_START program=LOW
1770394384860773565 PROBE_C_END program=LOW
1770394385063621046 PROBE_C_START program=LOW
1770394385066759163 PROBE_C_END program=LOW
1770394385269570033 PROBE_C_START program=LOW
1770394385272761983 PROBE_C_END program=LOW
1770394385475592816 PROBE_C_START program=LOW
1770394385478749822 PROBE_C_END program=LOW
1770394385681569840 PROBE_C_START program=LOW
1770394385684713642 PROBE_C_END program=LOW
1770394385887592198 PROBE_C_START program=LOW
1770394385890718370 PROBE_C_END program=LOW
1770394386093518722 PROBE_C_START program=LOW
1770394386096940654 PROBE_C_END program=LOW
1770394386299892135 PROBE_C_START program=LOW
1770394386303225142 PROBE_C_END program=LOW
1770394386506334734 PROBE_C_START program=LOW
1770394386509497185 PROBE_C_END program=LOW
1770394386712313184 PROBE_C_START program=LOW
1770394386715433413 PROBE_C_END program=LOW
1770394386918217745 PROBE_C_START program=LOW
1770394386921377973 PROBE_C_END program=LOW
1770394387124187769 PROBE_C_START program=LOW
1770394387127325812 PROBE_C_END program=LOW
1770394387330134812 PROBE_C_START program=LOW
1770394387333294281 PROBE_C_END program=LOW
1770394387536134003 PROBE_C_START program=LOW
1770394387539278990 PROBE_C_END program=LOW
1770394387742107138 PROBE_C_START program=LOW
1770394387745284422 PROBE_C_END program=LOW
1770394387948153366 PROBE_C_START program=LOW
1770394387951302872 PROBE_C_END program=LOW
1770394388154138038 PROBE_C_START program=LOW
1770394388157310137 PROBE_C_END program=LOW
1770394388360133284 PROBE_C_START program=LOW
1770394388363255346 PROBE_C_END program=LOW
1770394388566127105 PROBE_C_START program=LOW
1770394388569318259 PROBE_C_END program=LOW
1770394388772210833 PROBE_C_START program=LOW
1770394388775390783 PROBE_C_END program=LOW
1770394388978260190 PROBE_C_START program=LOW
1770394388981467474 PROBE_C_END program=LOW
1770394389184271770 PROBE_C_START program=LOW
1770394389187432998 PROBE_C_END program=LOW
1770394389390306887 PROBE_C_START program=LOW
1770394389393521523 PROBE_C_END program=LOW
1770394389596390874 PROBE_C_START program=LOW
1770394389599633269 PROBE_C_END program=LOW
1770394389802473213 PROBE_C_START program=LOW
1770394389805687664 PROBE_C_END program=LOW
1770394390008579200 PROBE_C_START program=LOW
1770394390011773447 PROBE_C_END program=LOW
1770394390214633058 PROBE_C_START program=LOW
1770394390217810638 PROBE_C_END program=LOW
1770394390420666953 PROBE_C_START program=LOW
1770394390423853885 PROBE_C_END program=LOW
1770394390626910237 PROBE_C_START program=LOW
1770394390630968985 PROBE_C_END program=LOW
1770394390834029689 PROBE_C_START program=LOW
1770394390837033695 PROBE_C_END program=LOW
1770394391039828472 PROBE_C_START program=LOW
1770394391043003645 PROBE_C_END program=LOW
1770394391245785626 PROBE_C_START program=LOW
1770394391248961650 PROBE_C_END program=LOW
1770394391451816631 PROBE_C_START program=LOW
1770394391454957026 PROBE_C_END program=LOW
1770394391657797230 PROBE_C_START program=LOW
1770394391660941569 PROBE_C_END program=LOW
1770394391863779606 PROBE_C_START program=LOW
1770394391866906297 PROBE_C_END program=LOW
1770394392069741037 PROBE_C_START program=LOW
1770394392072906895 PROBE_C_END program=LOW
1770394392275745080 PROBE_C_START program=LOW
1770394392278872604 PROBE_C_END program=LOW
1770394392481640271 PROBE_C_START program=LOW
1770394392484805425 PROBE_C_END program=LOW
1770394392687678536 PROBE_C_START program=LOW
1770394392690836208 PROBE_C_END program=LOW
1770394392893679208 PROBE_C_START program=LOW
1770394392896843325 PROBE_C_END program=LOW
1770394393099672973 PROBE_C_START program=LOW
1770394393102804312 PROBE_C_END program=LOW
1770394393305607664 PROBE_C_START program=LOW
1770394393308750059 PROBE_C_END program=LOW
1770394393511558280 PROBE_C_START program=LOW
1770394393514713175 PROBE_C_END program=LOW
1770394393717535379 PROBE_C_START program=LOW
1770394393720685588 PROBE_C_END program=LOW
1770394393923532921 PROBE_C_START program=LOW
1770394393926663446 PROBE_C_END program=LOW
1770394394129453149 PROBE_C_START program=LOW
1770394394132610748 PROBE_C_END program=LOW
1770394394335383618 PROBE_C_START program=LOW
1770394394338477124 PROBE_C_END program=LOW
1770394394541284309 PROBE_C_START program=LOW
1770394394544449055 PROBE_C_END program=LOW
1770394394747233351 PROBE_C_START program=LOW
1770394394750462635 PROBE_C_END program=LOW
1770394394953432561 PROBE_C_START program=LOW
1770394394956766549 PROBE_C_END program=LOW
1770394395159689845 PROBE_C_START program=LOW
1770394395162776406 PROBE_C_END program=LOW
1770394395365484887 PROBE_C_START program=LOW
1770394395368581875 PROBE_C_END program=LOW
1770394395571304874 PROBE_C_START program=LOW
1770394395574400028 PROBE_C_END program=LOW
1770394395777119528 PROBE_C_START program=LOW
1770394395780166848 PROBE_C_END program=LOW
1770394395982926663 PROBE_C_START program=LOW
1770394395986073706 PROBE_C_END program=LOW
1770394396188906502 PROBE_C_START program=LOW
1770394396192033267 PROBE_C_END program=LOW
1770394396394807100 PROBE_C_START program=LOW
1770394396397952958 PROBE_C_END program=LOW
1770394396600762884 PROBE_C_START program=LOW
1770394396603890834 PROBE_C_END program=LOW
1770394396806658630 PROBE_C_START program=LOW
1770394396809779321 PROBE_C_END program=LOW
1770394397012557117 PROBE_C_START program=LOW
1770394397015616586 PROBE_C_END program=LOW
1770394397218370067 PROBE_C_START program=LOW
1770394397221500091 PROBE_C_END program=LOW
1770394397424255350 PROBE_C_START program=LOW
1770394397427351800 PROBE_C_END program=LOW
1770394397630139115 PROBE_C_START program=LOW
1770394397633295936 PROBE_C_END program=LOW
1770394397836077880 PROBE_C_START program=LOW
1770394397839195608 PROBE_C_END program=LOW
1770394398041947885 PROBE_C_START program=LOW
1770394398045083873 PROBE_C_END program=LOW
1770394398247871521 PROBE_C_START program=LOW
1770394398250979841 PROBE_C_END program=LOW
1770394398453764267 PROBE_C_START program=LOW
1770394398456891921 PROBE_C_END program=LOW
1770394398659675347 PROBE_C_START program=LOW
1770394398662807742 PROBE_C_END program=LOW
1770394398865627056 PROBE_C_START program=LOW
1770394398868765692 PROBE_C_END program=LOW
1770394399071549321 PROBE_C_START program=LOW
1770394399074670216 PROBE_C_END program=LOW
1770394399277404789 PROBE_C_START program=LOW
1770394399280507944 PROBE_C_END program=LOW
1770394399483280851 PROBE_C_START program=LOW
1770394399486405301 PROBE_C_END program=LOW
1770394399689225227 PROBE_C_START program=LOW
1770394399692358085 PROBE_C_END program=LOW
1770394399895167140 PROBE_C_START program=LOW
1770394399898291016 PROBE_C_END program=LOW
1770394400101101627 PROBE_C_START program=LOW
1770394400104231022 PROBE_C_END program=LOW
1770394400307020948 PROBE_C_START program=LOW
1770394400310195639 PROBE_C_END program=LOW
1770394400513025305 PROBE_C_START program=LOW
1770394400516205015 PROBE_C_END program=LOW
1770394400719013255 PROBE_C_START program=LOW
1770394400722168187 PROBE_C_END program=LOW
1770394400924958539 PROBE_C_START program=LOW
1770394400927958804 PROBE_C_END program=LOW
1770394401130721970 PROBE_C_START program=LOW
1770394401133902347 PROBE_C_END program=LOW
1770394401336732476 PROBE_C_START program=LOW
1770394401339874353 PROBE_C_END program=LOW
1770394401542672445 PROBE_C_START program=LOW
1770394401545868136 PROBE_C_END program=LOW
1770394401748716025 PROBE_C_START program=LOW
1770394401751860735 PROBE_C_END program=LOW
1770394401954657901 PROBE_C_START program=LOW
1770394401957835222 PROBE_C_END program=LOW
1770394402160635111 PROBE_C_START program=LOW
1770394402163789857 PROBE_C_END program=LOW
1770394402366627357 PROBE_C_START program=LOW
1770394402369768493 PROBE_C_END program=LOW
1770394402572626067 PROBE_C_START program=LOW
1770394402575797425 PROBE_C_END program=LOW
1770394402778572221 PROBE_C_START program=LOW
1770394402781724616 PROBE_C_END program=LOW
1770394402984535171 PROBE_C_START program=LOW
1770394402987655992 PROBE_C_END program=LOW
1770394403190444899 PROBE_C_START program=LOW
1770394403193617831 PROBE_C_END program=LOW
1770394403396389942 PROBE_C_START program=LOW
1770394403399536818 PROBE_C_END program=LOW
1770394403602337096 PROBE_C_START program=LOW
1770394403605555157 PROBE_C_END program=LOW
1770394403808497343 PROBE_C_START program=LOW
1770394403812032387 PROBE_C_END program=LOW
1770394404015097313 PROBE_C_START program=LOW
1770394404018307837 PROBE_C_END program=LOW
1770394404221100541 PROBE_C_START program=LOW
1770394404224185750 PROBE_C_END program=LOW
1770394404426906787 PROBE_C_START program=LOW
1770394404429965904 PROBE_C_END program=LOW
1770394404632738830 PROBE_C_START program=LOW
1770394404635895336 PROBE_C_END program=LOW
1770394404838659002 PROBE_C_START program=LOW
1770394404841786508 PROBE_C_END program=LOW
1770394405044595045 PROBE_C_START program=LOW
1770394405047723495 PROBE_C_END program=LOW
1770394405250471014 PROBE_C_START program=LOW
1770394405253618816 PROBE_C_END program=LOW
1770394405456436816 PROBE_C_START program=LOW
1770394405459579025 PROBE_C_END program=LOW
1770394405662380470 PROBE_C_START program=LOW
1770394405665454235 PROBE_C_END program=LOW
1770394405868227716 PROBE_C_START program=LOW
1770394405871454204 PROBE_C_END program=LOW
1770394406074383426 PROBE_C_START program=LOW
1770394406077550654 PROBE_C_END program=LOW
1770394406280370525 PROBE_C_START program=LOW
1770394406283474179 PROBE_C_END program=LOW
1770394406486259679 PROBE_C_START program=LOW
1770394406489442055 PROBE_C_END program=LOW
1770394406692244462 PROBE_C_START program=LOW
1770394406695379505 PROBE_C_END program=LOW
1770394406898199320 PROBE_C_START program=LOW
1770394406901389178 PROBE_C_END program=LOW
1770394407104184789 PROBE_C_START program=LOW
1770394407107329684 PROBE_C_END program=LOW
1770394407310128128 PROBE_C_START program=LOW
1770394407313272782 PROBE_C_END program=LOW
1770394407516101282 PROBE_C_START program=LOW
1770394407519263399 PROBE_C_END program=LOW
1770394407722125492 PROBE_C_START program=LOW
1770394407725340535 PROBE_C_END program=LOW
1770394407928186035 PROBE_C_START program=LOW
1770394407931321948 PROBE_C_END program=LOW
1770394408134163374 PROBE_C_START program=LOW
1770394408137339158 PROBE_C_END program=LOW
1770394408340163084 PROBE_C_START program=LOW
1770394408343301146 PROBE_C_END program=LOW
1770394408546122460 PROBE_C_START program=LOW
1770394408549289633 PROBE_C_END program=LOW
1770394408752121188 PROBE_C_START program=LOW
1770394408755254694 PROBE_C_END program=LOW
1770394408958026657 PROBE_C_START program=LOW
1770394408961199645 PROBE_C_END program=LOW
1770394409164027422 PROBE_C_START program=LOW
1770394409167151632 PROBE_C_END program=LOW
1770394409369962002 PROBE_C_START program=LOW
1770394409373149620 PROBE_C_END program=LOW
1770394409576008638 PROBE_C_START program=LOW
1770394409579159052 PROBE_C_END program=LOW
1770394409781980551 PROBE_C_START program=LOW
1770394409785136021 PROBE_C_END program=LOW
1770394409987981983 PROBE_C_START program=LOW
1770394409991094712 PROBE_C_END program=LOW
1770394410193890786 PROBE_C_START program=LOW
1770394410197063458 PROBE_C_END program=LOW
1770394410399884921 PROBE_C_START program=LOW
1770394410403028390 PROBE_C_END program=LOW
1770394410605823797 PROBE_C_START program=LOW
1770394410609005878 PROBE_C_END program=LOW
1770394410811816378 PROBE_C_START program=LOW
1770394410814957995 PROBE_C_END program=LOW
1770394411017803550 PROBE_C_START program=LOW
1770394411020971075 PROBE_C_END program=LOW
1770394411223759427 PROBE_C_START program=LOW
1770394411226896118 PROBE_C_END program=LOW
1770394411429694284 PROBE_C_START program=LOW
1770394411432857013 PROBE_C_END program=LOW
1770394411635691272 PROBE_C_START program=LOW
1770394411638841074 PROBE_C_END program=LOW
1770394411841681352 PROBE_C_START program=LOW
1770394411844856562 PROBE_C_END program=LOW
1770394412047664191 PROBE_C_START program=LOW
1770394412050803846 PROBE_C_END program=LOW
1770394412253601827 PROBE_C_START program=LOW
1770394412256763648 PROBE_C_END program=LOW
1770394412459610407 PROBE_C_START program=LOW
1770394412462809080 PROBE_C_END program=LOW
1770394412665693210 PROBE_C_START program=LOW
1770394412668989123 PROBE_C_END program=LOW
1770394412871944364 PROBE_C_START program=LOW
1770394412875286482 PROBE_C_END program=LOW
1770394413078215575 PROBE_C_START program=LOW
1770394413081338469 PROBE_C_END program=LOW
1770394413284065617 PROBE_C_START program=LOW
1770394413287177938 PROBE_C_END program=LOW
1770394413489931790 PROBE_C_START program=LOW
1770394413493117629 PROBE_C_END program=LOW
1770394413695994796 PROBE_C_START program=LOW
1770394413699178321 PROBE_C_END program=LOW
1770394413901998376 PROBE_C_START program=LOW
1770394413905186586 PROBE_C_END program=LOW
1770394414107989271 PROBE_C_START program=LOW
1770394414111065962 PROBE_C_END program=LOW
1770394414313798055 PROBE_C_START program=LOW
1770394414316910116 PROBE_C_END program=LOW
1770394414519735894 PROBE_C_START program=LOW
1770394414522907493 PROBE_C_END program=LOW
1770394414725685604 PROBE_C_START program=LOW
1770394414728753721 PROBE_C_END program=LOW
1770394414931529239 PROBE_C_START program=LOW
1770394414934651078 PROBE_C_END program=LOW
1770394415137459690 PROBE_C_START program=LOW
1770394415140564418 PROBE_C_END program=LOW
1770394415343338196 PROBE_C_START program=LOW
1770394415346460442 PROBE_C_END program=LOW
1770394415549315831 PROBE_C_START program=LOW
1770394415552523078 PROBE_C_END program=LOW
1770394415755408152 PROBE_C_START program=LOW
1770394415758593399 PROBE_C_END program=LOW
1770394415961436381 PROBE_C_START program=LOW
1770394415964642924 PROBE_C_END program=LOW
1770394416167531683 PROBE_C_START program=LOW
1770394416170660671 PROBE_C_END program=LOW
1770394416373449449 PROBE_C_START program=LOW
1770394416376631769 PROBE_C_END program=LOW
1770394416579445603 PROBE_C_START program=LOW
1770394416582650757 PROBE_C_END program=LOW
1770394416785427757 PROBE_C_START program=LOW
1770394416788552819 PROBE_C_END program=LOW
1770394416991357893 PROBE_C_START program=LOW
1770394416994500510 PROBE_C_END program=LOW
1770394417197261806 PROBE_C_START program=LOW
1770394417200390182 PROBE_C_END program=LOW
1770394417403153219 PROBE_C_START program=LOW
1770394417406306577 PROBE_C_END program=LOW
1770394417609154355 PROBE_C_START program=LOW
1770394417612296750 PROBE_C_END program=LOW
1770394417815092806 PROBE_C_START program=LOW
1770394417818239367 PROBE_C_END program=LOW
1770394418021077256 PROBE_C_START program=LOW
1770394418024212336 PROBE_C_END program=LOW
1770394418227010762 PROBE_C_START program=LOW
1770394418230153046 PROBE_C_END program=LOW
1770394418432963046 PROBE_C_START program=LOW
1770394418436124034 PROBE_C_END program=LOW
1770394418638908293 PROBE_C_START program=LOW
1770394418642064392 PROBE_C_END program=LOW
1770394418844862188 PROBE_C_START program=LOW
1770394418848002435 PROBE_C_END program=LOW
1770394419050822305 PROBE_C_START program=LOW
1770394419053994182 PROBE_C_END program=LOW
1770394419256825941 PROBE_C_START program=LOW
1770394419259998188 PROBE_C_END program=LOW
1770394419462805058 PROBE_C_START program=LOW
1770394419465981935 PROBE_C_END program=LOW
1770394419668815972 PROBE_C_START program=LOW
1770394419671966867 PROBE_C_END program=LOW
1770394419874777311 PROBE_C_START program=LOW
1770394419877919503 PROBE_C_END program=LOW
1770394420080749447 PROBE_C_START program=LOW
1770394420083923175 PROBE_C_END program=LOW
1770394420286684564 PROBE_C_START program=LOW
1770394420289845330 PROBE_C_END program=LOW
1770394420492709663 PROBE_C_START program=LOW
1770394420495906447 PROBE_C_END program=LOW
1770394420698823429 PROBE_C_START program=LOW
1770394420702022916 PROBE_C_END program=LOW
1770394420904816287 PROBE_C_START program=LOW
1770394420907960348 PROBE_C_END program=LOW
1770394421110819386 PROBE_C_START program=LOW
1770394421114003336 PROBE_C_END program=LOW
1770394421316823836 PROBE_C_START program=LOW
1770394421319985398 PROBE_C_END program=LOW
1770394421522787268 PROBE_C_START program=LOW
1770394421526262831 PROBE_C_END program=LOW
1770394421729284461 PROBE_C_START program=LOW
1770394421732637652 PROBE_C_END program=LOW
1770394421936009913 PROBE_C_START program=LOW
1770394421939067678 PROBE_C_END program=LOW
1770394422141826771 PROBE_C_START program=LOW
1770394422144900388 PROBE_C_END program=LOW
1770394422347657702 PROBE_C_START program=LOW
1770394422350772782 PROBE_C_END program=LOW
1770394422553579375 PROBE_C_START program=LOW
1770394422556736141 PROBE_C_END program=LOW
1770394422759581844 PROBE_C_START program=LOW
1770394422762711554 PROBE_C_END program=LOW
1770394422965426350 PROBE_C_START program=LOW
1770394422968589319 PROBE_C_END program=LOW
1770394423171346023 PROBE_C_START program=LOW
1770394423174497696 PROBE_C_END program=LOW
1770394423377333622 PROBE_C_START program=LOW
1770394423380542610 PROBE_C_END program=LOW
1770394423583389295 PROBE_C_START program=LOW
1770394423586552579 PROBE_C_END program=LOW
1770394423789445468 PROBE_C_START program=LOW
1770394423792651308 PROBE_C_END program=LOW
1770394423995533363 PROBE_C_START program=LOW
1770394423998705777 PROBE_C_END program=LOW
1770394424201547221 PROBE_C_START program=LOW
1770394424204739987 PROBE_C_END program=LOW
1770394424407664469 PROBE_C_START program=LOW
1770394424410885919 PROBE_C_END program=LOW
1770394424613797568 PROBE_C_START program=LOW
1770394424616986222 PROBE_C_END program=LOW
1770394424819852741 PROBE_C_START program=LOW
1770394424823012988 PROBE_C_END program=LOW
1770394425025886377 PROBE_C_START program=LOW
1770394425029058179 PROBE_C_END program=LOW
1770394425232006494 PROBE_C_START program=LOW
1770394425235171241 PROBE_C_END program=LOW
1770394425437997297 PROBE_C_START program=LOW
1770394425441198211 PROBE_C_END program=LOW
1770394425644036192 PROBE_C_START program=LOW
1770394425647193883 PROBE_C_END program=LOW
1770394425850121069 PROBE_C_START program=LOW
1770394425853314964 PROBE_C_END program=LOW
1770394426056193279 PROBE_C_START program=LOW
1770394426059318674 PROBE_C_END program=LOW
1770394426262196786 PROBE_C_START program=LOW
1770394426265386495 PROBE_C_END program=LOW
1770394426468268255 PROBE_C_START program=LOW
1770394426471437835 PROBE_C_END program=LOW
1770394426674318984 PROBE_C_START program=LOW
1770394426677514101 PROBE_C_END program=LOW
1770394426880434768 PROBE_C_START program=LOW
1770394426883632533 PROBE_C_END program=LOW
1770394427086479682 PROBE_C_START program=LOW
1770394427089697021 PROBE_C_END program=LOW
1770394427292549670 PROBE_C_START program=LOW
1770394427295756935 PROBE_C_END program=LOW
1770394427498626102 PROBE_C_START program=LOW
1770394427501870553 PROBE_C_END program=LOW
1770394427704762498 PROBE_C_START program=LOW
1770394427707967541 PROBE_C_END program=LOW
1770394427910824819 PROBE_C_START program=LOW
1770394427914001917 PROBE_C_END program=LOW
1770394428116866825 PROBE_C_START program=LOW
1770394428120054016 PROBE_C_END program=LOW
1770394428322951128 PROBE_C_START program=LOW
1770394428326117171 PROBE_C_END program=LOW
1770394428529035153 PROBE_C_START program=LOW
1770394428532192159 PROBE_C_END program=LOW
1770394428735054030 PROBE_C_START program=LOW
1770394428738244647 PROBE_C_END program=LOW
1770394428941230388 PROBE_C_START program=LOW
1770394428944659376 PROBE_C_END program=LOW
1770394429147528969 PROBE_C_START program=LOW
1770394429150679309 PROBE_C_END program=LOW
1770394429353563179 PROBE_C_START program=LOW
1770394429356755463 PROBE_C_END program=LOW
1770394429559670593 PROBE_C_START program=LOW
1770394429562837599 PROBE_C_END program=LOW
1770394429765724044 PROBE_C_START program=LOW
1770394429768921865 PROBE_C_END program=LOW
1770394429971857755 PROBE_C_START program=LOW
1770394429975099798 PROBE_C_END program=LOW
1770394430178097817 PROBE_C_START program=LOW
1770394430181483620 PROBE_C_END program=LOW
1770394430384459009 PROBE_C_START program=LOW
1770394430387631904 PROBE_C_END program=LOW
1770394430590492608 PROBE_C_START program=LOW
1770394430593691596 PROBE_C_END program=LOW
1770394430796529041 PROBE_C_START program=LOW
1770394430799723973 PROBE_C_END program=LOW
1770394431002553158 PROBE_C_START program=LOW
1770394431005740590 PROBE_C_END program=LOW
1770394431208582590 PROBE_C_START program=LOW
1770394431211744022 PROBE_C_END program=LOW
1770394431414581060 PROBE_C_START program=LOW
1770394431417767140 PROBE_C_END program=LOW
1770394431620609455 PROBE_C_START program=LOW
1770394431623764165 PROBE_C_END program=LOW
1770394431826699388 PROBE_C_START program=LOW
1770394431829895172 PROBE_C_END program=LOW
1770394432032740672 PROBE_C_START program=LOW
1770394432035901678 PROBE_C_END program=LOW
1770394432238752993 PROBE_C_START program=LOW
1770394432241969444 PROBE_C_END program=LOW
1770394432444834611 PROBE_C_START program=LOW
1770394432448044228 PROBE_C_END program=LOW
1770394432650885543 PROBE_C_START program=LOW
1770394432654078661 PROBE_C_END program=LOW
1770394432856916457 PROBE_C_START program=LOW
1770394432860092649 PROBE_C_END program=LOW
1770394433062983038 PROBE_C_START program=LOW
1770394433066163970 PROBE_C_END program=LOW
1770394433269027322 PROBE_C_START program=LOW
1770394433272203291 PROBE_C_END program=LOW
1770394433475123273 PROBE_C_START program=LOW
1770394433478338613 PROBE_C_END program=LOW
1770394433681192150 PROBE_C_START program=LOW
1770394433684373027 PROBE_C_END program=LOW
1770394433887202434 PROBE_C_START program=LOW
1770394433890362885 PROBE_C_END program=LOW
1770394434093247830 PROBE_C_START program=LOW
1770394434096431447 PROBE_C_END program=LOW
1770394434299322410 PROBE_C_START program=LOW
1770394434302486046 PROBE_C_END program=LOW
1770394434505372380 PROBE_C_START program=LOW
1770394434508582034 PROBE_C_END program=LOW
1770394434711417627 PROBE_C_START program=LOW
1770394434714609226 PROBE_C_END program=LOW
1770394434917459856 PROBE_C_START program=LOW
1770394434920668103 PROBE_C_END program=LOW
