1772709472103556333 R2_IDLE_B seconds=60
1772709532105432443 R2_PROBE_B seconds=240 bvar=fsync program=low
1772709532108210835 PROBE_B_START program=low bvar=fsync
1772709532160605018 PROBE_B_END program=low bvar=fsync
1772709532363403311 PROBE_B_START program=low bvar=fsync
1772709532418068534 PROBE_B_END program=low bvar=fsync
1772709532620945068 PROBE_B_START program=low bvar=fsync
1772709532676010032 PROBE_B_END program=low bvar=fsync
1772709532878818307 PROBE_B_START program=low bvar=fsync
1772709532937058923 PROBE_B_END program=low bvar=fsync
1772709533139902866 PROBE_B_START program=low bvar=fsync
1772709533194118254 PROBE_B_END program=low bvar=fsync
1772709533396947233 PROBE_B_START program=low bvar=fsync
1772709533486948503 PROBE_B_END program=low bvar=fsync
1772709533689760538 PROBE_B_START program=low bvar=fsync
1772709533751812733 PROBE_B_END program=low bvar=fsync
1772709533954653120 PROBE_B_START program=low bvar=fsync
1772709534316075667 PROBE_B_END program=low bvar=fsync
1772709534518979405 PROBE_B_START program=low bvar=fsync
1772709534576330390 PROBE_B_END program=low bvar=fsync
1772709534779534629 PROBE_B_START program=low bvar=fsync
1772709534831482144 PROBE_B_END program=low bvar=fsync
1772709535034435365 PROBE_B_START program=low bvar=fsync
1772709535084165691 PROBE_B_END program=low bvar=fsync
1772709535287281338 PROBE_B_START program=low bvar=fsync
1772709535334658310 PROBE_B_END program=low bvar=fsync
1772709535537637511 PROBE_B_START program=low bvar=fsync
1772709535586037392 PROBE_B_END program=low bvar=fsync
1772709535788896594 PROBE_B_START program=low bvar=fsync
1772709535882936888 PROBE_B_END program=low bvar=fsync
1772709536085841349 PROBE_B_START program=low bvar=fsync
1772709536137339937 PROBE_B_END program=low bvar=fsync
1772709536340236602 PROBE_B_START program=low bvar=fsync
1772709536390383226 PROBE_B_END program=low bvar=fsync
1772709536593413261 PROBE_B_START program=low bvar=fsync
1772709536640565547 PROBE_B_END program=low bvar=fsync
1772709536843424008 PROBE_B_START program=low bvar=fsync
1772709536895873506 PROBE_B_END program=low bvar=fsync
1772709537098837022 PROBE_B_START program=low bvar=fsync
1772709537148690720 PROBE_B_END program=low bvar=fsync
1772709537351893570 PROBE_B_START program=low bvar=fsync
1772709537402443120 PROBE_B_END program=low bvar=fsync
1772709537605390082 PROBE_B_START program=low bvar=fsync
1772709537654154074 PROBE_B_END program=low bvar=fsync
1772709537857010294 PROBE_B_START program=low bvar=fsync
1772709537905924916 PROBE_B_END program=low bvar=fsync
1772709538108978804 PROBE_B_START program=low bvar=fsync
1772709538156393572 PROBE_B_END program=low bvar=fsync
1772709538359446052 PROBE_B_START program=low bvar=fsync
1772709538409360675 PROBE_B_END program=low bvar=fsync
1772709538612445470 PROBE_B_START program=low bvar=fsync
1772709538660931295 PROBE_B_END program=low bvar=fsync
1772709538863837849 PROBE_B_START program=low bvar=fsync
1772709538911342784 PROBE_B_END program=low bvar=fsync
1772709539114315597 PROBE_B_START program=low bvar=fsync
1772709539209778690 PROBE_B_END program=low bvar=fsync
1772709539412698429 PROBE_B_START program=low bvar=fsync
1772709539462492201 PROBE_B_END program=low bvar=fsync
1772709539665446199 PROBE_B_START program=low bvar=fsync
1772709539711981948 PROBE_B_END program=low bvar=fsync
1772709539914892946 PROBE_B_START program=low bvar=fsync
1772709539967332869 PROBE_B_END program=low bvar=fsync
1772709540170243868 PROBE_B_START program=low bvar=fsync
1772709540218400155 PROBE_B_END program=low bvar=fsync
1772709540421324598 PROBE_B_START program=low bvar=fsync
1772709540471122907 PROBE_B_END program=low bvar=fsync
1772709540674050443 PROBE_B_START program=low bvar=fsync
1772709540720987710 PROBE_B_END program=low bvar=fsync
1772709540923889597 PROBE_B_START program=low bvar=fsync
1772709540972386886 PROBE_B_END program=low bvar=fsync
1772709541175340884 PROBE_B_START program=low bvar=fsync
1772709541223705969 PROBE_B_END program=low bvar=fsync
1772709541426604967 PROBE_B_START program=low bvar=fsync
1772709541473886921 PROBE_B_END program=low bvar=fsync
1772709541676944364 PROBE_B_START program=low bvar=fsync
1772709541725212541 PROBE_B_END program=low bvar=fsync
1772709541928224391 PROBE_B_START program=low bvar=fsync
1772709541976005567 PROBE_B_END program=low bvar=fsync
1772709542178850547 PROBE_B_START program=low bvar=fsync
1772709542229064931 PROBE_B_END program=low bvar=fsync
1772709542431952133 PROBE_B_START program=low bvar=fsync
1772709542480592662 PROBE_B_END program=low bvar=fsync
1772709542683569902 PROBE_B_START program=low bvar=fsync
1772709542780862756 PROBE_B_END program=low bvar=fsync
1772709542983769181 PROBE_B_START program=low bvar=fsync
1772709543039829702 PROBE_B_END program=low bvar=fsync
1772709543242809182 PROBE_B_START program=low bvar=fsync
1772709543292287064 PROBE_B_END program=low bvar=fsync
1772709543495312971 PROBE_B_START program=low bvar=fsync
1772709543550291398 PROBE_B_END program=low bvar=fsync
1772709543753151267 PROBE_B_START program=low bvar=fsync
1772709543804075243 PROBE_B_END program=low bvar=fsync
1772709544007024094 PROBE_B_START program=low bvar=fsync
1772709544060437074 PROBE_B_END program=low bvar=fsync
1772709544263280277 PROBE_B_START program=low bvar=fsync
1772709544850038262 PROBE_B_END program=low bvar=fsync
1772709545052975946 PROBE_B_START program=low bvar=fsync
1772709545185558701 PROBE_B_END program=low bvar=fsync
1772709545388785330 PROBE_B_START program=low bvar=fsync
1772709545446314816 PROBE_B_END program=low bvar=fsync
1772709545649016518 PROBE_B_START program=low bvar=fsync
1772709545695442637 PROBE_B_END program=low bvar=fsync
1772709545898384618 PROBE_B_START program=low bvar=fsync
1772709546013364849 PROBE_B_END program=low bvar=fsync
1772709546216277403 PROBE_B_START program=low bvar=fsync
1772709546406751811 PROBE_B_END program=low bvar=fsync
1772709546609928089 PROBE_B_START program=low bvar=fsync
1772709546681392112 PROBE_B_END program=low bvar=fsync
1772709546884410222 PROBE_B_START program=low bvar=fsync
1772709547038230525 PROBE_B_END program=low bvar=fsync
1772709547241068135 PROBE_B_START program=low bvar=fsync
1772709547291823408 PROBE_B_END program=low bvar=fsync
1772709547494822796 PROBE_B_START program=low bvar=fsync
1772709547563901724 PROBE_B_END program=low bvar=fsync
1772709547766702927 PROBE_B_START program=low bvar=fsync
1772709547834530593 PROBE_B_END program=low bvar=fsync
1772709548037469778 PROBE_B_START program=low bvar=fsync
1772709548087921458 PROBE_B_END program=low bvar=fsync
1772709548290914513 PROBE_B_START program=low bvar=fsync
1772709548360121459 PROBE_B_END program=low bvar=fsync
1772709548562973569 PROBE_B_START program=low bvar=fsync
1772709548633672166 PROBE_B_END program=low bvar=fsync
1772709548836580647 PROBE_B_START program=low bvar=fsync
1772709548910642155 PROBE_B_END program=low bvar=fsync
1772709549113539784 PROBE_B_START program=low bvar=fsync
1772709549163283037 PROBE_B_END program=low bvar=fsync
1772709549366192925 PROBE_B_START program=low bvar=fsync
1772709549412347414 PROBE_B_END program=low bvar=fsync
1772709549615193580 PROBE_B_START program=low bvar=fsync
1772709549661680810 PROBE_B_END program=low bvar=fsync
1772709549864685291 PROBE_B_START program=low bvar=fsync
1772709549912574079 PROBE_B_END program=low bvar=fsync
1772709550115556967 PROBE_B_START program=low bvar=fsync
1772709550162526958 PROBE_B_END program=low bvar=fsync
1772709550365508883 PROBE_B_START program=low bvar=fsync
1772709550413818523 PROBE_B_END program=low bvar=fsync
1772709550616687967 PROBE_B_START program=low bvar=fsync
1772709550712484209 PROBE_B_END program=low bvar=fsync
1772709550915410209 PROBE_B_START program=low bvar=fsync
1772709550962371254 PROBE_B_END program=low bvar=fsync
1772709551165292550 PROBE_B_START program=low bvar=fsync
1772709551214631784 PROBE_B_END program=low bvar=fsync
1772709551417559117 PROBE_B_START program=low bvar=fsync
1772709551464659533 PROBE_B_END program=low bvar=fsync
1772709551667430236 PROBE_B_START program=low bvar=fsync
1772709551716128822 PROBE_B_END program=low bvar=fsync
1772709551918952265 PROBE_B_START program=low bvar=fsync
1772709551966549460 PROBE_B_END program=low bvar=fsync
1772709552169489460 PROBE_B_START program=low bvar=fsync
1772709552221687383 PROBE_B_END program=low bvar=fsync
1772709552424536160 PROBE_B_START program=low bvar=fsync
1772709552473912876 PROBE_B_END program=low bvar=fsync
1772709552676807209 PROBE_B_START program=low bvar=fsync
1772709552726130054 PROBE_B_END program=low bvar=fsync
1772709552929023628 PROBE_B_START program=low bvar=fsync
1772709552980795736 PROBE_B_END program=low bvar=fsync
1772709553183761069 PROBE_B_START program=low bvar=fsync
1772709553233233063 PROBE_B_END program=low bvar=fsync
1772709553436125896 PROBE_B_START program=low bvar=fsync
1772709553489188820 PROBE_B_END program=low bvar=fsync
1772709553692172820 PROBE_B_START program=low bvar=fsync
1772709553742008499 PROBE_B_END program=low bvar=fsync
1772709553944832314 PROBE_B_START program=low bvar=fsync
1772709554042165503 PROBE_B_END program=low bvar=fsync
1772709554245194910 PROBE_B_START program=low bvar=fsync
1772709554916048402 PROBE_B_END program=low bvar=fsync
1772709555118899698 PROBE_B_START program=low bvar=fsync
1772709555249076154 PROBE_B_END program=low bvar=fsync
1772709555452028580 PROBE_B_START program=low bvar=fsync
1772709555519334006 PROBE_B_END program=low bvar=fsync
1772709555722703469 PROBE_B_START program=low bvar=fsync
1772709555780758493 PROBE_B_END program=low bvar=fsync
1772709555983582141 PROBE_B_START program=low bvar=fsync
1772709556041049164 PROBE_B_END program=low bvar=fsync
1772709556244025424 PROBE_B_START program=low bvar=fsync
1772709556291520007 PROBE_B_END program=low bvar=fsync
1772709556494325174 PROBE_B_START program=low bvar=fsync
1772709556544080464 PROBE_B_END program=low bvar=fsync
1772709556749289967 PROBE_B_START program=low bvar=fsync
1772709556798904850 PROBE_B_END program=low bvar=fsync
1772709557001715535 PROBE_B_START program=low bvar=fsync
1772709557051735382 PROBE_B_END program=low bvar=fsync
1772709557254682622 PROBE_B_START program=low bvar=fsync
1772709557303157022 PROBE_B_END program=low bvar=fsync
1772709557506267374 PROBE_B_START program=low bvar=fsync
1772709557555656053 PROBE_B_END program=low bvar=fsync
1772709557758930184 PROBE_B_START program=low bvar=fsync
1772709557808892993 PROBE_B_END program=low bvar=fsync
1772709558011898549 PROBE_B_START program=low bvar=fsync
1772709558106909901 PROBE_B_END program=low bvar=fsync
1772709558309861531 PROBE_B_START program=low bvar=fsync
1772709558359695396 PROBE_B_END program=low bvar=fsync
1772709558562606081 PROBE_B_START program=low bvar=fsync
1772709558614802319 PROBE_B_END program=low bvar=fsync
1772709558817797301 PROBE_B_START program=low bvar=fsync
1772709558867445832 PROBE_B_END program=low bvar=fsync
1772709559070282851 PROBE_B_START program=low bvar=fsync
1772709559153827039 PROBE_B_END program=low bvar=fsync
1772709559356690058 PROBE_B_START program=low bvar=fsync
1772709559407974480 PROBE_B_END program=low bvar=fsync
1772709559610891684 PROBE_B_START program=low bvar=fsync
1772709559658505213 PROBE_B_END program=low bvar=fsync
1772709559861386065 PROBE_B_START program=low bvar=fsync
1772709559909547242 PROBE_B_END program=low bvar=fsync
1772709560112427076 PROBE_B_START program=low bvar=fsync
1772709560159977159 PROBE_B_END program=low bvar=fsync
1772709560362777623 PROBE_B_START program=low bvar=fsync
1772709560409441779 PROBE_B_END program=low bvar=fsync
1772709560612455169 PROBE_B_START program=low bvar=fsync
1772709560662725682 PROBE_B_END program=low bvar=fsync
1772709560866068813 PROBE_B_START program=low bvar=fsync
1772709560914558231 PROBE_B_END program=low bvar=fsync
1772709561117347824 PROBE_B_START program=low bvar=fsync
1772709561167107818 PROBE_B_END program=low bvar=fsync
1772709561369990671 PROBE_B_START program=low bvar=fsync
1772709561417676810 PROBE_B_END program=low bvar=fsync
1772709561620566200 PROBE_B_START program=low bvar=fsync
1772709561669358637 PROBE_B_END program=low bvar=fsync
1772709561872283508 PROBE_B_START program=low bvar=fsync
1772709561924452653 PROBE_B_END program=low bvar=fsync
1772709562127383339 PROBE_B_START program=low bvar=fsync
1772709562176368258 PROBE_B_END program=low bvar=fsync
1772709562379338111 PROBE_B_START program=low bvar=fsync
1772709562479082415 PROBE_B_END program=low bvar=fsync
1772709562681978767 PROBE_B_START program=low bvar=fsync
1772709562730150000 PROBE_B_END program=low bvar=fsync
1772709562933392834 PROBE_B_START program=low bvar=fsync
1772709563000044722 PROBE_B_END program=low bvar=fsync
1772709563202797352 PROBE_B_START program=low bvar=fsync
1772709563249329064 PROBE_B_END program=low bvar=fsync
1772709563452259861 PROBE_B_START program=low bvar=fsync
1772709563503968247 PROBE_B_END program=low bvar=fsync
1772709563706934359 PROBE_B_START program=low bvar=fsync
1772709563759045894 PROBE_B_END program=low bvar=fsync
1772709563962512469 PROBE_B_START program=low bvar=fsync
1772709564014585744 PROBE_B_END program=low bvar=fsync
1772709564217549486 PROBE_B_START program=low bvar=fsync
1772709564273934582 PROBE_B_END program=low bvar=fsync
1772709564476827268 PROBE_B_START program=low bvar=fsync
1772709564529701674 PROBE_B_END program=low bvar=fsync
1772709564732673212 PROBE_B_START program=low bvar=fsync
1772709564784198227 PROBE_B_END program=low bvar=fsync
1772709564987093672 PROBE_B_START program=low bvar=fsync
1772709565040366801 PROBE_B_END program=low bvar=fsync
1772709565243252098 PROBE_B_START program=low bvar=fsync
1772709565856245625 PROBE_B_END program=low bvar=fsync
1772709566059280701 PROBE_B_START program=low bvar=fsync
1772709566678824015 PROBE_B_END program=low bvar=fsync
1772709566881654960 PROBE_B_START program=low bvar=fsync
1772709566947339921 PROBE_B_END program=low bvar=fsync
1772709567150156570 PROBE_B_START program=low bvar=fsync
1772709567212089933 PROBE_B_END program=low bvar=fsync
1772709567414858304 PROBE_B_START program=low bvar=fsync
1772709567469912880 PROBE_B_END program=low bvar=fsync
1772709567672750381 PROBE_B_START program=low bvar=fsync
1772709567724487026 PROBE_B_END program=low bvar=fsync
1772709567927262287 PROBE_B_START program=low bvar=fsync
1772709567976291928 PROBE_B_END program=low bvar=fsync
1772709568179272522 PROBE_B_START program=low bvar=fsync
1772709568280550328 PROBE_B_END program=low bvar=fsync
1772709568483331088 PROBE_B_START program=low bvar=fsync
1772709568536823884 PROBE_B_END program=low bvar=fsync
1772709568739614700 PROBE_B_START program=low bvar=fsync
1772709568797043927 PROBE_B_END program=low bvar=fsync
1772709568999880576 PROBE_B_START program=low bvar=fsync
1772709569049182700 PROBE_B_END program=low bvar=fsync
1772709569251951645 PROBE_B_START program=low bvar=fsync
1772709569304465329 PROBE_B_END program=low bvar=fsync
1772709569507315163 PROBE_B_START program=low bvar=fsync
1772709569557266954 PROBE_B_END program=low bvar=fsync
1772709569760089566 PROBE_B_START program=low bvar=fsync
1772709569809794505 PROBE_B_END program=low bvar=fsync
1772709570012707840 PROBE_B_START program=low bvar=fsync
1772709570060930332 PROBE_B_END program=low bvar=fsync
1772709570263558741 PROBE_B_START program=low bvar=fsync
1772709570309295526 PROBE_B_END program=low bvar=fsync
1772709570512109805 PROBE_B_START program=low bvar=fsync
1772709570561218817 PROBE_B_END program=low bvar=fsync
1772709570764037096 PROBE_B_START program=low bvar=fsync
1772709570811636661 PROBE_B_END program=low bvar=fsync
1772709571014484959 PROBE_B_START program=low bvar=fsync
1772709571060533319 PROBE_B_END program=low bvar=fsync
1772709571263160227 PROBE_B_START program=low bvar=fsync
1772709571310667274 PROBE_B_END program=low bvar=fsync
1772709571513458683 PROBE_B_START program=low bvar=fsync
1772709571561888953 PROBE_B_END program=low bvar=fsync
1772709571764767733 PROBE_B_START program=low bvar=fsync
1772709571813980634 PROBE_B_END program=low bvar=fsync
1772709572016838228 PROBE_B_START program=low bvar=fsync
1772709572063661385 PROBE_B_END program=low bvar=fsync
1772709572266599127 PROBE_B_START program=low bvar=fsync
1772709572315993084 PROBE_B_END program=low bvar=fsync
1772709572518732752 PROBE_B_START program=low bvar=fsync
1772709572622860933 PROBE_B_END program=low bvar=fsync
1772709572825621341 PROBE_B_START program=low bvar=fsync
1772709572873704334 PROBE_B_END program=low bvar=fsync
1772709573076538780 PROBE_B_START program=low bvar=fsync
1772709573171523633 PROBE_B_END program=low bvar=fsync
1772709573374184264 PROBE_B_START program=low bvar=fsync
1772709573420705772 PROBE_B_END program=low bvar=fsync
1772709573623533052 PROBE_B_START program=low bvar=fsync
1772709573672195304 PROBE_B_END program=low bvar=fsync
1772709573875266380 PROBE_B_START program=low bvar=fsync
1772709573924706263 PROBE_B_END program=low bvar=fsync
1772709574127508283 PROBE_B_START program=low bvar=fsync
1772709574176859147 PROBE_B_END program=low bvar=fsync
1772709574379804871 PROBE_B_START program=low bvar=fsync
1772709574429002346 PROBE_B_END program=low bvar=fsync
1772709574631889700 PROBE_B_START program=low bvar=fsync
1772709574686392534 PROBE_B_END program=low bvar=fsync
1772709574891834854 PROBE_B_START program=low bvar=fsync
1772709574943990371 PROBE_B_END program=low bvar=fsync
1772709575146806391 PROBE_B_START program=low bvar=fsync
1772709575196306089 PROBE_B_END program=low bvar=fsync
1772709575399198572 PROBE_B_START program=low bvar=fsync
1772709575452367590 PROBE_B_END program=low bvar=fsync
1772709575655165388 PROBE_B_START program=low bvar=fsync
1772709575704232900 PROBE_B_END program=low bvar=fsync
1772709575907230328 PROBE_B_START program=low bvar=fsync
1772709575959643660 PROBE_B_END program=low bvar=fsync
1772709576162474661 PROBE_B_START program=low bvar=fsync
1772709576857582953 PROBE_B_END program=low bvar=fsync
1772709577060545955 PROBE_B_START program=low bvar=fsync
1772709577276300827 PROBE_B_END program=low bvar=fsync
1772709577479085570 PROBE_B_START program=low bvar=fsync
1772709577533637626 PROBE_B_END program=low bvar=fsync
1772709577736474054 PROBE_B_START program=low bvar=fsync
1772709577831494093 PROBE_B_END program=low bvar=fsync
1772709578034483095 PROBE_B_START program=low bvar=fsync
1772709578084533794 PROBE_B_END program=low bvar=fsync
1772709578287443426 PROBE_B_START program=low bvar=fsync
1772709578337366661 PROBE_B_END program=low bvar=fsync
1772709578540278052 PROBE_B_START program=low bvar=fsync
1772709578587391895 PROBE_B_END program=low bvar=fsync
1772709578790340601 PROBE_B_START program=low bvar=fsync
1772709578846980494 PROBE_B_END program=low bvar=fsync
1772709579049926107 PROBE_B_START program=low bvar=fsync
1772709579100442270 PROBE_B_END program=low bvar=fsync
1772709579303396568 PROBE_B_START program=low bvar=fsync
1772709579353112304 PROBE_B_END program=low bvar=fsync
1772709579555816324 PROBE_B_START program=low bvar=fsync
1772709579602236184 PROBE_B_END program=low bvar=fsync
1772709579805138298 PROBE_B_START program=low bvar=fsync
1772709579854639792 PROBE_B_END program=low bvar=fsync
1772709580057465072 PROBE_B_START program=low bvar=fsync
1772709580106331380 PROBE_B_END program=low bvar=fsync
1772709580309216086 PROBE_B_START program=low bvar=fsync
1772709580356853504 PROBE_B_END program=low bvar=fsync
1772709580559602914 PROBE_B_START program=low bvar=fsync
1772709580609282204 PROBE_B_END program=low bvar=fsync
1772709580812199781 PROBE_B_START program=low bvar=fsync
1772709580860569218 PROBE_B_END program=low bvar=fsync
1772709581063422665 PROBE_B_START program=low bvar=fsync
1772709581112234473 PROBE_B_END program=low bvar=fsync
1772709581315183624 PROBE_B_START program=low bvar=fsync
1772709581364259599 PROBE_B_END program=low bvar=fsync
1772709581566967934 PROBE_B_START program=low bvar=fsync
1772709581612393849 PROBE_B_END program=low bvar=fsync
1772709581815331407 PROBE_B_START program=low bvar=fsync
1772709581863912289 PROBE_B_END program=low bvar=fsync
1772709582066705828 PROBE_B_START program=low bvar=fsync
1772709582119176364 PROBE_B_END program=low bvar=fsync
1772709582322150422 PROBE_B_START program=low bvar=fsync
1772709582408186745 PROBE_B_END program=low bvar=fsync
1772709582610855821 PROBE_B_START program=low bvar=fsync
1772709582668387660 PROBE_B_END program=low bvar=fsync
1772709582871176143 PROBE_B_START program=low bvar=fsync
1772709582931004782 PROBE_B_END program=low bvar=fsync
1772709583133916099 PROBE_B_START program=low bvar=fsync
1772709583184266706 PROBE_B_END program=low bvar=fsync
1772709583387130931 PROBE_B_START program=low bvar=fsync
1772709583434340496 PROBE_B_END program=low bvar=fsync
1772709583637045350 PROBE_B_START program=low bvar=fsync
1772709583685046565 PROBE_B_END program=low bvar=fsync
1772709583887906771 PROBE_B_START program=low bvar=fsync
1772709583935880763 PROBE_B_END program=low bvar=fsync
1772709584138734155 PROBE_B_START program=low bvar=fsync
1772709584189260206 PROBE_B_END program=low bvar=fsync
1772709584392162838 PROBE_B_START program=low bvar=fsync
1772709584440276146 PROBE_B_END program=low bvar=fsync
1772709584643153741 PROBE_B_START program=low bvar=fsync
1772709584694102515 PROBE_B_END program=low bvar=fsync
1772709584897049073 PROBE_B_START program=low bvar=fsync
1772709584949432868 PROBE_B_END program=low bvar=fsync
1772709585152326482 PROBE_B_START program=low bvar=fsync
1772709585202031847 PROBE_B_END program=low bvar=fsync
1772709585404996887 PROBE_B_START program=low bvar=fsync
1772709585440463232 PROBE_B_END program=low bvar=fsync
1772709585643637199 PROBE_B_START program=low bvar=fsync
1772709585672784146 PROBE_B_END program=low bvar=fsync
1772709585875786723 PROBE_B_START program=low bvar=fsync
1772709585904580837 PROBE_B_END program=low bvar=fsync
1772709586107506766 PROBE_B_START program=low bvar=fsync
1772709586135893824 PROBE_B_END program=low bvar=fsync
1772709586338811882 PROBE_B_START program=low bvar=fsync
1772709586367744385 PROBE_B_END program=low bvar=fsync
1772709586570575296 PROBE_B_START program=low bvar=fsync
1772709586657697768 PROBE_B_END program=low bvar=fsync
1772709586860676308 PROBE_B_START program=low bvar=fsync
1772709586938220545 PROBE_B_END program=low bvar=fsync
1772709587141198974 PROBE_B_START program=low bvar=fsync
1772709587812550014 PROBE_B_END program=low bvar=fsync
1772709588015380832 PROBE_B_START program=low bvar=fsync
1772709588188519646 PROBE_B_END program=low bvar=fsync
1772709588391547464 PROBE_B_START program=low bvar=fsync
1772709588459805114 PROBE_B_END program=low bvar=fsync
1772709588662760450 PROBE_B_START program=low bvar=fsync
1772709588756219598 PROBE_B_END program=low bvar=fsync
1772709588959379805 PROBE_B_START program=low bvar=fsync
1772709589023648654 PROBE_B_END program=low bvar=fsync
1772709589231786590 PROBE_B_START program=low bvar=fsync
1772709589324843089 PROBE_B_END program=low bvar=fsync
1772709589527662407 PROBE_B_START program=low bvar=fsync
1772709589584592505 PROBE_B_END program=low bvar=fsync
1772709589787688119 PROBE_B_START program=low bvar=fsync
1772709589912250977 PROBE_B_END program=low bvar=fsync
1772709590115124962 PROBE_B_START program=low bvar=fsync
1772709590164397567 PROBE_B_END program=low bvar=fsync
1772709590367282403 PROBE_B_START program=low bvar=fsync
1772709590436175147 PROBE_B_END program=low bvar=fsync
1772709590639020484 PROBE_B_START program=low bvar=fsync
1772709590687795347 PROBE_B_END program=low bvar=fsync
1772709590890697666 PROBE_B_START program=low bvar=fsync
1772709590935343339 PROBE_B_END program=low bvar=fsync
1772709591138202379 PROBE_B_START program=low bvar=fsync
1772709591296879636 PROBE_B_END program=low bvar=fsync
1772709591499754139 PROBE_B_START program=low bvar=fsync
1772709591560252279 PROBE_B_END program=low bvar=fsync
1772709591763118486 PROBE_B_START program=low bvar=fsync
1772709591838117515 PROBE_B_END program=low bvar=fsync
1772709592041175260 PROBE_B_START program=low bvar=fsync
1772709592136376188 PROBE_B_END program=low bvar=fsync
1772709592339363395 PROBE_B_START program=low bvar=fsync
1772709592388474482 PROBE_B_END program=low bvar=fsync
1772709592591313356 PROBE_B_START program=low bvar=fsync
1772709592639187126 PROBE_B_END program=low bvar=fsync
1772709592842138129 PROBE_B_START program=low bvar=fsync
1772709592890685919 PROBE_B_END program=low bvar=fsync
1772709593093600885 PROBE_B_START program=low bvar=fsync
1772709593144604789 PROBE_B_END program=low bvar=fsync
1772709593347661034 PROBE_B_START program=low bvar=fsync
1772709593396069842 PROBE_B_END program=low bvar=fsync
1772709593598883512 PROBE_B_START program=low bvar=fsync
1772709593646467671 PROBE_B_END program=low bvar=fsync
1772709593849355045 PROBE_B_START program=low bvar=fsync
1772709593899032299 PROBE_B_END program=low bvar=fsync
1772709594102052895 PROBE_B_START program=low bvar=fsync
1772709594151370389 PROBE_B_END program=low bvar=fsync
1772709594354262911 PROBE_B_START program=low bvar=fsync
1772709594398317454 PROBE_B_END program=low bvar=fsync
1772709594601212624 PROBE_B_START program=low bvar=fsync
1772709594662835265 PROBE_B_END program=low bvar=fsync
1772709594865817751 PROBE_B_START program=low bvar=fsync
1772709594922549348 PROBE_B_END program=low bvar=fsync
1772709595125512685 PROBE_B_START program=low bvar=fsync
1772709595175170235 PROBE_B_END program=low bvar=fsync
1772709595378106554 PROBE_B_START program=low bvar=fsync
1772709595432877760 PROBE_B_END program=low bvar=fsync
1772709595635687893 PROBE_B_START program=low bvar=fsync
1772709595685718592 PROBE_B_END program=low bvar=fsync
1772709595888630633 PROBE_B_START program=low bvar=fsync
1772709596504891433 PROBE_B_END program=low bvar=fsync
1772709596707849177 PROBE_B_START program=low bvar=fsync
1772709596999816379 PROBE_B_END program=low bvar=fsync
1772709597202872568 PROBE_B_START program=low bvar=fsync
1772709597248040057 PROBE_B_END program=low bvar=fsync
1772709597450923635 PROBE_B_START program=low bvar=fsync
1772709597562876253 PROBE_B_END program=low bvar=fsync
1772709597766010554 PROBE_B_START program=low bvar=fsync
1772709597830370625 PROBE_B_END program=low bvar=fsync
1772709598033733037 PROBE_B_START program=low bvar=fsync
1772709598095249437 PROBE_B_END program=low bvar=fsync
1772709598298090793 PROBE_B_START program=low bvar=fsync
1772709598346308267 PROBE_B_END program=low bvar=fsync
1772709598549219919 PROBE_B_START program=low bvar=fsync
1772709598598490673 PROBE_B_END program=low bvar=fsync
1772709598801415047 PROBE_B_START program=low bvar=fsync
1772709598850339319 PROBE_B_END program=low bvar=fsync
1772709599053637750 PROBE_B_START program=low bvar=fsync
1772709599102337799 PROBE_B_END program=low bvar=fsync
1772709599305159006 PROBE_B_START program=low bvar=fsync
1772709599353298351 PROBE_B_END program=low bvar=fsync
1772709599556301966 PROBE_B_START program=low bvar=fsync
1772709599606247962 PROBE_B_END program=low bvar=fsync
1772709599809118929 PROBE_B_START program=low bvar=fsync
1772709599865202729 PROBE_B_END program=low bvar=fsync
1772709600068132566 PROBE_B_START program=low bvar=fsync
1772709600159177156 PROBE_B_END program=low bvar=fsync
1772709600362073327 PROBE_B_START program=low bvar=fsync
1772709600420506075 PROBE_B_END program=low bvar=fsync
1772709600623337005 PROBE_B_START program=low bvar=fsync
1772709600670760108 PROBE_B_END program=low bvar=fsync
1772709600873742834 PROBE_B_START program=low bvar=fsync
1772709600921953994 PROBE_B_END program=low bvar=fsync
1772709601125371647 PROBE_B_START program=low bvar=fsync
1772709601175742180 PROBE_B_END program=low bvar=fsync
1772709601378676851 PROBE_B_START program=low bvar=fsync
1772709601425405453 PROBE_B_END program=low bvar=fsync
1772709601628430328 PROBE_B_START program=low bvar=fsync
1772709601677891582 PROBE_B_END program=low bvar=fsync
1772709601880891031 PROBE_B_START program=low bvar=fsync
1772709601974306753 PROBE_B_END program=low bvar=fsync
1772709602177270813 PROBE_B_START program=low bvar=fsync
1772709602226842067 PROBE_B_END program=low bvar=fsync
1772709602429753979 PROBE_B_START program=low bvar=fsync
1772709602477402916 PROBE_B_END program=low bvar=fsync
1772709602680330902 PROBE_B_START program=low bvar=fsync
1772709602728017283 PROBE_B_END program=low bvar=fsync
1772709602930958324 PROBE_B_START program=low bvar=fsync
1772709602982108581 PROBE_B_END program=low bvar=fsync
1772709603184969326 PROBE_B_START program=low bvar=fsync
1772709603238441048 PROBE_B_END program=low bvar=fsync
1772709603441369127 PROBE_B_START program=low bvar=fsync
1772709603491084622 PROBE_B_END program=low bvar=fsync
1772709603693954719 PROBE_B_START program=low bvar=fsync
1772709603741160600 PROBE_B_END program=low bvar=fsync
1772709603944153123 PROBE_B_START program=low bvar=fsync
1772709603994819730 PROBE_B_END program=low bvar=fsync
1772709604197674049 PROBE_B_START program=low bvar=fsync
1772709604249778603 PROBE_B_END program=low bvar=fsync
1772709604452771127 PROBE_B_START program=low bvar=fsync
1772709604502588715 PROBE_B_END program=low bvar=fsync
1772709604705552312 PROBE_B_START program=low bvar=fsync
1772709604759586331 PROBE_B_END program=low bvar=fsync
1772709604962497855 PROBE_B_START program=low bvar=fsync
1772709605012190090 PROBE_B_END program=low bvar=fsync
1772709605215077039 PROBE_B_START program=low bvar=fsync
1772709605268288132 PROBE_B_END program=low bvar=fsync
1772709605471357230 PROBE_B_START program=low bvar=fsync
1772709605578869435 PROBE_B_END program=low bvar=fsync
1772709605781739217 PROBE_B_START program=low bvar=fsync
1772709606439177873 PROBE_B_END program=low bvar=fsync
1772709606642101878 PROBE_B_START program=low bvar=fsync
1772709607227889268 PROBE_B_END program=low bvar=fsync
1772709607430873532 PROBE_B_START program=low bvar=fsync
1772709607507892232 PROBE_B_END program=low bvar=fsync
1772709607710752515 PROBE_B_START program=low bvar=fsync
1772709607772152304 PROBE_B_END program=low bvar=fsync
1772709607975058864 PROBE_B_START program=low bvar=fsync
1772709608031981314 PROBE_B_END program=low bvar=fsync
1772709608234904171 PROBE_B_START program=low bvar=fsync
1772709608284168313 PROBE_B_END program=low bvar=fsync
1772709608486920689 PROBE_B_START program=low bvar=fsync
1772709608537429463 PROBE_B_END program=low bvar=fsync
1772709608740319338 PROBE_B_START program=low bvar=fsync
1772709608789864907 PROBE_B_END program=low bvar=fsync
1772709608992783930 PROBE_B_START program=low bvar=fsync
1772709609044247687 PROBE_B_END program=low bvar=fsync
1772709609247246044 PROBE_B_START program=low bvar=fsync
1772709609293544553 PROBE_B_END program=low bvar=fsync
1772709609496327799 PROBE_B_START program=low bvar=fsync
1772709609548386353 PROBE_B_END program=low bvar=fsync
1772709609751255117 PROBE_B_START program=low bvar=fsync
1772709609802912393 PROBE_B_END program=low bvar=fsync
1772709610005770027 PROBE_B_START program=low bvar=fsync
1772709610057135673 PROBE_B_END program=low bvar=fsync
1772709610260047012 PROBE_B_START program=low bvar=fsync
1772709610308579061 PROBE_B_END program=low bvar=fsync
1772709610511345251 PROBE_B_START program=low bvar=fsync
1772709610560998857 PROBE_B_END program=low bvar=fsync
1772709610763967529 PROBE_B_START program=low bvar=fsync
1772709610816824066 PROBE_B_END program=low bvar=fsync
1772709611019700960 PROBE_B_START program=low bvar=fsync
1772709611067964786 PROBE_B_END program=low bvar=fsync
1772709611270877736 PROBE_B_START program=low bvar=fsync
1772709611366369517 PROBE_B_END program=low bvar=fsync
1772709611569120707 PROBE_B_START program=low bvar=fsync
1772709611619557870 PROBE_B_END program=low bvar=fsync
1772709611822901339 PROBE_B_START program=low bvar=fsync
1772709611873595206 PROBE_B_END program=low bvar=fsync
1772709612076549526 PROBE_B_START program=low bvar=fsync
1772709612127920950 PROBE_B_END program=low bvar=fsync
1772709612331085881 PROBE_B_START program=low bvar=fsync
1772709612382450416 PROBE_B_END program=low bvar=fsync
1772709612585314180 PROBE_B_START program=low bvar=fsync
1772709612633870007 PROBE_B_END program=low bvar=fsync
1772709612836738161 PROBE_B_START program=low bvar=fsync
1772709613473955624 PROBE_B_END program=low bvar=fsync
1772709613676874574 PROBE_B_START program=low bvar=fsync
1772709614039294580 PROBE_B_END program=low bvar=fsync
1772709614242174715 PROBE_B_START program=low bvar=fsync
1772709614303443948 PROBE_B_END program=low bvar=fsync
1772709614506312435 PROBE_B_START program=low bvar=fsync
1772709614564522443 PROBE_B_END program=low bvar=fsync
1772709614767554467 PROBE_B_START program=low bvar=fsync
1772709614819521854 PROBE_B_END program=low bvar=fsync
1772709615022481063 PROBE_B_START program=low bvar=fsync
1772709615072358652 PROBE_B_END program=low bvar=fsync
1772709615275340454 PROBE_B_START program=low bvar=fsync
1772709615328498083 PROBE_B_END program=low bvar=fsync
1772709615531346570 PROBE_B_START program=low bvar=fsync
1772709616147915765 PROBE_B_END program=low bvar=fsync
1772709616350787752 PROBE_B_START program=low bvar=fsync
1772709616887842576 PROBE_B_END program=low bvar=fsync
1772709617090744748 PROBE_B_START program=low bvar=fsync
1772709617165499612 PROBE_B_END program=low bvar=fsync
1772709617368428470 PROBE_B_START program=low bvar=fsync
1772709617431132650 PROBE_B_END program=low bvar=fsync
1772709617634010285 PROBE_B_START program=low bvar=fsync
1772709617745234070 PROBE_B_END program=low bvar=fsync
1772709617948028965 PROBE_B_START program=low bvar=fsync
1772709618003103468 PROBE_B_END program=low bvar=fsync
1772709618206057751 PROBE_B_START program=low bvar=fsync
1772709618253786966 PROBE_B_END program=low bvar=fsync
1772709618456671027 PROBE_B_START program=low bvar=fsync
1772709618511369493 PROBE_B_END program=low bvar=fsync
1772709618714327073 PROBE_B_START program=low bvar=fsync
1772709618764218328 PROBE_B_END program=low bvar=fsync
1772709618967014130 PROBE_B_START program=low bvar=fsync
1772709619016921310 PROBE_B_END program=low bvar=fsync
1772709619219841798 PROBE_B_START program=low bvar=fsync
1772709619267256123 PROBE_B_END program=low bvar=fsync
1772709619470095111 PROBE_B_START program=low bvar=fsync
1772709619517582103 PROBE_B_END program=low bvar=fsync
1772709619720601368 PROBE_B_START program=low bvar=fsync
1772709619770689179 PROBE_B_END program=low bvar=fsync
1772709619973680241 PROBE_B_START program=low bvar=fsync
1772709620030325931 PROBE_B_END program=low bvar=fsync
1772709620233293752 PROBE_B_START program=low bvar=fsync
1772709620281444634 PROBE_B_END program=low bvar=fsync
1772709620484256010 PROBE_B_START program=low bvar=fsync
1772709620562748305 PROBE_B_END program=low bvar=fsync
1772709620766104608 PROBE_B_START program=low bvar=fsync
1772709620813814286 PROBE_B_END program=low bvar=fsync
1772709621016712533 PROBE_B_START program=low bvar=fsync
1772709621063348968 PROBE_B_END program=low bvar=fsync
1772709621266348363 PROBE_B_START program=low bvar=fsync
1772709621315536895 PROBE_B_END program=low bvar=fsync
1772709621518314383 PROBE_B_START program=low bvar=fsync
1772709621566042561 PROBE_B_END program=low bvar=fsync
1772709621769443530 PROBE_B_START program=low bvar=fsync
1772709621871931840 PROBE_B_END program=low bvar=fsync
1772709622074749883 PROBE_B_START program=low bvar=fsync
1772709622122467376 PROBE_B_END program=low bvar=fsync
1772709622325355623 PROBE_B_START program=low bvar=fsync
1772709622372405078 PROBE_B_END program=low bvar=fsync
1772709622575333380 PROBE_B_START program=low bvar=fsync
1772709622624016189 PROBE_B_END program=low bvar=fsync
1772709622827604381 PROBE_B_START program=low bvar=fsync
1772709622877943230 PROBE_B_END program=low bvar=fsync
1772709623080846236 PROBE_B_START program=low bvar=fsync
1772709623129418322 PROBE_B_END program=low bvar=fsync
1772709623332751403 PROBE_B_START program=low bvar=fsync
1772709623381178008 PROBE_B_END program=low bvar=fsync
1772709623584131088 PROBE_B_START program=low bvar=fsync
1772709623634523511 PROBE_B_END program=low bvar=fsync
1772709623837515425 PROBE_B_START program=low bvar=fsync
1772709623888641348 PROBE_B_END program=low bvar=fsync
1772709624091536521 PROBE_B_START program=low bvar=fsync
1772709624141497980 PROBE_B_END program=low bvar=fsync
1772709624344516986 PROBE_B_START program=low bvar=fsync
1772709624398879137 PROBE_B_END program=low bvar=fsync
1772709624601792847 PROBE_B_START program=low bvar=fsync
1772709624651589046 PROBE_B_END program=low bvar=fsync
1772709624854469478 PROBE_B_START program=low bvar=fsync
1772709624908414035 PROBE_B_END program=low bvar=fsync
1772709625111355745 PROBE_B_START program=low bvar=fsync
1772709625158274089 PROBE_B_END program=low bvar=fsync
1772709625361228595 PROBE_B_START program=low bvar=fsync
1772709625411129147 PROBE_B_END program=low bvar=fsync
1772709625614008986 PROBE_B_START program=low bvar=fsync
1772709625668130951 PROBE_B_END program=low bvar=fsync
1772709625871025384 PROBE_B_START program=low bvar=fsync
1772709625933974675 PROBE_B_END program=low bvar=fsync
1772709626136880737 PROBE_B_START program=low bvar=fsync
1772709626185701750 PROBE_B_END program=low bvar=fsync
1772709626388579998 PROBE_B_START program=low bvar=fsync
1772709626502816065 PROBE_B_END program=low bvar=fsync
1772709626705789535 PROBE_B_START program=low bvar=fsync
1772709626756842402 PROBE_B_END program=low bvar=fsync
1772709626960363928 PROBE_B_START program=low bvar=fsync
1772709627015532339 PROBE_B_END program=low bvar=fsync
1772709627218350901 PROBE_B_START program=low bvar=fsync
1772709627820185300 PROBE_B_END program=low bvar=fsync
1772709628023404289 PROBE_B_START program=low bvar=fsync
1772709628200206073 PROBE_B_END program=low bvar=fsync
1772709628403054154 PROBE_B_START program=low bvar=fsync
1772709628461499292 PROBE_B_END program=low bvar=fsync
1772709628664367650 PROBE_B_START program=low bvar=fsync
1772709628714152646 PROBE_B_END program=low bvar=fsync
1772709628917081449 PROBE_B_START program=low bvar=fsync
1772709628967062834 PROBE_B_END program=low bvar=fsync
1772709629169987433 PROBE_B_START program=low bvar=fsync
1772709629222956674 PROBE_B_END program=low bvar=fsync
1772709629425947088 PROBE_B_START program=low bvar=fsync
1772709629475125083 PROBE_B_END program=low bvar=fsync
1772709629678014146 PROBE_B_START program=low bvar=fsync
1772709629726487843 PROBE_B_END program=low bvar=fsync
1772709629929425924 PROBE_B_START program=low bvar=fsync
1772709629979609420 PROBE_B_END program=low bvar=fsync
1772709630182387001 PROBE_B_START program=low bvar=fsync
1772709630232063460 PROBE_B_END program=low bvar=fsync
1772709630434985152 PROBE_B_START program=low bvar=fsync
1772709630481433291 PROBE_B_END program=low bvar=fsync
1772709630684289168 PROBE_B_START program=low bvar=fsync
1772709630733213107 PROBE_B_END program=low bvar=fsync
1772709630936124929 PROBE_B_START program=low bvar=fsync
1772709630983631125 PROBE_B_END program=low bvar=fsync
1772709631186358447 PROBE_B_START program=low bvar=fsync
1772709631235053126 PROBE_B_END program=low bvar=fsync
1772709631437886781 PROBE_B_START program=low bvar=fsync
1772709631533847360 PROBE_B_END program=low bvar=fsync
1772709631736661274 PROBE_B_START program=low bvar=fsync
1772709631786724363 PROBE_B_END program=low bvar=fsync
1772709631989609592 PROBE_B_START program=low bvar=fsync
1772709632036552788 PROBE_B_END program=low bvar=fsync
1772709632239470999 PROBE_B_START program=low bvar=fsync
1772709632286104842 PROBE_B_END program=low bvar=fsync
1772709632489001608 PROBE_B_START program=low bvar=fsync
1772709632541649460 PROBE_B_END program=low bvar=fsync
1772709632744534948 PROBE_B_START program=low bvar=fsync
1772709632794799982 PROBE_B_END program=low bvar=fsync
1772709632997760841 PROBE_B_START program=low bvar=fsync
1772709633046240131 PROBE_B_END program=low bvar=fsync
1772709633248935675 PROBE_B_START program=low bvar=fsync
1772709633298352726 PROBE_B_END program=low bvar=fsync
1772709633501177677 PROBE_B_START program=low bvar=fsync
1772709633553154213 PROBE_B_END program=low bvar=fsync
1772709633756040313 PROBE_B_START program=low bvar=fsync
1772709633810366056 PROBE_B_END program=low bvar=fsync
1772709634013356044 PROBE_B_START program=low bvar=fsync
1772709634066143656 PROBE_B_END program=low bvar=fsync
1772709634268833477 PROBE_B_START program=low bvar=fsync
1772709634320183660 PROBE_B_END program=low bvar=fsync
1772709634523118279 PROBE_B_START program=low bvar=fsync
1772709634570633364 PROBE_B_END program=low bvar=fsync
1772709634773444519 PROBE_B_START program=low bvar=fsync
1772709634821821032 PROBE_B_END program=low bvar=fsync
1772709635024779446 PROBE_B_START program=low bvar=fsync
1772709635072988033 PROBE_B_END program=low bvar=fsync
1772709635275656003 PROBE_B_START program=low bvar=fsync
1772709635323895922 PROBE_B_END program=low bvar=fsync
1772709635526758929 PROBE_B_START program=low bvar=fsync
1772709635578621558 PROBE_B_END program=low bvar=fsync
1772709635781586880 PROBE_B_START program=low bvar=fsync
1772709635881844539 PROBE_B_END program=low bvar=fsync
1772709636084681435 PROBE_B_START program=low bvar=fsync
1772709636138344826 PROBE_B_END program=low bvar=fsync
1772709636341106629 PROBE_B_START program=low bvar=fsync
1772709636390253994 PROBE_B_END program=low bvar=fsync
1772709636593153780 PROBE_B_START program=low bvar=fsync
1772709636644619389 PROBE_B_END program=low bvar=fsync
1772709636847513896 PROBE_B_START program=low bvar=fsync
1772709636897374170 PROBE_B_END program=low bvar=fsync
1772709637100261714 PROBE_B_START program=low bvar=fsync
1772709637196894147 PROBE_B_END program=low bvar=fsync
1772709637399782043 PROBE_B_START program=low bvar=fsync
1772709638041094648 PROBE_B_END program=low bvar=fsync
1772709638243998693 PROBE_B_START program=low bvar=fsync
1772709638799293659 PROBE_B_END program=low bvar=fsync
1772709639002225037 PROBE_B_START program=low bvar=fsync
1772709639069476872 PROBE_B_END program=low bvar=fsync
1772709639272417287 PROBE_B_START program=low bvar=fsync
1772709639331153481 PROBE_B_END program=low bvar=fsync
1772709639534213859 PROBE_B_START program=low bvar=fsync
1772709639594168406 PROBE_B_END program=low bvar=fsync
1772709639797066099 PROBE_B_START program=low bvar=fsync
1772709639844803685 PROBE_B_END program=low bvar=fsync
1772709640047638470 PROBE_B_START program=low bvar=fsync
1772709640094988166 PROBE_B_END program=low bvar=fsync
1772709640297796322 PROBE_B_START program=low bvar=fsync
1772709640346481020 PROBE_B_END program=low bvar=fsync
1772709640549211435 PROBE_B_START program=low bvar=fsync
1772709640596127631 PROBE_B_END program=low bvar=fsync
1772709640799104509 PROBE_B_START program=low bvar=fsync
1772709640847044558 PROBE_B_END program=low bvar=fsync
1772709641050027140 PROBE_B_START program=low bvar=fsync
1772709641097052761 PROBE_B_END program=low bvar=fsync
1772709641299930140 PROBE_B_START program=low bvar=fsync
1772709641347324632 PROBE_B_END program=low bvar=fsync
1772709641550242214 PROBE_B_START program=low bvar=fsync
1772709641600784304 PROBE_B_END program=low bvar=fsync
1772709641803667015 PROBE_B_START program=low bvar=fsync
1772709641904407101 PROBE_B_END program=low bvar=fsync
1772709642107274517 PROBE_B_START program=low bvar=fsync
1772709642156130697 PROBE_B_END program=low bvar=fsync
1772709642359017204 PROBE_B_START program=low bvar=fsync
1772709642405414770 PROBE_B_END program=low bvar=fsync
1772709642608303907 PROBE_B_START program=low bvar=fsync
1772709642657731088 PROBE_B_END program=low bvar=fsync
1772709642860652411 PROBE_B_START program=low bvar=fsync
1772709642907381736 PROBE_B_END program=low bvar=fsync
1772709643110313558 PROBE_B_START program=low bvar=fsync
1772709643157498495 PROBE_B_END program=low bvar=fsync
1772709643360409411 PROBE_B_START program=low bvar=fsync
1772709643411029130 PROBE_B_END program=low bvar=fsync
1772709643613908119 PROBE_B_START program=low bvar=fsync
1772709643661340723 PROBE_B_END program=low bvar=fsync
1772709643864362342 PROBE_B_START program=low bvar=fsync
1772709643912798874 PROBE_B_END program=low bvar=fsync
1772709644115747882 PROBE_B_START program=low bvar=fsync
1772709644162885355 PROBE_B_END program=low bvar=fsync
1772709644365895253 PROBE_B_START program=low bvar=fsync
1772709644416049286 PROBE_B_END program=low bvar=fsync
1772709644618822701 PROBE_B_START program=low bvar=fsync
1772709644667098121 PROBE_B_END program=low bvar=fsync
1772709644869986074 PROBE_B_START program=low bvar=fsync
1772709644919357977 PROBE_B_END program=low bvar=fsync
1772709645122278762 PROBE_B_START program=low bvar=fsync
1772709645173501872 PROBE_B_END program=low bvar=fsync
1772709645376369935 PROBE_B_START program=low bvar=fsync
1772709645425217282 PROBE_B_END program=low bvar=fsync
1772709645628114920 PROBE_B_START program=low bvar=fsync
1772709645679902456 PROBE_B_END program=low bvar=fsync
1772709645882764334 PROBE_B_START program=low bvar=fsync
1772709645933000646 PROBE_B_END program=low bvar=fsync
1772709646135966135 PROBE_B_START program=low bvar=fsync
1772709646235397183 PROBE_B_END program=low bvar=fsync
1772709646438264469 PROBE_B_START program=low bvar=fsync
1772709646490304912 PROBE_B_END program=low bvar=fsync
1772709646693065958 PROBE_B_START program=low bvar=fsync
1772709646742222175 PROBE_B_END program=low bvar=fsync
1772709646944981590 PROBE_B_START program=low bvar=fsync
1772709646998505018 PROBE_B_END program=low bvar=fsync
1772709647201346433 PROBE_B_START program=low bvar=fsync
1772709647810657737 PROBE_B_END program=low bvar=fsync
1772709648013582115 PROBE_B_START program=low bvar=fsync
1772709648911817530 PROBE_B_END program=low bvar=fsync
1772709649114678372 PROBE_B_START program=low bvar=fsync
1772709649208039948 PROBE_B_END program=low bvar=fsync
1772709649410995401 PROBE_B_START program=low bvar=fsync
1772709649528909641 PROBE_B_END program=low bvar=fsync
1772709649731634242 PROBE_B_START program=low bvar=fsync
1772709649788269452 PROBE_B_END program=low bvar=fsync
1772709649991106071 PROBE_B_START program=low bvar=fsync
1772709650043758016 PROBE_B_END program=low bvar=fsync
1772709650246606728 PROBE_B_START program=low bvar=fsync
1772709650317989718 PROBE_B_END program=low bvar=fsync
1772709650520975949 PROBE_B_START program=low bvar=fsync
1772709650569184146 PROBE_B_END program=low bvar=fsync
1772709650771903803 PROBE_B_START program=low bvar=fsync
1772709650840699640 PROBE_B_END program=low bvar=fsync
1772709651043715649 PROBE_B_START program=low bvar=fsync
1772709651094074220 PROBE_B_END program=low bvar=fsync
1772709651296940858 PROBE_B_START program=low bvar=fsync
1772709651386871726 PROBE_B_END program=low bvar=fsync
1772709651589693735 PROBE_B_START program=low bvar=fsync
1772709651617971330 PROBE_B_END program=low bvar=fsync
1772709651820671524 PROBE_B_START program=low bvar=fsync
1772709651977681579 PROBE_B_END program=low bvar=fsync
1772709652180522809 PROBE_B_START program=low bvar=fsync
1772709652237988613 PROBE_B_END program=low bvar=fsync
1772709652440854251 PROBE_B_START program=low bvar=fsync
1772709652522845107 PROBE_B_END program=low bvar=fsync
1772709652725653820 PROBE_B_START program=low bvar=fsync
1772709652803907023 PROBE_B_END program=low bvar=fsync
1772709653006652642 PROBE_B_START program=low bvar=fsync
1772709653065475355 PROBE_B_END program=low bvar=fsync
1772709653268375660 PROBE_B_START program=low bvar=fsync
1772709653318748991 PROBE_B_END program=low bvar=fsync
1772709653521543610 PROBE_B_START program=low bvar=fsync
1772709653587953630 PROBE_B_END program=low bvar=fsync
1772709653790969269 PROBE_B_START program=low bvar=fsync
1772709653838616614 PROBE_B_END program=low bvar=fsync
1772709654041435345 PROBE_B_START program=low bvar=fsync
1772709654110606998 PROBE_B_END program=low bvar=fsync
1772709654313355710 PROBE_B_START program=low bvar=fsync
1772709654360293276 PROBE_B_END program=low bvar=fsync
1772709654566591086 PROBE_B_START program=low bvar=fsync
1772709654611597835 PROBE_B_END program=low bvar=fsync
1772709654814786882 PROBE_B_START program=low bvar=fsync
1772709654843271811 PROBE_B_END program=low bvar=fsync
1772709655046001653 PROBE_B_START program=low bvar=fsync
1772709655095190018 PROBE_B_END program=low bvar=fsync
1772709655298047453 PROBE_B_START program=low bvar=fsync
1772709655326507234 PROBE_B_END program=low bvar=fsync
1772709655529287354 PROBE_B_START program=low bvar=fsync
1772709655558372488 PROBE_B_END program=low bvar=fsync
1772709655761267237 PROBE_B_START program=low bvar=fsync
1772709655789858944 PROBE_B_END program=low bvar=fsync
1772709655992679398 PROBE_B_START program=low bvar=fsync
1772709656150462473 PROBE_B_END program=low bvar=fsync
1772709656353372833 PROBE_B_START program=low bvar=fsync
1772709656442715645 PROBE_B_END program=low bvar=fsync
1772709656645795191 PROBE_B_START program=low bvar=fsync
1772709656717506515 PROBE_B_END program=low bvar=fsync
1772709656920462802 PROBE_B_START program=low bvar=fsync
1772709656983315891 PROBE_B_END program=low bvar=fsync
1772709657186085696 PROBE_B_START program=low bvar=fsync
1772709657250143434 PROBE_B_END program=low bvar=fsync
1772709657452981147 PROBE_B_START program=low bvar=fsync
1772709657516519663 PROBE_B_END program=low bvar=fsync
1772709657719314801 PROBE_B_START program=low bvar=fsync
1772709657780665481 PROBE_B_END program=low bvar=fsync
1772709657983318823 PROBE_B_START program=low bvar=fsync
1772709658607663595 PROBE_B_END program=low bvar=fsync
1772709658810507085 PROBE_B_START program=low bvar=fsync
1772709659159358560 PROBE_B_END program=low bvar=fsync
1772709659362277995 PROBE_B_START program=low bvar=fsync
1772709659422149265 PROBE_B_END program=low bvar=fsync
1772709659624938441 PROBE_B_START program=low bvar=fsync
1772709659687834234 PROBE_B_END program=low bvar=fsync
1772709659890682169 PROBE_B_START program=low bvar=fsync
1772709659953485387 PROBE_B_END program=low bvar=fsync
1772709660156362545 PROBE_B_START program=low bvar=fsync
1772709660209246434 PROBE_B_END program=low bvar=fsync
1772709660412128999 PROBE_B_START program=low bvar=fsync
1772709660511064343 PROBE_B_END program=low bvar=fsync
1772709660713806130 PROBE_B_START program=low bvar=fsync
1772709660769065727 PROBE_B_END program=low bvar=fsync
1772709660971871958 PROBE_B_START program=low bvar=fsync
1772709661022366122 PROBE_B_END program=low bvar=fsync
1772709661225204428 PROBE_B_START program=low bvar=fsync
1772709661272759162 PROBE_B_END program=low bvar=fsync
1772709661475622578 PROBE_B_START program=low bvar=fsync
1772709661522809775 PROBE_B_END program=low bvar=fsync
1772709661725667951 PROBE_B_START program=low bvar=fsync
1772709661777771691 PROBE_B_END program=low bvar=fsync
1772709661980600775 PROBE_B_START program=low bvar=fsync
1772709662028235675 PROBE_B_END program=low bvar=fsync
1772709662231249222 PROBE_B_START program=low bvar=fsync
1772709662281488608 PROBE_B_END program=low bvar=fsync
1772709662484314247 PROBE_B_START program=low bvar=fsync
1772709662531470814 PROBE_B_END program=low bvar=fsync
1772709662734327546 PROBE_B_START program=low bvar=fsync
1772709662780224648 PROBE_B_END program=low bvar=fsync
1772709662982978453 PROBE_B_START program=low bvar=fsync
1772709663031396559 PROBE_B_END program=low bvar=fsync
1772709663234215327 PROBE_B_START program=low bvar=fsync
1772709663282736285 PROBE_B_END program=low bvar=fsync
1772709663485562461 PROBE_B_START program=low bvar=fsync
1772709663533678529 PROBE_B_END program=low bvar=fsync
1772709663736498743 PROBE_B_START program=low bvar=fsync
1772709663830156579 PROBE_B_END program=low bvar=fsync
1772709664032964625 PROBE_B_START program=low bvar=fsync
1772709664087125887 PROBE_B_END program=low bvar=fsync
1772709664290082267 PROBE_B_START program=low bvar=fsync
1772709664339939912 PROBE_B_END program=low bvar=fsync
1772709664542769274 PROBE_B_START program=low bvar=fsync
1772709664590027285 PROBE_B_END program=low bvar=fsync
1772709664792876850 PROBE_B_START program=low bvar=fsync
1772709664842708513 PROBE_B_END program=low bvar=fsync
1772709665045633264 PROBE_B_START program=low bvar=fsync
1772709665092963979 PROBE_B_END program=low bvar=fsync
1772709665295691563 PROBE_B_START program=low bvar=fsync
1772709665345784393 PROBE_B_END program=low bvar=fsync
1772709665548580347 PROBE_B_START program=low bvar=fsync
1772709665595337617 PROBE_B_END program=low bvar=fsync
1772709665798200849 PROBE_B_START program=low bvar=fsync
1772709665848268605 PROBE_B_END program=low bvar=fsync
1772709666051057059 PROBE_B_START program=low bvar=fsync
1772709666101999816 PROBE_B_END program=low bvar=fsync
1772709666304702196 PROBE_B_START program=low bvar=fsync
1772709666353221302 PROBE_B_END program=low bvar=fsync
1772709666555966052 PROBE_B_START program=low bvar=fsync
1772709666607349644 PROBE_B_END program=low bvar=fsync
1772709666810194283 PROBE_B_START program=low bvar=fsync
1772709666861110670 PROBE_B_END program=low bvar=fsync
1772709667063892587 PROBE_B_START program=low bvar=fsync
1772709667164464248 PROBE_B_END program=low bvar=fsync
1772709667367280591 PROBE_B_START program=low bvar=fsync
1772709667418497682 PROBE_B_END program=low bvar=fsync
1772709667621126451 PROBE_B_START program=low bvar=fsync
1772709668344625125 PROBE_B_END program=low bvar=fsync
1772709668547501617 PROBE_B_START program=low bvar=fsync
1772709669046648306 PROBE_B_END program=low bvar=fsync
1772709669250067669 PROBE_B_START program=low bvar=fsync
1772709669331348784 PROBE_B_END program=low bvar=fsync
1772709669534112220 PROBE_B_START program=low bvar=fsync
1772709669594290027 PROBE_B_END program=low bvar=fsync
1772709669797064482 PROBE_B_START program=low bvar=fsync
1772709669857269919 PROBE_B_END program=low bvar=fsync
1772709670060201096 PROBE_B_START program=low bvar=fsync
1772709670115019192 PROBE_B_END program=low bvar=fsync
1772709670317891313 PROBE_B_START program=low bvar=fsync
1772709670366455697 PROBE_B_END program=low bvar=fsync
1772709670569329892 PROBE_B_START program=low bvar=fsync
1772709670619960242 PROBE_B_END program=low bvar=fsync
1772709670822725585 PROBE_B_START program=low bvar=fsync
1772709670870897320 PROBE_B_END program=low bvar=fsync
1772709671073831164 PROBE_B_START program=low bvar=fsync
1772709671122401733 PROBE_B_END program=low bvar=fsync
1772709671329270156 PROBE_B_START program=low bvar=fsync
1772709671378882874 PROBE_B_END program=low bvar=fsync
1772709671581796903 PROBE_B_START program=low bvar=fsync
1772709671684596568 PROBE_B_END program=low bvar=fsync
1772709671887470226 PROBE_B_START program=low bvar=fsync
1772709671938248613 PROBE_B_END program=low bvar=fsync
1772709672141198308 PROBE_B_START program=low bvar=fsync
1772709672189546507 PROBE_B_END program=low bvar=fsync
1772709672392465480 PROBE_B_START program=low bvar=fsync
1772709672444868017 PROBE_B_END program=low bvar=fsync
1772709672647774842 PROBE_B_START program=low bvar=fsync
1772709672695034947 PROBE_B_END program=low bvar=fsync
1772709672898000642 PROBE_B_START program=low bvar=fsync
1772709672993910575 PROBE_B_END program=low bvar=fsync
1772709673196915418 PROBE_B_START program=low bvar=fsync
1772709673247187082 PROBE_B_END program=low bvar=fsync
1772709673450559501 PROBE_B_START program=low bvar=fsync
1772709673500358146 PROBE_B_END program=low bvar=fsync
1772709673703192619 PROBE_B_START program=low bvar=fsync
1772709673753698005 PROBE_B_END program=low bvar=fsync
1772709673956663664 PROBE_B_START program=low bvar=fsync
1772709674005524974 PROBE_B_END program=low bvar=fsync
1772709674208424651 PROBE_B_START program=low bvar=fsync
1772709674257807221 PROBE_B_END program=low bvar=fsync
1772709674460847751 PROBE_B_START program=low bvar=fsync
1772709674509149356 PROBE_B_END program=low bvar=fsync
1772709674711952348 PROBE_B_START program=low bvar=fsync
1772709674758438118 PROBE_B_END program=low bvar=fsync
1772709674961327776 PROBE_B_START program=low bvar=fsync
1772709675014631315 PROBE_B_END program=low bvar=fsync
1772709675217503566 PROBE_B_START program=low bvar=fsync
1772709675264668504 PROBE_B_END program=low bvar=fsync
1772709675467679403 PROBE_B_START program=low bvar=fsync
1772709675515277730 PROBE_B_END program=low bvar=fsync
1772709675718183074 PROBE_B_START program=low bvar=fsync
1772709675767921274 PROBE_B_END program=low bvar=fsync
1772709675970858563 PROBE_B_START program=low bvar=fsync
1772709676065709290 PROBE_B_END program=low bvar=fsync
1772709676268574097 PROBE_B_START program=low bvar=fsync
1772709676316554813 PROBE_B_END program=low bvar=fsync
1772709676519514954 PROBE_B_START program=low bvar=fsync
1772709676566597706 PROBE_B_END program=low bvar=fsync
1772709676769513475 PROBE_B_START program=low bvar=fsync
1772709676821207845 PROBE_B_END program=low bvar=fsync
1772709677024226245 PROBE_B_START program=low bvar=fsync
1772709677071769201 PROBE_B_END program=low bvar=fsync
1772709677274655971 PROBE_B_START program=low bvar=fsync
1772709677324571524 PROBE_B_END program=low bvar=fsync
1772709677527889739 PROBE_B_START program=low bvar=fsync
1772709677577486032 PROBE_B_END program=low bvar=fsync
1772709677780499098 PROBE_B_START program=low bvar=fsync
1772709677830795540 PROBE_B_END program=low bvar=fsync
1772709678033718013 PROBE_B_START program=low bvar=fsync
1772709678088045702 PROBE_B_END program=low bvar=fsync
1772709678290990546 PROBE_B_START program=low bvar=fsync
1772709678341844211 PROBE_B_END program=low bvar=fsync
1772709678545161278 PROBE_B_START program=low bvar=fsync
1772709678598682891 PROBE_B_END program=low bvar=fsync
1772709678801413827 PROBE_B_START program=low bvar=fsync
1772709678849750248 PROBE_B_END program=low bvar=fsync
1772709679052633962 PROBE_B_START program=low bvar=fsync
1772709679107112762 PROBE_B_END program=low bvar=fsync
1772709679309996551 PROBE_B_START program=low bvar=fsync
1772709679986647754 PROBE_B_END program=low bvar=fsync
1772709680189593469 PROBE_B_START program=low bvar=fsync
1772709680452798602 PROBE_B_END program=low bvar=fsync
1772709680655844651 PROBE_B_START program=low bvar=fsync
1772709680713052843 PROBE_B_END program=low bvar=fsync
1772709680915927873 PROBE_B_START program=low bvar=fsync
1772709680969386393 PROBE_B_END program=low bvar=fsync
1772709681172342552 PROBE_B_START program=low bvar=fsync
1772709681222954347 PROBE_B_END program=low bvar=fsync
1772709681425843783 PROBE_B_START program=low bvar=fsync
1772709681476441078 PROBE_B_END program=low bvar=fsync
1772709681679489644 PROBE_B_START program=low bvar=fsync
1772709681728511844 PROBE_B_END program=low bvar=fsync
1772709681931409281 PROBE_B_START program=low bvar=fsync
1772709682013450749 PROBE_B_END program=low bvar=fsync
1772709682216505594 PROBE_B_START program=low bvar=fsync
1772709682264665125 PROBE_B_END program=low bvar=fsync
1772709682467657729 PROBE_B_START program=low bvar=fsync
1772709682519074173 PROBE_B_END program=low bvar=fsync
1772709682722069073 PROBE_B_START program=low bvar=fsync
1772709682769059621 PROBE_B_END program=low bvar=fsync
1772709682971868466 PROBE_B_START program=low bvar=fsync
1772709683021283517 PROBE_B_END program=low bvar=fsync
1772709683224253269 PROBE_B_START program=low bvar=fsync
1772709683271716670 PROBE_B_END program=low bvar=fsync
1772709683474559404 PROBE_B_START program=low bvar=fsync
1772709683524090122 PROBE_B_END program=low bvar=fsync
1772709683727032393 PROBE_B_START program=low bvar=fsync
1772709683775829184 PROBE_B_END program=low bvar=fsync
1772709683978633177 PROBE_B_START program=low bvar=fsync
1772709684079052283 PROBE_B_END program=low bvar=fsync
1772709684281946776 PROBE_B_START program=low bvar=fsync
1772709684332194995 PROBE_B_END program=low bvar=fsync
1772709684535125988 PROBE_B_START program=low bvar=fsync
1772709684589581695 PROBE_B_END program=low bvar=fsync
1772709684792372447 PROBE_B_START program=low bvar=fsync
1772709684840615071 PROBE_B_END program=low bvar=fsync
1772709685043422545 PROBE_B_START program=low bvar=fsync
1772709685092804412 PROBE_B_END program=low bvar=fsync
1772709685295682275 PROBE_B_START program=low bvar=fsync
1772709685345804976 PROBE_B_END program=low bvar=fsync
1772709685548769858 PROBE_B_START program=low bvar=fsync
1772709685599619708 PROBE_B_END program=low bvar=fsync
1772709685802398682 PROBE_B_START program=low bvar=fsync
1772709685853872459 PROBE_B_END program=low bvar=fsync
1772709686056760471 PROBE_B_START program=low bvar=fsync
1772709686109839991 PROBE_B_END program=low bvar=fsync
1772709686312757298 PROBE_B_START program=low bvar=fsync
1772709686361963294 PROBE_B_END program=low bvar=fsync
1772709686564880917 PROBE_B_START program=low bvar=fsync
1772709686614174061 PROBE_B_END program=low bvar=fsync
1772709686819615632 PROBE_B_START program=low bvar=fsync
1772709686870384760 PROBE_B_END program=low bvar=fsync
1772709687073110975 PROBE_B_START program=low bvar=fsync
1772709687130990094 PROBE_B_END program=low bvar=fsync
1772709687333849939 PROBE_B_START program=low bvar=fsync
1772709687384264770 PROBE_B_END program=low bvar=fsync
1772709687587129244 PROBE_B_START program=low bvar=fsync
1772709687637838169 PROBE_B_END program=low bvar=fsync
1772709687840818884 PROBE_B_START program=low bvar=fsync
1772709687890750325 PROBE_B_END program=low bvar=fsync
1772709688093646615 PROBE_B_START program=low bvar=fsync
1772709688145421485 PROBE_B_END program=low bvar=fsync
1772709688348318700 PROBE_B_START program=low bvar=fsync
1772709688444953301 PROBE_B_END program=low bvar=fsync
1772709688647781127 PROBE_B_START program=low bvar=fsync
1772709688697593698 PROBE_B_END program=low bvar=fsync
1772709688900687413 PROBE_B_START program=low bvar=fsync
1772709688952727932 PROBE_B_END program=low bvar=fsync
1772709689155672370 PROBE_B_START program=low bvar=fsync
1772709689907888998 PROBE_B_END program=low bvar=fsync
1772709690110814232 PROBE_B_START program=low bvar=fsync
1772709690658636551 PROBE_B_END program=low bvar=fsync
1772709690861575062 PROBE_B_START program=low bvar=fsync
1772709690950672356 PROBE_B_END program=low bvar=fsync
1772709691153561479 PROBE_B_START program=low bvar=fsync
1772709691212220544 PROBE_B_END program=low bvar=fsync
1772709691415059908 PROBE_B_START program=low bvar=fsync
1772709691477445756 PROBE_B_END program=low bvar=fsync
1772709691680389564 PROBE_B_START program=low bvar=fsync
1772709691731471859 PROBE_B_END program=low bvar=fsync
1772709691934330630 PROBE_B_START program=low bvar=fsync
1772709691984783165 PROBE_B_END program=low bvar=fsync
1772709692187677807 PROBE_B_START program=low bvar=fsync
1772709692238617787 PROBE_B_END program=low bvar=fsync
1772709692441456484 PROBE_B_START program=low bvar=fsync
1772709692490946369 PROBE_B_END program=low bvar=fsync
1772709692693856492 PROBE_B_START program=low bvar=fsync
1772709692743056803 PROBE_B_END program=low bvar=fsync
1772709692946019574 PROBE_B_START program=low bvar=fsync
1772709692997036425 PROBE_B_END program=low bvar=fsync
1772709693200188363 PROBE_B_START program=low bvar=fsync
1772709693249662082 PROBE_B_END program=low bvar=fsync
1772709693452570760 PROBE_B_START program=low bvar=fsync
1772709693500808274 PROBE_B_END program=low bvar=fsync
1772709693703724841 PROBE_B_START program=low bvar=fsync
1772709693805975524 PROBE_B_END program=low bvar=fsync
1772709694008820258 PROBE_B_START program=low bvar=fsync
1772709694058255347 PROBE_B_END program=low bvar=fsync
1772709694261117859 PROBE_B_START program=low bvar=fsync
1772709694310182448 PROBE_B_END program=low bvar=fsync
1772709694513102201 PROBE_B_START program=low bvar=fsync
1772709694562171734 PROBE_B_END program=low bvar=fsync
1772709694765022208 PROBE_B_START program=low bvar=fsync
1772709694811752831 PROBE_B_END program=low bvar=fsync
1772709695014662972 PROBE_B_START program=low bvar=fsync
1772709695067372214 PROBE_B_END program=low bvar=fsync
1772709695270215486 PROBE_B_START program=low bvar=fsync
1772709695315807477 PROBE_B_END program=low bvar=fsync
1772709695518661489 PROBE_B_START program=low bvar=fsync
1772709695566100149 PROBE_B_END program=low bvar=fsync
1772709695769066254 PROBE_B_START program=low bvar=fsync
1772709695819439863 PROBE_B_END program=low bvar=fsync
1772709696022324282 PROBE_B_START program=low bvar=fsync
1772709696069696072 PROBE_B_END program=low bvar=fsync
1772709696272544584 PROBE_B_START program=low bvar=fsync
1772709696320801746 PROBE_B_END program=low bvar=fsync
1772709696523687202 PROBE_B_START program=low bvar=fsync
1772709696571298363 PROBE_B_END program=low bvar=fsync
1772709696774208671 PROBE_B_START program=low bvar=fsync
1772709696824440484 PROBE_B_END program=low bvar=fsync
1772709697027279737 PROBE_B_START program=low bvar=fsync
1772709697056596778 PROBE_B_END program=low bvar=fsync
1772709697259432328 PROBE_B_START program=low bvar=fsync
1772709697287237978 PROBE_B_END program=low bvar=fsync
1772709697490156213 PROBE_B_START program=low bvar=fsync
1772709697519543810 PROBE_B_END program=low bvar=fsync
1772709697722391749 PROBE_B_START program=low bvar=fsync
1772709697750860937 PROBE_B_END program=low bvar=fsync
1772709697953831783 PROBE_B_START program=low bvar=fsync
1772709698040373833 PROBE_B_END program=low bvar=fsync
1772709698243105771 PROBE_B_START program=low bvar=fsync
1772709698309417180 PROBE_B_END program=low bvar=fsync
1772709698512313211 PROBE_B_START program=low bvar=fsync
1772709698573527873 PROBE_B_END program=low bvar=fsync
1772709698776461237 PROBE_B_START program=low bvar=fsync
1772709698837339842 PROBE_B_END program=low bvar=fsync
1772709699040273521 PROBE_B_START program=low bvar=fsync
1772709699106439338 PROBE_B_END program=low bvar=fsync
1772709699309209313 PROBE_B_START program=low bvar=fsync
1772709699369021621 PROBE_B_END program=low bvar=fsync
1772709699571963559 PROBE_B_START program=low bvar=fsync
1772709699638673636 PROBE_B_END program=low bvar=fsync
1772709699841635167 PROBE_B_START program=low bvar=fsync
1772709700530122282 PROBE_B_END program=low bvar=fsync
1772709700733017053 PROBE_B_START program=low bvar=fsync
1772709700847876588 PROBE_B_END program=low bvar=fsync
1772709701050781304 PROBE_B_START program=low bvar=fsync
1772709701206188989 PROBE_B_END program=low bvar=fsync
1772709701409145132 PROBE_B_START program=low bvar=fsync
1772709701496941053 PROBE_B_END program=low bvar=fsync
1772709701699743029 PROBE_B_START program=low bvar=fsync
1772709701756733407 PROBE_B_END program=low bvar=fsync
1772709701959697956 PROBE_B_START program=low bvar=fsync
1772709702019122634 PROBE_B_END program=low bvar=fsync
1772709702221931943 PROBE_B_START program=low bvar=fsync
1772709702282410992 PROBE_B_END program=low bvar=fsync
1772709702485450820 PROBE_B_START program=low bvar=fsync
1772709702545660943 PROBE_B_END program=low bvar=fsync
1772709702748602807 PROBE_B_START program=low bvar=fsync
1772709702806084167 PROBE_B_END program=low bvar=fsync
1772709703008972069 PROBE_B_START program=low bvar=fsync
1772709703055105672 PROBE_B_END program=low bvar=fsync
1772709703258079666 PROBE_B_START program=low bvar=fsync
1772709703286524670 PROBE_B_END program=low bvar=fsync
1772709703489476146 PROBE_B_START program=low bvar=fsync
1772709703574011248 PROBE_B_END program=low bvar=fsync
1772709703776939502 PROBE_B_START program=low bvar=fsync
1772709703833499823 PROBE_B_END program=low bvar=fsync
1772709704036393706 PROBE_B_START program=low bvar=fsync
1772709704098224239 PROBE_B_END program=low bvar=fsync
1772709704301138493 PROBE_B_START program=low bvar=fsync
1772709704358505501 PROBE_B_END program=low bvar=fsync
1772709704561382717 PROBE_B_START program=low bvar=fsync
1772709704619696004 PROBE_B_END program=low bvar=fsync
1772709704822610869 PROBE_B_START program=low bvar=fsync
1772709704870802734 PROBE_B_END program=low bvar=fsync
1772709705073656469 PROBE_B_START program=low bvar=fsync
1772709705122786058 PROBE_B_END program=low bvar=fsync
1772709705325839886 PROBE_B_START program=low bvar=fsync
1772709705375674254 PROBE_B_END program=low bvar=fsync
1772709705578623044 PROBE_B_START program=low bvar=fsync
1772709705625938816 PROBE_B_END program=low bvar=fsync
1772709705828938199 PROBE_B_START program=low bvar=fsync
1772709705877556602 PROBE_B_END program=low bvar=fsync
1772709706080663819 PROBE_B_START program=low bvar=fsync
1772709706127443182 PROBE_B_END program=low bvar=fsync
1772709706330340288 PROBE_B_START program=low bvar=fsync
1772709706359986052 PROBE_B_END program=low bvar=fsync
1772709706562917547 PROBE_B_START program=low bvar=fsync
1772709706592023570 PROBE_B_END program=low bvar=fsync
1772709706794940490 PROBE_B_START program=low bvar=fsync
1772709706823540457 PROBE_B_END program=low bvar=fsync
1772709707026488340 PROBE_B_START program=low bvar=fsync
1772709707057978330 PROBE_B_END program=low bvar=fsync
1772709707260949213 PROBE_B_START program=low bvar=fsync
1772709707289671254 PROBE_B_END program=low bvar=fsync
1772709707493011712 PROBE_B_START program=low bvar=fsync
1772709707520612159 PROBE_B_END program=low bvar=fsync
1772709707723531561 PROBE_B_START program=low bvar=fsync
1772709707806801218 PROBE_B_END program=low bvar=fsync
1772709708009706286 PROBE_B_START program=low bvar=fsync
1772709708080870240 PROBE_B_END program=low bvar=fsync
1772709708283841883 PROBE_B_START program=low bvar=fsync
1772709708350410719 PROBE_B_END program=low bvar=fsync
1772709708553073324 PROBE_B_START program=low bvar=fsync
1772709708624515353 PROBE_B_END program=low bvar=fsync
1772709708827337921 PROBE_B_START program=low bvar=fsync
1772709708888787361 PROBE_B_END program=low bvar=fsync
1772709709091845578 PROBE_B_START program=low bvar=fsync
1772709709154733094 PROBE_B_END program=low bvar=fsync
1772709709357633181 PROBE_B_START program=low bvar=fsync
1772709709418855695 PROBE_B_END program=low bvar=fsync
1772709709621801986 PROBE_B_START program=low bvar=fsync
1772709709680057995 PROBE_B_END program=low bvar=fsync
1772709709882926397 PROBE_B_START program=low bvar=fsync
1772709709911532679 PROBE_B_END program=low bvar=fsync
1772709710114440414 PROBE_B_START program=low bvar=fsync
1772709710143596771 PROBE_B_END program=low bvar=fsync
1772709710346489525 PROBE_B_START program=low bvar=fsync
1772709710374361157 PROBE_B_END program=low bvar=fsync
1772709710577125541 PROBE_B_START program=low bvar=fsync
1772709710605218211 PROBE_B_END program=low bvar=fsync
1772709710808029150 PROBE_B_START program=low bvar=fsync
1772709710836099819 PROBE_B_END program=low bvar=fsync
1772709711038856277 PROBE_B_START program=low bvar=fsync
1772709711068899209 PROBE_B_END program=low bvar=fsync
1772709711271754722 PROBE_B_START program=low bvar=fsync
1772709711299915707 PROBE_B_END program=low bvar=fsync
1772709711510101656 PROBE_B_START program=low bvar=fsync
1772709711569133667 PROBE_B_END program=low bvar=fsync
1772709711772257940 PROBE_B_START program=low bvar=fsync
1772709711856458375 PROBE_B_END program=low bvar=fsync
1772709712059367407 PROBE_B_START program=low bvar=fsync
1772709712198502181 PROBE_B_END program=low bvar=fsync
1772709712401357416 PROBE_B_START program=low bvar=fsync
1772709712979444468 PROBE_B_END program=low bvar=fsync
1772709713182620500 PROBE_B_START program=low bvar=fsync
1772709713394820509 PROBE_B_END program=low bvar=fsync
1772709713597754226 PROBE_B_START program=low bvar=fsync
1772709713663973358 PROBE_B_END program=low bvar=fsync
1772709713866975723 PROBE_B_START program=low bvar=fsync
1772709713944095612 PROBE_B_END program=low bvar=fsync
1772709714147016940 PROBE_B_START program=low bvar=fsync
1772709714213624721 PROBE_B_END program=low bvar=fsync
1772709714416469401 PROBE_B_START program=low bvar=fsync
1772709714526082558 PROBE_B_END program=low bvar=fsync
1772709714728964349 PROBE_B_START program=low bvar=fsync
1772709714793345201 PROBE_B_END program=low bvar=fsync
1772709714996279288 PROBE_B_START program=low bvar=fsync
1772709715054037557 PROBE_B_END program=low bvar=fsync
1772709715256864089 PROBE_B_START program=low bvar=fsync
1772709715327995913 PROBE_B_END program=low bvar=fsync
1772709715530863537 PROBE_B_START program=low bvar=fsync
1772709715584236781 PROBE_B_END program=low bvar=fsync
1772709715787086794 PROBE_B_START program=low bvar=fsync
1772709715838172423 PROBE_B_END program=low bvar=fsync
1772709716041025159 PROBE_B_START program=low bvar=fsync
1772709716088360431 PROBE_B_END program=low bvar=fsync
1772709716291351518 PROBE_B_START program=low bvar=fsync
1772709716345903911 PROBE_B_END program=low bvar=fsync
1772709716548786740 PROBE_B_START program=low bvar=fsync
1772709716595815233 PROBE_B_END program=low bvar=fsync
1772709716798720062 PROBE_B_START program=low bvar=fsync
1772709716846720964 PROBE_B_END program=low bvar=fsync
1772709717049621496 PROBE_B_START program=low bvar=fsync
1772709717143949002 PROBE_B_END program=low bvar=fsync
1772709717346913108 PROBE_B_START program=low bvar=fsync
1772709717395881253 PROBE_B_END program=low bvar=fsync
1772709717598772118 PROBE_B_START program=low bvar=fsync
1772709717645720019 PROBE_B_END program=low bvar=fsync
1772709717848703163 PROBE_B_START program=low bvar=fsync
1772709717897719140 PROBE_B_END program=low bvar=fsync
1772709718100650580 PROBE_B_START program=low bvar=fsync
1772709718155728918 PROBE_B_END program=low bvar=fsync
1772709718358658303 PROBE_B_START program=low bvar=fsync
1772709718406606520 PROBE_B_END program=low bvar=fsync
1772709718609532089 PROBE_B_START program=low bvar=fsync
1772709718658238714 PROBE_B_END program=low bvar=fsync
1772709718861133487 PROBE_B_START program=low bvar=fsync
1772709718915036972 PROBE_B_END program=low bvar=fsync
1772709719117988060 PROBE_B_START program=low bvar=fsync
1772709719214854366 PROBE_B_END program=low bvar=fsync
1772709719417742065 PROBE_B_START program=low bvar=fsync
1772709719472732959 PROBE_B_END program=low bvar=fsync
1772709719675701769 PROBE_B_START program=low bvar=fsync
1772709719726238842 PROBE_B_END program=low bvar=fsync
1772709719928906985 PROBE_B_START program=low bvar=fsync
1772709719980928856 PROBE_B_END program=low bvar=fsync
1772709720183753573 PROBE_B_START program=low bvar=fsync
1772709720236363334 PROBE_B_END program=low bvar=fsync
1772709720439305219 PROBE_B_START program=low bvar=fsync
1772709721117667823 PROBE_B_END program=low bvar=fsync
1772709721320658300 PROBE_B_START program=low bvar=fsync
1772709721704454186 PROBE_B_END program=low bvar=fsync
1772709721907547681 PROBE_B_START program=low bvar=fsync
1772709722058079083 PROBE_B_END program=low bvar=fsync
1772709722261048949 PROBE_B_START program=low bvar=fsync
1772709722315180064 PROBE_B_END program=low bvar=fsync
1772709722518178782 PROBE_B_START program=low bvar=fsync
1772709722607463688 PROBE_B_END program=low bvar=fsync
1772709722810264757 PROBE_B_START program=low bvar=fsync
1772709722857713770 PROBE_B_END program=low bvar=fsync
1772709723060662951 PROBE_B_START program=low bvar=fsync
1772709723132145257 PROBE_B_END program=low bvar=fsync
1772709723335363476 PROBE_B_START program=low bvar=fsync
1772709723382069228 PROBE_B_END program=low bvar=fsync
1772709723585012261 PROBE_B_START program=low bvar=fsync
1772709723635563593 PROBE_B_END program=low bvar=fsync
1772709723838521348 PROBE_B_START program=low bvar=fsync
1772709723886189731 PROBE_B_END program=low bvar=fsync
1772709724089085264 PROBE_B_START program=low bvar=fsync
1772709724136472054 PROBE_B_END program=low bvar=fsync
1772709724339586828 PROBE_B_START program=low bvar=fsync
1772709724388194898 PROBE_B_END program=low bvar=fsync
1772709724591184227 PROBE_B_START program=low bvar=fsync
1772709724660510160 PROBE_B_END program=low bvar=fsync
1772709724863303507 PROBE_B_START program=low bvar=fsync
1772709724911408077 PROBE_B_END program=low bvar=fsync
1772709725114231961 PROBE_B_START program=low bvar=fsync
1772709725162863438 PROBE_B_END program=low bvar=fsync
1772709725365862379 PROBE_B_START program=low bvar=fsync
1772709725415491172 PROBE_B_END program=low bvar=fsync
1772709725618293112 PROBE_B_START program=low bvar=fsync
1772709725726946324 PROBE_B_END program=low bvar=fsync
1772709725929759764 PROBE_B_START program=low bvar=fsync
1772709725976505869 PROBE_B_END program=low bvar=fsync
1772709726179338716 PROBE_B_START program=low bvar=fsync
1772709726253223174 PROBE_B_END program=low bvar=fsync
1772709726456016133 PROBE_B_START program=low bvar=fsync
1772709726549352230 PROBE_B_END program=low bvar=fsync
1772709726752172800 PROBE_B_START program=low bvar=fsync
1772709726806157915 PROBE_B_END program=low bvar=fsync
1772709727009068059 PROBE_B_START program=low bvar=fsync
1772709727060292984 PROBE_B_END program=low bvar=fsync
1772709727263343906 PROBE_B_START program=low bvar=fsync
1772709727312111310 PROBE_B_END program=low bvar=fsync
1772709727514928102 PROBE_B_START program=low bvar=fsync
1772709727564523155 PROBE_B_END program=low bvar=fsync
1772709727767355947 PROBE_B_START program=low bvar=fsync
1772709727814919127 PROBE_B_END program=low bvar=fsync
1772709728017820808 PROBE_B_START program=low bvar=fsync
1772709728068578103 PROBE_B_END program=low bvar=fsync
1772709728271455636 PROBE_B_START program=low bvar=fsync
1772709728320684781 PROBE_B_END program=low bvar=fsync
1772709728523543332 PROBE_B_START program=low bvar=fsync
1772709728572427384 PROBE_B_END program=low bvar=fsync
1772709728775240750 PROBE_B_START program=low bvar=fsync
1772709728825596304 PROBE_B_END program=low bvar=fsync
1772709729028466745 PROBE_B_START program=low bvar=fsync
1772709729081051654 PROBE_B_END program=low bvar=fsync
1772709729283932798 PROBE_B_START program=low bvar=fsync
1772709729333584888 PROBE_B_END program=low bvar=fsync
1772709729536514551 PROBE_B_START program=low bvar=fsync
1772709729588687922 PROBE_B_END program=low bvar=fsync
1772709729791529566 PROBE_B_START program=low bvar=fsync
1772709729844245161 PROBE_B_END program=low bvar=fsync
1772709730047173249 PROBE_B_START program=low bvar=fsync
1772709730097257970 PROBE_B_END program=low bvar=fsync
1772709730300144095 PROBE_B_START program=low bvar=fsync
1772709730352153448 PROBE_B_END program=low bvar=fsync
1772709730555052092 PROBE_B_START program=low bvar=fsync
1772709730607480353 PROBE_B_END program=low bvar=fsync
1772709730810267090 PROBE_B_START program=low bvar=fsync
1772709731434949749 PROBE_B_END program=low bvar=fsync
1772709731637794745 PROBE_B_START program=low bvar=fsync
1772709731829829393 PROBE_B_END program=low bvar=fsync
1772709732032712759 PROBE_B_START program=low bvar=fsync
1772709732090395694 PROBE_B_END program=low bvar=fsync
1772709732293118412 PROBE_B_START program=low bvar=fsync
1772709732343093373 PROBE_B_END program=low bvar=fsync
1772709732545941055 PROBE_B_START program=low bvar=fsync
1772709732593915939 PROBE_B_END program=low bvar=fsync
1772709732796881139 PROBE_B_START program=low bvar=fsync
1772709732849019158 PROBE_B_END program=low bvar=fsync
1772709733051834247 PROBE_B_START program=low bvar=fsync
1772709733108373106 PROBE_B_END program=low bvar=fsync
1772709733311245214 PROBE_B_START program=low bvar=fsync
1772709733365729051 PROBE_B_END program=low bvar=fsync
1772709733568548492 PROBE_B_START program=low bvar=fsync
1772709733619919177 PROBE_B_END program=low bvar=fsync
1772709733822833914 PROBE_B_START program=low bvar=fsync
1772709733874259174 PROBE_B_END program=low bvar=fsync
1772709734077139429 PROBE_B_START program=low bvar=fsync
1772709734124815590 PROBE_B_END program=low bvar=fsync
1772709734327779957 PROBE_B_START program=low bvar=fsync
1772709734374903840 PROBE_B_END program=low bvar=fsync
1772709734577867077 PROBE_B_START program=low bvar=fsync
1772709734627752797 PROBE_B_END program=low bvar=fsync
1772709734830702257 PROBE_B_START program=low bvar=fsync
1772709734881615515 PROBE_B_END program=low bvar=fsync
1772709735084493234 PROBE_B_START program=low bvar=fsync
1772709735137535348 PROBE_B_END program=low bvar=fsync
1772709735340520085 PROBE_B_START program=low bvar=fsync
1772709735434182201 PROBE_B_END program=low bvar=fsync
1772709735637032309 PROBE_B_START program=low bvar=fsync
1772709735684081099 PROBE_B_END program=low bvar=fsync
1772709735886862910 PROBE_B_START program=low bvar=fsync
1772709735934506238 PROBE_B_END program=low bvar=fsync
1772709736137362753 PROBE_B_START program=low bvar=fsync
1772709736230607795 PROBE_B_END program=low bvar=fsync
1772709736433295365 PROBE_B_START program=low bvar=fsync
1772709736481755009 PROBE_B_END program=low bvar=fsync
1772709736684611913 PROBE_B_START program=low bvar=fsync
1772709736731385518 PROBE_B_END program=low bvar=fsync
1772709736934179514 PROBE_B_START program=low bvar=fsync
1772709736982574362 PROBE_B_END program=low bvar=fsync
1772709737185605192 PROBE_B_START program=low bvar=fsync
1772709737235290541 PROBE_B_END program=low bvar=fsync
1772709737438100445 PROBE_B_START program=low bvar=fsync
1772709737484803012 PROBE_B_END program=low bvar=fsync
1772709737687650194 PROBE_B_START program=low bvar=fsync
1772709737737298506 PROBE_B_END program=low bvar=fsync
1772709737940417633 PROBE_B_START program=low bvar=fsync
1772709737989423852 PROBE_B_END program=low bvar=fsync
1772709738192382552 PROBE_B_START program=low bvar=fsync
1772709738246564242 PROBE_B_END program=low bvar=fsync
1772709738449743924 PROBE_B_START program=low bvar=fsync
1772709738499651996 PROBE_B_END program=low bvar=fsync
1772709738702299844 PROBE_B_START program=low bvar=fsync
1772709738750845136 PROBE_B_END program=low bvar=fsync
1772709738953696744 PROBE_B_START program=low bvar=fsync
1772709739003382038 PROBE_B_END program=low bvar=fsync
1772709739206342072 PROBE_B_START program=low bvar=fsync
1772709739257215571 PROBE_B_END program=low bvar=fsync
1772709739460231401 PROBE_B_START program=low bvar=fsync
1772709739512285551 PROBE_B_END program=low bvar=fsync
1772709739715106047 PROBE_B_START program=low bvar=fsync
1772709739767566790 PROBE_B_END program=low bvar=fsync
1772709739970461212 PROBE_B_START program=low bvar=fsync
1772709740022536010 PROBE_B_END program=low bvar=fsync
1772709740225404581 PROBE_B_START program=low bvar=fsync
1772709740275811024 PROBE_B_END program=low bvar=fsync
1772709740478841317 PROBE_B_START program=low bvar=fsync
1772709740531736319 PROBE_B_END program=low bvar=fsync
1772709740734616001 PROBE_B_START program=low bvar=fsync
1772709741427516299 PROBE_B_END program=low bvar=fsync
1772709741630526536 PROBE_B_START program=low bvar=fsync
1772709741928420467 PROBE_B_END program=low bvar=fsync
1772709742131398871 PROBE_B_START program=low bvar=fsync
1772709742191150439 PROBE_B_END program=low bvar=fsync
1772709742394134862 PROBE_B_START program=low bvar=fsync
1772709742452535465 PROBE_B_END program=low bvar=fsync
1772709742655400239 PROBE_B_START program=low bvar=fsync
1772709742705044959 PROBE_B_END program=low bvar=fsync
1772709742907992678 PROBE_B_START program=low bvar=fsync
1772709742973954700 PROBE_B_END program=low bvar=fsync
1772709743176823197 PROBE_B_START program=low bvar=fsync
1772709743225673434 PROBE_B_END program=low bvar=fsync
1772709743428628987 PROBE_B_START program=low bvar=fsync
1772709743478566170 PROBE_B_END program=low bvar=fsync
1772709743681491352 PROBE_B_START program=low bvar=fsync
1772709743804077474 PROBE_B_END program=low bvar=fsync
1772709744006925674 PROBE_B_START program=low bvar=fsync
1772709744054887021 PROBE_B_END program=low bvar=fsync
1772709744257883741 PROBE_B_START program=low bvar=fsync
1772709744307317905 PROBE_B_END program=low bvar=fsync
1772709744510293161 PROBE_B_START program=low bvar=fsync
1772709744600439551 PROBE_B_END program=low bvar=fsync
1772709744803497289 PROBE_B_START program=low bvar=fsync
1772709744853420972 PROBE_B_END program=low bvar=fsync
1772709745056502136 PROBE_B_START program=low bvar=fsync
1772709745103521315 PROBE_B_END program=low bvar=fsync
1772709745306525164 PROBE_B_START program=low bvar=fsync
1772709745375404394 PROBE_B_END program=low bvar=fsync
1772709745578426002 PROBE_B_START program=low bvar=fsync
1772709745631108356 PROBE_B_END program=low bvar=fsync
1772709745834148853 PROBE_B_START program=low bvar=fsync
1772709745881687052 PROBE_B_END program=low bvar=fsync
1772709746084808531 PROBE_B_START program=low bvar=fsync
1772709746238276475 PROBE_B_END program=low bvar=fsync
1772709746441285694 PROBE_B_START program=low bvar=fsync
1772709746489218505 PROBE_B_END program=low bvar=fsync
1772709746692333372 PROBE_B_START program=low bvar=fsync
1772709746761133972 PROBE_B_END program=low bvar=fsync
1772709746964112543 PROBE_B_START program=low bvar=fsync
1772709747011741131 PROBE_B_END program=low bvar=fsync
1772709747215001295 PROBE_B_START program=low bvar=fsync
1772709747285236137 PROBE_B_END program=low bvar=fsync
1772709747488200024 PROBE_B_START program=low bvar=fsync
1772709747536804131 PROBE_B_END program=low bvar=fsync
1772709747739562887 PROBE_B_START program=low bvar=fsync
1772709747826732236 PROBE_B_END program=low bvar=fsync
1772709748029707492 PROBE_B_START program=low bvar=fsync
1772709748104315156 PROBE_B_END program=low bvar=fsync
1772709748307336153 PROBE_B_START program=low bvar=fsync
1772709748354341055 PROBE_B_END program=low bvar=fsync
1772709748557341182 PROBE_B_START program=low bvar=fsync
1772709748609065609 PROBE_B_END program=low bvar=fsync
1772709748811851495 PROBE_B_START program=low bvar=fsync
1772709748860099713 PROBE_B_END program=low bvar=fsync
1772709749062961525 PROBE_B_START program=low bvar=fsync
1772709749116006194 PROBE_B_END program=low bvar=fsync
1772709749318931840 PROBE_B_START program=low bvar=fsync
1772709749368154040 PROBE_B_END program=low bvar=fsync
1772709749571059686 PROBE_B_START program=low bvar=fsync
1772709749623333391 PROBE_B_END program=low bvar=fsync
1772709749826286963 PROBE_B_START program=low bvar=fsync
1772709749875544090 PROBE_B_END program=low bvar=fsync
1772709750078442050 PROBE_B_START program=low bvar=fsync
1772709750130703533 PROBE_B_END program=low bvar=fsync
1772709750333755512 PROBE_B_START program=low bvar=fsync
1772709750385359068 PROBE_B_END program=low bvar=fsync
1772709750588271325 PROBE_B_START program=low bvar=fsync
1772709750688139673 PROBE_B_END program=low bvar=fsync
1772709750891444634 PROBE_B_START program=low bvar=fsync
1772709751260678225 PROBE_B_END program=low bvar=fsync
1772709751463667963 PROBE_B_START program=low bvar=fsync
1772709751798256318 PROBE_B_END program=low bvar=fsync
1772709752001065482 PROBE_B_START program=low bvar=fsync
1772709752059901456 PROBE_B_END program=low bvar=fsync
1772709752262797676 PROBE_B_START program=low bvar=fsync
1772709752322610837 PROBE_B_END program=low bvar=fsync
1772709752525557705 PROBE_B_START program=low bvar=fsync
1772709752573162163 PROBE_B_END program=low bvar=fsync
1772709752776113457 PROBE_B_START program=low bvar=fsync
1772709752825074120 PROBE_B_END program=low bvar=fsync
1772709753028036673 PROBE_B_START program=low bvar=fsync
1772709753080481490 PROBE_B_END program=low bvar=fsync
1772709753283536766 PROBE_B_START program=low bvar=fsync
1772709753337317788 PROBE_B_END program=low bvar=fsync
1772709753540382378 PROBE_B_START program=low bvar=fsync
1772709753594048808 PROBE_B_END program=low bvar=fsync
1772709753796964250 PROBE_B_START program=low bvar=fsync
1772709753844138244 PROBE_B_END program=low bvar=fsync
1772709754046886631 PROBE_B_START program=low bvar=fsync
1772709754098752891 PROBE_B_END program=low bvar=fsync
1772709754301727574 PROBE_B_START program=low bvar=fsync
1772709754351594258 PROBE_B_END program=low bvar=fsync
1772709754554547848 PROBE_B_START program=low bvar=fsync
1772709754611557468 PROBE_B_END program=low bvar=fsync
1772709754814565854 PROBE_B_START program=low bvar=fsync
1772709754868307395 PROBE_B_END program=low bvar=fsync
1772709755071369578 PROBE_B_START program=low bvar=fsync
1772709755124640081 PROBE_B_END program=low bvar=fsync
1772709755327651820 PROBE_B_START program=low bvar=fsync
1772709755425476962 PROBE_B_END program=low bvar=fsync
1772709755628446663 PROBE_B_START program=low bvar=fsync
1772709755675326324 PROBE_B_END program=low bvar=fsync
1772709755878330044 PROBE_B_START program=low bvar=fsync
1772709755930882546 PROBE_B_END program=low bvar=fsync
1772709756134220452 PROBE_B_START program=low bvar=fsync
1772709756181275409 PROBE_B_END program=low bvar=fsync
1772709756384294648 PROBE_B_START program=low bvar=fsync
1772709756437789800 PROBE_B_END program=low bvar=fsync
1772709756640730649 PROBE_B_START program=low bvar=fsync
1772709756688180866 PROBE_B_END program=low bvar=fsync
1772709756890990234 PROBE_B_START program=low bvar=fsync
1772709756938462044 PROBE_B_END program=low bvar=fsync
1772709757141353783 PROBE_B_START program=low bvar=fsync
1772709757192662283 PROBE_B_END program=low bvar=fsync
1772709757395688281 PROBE_B_START program=low bvar=fsync
1772709757442937979 PROBE_B_END program=low bvar=fsync
1772709757645919903 PROBE_B_START program=low bvar=fsync
1772709757694583252 PROBE_B_END program=low bvar=fsync
1772709757897606731 PROBE_B_START program=low bvar=fsync
1772709757944490873 PROBE_B_END program=low bvar=fsync
1772709758147439168 PROBE_B_START program=low bvar=fsync
1772709758196303794 PROBE_B_END program=low bvar=fsync
1772709758399254718 PROBE_B_START program=low bvar=fsync
1772709758449796013 PROBE_B_END program=low bvar=fsync
1772709758652708771 PROBE_B_START program=low bvar=fsync
1772709758702256417 PROBE_B_END program=low bvar=fsync
1772709758905199341 PROBE_B_START program=low bvar=fsync
1772709758958214547 PROBE_B_END program=low bvar=fsync
1772709759161106156 PROBE_B_START program=low bvar=fsync
1772709759211796211 PROBE_B_END program=low bvar=fsync
1772709759414787321 PROBE_B_START program=low bvar=fsync
1772709759469465104 PROBE_B_END program=low bvar=fsync
1772709759672339583 PROBE_B_START program=low bvar=fsync
1772709759701088458 PROBE_B_END program=low bvar=fsync
1772709759904089105 PROBE_B_START program=low bvar=fsync
1772709759989449728 PROBE_B_END program=low bvar=fsync
1772709760192322338 PROBE_B_START program=low bvar=fsync
1772709760254569484 PROBE_B_END program=low bvar=fsync
1772709760457470500 PROBE_B_START program=low bvar=fsync
1772709761130339421 PROBE_B_END program=low bvar=fsync
1772709761333374438 PROBE_B_START program=low bvar=fsync
1772709761806110939 PROBE_B_END program=low bvar=fsync
1772709762009018678 PROBE_B_START program=low bvar=fsync
1772709762069996581 PROBE_B_END program=low bvar=fsync
1772709762272801042 PROBE_B_START program=low bvar=fsync
1772709762331288683 PROBE_B_END program=low bvar=fsync
1772709762534216829 PROBE_B_START program=low bvar=fsync
1772709762642175967 PROBE_B_END program=low bvar=fsync
1772709762845068595 PROBE_B_START program=low bvar=fsync
1772709762906785907 PROBE_B_END program=low bvar=fsync
1772709763109762387 PROBE_B_START program=low bvar=fsync
1772709763165349597 PROBE_B_END program=low bvar=fsync
1772709763368261725 PROBE_B_START program=low bvar=fsync
1772709763416134554 PROBE_B_END program=low bvar=fsync
1772709763619253571 PROBE_B_START program=low bvar=fsync
1772709763670753794 PROBE_B_END program=low bvar=fsync
1772709763873696200 PROBE_B_START program=low bvar=fsync
1772709763941736280 PROBE_B_END program=low bvar=fsync
1772709764144879001 PROBE_B_START program=low bvar=fsync
1772709764194973185 PROBE_B_END program=low bvar=fsync
1772709764398071906 PROBE_B_START program=low bvar=fsync
1772709764447713422 PROBE_B_END program=low bvar=fsync
1772709764651057403 PROBE_B_START program=low bvar=fsync
1772709764699717640 PROBE_B_END program=low bvar=fsync
1772709764902708917 PROBE_B_START program=low bvar=fsync
1772709764952936564 PROBE_B_END program=low bvar=fsync
1772709765155939877 PROBE_B_START program=low bvar=fsync
1772709765203458594 PROBE_B_END program=low bvar=fsync
1772709765406484759 PROBE_B_START program=low bvar=fsync
1772709765602919397 PROBE_B_END program=low bvar=fsync
1772709765805901025 PROBE_B_START program=low bvar=fsync
1772709765853667650 PROBE_B_END program=low bvar=fsync
1772709766056728630 PROBE_B_START program=low bvar=fsync
1772709766104035514 PROBE_B_END program=low bvar=fsync
1772709766306808493 PROBE_B_START program=low bvar=fsync
1772709766357955364 PROBE_B_END program=low bvar=fsync
1772709766560853437 PROBE_B_START program=low bvar=fsync
1772709766608199968 PROBE_B_END program=low bvar=fsync
1772709766811095893 PROBE_B_START program=low bvar=fsync
1772709766911640465 PROBE_B_END program=low bvar=fsync
1772709767114570482 PROBE_B_START program=low bvar=fsync
1772709767164879962 PROBE_B_END program=low bvar=fsync
1772709767367898017 PROBE_B_START program=low bvar=fsync
1772709767415617512 PROBE_B_END program=low bvar=fsync
1772709767618520659 PROBE_B_START program=low bvar=fsync
1772709767667878490 PROBE_B_END program=low bvar=fsync
1772709767870858470 PROBE_B_START program=low bvar=fsync
1772709767920842024 PROBE_B_END program=low bvar=fsync
1772709768124065449 PROBE_B_START program=low bvar=fsync
1772709768173946892 PROBE_B_END program=low bvar=fsync
1772709768376897057 PROBE_B_START program=low bvar=fsync
1772709768426792185 PROBE_B_END program=low bvar=fsync
1772709768629781147 PROBE_B_START program=low bvar=fsync
1772709768681850445 PROBE_B_END program=low bvar=fsync
1772709768884851944 PROBE_B_START program=low bvar=fsync
1772709768938734448 PROBE_B_END program=low bvar=fsync
1772709769142009058 PROBE_B_START program=low bvar=fsync
1772709769193623596 PROBE_B_END program=low bvar=fsync
1772709769396630577 PROBE_B_START program=low bvar=fsync
1772709769453100066 PROBE_B_END program=low bvar=fsync
1772709769656297880 PROBE_B_START program=low bvar=fsync
1772709769707551955 PROBE_B_END program=low bvar=fsync
1772709769910468046 PROBE_B_START program=low bvar=fsync
1772709770620618801 PROBE_B_END program=low bvar=fsync
1772709770823625356 PROBE_B_START program=low bvar=fsync
1772709771683536403 PROBE_B_END program=low bvar=fsync
1772709771886518142 PROBE_B_START program=low bvar=fsync
1772709772463674056 PROBE_B_END program=low bvar=fsync
