1771965733047953567 R2_IDLE_A seconds=60 actions=B
1771965793049885519 SKIP_PROBE_A seconds=60
1771965853051717724 R2_IDLE_B seconds=30 actions=B
1771965883055527127 PROBE_B_START program=low
1771965883081351275 PROBE_B_END program=low
1771965883284102580 PROBE_B_START program=low
1771965883311193990 PROBE_B_END program=low
1771965883514007221 PROBE_B_START program=low
1771965883585032059 PROBE_B_END program=low
1771965883787525030 PROBE_B_START program=low
1771965883883963922 PROBE_B_END program=low
1771965884086532357 PROBE_B_START program=low
1771965884179777557 PROBE_B_END program=low
1771965884382549214 PROBE_B_START program=low
1771965884441617396 PROBE_B_END program=low
1771965884644361683 PROBE_B_START program=low
1771965884704991054 PROBE_B_END program=low
1771965884907585340 PROBE_B_START program=low
1771965884967600117 PROBE_B_END program=low
1771965885170315144 PROBE_B_START program=low
1771965885217961080 PROBE_B_END program=low
1771965885420647385 PROBE_B_START program=low
1771965885445336938 PROBE_B_END program=low
1771965885648110873 PROBE_B_START program=low
1771965885719587137 PROBE_B_END program=low
1771965885922512017 PROBE_B_START program=low
1771965885990871015 PROBE_B_END program=low
1771965886193599117 PROBE_B_START program=low
1771965886260901206 PROBE_B_END program=low
1771965886463557547 PROBE_B_START program=low
1771965886525556606 PROBE_B_END program=low
1771965886728311134 PROBE_B_START program=low
1771965886945012524 PROBE_B_END program=low
1771965887147602903 PROBE_B_START program=low
1771965887443744853 PROBE_B_END program=low
1771965887646386602 PROBE_B_START program=low
1771965887702947816 PROBE_B_END program=low
1771965887905727418 PROBE_B_START program=low
1771965887962861707 PROBE_B_END program=low
1771965888165543326 PROBE_B_START program=low
1771965888211160646 PROBE_B_END program=low
1771965888413891266 PROBE_B_START program=low
1771965888523463297 PROBE_B_END program=low
1771965888726104676 PROBE_B_START program=low
1771965888823732960 PROBE_B_END program=low
1771965889026541894 PROBE_B_START program=low
1771965889085427002 PROBE_B_END program=low
1771965889288260844 PROBE_B_START program=low
1771965889347062841 PROBE_B_END program=low
1771965889549898775 PROBE_B_START program=low
1771965889608364567 PROBE_B_END program=low
1771965889811373743 PROBE_B_START program=low
1771965889870974760 PROBE_B_END program=low
1771965890073662361 PROBE_B_START program=low
1771965890129032387 PROBE_B_END program=low
1771965890331785525 PROBE_B_START program=low
1771965890391778228 PROBE_B_END program=low
1771965890594595718 PROBE_B_START program=low
1771965890626771732 PROBE_B_END program=low
1771965890829722278 PROBE_B_START program=low
1771965890854440460 PROBE_B_END program=low
1771965891057257913 PROBE_B_START program=low
1771965891081594891 PROBE_B_END program=low
1771965891284353567 PROBE_B_START program=low
1771965891309135027 PROBE_B_END program=low
1771965891511996610 PROBE_B_START program=low
1771965891536669255 PROBE_B_END program=low
1771965891739516523 PROBE_B_START program=low
1771965891849281444 PROBE_B_END program=low
1771965892052213675 PROBE_B_START program=low
1771965892148331122 PROBE_B_END program=low
1771965892351070408 PROBE_B_START program=low
1771965892407158084 PROBE_B_END program=low
1771965892609917648 PROBE_B_START program=low
1771965892665883508 PROBE_B_END program=low
1771965892868977277 PROBE_B_START program=low
1771965892925455379 PROBE_B_END program=low
1771965893128123387 PROBE_B_START program=low
1771965893183420506 PROBE_B_END program=low
1771965893386208348 PROBE_B_START program=low
1771965893442394135 PROBE_B_END program=low
1771965893645217236 PROBE_B_START program=low
1771965893700929337 PROBE_B_END program=low
1771965893903637456 PROBE_B_START program=low
1771965893939016643 PROBE_B_END program=low
1771965894141712559 PROBE_B_START program=low
1771965894165439961 PROBE_B_END program=low
1771965894368141451 PROBE_B_START program=low
1771965894392597818 PROBE_B_END program=low
1771965894595358401 PROBE_B_START program=low
1771965894620155158 PROBE_B_END program=low
1771965894822866018 PROBE_B_START program=low
1771965894847494719 PROBE_B_END program=low
1771965895050273857 PROBE_B_START program=low
1771965895140631828 PROBE_B_END program=low
1771965895343278817 PROBE_B_START program=low
1771965895402208425 PROBE_B_END program=low
1771965895604962656 PROBE_B_START program=low
1771965895665671267 PROBE_B_END program=low
1771965895868363923 PROBE_B_START program=low
1771965895929424165 PROBE_B_END program=low
1771965896132552693 PROBE_B_START program=low
1771965896194257992 PROBE_B_END program=low
1771965896397013074 PROBE_B_START program=low
1771965896460497303 PROBE_B_END program=low
1771965896663208033 PROBE_B_START program=low
1771965896864265723 PROBE_B_END program=low
1771965897066974972 PROBE_B_START program=low
1771965897122881258 PROBE_B_END program=low
1771965897326162304 PROBE_B_START program=low
1771965897383248556 PROBE_B_END program=low
1771965897585967786 PROBE_B_START program=low
1771965897616506204 PROBE_B_END program=low
1771965897819433786 PROBE_B_START program=low
1771965897843746523 PROBE_B_END program=low
1771965898046399939 PROBE_B_START program=low
1771965898071012029 PROBE_B_END program=low
1771965898273709796 PROBE_B_START program=low
1771965898298024459 PROBE_B_END program=low
1771965898500738023 PROBE_B_START program=low
1771965898572560250 PROBE_B_END program=low
1771965898775243888 PROBE_B_START program=low
1771965898833417049 PROBE_B_END program=low
1771965899036103946 PROBE_B_START program=low
1771965899093054439 PROBE_B_END program=low
1771965899295578965 PROBE_B_START program=low
1771965899352430123 PROBE_B_END program=low
1771965899555125131 PROBE_B_START program=low
1771965899612557847 PROBE_B_END program=low
1771965899815245447 PROBE_B_START program=low
1771965899876063744 PROBE_B_END program=low
1771965900078806308 PROBE_B_START program=low
1771965900136074541 PROBE_B_END program=low
1771965900338783290 PROBE_B_START program=low
1771965900394044927 PROBE_B_END program=low
1771965900596764638 PROBE_B_START program=low
1771965900632217455 PROBE_B_END program=low
1771965900835066519 PROBE_B_START program=low
1771965900859747868 PROBE_B_END program=low
1771965901062577246 PROBE_B_START program=low
1771965901087372744 PROBE_B_END program=low
1771965901290497660 PROBE_B_START program=low
1771965901316022122 PROBE_B_END program=low
1771965901518739519 PROBE_B_START program=low
1771965901542865811 PROBE_B_END program=low
1771965901745619967 PROBE_B_START program=low
1771965901815912081 PROBE_B_END program=low
1771965902018611051 PROBE_B_START program=low
1771965902077131732 PROBE_B_END program=low
1771965902279973981 PROBE_B_START program=low
1771965902338159291 PROBE_B_END program=low
1771965902540873298 PROBE_B_START program=low
1771965902596517936 PROBE_B_END program=low
1771965902799308648 PROBE_B_START program=low
1771965902855057285 PROBE_B_END program=low
1771965903057779645 PROBE_B_START program=low
1771965903113288060 PROBE_B_END program=low
1771965903316100809 PROBE_B_START program=low
1771965903372237484 PROBE_B_END program=low
1771965903575169122 PROBE_B_START program=low
1771965903631361427 PROBE_B_END program=low
1771965903834221417 PROBE_B_START program=low
1771965903870061271 PROBE_B_END program=low
1771965904072766353 PROBE_B_START program=low
1771965904097465795 PROBE_B_END program=low
1771965904300304247 PROBE_B_START program=low
1771965904324955763 PROBE_B_END program=low
1771965904527702623 PROBE_B_START program=low
1771965904551538414 PROBE_B_END program=low
1771965904754213366 PROBE_B_START program=low
1771965904778740363 PROBE_B_END program=low
1771965904981487778 PROBE_B_START program=low
1771965905055260269 PROBE_B_END program=low
1771965905258063185 PROBE_B_START program=low
1771965905315945142 PROBE_B_END program=low
1771965905518621871 PROBE_B_START program=low
1771965905574723325 PROBE_B_END program=low
1771965905777385721 PROBE_B_START program=low
1771965905838026147 PROBE_B_END program=low
1771965906040696729 PROBE_B_START program=low
1771965906102010545 PROBE_B_END program=low
1771965906304749830 PROBE_B_START program=low
1771965906365709201 PROBE_B_END program=low
1771965906568439635 PROBE_B_START program=low
1771965906628622430 PROBE_B_END program=low
1771965906831373623 PROBE_B_START program=low
1771965907055145546 PROBE_B_END program=low
1771965907257914794 PROBE_B_START program=low
1771965907340719527 PROBE_B_END program=low
1771965907543417127 PROBE_B_START program=low
1771965907567602790 PROBE_B_END program=low
1771965907770384557 PROBE_B_START program=low
1771965907795140739 PROBE_B_END program=low
1771965907997977617 PROBE_B_START program=low
1771965908022611818 PROBE_B_END program=low
1771965908225502715 PROBE_B_START program=low
1771965908250387416 PROBE_B_END program=low
1771965908453120424 PROBE_B_START program=low
1771965908525149355 PROBE_B_END program=low
1771965908727984752 PROBE_B_START program=low
1771965908786352858 PROBE_B_END program=low
1771965908989103310 PROBE_B_START program=low
1771965909045952283 PROBE_B_END program=low
1771965909248793847 PROBE_B_START program=low
1771965909305372079 PROBE_B_END program=low
1771965909508232901 PROBE_B_START program=low
1771965909565471135 PROBE_B_END program=low
1771965909768245420 PROBE_B_START program=low
1771965909825867932 PROBE_B_END program=low
1771965910028691884 PROBE_B_START program=low
1771965910085774506 PROBE_B_END program=low
1771965910288455458 PROBE_B_START program=low
1771965910346607378 PROBE_B_END program=low
1771965910549406460 PROBE_B_START program=low
1771965910584954017 PROBE_B_END program=low
1771965910787800136 PROBE_B_START program=low
1771965910812746634 PROBE_B_END program=low
1771965911015584215 PROBE_B_START program=low
1771965911044402592 PROBE_B_END program=low
1771965911247262618 PROBE_B_START program=low
1771965911272327745 PROBE_B_END program=low
1771965911475171160 PROBE_B_START program=low
1771965911499848843 PROBE_B_END program=low
1771965911702452109 PROBE_B_START program=low
1771965911772497907 PROBE_B_END program=low
1771965911975275747 PROBE_B_START program=low
1771965912032860426 PROBE_B_END program=low
1771965912235636563 PROBE_B_START program=low
1771965912294229651 PROBE_B_END program=low
1771965912497033714 PROBE_B_START program=low
1771965912554119077 PROBE_B_END program=low
1771965912756672306 PROBE_B_START program=low
1771965912813760094 PROBE_B_END program=low
1771965913016632509 PROBE_B_START program=low
1771965913072313962 PROBE_B_END program=low
1771965913275189154 PROBE_B_START program=low
1771965913330310142 PROBE_B_END program=low
1771965913533043631 PROBE_B_START program=low
1771965913588724120 PROBE_B_END program=low
1771965913791501979 PROBE_B_START program=low
1771965913826130701 PROBE_B_END program=low
1771965914028945487 PROBE_B_START program=low
1771965914053790262 PROBE_B_END program=low
1771965914256574732 PROBE_B_START program=low
1771965914281297970 PROBE_B_END program=low
1771965914484180848 PROBE_B_START program=low
1771965914508867623 PROBE_B_END program=low
1771965914712813669 PROBE_B_START program=low
1771965914738109779 PROBE_B_END program=low
1771965914940974935 PROBE_B_START program=low
1771965915016997208 PROBE_B_END program=low
1771965915219717974 PROBE_B_START program=low
1771965915276673114 PROBE_B_END program=low
1771965915479440696 PROBE_B_START program=low
1771965915536081168 PROBE_B_END program=low
1771965915739018139 PROBE_B_START program=low
1771965915795532704 PROBE_B_END program=low
1771965915998230470 PROBE_B_START program=low
1771965916057056281 PROBE_B_END program=low
1771965916259904770 PROBE_B_START program=low
1771965916321060308 PROBE_B_END program=low
1771965916523757796 PROBE_B_START program=low
1771965916584484518 PROBE_B_END program=low
1771965916787080007 PROBE_B_START program=low
1771965916820945912 PROBE_B_END program=low
1771965917023587641 PROBE_B_START program=low
1771965917047565933 PROBE_B_END program=low
1771965917250376292 PROBE_B_START program=low
1771965917275282919 PROBE_B_END program=low
1771965917478078889 PROBE_B_START program=low
1771965917502745164 PROBE_B_END program=low
1771965917705465208 PROBE_B_START program=low
1771965917730172872 PROBE_B_END program=low
1771965917932976249 PROBE_B_START program=low
1771965917957164338 PROBE_B_END program=low
1771965918159912141 PROBE_B_START program=low
1771965918231510516 PROBE_B_END program=low
1771965918434249820 PROBE_B_START program=low
1771965918497987067 PROBE_B_END program=low
1771965918700764703 PROBE_B_START program=low
1771965918921058414 PROBE_B_END program=low
1771965919123893255 PROBE_B_START program=low
1771965919601431126 PROBE_B_END program=low
1771965919804233892 PROBE_B_START program=low
1771965920234863848 PROBE_B_END program=low
1771965920437679059 PROBE_B_START program=low
1771965920876511051 PROBE_B_END program=low
1771965921079348688 PROBE_B_START program=low
1771965921486100630 PROBE_B_END program=low
1771965921688881062 PROBE_B_START program=low
1771965921746796926 PROBE_B_END program=low
1771965921949617026 PROBE_B_START program=low
1771965921997220757 PROBE_B_END program=low
1771965922200068931 PROBE_B_START program=low
1771965922224692317 PROBE_B_END program=low
1771965922427452231 PROBE_B_START program=low
1771965922452125654 PROBE_B_END program=low
1771965922654947475 PROBE_B_START program=low
1771965922679631046 PROBE_B_END program=low
1771965922882469868 PROBE_B_START program=low
1771965922907315643 PROBE_B_END program=low
1771965923110073020 PROBE_B_START program=low
1771965923182227471 PROBE_B_END program=low
1771965923385041477 PROBE_B_START program=low
1771965923475618041 PROBE_B_END program=low
1771965923678353807 PROBE_B_START program=low
1771965923735245280 PROBE_B_END program=low
1771965923938031990 PROBE_B_START program=low
1771965923994753204 PROBE_B_END program=low
1771965924197550136 PROBE_B_START program=low
1771965924254508073 PROBE_B_END program=low
1771965924457275783 PROBE_B_START program=low
1771965924515406240 PROBE_B_END program=low
1771965924718053728 PROBE_B_START program=low
1771965924773020160 PROBE_B_END program=low
1771965924975701259 PROBE_B_START program=low
1771965925015729030 PROBE_B_END program=low
1771965925218636037 PROBE_B_START program=low
1771965925243350775 PROBE_B_END program=low
1771965925446105300 PROBE_B_START program=low
1771965925470643426 PROBE_B_END program=low
1771965925673474359 PROBE_B_START program=low
1771965925697887855 PROBE_B_END program=low
1771965925900625750 PROBE_B_START program=low
1771965925925788693 PROBE_B_END program=low
1771965926128405940 PROBE_B_START program=low
1771965926151959360 PROBE_B_END program=low
1771965926354622144 PROBE_B_START program=low
1771965926425747296 PROBE_B_END program=low
1771965926628405358 PROBE_B_START program=low
1771965926715766692 PROBE_B_END program=low
1771965926918451458 PROBE_B_START program=low
1771965926974855263 PROBE_B_END program=low
1771965927177582103 PROBE_B_START program=low
1771965927233142425 PROBE_B_END program=low
1771965927435830950 PROBE_B_START program=low
1771965927492056477 PROBE_B_END program=low
1771965927694795706 PROBE_B_START program=low
1771965927751330993 PROBE_B_END program=low
1771965927953999370 PROBE_B_START program=low
1771965928014217331 PROBE_B_END program=low
1771965928216822282 PROBE_B_START program=low
1771965928256134588 PROBE_B_END program=low
1771965928458779242 PROBE_B_START program=low
1771965928483319794 PROBE_B_END program=low
1771965928686063875 PROBE_B_START program=low
1771965928710635260 PROBE_B_END program=low
1771965928913777360 PROBE_B_START program=low
1771965928938346746 PROBE_B_END program=low
1771965929141514697 PROBE_B_START program=low
1771965929167268641 PROBE_B_END program=low
1771965929369934018 PROBE_B_START program=low
1771965929394717330 PROBE_B_END program=low
1771965929597516466 PROBE_B_START program=low
1771965929668952303 PROBE_B_END program=low
1771965929871596328 PROBE_B_START program=low
1771965929968520997 PROBE_B_END program=low
1771965930172320487 PROBE_B_START program=low
1771965930235559289 PROBE_B_END program=low
1771965930438226387 PROBE_B_START program=low
1771965930765301677 PROBE_B_END program=low
1771965930968057517 PROBE_B_START program=low
1771965931076189599 PROBE_B_END program=low
1771965931278985346 PROBE_B_START program=low
1771965931335886782 PROBE_B_END program=low
1771965931538493936 PROBE_B_START program=low
1771965931594725074 PROBE_B_END program=low
1771965931797462340 PROBE_B_START program=low
1771965931854259535 PROBE_B_END program=low
1771965932057004967 PROBE_B_START program=low
1771965932085644250 PROBE_B_END program=low
1771965932288485330 PROBE_B_START program=low
1771965932313778366 PROBE_B_END program=low
1771965932516607316 PROBE_B_START program=low
1771965932541441462 PROBE_B_END program=low
1771965932744256338 PROBE_B_START program=low
1771965932768838595 PROBE_B_END program=low
1771965932971564267 PROBE_B_START program=low
1771965932996108857 PROBE_B_END program=low
1771965933198825122 PROBE_B_START program=low
1771965933271929629 PROBE_B_END program=low
1771965933474775265 PROBE_B_START program=low
1771965933567759982 PROBE_B_END program=low
1771965933770450080 PROBE_B_START program=low
1771965933859919326 PROBE_B_END program=low
1771965934062626499 PROBE_B_START program=low
1771965934118794508 PROBE_B_END program=low
1771965934322054996 PROBE_B_START program=low
1771965934378684561 PROBE_B_END program=low
1771965934581425382 PROBE_B_START program=low
1771965934638297244 PROBE_B_END program=low
1771965934841155824 PROBE_B_START program=low
1771965934885224233 PROBE_B_END program=low
1771965935088011054 PROBE_B_START program=low
1771965935112626143 PROBE_B_END program=low
1771965935315460242 PROBE_B_START program=low
1771965935341153926 PROBE_B_END program=low
1771965935543931599 PROBE_B_START program=low
1771965935568006206 PROBE_B_END program=low
1771965935771246472 PROBE_B_START program=low
1771965935796619230 PROBE_B_END program=low
1771965935999449032 PROBE_B_START program=low
1771965936024334566 PROBE_B_END program=low
1771965936227061683 PROBE_B_START program=low
1771965936251282494 PROBE_B_END program=low
1771965936453980352 PROBE_B_START program=low
1771965936526693395 PROBE_B_END program=low
1771965936729420975 PROBE_B_START program=low
1771965936817824719 PROBE_B_END program=low
1771965937020567595 PROBE_B_START program=low
1771965937106847001 PROBE_B_END program=low
1771965937309641637 PROBE_B_START program=low
1771965937365559571 PROBE_B_END program=low
1771965937568378929 PROBE_B_START program=low
1771965937624743049 PROBE_B_END program=low
1771965937827547666 PROBE_B_START program=low
1771965937884029990 PROBE_B_END program=low
1771965938086910681 PROBE_B_START program=low
1771965938131639035 PROBE_B_END program=low
1771965938334455060 PROBE_B_START program=low
1771965938359345557 PROBE_B_END program=low
1771965938562209304 PROBE_B_START program=low
1771965938587031320 PROBE_B_END program=low
1771965938789861992 PROBE_B_START program=low
1771965938814649693 PROBE_B_END program=low
1771965939017448866 PROBE_B_START program=low
1771965939041574917 PROBE_B_END program=low
1771965939244397441 PROBE_B_START program=low
1771965939268920845 PROBE_B_END program=low
1771965939471715888 PROBE_B_START program=low
1771965939496418459 PROBE_B_END program=low
1771965939699199761 PROBE_B_START program=low
1771965939773337327 PROBE_B_END program=low
1771965939976129388 PROBE_B_START program=low
1771965940075027635 PROBE_B_END program=low
1771965940277774234 PROBE_B_START program=low
1771965940373733827 PROBE_B_END program=low
1771965940576495462 PROBE_B_START program=low
1771965940805161504 PROBE_B_END program=low
1771965941007935473 PROBE_B_START program=low
1771965941432205135 PROBE_B_END program=low
1771965941634820863 PROBE_B_START program=low
1771965942605542836 PROBE_B_END program=low
1771965942808350693 PROBE_B_START program=low
1771965943155311839 PROBE_B_END program=low
1771965943358134715 R2_IDLE_C seconds=30 actions=B
1771965973360090687 SKIP_PROBE_C seconds=60
