[INFO] Starting Day21 run: 2026-04-12_121620_day21_C_buffered_vs_direct
[INFO] CONDITION=C
[INFO] BASE_DIR=/home/observer/project/day21
[INFO] RUN_DIR=/home/observer/project/day21/runs/2026-04-12_121620_day21_C_buffered_vs_direct
[INFO] RETRY_TARGET=/dev/shm/day21_retry_test
[INFO] RETRIES=5 BUDGET_MS=50
[INFO] IO_MODE=buffered
[INFO] ENABLE_INTERVENTION_IO=0
[INFO] N_CYCLES=1 BASELINE_SEC=10 INTERVENTION_SEC=5 R1_SEC=10 R2_SEC=15 POST_SEC=10 HEARTBEAT_HZ=50
[INFO] Heartbeat PID: 52731
[MARK] 1775985380086168115 C_C1_BASELINE_START
=== CONDITION_C_CYCLE_1_START ===
--- BASELINE ---
[MARK] 1775985390090413382 C_C1_BASELINE_END
[MARK] 1775985390091352848 C_C1_INTERVENTION_START
--- INTERVENTION ---
[INFO] Intervention IO disabled for Day21 CONDITION=C
[MARK] 1775985395095182089 C_C1_INTERVENTION_END
[MARK] 1775985395096136388 C_C1_RECOVERY_R1_START
--- RECOVERY_R1 ---
[MARK] 1775985405099418638 C_C1_RECOVERY_R1_END
[MARK] 1775985405100541327 C_C1_RECOVERY_R2_START
--- RECOVERY_R2 ---
[INFO] timeout 15s env TARGET=/dev/shm/day21_retry_test BUDGET_MS=50 RETRIES=5 IO_MODE=buffered bash /home/observer/project/day21/scripts/retry_storm_day21.sh
1775985405106649585 retry_storm_start TARGET=/dev/shm/day21_retry_test BUDGET_MS=50 RETRIES=5 IO_MODE=buffered
[MARK] 1775985420104608994 C_C1_RECOVERY_R2_END
[MARK] 1775985420105425904 C_C1_POSTBASELINE_START
--- POST_BASELINE ---
[MARK] 1775985430108021191 C_C1_POSTBASELINE_END
=== CONDITION_C_CYCLE_1_END ===
[INFO] Day21 run complete: /home/observer/project/day21/runs/2026-04-12_121620_day21_C_buffered_vs_direct
[INFO] Cleaning up...
