1772708222150398822 R2_IDLE_B seconds=60
1772708282152213106 R2_PROBE_B seconds=240 bvar=fsync program=low
1772708282154654481 PROBE_B_START program=low bvar=fsync
1772708282212915001 PROBE_B_END program=low bvar=fsync
1772708282415633690 PROBE_B_START program=low bvar=fsync
1772708282468537237 PROBE_B_END program=low bvar=fsync
1772708282671296186 PROBE_B_START program=low bvar=fsync
1772708282720135132 PROBE_B_END program=low bvar=fsync
1772708282922760414 PROBE_B_START program=low bvar=fsync
1772708282978007614 PROBE_B_END program=low bvar=fsync
1772708283180716618 PROBE_B_START program=low bvar=fsync
1772708283281459165 PROBE_B_END program=low bvar=fsync
1772708283484130502 PROBE_B_START program=low bvar=fsync
1772708283537523846 PROBE_B_END program=low bvar=fsync
1772708283740179961 PROBE_B_START program=low bvar=fsync
1772708283797206720 PROBE_B_END program=low bvar=fsync
1772708283999931687 PROBE_B_START program=low bvar=fsync
1772708284052445326 PROBE_B_END program=low bvar=fsync
1772708284255134663 PROBE_B_START program=low bvar=fsync
1772708284309405194 PROBE_B_END program=low bvar=fsync
1772708284512123976 PROBE_B_START program=low bvar=fsync
1772708284566345285 PROBE_B_END program=low bvar=fsync
1772708284768973603 PROBE_B_START program=low bvar=fsync
1772708284827972884 PROBE_B_END program=low bvar=fsync
1772708285030808222 PROBE_B_START program=low bvar=fsync
1772708285086692108 PROBE_B_END program=low bvar=fsync
1772708285289397945 PROBE_B_START program=low bvar=fsync
1772708285349040598 PROBE_B_END program=low bvar=fsync
1772708285551702583 PROBE_B_START program=low bvar=fsync
1772708285606533152 PROBE_B_END program=low bvar=fsync
1772708285809210489 PROBE_B_START program=low bvar=fsync
1772708285863883595 PROBE_B_END program=low bvar=fsync
1772708286066528303 PROBE_B_START program=low bvar=fsync
1772708286420005784 PROBE_B_END program=low bvar=fsync
1772708286622634547 PROBE_B_START program=low bvar=fsync
1772708286675381761 PROBE_B_END program=low bvar=fsync
1772708286878054227 PROBE_B_START program=low bvar=fsync
1772708286929976624 PROBE_B_END program=low bvar=fsync
1772708287132749999 PROBE_B_START program=low bvar=fsync
1772708287181983298 PROBE_B_END program=low bvar=fsync
1772708287384956950 PROBE_B_START program=low bvar=fsync
1772708287432536765 PROBE_B_END program=low bvar=fsync
1772708287635227028 PROBE_B_START program=low bvar=fsync
1772708287682799787 PROBE_B_END program=low bvar=fsync
1772708287885694513 PROBE_B_START program=low bvar=fsync
1772708287980671308 PROBE_B_END program=low bvar=fsync
1772708288183386831 PROBE_B_START program=low bvar=fsync
1772708288241228609 PROBE_B_END program=low bvar=fsync
1772708288443838002 PROBE_B_START program=low bvar=fsync
1772708288493409061 PROBE_B_END program=low bvar=fsync
1772708288696135491 PROBE_B_START program=low bvar=fsync
1772708288744739937 PROBE_B_END program=low bvar=fsync
1772708288947426052 PROBE_B_START program=low bvar=fsync
1772708288998214076 PROBE_B_END program=low bvar=fsync
1772708289200895617 PROBE_B_START program=low bvar=fsync
1772708289251522882 PROBE_B_END program=low bvar=fsync
1772708289454414756 PROBE_B_START program=low bvar=fsync
1772708289502848424 PROBE_B_END program=low bvar=fsync
1772708289705606187 PROBE_B_START program=low bvar=fsync
1772708289755455728 PROBE_B_END program=low bvar=fsync
1772708289958057806 PROBE_B_START program=low bvar=fsync
1772708290007607457 PROBE_B_END program=low bvar=fsync
1772708290210315739 PROBE_B_START program=low bvar=fsync
1772708290258584647 PROBE_B_END program=low bvar=fsync
1772708290461234540 PROBE_B_START program=low bvar=fsync
1772708290508131705 PROBE_B_END program=low bvar=fsync
1772708290710818857 PROBE_B_START program=low bvar=fsync
1772708290761224028 PROBE_B_END program=low bvar=fsync
1772708290963857125 PROBE_B_START program=low bvar=fsync
1772708291011097124 PROBE_B_END program=low bvar=fsync
1772708291213774387 PROBE_B_START program=low bvar=fsync
1772708291264581892 PROBE_B_END program=low bvar=fsync
1772708291467231303 PROBE_B_START program=low bvar=fsync
1772708291518857681 PROBE_B_END program=low bvar=fsync
1772708291721615667 PROBE_B_START program=low bvar=fsync
1772708291772937396 PROBE_B_END program=low bvar=fsync
1772708291975584862 PROBE_B_START program=low bvar=fsync
1772708292026402627 PROBE_B_END program=low bvar=fsync
1772708292229118576 PROBE_B_START program=low bvar=fsync
1772708292278270004 PROBE_B_END program=low bvar=fsync
1772708292480951674 PROBE_B_START program=low bvar=fsync
1772708292532859960 PROBE_B_END program=low bvar=fsync
1772708292735538242 PROBE_B_START program=low bvar=fsync
1772708292832702708 PROBE_B_END program=low bvar=fsync
1772708293035320711 PROBE_B_START program=low bvar=fsync
1772708293089280742 PROBE_B_END program=low bvar=fsync
1772708293291848875 PROBE_B_START program=low bvar=fsync
1772708293338889281 PROBE_B_END program=low bvar=fsync
1772708293541519266 PROBE_B_START program=low bvar=fsync
1772708293592173641 PROBE_B_END program=low bvar=fsync
1772708293795002275 PROBE_B_START program=low bvar=fsync
1772708293890390423 PROBE_B_END program=low bvar=fsync
1772708294093197112 PROBE_B_START program=low bvar=fsync
1772708294141580391 PROBE_B_END program=low bvar=fsync
1772708294344308302 PROBE_B_START program=low bvar=fsync
1772708294394490307 PROBE_B_END program=low bvar=fsync
1772708294597184199 PROBE_B_START program=low bvar=fsync
1772708294648359854 PROBE_B_END program=low bvar=fsync
1772708294851046228 PROBE_B_START program=low bvar=fsync
1772708294898405338 PROBE_B_END program=low bvar=fsync
1772708295101223638 PROBE_B_START program=low bvar=fsync
1772708295152009996 PROBE_B_END program=low bvar=fsync
1772708295354650203 PROBE_B_START program=low bvar=fsync
1772708295402843722 PROBE_B_END program=low bvar=fsync
1772708295605573004 PROBE_B_START program=low bvar=fsync
1772708295653762079 PROBE_B_END program=low bvar=fsync
1772708295856384564 PROBE_B_START program=low bvar=fsync
1772708295907184477 PROBE_B_END program=low bvar=fsync
1772708296109933944 PROBE_B_START program=low bvar=fsync
1772708296160409671 PROBE_B_END program=low bvar=fsync
1772708296363071508 PROBE_B_START program=low bvar=fsync
1772708296413391976 PROBE_B_END program=low bvar=fsync
1772708296615987461 PROBE_B_START program=low bvar=fsync
1772708296663705886 PROBE_B_END program=low bvar=fsync
1772708296866418834 PROBE_B_START program=low bvar=fsync
1772708296919672752 PROBE_B_END program=low bvar=fsync
1772708297122412923 PROBE_B_START program=low bvar=fsync
1772708297173851744 PROBE_B_END program=low bvar=fsync
1772708297376639174 PROBE_B_START program=low bvar=fsync
1772708297476970498 PROBE_B_END program=low bvar=fsync
1772708297679766483 PROBE_B_START program=low bvar=fsync
1772708297732974660 PROBE_B_END program=low bvar=fsync
1772708297935751257 PROBE_B_START program=low bvar=fsync
1772708297986619485 PROBE_B_END program=low bvar=fsync
1772708298189239673 PROBE_B_START program=low bvar=fsync
1772708298239518900 PROBE_B_END program=low bvar=fsync
1772708298442183571 PROBE_B_START program=low bvar=fsync
1772708298936744195 PROBE_B_END program=low bvar=fsync
1772708299139463217 PROBE_B_START program=low bvar=fsync
1772708299233864233 PROBE_B_END program=low bvar=fsync
1772708299436538348 PROBE_B_START program=low bvar=fsync
1772708299510904862 PROBE_B_END program=low bvar=fsync
1772708299713601847 PROBE_B_START program=low bvar=fsync
1772708299775968283 PROBE_B_END program=low bvar=fsync
1772708299978620249 PROBE_B_START program=low bvar=fsync
1772708300029717552 PROBE_B_END program=low bvar=fsync
1772708300232373444 PROBE_B_START program=low bvar=fsync
1772708300280025221 PROBE_B_END program=low bvar=fsync
1772708300482701706 PROBE_B_START program=low bvar=fsync
1772708300532509395 PROBE_B_END program=low bvar=fsync
1772708300735153010 PROBE_B_START program=low bvar=fsync
1772708300783388455 PROBE_B_END program=low bvar=fsync
1772708300986101440 PROBE_B_START program=low bvar=fsync
1772708301038362023 PROBE_B_END program=low bvar=fsync
1772708301241006211 PROBE_B_START program=low bvar=fsync
1772708301290388177 PROBE_B_END program=low bvar=fsync
1772708301493086311 PROBE_B_START program=low bvar=fsync
1772708301542150369 PROBE_B_END program=low bvar=fsync
1772708301745057058 PROBE_B_START program=low bvar=fsync
1772708301792787446 PROBE_B_END program=low bvar=fsync
1772708301995512413 PROBE_B_START program=low bvar=fsync
1772708302094989735 PROBE_B_END program=low bvar=fsync
1772708302297617072 PROBE_B_START program=low bvar=fsync
1772708302351196675 PROBE_B_END program=low bvar=fsync
1772708302553904957 PROBE_B_START program=low bvar=fsync
1772708302601254734 PROBE_B_END program=low bvar=fsync
1772708302803928107 PROBE_B_START program=low bvar=fsync
1772708302853250388 PROBE_B_END program=low bvar=fsync
1772708303055895336 PROBE_B_START program=low bvar=fsync
1772708303104384356 PROBE_B_END program=low bvar=fsync
1772708303306998970 PROBE_B_START program=low bvar=fsync
1772708303357357734 PROBE_B_END program=low bvar=fsync
1772708303560106701 PROBE_B_START program=low bvar=fsync
1772708303607409866 PROBE_B_END program=low bvar=fsync
1772708303810087092 PROBE_B_START program=low bvar=fsync
1772708303858416389 PROBE_B_END program=low bvar=fsync
1772708304061138448 PROBE_B_START program=low bvar=fsync
1772708304110623488 PROBE_B_END program=low bvar=fsync
1772708304313415936 PROBE_B_START program=low bvar=fsync
1772708304361780252 PROBE_B_END program=low bvar=fsync
1772708304564552385 PROBE_B_START program=low bvar=fsync
1772708304611307809 PROBE_B_END program=low bvar=fsync
1772708304814012628 PROBE_B_START program=low bvar=fsync
1772708304864355743 PROBE_B_END program=low bvar=fsync
1772708305067099877 PROBE_B_START program=low bvar=fsync
1772708305114713728 PROBE_B_END program=low bvar=fsync
1772708305317502102 PROBE_B_START program=low bvar=fsync
1772708305367608458 PROBE_B_END program=low bvar=fsync
1772708305570408277 PROBE_B_START program=low bvar=fsync
1772708305602369727 PROBE_B_END program=low bvar=fsync
1772708305805228490 PROBE_B_START program=low bvar=fsync
1772708305891379546 PROBE_B_END program=low bvar=fsync
1772708306094080272 PROBE_B_START program=low bvar=fsync
1772708306154182129 PROBE_B_END program=low bvar=fsync
1772708306356857613 PROBE_B_START program=low bvar=fsync
1772708306416539562 PROBE_B_END program=low bvar=fsync
1772708306619361973 PROBE_B_START program=low bvar=fsync
1772708306680423721 PROBE_B_END program=low bvar=fsync
1772708306883025724 PROBE_B_START program=low bvar=fsync
1772708306990644507 PROBE_B_END program=low bvar=fsync
1772708307193362565 PROBE_B_START program=low bvar=fsync
1772708307246486779 PROBE_B_END program=low bvar=fsync
1772708307449319487 PROBE_B_START program=low bvar=fsync
1772708307499730955 PROBE_B_END program=low bvar=fsync
1772708307702502662 PROBE_B_START program=low bvar=fsync
1772708307776492268 PROBE_B_END program=low bvar=fsync
1772708307979244920 PROBE_B_START program=low bvar=fsync
1772708308028838275 PROBE_B_END program=low bvar=fsync
1772708308231647889 PROBE_B_START program=low bvar=fsync
1772708308302851527 PROBE_B_END program=low bvar=fsync
1772708308505556512 PROBE_B_START program=low bvar=fsync
1772708309068564138 PROBE_B_END program=low bvar=fsync
1772708309271409864 PROBE_B_START program=low bvar=fsync
1772708309553518336 PROBE_B_END program=low bvar=fsync
1772708309756304895 PROBE_B_START program=low bvar=fsync
1772708309875691070 PROBE_B_END program=low bvar=fsync
1772708310078611111 PROBE_B_START program=low bvar=fsync
1772708310186946710 PROBE_B_END program=low bvar=fsync
1772708310389737658 PROBE_B_START program=low bvar=fsync
1772708310450502016 PROBE_B_END program=low bvar=fsync
1772708310653316760 PROBE_B_START program=low bvar=fsync
1772708310710133240 PROBE_B_END program=low bvar=fsync
1772708310913441375 PROBE_B_START program=low bvar=fsync
1772708310962949248 PROBE_B_END program=low bvar=fsync
1772708311165807826 PROBE_B_START program=low bvar=fsync
1772708311214889661 PROBE_B_END program=low bvar=fsync
1772708311417714535 PROBE_B_START program=low bvar=fsync
1772708311479867507 PROBE_B_END program=low bvar=fsync
1772708311682678066 PROBE_B_START program=low bvar=fsync
1772708311729552194 PROBE_B_END program=low bvar=fsync
1772708311932424383 PROBE_B_START program=low bvar=fsync
1772708311979988642 PROBE_B_END program=low bvar=fsync
1772708312182795923 PROBE_B_START program=low bvar=fsync
1772708312232267315 PROBE_B_END program=low bvar=fsync
1772708312435080207 PROBE_B_START program=low bvar=fsync
1772708312484530173 PROBE_B_END program=low bvar=fsync
1772708312687240658 PROBE_B_START program=low bvar=fsync
1772708312737098532 PROBE_B_END program=low bvar=fsync
1772708312939942073 PROBE_B_START program=low bvar=fsync
1772708312988315629 PROBE_B_END program=low bvar=fsync
1772708313191123818 PROBE_B_START program=low bvar=fsync
1772708313242562584 PROBE_B_END program=low bvar=fsync
1772708313445382754 PROBE_B_START program=low bvar=fsync
1772708313492063122 PROBE_B_END program=low bvar=fsync
1772708313694771959 PROBE_B_START program=low bvar=fsync
1772708313744054628 PROBE_B_END program=low bvar=fsync
1772708313946875113 PROBE_B_START program=low bvar=fsync
1772708314044007579 PROBE_B_END program=low bvar=fsync
1772708314246529285 PROBE_B_START program=low bvar=fsync
1772708314294517508 PROBE_B_END program=low bvar=fsync
1772708314497189863 PROBE_B_START program=low bvar=fsync
1772708314549960668 PROBE_B_END program=low bvar=fsync
1772708314752710375 PROBE_B_START program=low bvar=fsync
1772708314801857470 PROBE_B_END program=low bvar=fsync
1772708315004466140 PROBE_B_START program=low bvar=fsync
1772708315057184242 PROBE_B_END program=low bvar=fsync
1772708315259865393 PROBE_B_START program=low bvar=fsync
1772708315309763323 PROBE_B_END program=low bvar=fsync
1772708315512606179 PROBE_B_START program=low bvar=fsync
1772708315608424012 PROBE_B_END program=low bvar=fsync
1772708315811322442 PROBE_B_START program=low bvar=fsync
1772708315861143686 PROBE_B_END program=low bvar=fsync
1772708316063983967 PROBE_B_START program=low bvar=fsync
1772708316113073099 PROBE_B_END program=low bvar=fsync
1772708316315898362 PROBE_B_START program=low bvar=fsync
1772708316366706034 PROBE_B_END program=low bvar=fsync
1772708316569524278 PROBE_B_START program=low bvar=fsync
1772708316700428254 PROBE_B_END program=low bvar=fsync
1772708316903122812 PROBE_B_START program=low bvar=fsync
1772708316956033452 PROBE_B_END program=low bvar=fsync
1772708317158658899 PROBE_B_START program=low bvar=fsync
1772708317210646092 PROBE_B_END program=low bvar=fsync
1772708317413265539 PROBE_B_START program=low bvar=fsync
1772708317465127399 PROBE_B_END program=low bvar=fsync
1772708317667877754 PROBE_B_START program=low bvar=fsync
1772708317723073139 PROBE_B_END program=low bvar=fsync
1772708317925931790 PROBE_B_START program=low bvar=fsync
1772708317976930852 PROBE_B_END program=low bvar=fsync
1772708318179606151 PROBE_B_START program=low bvar=fsync
1772708318827925571 PROBE_B_END program=low bvar=fsync
1772708319030704204 PROBE_B_START program=low bvar=fsync
1772708319166267133 PROBE_B_END program=low bvar=fsync
1772708319369030470 PROBE_B_START program=low bvar=fsync
1772708319475414675 PROBE_B_END program=low bvar=fsync
1772708319678144252 PROBE_B_START program=low bvar=fsync
1772708319733311933 PROBE_B_END program=low bvar=fsync
1772708319936107233 PROBE_B_START program=low bvar=fsync
1772708319984391530 PROBE_B_END program=low bvar=fsync
1772708320187326052 PROBE_B_START program=low bvar=fsync
1772708320237721316 PROBE_B_END program=low bvar=fsync
1772708320440523764 PROBE_B_START program=low bvar=fsync
1772708320489567414 PROBE_B_END program=low bvar=fsync
1772708320692452769 PROBE_B_START program=low bvar=fsync
1772708320746115780 PROBE_B_END program=low bvar=fsync
1772708320948884746 PROBE_B_START program=low bvar=fsync
1772708321001131644 PROBE_B_END program=low bvar=fsync
1772708321203993369 PROBE_B_START program=low bvar=fsync
1772708321254627227 PROBE_B_END program=low bvar=fsync
1772708321457623786 PROBE_B_START program=low bvar=fsync
1772708321510222184 PROBE_B_END program=low bvar=fsync
1772708321713033779 PROBE_B_START program=low bvar=fsync
1772708321760419371 PROBE_B_END program=low bvar=fsync
1772708321963202578 PROBE_B_START program=low bvar=fsync
1772708322014743085 PROBE_B_END program=low bvar=fsync
1772708322217671366 PROBE_B_START program=low bvar=fsync
1772708322266023941 PROBE_B_END program=low bvar=fsync
1772708322468955148 PROBE_B_START program=low bvar=fsync
1772708322519785487 PROBE_B_END program=low bvar=fsync
1772708322722616139 PROBE_B_START program=low bvar=fsync
1772708322816847358 PROBE_B_END program=low bvar=fsync
1772708323019615324 PROBE_B_START program=low bvar=fsync
1772708323070901571 PROBE_B_END program=low bvar=fsync
1772708323273693260 PROBE_B_START program=low bvar=fsync
1772708323323691245 PROBE_B_END program=low bvar=fsync
1772708323526565434 PROBE_B_START program=low bvar=fsync
1772708323578469089 PROBE_B_END program=low bvar=fsync
1772708323781185129 PROBE_B_START program=low bvar=fsync
1772708323828686536 PROBE_B_END program=low bvar=fsync
1772708324031525447 PROBE_B_START program=low bvar=fsync
1772708324088118630 PROBE_B_END program=low bvar=fsync
1772708324290824022 PROBE_B_START program=low bvar=fsync
1772708324340320933 PROBE_B_END program=low bvar=fsync
1772708324543260658 PROBE_B_START program=low bvar=fsync
1772708324590586453 PROBE_B_END program=low bvar=fsync
1772708324793319845 PROBE_B_START program=low bvar=fsync
1772708324844530389 PROBE_B_END program=low bvar=fsync
1772708325047303558 PROBE_B_START program=low bvar=fsync
1772708325095594578 PROBE_B_END program=low bvar=fsync
1772708325298363284 PROBE_B_START program=low bvar=fsync
1772708325347010601 PROBE_B_END program=low bvar=fsync
1772708325549964437 PROBE_B_START program=low bvar=fsync
1772708325599902015 PROBE_B_END program=low bvar=fsync
1772708325803079742 PROBE_B_START program=low bvar=fsync
1772708325852594726 PROBE_B_END program=low bvar=fsync
1772708326055537841 PROBE_B_START program=low bvar=fsync
1772708326150041338 PROBE_B_END program=low bvar=fsync
1772708326352778397 PROBE_B_START program=low bvar=fsync
1772708326405185942 PROBE_B_END program=low bvar=fsync
1772708326608295446 PROBE_B_START program=low bvar=fsync
1772708326657511745 PROBE_B_END program=low bvar=fsync
1772708326860303637 PROBE_B_START program=low bvar=fsync
1772708326913183961 PROBE_B_END program=low bvar=fsync
1772708327116087076 PROBE_B_START program=low bvar=fsync
1772708327173212242 PROBE_B_END program=low bvar=fsync
1772708327376041837 PROBE_B_START program=low bvar=fsync
1772708327426470305 PROBE_B_END program=low bvar=fsync
1772708327629360049 PROBE_B_START program=low bvar=fsync
1772708327684186729 PROBE_B_END program=low bvar=fsync
1772708327886929121 PROBE_B_START program=low bvar=fsync
1772708327936864958 PROBE_B_END program=low bvar=fsync
1772708328139823721 PROBE_B_START program=low bvar=fsync
1772708328194016974 PROBE_B_END program=low bvar=fsync
1772708328396725939 PROBE_B_START program=low bvar=fsync
1772708329042857151 PROBE_B_END program=low bvar=fsync
1772708329245638413 PROBE_B_START program=low bvar=fsync
1772708329478883383 PROBE_B_END program=low bvar=fsync
1772708329681600237 PROBE_B_START program=low bvar=fsync
1772708329766036826 PROBE_B_END program=low bvar=fsync
1772708329968794218 PROBE_B_START program=low bvar=fsync
1772708330036626868 PROBE_B_END program=low bvar=fsync
1772708330239451260 PROBE_B_START program=low bvar=fsync
1772708330441074834 PROBE_B_END program=low bvar=fsync
1772708330643625281 PROBE_B_START program=low bvar=fsync
1772708330691866060 PROBE_B_END program=low bvar=fsync
1772708330894508285 PROBE_B_START program=low bvar=fsync
1772708330965942608 PROBE_B_END program=low bvar=fsync
1772708331168632685 PROBE_B_START program=low bvar=fsync
1772708331217547520 PROBE_B_END program=low bvar=fsync
1772708331420180412 PROBE_B_START program=low bvar=fsync
1772708331491845939 PROBE_B_END program=low bvar=fsync
1772708331694411497 PROBE_B_START program=low bvar=fsync
1772708331742387145 PROBE_B_END program=low bvar=fsync
1772708331945024000 PROBE_B_START program=low bvar=fsync
1772708331992539406 PROBE_B_END program=low bvar=fsync
1772708332195256965 PROBE_B_START program=low bvar=fsync
1772708332246097841 PROBE_B_END program=low bvar=fsync
1772708332448733121 PROBE_B_START program=low bvar=fsync
1772708332517591236 PROBE_B_END program=low bvar=fsync
1772708332720281127 PROBE_B_START program=low bvar=fsync
1772708332768539813 PROBE_B_END program=low bvar=fsync
1772708332971199705 PROBE_B_START program=low bvar=fsync
1772708333019876502 PROBE_B_END program=low bvar=fsync
1772708333222589209 PROBE_B_START program=low bvar=fsync
1772708333273980604 PROBE_B_END program=low bvar=fsync
1772708333476621811 PROBE_B_START program=low bvar=fsync
1772708333525917332 PROBE_B_END program=low bvar=fsync
1772708333728533371 PROBE_B_START program=low bvar=fsync
1772708333779414581 PROBE_B_END program=low bvar=fsync
1772708333982051917 PROBE_B_START program=low bvar=fsync
1772708334031543420 PROBE_B_END program=low bvar=fsync
1772708334234304774 PROBE_B_START program=low bvar=fsync
1772708334289541103 PROBE_B_END program=low bvar=fsync
1772708334492189365 PROBE_B_START program=low bvar=fsync
1772708334543507742 PROBE_B_END program=low bvar=fsync
1772708334746176078 PROBE_B_START program=low bvar=fsync
1772708334800305757 PROBE_B_END program=low bvar=fsync
1772708335002923574 PROBE_B_START program=low bvar=fsync
1772708335103953066 PROBE_B_END program=low bvar=fsync
1772708335306647068 PROBE_B_START program=low bvar=fsync
1772708335357354759 PROBE_B_END program=low bvar=fsync
1772708335560171225 PROBE_B_START program=low bvar=fsync
1772708335612492178 PROBE_B_END program=low bvar=fsync
1772708335815111254 PROBE_B_START program=low bvar=fsync
1772708335861471918 PROBE_B_END program=low bvar=fsync
1772708336064171180 PROBE_B_START program=low bvar=fsync
1772708336115747353 PROBE_B_END program=low bvar=fsync
1772708336318435689 PROBE_B_START program=low bvar=fsync
1772708336366848950 PROBE_B_END program=low bvar=fsync
1772708336569581934 PROBE_B_START program=low bvar=fsync
1772708336618434584 PROBE_B_END program=low bvar=fsync
1772708336821163753 PROBE_B_START program=low bvar=fsync
1772708336871748110 PROBE_B_END program=low bvar=fsync
1772708337074480872 PROBE_B_START program=low bvar=fsync
1772708337125235340 PROBE_B_END program=low bvar=fsync
1772708337327839621 PROBE_B_START program=low bvar=fsync
1772708337376045806 PROBE_B_END program=low bvar=fsync
1772708337578870476 PROBE_B_START program=low bvar=fsync
1772708337627638237 PROBE_B_END program=low bvar=fsync
1772708337830529647 PROBE_B_START program=low bvar=fsync
1772708337879463112 PROBE_B_END program=low bvar=fsync
1772708338082243578 PROBE_B_START program=low bvar=fsync
1772708338129841151 PROBE_B_END program=low bvar=fsync
1772708338332597913 PROBE_B_START program=low bvar=fsync
1772708338385024440 PROBE_B_END program=low bvar=fsync
1772708338587819184 PROBE_B_START program=low bvar=fsync
1772708338642158529 PROBE_B_END program=low bvar=fsync
1772708338845117162 PROBE_B_START program=low bvar=fsync
1772708338898739784 PROBE_B_END program=low bvar=fsync
1772708339101512491 PROBE_B_START program=low bvar=fsync
1772708339538201593 PROBE_B_END program=low bvar=fsync
1772708339741025485 PROBE_B_START program=low bvar=fsync
1772708339770086430 PROBE_B_END program=low bvar=fsync
1772708339972879173 PROBE_B_START program=low bvar=fsync
1772708340059527730 PROBE_B_END program=low bvar=fsync
1772708340262287658 PROBE_B_START program=low bvar=fsync
1772708340325340243 PROBE_B_END program=low bvar=fsync
1772708340528061449 PROBE_B_START program=low bvar=fsync
1772708340591154682 PROBE_B_END program=low bvar=fsync
1772708340793901148 PROBE_B_START program=low bvar=fsync
1772708340860338869 PROBE_B_END program=low bvar=fsync
1772708341063163409 PROBE_B_START program=low bvar=fsync
1772708341125737863 PROBE_B_END program=low bvar=fsync
1772708341328654069 PROBE_B_START program=low bvar=fsync
1772708341430667840 PROBE_B_END program=low bvar=fsync
1772708341633459714 PROBE_B_START program=low bvar=fsync
1772708342241666221 PROBE_B_END program=low bvar=fsync
1772708342444404354 PROBE_B_START program=low bvar=fsync
1772708343081619862 PROBE_B_END program=low bvar=fsync
1772708343284388624 PROBE_B_START program=low bvar=fsync
1772708343344630518 PROBE_B_END program=low bvar=fsync
1772708343547487113 PROBE_B_START program=low bvar=fsync
1772708343607981452 PROBE_B_END program=low bvar=fsync
1772708343810764769 PROBE_B_START program=low bvar=fsync
1772708343860419143 PROBE_B_END program=low bvar=fsync
1772708344063226294 PROBE_B_START program=low bvar=fsync
1772708344113577484 PROBE_B_END program=low bvar=fsync
1772708344316375042 PROBE_B_START program=low bvar=fsync
1772708344364342116 PROBE_B_END program=low bvar=fsync
1772708344567165730 PROBE_B_START program=low bvar=fsync
1772708344619027071 PROBE_B_END program=low bvar=fsync
1772708344821866092 PROBE_B_START program=low bvar=fsync
1772708344872423578 PROBE_B_END program=low bvar=fsync
1772708345075402915 PROBE_B_START program=low bvar=fsync
1772708345126024698 PROBE_B_END program=low bvar=fsync
1772708345328829941 PROBE_B_START program=low bvar=fsync
1772708345375656087 PROBE_B_END program=low bvar=fsync
1772708345578545257 PROBE_B_START program=low bvar=fsync
1772708345627564370 PROBE_B_END program=low bvar=fsync
1772708345830531947 PROBE_B_START program=low bvar=fsync
1772708345879760727 PROBE_B_END program=low bvar=fsync
1772708346082740934 PROBE_B_START program=low bvar=fsync
1772708346135740610 PROBE_B_END program=low bvar=fsync
1772708346338436909 PROBE_B_START program=low bvar=fsync
1772708346436698358 PROBE_B_END program=low bvar=fsync
1772708346639430749 PROBE_B_START program=low bvar=fsync
1772708346692022461 PROBE_B_END program=low bvar=fsync
1772708346894787020 PROBE_B_START program=low bvar=fsync
1772708346947753418 PROBE_B_END program=low bvar=fsync
1772708347150447198 PROBE_B_START program=low bvar=fsync
1772708347227266032 PROBE_B_END program=low bvar=fsync
1772708347430049849 PROBE_B_START program=low bvar=fsync
1772708347482266617 PROBE_B_END program=low bvar=fsync
1772708347685085842 PROBE_B_START program=low bvar=fsync
1772708347734930660 PROBE_B_END program=low bvar=fsync
1772708347937725237 PROBE_B_START program=low bvar=fsync
1772708347990697024 PROBE_B_END program=low bvar=fsync
1772708348193433786 PROBE_B_START program=low bvar=fsync
1772708348247801835 PROBE_B_END program=low bvar=fsync
1772708348452081507 PROBE_B_START program=low bvar=fsync
1772708348506849891 PROBE_B_END program=low bvar=fsync
1772708348709742301 PROBE_B_START program=low bvar=fsync
1772708348805411245 PROBE_B_END program=low bvar=fsync
1772708349008224488 PROBE_B_START program=low bvar=fsync
1772708349055551746 PROBE_B_END program=low bvar=fsync
1772708349258352767 PROBE_B_START program=low bvar=fsync
1772708349314509227 PROBE_B_END program=low bvar=fsync
1772708349517482934 PROBE_B_START program=low bvar=fsync
1772708349565720860 PROBE_B_END program=low bvar=fsync
1772708349768562122 PROBE_B_START program=low bvar=fsync
1772708349818804590 PROBE_B_END program=low bvar=fsync
1772708350021782333 PROBE_B_START program=low bvar=fsync
1772708350074988436 PROBE_B_END program=low bvar=fsync
1772708350277950957 PROBE_B_START program=low bvar=fsync
1772708350329463816 PROBE_B_END program=low bvar=fsync
1772708350532370652 PROBE_B_START program=low bvar=fsync
1772708350582275359 PROBE_B_END program=low bvar=fsync
1772708350785143658 PROBE_B_START program=low bvar=fsync
1772708350840474210 PROBE_B_END program=low bvar=fsync
1772708351043347360 PROBE_B_START program=low bvar=fsync
1772708351093125049 PROBE_B_END program=low bvar=fsync
1772708351295958496 PROBE_B_START program=low bvar=fsync
1772708351349176525 PROBE_B_END program=low bvar=fsync
1772708351552068861 PROBE_B_START program=low bvar=fsync
1772708352088366210 PROBE_B_END program=low bvar=fsync
1772708352291294361 PROBE_B_START program=low bvar=fsync
1772708352364505651 PROBE_B_END program=low bvar=fsync
1772708352567300172 PROBE_B_START program=low bvar=fsync
1772708352639916386 PROBE_B_END program=low bvar=fsync
1772708352842666462 PROBE_B_START program=low bvar=fsync
1772708352899498368 PROBE_B_END program=low bvar=fsync
1772708353102337926 PROBE_B_START program=low bvar=fsync
1772708353159595222 PROBE_B_END program=low bvar=fsync
1772708353362344225 PROBE_B_START program=low bvar=fsync
1772708353418238832 PROBE_B_END program=low bvar=fsync
1772708353621078779 PROBE_B_START program=low bvar=fsync
1772708353669672077 PROBE_B_END program=low bvar=fsync
1772708353872545987 PROBE_B_START program=low bvar=fsync
1772708353970367250 PROBE_B_END program=low bvar=fsync
1772708354173142159 PROBE_B_START program=low bvar=fsync
1772708354224394018 PROBE_B_END program=low bvar=fsync
1772708354427118946 PROBE_B_START program=low bvar=fsync
1772708354475302168 PROBE_B_END program=low bvar=fsync
1772708354678177430 PROBE_B_START program=low bvar=fsync
1772708354743331852 PROBE_B_END program=low bvar=fsync
1772708354946277392 PROBE_B_START program=low bvar=fsync
1772708354996494341 PROBE_B_END program=low bvar=fsync
1772708355199199954 PROBE_B_START program=low bvar=fsync
1772708355248368771 PROBE_B_END program=low bvar=fsync
1772708355451061810 PROBE_B_START program=low bvar=fsync
1772708355498358735 PROBE_B_END program=low bvar=fsync
1772708355701115496 PROBE_B_START program=low bvar=fsync
1772708355751942761 PROBE_B_END program=low bvar=fsync
1772708355954694764 PROBE_B_START program=low bvar=fsync
1772708356003739747 PROBE_B_END program=low bvar=fsync
1772708356206468601 PROBE_B_START program=low bvar=fsync
1772708356255173084 PROBE_B_END program=low bvar=fsync
1772708356457965827 PROBE_B_START program=low bvar=fsync
1772708356504275305 PROBE_B_END program=low bvar=fsync
1772708356707042067 PROBE_B_START program=low bvar=fsync
1772708356755425771 PROBE_B_END program=low bvar=fsync
1772708356958286385 PROBE_B_START program=low bvar=fsync
1772708357055388924 PROBE_B_END program=low bvar=fsync
1772708357258225297 PROBE_B_START program=low bvar=fsync
1772708357308238579 PROBE_B_END program=low bvar=fsync
1772708357511125081 PROBE_B_START program=low bvar=fsync
1772708357559604878 PROBE_B_END program=low bvar=fsync
1772708357762451159 PROBE_B_START program=low bvar=fsync
1772708357816211373 PROBE_B_END program=low bvar=fsync
1772708358019074654 PROBE_B_START program=low bvar=fsync
1772708358068910768 PROBE_B_END program=low bvar=fsync
1772708358272237994 PROBE_B_START program=low bvar=fsync
1772708358323621130 PROBE_B_END program=low bvar=fsync
1772708358526740800 PROBE_B_START program=low bvar=fsync
1772708358577338694 PROBE_B_END program=low bvar=fsync
1772708358780325918 PROBE_B_START program=low bvar=fsync
1772708358830777219 PROBE_B_END program=low bvar=fsync
1772708359033771333 PROBE_B_START program=low bvar=fsync
1772708359082034315 PROBE_B_END program=low bvar=fsync
1772708359284983892 PROBE_B_START program=low bvar=fsync
1772708359336701492 PROBE_B_END program=low bvar=fsync
1772708359539481068 PROBE_B_START program=low bvar=fsync
1772708359587948550 PROBE_B_END program=low bvar=fsync
1772708359790645108 PROBE_B_START program=low bvar=fsync
1772708359842048152 PROBE_B_END program=low bvar=fsync
1772708360044826450 PROBE_B_START program=low bvar=fsync
1772708360142544028 PROBE_B_END program=low bvar=fsync
1772708360345335104 PROBE_B_START program=low bvar=fsync
1772708360395497071 PROBE_B_END program=low bvar=fsync
1772708360598141943 PROBE_B_START program=low bvar=fsync
1772708360651031620 PROBE_B_END program=low bvar=fsync
1772708360853797566 PROBE_B_START program=low bvar=fsync
1772708360908649635 PROBE_B_END program=low bvar=fsync
1772708361111459730 PROBE_B_START program=low bvar=fsync
1772708361732196038 PROBE_B_END program=low bvar=fsync
1772708361934915244 PROBE_B_START program=low bvar=fsync
1772708362190774126 PROBE_B_END program=low bvar=fsync
1772708362393522406 PROBE_B_START program=low bvar=fsync
1772708362459551811 PROBE_B_END program=low bvar=fsync
1772708362662234017 PROBE_B_START program=low bvar=fsync
1772708362719798943 PROBE_B_END program=low bvar=fsync
1772708362922707019 PROBE_B_START program=low bvar=fsync
1772708362976971180 PROBE_B_END program=low bvar=fsync
1772708363179786108 PROBE_B_START program=low bvar=fsync
1772708363249905484 PROBE_B_END program=low bvar=fsync
1772708363452650097 PROBE_B_START program=low bvar=fsync
1772708363502713268 PROBE_B_END program=low bvar=fsync
1772708363705501955 PROBE_B_START program=low bvar=fsync
1772708363793684273 PROBE_B_END program=low bvar=fsync
1772708363996382294 PROBE_B_START program=low bvar=fsync
1772708364160411666 PROBE_B_END program=low bvar=fsync
1772708364363144112 PROBE_B_START program=low bvar=fsync
1772708364440918225 PROBE_B_END program=low bvar=fsync
1772708364643815635 PROBE_B_START program=low bvar=fsync
1772708364713166287 PROBE_B_END program=low bvar=fsync
1772708364915827122 PROBE_B_START program=low bvar=fsync
1772708364985034182 PROBE_B_END program=low bvar=fsync
1772708365187794925 PROBE_B_START program=low bvar=fsync
1772708365235787517 PROBE_B_END program=low bvar=fsync
1772708365438569890 PROBE_B_START program=low bvar=fsync
1772708365488159115 PROBE_B_END program=low bvar=fsync
1772708365690789283 PROBE_B_START program=low bvar=fsync
1772708365737359244 PROBE_B_END program=low bvar=fsync
1772708365940155561 PROBE_B_START program=low bvar=fsync
1772708365990365861 PROBE_B_END program=low bvar=fsync
1772708366193022382 PROBE_B_START program=low bvar=fsync
1772708366263182387 PROBE_B_END program=low bvar=fsync
1772708366466037964 PROBE_B_START program=low bvar=fsync
1772708366535850302 PROBE_B_END program=low bvar=fsync
1772708366738412896 PROBE_B_START program=low bvar=fsync
1772708366852266597 PROBE_B_END program=low bvar=fsync
1772708367054915636 PROBE_B_START program=low bvar=fsync
1772708367108994314 PROBE_B_END program=low bvar=fsync
1772708367311667464 PROBE_B_START program=low bvar=fsync
1772708367360240188 PROBE_B_END program=low bvar=fsync
1772708367563032171 PROBE_B_START program=low bvar=fsync
1772708367611058523 PROBE_B_END program=low bvar=fsync
1772708367813909174 PROBE_B_START program=low bvar=fsync
1772708367863742510 PROBE_B_END program=low bvar=fsync
1772708368066515864 PROBE_B_START program=low bvar=fsync
1772708368113712159 PROBE_B_END program=low bvar=fsync
1772708368316522643 PROBE_B_START program=low bvar=fsync
1772708368365992108 PROBE_B_END program=low bvar=fsync
1772708368568642314 PROBE_B_START program=low bvar=fsync
1772708368615550886 PROBE_B_END program=low bvar=fsync
1772708368818202980 PROBE_B_START program=low bvar=fsync
1772708368866842852 PROBE_B_END program=low bvar=fsync
1772708369069504965 PROBE_B_START program=low bvar=fsync
1772708369117281223 PROBE_B_END program=low bvar=fsync
1772708369320062781 PROBE_B_START program=low bvar=fsync
1772708369370149266 PROBE_B_END program=low bvar=fsync
1772708369572817120 PROBE_B_START program=low bvar=fsync
1772708369625184425 PROBE_B_END program=low bvar=fsync
1772708369828021520 PROBE_B_START program=low bvar=fsync
1772708369880045953 PROBE_B_END program=low bvar=fsync
1772708370082811214 PROBE_B_START program=low bvar=fsync
1772708370136802726 PROBE_B_END program=low bvar=fsync
1772708370339571413 PROBE_B_START program=low bvar=fsync
1772708370389231231 PROBE_B_END program=low bvar=fsync
1772708370591946455 PROBE_B_START program=low bvar=fsync
1772708370689267569 PROBE_B_END program=low bvar=fsync
1772708370891828681 PROBE_B_START program=low bvar=fsync
1772708370941709759 PROBE_B_END program=low bvar=fsync
1772708371144442409 PROBE_B_START program=low bvar=fsync
1772708371808299652 PROBE_B_END program=low bvar=fsync
1772708372011111098 PROBE_B_START program=low bvar=fsync
1772708372216643569 PROBE_B_END program=low bvar=fsync
1772708372419381626 PROBE_B_START program=low bvar=fsync
1772708372479702242 PROBE_B_END program=low bvar=fsync
1772708372682542355 PROBE_B_START program=low bvar=fsync
1772708372740254985 PROBE_B_END program=low bvar=fsync
1772708372942857561 PROBE_B_START program=low bvar=fsync
1772708372991553933 PROBE_B_END program=low bvar=fsync
1772708373194291935 PROBE_B_START program=low bvar=fsync
1772708373248754169 PROBE_B_END program=low bvar=fsync
1772708373451418986 PROBE_B_START program=low bvar=fsync
1772708373501722749 PROBE_B_END program=low bvar=fsync
1772708373704541103 PROBE_B_START program=low bvar=fsync
1772708373754835330 PROBE_B_END program=low bvar=fsync
1772708373957399961 PROBE_B_START program=low bvar=fsync
1772708374006215277 PROBE_B_END program=low bvar=fsync
1772708374208950631 PROBE_B_START program=low bvar=fsync
1772708374257495002 PROBE_B_END program=low bvar=fsync
1772708374460142985 PROBE_B_START program=low bvar=fsync
1772708374822028312 PROBE_B_END program=low bvar=fsync
1772708375024654703 PROBE_B_START program=low bvar=fsync
1772708375193422602 PROBE_B_END program=low bvar=fsync
1772708375396215067 PROBE_B_START program=low bvar=fsync
1772708375462610177 PROBE_B_END program=low bvar=fsync
1772708375665289549 PROBE_B_START program=low bvar=fsync
1772708375726238222 PROBE_B_END program=low bvar=fsync
1772708375929030075 PROBE_B_START program=low bvar=fsync
1772708375981518399 PROBE_B_END program=low bvar=fsync
1772708376184265253 PROBE_B_START program=low bvar=fsync
1772708376237153947 PROBE_B_END program=low bvar=fsync
1772708376439933986 PROBE_B_START program=low bvar=fsync
1772708376540172513 PROBE_B_END program=low bvar=fsync
1772708376742842236 PROBE_B_START program=low bvar=fsync
1772708376792687758 PROBE_B_END program=low bvar=fsync
1772708376995593761 PROBE_B_START program=low bvar=fsync
1772708377043848983 PROBE_B_END program=low bvar=fsync
1772708377246710800 PROBE_B_START program=low bvar=fsync
1772708377295186338 PROBE_B_END program=low bvar=fsync
1772708377497970377 PROBE_B_START program=low bvar=fsync
1772708377547827010 PROBE_B_END program=low bvar=fsync
1772708377750559401 PROBE_B_START program=low bvar=fsync
1772708377800622367 PROBE_B_END program=low bvar=fsync
1772708378003879574 PROBE_B_START program=low bvar=fsync
1772708378093556728 PROBE_B_END program=low bvar=fsync
1772708378296307749 PROBE_B_START program=low bvar=fsync
1772708378345544862 PROBE_B_END program=low bvar=fsync
1772708378548348493 PROBE_B_START program=low bvar=fsync
1772708378595389417 PROBE_B_END program=low bvar=fsync
1772708378798203142 PROBE_B_START program=low bvar=fsync
1772708378848973684 PROBE_B_END program=low bvar=fsync
1772708379052419187 PROBE_B_START program=low bvar=fsync
1772708379100653261 PROBE_B_END program=low bvar=fsync
1772708379303433745 PROBE_B_START program=low bvar=fsync
1772708379352623006 PROBE_B_END program=low bvar=fsync
1772708379555393823 PROBE_B_START program=low bvar=fsync
1772708379604449640 PROBE_B_END program=low bvar=fsync
1772708379807259215 PROBE_B_START program=low bvar=fsync
1772708379856294958 PROBE_B_END program=low bvar=fsync
1772708380059058701 PROBE_B_START program=low bvar=fsync
1772708380112418266 PROBE_B_END program=low bvar=fsync
1772708380315165750 PROBE_B_START program=low bvar=fsync
1772708380364787808 PROBE_B_END program=low bvar=fsync
1772708380567563014 PROBE_B_START program=low bvar=fsync
1772708380619526280 PROBE_B_END program=low bvar=fsync
1772708380822364227 PROBE_B_START program=low bvar=fsync
1772708380874153901 PROBE_B_END program=low bvar=fsync
1772708381076919402 PROBE_B_START program=low bvar=fsync
1772708381129041003 PROBE_B_END program=low bvar=fsync
1772708381331913283 PROBE_B_START program=low bvar=fsync
1772708381431300956 PROBE_B_END program=low bvar=fsync
1772708381634100772 PROBE_B_START program=low bvar=fsync
1772708381733382204 PROBE_B_END program=low bvar=fsync
1772708381936125687 PROBE_B_START program=low bvar=fsync
1772708381990868534 PROBE_B_END program=low bvar=fsync
1772708382193441424 PROBE_B_START program=low bvar=fsync
1772708382248111640 PROBE_B_END program=low bvar=fsync
1772708382450887475 PROBE_B_START program=low bvar=fsync
1772708382502695797 PROBE_B_END program=low bvar=fsync
1772708382705492096 PROBE_B_START program=low bvar=fsync
1772708382759964849 PROBE_B_END program=low bvar=fsync
1772708382962812684 PROBE_B_START program=low bvar=fsync
1772708383015452674 PROBE_B_END program=low bvar=fsync
1772708383218138139 PROBE_B_START program=low bvar=fsync
1772708383844612901 PROBE_B_END program=low bvar=fsync
1772708384047358403 PROBE_B_START program=low bvar=fsync
1772708384605362126 PROBE_B_END program=low bvar=fsync
1772708384808154498 PROBE_B_START program=low bvar=fsync
1772708384882766642 PROBE_B_END program=low bvar=fsync
1772708385085574254 PROBE_B_START program=low bvar=fsync
1772708385143807200 PROBE_B_END program=low bvar=fsync
1772708385346378590 PROBE_B_START program=low bvar=fsync
1772708385407682079 PROBE_B_END program=low bvar=fsync
1772708385610421395 PROBE_B_START program=low bvar=fsync
1772708385658644358 PROBE_B_END program=low bvar=fsync
1772708385861378730 PROBE_B_START program=low bvar=fsync
1772708385911739753 PROBE_B_END program=low bvar=fsync
1772708386114566181 PROBE_B_START program=low bvar=fsync
1772708386164967074 PROBE_B_END program=low bvar=fsync
1772708386367659483 PROBE_B_START program=low bvar=fsync
1772708386417013356 PROBE_B_END program=low bvar=fsync
1772708386619716413 PROBE_B_START program=low bvar=fsync
1772708386667075264 PROBE_B_END program=low bvar=fsync
1772708386869975395 PROBE_B_START program=low bvar=fsync
1772708386919681435 PROBE_B_END program=low bvar=fsync
1772708387122503252 PROBE_B_START program=low bvar=fsync
1772708387218779882 PROBE_B_END program=low bvar=fsync
1772708387421572346 PROBE_B_START program=low bvar=fsync
1772708387469862254 PROBE_B_END program=low bvar=fsync
1772708387672741071 PROBE_B_START program=low bvar=fsync
1772708387727055157 PROBE_B_END program=low bvar=fsync
1772708387929775770 PROBE_B_START program=low bvar=fsync
1772708387980496460 PROBE_B_END program=low bvar=fsync
1772708388183438184 PROBE_B_START program=low bvar=fsync
1772708388235765063 PROBE_B_END program=low bvar=fsync
1772708388438580194 PROBE_B_START program=low bvar=fsync
1772708388491789630 PROBE_B_END program=low bvar=fsync
1772708388694470872 PROBE_B_START program=low bvar=fsync
1772708388751283629 PROBE_B_END program=low bvar=fsync
1772708388954019983 PROBE_B_START program=low bvar=fsync
1772708389003267522 PROBE_B_END program=low bvar=fsync
1772708389205952968 PROBE_B_START program=low bvar=fsync
1772708389255066248 PROBE_B_END program=low bvar=fsync
1772708389457867972 PROBE_B_START program=low bvar=fsync
1772708389507510586 PROBE_B_END program=low bvar=fsync
1772708389710380606 PROBE_B_START program=low bvar=fsync
1772708389759811886 PROBE_B_END program=low bvar=fsync
1772708389962592018 PROBE_B_START program=low bvar=fsync
1772708390016809122 PROBE_B_END program=low bvar=fsync
1772708390219600216 PROBE_B_START program=low bvar=fsync
1772708390272773189 PROBE_B_END program=low bvar=fsync
1772708390475606191 PROBE_B_START program=low bvar=fsync
1772708390531049168 PROBE_B_END program=low bvar=fsync
1772708390733785799 PROBE_B_START program=low bvar=fsync
1772708390783608747 PROBE_B_END program=low bvar=fsync
1772708390986379100 PROBE_B_START program=low bvar=fsync
1772708391029019127 PROBE_B_END program=low bvar=fsync
1772708391231839480 PROBE_B_START program=low bvar=fsync
1772708391334749438 PROBE_B_END program=low bvar=fsync
1772708391537540069 PROBE_B_START program=low bvar=fsync
1772708391587494202 PROBE_B_END program=low bvar=fsync
1772708391790292889 PROBE_B_START program=low bvar=fsync
1772708391841473525 PROBE_B_END program=low bvar=fsync
1772708392044374174 PROBE_B_START program=low bvar=fsync
1772708392097157572 PROBE_B_END program=low bvar=fsync
1772708392299948889 PROBE_B_START program=low bvar=fsync
1772708392352475120 PROBE_B_END program=low bvar=fsync
1772708392555358010 PROBE_B_START program=low bvar=fsync
1772708392606243664 PROBE_B_END program=low bvar=fsync
1772708392808973350 PROBE_B_START program=low bvar=fsync
1772708392859964041 PROBE_B_END program=low bvar=fsync
1772708393062802691 PROBE_B_START program=low bvar=fsync
1772708393115091977 PROBE_B_END program=low bvar=fsync
1772708393317885367 PROBE_B_START program=low bvar=fsync
1772708393965082021 PROBE_B_END program=low bvar=fsync
1772708394167868244 PROBE_B_START program=low bvar=fsync
1772708394264151485 PROBE_B_END program=low bvar=fsync
1772708394466875820 PROBE_B_START program=low bvar=fsync
1772708394539260348 PROBE_B_END program=low bvar=fsync
1772708394742400702 PROBE_B_START program=low bvar=fsync
1772708394800454203 PROBE_B_END program=low bvar=fsync
1772708395003306075 PROBE_B_START program=low bvar=fsync
1772708395066014825 PROBE_B_END program=low bvar=fsync
1772708395268718086 PROBE_B_START program=low bvar=fsync
1772708395372286711 PROBE_B_END program=low bvar=fsync
1772708395576116196 PROBE_B_START program=low bvar=fsync
1772708395626096181 PROBE_B_END program=low bvar=fsync
1772708395828890831 PROBE_B_START program=low bvar=fsync
1772708395881018265 PROBE_B_END program=low bvar=fsync
1772708396083743118 PROBE_B_START program=low bvar=fsync
1772708396132346304 PROBE_B_END program=low bvar=fsync
1772708396335155806 PROBE_B_START program=low bvar=fsync
1772708396382994083 PROBE_B_END program=low bvar=fsync
1772708396585682492 PROBE_B_START program=low bvar=fsync
1772708396641764914 PROBE_B_END program=low bvar=fsync
1772708396844619435 PROBE_B_START program=low bvar=fsync
1772708396893217102 PROBE_B_END program=low bvar=fsync
1772708397096049400 PROBE_B_START program=low bvar=fsync
1772708397145854940 PROBE_B_END program=low bvar=fsync
1772708397348668497 PROBE_B_START program=low bvar=fsync
1772708397396135663 PROBE_B_END program=low bvar=fsync
1772708397598781108 PROBE_B_START program=low bvar=fsync
1772708397650272948 PROBE_B_END program=low bvar=fsync
1772708397853054857 PROBE_B_START program=low bvar=fsync
1772708397899848299 PROBE_B_END program=low bvar=fsync
1772708398102555263 PROBE_B_START program=low bvar=fsync
1772708398153200935 PROBE_B_END program=low bvar=fsync
1772708398355981010 PROBE_B_START program=low bvar=fsync
1772708398402786378 PROBE_B_END program=low bvar=fsync
1772708398605468731 PROBE_B_START program=low bvar=fsync
1772708398699669987 PROBE_B_END program=low bvar=fsync
1772708398902899822 PROBE_B_START program=low bvar=fsync
1772708398950000709 PROBE_B_END program=low bvar=fsync
1772708399152718507 PROBE_B_START program=low bvar=fsync
1772708399200142820 PROBE_B_END program=low bvar=fsync
1772708399402905655 PROBE_B_START program=low bvar=fsync
1772708399453524715 PROBE_B_END program=low bvar=fsync
1772708399656234291 PROBE_B_START program=low bvar=fsync
1772708399707833001 PROBE_B_END program=low bvar=fsync
1772708399910712892 PROBE_B_START program=low bvar=fsync
1772708399961393711 PROBE_B_END program=low bvar=fsync
1772708400164184824 PROBE_B_START program=low bvar=fsync
1772708400211484656 PROBE_B_END program=low bvar=fsync
1772708400414259157 PROBE_B_START program=low bvar=fsync
1772708400462779917 PROBE_B_END program=low bvar=fsync
1772708400665438400 PROBE_B_START program=low bvar=fsync
1772708400713306603 PROBE_B_END program=low bvar=fsync
1772708400916022401 PROBE_B_START program=low bvar=fsync
1772708400964557198 PROBE_B_END program=low bvar=fsync
1772708401167323181 PROBE_B_START program=low bvar=fsync
1772708401217195406 PROBE_B_END program=low bvar=fsync
1772708401419875296 PROBE_B_START program=low bvar=fsync
1772708401471455321 PROBE_B_END program=low bvar=fsync
1772708401674126082 PROBE_B_START program=low bvar=fsync
1772708401726041811 PROBE_B_END program=low bvar=fsync
1772708401928836294 PROBE_B_START program=low bvar=fsync
1772708401979725170 PROBE_B_END program=low bvar=fsync
1772708402182488245 PROBE_B_START program=low bvar=fsync
1772708402278482634 PROBE_B_END program=low bvar=fsync
1772708402481217839 PROBE_B_START program=low bvar=fsync
1772708402531069175 PROBE_B_END program=low bvar=fsync
1772708402733871084 PROBE_B_START program=low bvar=fsync
1772708403354769446 PROBE_B_END program=low bvar=fsync
1772708403557596058 PROBE_B_START program=low bvar=fsync
1772708404010731819 PROBE_B_END program=low bvar=fsync
1772708404213467413 PROBE_B_START program=low bvar=fsync
1772708404281087061 PROBE_B_END program=low bvar=fsync
1772708404483936452 PROBE_B_START program=low bvar=fsync
1772708404541362284 PROBE_B_END program=low bvar=fsync
1772708404744063582 PROBE_B_START program=low bvar=fsync
1772708404798592853 PROBE_B_END program=low bvar=fsync
1772708405001407225 PROBE_B_START program=low bvar=fsync
1772708405049259780 PROBE_B_END program=low bvar=fsync
1772708405252039189 PROBE_B_START program=low bvar=fsync
1772708405305049495 PROBE_B_END program=low bvar=fsync
1772708405507896496 PROBE_B_START program=low bvar=fsync
1772708405557038850 PROBE_B_END program=low bvar=fsync
1772708405759842592 PROBE_B_START program=low bvar=fsync
1772708405798355610 PROBE_B_END program=low bvar=fsync
1772708406001033315 PROBE_B_START program=low bvar=fsync
1772708406028838628 PROBE_B_END program=low bvar=fsync
1772708406231579703 PROBE_B_START program=low bvar=fsync
1772708406261150371 PROBE_B_END program=low bvar=fsync
1772708406463873224 PROBE_B_START program=low bvar=fsync
1772708406549912408 PROBE_B_END program=low bvar=fsync
1772708406752601983 PROBE_B_START program=low bvar=fsync
1772708406812151987 PROBE_B_END program=low bvar=fsync
1772708407014900025 PROBE_B_START program=low bvar=fsync
1772708407071193911 PROBE_B_END program=low bvar=fsync
1772708407273912468 PROBE_B_START program=low bvar=fsync
1772708407333867435 PROBE_B_END program=low bvar=fsync
1772708407536705640 PROBE_B_START program=low bvar=fsync
1772708407593971084 PROBE_B_END program=low bvar=fsync
1772708407796744640 PROBE_B_START program=low bvar=fsync
1772708407858683945 PROBE_B_END program=low bvar=fsync
1772708408061499853 PROBE_B_START program=low bvar=fsync
1772708408116689645 PROBE_B_END program=low bvar=fsync
1772708408319423127 PROBE_B_START program=low bvar=fsync
1772708408370766485 PROBE_B_END program=low bvar=fsync
1772708408573547838 PROBE_B_START program=low bvar=fsync
1772708408650311079 PROBE_B_END program=low bvar=fsync
1772708408853002506 PROBE_B_START program=low bvar=fsync
1772708408888781500 PROBE_B_END program=low bvar=fsync
1772708409091859650 PROBE_B_START program=low bvar=fsync
1772708409174582976 PROBE_B_END program=low bvar=fsync
1772708409377298959 PROBE_B_START program=low bvar=fsync
1772708409434234605 PROBE_B_END program=low bvar=fsync
1772708409636932625 PROBE_B_START program=low bvar=fsync
1772708409694277346 PROBE_B_END program=low bvar=fsync
1772708409897057422 PROBE_B_START program=low bvar=fsync
1772708409956183220 PROBE_B_END program=low bvar=fsync
1772708410158784573 PROBE_B_START program=low bvar=fsync
1772708410209590652 PROBE_B_END program=low bvar=fsync
1772708410412328746 PROBE_B_START program=low bvar=fsync
1772708410460790062 PROBE_B_END program=low bvar=fsync
1772708410663584211 PROBE_B_START program=low bvar=fsync
1772708410712945121 PROBE_B_END program=low bvar=fsync
1772708410915748270 PROBE_B_START program=low bvar=fsync
1772708411013418236 PROBE_B_END program=low bvar=fsync
1772708411216063736 PROBE_B_START program=low bvar=fsync
1772708411265673295 PROBE_B_END program=low bvar=fsync
1772708411468445278 PROBE_B_START program=low bvar=fsync
1772708411523789958 PROBE_B_END program=low bvar=fsync
1772708411726699163 PROBE_B_START program=low bvar=fsync
1772708411776923797 PROBE_B_END program=low bvar=fsync
1772708411980210114 PROBE_B_START program=low bvar=fsync
1772708412032002121 PROBE_B_END program=low bvar=fsync
1772708412235104511 PROBE_B_START program=low bvar=fsync
1772708412292359492 PROBE_B_END program=low bvar=fsync
1772708412495525420 PROBE_B_START program=low bvar=fsync
1772708412550764137 PROBE_B_END program=low bvar=fsync
1772708412753986991 PROBE_B_START program=low bvar=fsync
1772708413282510489 PROBE_B_END program=low bvar=fsync
1772708413485606972 PROBE_B_START program=low bvar=fsync
1772708413618553209 PROBE_B_END program=low bvar=fsync
1772708413821635859 PROBE_B_START program=low bvar=fsync
1772708413879481174 PROBE_B_END program=low bvar=fsync
1772708414082663417 PROBE_B_START program=low bvar=fsync
1772708414141270196 PROBE_B_END program=low bvar=fsync
1772708414344536050 PROBE_B_START program=low bvar=fsync
1772708414399679489 PROBE_B_END program=low bvar=fsync
1772708414602914380 PROBE_B_START program=low bvar=fsync
1772708414656484779 PROBE_B_END program=low bvar=fsync
1772708414859676837 PROBE_B_START program=low bvar=fsync
1772708414957950637 PROBE_B_END program=low bvar=fsync
1772708415161022565 PROBE_B_START program=low bvar=fsync
1772708415213123850 PROBE_B_END program=low bvar=fsync
1772708415416584093 PROBE_B_START program=low bvar=fsync
1772708415464980223 PROBE_B_END program=low bvar=fsync
1772708415668070336 PROBE_B_START program=low bvar=fsync
1772708415719013415 PROBE_B_END program=low bvar=fsync
1772708415922051158 PROBE_B_START program=low bvar=fsync
1772708415975592798 PROBE_B_END program=low bvar=fsync
1772708416178744633 PROBE_B_START program=low bvar=fsync
1772708416236540003 PROBE_B_END program=low bvar=fsync
1772708416441067934 PROBE_B_START program=low bvar=fsync
1772708416493465979 PROBE_B_END program=low bvar=fsync
1772708416696589406 PROBE_B_START program=low bvar=fsync
1772708416747147689 PROBE_B_END program=low bvar=fsync
1772708416950285783 PROBE_B_START program=low bvar=fsync
1772708417000776325 PROBE_B_END program=low bvar=fsync
1772708417203794808 PROBE_B_START program=low bvar=fsync
1772708417251101232 PROBE_B_END program=low bvar=fsync
1772708417453982696 PROBE_B_START program=low bvar=fsync
1772708417508248023 PROBE_B_END program=low bvar=fsync
1772708417711332580 PROBE_B_START program=low bvar=fsync
1772708417759136172 PROBE_B_END program=low bvar=fsync
1772708417962316692 PROBE_B_START program=low bvar=fsync
1772708418010849267 PROBE_B_END program=low bvar=fsync
1772708418213892509 PROBE_B_START program=low bvar=fsync
1772708418307375393 PROBE_B_END program=low bvar=fsync
1772708418510491191 PROBE_B_START program=low bvar=fsync
1772708418560192527 PROBE_B_END program=low bvar=fsync
1772708418763364214 PROBE_B_START program=low bvar=fsync
1772708418813718051 PROBE_B_END program=low bvar=fsync
1772708419016670979 PROBE_B_START program=low bvar=fsync
1772708419066875538 PROBE_B_END program=low bvar=fsync
1772708419269864354 PROBE_B_START program=low bvar=fsync
1772708419318955190 PROBE_B_END program=low bvar=fsync
1772708419521919450 PROBE_B_START program=low bvar=fsync
1772708419571799620 PROBE_B_END program=low bvar=fsync
1772708419775266863 PROBE_B_START program=low bvar=fsync
1772708419825039700 PROBE_B_END program=low bvar=fsync
1772708420028055220 PROBE_B_START program=low bvar=fsync
1772708420076078404 PROBE_B_END program=low bvar=fsync
1772708420279427795 PROBE_B_START program=low bvar=fsync
1772708420332679435 PROBE_B_END program=low bvar=fsync
1772708420535831918 PROBE_B_START program=low bvar=fsync
1772708420585778533 PROBE_B_END program=low bvar=fsync
1772708420788881756 PROBE_B_START program=low bvar=fsync
1772708420833836843 PROBE_B_END program=low bvar=fsync
1772708421036992474 PROBE_B_START program=low bvar=fsync
1772708421099480835 PROBE_B_END program=low bvar=fsync
1772708421302715448 PROBE_B_START program=low bvar=fsync
1772708421357184793 PROBE_B_END program=low bvar=fsync
1772708421560113721 PROBE_B_START program=low bvar=fsync
1772708421656821555 PROBE_B_END program=low bvar=fsync
1772708421859805408 PROBE_B_START program=low bvar=fsync
1772708421913734604 PROBE_B_END program=low bvar=fsync
1772708422116888698 PROBE_B_START program=low bvar=fsync
1772708422757792578 PROBE_B_END program=low bvar=fsync
1772708422960841543 PROBE_B_START program=low bvar=fsync
1772708423146629307 PROBE_B_END program=low bvar=fsync
1772708423349671383 PROBE_B_START program=low bvar=fsync
1772708423412710689 PROBE_B_END program=low bvar=fsync
1772708423615776746 PROBE_B_START program=low bvar=fsync
1772708423667811532 PROBE_B_END program=low bvar=fsync
1772708423870887311 PROBE_B_START program=low bvar=fsync
1772708423919240682 PROBE_B_END program=low bvar=fsync
1772708424122341331 PROBE_B_START program=low bvar=fsync
1772708424175622378 PROBE_B_END program=low bvar=fsync
1772708424378700028 PROBE_B_START program=low bvar=fsync
1772708424427874030 PROBE_B_END program=low bvar=fsync
1772708424630745568 PROBE_B_START program=low bvar=fsync
1772708424680428089 PROBE_B_END program=low bvar=fsync
1772708424883554646 PROBE_B_START program=low bvar=fsync
1772708424933776502 PROBE_B_END program=low bvar=fsync
1772708425136620614 PROBE_B_START program=low bvar=fsync
1772708425184695781 PROBE_B_END program=low bvar=fsync
1772708425387794430 PROBE_B_START program=low bvar=fsync
1772708425437330785 PROBE_B_END program=low bvar=fsync
1772708425640353805 PROBE_B_START program=low bvar=fsync
1772708425688056007 PROBE_B_END program=low bvar=fsync
1772708425891044786 PROBE_B_START program=low bvar=fsync
1772708425943630536 PROBE_B_END program=low bvar=fsync
1772708426146887482 PROBE_B_START program=low bvar=fsync
1772708426242334350 PROBE_B_END program=low bvar=fsync
1772708426445454815 PROBE_B_START program=low bvar=fsync
1772708426502072016 PROBE_B_END program=low bvar=fsync
1772708426705028369 PROBE_B_START program=low bvar=fsync
1772708426753083351 PROBE_B_END program=low bvar=fsync
1772708426956086963 PROBE_B_START program=low bvar=fsync
1772708427007650895 PROBE_B_END program=low bvar=fsync
1772708427210551322 PROBE_B_START program=low bvar=fsync
1772708427258628804 PROBE_B_END program=low bvar=fsync
1772708427461734620 PROBE_B_START program=low bvar=fsync
1772708427513307664 PROBE_B_END program=low bvar=fsync
1772708427716368091 PROBE_B_START program=low bvar=fsync
1772708427763670811 PROBE_B_END program=low bvar=fsync
1772708427966577276 PROBE_B_START program=low bvar=fsync
1772708428016420742 PROBE_B_END program=low bvar=fsync
1772708428219564928 PROBE_B_START program=low bvar=fsync
1772708428269451061 PROBE_B_END program=low bvar=fsync
1772708428472485007 PROBE_B_START program=low bvar=fsync
1772708428519512542 PROBE_B_END program=low bvar=fsync
1772708428722229117 PROBE_B_START program=low bvar=fsync
1772708428770603950 PROBE_B_END program=low bvar=fsync
1772708428973623618 PROBE_B_START program=low bvar=fsync
1772708429069703229 PROBE_B_END program=low bvar=fsync
1772708429272699452 PROBE_B_START program=low bvar=fsync
1772708429323834513 PROBE_B_END program=low bvar=fsync
1772708429526776700 PROBE_B_START program=low bvar=fsync
1772708429576148961 PROBE_B_END program=low bvar=fsync
1772708429779012073 PROBE_B_START program=low bvar=fsync
1772708429831024303 PROBE_B_END program=low bvar=fsync
1772708430034092730 PROBE_B_START program=low bvar=fsync
1772708430083730733 PROBE_B_END program=low bvar=fsync
1772708430286838290 PROBE_B_START program=low bvar=fsync
1772708430339605021 PROBE_B_END program=low bvar=fsync
1772708430543279542 PROBE_B_START program=low bvar=fsync
1772708430642961622 PROBE_B_END program=low bvar=fsync
1772708430846554551 PROBE_B_START program=low bvar=fsync
1772708430898953244 PROBE_B_END program=low bvar=fsync
1772708431102138746 PROBE_B_START program=low bvar=fsync
1772708431152843287 PROBE_B_END program=low bvar=fsync
1772708431355902826 PROBE_B_START program=low bvar=fsync
1772708431406865331 PROBE_B_END program=low bvar=fsync
1772708431609890388 PROBE_B_START program=low bvar=fsync
1772708431665052605 PROBE_B_END program=low bvar=fsync
1772708431868300903 PROBE_B_START program=low bvar=fsync
1772708431919785835 PROBE_B_END program=low bvar=fsync
1772708432122833947 PROBE_B_START program=low bvar=fsync
1772708432176941607 PROBE_B_END program=low bvar=fsync
1772708432380095868 PROBE_B_START program=low bvar=fsync
1772708432432097023 PROBE_B_END program=low bvar=fsync
1772708432635134432 PROBE_B_START program=low bvar=fsync
1772708432691052854 PROBE_B_END program=low bvar=fsync
1772708432894573208 PROBE_B_START program=low bvar=fsync
1772708433527738536 PROBE_B_END program=low bvar=fsync
1772708433730660037 PROBE_B_START program=low bvar=fsync
1772708434152526810 PROBE_B_END program=low bvar=fsync
1772708434355495404 PROBE_B_START program=low bvar=fsync
1772708434428124284 PROBE_B_END program=low bvar=fsync
1772708434631277989 PROBE_B_START program=low bvar=fsync
1772708434695573298 PROBE_B_END program=low bvar=fsync
1772708434898702503 PROBE_B_START program=low bvar=fsync
1772708434955099537 PROBE_B_END program=low bvar=fsync
1772708435157987779 PROBE_B_START program=low bvar=fsync
1772708435207617671 PROBE_B_END program=low bvar=fsync
1772708435410510616 PROBE_B_START program=low bvar=fsync
1772708435460004933 PROBE_B_END program=low bvar=fsync
1772708435662800601 PROBE_B_START program=low bvar=fsync
1772708435700878192 PROBE_B_END program=low bvar=fsync
1772708435903946601 PROBE_B_START program=low bvar=fsync
1772708435933444454 PROBE_B_END program=low bvar=fsync
1772708436136461381 PROBE_B_START program=low bvar=fsync
1772708436222269083 PROBE_B_END program=low bvar=fsync
1772708436425152047 PROBE_B_START program=low bvar=fsync
1772708436483457807 PROBE_B_END program=low bvar=fsync
1772708436686306456 PROBE_B_START program=low bvar=fsync
1772708436747045054 PROBE_B_END program=low bvar=fsync
1772708436950134481 PROBE_B_START program=low bvar=fsync
1772708437056667389 PROBE_B_END program=low bvar=fsync
1772708437259448594 PROBE_B_START program=low bvar=fsync
1772708437319512098 PROBE_B_END program=low bvar=fsync
1772708437522465284 PROBE_B_START program=low bvar=fsync
1772708437579143560 PROBE_B_END program=low bvar=fsync
1772708437782181690 PROBE_B_START program=low bvar=fsync
1772708437834977181 PROBE_B_END program=low bvar=fsync
1772708438037925774 PROBE_B_START program=low bvar=fsync
1772708438088489834 PROBE_B_END program=low bvar=fsync
1772708438291376520 PROBE_B_START program=low bvar=fsync
1772708438339983928 PROBE_B_END program=low bvar=fsync
1772708438542918226 PROBE_B_START program=low bvar=fsync
1772708438594146454 PROBE_B_END program=low bvar=fsync
1772708438797168288 PROBE_B_START program=low bvar=fsync
1772708438847311273 PROBE_B_END program=low bvar=fsync
1772708439050134830 PROBE_B_START program=low bvar=fsync
1772708439101205187 PROBE_B_END program=low bvar=fsync
1772708439304027354 PROBE_B_START program=low bvar=fsync
1772708439382278523 PROBE_B_END program=low bvar=fsync
1772708439585259506 PROBE_B_START program=low bvar=fsync
1772708439638538793 PROBE_B_END program=low bvar=fsync
1772708439841575924 PROBE_B_START program=low bvar=fsync
1772708439889076367 PROBE_B_END program=low bvar=fsync
1772708440091899923 PROBE_B_START program=low bvar=fsync
1772708440140399387 PROBE_B_END program=low bvar=fsync
1772708440343651740 PROBE_B_START program=low bvar=fsync
1772708440392179074 PROBE_B_END program=low bvar=fsync
1772708440595315131 PROBE_B_START program=low bvar=fsync
1772708440645333430 PROBE_B_END program=low bvar=fsync
1772708440848402135 PROBE_B_START program=low bvar=fsync
1772708440954470654 PROBE_B_END program=low bvar=fsync
1772708441157622137 PROBE_B_START program=low bvar=fsync
1772708441208841531 PROBE_B_END program=low bvar=fsync
1772708441411866921 PROBE_B_START program=low bvar=fsync
1772708441460179162 PROBE_B_END program=low bvar=fsync
1772708441663276626 PROBE_B_START program=low bvar=fsync
1772708441714220965 PROBE_B_END program=low bvar=fsync
1772708441917233262 PROBE_B_START program=low bvar=fsync
1772708441965299003 PROBE_B_END program=low bvar=fsync
1772708442168341430 PROBE_B_START program=low bvar=fsync
1772708442221238605 PROBE_B_END program=low bvar=fsync
1772708442424236643 PROBE_B_START program=low bvar=fsync
1772708442475590872 PROBE_B_END program=low bvar=fsync
1772708442678713373 PROBE_B_START program=low bvar=fsync
1772708442727523800 PROBE_B_END program=low bvar=fsync
1772708442930521004 PROBE_B_START program=low bvar=fsync
1772708442982712382 PROBE_B_END program=low bvar=fsync
1772708443185763439 PROBE_B_START program=low bvar=fsync
1772708443235747813 PROBE_B_END program=low bvar=fsync
1772708443438689647 PROBE_B_START program=low bvar=fsync
1772708443490477561 PROBE_B_END program=low bvar=fsync
1772708443693485192 PROBE_B_START program=low bvar=fsync
1772708443746337256 PROBE_B_END program=low bvar=fsync
1772708443949194461 PROBE_B_START program=low bvar=fsync
1772708444001616747 PROBE_B_END program=low bvar=fsync
1772708444204685803 PROBE_B_START program=low bvar=fsync
1772708444302850566 PROBE_B_END program=low bvar=fsync
1772708444505783011 PROBE_B_START program=low bvar=fsync
1772708444562886139 PROBE_B_END program=low bvar=fsync
1772708444765874103 PROBE_B_START program=low bvar=fsync
1772708445325429733 PROBE_B_END program=low bvar=fsync
1772708445528396160 PROBE_B_START program=low bvar=fsync
1772708445660434080 PROBE_B_END program=low bvar=fsync
1772708445863734137 PROBE_B_START program=low bvar=fsync
1772708445974569276 PROBE_B_END program=low bvar=fsync
1772708446177666684 PROBE_B_START program=low bvar=fsync
1772708446231031361 PROBE_B_END program=low bvar=fsync
1772708446434089399 PROBE_B_START program=low bvar=fsync
1772708446485203293 PROBE_B_END program=low bvar=fsync
1772708446688213683 PROBE_B_START program=low bvar=fsync
1772708446739569096 PROBE_B_END program=low bvar=fsync
1772708446942573449 PROBE_B_START program=low bvar=fsync
1772708446994315271 PROBE_B_END program=low bvar=fsync
1772708447197420179 PROBE_B_START program=low bvar=fsync
1772708447249169038 PROBE_B_END program=low bvar=fsync
1772708447452460299 PROBE_B_START program=low bvar=fsync
1772708447506404272 PROBE_B_END program=low bvar=fsync
1772708447709513699 PROBE_B_START program=low bvar=fsync
1772708447760629001 PROBE_B_END program=low bvar=fsync
1772708447963830465 PROBE_B_START program=low bvar=fsync
1772708448012290725 PROBE_B_END program=low bvar=fsync
1772708448215356930 PROBE_B_START program=low bvar=fsync
1772708448268681995 PROBE_B_END program=low bvar=fsync
1772708448472349979 PROBE_B_START program=low bvar=fsync
1772708448526880713 PROBE_B_END program=low bvar=fsync
1772708448730011418 PROBE_B_START program=low bvar=fsync
1772708448784322652 PROBE_B_END program=low bvar=fsync
1772708448987156504 PROBE_B_START program=low bvar=fsync
1772708449044734133 PROBE_B_END program=low bvar=fsync
1772708449247480523 PROBE_B_START program=low bvar=fsync
1772708449347381196 PROBE_B_END program=low bvar=fsync
1772708449550069844 PROBE_B_START program=low bvar=fsync
1772708449599269753 PROBE_B_END program=low bvar=fsync
1772708449802048606 PROBE_B_START program=low bvar=fsync
1772708449855336819 PROBE_B_END program=low bvar=fsync
1772708450057969523 PROBE_B_START program=low bvar=fsync
1772708450106466005 PROBE_B_END program=low bvar=fsync
1772708450309389506 PROBE_B_START program=low bvar=fsync
1772708450361073160 PROBE_B_END program=low bvar=fsync
1772708450563793957 PROBE_B_START program=low bvar=fsync
1772708450615027185 PROBE_B_END program=low bvar=fsync
1772708450817796815 PROBE_B_START program=low bvar=fsync
1772708450868277356 PROBE_B_END program=low bvar=fsync
1772708451070970764 PROBE_B_START program=low bvar=fsync
1772708451118075280 PROBE_B_END program=low bvar=fsync
1772708451320862225 PROBE_B_START program=low bvar=fsync
1772708451368826854 PROBE_B_END program=low bvar=fsync
1772708451572150781 PROBE_B_START program=low bvar=fsync
1772708451621107338 PROBE_B_END program=low bvar=fsync
1772708451823931469 PROBE_B_START program=low bvar=fsync
1772708451872941637 PROBE_B_END program=low bvar=fsync
1772708452075859730 PROBE_B_START program=low bvar=fsync
1772708452123648322 PROBE_B_END program=low bvar=fsync
1772708452326377303 PROBE_B_START program=low bvar=fsync
1772708452376072232 PROBE_B_END program=low bvar=fsync
1772708452578729232 PROBE_B_START program=low bvar=fsync
1772708452628973995 PROBE_B_END program=low bvar=fsync
1772708452831703514 PROBE_B_START program=low bvar=fsync
1772708452881512258 PROBE_B_END program=low bvar=fsync
1772708453084320388 PROBE_B_START program=low bvar=fsync
1772708453135420949 PROBE_B_END program=low bvar=fsync
1772708453338238227 PROBE_B_START program=low bvar=fsync
1772708453388255786 PROBE_B_END program=low bvar=fsync
1772708453591198101 PROBE_B_START program=low bvar=fsync
1772708453692432944 PROBE_B_END program=low bvar=fsync
1772708453895120852 PROBE_B_START program=low bvar=fsync
1772708453948357065 PROBE_B_END program=low bvar=fsync
1772708454151140195 PROBE_B_START program=low bvar=fsync
1772708454696939242 PROBE_B_END program=low bvar=fsync
1772708454899747224 PROBE_B_START program=low bvar=fsync
1772708455034729668 PROBE_B_END program=low bvar=fsync
1772708455237508150 PROBE_B_START program=low bvar=fsync
1772708455305246373 PROBE_B_END program=low bvar=fsync
1772708455508381633 PROBE_B_START program=low bvar=fsync
1772708455571551106 PROBE_B_END program=low bvar=fsync
1772708455774231495 PROBE_B_START program=low bvar=fsync
1772708455876359913 PROBE_B_END program=low bvar=fsync
1772708456079109969 PROBE_B_START program=low bvar=fsync
1772708456129437288 PROBE_B_END program=low bvar=fsync
1772708456332186122 PROBE_B_START program=low bvar=fsync
1772708456386375207 PROBE_B_END program=low bvar=fsync
1772708456589128133 PROBE_B_START program=low bvar=fsync
1772708456639411970 PROBE_B_END program=low bvar=fsync
1772708456842181267 PROBE_B_START program=low bvar=fsync
1772708456891090009 PROBE_B_END program=low bvar=fsync
1772708457093840750 PROBE_B_START program=low bvar=fsync
1772708457145559423 PROBE_B_END program=low bvar=fsync
1772708457348299646 PROBE_B_START program=low bvar=fsync
1772708457394970346 PROBE_B_END program=low bvar=fsync
1772708457597694328 PROBE_B_START program=low bvar=fsync
1772708457649795224 PROBE_B_END program=low bvar=fsync
1772708457852620873 PROBE_B_START program=low bvar=fsync
1772708457899742519 PROBE_B_END program=low bvar=fsync
1772708458102539389 PROBE_B_START program=low bvar=fsync
1772708458152265207 PROBE_B_END program=low bvar=fsync
1772708458355044467 PROBE_B_START program=low bvar=fsync
1772708458404291839 PROBE_B_END program=low bvar=fsync
1772708458608272452 PROBE_B_START program=low bvar=fsync
1772708458706960864 PROBE_B_END program=low bvar=fsync
1772708458909664623 PROBE_B_START program=low bvar=fsync
1772708458956486028 PROBE_B_END program=low bvar=fsync
1772708459159197361 PROBE_B_START program=low bvar=fsync
1772708459207563325 PROBE_B_END program=low bvar=fsync
1772708459410317214 PROBE_B_START program=low bvar=fsync
1772708459462161498 PROBE_B_END program=low bvar=fsync
1772708459664927813 PROBE_B_START program=low bvar=fsync
1772708459712540257 PROBE_B_END program=low bvar=fsync
1772708459915329609 PROBE_B_START program=low bvar=fsync
1772708459965867020 PROBE_B_END program=low bvar=fsync
1772708460168597909 PROBE_B_START program=low bvar=fsync
1772708460216699687 PROBE_B_END program=low bvar=fsync
1772708460419417798 PROBE_B_START program=low bvar=fsync
1772708460467962447 PROBE_B_END program=low bvar=fsync
1772708460671070596 PROBE_B_START program=low bvar=fsync
1772708460718891076 PROBE_B_END program=low bvar=fsync
1772708460921632873 PROBE_B_START program=low bvar=fsync
1772708460972900934 PROBE_B_END program=low bvar=fsync
1772708461175602527 PROBE_B_START program=low bvar=fsync
1772708461222829766 PROBE_B_END program=low bvar=fsync
1772708461425582673 PROBE_B_START program=low bvar=fsync
1772708461473716728 PROBE_B_END program=low bvar=fsync
1772708461676390062 PROBE_B_START program=low bvar=fsync
1772708461725857897 PROBE_B_END program=low bvar=fsync
1772708461928585990 PROBE_B_START program=low bvar=fsync
1772708461977190194 PROBE_B_END program=low bvar=fsync
1772708462179900176 PROBE_B_START program=low bvar=fsync
1772708462231993535 PROBE_B_END program=low bvar=fsync
1772708462434697702 PROBE_B_START program=low bvar=fsync
1772708462489597455 PROBE_B_END program=low bvar=fsync
1772708462692261363 PROBE_B_START program=low bvar=fsync
1772708462748216914 PROBE_B_END program=low bvar=fsync
1772708462950997378 PROBE_B_START program=low bvar=fsync
1772708463002056568 PROBE_B_END program=low bvar=fsync
1772708463204784142 PROBE_B_START program=low bvar=fsync
1772708463304152370 PROBE_B_END program=low bvar=fsync
1772708463506814314 PROBE_B_START program=low bvar=fsync
1772708463559593027 PROBE_B_END program=low bvar=fsync
1772708463762891361 PROBE_B_START program=low bvar=fsync
1772708464379431877 PROBE_B_END program=low bvar=fsync
1772708464582149433 PROBE_B_START program=low bvar=fsync
1772708464965550390 PROBE_B_END program=low bvar=fsync
1772708465168336594 PROBE_B_START program=low bvar=fsync
1772708465228589173 PROBE_B_END program=low bvar=fsync
1772708465431476821 PROBE_B_START program=low bvar=fsync
1772708465537949192 PROBE_B_END program=low bvar=fsync
1772708465740993934 PROBE_B_START program=low bvar=fsync
1772708465798936045 PROBE_B_END program=low bvar=fsync
1772708466001741934 PROBE_B_START program=low bvar=fsync
1772708466050757083 PROBE_B_END program=low bvar=fsync
1772708466253659361 PROBE_B_START program=low bvar=fsync
1772708466305002330 PROBE_B_END program=low bvar=fsync
1772708466507829182 PROBE_B_START program=low bvar=fsync
1772708466555610311 PROBE_B_END program=low bvar=fsync
1772708466758402311 PROBE_B_START program=low bvar=fsync
1772708466808515370 PROBE_B_END program=low bvar=fsync
1772708467011256370 PROBE_B_START program=low bvar=fsync
1772708467061317837 PROBE_B_END program=low bvar=fsync
1772708467264016985 PROBE_B_START program=low bvar=fsync
1772708467310809889 PROBE_B_END program=low bvar=fsync
1772708467513626223 PROBE_B_START program=low bvar=fsync
1772708467562753873 PROBE_B_END program=low bvar=fsync
1772708467765593280 PROBE_B_START program=low bvar=fsync
1772708467813391168 PROBE_B_END program=low bvar=fsync
1772708468016059520 PROBE_B_START program=low bvar=fsync
1772708468064878762 PROBE_B_END program=low bvar=fsync
1772708468267679299 PROBE_B_START program=low bvar=fsync
1772708468318169914 PROBE_B_END program=low bvar=fsync
1772708468520905896 PROBE_B_START program=low bvar=fsync
1772708468619645418 PROBE_B_END program=low bvar=fsync
1772708468822400900 PROBE_B_START program=low bvar=fsync
1772708468875935113 PROBE_B_END program=low bvar=fsync
1772708469078663521 PROBE_B_START program=low bvar=fsync
1772708469126433353 PROBE_B_END program=low bvar=fsync
1772708469329194964 PROBE_B_START program=low bvar=fsync
1772708469378199984 PROBE_B_END program=low bvar=fsync
1772708469580984725 PROBE_B_START program=low bvar=fsync
1772708469630723746 PROBE_B_END program=low bvar=fsync
1772708469833511821 PROBE_B_START program=low bvar=fsync
1772708469883121156 PROBE_B_END program=low bvar=fsync
1772708470085972638 PROBE_B_START program=low bvar=fsync
1772708470173059138 PROBE_B_END program=low bvar=fsync
1772708470376052065 PROBE_B_START program=low bvar=fsync
1772708470423543230 PROBE_B_END program=low bvar=fsync
1772708470626594749 PROBE_B_START program=low bvar=fsync
1772708470673885877 PROBE_B_END program=low bvar=fsync
1772708470876766118 PROBE_B_START program=low bvar=fsync
1772708470931268055 PROBE_B_END program=low bvar=fsync
1772708471134166759 PROBE_B_START program=low bvar=fsync
1772708471180610571 PROBE_B_END program=low bvar=fsync
1772708471383404145 PROBE_B_START program=low bvar=fsync
1772708471436283950 PROBE_B_END program=low bvar=fsync
1772708471639244432 PROBE_B_START program=low bvar=fsync
1772708471689163398 PROBE_B_END program=low bvar=fsync
1772708471892140546 PROBE_B_START program=low bvar=fsync
1772708471995278244 PROBE_B_END program=low bvar=fsync
1772708472198176392 PROBE_B_START program=low bvar=fsync
1772708472249847584 PROBE_B_END program=low bvar=fsync
1772708472452757621 PROBE_B_START program=low bvar=fsync
1772708472507966172 PROBE_B_END program=low bvar=fsync
1772708472710788542 PROBE_B_START program=low bvar=fsync
1772708472760892657 PROBE_B_END program=low bvar=fsync
1772708472964000731 PROBE_B_START program=low bvar=fsync
1772708473019358393 PROBE_B_END program=low bvar=fsync
1772708473222296245 PROBE_B_START program=low bvar=fsync
1772708473274146048 PROBE_B_END program=low bvar=fsync
1772708473477130160 PROBE_B_START program=low bvar=fsync
1772708473979546586 PROBE_B_END program=low bvar=fsync
1772708474182249753 PROBE_B_START program=low bvar=fsync
1772708474311437482 PROBE_B_END program=low bvar=fsync
1772708474514503779 PROBE_B_START program=low bvar=fsync
1772708474574446486 PROBE_B_END program=low bvar=fsync
1772708474777400746 PROBE_B_START program=low bvar=fsync
1772708474835545728 PROBE_B_END program=low bvar=fsync
1772708475038432006 PROBE_B_START program=low bvar=fsync
1772708475088786861 PROBE_B_END program=low bvar=fsync
1772708475291785140 PROBE_B_START program=low bvar=fsync
1772708475341686420 PROBE_B_END program=low bvar=fsync
1772708475544516698 PROBE_B_START program=low bvar=fsync
1772708475595103703 PROBE_B_END program=low bvar=fsync
1772708475797985758 PROBE_B_START program=low bvar=fsync
1772708475896245447 PROBE_B_END program=low bvar=fsync
1772708476098966521 PROBE_B_START program=low bvar=fsync
1772708476153078087 PROBE_B_END program=low bvar=fsync
1772708476356024699 PROBE_B_START program=low bvar=fsync
1772708476403948402 PROBE_B_END program=low bvar=fsync
1772708476606801253 PROBE_B_START program=low bvar=fsync
1772708476654646697 PROBE_B_END program=low bvar=fsync
1772708476857624697 PROBE_B_START program=low bvar=fsync
1772708476910129372 PROBE_B_END program=low bvar=fsync
1772708477112949261 PROBE_B_START program=low bvar=fsync
1772708477165712973 PROBE_B_END program=low bvar=fsync
1772708477368623344 PROBE_B_START program=low bvar=fsync
1772708477418298272 PROBE_B_END program=low bvar=fsync
1772708477621142346 PROBE_B_START program=low bvar=fsync
1772708477672405648 PROBE_B_END program=low bvar=fsync
1772708477875168019 PROBE_B_START program=low bvar=fsync
1772708477924334631 PROBE_B_END program=low bvar=fsync
1772708478127150168 PROBE_B_START program=low bvar=fsync
1772708478174505759 PROBE_B_END program=low bvar=fsync
1772708478377336259 PROBE_B_START program=low bvar=fsync
1772708478424633165 PROBE_B_END program=low bvar=fsync
1772708478627511868 PROBE_B_START program=low bvar=fsync
1772708478677359482 PROBE_B_END program=low bvar=fsync
1772708478880155334 PROBE_B_START program=low bvar=fsync
1772708478928902280 PROBE_B_END program=low bvar=fsync
1772708479132000910 PROBE_B_START program=low bvar=fsync
1772708479229417467 PROBE_B_END program=low bvar=fsync
1772708479432278726 PROBE_B_START program=low bvar=fsync
1772708479484915179 PROBE_B_END program=low bvar=fsync
1772708479687588567 PROBE_B_START program=low bvar=fsync
1772708479783650455 PROBE_B_END program=low bvar=fsync
1772708479988456607 PROBE_B_START program=low bvar=fsync
1772708480040432318 PROBE_B_END program=low bvar=fsync
1772708480242972058 PROBE_B_START program=low bvar=fsync
1772708480292516338 PROBE_B_END program=low bvar=fsync
1772708480494873559 PROBE_B_START program=low bvar=fsync
1772708480543903801 PROBE_B_END program=low bvar=fsync
1772708480746150319 PROBE_B_START program=low bvar=fsync
1772708480794812431 PROBE_B_END program=low bvar=fsync
1772708480997155374 PROBE_B_START program=low bvar=fsync
1772708481041873886 PROBE_B_END program=low bvar=fsync
1772708481244274403 PROBE_B_START program=low bvar=fsync
1772708481295866095 PROBE_B_END program=low bvar=fsync
1772708481498075908 PROBE_B_START program=low bvar=fsync
1772708481544967128 PROBE_B_END program=low bvar=fsync
1772708481747308831 PROBE_B_START program=low bvar=fsync
1772708481845879612 PROBE_B_END program=low bvar=fsync
1772708482048128074 PROBE_B_START program=low bvar=fsync
1772708482095277609 PROBE_B_END program=low bvar=fsync
1772708482297580867 PROBE_B_START program=low bvar=fsync
1772708482349969393 PROBE_B_END program=low bvar=fsync
1772708482552902375 PROBE_B_START program=low bvar=fsync
1772708482602048691 PROBE_B_END program=low bvar=fsync
1772708482804472746 PROBE_B_START program=low bvar=fsync
1772708483445646623 PROBE_B_END program=low bvar=fsync
1772708483647891029 PROBE_B_START program=low bvar=fsync
1772708483882057570 PROBE_B_END program=low bvar=fsync
1772708484084189643 PROBE_B_START program=low bvar=fsync
1772708484140616085 PROBE_B_END program=low bvar=fsync
1772708484342674953 PROBE_B_START program=low bvar=fsync
1772708484396646335 PROBE_B_END program=low bvar=fsync
1772708484599470038 PROBE_B_START program=low bvar=fsync
1772708484647874446 PROBE_B_END program=low bvar=fsync
1772708484850788927 PROBE_B_START program=low bvar=fsync
1772708484900959801 PROBE_B_END program=low bvar=fsync
1772708485103898153 PROBE_B_START program=low bvar=fsync
1772708485154246250 PROBE_B_END program=low bvar=fsync
1772708485357054731 PROBE_B_START program=low bvar=fsync
1772708485406886882 PROBE_B_END program=low bvar=fsync
1772708485609814049 PROBE_B_START program=low bvar=fsync
1772708485657206065 PROBE_B_END program=low bvar=fsync
1772708485859934695 PROBE_B_START program=low bvar=fsync
1772708485907898416 PROBE_B_END program=low bvar=fsync
1772708486110788675 PROBE_B_START program=low bvar=fsync
1772708486161383717 PROBE_B_END program=low bvar=fsync
1772708486364206346 PROBE_B_START program=low bvar=fsync
1772708486411503011 PROBE_B_END program=low bvar=fsync
1772708486614435159 PROBE_B_START program=low bvar=fsync
1772708486668135262 PROBE_B_END program=low bvar=fsync
1772708486871015577 PROBE_B_START program=low bvar=fsync
1772708486918496908 PROBE_B_END program=low bvar=fsync
1772708487121501668 PROBE_B_START program=low bvar=fsync
1772708487221393156 PROBE_B_END program=low bvar=fsync
1772708487424224841 PROBE_B_START program=low bvar=fsync
1772708487472142488 PROBE_B_END program=low bvar=fsync
1772708487674930228 PROBE_B_START program=low bvar=fsync
1772708487724614194 PROBE_B_END program=low bvar=fsync
1772708487927474953 PROBE_B_START program=low bvar=fsync
1772708487979643461 PROBE_B_END program=low bvar=fsync
1772708488182445034 PROBE_B_START program=low bvar=fsync
1772708488232672057 PROBE_B_END program=low bvar=fsync
1772708488435565797 PROBE_B_START program=low bvar=fsync
1772708488483587371 PROBE_B_END program=low bvar=fsync
1772708488686519963 PROBE_B_START program=low bvar=fsync
1772708488736375688 PROBE_B_END program=low bvar=fsync
1772708488939118373 PROBE_B_START program=low bvar=fsync
1772708488986753909 PROBE_B_END program=low bvar=fsync
1772708489189628668 PROBE_B_START program=low bvar=fsync
1772708489239150319 PROBE_B_END program=low bvar=fsync
1772708489442020244 PROBE_B_START program=low bvar=fsync
1772708489490750467 PROBE_B_END program=low bvar=fsync
1772708489693480448 PROBE_B_START program=low bvar=fsync
1772708489745245622 PROBE_B_END program=low bvar=fsync
1772708489948076973 PROBE_B_START program=low bvar=fsync
1772708489999316683 PROBE_B_END program=low bvar=fsync
1772708490202121053 PROBE_B_START program=low bvar=fsync
1772708490250128496 PROBE_B_END program=low bvar=fsync
1772708490452889978 PROBE_B_START program=low bvar=fsync
1772708490549720996 PROBE_B_END program=low bvar=fsync
1772708490752551052 PROBE_B_START program=low bvar=fsync
1772708490800904274 PROBE_B_END program=low bvar=fsync
1772708491003657848 PROBE_B_START program=low bvar=fsync
1772708491053120405 PROBE_B_END program=low bvar=fsync
1772708491255970164 PROBE_B_START program=low bvar=fsync
1772708491305557019 PROBE_B_END program=low bvar=fsync
1772708491508521278 PROBE_B_START program=low bvar=fsync
1772708491563379142 PROBE_B_END program=low bvar=fsync
1772708491766307679 PROBE_B_START program=low bvar=fsync
1772708491819912578 PROBE_B_END program=low bvar=fsync
1772708492022938801 PROBE_B_START program=low bvar=fsync
1772708492073400397 PROBE_B_END program=low bvar=fsync
1772708492276299471 PROBE_B_START program=low bvar=fsync
1772708492329079961 PROBE_B_END program=low bvar=fsync
1772708492532161258 PROBE_B_START program=low bvar=fsync
1772708492582445262 PROBE_B_END program=low bvar=fsync
1772708492785372298 PROBE_B_START program=low bvar=fsync
1772708492839568865 PROBE_B_END program=low bvar=fsync
1772708493042595680 PROBE_B_START program=low bvar=fsync
1772708493096210801 PROBE_B_END program=low bvar=fsync
1772708493298993375 PROBE_B_START program=low bvar=fsync
1772708493925297297 PROBE_B_END program=low bvar=fsync
1772708494128116945 PROBE_B_START program=low bvar=fsync
1772708494655176325 PROBE_B_END program=low bvar=fsync
1772708494858017399 PROBE_B_START program=low bvar=fsync
1772708494981155709 PROBE_B_END program=low bvar=fsync
1772708495184040060 PROBE_B_START program=low bvar=fsync
1772708495242137912 PROBE_B_END program=low bvar=fsync
1772708495444950986 PROBE_B_START program=low bvar=fsync
1772708495506182974 PROBE_B_END program=low bvar=fsync
1772708495709044307 PROBE_B_START program=low bvar=fsync
1772708495764379376 PROBE_B_END program=low bvar=fsync
1772708495967255487 PROBE_B_START program=low bvar=fsync
1772708496017117434 PROBE_B_END program=low bvar=fsync
1772708496220080638 PROBE_B_START program=low bvar=fsync
1772708496275448910 PROBE_B_END program=low bvar=fsync
1772708496478252317 PROBE_B_START program=low bvar=fsync
1772708496526204335 PROBE_B_END program=low bvar=fsync
1772708496729125113 PROBE_B_START program=low bvar=fsync
1772708496780003655 PROBE_B_END program=low bvar=fsync
1772708496983047840 PROBE_B_START program=low bvar=fsync
1772708497031327766 PROBE_B_END program=low bvar=fsync
1772708497234283451 PROBE_B_START program=low bvar=fsync
1772708497283157526 PROBE_B_END program=low bvar=fsync
1772708497485992063 PROBE_B_START program=low bvar=fsync
1772708497535704139 PROBE_B_END program=low bvar=fsync
1772708497738552565 PROBE_B_START program=low bvar=fsync
1772708497786357657 PROBE_B_END program=low bvar=fsync
1772708497989369323 PROBE_B_START program=low bvar=fsync
1772708498045052837 PROBE_B_END program=low bvar=fsync
1772708498248085985 PROBE_B_START program=low bvar=fsync
1772708498346981564 PROBE_B_END program=low bvar=fsync
1772708498549867137 PROBE_B_START program=low bvar=fsync
1772708498605120947 PROBE_B_END program=low bvar=fsync
1772708498808138614 PROBE_B_START program=low bvar=fsync
1772708498860207991 PROBE_B_END program=low bvar=fsync
1772708499063789048 PROBE_B_START program=low bvar=fsync
1772708499116307778 PROBE_B_END program=low bvar=fsync
1772708499319129944 PROBE_B_START program=low bvar=fsync
1772708499376496406 PROBE_B_END program=low bvar=fsync
1772708499579452572 PROBE_B_START program=low bvar=fsync
1772708499627468164 PROBE_B_END program=low bvar=fsync
1772708499830307775 PROBE_B_START program=low bvar=fsync
1772708499879917963 PROBE_B_END program=low bvar=fsync
1772708500083278093 PROBE_B_START program=low bvar=fsync
1772708500132405872 PROBE_B_END program=low bvar=fsync
1772708500335271391 PROBE_B_START program=low bvar=fsync
1772708500384063614 PROBE_B_END program=low bvar=fsync
1772708500587127114 PROBE_B_START program=low bvar=fsync
1772708500635232132 PROBE_B_END program=low bvar=fsync
1772708500838138150 PROBE_B_START program=low bvar=fsync
1772708500918695897 PROBE_B_END program=low bvar=fsync
1772708501121609841 PROBE_B_START program=low bvar=fsync
1772708501168998135 PROBE_B_END program=low bvar=fsync
1772708501371862580 PROBE_B_START program=low bvar=fsync
1772708501421471193 PROBE_B_END program=low bvar=fsync
1772708501624536637 PROBE_B_START program=low bvar=fsync
1772708501673700843 PROBE_B_END program=low bvar=fsync
1772708501876535398 PROBE_B_START program=low bvar=fsync
1772708501929908704 PROBE_B_END program=low bvar=fsync
1772708502132687481 PROBE_B_START program=low bvar=fsync
1772708502185200526 PROBE_B_END program=low bvar=fsync
1772708502388094563 PROBE_B_START program=low bvar=fsync
1772708502442092277 PROBE_B_END program=low bvar=fsync
1772708502645097333 PROBE_B_START program=low bvar=fsync
1772708502695927337 PROBE_B_END program=low bvar=fsync
1772708502898773911 PROBE_B_START program=low bvar=fsync
1772708503004445336 PROBE_B_END program=low bvar=fsync
1772708503207469780 PROBE_B_START program=low bvar=fsync
1772708503260901308 PROBE_B_END program=low bvar=fsync
1772708503463942197 PROBE_B_START program=low bvar=fsync
1772708504135332131 PROBE_B_END program=low bvar=fsync
1772708504338343668 PROBE_B_START program=low bvar=fsync
1772708504890989022 PROBE_B_END program=low bvar=fsync
1772708505093960856 PROBE_B_START program=low bvar=fsync
1772708505150345945 PROBE_B_END program=low bvar=fsync
1772708505353083444 PROBE_B_START program=low bvar=fsync
1772708505401740612 PROBE_B_END program=low bvar=fsync
1772708505604628907 PROBE_B_START program=low bvar=fsync
1772708505659397475 PROBE_B_END program=low bvar=fsync
1772708505862175456 PROBE_B_START program=low bvar=fsync
1772708505913837370 PROBE_B_END program=low bvar=fsync
1772708506116859703 PROBE_B_START program=low bvar=fsync
1772708506165259481 PROBE_B_END program=low bvar=fsync
1772708506368026369 PROBE_B_START program=low bvar=fsync
1772708506420789266 PROBE_B_END program=low bvar=fsync
1772708506623717137 PROBE_B_START program=low bvar=fsync
1772708506719465653 PROBE_B_END program=low bvar=fsync
1772708506922304856 PROBE_B_START program=low bvar=fsync
1772708506972563712 PROBE_B_END program=low bvar=fsync
1772708507175311285 PROBE_B_START program=low bvar=fsync
1772708507222338820 PROBE_B_END program=low bvar=fsync
1772708507425241523 PROBE_B_START program=low bvar=fsync
1772708507474442395 PROBE_B_END program=low bvar=fsync
1772708507677241598 PROBE_B_START program=low bvar=fsync
1772708507725294079 PROBE_B_END program=low bvar=fsync
1772708507928161134 PROBE_B_START program=low bvar=fsync
1772708507977060209 PROBE_B_END program=low bvar=fsync
1772708508180386543 PROBE_B_START program=low bvar=fsync
1772708508229994527 PROBE_B_END program=low bvar=fsync
1772708508432788637 PROBE_B_START program=low bvar=fsync
1772708508483023437 PROBE_B_END program=low bvar=fsync
1772708508685750751 PROBE_B_START program=low bvar=fsync
1772708508741149820 PROBE_B_END program=low bvar=fsync
1772708508944088968 PROBE_B_START program=low bvar=fsync
1772708508993431044 PROBE_B_END program=low bvar=fsync
1772708509196641600 PROBE_B_START program=low bvar=fsync
1772708509245967250 PROBE_B_END program=low bvar=fsync
1772708509448693064 PROBE_B_START program=low bvar=fsync
1772708509494656559 PROBE_B_END program=low bvar=fsync
1772708509697454910 PROBE_B_START program=low bvar=fsync
1772708509749687418 PROBE_B_END program=low bvar=fsync
1772708509952631103 PROBE_B_START program=low bvar=fsync
1772708509999830878 PROBE_B_END program=low bvar=fsync
1772708510202814378 PROBE_B_START program=low bvar=fsync
1772708510253226660 PROBE_B_END program=low bvar=fsync
1772708510456049326 PROBE_B_START program=low bvar=fsync
1772708510504247455 PROBE_B_END program=low bvar=fsync
1772708510707194380 PROBE_B_START program=low bvar=fsync
1772708510756725105 PROBE_B_END program=low bvar=fsync
1772708510959508030 PROBE_B_START program=low bvar=fsync
1772708511006459398 PROBE_B_END program=low bvar=fsync
1772708511209353490 PROBE_B_START program=low bvar=fsync
1772708511257657286 PROBE_B_END program=low bvar=fsync
1772708511460415563 PROBE_B_START program=low bvar=fsync
1772708511508990749 PROBE_B_END program=low bvar=fsync
1772708511711803896 PROBE_B_START program=low bvar=fsync
1772708511759859729 PROBE_B_END program=low bvar=fsync
1772708511962629821 PROBE_B_START program=low bvar=fsync
1772708512013449418 PROBE_B_END program=low bvar=fsync
1772708512216349084 PROBE_B_START program=low bvar=fsync
1772708512265820160 PROBE_B_END program=low bvar=fsync
1772708512468641049 PROBE_B_START program=low bvar=fsync
1772708512568091665 PROBE_B_END program=low bvar=fsync
1772708512770919146 PROBE_B_START program=low bvar=fsync
1772708512822878338 PROBE_B_END program=low bvar=fsync
1772708513025763356 PROBE_B_START program=low bvar=fsync
1772708513080104645 PROBE_B_END program=low bvar=fsync
1772708513282912255 PROBE_B_START program=low bvar=fsync
1772708513333404945 PROBE_B_END program=low bvar=fsync
1772708513536340815 PROBE_B_START program=low bvar=fsync
1772708513587925710 PROBE_B_END program=low bvar=fsync
1772708513790738616 PROBE_B_START program=low bvar=fsync
1772708513841338417 PROBE_B_END program=low bvar=fsync
1772708514044195268 PROBE_B_START program=low bvar=fsync
1772708514096679795 PROBE_B_END program=low bvar=fsync
1772708514299442035 PROBE_B_START program=low bvar=fsync
1772708514863265355 PROBE_B_END program=low bvar=fsync
1772708515066135002 PROBE_B_START program=low bvar=fsync
1772708515197301661 PROBE_B_END program=low bvar=fsync
1772708515400726457 PROBE_B_START program=low bvar=fsync
1772708515468789273 PROBE_B_END program=low bvar=fsync
1772708515671551994 PROBE_B_START program=low bvar=fsync
1772708515722367184 PROBE_B_END program=low bvar=fsync
1772708515925227406 PROBE_B_START program=low bvar=fsync
1772708516025969543 PROBE_B_END program=low bvar=fsync
1772708516229113117 PROBE_B_START program=low bvar=fsync
1772708516328756752 PROBE_B_END program=low bvar=fsync
1772708516531885122 PROBE_B_START program=low bvar=fsync
1772708516589712178 PROBE_B_END program=low bvar=fsync
1772708516792703955 PROBE_B_START program=low bvar=fsync
1772708516845373704 PROBE_B_END program=low bvar=fsync
1772708517048226981 PROBE_B_START program=low bvar=fsync
1772708517100769582 PROBE_B_END program=low bvar=fsync
1772708517303650766 PROBE_B_START program=low bvar=fsync
1772708517354940531 PROBE_B_END program=low bvar=fsync
1772708517557864530 PROBE_B_START program=low bvar=fsync
1772708517606254364 PROBE_B_END program=low bvar=fsync
1772708517809044400 PROBE_B_START program=low bvar=fsync
1772708517856664750 PROBE_B_END program=low bvar=fsync
1772708518059573602 PROBE_B_START program=low bvar=fsync
1772708518108347843 PROBE_B_END program=low bvar=fsync
1772708518311247232 PROBE_B_START program=low bvar=fsync
1772708518363441109 PROBE_B_END program=low bvar=fsync
1772708518566421442 PROBE_B_START program=low bvar=fsync
1772708518615407203 PROBE_B_END program=low bvar=fsync
1772708518818194942 PROBE_B_START program=low bvar=fsync
1772708518868169464 PROBE_B_END program=low bvar=fsync
1772708519071053686 PROBE_B_START program=low bvar=fsync
1772708519120990818 PROBE_B_END program=low bvar=fsync
1772708519323764003 PROBE_B_START program=low bvar=fsync
1772708519373691320 PROBE_B_END program=low bvar=fsync
1772708519576695542 PROBE_B_START program=low bvar=fsync
1772708519624640338 PROBE_B_END program=low bvar=fsync
1772708519827399059 PROBE_B_START program=low bvar=fsync
1772708519876894987 PROBE_B_END program=low bvar=fsync
1772708520079728097 PROBE_B_START program=low bvar=fsync
1772708520130589732 PROBE_B_END program=low bvar=fsync
1772708520333372712 PROBE_B_START program=low bvar=fsync
1772708520384886811 PROBE_B_END program=low bvar=fsync
1772708520587971329 PROBE_B_START program=low bvar=fsync
1772708520635109642 PROBE_B_END program=low bvar=fsync
1772708520837918363 PROBE_B_START program=low bvar=fsync
1772708520886271993 PROBE_B_END program=low bvar=fsync
1772708521089151418 PROBE_B_START program=low bvar=fsync
1772708521138326531 PROBE_B_END program=low bvar=fsync
1772708521341106863 PROBE_B_START program=low bvar=fsync
1772708521388332305 PROBE_B_END program=low bvar=fsync
1772708521592138843 PROBE_B_START program=low bvar=fsync
1772708521651110178 PROBE_B_END program=low bvar=fsync
1772708521853903863 PROBE_B_START program=low bvar=fsync
1772708521947778190 PROBE_B_END program=low bvar=fsync
