1771960167213892814 R2_IDLE_A seconds=60 actions=B
1771960227215700844 SKIP_PROBE_A seconds=60
1771960287217411996 R2_IDLE_B seconds=30 actions=B
1771960317221091920 PROBE_B_START program=low
1771960317231097104 PROBE_B_END program=low
1771960317433830178 PROBE_B_START program=low
1771960317443810751 PROBE_B_END program=low
1771960317646553196 PROBE_B_START program=low
1771960317656638399 PROBE_B_END program=low
1771960317859397362 PROBE_B_START program=low
1771960317869391491 PROBE_B_END program=low
1771960318071997767 PROBE_B_START program=low
1771960318081086000 PROBE_B_END program=low
1771960318284138926 PROBE_B_START program=low
1771960318294053702 PROBE_B_END program=low
1771960318496824126 PROBE_B_START program=low
1771960318506626512 PROBE_B_END program=low
1771960318709298176 PROBE_B_START program=low
1771960318719271379 PROBE_B_END program=low
1771960318922010969 PROBE_B_START program=low
1771960318932201784 PROBE_B_END program=low
1771960319135049226 PROBE_B_START program=low
1771960319145048077 PROBE_B_END program=low
1771960319347798572 PROBE_B_START program=low
1771960319357781867 PROBE_B_END program=low
1771960319560514752 PROBE_B_START program=low
1771960319570467102 PROBE_B_END program=low
1771960319773199283 PROBE_B_START program=low
1771960319783186004 PROBE_B_END program=low
1771960319988746168 PROBE_B_START program=low
1771960319999114374 PROBE_B_END program=low
1771960320201830811 PROBE_B_START program=low
1771960320211770439 PROBE_B_END program=low
1771960320414518618 PROBE_B_START program=low
1771960320424523969 PROBE_B_END program=low
1771960320627255833 PROBE_B_START program=low
1771960320637174571 PROBE_B_END program=low
1771960320839917398 PROBE_B_START program=low
1771960320849842063 PROBE_B_END program=low
1771960321052496611 PROBE_B_START program=low
1771960321061940235 PROBE_B_END program=low
1771960321264628541 PROBE_B_START program=low
1771960321274477853 PROBE_B_END program=low
1771960321477215678 PROBE_B_START program=low
1771960321487183695 PROBE_B_END program=low
1771960321689902205 PROBE_B_START program=low
1771960321699852888 PROBE_B_END program=low
1771960321902678047 PROBE_B_START program=low
1771960321912709935 PROBE_B_END program=low
1771960322115464203 PROBE_B_START program=low
1771960322124935049 PROBE_B_END program=low
1771960322327708242 PROBE_B_START program=low
1771960322337774945 PROBE_B_END program=low
1771960322540586231 PROBE_B_START program=low
1771960322550651323 PROBE_B_END program=low
1771960322753473646 PROBE_B_START program=low
1771960322763835592 PROBE_B_END program=low
1771960322966969361 PROBE_B_START program=low
1771960322977240380 PROBE_B_END program=low
1771960323179952738 PROBE_B_START program=low
1771960323189387992 PROBE_B_END program=low
1771960323392151331 PROBE_B_START program=low
1771960323402171848 PROBE_B_END program=low
1771960323604982687 PROBE_B_START program=low
1771960323615064038 PROBE_B_END program=low
1771960323817887526 PROBE_B_START program=low
1771960323827943636 PROBE_B_END program=low
1771960324030728364 PROBE_B_START program=low
1771960324040682325 PROBE_B_END program=low
1771960324243389402 PROBE_B_START program=low
1771960324252809655 PROBE_B_END program=low
1771960324455593530 PROBE_B_START program=low
1771960324465653713 PROBE_B_END program=low
1771960324668472495 PROBE_B_START program=low
1771960324678530531 PROBE_B_END program=low
1771960324881321702 PROBE_B_START program=low
1771960324891383923 PROBE_B_END program=low
1771960325094109462 PROBE_B_START program=low
1771960325104184776 PROBE_B_END program=low
1771960325306890962 PROBE_B_START program=low
1771960325317204407 PROBE_B_END program=low
1771960325519975038 PROBE_B_START program=low
1771960325530057611 PROBE_B_END program=low
1771960325732857854 PROBE_B_START program=low
1771960325742826926 PROBE_B_END program=low
1771960325945642724 PROBE_B_START program=low
1771960325955723574 PROBE_B_END program=low
1771960326158911448 PROBE_B_START program=low
1771960326169923305 PROBE_B_END program=low
1771960326372782972 PROBE_B_START program=low
1771960326382897897 PROBE_B_END program=low
1771960326585740915 PROBE_B_START program=low
1771960326595790543 PROBE_B_END program=low
1771960326798583321 PROBE_B_START program=low
1771960326808613023 PROBE_B_END program=low
1771960327011434467 PROBE_B_START program=low
1771960327021356946 PROBE_B_END program=low
1771960327224224963 PROBE_B_START program=low
1771960327234140478 PROBE_B_END program=low
1771960327436869827 PROBE_B_START program=low
1771960327446106838 PROBE_B_END program=low
1771960327649049504 PROBE_B_START program=low
1771960327659353745 PROBE_B_END program=low
1771960327862130186 PROBE_B_START program=low
1771960327872245204 PROBE_B_END program=low
1771960328075057220 PROBE_B_START program=low
1771960328085042366 PROBE_B_END program=low
1771960328287730712 PROBE_B_START program=low
1771960328297196669 PROBE_B_END program=low
1771960328500002905 PROBE_B_START program=low
1771960328510097885 PROBE_B_END program=low
1771960328712877529 PROBE_B_START program=low
1771960328722862212 PROBE_B_END program=low
1771960328925679708 PROBE_B_START program=low
1771960328935710743 PROBE_B_END program=low
1771960329138514978 PROBE_B_START program=low
1771960329148562068 PROBE_B_END program=low
1771960329351370821 PROBE_B_START program=low
1771960329360824111 PROBE_B_END program=low
1771960329563429177 PROBE_B_START program=low
1771960329572885023 PROBE_B_END program=low
1771960329775672294 PROBE_B_START program=low
1771960329785613921 PROBE_B_END program=low
1771960329988435563 PROBE_B_START program=low
1771960329998767507 PROBE_B_END program=low
1771960330201575850 PROBE_B_START program=low
1771960330211675460 PROBE_B_END program=low
1771960330414377747 PROBE_B_START program=low
1771960330423871370 PROBE_B_END program=low
1771960330626517472 PROBE_B_START program=low
1771960330635988762 PROBE_B_END program=low
1771960330838757512 PROBE_B_START program=low
1771960330848818177 PROBE_B_END program=low
1771960331051578445 PROBE_B_START program=low
1771960331060928957 PROBE_B_END program=low
1771960331263543482 PROBE_B_START program=low
1771960331272914845 PROBE_B_END program=low
1771960331475654574 PROBE_B_START program=low
1771960331485169809 PROBE_B_END program=low
1771960331687875835 PROBE_B_START program=low
1771960331697267754 PROBE_B_END program=low
1771960331900056206 PROBE_B_START program=low
1771960331909991425 PROBE_B_END program=low
1771960332112654635 PROBE_B_START program=low
1771960332122160184 PROBE_B_END program=low
1771960332324879967 PROBE_B_START program=low
1771960332335021132 PROBE_B_END program=low
1771960332537851620 PROBE_B_START program=low
1771960332547905506 PROBE_B_END program=low
1771960332750698790 PROBE_B_START program=low
1771960332760750547 PROBE_B_END program=low
1771960332963589441 PROBE_B_START program=low
1771960332973651273 PROBE_B_END program=low
1771960333176452758 PROBE_B_START program=low
1771960333186416088 PROBE_B_END program=low
1771960333389696484 PROBE_B_START program=low
1771960333400477895 PROBE_B_END program=low
1771960333603371473 PROBE_B_START program=low
1771960333613373396 PROBE_B_END program=low
1771960333816229900 PROBE_B_START program=low
1771960333826200490 PROBE_B_END program=low
1771960334029014104 PROBE_B_START program=low
1771960334039110343 PROBE_B_END program=low
1771960334241901178 PROBE_B_START program=low
1771960334251949768 PROBE_B_END program=low
1771960334454780844 PROBE_B_START program=low
1771960334464751507 PROBE_B_END program=low
1771960334667518360 PROBE_B_START program=low
1771960334677525247 PROBE_B_END program=low
1771960334880301711 PROBE_B_START program=low
1771960334890333930 PROBE_B_END program=low
1771960335093152968 PROBE_B_START program=low
1771960335103234707 PROBE_B_END program=low
1771960335306036854 PROBE_B_START program=low
1771960335315990184 PROBE_B_END program=low
1771960335518703739 PROBE_B_START program=low
1771960335528199843 PROBE_B_END program=low
1771960335730872638 PROBE_B_START program=low
1771960335740274594 PROBE_B_END program=low
1771960335943029148 PROBE_B_START program=low
1771960335953050312 PROBE_B_END program=low
1771960336155921477 PROBE_B_START program=low
1771960336165933882 PROBE_B_END program=low
1771960336368736083 PROBE_B_START program=low
1771960336378766432 PROBE_B_END program=low
1771960336581471836 PROBE_B_START program=low
1771960336590441566 PROBE_B_END program=low
1771960336793167045 PROBE_B_START program=low
1771960336803122838 PROBE_B_END program=low
1771960337005913446 PROBE_B_START program=low
1771960337015984258 PROBE_B_END program=low
1771960337218796087 PROBE_B_START program=low
1771960337228768343 PROBE_B_END program=low
1771960337431558949 PROBE_B_START program=low
1771960337441480353 PROBE_B_END program=low
1771960337644220144 PROBE_B_START program=low
1771960337653664174 PROBE_B_END program=low
1771960337856450039 PROBE_B_START program=low
1771960337866510092 PROBE_B_END program=low
1771960338069396773 PROBE_B_START program=low
1771960338079492048 PROBE_B_END program=low
1771960338282293801 PROBE_B_START program=low
1771960338292231723 PROBE_B_END program=low
1771960338494991419 PROBE_B_START program=low
1771960338504974046 PROBE_B_END program=low
1771960338707673983 PROBE_B_START program=low
1771960338717281606 PROBE_B_END program=low
1771960338920011858 PROBE_B_START program=low
1771960338929519129 PROBE_B_END program=low
1771960339132324214 PROBE_B_START program=low
1771960339142429767 PROBE_B_END program=low
1771960339345213221 PROBE_B_START program=low
1771960339355382107 PROBE_B_END program=low
1771960339558215321 PROBE_B_START program=low
1771960339568458042 PROBE_B_END program=low
1771960339771485534 PROBE_B_START program=low
1771960339781509661 PROBE_B_END program=low
1771960339984301152 PROBE_B_START program=low
1771960339994257871 PROBE_B_END program=low
1771960340197042230 PROBE_B_START program=low
1771960340207140301 PROBE_B_END program=low
1771960340409924216 PROBE_B_START program=low
1771960340419982324 PROBE_B_END program=low
1771960340622855017 PROBE_B_START program=low
1771960340633201535 PROBE_B_END program=low
1771960340835911857 PROBE_B_START program=low
1771960340845868242 PROBE_B_END program=low
1771960341048640656 PROBE_B_START program=low
1771960341058709690 PROBE_B_END program=low
1771960341261518659 PROBE_B_START program=low
1771960341271517470 PROBE_B_END program=low
1771960341474298494 PROBE_B_START program=low
1771960341484345398 PROBE_B_END program=low
1771960341687259997 PROBE_B_START program=low
1771960341697450717 PROBE_B_END program=low
1771960341900479428 PROBE_B_START program=low
1771960341910597685 PROBE_B_END program=low
1771960342113276818 PROBE_B_START program=low
1771960342122710180 PROBE_B_END program=low
1771960342325721852 PROBE_B_START program=low
1771960342335831016 PROBE_B_END program=low
1771960342538625871 PROBE_B_START program=low
1771960342548566941 PROBE_B_END program=low
1771960342751246240 PROBE_B_START program=low
1771960342760758844 PROBE_B_END program=low
1771960342963589940 PROBE_B_START program=low
1771960342973676178 PROBE_B_END program=low
1771960343176476235 PROBE_B_START program=low
1771960343186548510 PROBE_B_END program=low
1771960343389306159 PROBE_B_START program=low
1771960343399334859 PROBE_B_END program=low
1771960343601987415 PROBE_B_START program=low
1771960343611527834 PROBE_B_END program=low
1771960343814220965 PROBE_B_START program=low
1771960343823689327 PROBE_B_END program=low
1771960344026468903 PROBE_B_START program=low
1771960344036680511 PROBE_B_END program=low
1771960344239617901 PROBE_B_START program=low
1771960344250168104 PROBE_B_END program=low
1771960344452948067 PROBE_B_START program=low
1771960344463049434 PROBE_B_END program=low
1771960344665844303 PROBE_B_START program=low
1771960344675873948 PROBE_B_END program=low
1771960344878593262 PROBE_B_START program=low
1771960344888120829 PROBE_B_END program=low
1771960345090840142 PROBE_B_START program=low
1771960345100791249 PROBE_B_END program=low
1771960345303593079 PROBE_B_START program=low
1771960345313657557 PROBE_B_END program=low
1771960345516557833 PROBE_B_START program=low
1771960345526586181 PROBE_B_END program=low
1771960345729381049 PROBE_B_START program=low
1771960345739471231 PROBE_B_END program=low
1771960345942232098 PROBE_B_START program=low
1771960345951770221 PROBE_B_END program=low
1771960346154514234 PROBE_B_START program=low
1771960346164519860 PROBE_B_END program=low
1771960346367351115 PROBE_B_START program=low
1771960346377361926 PROBE_B_END program=low
1771960346580341459 PROBE_B_START program=low
1771960346590703365 PROBE_B_END program=low
1771960346794575553 PROBE_B_START program=low
1771960346806073134 PROBE_B_END program=low
1771960347009041760 PROBE_B_START program=low
1771960347019068830 PROBE_B_END program=low
1771960347221835564 PROBE_B_START program=low
1771960347231834004 PROBE_B_END program=low
1771960347434689887 PROBE_B_START program=low
1771960347444645030 PROBE_B_END program=low
1771960347647463913 PROBE_B_START program=low
1771960347657460242 PROBE_B_END program=low
1771960347860389773 PROBE_B_START program=low
1771960347870429991 PROBE_B_END program=low
1771960348073240206 PROBE_B_START program=low
1771960348083276073 PROBE_B_END program=low
1771960348286139157 PROBE_B_START program=low
1771960348296258746 PROBE_B_END program=low
1771960348499110089 PROBE_B_START program=low
1771960348509129696 PROBE_B_END program=low
1771960348711963743 PROBE_B_START program=low
1771960348722039758 PROBE_B_END program=low
1771960348925067473 PROBE_B_START program=low
1771960348934193981 PROBE_B_END program=low
1771960349136918212 PROBE_B_START program=low
1771960349147069190 PROBE_B_END program=low
1771960349349932772 PROBE_B_START program=low
1771960349360023065 PROBE_B_END program=low
1771960349562799961 PROBE_B_START program=low
1771960349572799753 PROBE_B_END program=low
1771960349775612298 PROBE_B_START program=low
1771960349785663849 PROBE_B_END program=low
1771960349988405801 PROBE_B_START program=low
1771960349997940571 PROBE_B_END program=low
1771960350200681743 PROBE_B_START program=low
1771960350210739684 PROBE_B_END program=low
1771960350413549264 PROBE_B_START program=low
1771960350423539296 PROBE_B_END program=low
1771960350626317413 PROBE_B_START program=low
1771960350636347168 PROBE_B_END program=low
1771960350839137525 PROBE_B_START program=low
1771960350849201206 PROBE_B_END program=low
1771960351051823303 PROBE_B_START program=low
1771960351060916718 PROBE_B_END program=low
1771960351263791296 PROBE_B_START program=low
1771960351274074349 PROBE_B_END program=low
1771960351476880909 PROBE_B_START program=low
1771960351486961275 PROBE_B_END program=low
1771960351689744204 PROBE_B_START program=low
1771960351699780552 PROBE_B_END program=low
1771960351902528648 PROBE_B_START program=low
1771960351912518458 PROBE_B_END program=low
1771960352115366887 PROBE_B_START program=low
1771960352125348364 PROBE_B_END program=low
1771960352328153217 PROBE_B_START program=low
1771960352338122268 PROBE_B_END program=low
1771960352540916399 PROBE_B_START program=low
1771960352551001506 PROBE_B_END program=low
1771960352753778952 PROBE_B_START program=low
1771960352763764299 PROBE_B_END program=low
1771960352966589505 PROBE_B_START program=low
1771960352976581871 PROBE_B_END program=low
1771960353179352926 PROBE_B_START program=low
1771960353188756121 PROBE_B_END program=low
1771960353391453731 PROBE_B_START program=low
1771960353400903167 PROBE_B_END program=low
1771960353603727277 PROBE_B_START program=low
1771960353614257647 PROBE_B_END program=low
1771960353817179351 PROBE_B_START program=low
1771960353827142476 PROBE_B_END program=low
1771960354030265866 PROBE_B_START program=low
1771960354040494307 PROBE_B_END program=low
1771960354243306175 PROBE_B_START program=low
1771960354253248263 PROBE_B_END program=low
1771960354456068187 PROBE_B_START program=low
1771960354466084478 PROBE_B_END program=low
1771960354668916235 PROBE_B_START program=low
1771960354678954990 PROBE_B_END program=low
1771960354881759488 PROBE_B_START program=low
1771960354891761390 PROBE_B_END program=low
1771960355094646332 PROBE_B_START program=low
1771960355104662105 PROBE_B_END program=low
1771960355307403008 PROBE_B_START program=low
1771960355317447892 PROBE_B_END program=low
1771960355520200721 PROBE_B_START program=low
1771960355530178864 PROBE_B_END program=low
1771960355732940600 PROBE_B_START program=low
1771960355743001836 PROBE_B_END program=low
1771960355945780480 PROBE_B_START program=low
1771960355956032032 PROBE_B_END program=low
1771960356159035398 PROBE_B_START program=low
1771960356168253332 PROBE_B_END program=low
1771960356371043974 PROBE_B_START program=low
1771960356381140062 PROBE_B_END program=low
1771960356583987037 PROBE_B_START program=low
1771960356594059977 PROBE_B_END program=low
1771960356796842063 PROBE_B_START program=low
1771960356806952930 PROBE_B_END program=low
1771960357009722404 PROBE_B_START program=low
1771960357019799900 PROBE_B_END program=low
1771960357222354742 PROBE_B_START program=low
1771960357231301359 PROBE_B_END program=low
1771960357433937312 PROBE_B_START program=low
1771960357444040697 PROBE_B_END program=low
1771960357646748873 PROBE_B_START program=low
1771960357656768053 PROBE_B_END program=low
1771960357859491341 PROBE_B_START program=low
1771960357869455335 PROBE_B_END program=low
1771960358072154437 PROBE_B_START program=low
1771960358082066283 PROBE_B_END program=low
1771960358284619234 PROBE_B_START program=low
1771960358293477665 PROBE_B_END program=low
1771960358496141135 PROBE_B_START program=low
1771960358506187538 PROBE_B_END program=low
1771960358708923823 PROBE_B_START program=low
1771960358718904799 PROBE_B_END program=low
1771960358921609010 PROBE_B_START program=low
1771960358931580116 PROBE_B_END program=low
1771960359134260196 PROBE_B_START program=low
1771960359144247358 PROBE_B_END program=low
1771960359346954956 PROBE_B_START program=low
1771960359356887450 PROBE_B_END program=low
1771960359559606270 PROBE_B_START program=low
1771960359569565931 PROBE_B_END program=low
1771960359772280678 PROBE_B_START program=low
1771960359782234468 PROBE_B_END program=low
1771960359984999085 PROBE_B_START program=low
1771960359995066821 PROBE_B_END program=low
1771960360197792140 PROBE_B_START program=low
1771960360208211008 PROBE_B_END program=low
1771960360411254754 PROBE_B_START program=low
1771960360421267582 PROBE_B_END program=low
1771960360624058642 PROBE_B_START program=low
1771960360634067118 PROBE_B_END program=low
1771960360836873456 PROBE_B_START program=low
1771960360847176397 PROBE_B_END program=low
1771960361050221569 PROBE_B_START program=low
1771960361060471547 PROBE_B_END program=low
1771960361263183456 PROBE_B_START program=low
1771960361273765880 PROBE_B_END program=low
1771960361476467548 PROBE_B_START program=low
1771960361486396542 PROBE_B_END program=low
1771960361689141248 PROBE_B_START program=low
1771960361699121650 PROBE_B_END program=low
1771960361901859596 PROBE_B_START program=low
1771960361911744960 PROBE_B_END program=low
1771960362114449812 PROBE_B_START program=low
1771960362124443807 PROBE_B_END program=low
1771960362327271326 PROBE_B_START program=low
1771960362337162634 PROBE_B_END program=low
1771960362539901726 PROBE_B_START program=low
1771960362549747905 PROBE_B_END program=low
1771960362752472331 PROBE_B_START program=low
1771960362762399899 PROBE_B_END program=low
1771960362965155010 PROBE_B_START program=low
1771960362975172356 PROBE_B_END program=low
1771960363177865446 PROBE_B_START program=low
1771960363187948219 PROBE_B_END program=low
1771960363390910441 PROBE_B_START program=low
1771960363400880009 PROBE_B_END program=low
1771960363603537506 PROBE_B_START program=low
1771960363612887885 PROBE_B_END program=low
1771960363815636031 PROBE_B_START program=low
1771960363825781952 PROBE_B_END program=low
1771960364028618580 PROBE_B_START program=low
1771960364038492777 PROBE_B_END program=low
1771960364241179347 PROBE_B_START program=low
1771960364250701449 PROBE_B_END program=low
1771960364453336999 PROBE_B_START program=low
1771960364462372950 PROBE_B_END program=low
1771960364665113631 PROBE_B_START program=low
1771960364675121292 PROBE_B_END program=low
1771960364877898751 PROBE_B_START program=low
1771960364887819782 PROBE_B_END program=low
1771960365090482036 PROBE_B_START program=low
1771960365099903230 PROBE_B_END program=low
1771960365302618964 PROBE_B_START program=low
1771960365312648292 PROBE_B_END program=low
1771960365515285785 PROBE_B_START program=low
1771960365524242864 PROBE_B_END program=low
1771960365726839154 PROBE_B_START program=low
1771960365736391182 PROBE_B_END program=low
1771960365939105324 PROBE_B_START program=low
1771960365949095484 PROBE_B_END program=low
1771960366151900125 PROBE_B_START program=low
1771960366161951768 PROBE_B_END program=low
1771960366364809927 PROBE_B_START program=low
1771960366374887570 PROBE_B_END program=low
1771960366577690137 PROBE_B_START program=low
1771960366587708501 PROBE_B_END program=low
1771960366790578068 PROBE_B_START program=low
1771960366800587951 PROBE_B_END program=low
1771960367003464944 PROBE_B_START program=low
1771960367013472419 PROBE_B_END program=low
1771960367216330929 PROBE_B_START program=low
1771960367226433090 PROBE_B_END program=low
1771960367429591083 PROBE_B_START program=low
1771960367440561843 PROBE_B_END program=low
1771960367643474963 PROBE_B_START program=low
1771960367652385987 PROBE_B_END program=low
1771960367855104254 PROBE_B_START program=low
1771960367865024229 PROBE_B_END program=low
1771960368067833349 PROBE_B_START program=low
1771960368078070307 PROBE_B_END program=low
1771960368280764202 PROBE_B_START program=low
1771960368290222841 PROBE_B_END program=low
1771960368493063737 PROBE_B_START program=low
1771960368503213750 PROBE_B_END program=low
1771960368706050054 PROBE_B_START program=low
1771960368716112029 PROBE_B_END program=low
1771960368918873869 PROBE_B_START program=low
1771960368928878030 PROBE_B_END program=low
1771960369131697165 PROBE_B_START program=low
1771960369141706530 PROBE_B_END program=low
1771960369344578035 PROBE_B_START program=low
1771960369354593436 PROBE_B_END program=low
1771960369557479109 PROBE_B_START program=low
1771960369567659752 PROBE_B_END program=low
1771960369770486646 PROBE_B_START program=low
1771960369780501047 PROBE_B_END program=low
1771960369983285256 PROBE_B_START program=low
1771960369993265212 PROBE_B_END program=low
1771960370196117938 PROBE_B_START program=low
1771960370206156524 PROBE_B_END program=low
1771960370408960065 PROBE_B_START program=low
1771960370419184949 PROBE_B_END program=low
1771960370622217898 PROBE_B_START program=low
1771960370631743536 PROBE_B_END program=low
1771960370834358057 PROBE_B_START program=low
1771960370843902343 PROBE_B_END program=low
1771960371046583105 PROBE_B_START program=low
1771960371056558987 PROBE_B_END program=low
1771960371259271895 PROBE_B_START program=low
1771960371269208777 PROBE_B_END program=low
1771960371471923778 PROBE_B_START program=low
1771960371481764363 PROBE_B_END program=low
1771960371684312955 PROBE_B_START program=low
1771960371693223441 PROBE_B_END program=low
1771960371895916608 PROBE_B_START program=low
1771960371905813045 PROBE_B_END program=low
1771960372108535841 PROBE_B_START program=low
1771960372118486094 PROBE_B_END program=low
1771960372321331260 PROBE_B_START program=low
1771960372331400069 PROBE_B_END program=low
1771960372534171697 PROBE_B_START program=low
1771960372544110413 PROBE_B_END program=low
1771960372746711855 PROBE_B_START program=low
1771960373582334067 PROBE_B_END program=low
1771960373785113027 PROBE_B_START program=low
1771960373795074686 PROBE_B_END program=low
1771960373997785202 PROBE_B_START program=low
1771960374007795158 PROBE_B_END program=low
1771960374210502745 PROBE_B_START program=low
1771960374220463905 PROBE_B_END program=low
1771960374423212529 PROBE_B_START program=low
1771960374433218893 PROBE_B_END program=low
1771960374635955869 PROBE_B_START program=low
1771960374645902825 PROBE_B_END program=low
1771960374848622820 PROBE_B_START program=low
1771960374858544591 PROBE_B_END program=low
1771960375061255177 PROBE_B_START program=low
1771960375071259911 PROBE_B_END program=low
1771960375273973571 PROBE_B_START program=low
1771960375283963508 PROBE_B_END program=low
1771960375486748465 PROBE_B_START program=low
1771960375496774143 PROBE_B_END program=low
1771960375699995269 PROBE_B_START program=low
1771960375710130652 PROBE_B_END program=low
1771960375912992590 PROBE_B_START program=low
1771960375923415234 PROBE_B_END program=low
1771960376126142745 PROBE_B_START program=low
1771960376136211812 PROBE_B_END program=low
1771960376339038397 PROBE_B_START program=low
1771960376349068871 PROBE_B_END program=low
1771960376551876789 PROBE_B_START program=low
1771960376561971264 PROBE_B_END program=low
1771960376764809274 PROBE_B_START program=low
1771960376774947565 PROBE_B_END program=low
1771960376977581999 PROBE_B_START program=low
1771960376987183397 PROBE_B_END program=low
1771960377190017776 R2_IDLE_C seconds=30 actions=B
1771960407191953250 SKIP_PROBE_C seconds=60
