1771408283516594655 R2_IDLE_A seconds=60 actions=B_SKELETON
1771408343518550984 SKIP_PROBE_A seconds=60
1771408403520407877 R2_IDLE_B seconds=30 actions=B_SKELETON
1771408433524463750 PROBE_B_START program=low
1771408433527515182 [ERROR] Unknown PROBE_B_VARIANT=skeleton
1771408433528486962 PROBE_B_END program=low
1771408433731302376 PROBE_B_START program=low
1771408433734460605 [ERROR] Unknown PROBE_B_VARIANT=skeleton
1771408433735496256 PROBE_B_END program=low
1771408433938337133 PROBE_B_START program=low
1771408433941445473 [ERROR] Unknown PROBE_B_VARIANT=skeleton
1771408433942480994 PROBE_B_END program=low
1771408434145305575 PROBE_B_START program=low
1771408434148327785 [ERROR] Unknown PROBE_B_VARIANT=skeleton
1771408434149352602 PROBE_B_END program=low
1771408434352041682 PROBE_B_START program=low
1771408434354854818 [ERROR] Unknown PROBE_B_VARIANT=skeleton
1771408434355741487 PROBE_B_END program=low
1771408434558492901 PROBE_B_START program=low
1771408434561618426 [ERROR] Unknown PROBE_B_VARIANT=skeleton
1771408434562688095 PROBE_B_END program=low
1771408434765662565 PROBE_B_START program=low
1771408434769190350 [ERROR] Unknown PROBE_B_VARIANT=skeleton
1771408434770244001 PROBE_B_END program=low
1771408434973214989 PROBE_B_START program=low
1771408434976204477 [ERROR] Unknown PROBE_B_VARIANT=skeleton
1771408434977202498 PROBE_B_END program=low
1771408435179965726 PROBE_B_START program=low
1771408435183007807 [ERROR] Unknown PROBE_B_VARIANT=skeleton
1771408435183969124 PROBE_B_END program=low
1771408435386773945 PROBE_B_START program=low
1771408435389864007 [ERROR] Unknown PROBE_B_VARIANT=skeleton
1771408435390905713 PROBE_B_END program=low
1771408435593774146 PROBE_B_START program=low
1771408435596813782 [ERROR] Unknown PROBE_B_VARIANT=skeleton
1771408435597841007 PROBE_B_END program=low
1771408435800698476 PROBE_B_START program=low
1771408435803656260 [ERROR] Unknown PROBE_B_VARIANT=skeleton
1771408435804638189 PROBE_B_END program=low
1771408436007382399 PROBE_B_START program=low
1771408436010395275 [ERROR] Unknown PROBE_B_VARIANT=skeleton
1771408436011360815 PROBE_B_END program=low
1771408436214125803 PROBE_B_START program=low
1771408436217128624 [ERROR] Unknown PROBE_B_VARIANT=skeleton
1771408436218157496 PROBE_B_END program=low
1771408436420920040 PROBE_B_START program=low
1771408436423864231 [ERROR] Unknown PROBE_B_VARIANT=skeleton
1771408436424825715 PROBE_B_END program=low
1771408436627583166 PROBE_B_START program=low
1771408436630658395 [ERROR] Unknown PROBE_B_VARIANT=skeleton
1771408436631629786 PROBE_B_END program=low
1771408436834419181 PROBE_B_START program=low
1771408436837547299 [ERROR] Unknown PROBE_B_VARIANT=skeleton
1771408436838574486 PROBE_B_END program=low
1771408437041387678 PROBE_B_START program=low
1771408437044451722 [ERROR] Unknown PROBE_B_VARIANT=skeleton
1771408437045467742 PROBE_B_END program=low
1771408437248301453 PROBE_B_START program=low
1771408437251322089 [ERROR] Unknown PROBE_B_VARIANT=skeleton
1771408437252286665 PROBE_B_END program=low
1771408437454947060 PROBE_B_START program=low
1771408437457704047 [ERROR] Unknown PROBE_B_VARIANT=skeleton
1771408437458576179 PROBE_B_END program=low
1771408437661258222 PROBE_B_START program=low
1771408437664416155 [ERROR] Unknown PROBE_B_VARIANT=skeleton
1771408437665474472 PROBE_B_END program=low
1771408437868336719 PROBE_B_START program=low
1771408437871369522 [ERROR] Unknown PROBE_B_VARIANT=skeleton
1771408437872362358 PROBE_B_END program=low
1771408438075163716 PROBE_B_START program=low
1771408438078296519 [ERROR] Unknown PROBE_B_VARIANT=skeleton
1771408438079316503 PROBE_B_END program=low
1771408438282109250 PROBE_B_START program=low
1771408438285187886 [ERROR] Unknown PROBE_B_VARIANT=skeleton
1771408438286231833 PROBE_B_END program=low
1771408438488937043 PROBE_B_START program=low
1771408438491746752 [ERROR] Unknown PROBE_B_VARIANT=skeleton
1771408438492647958 PROBE_B_END program=low
1771408438695363686 PROBE_B_START program=low
1771408438698500804 [ERROR] Unknown PROBE_B_VARIANT=skeleton
1771408438699543843 PROBE_B_END program=low
1771408438902365387 PROBE_B_START program=low
1771408438905452486 [ERROR] Unknown PROBE_B_VARIANT=skeleton
1771408438906479359 PROBE_B_END program=low
1771408439109262421 PROBE_B_START program=low
1771408439112288464 [ERROR] Unknown PROBE_B_VARIANT=skeleton
1771408439113316689 PROBE_B_END program=low
1771408439316136214 PROBE_B_START program=low
1771408439319226628 [ERROR] Unknown PROBE_B_VARIANT=skeleton
1771408439320183630 PROBE_B_END program=low
1771408439523012173 PROBE_B_START program=low
1771408439526136328 [ERROR] Unknown PROBE_B_VARIANT=skeleton
1771408439527158275 PROBE_B_END program=low
1771408439729961300 PROBE_B_START program=low
1771408439733037751 [ERROR] Unknown PROBE_B_VARIANT=skeleton
1771408439734065919 PROBE_B_END program=low
1771408439936882333 PROBE_B_START program=low
1771408439939896729 [ERROR] Unknown PROBE_B_VARIANT=skeleton
1771408439940873601 PROBE_B_END program=low
1771408440143666885 PROBE_B_START program=low
1771408440146778688 [ERROR] Unknown PROBE_B_VARIANT=skeleton
1771408440147747542 PROBE_B_END program=low
1771408440350522493 PROBE_B_START program=low
1771408440353606481 [ERROR] Unknown PROBE_B_VARIANT=skeleton
1771408440354636520 PROBE_B_END program=low
1771408440557390915 PROBE_B_START program=low
1771408440560350292 [ERROR] Unknown PROBE_B_VARIANT=skeleton
1771408440561312590 PROBE_B_END program=low
1771408440764055967 PROBE_B_START program=low
1771408440767149788 [ERROR] Unknown PROBE_B_VARIANT=skeleton
1771408440768124198 PROBE_B_END program=low
1771408440970925111 PROBE_B_START program=low
1771408440974025581 [ERROR] Unknown PROBE_B_VARIANT=skeleton
1771408440975039805 PROBE_B_END program=low
1771408441177899404 PROBE_B_START program=low
1771408441181254560 [ERROR] Unknown PROBE_B_VARIANT=skeleton
1771408441182314025 PROBE_B_END program=low
1771408441385435439 PROBE_B_START program=low
1771408441388556298 [ERROR] Unknown PROBE_B_VARIANT=skeleton
1771408441389590411 PROBE_B_END program=low
1771408441592437714 PROBE_B_START program=low
1771408441595529776 [ERROR] Unknown PROBE_B_VARIANT=skeleton
1771408441596529982 PROBE_B_END program=low
1771408441799348247 PROBE_B_START program=low
1771408441802486273 [ERROR] Unknown PROBE_B_VARIANT=skeleton
1771408441803508682 PROBE_B_END program=low
1771408442006326281 PROBE_B_START program=low
1771408442009406695 [ERROR] Unknown PROBE_B_VARIANT=skeleton
1771408442010444234 PROBE_B_END program=low
1771408442213297944 PROBE_B_START program=low
1771408442216319803 [ERROR] Unknown PROBE_B_VARIANT=skeleton
1771408442217326786 PROBE_B_END program=low
1771408442420109626 PROBE_B_START program=low
1771408442423249744 [ERROR] Unknown PROBE_B_VARIANT=skeleton
1771408442424318672 PROBE_B_END program=low
1771408442627198104 PROBE_B_START program=low
1771408442630405852 [ERROR] Unknown PROBE_B_VARIANT=skeleton
1771408442631465984 PROBE_B_END program=low
1771408442834378027 PROBE_B_START program=low
1771408442837525997 [ERROR] Unknown PROBE_B_VARIANT=skeleton
1771408442838603388 PROBE_B_END program=low
1771408443041505894 PROBE_B_START program=low
1771408443044679012 [ERROR] Unknown PROBE_B_VARIANT=skeleton
1771408443045740441 PROBE_B_END program=low
1771408443248665095 PROBE_B_START program=low
1771408443251834342 [ERROR] Unknown PROBE_B_VARIANT=skeleton
1771408443252931493 PROBE_B_END program=low
1771408443455851166 PROBE_B_START program=low
1771408443458970728 [ERROR] Unknown PROBE_B_VARIANT=skeleton
1771408443460018508 PROBE_B_END program=low
1771408443662893311 PROBE_B_START program=low
1771408443665972280 [ERROR] Unknown PROBE_B_VARIANT=skeleton
1771408443667028098 PROBE_B_END program=low
1771408443869889863 PROBE_B_START program=low
1771408443873087499 [ERROR] Unknown PROBE_B_VARIANT=skeleton
1771408443874145372 PROBE_B_END program=low
1771408444077056119 PROBE_B_START program=low
1771408444080263478 [ERROR] Unknown PROBE_B_VARIANT=skeleton
1771408444081354202 PROBE_B_END program=low
1771408444284260524 PROBE_B_START program=low
1771408444287412401 [ERROR] Unknown PROBE_B_VARIANT=skeleton
1771408444288495607 PROBE_B_END program=low
1771408444491430354 PROBE_B_START program=low
1771408444494615879 [ERROR] Unknown PROBE_B_VARIANT=skeleton
1771408444495683455 PROBE_B_END program=low
1771408444698588314 PROBE_B_START program=low
1771408444701608746 [ERROR] Unknown PROBE_B_VARIANT=skeleton
1771408444702632544 PROBE_B_END program=low
1771408444905526051 PROBE_B_START program=low
1771408444908681372 [ERROR] Unknown PROBE_B_VARIANT=skeleton
1771408444909736171 PROBE_B_END program=low
1771408445112608455 PROBE_B_START program=low
1771408445115751443 [ERROR] Unknown PROBE_B_VARIANT=skeleton
1771408445116832371 PROBE_B_END program=low
1771408445319764507 PROBE_B_START program=low
1771408445322973921 [ERROR] Unknown PROBE_B_VARIANT=skeleton
1771408445324040887 PROBE_B_END program=low
1771408445526971948 PROBE_B_START program=low
1771408445530185733 [ERROR] Unknown PROBE_B_VARIANT=skeleton
1771408445531299847 PROBE_B_END program=low
1771408445734088945 PROBE_B_START program=low
1771408445736987081 [ERROR] Unknown PROBE_B_VARIANT=skeleton
1771408445737963231 PROBE_B_END program=low
1771408445940746070 PROBE_B_START program=low
1771408445943888151 [ERROR] Unknown PROBE_B_VARIANT=skeleton
1771408445944986931 PROBE_B_END program=low
1771408446147768511 PROBE_B_START program=low
1771408446150904592 [ERROR] Unknown PROBE_B_VARIANT=skeleton
1771408446151879094 PROBE_B_END program=low
1771408446354691526 PROBE_B_START program=low
1771408446357826681 [ERROR] Unknown PROBE_B_VARIANT=skeleton
1771408446358846646 PROBE_B_END program=low
1771408446561670948 PROBE_B_START program=low
1771408446564735066 [ERROR] Unknown PROBE_B_VARIANT=skeleton
1771408446565762828 PROBE_B_END program=low
1771408446768516278 PROBE_B_START program=low
1771408446771484636 [ERROR] Unknown PROBE_B_VARIANT=skeleton
1771408446772431823 PROBE_B_END program=low
1771408446975192829 PROBE_B_START program=low
1771408446978311095 [ERROR] Unknown PROBE_B_VARIANT=skeleton
1771408446979328393 PROBE_B_END program=low
1771408447182130251 PROBE_B_START program=low
1771408447185257721 [ERROR] Unknown PROBE_B_VARIANT=skeleton
1771408447186308001 PROBE_B_END program=low
1771408447389260396 PROBE_B_START program=low
1771408447392763885 [ERROR] Unknown PROBE_B_VARIANT=skeleton
1771408447393815535 PROBE_B_END program=low
1771408447596806579 PROBE_B_START program=low
1771408447599894252 [ERROR] Unknown PROBE_B_VARIANT=skeleton
1771408447600873976 PROBE_B_END program=low
1771408447803698538 PROBE_B_START program=low
1771408447806818637 [ERROR] Unknown PROBE_B_VARIANT=skeleton
1771408447807793380 PROBE_B_END program=low
1771408448010586330 PROBE_B_START program=low
1771408448013655929 [ERROR] Unknown PROBE_B_VARIANT=skeleton
1771408448014676635 PROBE_B_END program=low
1771408448217538845 PROBE_B_START program=low
1771408448220565573 [ERROR] Unknown PROBE_B_VARIANT=skeleton
1771408448221582779 PROBE_B_END program=low
1771408448424406581 PROBE_B_START program=low
1771408448427483736 [ERROR] Unknown PROBE_B_VARIANT=skeleton
1771408448428465683 PROBE_B_END program=low
1771408448631258837 PROBE_B_START program=low
1771408448634377029 [ERROR] Unknown PROBE_B_VARIANT=skeleton
1771408448635361975 PROBE_B_END program=low
1771408448838175499 PROBE_B_START program=low
1771408448841288636 [ERROR] Unknown PROBE_B_VARIANT=skeleton
1771408448842328231 PROBE_B_END program=low
1771408449045170811 PROBE_B_START program=low
1771408449048217576 [ERROR] Unknown PROBE_B_VARIANT=skeleton
1771408449049257504 PROBE_B_END program=low
1771408449252069195 PROBE_B_START program=low
1771408449255158258 [ERROR] Unknown PROBE_B_VARIANT=skeleton
1771408449256184352 PROBE_B_END program=low
1771408449458970895 PROBE_B_START program=low
1771408449462084124 [ERROR] Unknown PROBE_B_VARIANT=skeleton
1771408449463119534 PROBE_B_END program=low
1771408449665903724 PROBE_B_START program=low
1771408449668918398 [ERROR] Unknown PROBE_B_VARIANT=skeleton
1771408449669929196 PROBE_B_END program=low
1771408449872770017 PROBE_B_START program=low
1771408449875841134 [ERROR] Unknown PROBE_B_VARIANT=skeleton
1771408449876839451 PROBE_B_END program=low
1771408450079653013 PROBE_B_START program=low
1771408450082765316 [ERROR] Unknown PROBE_B_VARIANT=skeleton
1771408450083781021 PROBE_B_END program=low
1771408450286595268 PROBE_B_START program=low
1771408450289698515 [ERROR] Unknown PROBE_B_VARIANT=skeleton
1771408450290723036 PROBE_B_END program=low
1771408450493560431 PROBE_B_START program=low
1771408450496661808 [ERROR] Unknown PROBE_B_VARIANT=skeleton
1771408450497670569 PROBE_B_END program=low
1771408450700469686 PROBE_B_START program=low
1771408450703556526 [ERROR] Unknown PROBE_B_VARIANT=skeleton
1771408450704558546 PROBE_B_END program=low
1771408450907399830 PROBE_B_START program=low
1771408450910560726 [ERROR] Unknown PROBE_B_VARIANT=skeleton
1771408450911521135 PROBE_B_END program=low
1771408451114305807 PROBE_B_START program=low
1771408451117393629 [ERROR] Unknown PROBE_B_VARIANT=skeleton
1771408451118440927 PROBE_B_END program=low
1771408451321255340 PROBE_B_START program=low
1771408451324286921 [ERROR] Unknown PROBE_B_VARIANT=skeleton
1771408451325314571 PROBE_B_END program=low
1771408451528157466 PROBE_B_START program=low
1771408451531242806 [ERROR] Unknown PROBE_B_VARIANT=skeleton
1771408451532198345 PROBE_B_END program=low
1771408451735012054 PROBE_B_START program=low
1771408451738124727 [ERROR] Unknown PROBE_B_VARIANT=skeleton
1771408451739140119 PROBE_B_END program=low
1771408451941860791 PROBE_B_START program=low
1771408451944806519 [ERROR] Unknown PROBE_B_VARIANT=skeleton
1771408451945791669 PROBE_B_END program=low
1771408452148581712 PROBE_B_START program=low
1771408452151652978 [ERROR] Unknown PROBE_B_VARIANT=skeleton
1771408452152630869 PROBE_B_END program=low
1771408452355446837 PROBE_B_START program=low
1771408452358598140 [ERROR] Unknown PROBE_B_VARIANT=skeleton
1771408452359564587 PROBE_B_END program=low
1771408452562391204 PROBE_B_START program=low
1771408452565499821 [ERROR] Unknown PROBE_B_VARIANT=skeleton
1771408452566539249 PROBE_B_END program=low
1771408452769346737 PROBE_B_START program=low
1771408452772360706 [ERROR] Unknown PROBE_B_VARIANT=skeleton
1771408452773399060 PROBE_B_END program=low
1771408452976137288 PROBE_B_START program=low
1771408452979276961 [ERROR] Unknown PROBE_B_VARIANT=skeleton
1771408452980207370 PROBE_B_END program=low
1771408453183025172 PROBE_B_START program=low
1771408453186182049 [ERROR] Unknown PROBE_B_VARIANT=skeleton
1771408453187213737 PROBE_B_END program=low
1771408453390047316 PROBE_B_START program=low
1771408453393152675 [ERROR] Unknown PROBE_B_VARIANT=skeleton
1771408453394169881 PROBE_B_END program=low
1771408453597002609 PROBE_B_START program=low
1771408453600431468 [ERROR] Unknown PROBE_B_VARIANT=skeleton
1771408453601580266 PROBE_B_END program=low
1771408453804682773 PROBE_B_START program=low
1771408453807822020 [ERROR] Unknown PROBE_B_VARIANT=skeleton
1771408453808837856 PROBE_B_END program=low
1771408454011688694 PROBE_B_START program=low
1771408454014671442 [ERROR] Unknown PROBE_B_VARIANT=skeleton
1771408454015643240 PROBE_B_END program=low
1771408454218469727 PROBE_B_START program=low
1771408454221503937 [ERROR] Unknown PROBE_B_VARIANT=skeleton
1771408454222530458 PROBE_B_END program=low
1771408454425306834 PROBE_B_START program=low
1771408454428356044 [ERROR] Unknown PROBE_B_VARIANT=skeleton
1771408454429385287 PROBE_B_END program=low
1771408454632179626 PROBE_B_START program=low
1771408454635271465 [ERROR] Unknown PROBE_B_VARIANT=skeleton
1771408454636274356 PROBE_B_END program=low
1771408454839100677 PROBE_B_START program=low
1771408454842192239 [ERROR] Unknown PROBE_B_VARIANT=skeleton
1771408454843221519 PROBE_B_END program=low
1771408455046056321 PROBE_B_START program=low
1771408455049072512 [ERROR] Unknown PROBE_B_VARIANT=skeleton
1771408455050097422 PROBE_B_END program=low
1771408455252919075 PROBE_B_START program=low
1771408455256006545 [ERROR] Unknown PROBE_B_VARIANT=skeleton
1771408455256994121 PROBE_B_END program=low
1771408455459795553 PROBE_B_START program=low
1771408455462914726 [ERROR] Unknown PROBE_B_VARIANT=skeleton
1771408455463934728 PROBE_B_END program=low
1771408455666751807 PROBE_B_START program=low
1771408455669880407 [ERROR] Unknown PROBE_B_VARIANT=skeleton
1771408455670931020 PROBE_B_END program=low
1771408455873708322 PROBE_B_START program=low
1771408455876726513 [ERROR] Unknown PROBE_B_VARIANT=skeleton
1771408455877727534 PROBE_B_END program=low
1771408456080548965 PROBE_B_START program=low
1771408456083611361 [ERROR] Unknown PROBE_B_VARIANT=skeleton
1771408456084604604 PROBE_B_END program=low
1771408456287428294 PROBE_B_START program=low
1771408456290557375 [ERROR] Unknown PROBE_B_VARIANT=skeleton
1771408456291531840 PROBE_B_END program=low
1771408456494354419 PROBE_B_START program=low
1771408456497457778 [ERROR] Unknown PROBE_B_VARIANT=skeleton
1771408456498485039 PROBE_B_END program=low
1771408456701311119 PROBE_B_START program=low
1771408456704394107 [ERROR] Unknown PROBE_B_VARIANT=skeleton
1771408456705411202 PROBE_B_END program=low
1771408456908200577 PROBE_B_START program=low
1771408456911332232 [ERROR] Unknown PROBE_B_VARIANT=skeleton
1771408456912336419 PROBE_B_END program=low
1771408457115180202 PROBE_B_START program=low
1771408457118349228 [ERROR] Unknown PROBE_B_VARIANT=skeleton
1771408457119326471 PROBE_B_END program=low
1771408457322084494 PROBE_B_START program=low
1771408457325161093 [ERROR] Unknown PROBE_B_VARIANT=skeleton
1771408457326198262 PROBE_B_END program=low
1771408457528995138 PROBE_B_START program=low
1771408457532067163 [ERROR] Unknown PROBE_B_VARIANT=skeleton
1771408457533035109 PROBE_B_END program=low
1771408457735814929 PROBE_B_START program=low
1771408457738921066 [ERROR] Unknown PROBE_B_VARIANT=skeleton
1771408457739937494 PROBE_B_END program=low
1771408457942740555 PROBE_B_START program=low
1771408457945831820 [ERROR] Unknown PROBE_B_VARIANT=skeleton
1771408457946971730 PROBE_B_END program=low
1771408458150506015 PROBE_B_START program=low
1771408458153598836 [ERROR] Unknown PROBE_B_VARIANT=skeleton
1771408458154638653 PROBE_B_END program=low
1771408458357497899 PROBE_B_START program=low
1771408458360547591 [ERROR] Unknown PROBE_B_VARIANT=skeleton
1771408458361572538 PROBE_B_END program=low
1771408458564429043 PROBE_B_START program=low
1771408458567502846 [ERROR] Unknown PROBE_B_VARIANT=skeleton
1771408458568505478 PROBE_B_END program=low
1771408458771287686 PROBE_B_START program=low
1771408458774394989 [ERROR] Unknown PROBE_B_VARIANT=skeleton
1771408458775411621 PROBE_B_END program=low
1771408458978198867 PROBE_B_START program=low
1771408458982673432 [ERROR] Unknown PROBE_B_VARIANT=skeleton
1771408458983857842 PROBE_B_END program=low
1771408459186853829 PROBE_B_START program=low
1771408459189924650 [ERROR] Unknown PROBE_B_VARIANT=skeleton
1771408459190910819 PROBE_B_END program=low
1771408459393729065 PROBE_B_START program=low
1771408459396833979 [ERROR] Unknown PROBE_B_VARIANT=skeleton
1771408459397855796 PROBE_B_END program=low
1771408459600839987 PROBE_B_START program=low
1771408459603951253 [ERROR] Unknown PROBE_B_VARIANT=skeleton
1771408459605211829 PROBE_B_END program=low
1771408459808135816 PROBE_B_START program=low
1771408459811661268 [ERROR] Unknown PROBE_B_VARIANT=skeleton
1771408459812742215 PROBE_B_END program=low
1771408460016365722 PROBE_B_START program=low
1771408460020197767 [ERROR] Unknown PROBE_B_VARIANT=skeleton
1771408460021616955 PROBE_B_END program=low
1771408460224638424 PROBE_B_START program=low
1771408460227594301 [ERROR] Unknown PROBE_B_VARIANT=skeleton
1771408460228591506 PROBE_B_END program=low
1771408460431369141 PROBE_B_START program=low
1771408460434502944 [ERROR] Unknown PROBE_B_VARIANT=skeleton
1771408460435478150 PROBE_B_END program=low
1771408460638195858 PROBE_B_START program=low
1771408460641216309 [ERROR] Unknown PROBE_B_VARIANT=skeleton
1771408460642250941 PROBE_B_END program=low
1771408460845005168 PROBE_B_START program=low
1771408460848092656 [ERROR] Unknown PROBE_B_VARIANT=skeleton
1771408460849100140 PROBE_B_END program=low
1771408461052366368 PROBE_B_START program=low
1771408461056877785 [ERROR] Unknown PROBE_B_VARIANT=skeleton
1771408461058089547 PROBE_B_END program=low
1771408461261163534 PROBE_B_START program=low
1771408461264208022 [ERROR] Unknown PROBE_B_VARIANT=skeleton
1771408461265247876 PROBE_B_END program=low
1771408461468038770 PROBE_B_START program=low
1771408461471164036 [ERROR] Unknown PROBE_B_VARIANT=skeleton
1771408461472188334 PROBE_B_END program=low
1771408461675010765 PROBE_B_START program=low
1771408461678051142 [ERROR] Unknown PROBE_B_VARIANT=skeleton
1771408461679092811 PROBE_B_END program=low
1771408461881910224 PROBE_B_START program=low
1771408461884948971 [ERROR] Unknown PROBE_B_VARIANT=skeleton
1771408461885975566 PROBE_B_END program=low
1771408462089290146 PROBE_B_START program=low
1771408462092987024 [ERROR] Unknown PROBE_B_VARIANT=skeleton
1771408462094331545 PROBE_B_END program=low
1771408462297279347 PROBE_B_START program=low
1771408462300348872 [ERROR] Unknown PROBE_B_VARIANT=skeleton
1771408462301368133 PROBE_B_END program=low
1771408462504174101 PROBE_B_START program=low
1771408462507309756 [ERROR] Unknown PROBE_B_VARIANT=skeleton
1771408462508496073 PROBE_B_END program=low
1771408462711464986 PROBE_B_START program=low
1771408462714607567 [ERROR] Unknown PROBE_B_VARIANT=skeleton
1771408462715582643 PROBE_B_END program=low
1771408462918373611 PROBE_B_START program=low
1771408462921488247 [ERROR] Unknown PROBE_B_VARIANT=skeleton
1771408462922512009 PROBE_B_END program=low
1771408463126052756 PROBE_B_START program=low
1771408463129773542 [ERROR] Unknown PROBE_B_VARIANT=skeleton
1771408463130939544 PROBE_B_END program=low
1771408463333835197 PROBE_B_START program=low
1771408463336908963 [ERROR] Unknown PROBE_B_VARIANT=skeleton
1771408463337928225 PROBE_B_END program=low
1771408463540745489 PROBE_B_START program=low
1771408463543812829 [ERROR] Unknown PROBE_B_VARIANT=skeleton
1771408463544813053 PROBE_B_END program=low
1771408463747622317 PROBE_B_START program=low
1771408463750733564 [ERROR] Unknown PROBE_B_VARIANT=skeleton
1771408463751755696 PROBE_B_END program=low
1771408463954569423 PROBE_B_START program=low
1771408463957696375 [ERROR] Unknown PROBE_B_VARIANT=skeleton
1771408463958744266 PROBE_B_END program=low
1771408464162128272 PROBE_B_START program=low
1771408464165470112 [ERROR] Unknown PROBE_B_VARIANT=skeleton
1771408464166518614 PROBE_B_END program=low
1771408464369413175 PROBE_B_START program=low
1771408464372438848 [ERROR] Unknown PROBE_B_VARIANT=skeleton
1771408464373495795 PROBE_B_END program=low
1771408464576390985 PROBE_B_START program=low
1771408464579492381 [ERROR] Unknown PROBE_B_VARIANT=skeleton
1771408464580491605 PROBE_B_END program=low
1771408464783297758 PROBE_B_START program=low
1771408464786434116 [ERROR] Unknown PROBE_B_VARIANT=skeleton
1771408464787468822 PROBE_B_END program=low
1771408464990260234 PROBE_B_START program=low
1771408464993338148 [ERROR] Unknown PROBE_B_VARIANT=skeleton
1771408464994394280 PROBE_B_END program=low
1771408465197384582 PROBE_B_START program=low
1771408465200499348 [ERROR] Unknown PROBE_B_VARIANT=skeleton
1771408465201592239 PROBE_B_END program=low
1771408465404529318 PROBE_B_START program=low
1771408465407822621 [ERROR] Unknown PROBE_B_VARIANT=skeleton
1771408465408891531 PROBE_B_END program=low
1771408465611856925 PROBE_B_START program=low
1771408465614939191 [ERROR] Unknown PROBE_B_VARIANT=skeleton
1771408465615905434 PROBE_B_END program=low
1771408465818673586 PROBE_B_START program=low
1771408465821710241 [ERROR] Unknown PROBE_B_VARIANT=skeleton
1771408465822668873 PROBE_B_END program=low
1771408466025431655 PROBE_B_START program=low
1771408466028449588 [ERROR] Unknown PROBE_B_VARIANT=skeleton
1771408466029477812 PROBE_B_END program=low
1771408466232389558 PROBE_B_START program=low
1771408466235408008 [ERROR] Unknown PROBE_B_VARIANT=skeleton
1771408466236442307 PROBE_B_END program=low
1771408466439295645 PROBE_B_START program=low
1771408466442380911 [ERROR] Unknown PROBE_B_VARIANT=skeleton
1771408466443362802 PROBE_B_END program=low
1771408466646138140 PROBE_B_START program=low
1771408466649214758 [ERROR] Unknown PROBE_B_VARIANT=skeleton
1771408466650228075 PROBE_B_END program=low
1771408466852988801 PROBE_B_START program=low
1771408466855959900 [ERROR] Unknown PROBE_B_VARIANT=skeleton
1771408466856999180 PROBE_B_END program=low
1771408467059771907 PROBE_B_START program=low
1771408467062838321 [ERROR] Unknown PROBE_B_VARIANT=skeleton
1771408467063794230 PROBE_B_END program=low
1771408467270335021 PROBE_B_START program=low
1771408467273821380 [ERROR] Unknown PROBE_B_VARIANT=skeleton
1771408467275057883 PROBE_B_END program=low
1771408467478018332 PROBE_B_START program=low
1771408467481135061 [ERROR] Unknown PROBE_B_VARIANT=skeleton
1771408467482167748 PROBE_B_END program=low
1771408467685010327 PROBE_B_START program=low
1771408467688076889 [ERROR] Unknown PROBE_B_VARIANT=skeleton
1771408467689124799 PROBE_B_END program=low
1771408467891908433 PROBE_B_START program=low
1771408467895037773 [ERROR] Unknown PROBE_B_VARIANT=skeleton
1771408467896072831 PROBE_B_END program=low
1771408468098859780 PROBE_B_START program=low
1771408468101942287 [ERROR] Unknown PROBE_B_VARIANT=skeleton
1771408468102958455 PROBE_B_END program=low
1771408468306412943 PROBE_B_START program=low
1771408468310017636 [ERROR] Unknown PROBE_B_VARIANT=skeleton
1771408468311158768 PROBE_B_END program=low
1771408468514017087 PROBE_B_START program=low
1771408468517141131 [ERROR] Unknown PROBE_B_VARIANT=skeleton
1771408468518156263 PROBE_B_END program=low
1771408468720984490 PROBE_B_START program=low
1771408468724084255 [ERROR] Unknown PROBE_B_VARIANT=skeleton
1771408468725127128 PROBE_B_END program=low
1771408468927928170 PROBE_B_START program=low
1771408468931070936 [ERROR] Unknown PROBE_B_VARIANT=skeleton
1771408468932060160 PROBE_B_END program=low
1771408469134884331 PROBE_B_START program=low
1771408469138000838 [ERROR] Unknown PROBE_B_VARIANT=skeleton
1771408469139028192 PROBE_B_END program=low
1771408469342288475 PROBE_B_START program=low
1771408469345565964 [ERROR] Unknown PROBE_B_VARIANT=skeleton
1771408469346608892 PROBE_B_END program=low
1771408469549453359 PROBE_B_START program=low
1771408469552545736 [ERROR] Unknown PROBE_B_VARIANT=skeleton
1771408469553519368 PROBE_B_END program=low
1771408469756295613 PROBE_B_START program=low
1771408469759385434 [ERROR] Unknown PROBE_B_VARIANT=skeleton
1771408469760377974 PROBE_B_END program=low
1771408469963175460 PROBE_B_START program=low
1771408469966306096 [ERROR] Unknown PROBE_B_VARIANT=skeleton
1771408469967329728 PROBE_B_END program=low
1771408470170122214 PROBE_B_START program=low
1771408470173221442 [ERROR] Unknown PROBE_B_VARIANT=skeleton
1771408470174266408 PROBE_B_END program=low
1771408470377250783 PROBE_B_START program=low
1771408470380375086 [ERROR] Unknown PROBE_B_VARIANT=skeleton
1771408470381413551 PROBE_B_END program=low
1771408470584278093 PROBE_B_START program=low
1771408470587349247 [ERROR] Unknown PROBE_B_VARIANT=skeleton
1771408470588356490 PROBE_B_END program=low
1771408470791169032 PROBE_B_START program=low
1771408470794306872 [ERROR] Unknown PROBE_B_VARIANT=skeleton
1771408470795333448 PROBE_B_END program=low
1771408470998125453 PROBE_B_START program=low
1771408471001271496 [ERROR] Unknown PROBE_B_VARIANT=skeleton
1771408471002383091 PROBE_B_END program=low
1771408471205304725 PROBE_B_START program=low
1771408471208792029 [ERROR] Unknown PROBE_B_VARIANT=skeleton
1771408471209853513 PROBE_B_END program=low
1771408471412597017 PROBE_B_START program=low
1771408471415262560 [ERROR] Unknown PROBE_B_VARIANT=skeleton
1771408471416119988 PROBE_B_END program=low
1771408471618838807 PROBE_B_START program=low
1771408471621903980 [ERROR] Unknown PROBE_B_VARIANT=skeleton
1771408471622868389 PROBE_B_END program=low
1771408471825644523 PROBE_B_START program=low
1771408471828640233 [ERROR] Unknown PROBE_B_VARIANT=skeleton
1771408471829670384 PROBE_B_END program=low
1771408472032474555 PROBE_B_START program=low
1771408472035490061 [ERROR] Unknown PROBE_B_VARIANT=skeleton
1771408472036483804 PROBE_B_END program=low
1771408472239256123 PROBE_B_START program=low
1771408472242293241 [ERROR] Unknown PROBE_B_VARIANT=skeleton
1771408472243248354 PROBE_B_END program=low
1771408472445990969 PROBE_B_START program=low
1771408472448919272 [ERROR] Unknown PROBE_B_VARIANT=skeleton
1771408472449823385 PROBE_B_END program=low
1771408472652576315 PROBE_B_START program=low
1771408472655622747 [ERROR] Unknown PROBE_B_VARIANT=skeleton
1771408472656585916 PROBE_B_END program=low
1771408472859376661 PROBE_B_START program=low
1771408472862480890 [ERROR] Unknown PROBE_B_VARIANT=skeleton
1771408472863447688 PROBE_B_END program=low
1771408473066188137 PROBE_B_START program=low
1771408473069285199 [ERROR] Unknown PROBE_B_VARIANT=skeleton
1771408473070305516 PROBE_B_END program=low
1771408473273070965 PROBE_B_START program=low
1771408473276139712 [ERROR] Unknown PROBE_B_VARIANT=skeleton
1771408473277180307 PROBE_B_END program=low
1771408473480034737 PROBE_B_START program=low
1771408473483164596 [ERROR] Unknown PROBE_B_VARIANT=skeleton
1771408473484193746 PROBE_B_END program=low
1771408473687050121 PROBE_B_START program=low
1771408473690106294 [ERROR] Unknown PROBE_B_VARIANT=skeleton
1771408473691141296 PROBE_B_END program=low
1771408473893980523 PROBE_B_START program=low
1771408473897065511 [ERROR] Unknown PROBE_B_VARIANT=skeleton
1771408473898096235 PROBE_B_END program=low
1771408474100958554 PROBE_B_START program=low
1771408474104003783 [ERROR] Unknown PROBE_B_VARIANT=skeleton
1771408474105061433 PROBE_B_END program=low
1771408474307859697 PROBE_B_START program=low
1771408474310922981 [ERROR] Unknown PROBE_B_VARIANT=skeleton
1771408474311892687 PROBE_B_END program=low
1771408474514778265 PROBE_B_START program=low
1771408474517910328 [ERROR] Unknown PROBE_B_VARIANT=skeleton
1771408474518876719 PROBE_B_END program=low
1771408474721688519 PROBE_B_START program=low
1771408474724703840 [ERROR] Unknown PROBE_B_VARIANT=skeleton
1771408474725724879 PROBE_B_END program=low
1771408474928530365 PROBE_B_START program=low
1771408474931571372 [ERROR] Unknown PROBE_B_VARIANT=skeleton
1771408474932554707 PROBE_B_END program=low
1771408475135343304 PROBE_B_START program=low
1771408475138423940 [ERROR] Unknown PROBE_B_VARIANT=skeleton
1771408475139441683 PROBE_B_END program=low
1771408475342215613 PROBE_B_START program=low
1771408475345249323 [ERROR] Unknown PROBE_B_VARIANT=skeleton
1771408475346289362 PROBE_B_END program=low
1771408475549339904 PROBE_B_START program=low
1771408475552568429 [ERROR] Unknown PROBE_B_VARIANT=skeleton
1771408475553621469 PROBE_B_END program=low
1771408475756483584 PROBE_B_START program=low
1771408475759575276 [ERROR] Unknown PROBE_B_VARIANT=skeleton
1771408475760596426 PROBE_B_END program=low
1771408475963387356 PROBE_B_START program=low
1771408475966469548 [ERROR] Unknown PROBE_B_VARIANT=skeleton
1771408475967449291 PROBE_B_END program=low
1771408476170231962 PROBE_B_START program=low
1771408476173349135 [ERROR] Unknown PROBE_B_VARIANT=skeleton
1771408476174376600 PROBE_B_END program=low
1771408476377205919 PROBE_B_START program=low
1771408476380283055 [ERROR] Unknown PROBE_B_VARIANT=skeleton
1771408476381308317 PROBE_B_END program=low
1771408476584217395 PROBE_B_START program=low
1771408476587387161 [ERROR] Unknown PROBE_B_VARIANT=skeleton
1771408476588378422 PROBE_B_END program=low
1771408476791184667 PROBE_B_START program=low
1771408476794316526 [ERROR] Unknown PROBE_B_VARIANT=skeleton
1771408476795356380 PROBE_B_END program=low
1771408476998157532 PROBE_B_START program=low
1771408477001265983 [ERROR] Unknown PROBE_B_VARIANT=skeleton
1771408477002298578 PROBE_B_END program=low
1771408477205201675 PROBE_B_START program=low
1771408477208330607 [ERROR] Unknown PROBE_B_VARIANT=skeleton
1771408477209403850 PROBE_B_END program=low
1771408477412543744 PROBE_B_START program=low
1771408477415977899 [ERROR] Unknown PROBE_B_VARIANT=skeleton
1771408477417046716 PROBE_B_END program=low
1771408477620025758 PROBE_B_START program=low
1771408477622834079 [ERROR] Unknown PROBE_B_VARIANT=skeleton
1771408477623727006 PROBE_B_END program=low
1771408477826455732 PROBE_B_START program=low
1771408477829496646 [ERROR] Unknown PROBE_B_VARIANT=skeleton
1771408477830450297 PROBE_B_END program=low
1771408478033207541 PROBE_B_START program=low
1771408478036330122 [ERROR] Unknown PROBE_B_VARIANT=skeleton
1771408478037293476 PROBE_B_END program=low
1771408478240093739 PROBE_B_START program=low
1771408478243213801 [ERROR] Unknown PROBE_B_VARIANT=skeleton
1771408478244189248 PROBE_B_END program=low
1771408478446981492 PROBE_B_START program=low
1771408478450161184 [ERROR] Unknown PROBE_B_VARIANT=skeleton
1771408478451208983 PROBE_B_END program=low
1771408478653871413 PROBE_B_START program=low
1771408478656582752 [ERROR] Unknown PROBE_B_VARIANT=skeleton
1771408478657516642 PROBE_B_END program=low
1771408478860258906 PROBE_B_START program=low
1771408478863324319 [ERROR] Unknown PROBE_B_VARIANT=skeleton
1771408478864328322 PROBE_B_END program=low
1771408479067136863 PROBE_B_START program=low
1771408479070222666 [ERROR] Unknown PROBE_B_VARIANT=skeleton
1771408479071187890 PROBE_B_END program=low
1771408479273967894 PROBE_B_START program=low
1771408479277053048 [ERROR] Unknown PROBE_B_VARIANT=skeleton
1771408479278091847 PROBE_B_END program=low
1771408479480888036 PROBE_B_START program=low
1771408479483968524 [ERROR] Unknown PROBE_B_VARIANT=skeleton
1771408479485010378 PROBE_B_END program=low
1771408479687864178 PROBE_B_START program=low
1771408479690885333 [ERROR] Unknown PROBE_B_VARIANT=skeleton
1771408479691871705 PROBE_B_END program=low
1771408479894677561 PROBE_B_START program=low
1771408479897791309 [ERROR] Unknown PROBE_B_VARIANT=skeleton
1771408479898804551 PROBE_B_END program=low
1771408480101608870 PROBE_B_START program=low
1771408480104676025 [ERROR] Unknown PROBE_B_VARIANT=skeleton
1771408480105703934 PROBE_B_END program=low
1771408480308553975 PROBE_B_START program=low
1771408480311639612 [ERROR] Unknown PROBE_B_VARIANT=skeleton
1771408480312621743 PROBE_B_END program=low
1771408480515383747 PROBE_B_START program=low
1771408480518484754 [ERROR] Unknown PROBE_B_VARIANT=skeleton
1771408480519475496 PROBE_B_END program=low
1771408480722373575 PROBE_B_START program=low
1771408480725582285 [ERROR] Unknown PROBE_B_VARIANT=skeleton
1771408480726631102 PROBE_B_END program=low
1771408480929495199 PROBE_B_START program=low
1771408480932543446 [ERROR] Unknown PROBE_B_VARIANT=skeleton
1771408480933565226 PROBE_B_END program=low
1771408481136405785 PROBE_B_START program=low
1771408481139434755 [ERROR] Unknown PROBE_B_VARIANT=skeleton
1771408481140427498 PROBE_B_END program=low
1771408481343228094 PROBE_B_START program=low
1771408481346354008 [ERROR] Unknown PROBE_B_VARIANT=skeleton
1771408481347377066 PROBE_B_END program=low
1771408481550168421 PROBE_B_START program=low
1771408481553254002 [ERROR] Unknown PROBE_B_VARIANT=skeleton
1771408481554280504 PROBE_B_END program=low
1771408481757200416 PROBE_B_START program=low
1771408481760307737 [ERROR] Unknown PROBE_B_VARIANT=skeleton
1771408481761336813 PROBE_B_END program=low
1771408481964176243 PROBE_B_START program=low
1771408481967287787 [ERROR] Unknown PROBE_B_VARIANT=skeleton
1771408481968293178 PROBE_B_END program=low
1771408482171099293 PROBE_B_START program=low
1771408482174263836 [ERROR] Unknown PROBE_B_VARIANT=skeleton
1771408482175256098 PROBE_B_END program=low
1771408482378040157 PROBE_B_START program=low
1771408482381116701 [ERROR] Unknown PROBE_B_VARIANT=skeleton
1771408482382147925 PROBE_B_END program=low
1771408482584991707 PROBE_B_START program=low
1771408482588005120 [ERROR] Unknown PROBE_B_VARIANT=skeleton
1771408482589077326 PROBE_B_END program=low
1771408482792008812 PROBE_B_START program=low
1771408482795085633 [ERROR] Unknown PROBE_B_VARIANT=skeleton
1771408482796061117 PROBE_B_END program=low
1771408482998895713 PROBE_B_START program=low
1771408483001980238 [ERROR] Unknown PROBE_B_VARIANT=skeleton
1771408483002996314 PROBE_B_END program=low
1771408483205850504 PROBE_B_START program=low
1771408483208913917 [ERROR] Unknown PROBE_B_VARIANT=skeleton
1771408483209937086 PROBE_B_END program=low
1771408483412748460 PROBE_B_START program=low
1771408483415797782 [ERROR] Unknown PROBE_B_VARIANT=skeleton
1771408483416798636 PROBE_B_END program=low
1771408483619658880 PROBE_B_START program=low
1771408483623053017 [ERROR] Unknown PROBE_B_VARIANT=skeleton
1771408483624125408 PROBE_B_END program=low
1771408483827349857 PROBE_B_START program=low
1771408483830176659 [ERROR] Unknown PROBE_B_VARIANT=skeleton
1771408483831071532 PROBE_B_END program=low
1771408484033815609 PROBE_B_START program=low
1771408484036851042 [ERROR] Unknown PROBE_B_VARIANT=skeleton
1771408484037863877 PROBE_B_END program=low
1771408484240718585 PROBE_B_START program=low
1771408484243835425 [ERROR] Unknown PROBE_B_VARIANT=skeleton
1771408484244854019 PROBE_B_END program=low
1771408484447666690 PROBE_B_START program=low
1771408484450763770 [ERROR] Unknown PROBE_B_VARIANT=skeleton
1771408484451723791 PROBE_B_END program=low
1771408484654532998 PROBE_B_START program=low
1771408484657617783 [ERROR] Unknown PROBE_B_VARIANT=skeleton
1771408484658630637 PROBE_B_END program=low
1771408484861307084 PROBE_B_START program=low
1771408484864079424 [ERROR] Unknown PROBE_B_VARIANT=skeleton
1771408484864993685 PROBE_B_END program=low
1771408485067704096 PROBE_B_START program=low
1771408485070783176 [ERROR] Unknown PROBE_B_VARIANT=skeleton
1771408485071739308 PROBE_B_END program=low
1771408485274533774 PROBE_B_START program=low
1771408485277635022 [ERROR] Unknown PROBE_B_VARIANT=skeleton
1771408485278675450 PROBE_B_END program=low
1771408485481510750 PROBE_B_START program=low
1771408485484557701 [ERROR] Unknown PROBE_B_VARIANT=skeleton
1771408485485585758 PROBE_B_END program=low
1771408485688461170 PROBE_B_START program=low
1771408485691559009 [ERROR] Unknown PROBE_B_VARIANT=skeleton
1771408485692574178 PROBE_B_END program=low
1771408485895246274 PROBE_B_START program=low
1771408485898117317 [ERROR] Unknown PROBE_B_VARIANT=skeleton
1771408485899051597 PROBE_B_END program=low
1771408486101767878 PROBE_B_START program=low
1771408486104892978 [ERROR] Unknown PROBE_B_VARIANT=skeleton
1771408486105922832 PROBE_B_END program=low
1771408486308785909 PROBE_B_START program=low
1771408486311865101 [ERROR] Unknown PROBE_B_VARIANT=skeleton
1771408486312859103 PROBE_B_END program=low
1771408486515699088 PROBE_B_START program=low
1771408486518845836 [ERROR] Unknown PROBE_B_VARIANT=skeleton
1771408486519824560 PROBE_B_END program=low
1771408486722638267 PROBE_B_START program=low
1771408486725779552 [ERROR] Unknown PROBE_B_VARIANT=skeleton
1771408486726819183 PROBE_B_END program=low
1771408486929636946 PROBE_B_START program=low
1771408486932619730 [ERROR] Unknown PROBE_B_VARIANT=skeleton
1771408486933595177 PROBE_B_END program=low
1771408487136388662 PROBE_B_START program=low
1771408487139476687 [ERROR] Unknown PROBE_B_VARIANT=skeleton
1771408487140482893 PROBE_B_END program=low
1771408487343298063 PROBE_B_START program=low
1771408487346433440 [ERROR] Unknown PROBE_B_VARIANT=skeleton
1771408487347442812 PROBE_B_END program=low
1771408487550203390 PROBE_B_START program=low
1771408487553289693 [ERROR] Unknown PROBE_B_VARIANT=skeleton
1771408487554327195 PROBE_B_END program=low
1771408487757166217 PROBE_B_START program=low
1771408487760248538 [ERROR] Unknown PROBE_B_VARIANT=skeleton
1771408487761268818 PROBE_B_END program=low
1771408487964196100 PROBE_B_START program=low
1771408487967344199 [ERROR] Unknown PROBE_B_VARIANT=skeleton
1771408487968360886 PROBE_B_END program=low
1771408488171168001 PROBE_B_START program=low
1771408488174308896 [ERROR] Unknown PROBE_B_VARIANT=skeleton
1771408488175293158 PROBE_B_END program=low
1771408488378076550 PROBE_B_START program=low
1771408488381209279 [ERROR] Unknown PROBE_B_VARIANT=skeleton
1771408488382240207 PROBE_B_END program=low
1771408488585017414 PROBE_B_START program=low
1771408488588555866 [ERROR] Unknown PROBE_B_VARIANT=skeleton
1771408488589740257 PROBE_B_END program=low
1771408488792585668 PROBE_B_START program=low
1771408488795679193 [ERROR] Unknown PROBE_B_VARIANT=skeleton
1771408488796694121 PROBE_B_END program=low
1771408488999620366 PROBE_B_START program=low
1771408489002801483 [ERROR] Unknown PROBE_B_VARIANT=skeleton
1771408489003826393 PROBE_B_END program=low
1771408489206638841 PROBE_B_START program=low
1771408489209786144 [ERROR] Unknown PROBE_B_VARIANT=skeleton
1771408489210828942 PROBE_B_END program=low
1771408489413701816 PROBE_B_START program=low
1771408489416776119 [ERROR] Unknown PROBE_B_VARIANT=skeleton
1771408489417818084 PROBE_B_END program=low
1771408489620629402 PROBE_B_START program=low
1771408489623698039 [ERROR] Unknown PROBE_B_VARIANT=skeleton
1771408489624720911 PROBE_B_END program=low
1771408489827568452 PROBE_B_START program=low
1771408489831293348 [ERROR] Unknown PROBE_B_VARIANT=skeleton
1771408489832377110 PROBE_B_END program=low
1771408490035594947 PROBE_B_START program=low
1771408490038399342 [ERROR] Unknown PROBE_B_VARIANT=skeleton
1771408490039283437 PROBE_B_END program=low
1771408490242073440 PROBE_B_START program=low
1771408490245209891 [ERROR] Unknown PROBE_B_VARIANT=skeleton
1771408490246232875 PROBE_B_END program=low
1771408490449004211 PROBE_B_START program=low
1771408490452024625 [ERROR] Unknown PROBE_B_VARIANT=skeleton
1771408490453015109 PROBE_B_END program=low
1771408490655831223 PROBE_B_START program=low
1771408490658993156 [ERROR] Unknown PROBE_B_VARIANT=skeleton
1771408490660007528 PROBE_B_END program=low
1771408490862793106 PROBE_B_START program=low
1771408490865845019 [ERROR] Unknown PROBE_B_VARIANT=skeleton
1771408490866876614 PROBE_B_END program=low
1771408491069539025 PROBE_B_START program=low
1771408491072209475 [ERROR] Unknown PROBE_B_VARIANT=skeleton
1771408491073155532 PROBE_B_END program=low
1771408491275885702 PROBE_B_START program=low
1771408491278935245 [ERROR] Unknown PROBE_B_VARIANT=skeleton
1771408491279899155 PROBE_B_END program=low
1771408491482706806 PROBE_B_START program=low
1771408491485782665 [ERROR] Unknown PROBE_B_VARIANT=skeleton
1771408491486826741 PROBE_B_END program=low
1771408491689658911 PROBE_B_START program=low
1771408491692692214 [ERROR] Unknown PROBE_B_VARIANT=skeleton
1771408491693697253 PROBE_B_END program=low
1771408491896517978 PROBE_B_START program=low
1771408491899573929 [ERROR] Unknown PROBE_B_VARIANT=skeleton
1771408491900541042 PROBE_B_END program=low
1771408492103211860 PROBE_B_START program=low
1771408492106036348 [ERROR] Unknown PROBE_B_VARIANT=skeleton
1771408492106907683 PROBE_B_END program=low
1771408492309595852 PROBE_B_START program=low
1771408492312706822 [ERROR] Unknown PROBE_B_VARIANT=skeleton
1771408492313672379 PROBE_B_END program=low
1771408492516505586 PROBE_B_START program=low
1771408492519574074 [ERROR] Unknown PROBE_B_VARIANT=skeleton
1771408492520541669 PROBE_B_END program=low
1771408492723357006 PROBE_B_START program=low
1771408492726482549 [ERROR] Unknown PROBE_B_VARIANT=skeleton
1771408492727506922 PROBE_B_END program=low
1771408492930352740 PROBE_B_START program=low
1771408492933474821 [ERROR] Unknown PROBE_B_VARIANT=skeleton
1771408492934509008 PROBE_B_END program=low
1771408493137196326 R2_IDLE_C seconds=30 actions=B_SKELETON
1771408523139037118 SKIP_PROBE_C seconds=60
