1769726512586190321 C1_BASELINE_START
1769726572588083798 C1_BASELINE_END
1769726572591174249 C1_INTERVENTION_START
1769726752594676779 C1_INTERVENTION_END
1769726752595343403 C1_RECOVERY_R1_START
1769726932597018997 C1_RECOVERY_R1_END
1769726932598054980 C1_RECOVERY_R2_START
1769726992602235425 R2_PROBE_A_START
1769727052857419475 R2_PROBE_A_END
1769727085757887192 R2_PROBE_B_START
1769727145018312142 R2_PROBE_B_END
1769727175021947430 R2_PROBE_C_START
1769727235289463348 R2_PROBE_C_END
1769727235290549982 C1_RECOVERY_R2_END
1769727235291615949 C1_POSTBASELINE_START
1769727295293560505 C1_POSTBASELINE_END
1769727295295920026 C2_BASELINE_START
1769727355297911450 C2_BASELINE_END
1769727355301209198 C2_INTERVENTION_START
1769727535305346357 C2_INTERVENTION_END
1769727535306464406 C2_RECOVERY_R1_START
1769727715308426908 C2_RECOVERY_R1_END
1769727715309636093 C2_RECOVERY_R2_START
1769727775313883229 R2_PROBE_A_START
1769727835530562501 R2_PROBE_A_END
1769727865535019404 R2_PROBE_B_START
1769727925017471031 R2_PROBE_B_END
1769727955020967933 R2_PROBE_C_START
1769728015292224278 R2_PROBE_C_END
1769728015293367684 C2_RECOVERY_R2_END
1769728015294448978 C2_POSTBASELINE_START
1769728075296440054 C2_POSTBASELINE_END
1769728075298771653 C3_BASELINE_START
1769728135300786933 C3_BASELINE_END
1769728135306321042 C3_INTERVENTION_START
1769728315311240121 C3_INTERVENTION_END
1769728315312334730 C3_RECOVERY_R1_START
1769728495314221042 C3_RECOVERY_R1_END
1769728495315299768 C3_RECOVERY_R2_START
1769728555319720645 R2_PROBE_A_START
1769728615579514294 R2_PROBE_A_END
1769728645584063961 R2_PROBE_B_START
1769728705015014082 R2_PROBE_B_END
1769728735018738836 R2_PROBE_C_START
1769728795293592407 R2_PROBE_C_END
1769728795294740994 C3_RECOVERY_R2_END
1769728795295878284 C3_POSTBASELINE_START
1769728855297866650 C3_POSTBASELINE_END
