1772177974393410600 C1_BASELINE_START
1772178034395347231 C1_BASELINE_END
1772178034398486495 C1_INTERVENTION_START
1772178214402839077 C1_INTERVENTION_END
1772178214403705449 C1_RECOVERY_R1_START
1772178394405867854 C1_RECOVERY_R1_END
1772178394406953652 C1_RECOVERY_R2_START
1772178694192855743 C1_RECOVERY_R2_END
1772178694193752949 C1_POSTBASELINE_START
1772178754195571171 C1_POSTBASELINE_END
1772178754197770267 C2_BASELINE_START
1772178814199671225 C2_BASELINE_END
1772178814202874916 C2_INTERVENTION_START
1772178994207565268 C2_INTERVENTION_END
1772178994208447844 C2_RECOVERY_R1_START
1772179174210253621 C2_RECOVERY_R1_END
1772179174211228790 C2_RECOVERY_R2_START
1772179474192248773 C2_RECOVERY_R2_END
1772179474193220366 C2_POSTBASELINE_START
1772179534195083519 C2_POSTBASELINE_END
1772179534197316021 C3_BASELINE_START
1772179594199258996 C3_BASELINE_END
1772179594202552035 C3_INTERVENTION_START
1772179774206925129 C3_INTERVENTION_END
1772179774207848389 C3_RECOVERY_R1_START
1772179954209615103 C3_RECOVERY_R1_END
1772179954210612641 C3_RECOVERY_R2_START
1772180254235404241 C3_RECOVERY_R2_END
1772180254236384538 C3_POSTBASELINE_START
1772180314238319993 C3_POSTBASELINE_END
