1770394915143919069 R2_IDLE_A seconds=60
1770394975147986112 PROBE_A_START program=LOW
1770394975160993878 PROBE_A_END program=LOW
1770394975363872014 PROBE_A_START program=LOW
1770394975376099167 PROBE_A_END program=LOW
1770394975578962081 PROBE_A_START program=LOW
1770394975591235827 PROBE_A_END program=LOW
1770394975794133333 PROBE_A_START program=LOW
1770394975807340099 PROBE_A_END program=LOW
1770394976010180550 PROBE_A_START program=LOW
1770394976022367963 PROBE_A_END program=LOW
1770394976225207654 PROBE_A_START program=LOW
1770394976238284438 PROBE_A_END program=LOW
1770394976441131019 PROBE_A_START program=LOW
1770394976453254839 PROBE_A_END program=LOW
1770394976656123474 PROBE_A_START program=LOW
1770394976668332609 PROBE_A_END program=LOW
1770394976871175523 PROBE_A_START program=LOW
1770394976884277011 PROBE_A_END program=LOW
1770394977087109128 PROBE_A_START program=LOW
1770394977099245430 PROBE_A_END program=LOW
1770394977302088806 PROBE_A_START program=LOW
1770394977315104609 PROBE_A_END program=LOW
1770394977517966578 PROBE_A_START program=LOW
1770394977531046085 PROBE_A_END program=LOW
1770394977734054629 PROBE_A_START program=LOW
1770394977747981489 PROBE_A_END program=LOW
1770394977950822366 PROBE_A_START program=LOW
1770394977962950834 PROBE_A_END program=LOW
1770394978165832303 PROBE_A_START program=LOW
1770394978178824736 PROBE_A_END program=LOW
1770394978381673445 PROBE_A_START program=LOW
1770394978394614434 PROBE_A_END program=LOW
1770394978597431180 PROBE_A_START program=LOW
1770394978610547410 PROBE_A_END program=LOW
1770394978813401008 PROBE_A_START program=LOW
1770394978826432200 PROBE_A_END program=LOW
1770394979029276021 PROBE_A_START program=LOW
1770394979042324454 PROBE_A_END program=LOW
1770394979245189182 PROBE_A_START program=LOW
1770394979257381688 PROBE_A_END program=LOW
1770394979460210972 PROBE_A_START program=LOW
1770394979473964202 PROBE_A_END program=LOW
1770394979676788060 PROBE_A_START program=LOW
1770394979689157473 PROBE_A_END program=LOW
1770394979891999924 PROBE_A_START program=LOW
1770394979904250836 PROBE_A_END program=LOW
1770394980107058787 PROBE_A_START program=LOW
1770394980119232533 PROBE_A_END program=LOW
1770394980322085002 PROBE_A_START program=LOW
1770394980334220507 PROBE_A_END program=LOW
1770394980537060457 PROBE_A_START program=LOW
1770394980549261018 PROBE_A_END program=LOW
1770394980752109006 PROBE_A_START program=LOW
1770394980765219235 PROBE_A_END program=LOW
1770394980968062445 PROBE_A_START program=LOW
1770394980980265506 PROBE_A_END program=LOW
1770394981183088604 PROBE_A_START program=LOW
1770394981196358704 PROBE_A_END program=LOW
1770394981399186747 PROBE_A_START program=LOW
1770394981412179199 PROBE_A_END program=LOW
1770394981614945575 PROBE_A_START program=LOW
1770394981627047562 PROBE_A_END program=LOW
1770394981829909142 PROBE_A_START program=LOW
1770394981842047110 PROBE_A_END program=LOW
1770394982044901153 PROBE_A_START program=LOW
1770394982057925197 PROBE_A_END program=LOW
1770394982260683018 PROBE_A_START program=LOW
1770394982272437170 PROBE_A_END program=LOW
1770394982475146713 PROBE_A_START program=LOW
1770394982486942847 PROBE_A_END program=LOW
1770394982689778335 PROBE_A_START program=LOW
1770394982701894507 PROBE_A_END program=LOW
1770394982904649327 PROBE_A_START program=LOW
1770394982916297054 PROBE_A_END program=LOW
1770394983119069652 PROBE_A_START program=LOW
1770394983131269583 PROBE_A_END program=LOW
1770394983334137886 PROBE_A_START program=LOW
1770394983347289727 PROBE_A_END program=LOW
1770394983550162214 PROBE_A_START program=LOW
1770394983562334645 PROBE_A_END program=LOW
1770394983765236263 PROBE_A_START program=LOW
1770394983777358045 PROBE_A_END program=LOW
1770394983980217811 PROBE_A_START program=LOW
1770394983992328612 PROBE_A_END program=LOW
1770394984195159359 PROBE_A_START program=LOW
1770394984207397568 PROBE_A_END program=LOW
1770394984410297426 PROBE_A_START program=LOW
1770394984423437322 PROBE_A_END program=LOW
1770394984626395069 PROBE_A_START program=LOW
1770394984638550241 PROBE_A_END program=LOW
1770394984841430840 PROBE_A_START program=LOW
1770394984854500384 PROBE_A_END program=LOW
1770394985057400872 PROBE_A_START program=LOW
1770394985070501119 PROBE_A_END program=LOW
1770394985273566496 PROBE_A_START program=LOW
1770394985286319632 PROBE_A_END program=LOW
1770394985489209120 PROBE_A_START program=LOW
1770394985502303090 PROBE_A_END program=LOW
1770394985705177170 PROBE_A_START program=LOW
1770394985718200844 PROBE_A_END program=LOW
1770394985921099368 PROBE_A_START program=LOW
1770394985934198727 PROBE_A_END program=LOW
1770394986137131974 PROBE_A_START program=LOW
1770394986150298704 PROBE_A_END program=LOW
1770394986353186173 PROBE_A_START program=LOW
1770394986365406437 PROBE_A_END program=LOW
1770394986568347036 PROBE_A_START program=LOW
1770394986580594227 PROBE_A_END program=LOW
1770394986783537937 PROBE_A_START program=LOW
1770394986795776757 PROBE_A_END program=LOW
1770394986998687560 PROBE_A_START program=LOW
1770394987012655031 PROBE_A_END program=LOW
1770394987215536408 PROBE_A_START program=LOW
1770394987228708156 PROBE_A_END program=LOW
1770394987431604125 PROBE_A_START program=LOW
1770394987444801077 PROBE_A_END program=LOW
1770394987647746768 PROBE_A_START program=LOW
1770394987660803294 PROBE_A_END program=LOW
1770394987863690078 PROBE_A_START program=LOW
1770394987876918270 PROBE_A_END program=LOW
1770394988079827961 PROBE_A_START program=LOW
1770394988092011541 PROBE_A_END program=LOW
1770394988294924677 PROBE_A_START program=LOW
1770394988307990813 PROBE_A_END program=LOW
1770394988510931320 PROBE_A_START program=LOW
1770394988523120936 PROBE_A_END program=LOW
1770394988726040109 PROBE_A_START program=LOW
1770394988739179857 PROBE_A_END program=LOW
1770394988942134622 PROBE_A_START program=LOW
1770394988955888723 PROBE_A_END program=LOW
1770394989158726340 PROBE_A_START program=LOW
1770394989170361604 PROBE_A_END program=LOW
1770394989373299684 PROBE_A_START program=LOW
1770394989385555486 PROBE_A_END program=LOW
1770394989588403640 PROBE_A_START program=LOW
1770394989600938405 PROBE_A_END program=LOW
1770394989803825578 PROBE_A_START program=LOW
1770394989815956750 PROBE_A_END program=LOW
1770394990018892886 PROBE_A_START program=LOW
1770394990031080114 PROBE_A_END program=LOW
1770394990234011287 PROBE_A_START program=LOW
1770394990247178312 PROBE_A_END program=LOW
1770394990450066522 PROBE_A_START program=LOW
1770394990464412754 PROBE_A_END program=LOW
1770394990667298871 PROBE_A_START program=LOW
1770394990681119361 PROBE_A_END program=LOW
1770394990884063090 PROBE_A_START program=LOW
1770394990896351558 PROBE_A_END program=LOW
1770394991099254101 PROBE_A_START program=LOW
1770394991111352977 PROBE_A_END program=LOW
1770394991314187798 PROBE_A_START program=LOW
1770394991325859839 PROBE_A_END program=LOW
1770394991528735271 PROBE_A_START program=LOW
1770394991541017406 PROBE_A_END program=LOW
1770394991743902024 PROBE_A_START program=LOW
1770394991756059918 PROBE_A_END program=LOW
1770394991959002146 PROBE_A_START program=LOW
1770394991971224985 PROBE_A_END program=LOW
1770394992174194491 PROBE_A_START program=LOW
1770394992186272552 PROBE_A_END program=LOW
1770394992389175206 PROBE_A_START program=LOW
1770394992402312232 PROBE_A_END program=LOW
1770394992605254127 PROBE_A_START program=LOW
1770394992618398745 PROBE_A_END program=LOW
1770394992821315770 PROBE_A_START program=LOW
1770394992833541035 PROBE_A_END program=LOW
1770394993036596078 PROBE_A_START program=LOW
1770394993048708806 PROBE_A_END program=LOW
1770394993251569534 PROBE_A_START program=LOW
1770394993263707317 PROBE_A_END program=LOW
1770394993466537008 PROBE_A_START program=LOW
1770394993479828442 PROBE_A_END program=LOW
1770394993682695652 PROBE_A_START program=LOW
1770394993694842916 PROBE_A_END program=LOW
1770394993897703144 PROBE_A_START program=LOW
1770394993909902576 PROBE_A_END program=LOW
1770394994112785804 PROBE_A_START program=LOW
1770394994125818348 PROBE_A_END program=LOW
1770394994328669447 PROBE_A_START program=LOW
1770394994342787419 PROBE_A_END program=LOW
1770394994545744703 PROBE_A_START program=LOW
1770394994557911301 PROBE_A_END program=LOW
1770394994760809844 PROBE_A_START program=LOW
1770394994772935720 PROBE_A_END program=LOW
1770394994975789078 PROBE_A_START program=LOW
1770394994988778362 PROBE_A_END program=LOW
1770394995191639591 PROBE_A_START program=LOW
1770394995204787394 PROBE_A_END program=LOW
1770394995407653715 PROBE_A_START program=LOW
1770394995419813128 PROBE_A_END program=LOW
1770394995622665300 PROBE_A_START program=LOW
1770394995634864472 PROBE_A_END program=LOW
1770394995837759442 PROBE_A_START program=LOW
1770394995850836486 PROBE_A_END program=LOW
1770394996053714881 PROBE_A_START program=LOW
1770394996066709351 PROBE_A_END program=LOW
1770394996269614153 PROBE_A_START program=LOW
1770394996283701958 PROBE_A_END program=LOW
1770394996486506965 PROBE_A_START program=LOW
1770394996498522951 PROBE_A_END program=LOW
1770394996701381383 PROBE_A_START program=LOW
1770394996714370649 PROBE_A_END program=LOW
1770394996917231581 PROBE_A_START program=LOW
1770394996930274792 PROBE_A_END program=LOW
1770394997133128205 PROBE_A_START program=LOW
1770394997145249896 PROBE_A_END program=LOW
1770394997348103161 PROBE_A_START program=LOW
1770394997361106613 PROBE_A_END program=LOW
1770394997563977600 PROBE_A_START program=LOW
1770394997576124698 PROBE_A_END program=LOW
1770394997778970704 PROBE_A_START program=LOW
1770394997791026450 PROBE_A_END program=LOW
1770394997993883512 PROBE_A_START program=LOW
1770394998006803741 PROBE_A_END program=LOW
1770394998209760284 PROBE_A_START program=LOW
1770394998223765126 PROBE_A_END program=LOW
1770394998426592521 PROBE_A_START program=LOW
1770394998438784230 PROBE_A_END program=LOW
1770394998641650403 PROBE_A_START program=LOW
1770394998654551928 PROBE_A_END program=LOW
1770394998857408601 PROBE_A_START program=LOW
1770394998870415886 PROBE_A_END program=LOW
1770394999073268910 PROBE_A_START program=LOW
1770394999086287065 PROBE_A_END program=LOW
1770394999289181850 PROBE_A_START program=LOW
1770394999301397262 PROBE_A_END program=LOW
1770394999504198787 PROBE_A_START program=LOW
1770394999517320812 PROBE_A_END program=LOW
1770394999720176874 PROBE_A_START program=LOW
1770394999732319083 PROBE_A_END program=LOW
1770394999935156812 PROBE_A_START program=LOW
1770394999948241356 PROBE_A_END program=LOW
1770395000151182084 PROBE_A_START program=LOW
1770395000163378293 PROBE_A_END program=LOW
1770395000366250633 PROBE_A_START program=LOW
1770395000379205362 PROBE_A_END program=LOW
1770395000582048886 PROBE_A_START program=LOW
1770395000595207357 PROBE_A_END program=LOW
1770395000798076474 PROBE_A_START program=LOW
1770395000811087092 PROBE_A_END program=LOW
1770395001013953802 PROBE_A_START program=LOW
1770395001027007661 PROBE_A_END program=LOW
1770395001229874334 PROBE_A_START program=LOW
1770395001242828951 PROBE_A_END program=LOW
1770395001445689810 PROBE_A_START program=LOW
1770395001458754298 PROBE_A_END program=LOW
1770395001661634767 PROBE_A_START program=LOW
1770395001674810478 PROBE_A_END program=LOW
1770395001877871003 PROBE_A_START program=LOW
1770395001891725530 PROBE_A_END program=LOW
1770395002094569999 PROBE_A_START program=LOW
1770395002107677377 PROBE_A_END program=LOW
1770395002310500420 PROBE_A_START program=LOW
1770395002323585594 PROBE_A_END program=LOW
1770395002526439100 PROBE_A_START program=LOW
1770395002539447866 PROBE_A_END program=LOW
1770395002742315502 PROBE_A_START program=LOW
1770395002755350638 PROBE_A_END program=LOW
1770395002958218348 PROBE_A_START program=LOW
1770395002971263522 PROBE_A_END program=LOW
1770395003174120139 PROBE_A_START program=LOW
1770395003186307015 PROBE_A_END program=LOW
1770395003389136669 PROBE_A_START program=LOW
1770395003401358267 PROBE_A_END program=LOW
1770395003604221514 PROBE_A_START program=LOW
1770395003617963282 PROBE_A_END program=LOW
1770395003820794029 PROBE_A_START program=LOW
1770395003832925182 PROBE_A_END program=LOW
1770395004035787596 PROBE_A_START program=LOW
1770395004048857028 PROBE_A_END program=LOW
1770395004251687812 PROBE_A_START program=LOW
1770395004264755375 PROBE_A_END program=LOW
1770395004467595937 PROBE_A_START program=LOW
1770395004480687388 PROBE_A_END program=LOW
1770395004683551413 PROBE_A_START program=LOW
1770395004695692344 PROBE_A_END program=LOW
1770395004898531202 PROBE_A_START program=LOW
1770395004911560376 PROBE_A_END program=LOW
1770395005114409752 PROBE_A_START program=LOW
1770395005127313981 PROBE_A_END program=LOW
1770395005330231025 PROBE_A_START program=LOW
1770395005342349030 PROBE_A_END program=LOW
1770395005545447055 PROBE_A_START program=LOW
1770395005559252341 PROBE_A_END program=LOW
1770395005762196366 PROBE_A_START program=LOW
1770395005775176484 PROBE_A_END program=LOW
1770395005978092250 PROBE_A_START program=LOW
1770395005991271294 PROBE_A_END program=LOW
1770395006194198411 PROBE_A_START program=LOW
1770395006206377491 PROBE_A_END program=LOW
1770395006409272293 PROBE_A_START program=LOW
1770395006421464613 PROBE_A_END program=LOW
1770395006624387583 PROBE_A_START program=LOW
1770395006637512145 PROBE_A_END program=LOW
1770395006840413448 PROBE_A_START program=LOW
1770395006852469675 PROBE_A_END program=LOW
1770395007055369145 PROBE_A_START program=LOW
1770395007068404503 PROBE_A_END program=LOW
1770395007271282954 PROBE_A_START program=LOW
1770395007284287294 PROBE_A_END program=LOW
1770395007487172652 PROBE_A_START program=LOW
1770395007499398176 PROBE_A_END program=LOW
1770395007702390238 PROBE_A_START program=LOW
1770395007714594225 PROBE_A_END program=LOW
1770395007917482305 PROBE_A_START program=LOW
1770395007929812404 PROBE_A_END program=LOW
1770395008132737632 PROBE_A_START program=LOW
1770395008145795195 PROBE_A_END program=LOW
1770395008348747812 PROBE_A_START program=LOW
1770395008361787801 PROBE_A_END program=LOW
1770395008564676492 PROBE_A_START program=LOW
1770395008576835349 PROBE_A_END program=LOW
1770395008779727430 PROBE_A_START program=LOW
1770395008791997676 PROBE_A_END program=LOW
1770395008994953053 PROBE_A_START program=LOW
1770395009007151780 PROBE_A_END program=LOW
1770395009210080176 PROBE_A_START program=LOW
1770395009223979610 PROBE_A_END program=LOW
1770395009426884079 PROBE_A_START program=LOW
1770395009439988309 PROBE_A_END program=LOW
1770395009642946408 PROBE_A_START program=LOW
1770395009656180100 PROBE_A_END program=LOW
1770395009859050310 PROBE_A_START program=LOW
1770395009872243132 PROBE_A_END program=LOW
1770395010075132564 PROBE_A_START program=LOW
1770395010088259831 PROBE_A_END program=LOW
1770395010291226041 PROBE_A_START program=LOW
1770395010304289955 PROBE_A_END program=LOW
1770395010507192388 PROBE_A_START program=LOW
1770395010521491749 PROBE_A_END program=LOW
1770395010724763275 PROBE_A_START program=LOW
1770395010737913726 PROBE_A_END program=LOW
1770395010940778436 PROBE_A_START program=LOW
1770395010954804389 PROBE_A_END program=LOW
1770395011157635544 PROBE_A_START program=LOW
1770395011169768160 PROBE_A_END program=LOW
1770395011372625851 PROBE_A_START program=LOW
1770395011384718542 PROBE_A_END program=LOW
1770395011587568567 PROBE_A_START program=LOW
1770395011600584796 PROBE_A_END program=LOW
1770395011803440728 PROBE_A_START program=LOW
1770395011816501050 PROBE_A_END program=LOW
1770395012019358204 PROBE_A_START program=LOW
1770395012032382415 PROBE_A_END program=LOW
1770395012235215476 PROBE_A_START program=LOW
1770395012247379833 PROBE_A_END program=LOW
1770395012450239266 PROBE_A_START program=LOW
1770395012463242365 PROBE_A_END program=LOW
1770395012666111760 PROBE_A_START program=LOW
1770395012679893046 PROBE_A_END program=LOW
1770395012882853201 PROBE_A_START program=LOW
1770395012895054910 PROBE_A_END program=LOW
1770395013097950583 PROBE_A_START program=LOW
1770395013110922942 PROBE_A_END program=LOW
1770395013313766504 PROBE_A_START program=LOW
1770395013325931305 PROBE_A_END program=LOW
1770395013528814923 PROBE_A_START program=LOW
1770395013542104652 PROBE_A_END program=LOW
1770395013744988770 PROBE_A_START program=LOW
1770395013758126295 PROBE_A_END program=LOW
1770395013961000079 PROBE_A_START program=LOW
1770395013973931438 PROBE_A_END program=LOW
1770395014176770815 PROBE_A_START program=LOW
1770395014189690673 PROBE_A_END program=LOW
1770395014392548142 PROBE_A_START program=LOW
1770395014405613094 PROBE_A_END program=LOW
1770395014608485470 PROBE_A_START program=LOW
1770395014621389588 PROBE_A_END program=LOW
1770395014824232409 PROBE_A_START program=LOW
1770395014836382081 PROBE_A_END program=LOW
1770395015039305588 PROBE_A_START program=LOW
1770395015051534500 PROBE_A_END program=LOW
1770395015254441173 PROBE_A_START program=LOW
1770395015267529255 PROBE_A_END program=LOW
1770395015470430150 PROBE_A_START program=LOW
1770395015483692472 PROBE_A_END program=LOW
1770395015686675849 PROBE_A_START program=LOW
1770395015699761782 PROBE_A_END program=LOW
1770395015902638825 PROBE_A_START program=LOW
1770395015915745795 PROBE_A_END program=LOW
1770395016118649061 PROBE_A_START program=LOW
1770395016131842809 PROBE_A_END program=LOW
1770395016334769815 PROBE_A_START program=LOW
1770395016347633359 PROBE_A_END program=LOW
1770395016550494180 PROBE_A_START program=LOW
1770395016563627428 PROBE_A_END program=LOW
1770395016766550823 PROBE_A_START program=LOW
1770395016778738884 PROBE_A_END program=LOW
1770395016981661150 PROBE_A_START program=LOW
1770395016994862824 PROBE_A_END program=LOW
1770395017197753663 PROBE_A_START program=LOW
1770395017210912800 PROBE_A_END program=LOW
1770395017413812158 PROBE_A_START program=LOW
1770395017425982904 PROBE_A_END program=LOW
1770395017628918763 PROBE_A_START program=LOW
1770395017641912603 PROBE_A_END program=LOW
1770395017844846202 PROBE_A_START program=LOW
1770395017857897209 PROBE_A_END program=LOW
1770395018060809215 PROBE_A_START program=LOW
1770395018074032871 PROBE_A_END program=LOW
1770395018277012544 PROBE_A_START program=LOW
1770395018290497959 PROBE_A_END program=LOW
1770395018493420540 PROBE_A_START program=LOW
1770395018506376232 PROBE_A_END program=LOW
1770395018709287368 PROBE_A_START program=LOW
1770395018721431799 PROBE_A_END program=LOW
1770395018924388102 PROBE_A_START program=LOW
1770395018937437923 PROBE_A_END program=LOW
1770395019140389634 PROBE_A_START program=LOW
1770395019153476178 PROBE_A_END program=LOW
1770395019356391073 PROBE_A_START program=LOW
1770395019369410672 PROBE_A_END program=LOW
1770395019572309253 PROBE_A_START program=LOW
1770395019585302297 PROBE_A_END program=LOW
1770395019788293377 PROBE_A_START program=LOW
1770395019800450771 PROBE_A_END program=LOW
1770395020003380056 PROBE_A_START program=LOW
1770395020016363303 PROBE_A_END program=LOW
1770395020219281754 PROBE_A_START program=LOW
1770395020232306872 PROBE_A_END program=LOW
1770395020435250157 PROBE_A_START program=LOW
1770395020448312441 PROBE_A_END program=LOW
1770395020651229318 PROBE_A_START program=LOW
1770395020663363175 PROBE_A_END program=LOW
1770395020866290311 PROBE_A_START program=LOW
1770395020879299133 PROBE_A_END program=LOW
1770395021082230639 PROBE_A_START program=LOW
1770395021094426459 PROBE_A_END program=LOW
1770395021297326021 PROBE_A_START program=LOW
1770395021310442732 PROBE_A_END program=LOW
1770395021513386979 PROBE_A_START program=LOW
1770395021525623151 PROBE_A_END program=LOW
1770395021728436361 PROBE_A_START program=LOW
1770395021741474276 PROBE_A_END program=LOW
1770395021944483412 PROBE_A_START program=LOW
1770395021957571197 PROBE_A_END program=LOW
1770395022160554444 PROBE_A_START program=LOW
1770395022173508654 PROBE_A_END program=LOW
1770395022376339198 PROBE_A_START program=LOW
1770395022389010926 PROBE_A_END program=LOW
1770395022591886914 PROBE_A_START program=LOW
1770395022604952699 PROBE_A_END program=LOW
1770395022807867113 PROBE_A_START program=LOW
1770395022820040210 PROBE_A_END program=LOW
1770395023022956513 PROBE_A_START program=LOW
1770395023035258741 PROBE_A_END program=LOW
1770395023238108507 PROBE_A_START program=LOW
1770395023250295586 PROBE_A_END program=LOW
1770395023453054462 PROBE_A_START program=LOW
1770395023464806856 PROBE_A_END program=LOW
1770395023667742177 PROBE_A_START program=LOW
1770395023681593334 PROBE_A_END program=LOW
1770395023884424136 PROBE_A_START program=LOW
1770395023896628938 PROBE_A_END program=LOW
1770395024099587518 PROBE_A_START program=LOW
1770395024112600044 PROBE_A_END program=LOW
1770395024315428884 PROBE_A_START program=LOW
1770395024327111777 PROBE_A_END program=LOW
1770395024529913413 PROBE_A_START program=LOW
1770395024541665102 PROBE_A_END program=LOW
1770395024744523572 PROBE_A_START program=LOW
1770395024757610504 PROBE_A_END program=LOW
1770395024960591456 PROBE_A_START program=LOW
1770395024972735164 PROBE_A_END program=LOW
1770395025175616523 PROBE_A_START program=LOW
1770395025187837491 PROBE_A_END program=LOW
1770395025390745368 PROBE_A_START program=LOW
1770395025402908892 PROBE_A_END program=LOW
1770395025606067287 PROBE_A_START program=LOW
1770395025619793184 PROBE_A_END program=LOW
1770395025822652339 PROBE_A_START program=LOW
1770395025835363790 PROBE_A_END program=LOW
1770395026038119333 PROBE_A_START program=LOW
1770395026050736783 PROBE_A_END program=LOW
1770395026253577308 PROBE_A_START program=LOW
1770395026266866501 PROBE_A_END program=LOW
1770395026469628544 PROBE_A_START program=LOW
1770395026482340995 PROBE_A_END program=LOW
1770395026685169983 PROBE_A_START program=LOW
1770395026698241304 PROBE_A_END program=LOW
1770395026901128052 PROBE_A_START program=LOW
1770395026913370779 PROBE_A_END program=LOW
1770395027116221674 PROBE_A_START program=LOW
1770395027128369865 PROBE_A_END program=LOW
1770395027331184445 PROBE_A_START program=LOW
1770395027344093489 PROBE_A_END program=LOW
1770395027546860903 PROBE_A_START program=LOW
1770395027559963576 PROBE_A_END program=LOW
1770395027762794583 PROBE_A_START program=LOW
1770395027775862275 PROBE_A_END program=LOW
1770395027978702448 PROBE_A_START program=LOW
1770395027990813360 PROBE_A_END program=LOW
1770395028193660626 PROBE_A_START program=LOW
1770395028205865742 PROBE_A_END program=LOW
1770395028408717249 PROBE_A_START program=LOW
1770395028421885589 PROBE_A_END program=LOW
1770395028624748910 PROBE_A_START program=LOW
1770395028636887656 PROBE_A_END program=LOW
1770395028839741014 PROBE_A_START program=LOW
1770395028851960835 PROBE_A_END program=LOW
1770395029054810711 PROBE_A_START program=LOW
1770395029066934679 PROBE_A_END program=LOW
1770395029269796223 PROBE_A_START program=LOW
1770395029282910137 PROBE_A_END program=LOW
1770395029485743144 PROBE_A_START program=LOW
1770395029497947779 PROBE_A_END program=LOW
1770395029700783100 PROBE_A_START program=LOW
1770395029712985735 PROBE_A_END program=LOW
1770395029915817445 PROBE_A_START program=LOW
1770395029928870285 PROBE_A_END program=LOW
1770395030131716791 PROBE_A_START program=LOW
1770395030144737057 PROBE_A_END program=LOW
1770395030347572934 PROBE_A_START program=LOW
1770395030360604793 PROBE_A_END program=LOW
1770395030563431577 PROBE_A_START program=LOW
1770395030575722305 PROBE_A_END program=LOW
1770395030778573293 PROBE_A_START program=LOW
1770395030790679464 PROBE_A_END program=LOW
1770395030993527674 PROBE_A_START program=LOW
1770395031005688680 PROBE_A_END program=LOW
1770395031208531427 PROBE_A_START program=LOW
1770395031221552730 PROBE_A_END program=LOW
1770395031424404810 PROBE_A_START program=LOW
1770395031436620686 PROBE_A_END program=LOW
1770395031639439544 PROBE_A_START program=LOW
1770395031652536755 PROBE_A_END program=LOW
1770395031855387835 PROBE_A_START program=LOW
1770395031867566730 PROBE_A_END program=LOW
1770395032070447162 PROBE_A_START program=LOW
1770395032083544447 PROBE_A_END program=LOW
1770395032286414472 PROBE_A_START program=LOW
1770395032298530032 PROBE_A_END program=LOW
1770395032501392650 PROBE_A_START program=LOW
1770395032514591342 PROBE_A_END program=LOW
1770395032717470349 PROBE_A_START program=LOW
1770395032730597819 PROBE_A_END program=LOW
1770395032933426992 PROBE_A_START program=LOW
1770395032946977963 PROBE_A_END program=LOW
1770395033150111173 PROBE_A_START program=LOW
1770395033162248012 PROBE_A_END program=LOW
1770395033365091018 PROBE_A_START program=LOW
1770395033378148673 PROBE_A_END program=LOW
1770395033580979291 PROBE_A_START program=LOW
1770395033593137944 PROBE_A_END program=LOW
1770395033796065580 PROBE_A_START program=LOW
1770395033809006143 PROBE_A_END program=LOW
1770395034011880594 PROBE_A_START program=LOW
1770395034024027006 PROBE_A_END program=LOW
1770395034226886513 PROBE_A_START program=LOW
1770395034239014869 PROBE_A_END program=LOW
1770395034441907006 PROBE_A_START program=LOW
1770395034454116622 PROBE_A_END program=LOW
1770395034656972462 PROBE_A_START program=LOW
1770395034669231430 PROBE_A_END program=LOW
1770395034872098196 PROBE_A_START program=LOW
1770395034885894260 PROBE_A_END program=LOW
1770395035088644433 R2_IDLE_B seconds=30
1770395065092500749 PROBE_B_START program=LOW
1770395065128531505 PROBE_B_END program=LOW
1770395065331383474 PROBE_B_START program=LOW
1770395065368480176 PROBE_B_END program=LOW
1770395065571315275 PROBE_B_START program=LOW
1770395065607292883 PROBE_B_END program=LOW
1770395065810096723 PROBE_B_START program=LOW
1770395065846300682 PROBE_B_END program=LOW
1770395066049134855 PROBE_B_START program=LOW
1770395066084612554 PROBE_B_END program=LOW
1770395066287458301 PROBE_B_START program=LOW
1770395066390644632 PROBE_B_END program=LOW
1770395066593495028 PROBE_B_START program=LOW
1770395066687802637 PROBE_B_END program=LOW
1770395066890597792 PROBE_B_START program=LOW
1770395067003668161 PROBE_B_END program=LOW
1770395067206470704 PROBE_B_START program=LOW
1770395067316496530 PROBE_B_END program=LOW
1770395067519260814 PROBE_B_START program=LOW
1770395067781906234 PROBE_B_END program=LOW
1770395067984760888 PROBE_B_START program=LOW
1770395068060516332 PROBE_B_END program=LOW
1770395068263355728 PROBE_B_START program=LOW
1770395068300159466 PROBE_B_END program=LOW
1770395068503010214 PROBE_B_START program=LOW
1770395068536105685 PROBE_B_END program=LOW
1770395068738995562 PROBE_B_START program=LOW
1770395068772300090 PROBE_B_END program=LOW
1770395068975135115 PROBE_B_START program=LOW
1770395069008979422 PROBE_B_END program=LOW
1770395069211791595 PROBE_B_START program=LOW
1770395069243131305 PROBE_B_END program=LOW
1770395069445996608 PROBE_B_START program=LOW
1770395069479103691 PROBE_B_END program=LOW
1770395069681960660 PROBE_B_START program=LOW
1770395069715175040 PROBE_B_END program=LOW
1770395069917974787 PROBE_B_START program=LOW
1770395069952032279 PROBE_B_END program=LOW
1770395070154893749 PROBE_B_START program=LOW
1770395070186234810 PROBE_B_END program=LOW
1770395070389097409 PROBE_B_START program=LOW
1770395070422499882 PROBE_B_END program=LOW
1770395070625295944 PROBE_B_START program=LOW
1770395070658635046 PROBE_B_END program=LOW
1770395070861459682 PROBE_B_START program=LOW
1770395070895361693 PROBE_B_END program=LOW
1770395071098226570 PROBE_B_START program=LOW
1770395071236675432 PROBE_B_END program=LOW
1770395071439563531 PROBE_B_START program=LOW
1770395071521220283 PROBE_B_END program=LOW
1770395071724177031 PROBE_B_START program=LOW
1770395071811807146 PROBE_B_END program=LOW
1770395072014676468 PROBE_B_START program=LOW
1770395072102395139 PROBE_B_END program=LOW
1770395072305235553 PROBE_B_START program=LOW
1770395072390612164 PROBE_B_END program=LOW
1770395072593471244 PROBE_B_START program=LOW
1770395072671340822 PROBE_B_END program=LOW
1770395072874218681 PROBE_B_START program=LOW
1770395072961019294 PROBE_B_END program=LOW
1770395073164003079 PROBE_B_START program=LOW
1770395073249448005 PROBE_B_END program=LOW
1770395073452430512 PROBE_B_START program=LOW
1770395073533630411 PROBE_B_END program=LOW
1770395073736496584 PROBE_B_START program=LOW
1770395073818547318 PROBE_B_END program=LOW
1770395074021353102 PROBE_B_START program=LOW
1770395074080065569 PROBE_B_END program=LOW
1770395074282906816 PROBE_B_START program=LOW
1770395074316989290 PROBE_B_END program=LOW
1770395074519845204 PROBE_B_START program=LOW
1770395074553917400 PROBE_B_END program=LOW
1770395074756813388 PROBE_B_START program=LOW
1770395074849690069 PROBE_B_END program=LOW
1770395075052486409 PROBE_B_START program=LOW
1770395075134965663 PROBE_B_END program=LOW
1770395075337760040 PROBE_B_START program=LOW
1770395075423925671 PROBE_B_END program=LOW
1770395075626757085 PROBE_B_START program=LOW
1770395075716498278 PROBE_B_END program=LOW
1770395075919339118 PROBE_B_START program=LOW
1770395076014639045 PROBE_B_END program=LOW
1770395076217440162 PROBE_B_START program=LOW
1770395076444652939 PROBE_B_END program=LOW
1770395076647475075 PROBE_B_START program=LOW
1770395076683920979 PROBE_B_END program=LOW
1770395076886801301 PROBE_B_START program=LOW
1770395076920767015 PROBE_B_END program=LOW
1770395077123586262 PROBE_B_START program=LOW
1770395077157592069 PROBE_B_END program=LOW
1770395077360450687 PROBE_B_START program=LOW
1770395077395914627 PROBE_B_END program=LOW
1770395077598797782 PROBE_B_START program=LOW
1770395077631965902 PROBE_B_END program=LOW
1770395077834731223 PROBE_B_START program=LOW
1770395077868545085 PROBE_B_END program=LOW
1770395078071409333 PROBE_B_START program=LOW
1770395078105200713 PROBE_B_END program=LOW
1770395078307948942 PROBE_B_START program=LOW
1770395078413691537 PROBE_B_END program=LOW
1770395078616511766 PROBE_B_START program=LOW
1770395078699928632 PROBE_B_END program=LOW
1770395078902700954 PROBE_B_START program=LOW
1770395078985382726 PROBE_B_END program=LOW
1770395079188195751 PROBE_B_START program=LOW
1770395079271997359 PROBE_B_END program=LOW
1770395079474773828 PROBE_B_START program=LOW
1770395079559013345 PROBE_B_END program=LOW
1770395079761905203 PROBE_B_START program=LOW
1770395079822653433 PROBE_B_END program=LOW
1770395080025488847 PROBE_B_START program=LOW
1770395080060128044 PROBE_B_END program=LOW
1770395080262929902 PROBE_B_START program=LOW
1770395080298495953 PROBE_B_END program=LOW
1770395080501289645 PROBE_B_START program=LOW
1770395080534935414 PROBE_B_END program=LOW
1770395080737810217 PROBE_B_START program=LOW
1770395080771654783 PROBE_B_END program=LOW
1770395080974488494 PROBE_B_START program=LOW
1770395081010146600 PROBE_B_END program=LOW
1770395081212922403 PROBE_B_START program=LOW
1770395081248917140 PROBE_B_END program=LOW
1770395081451752813 PROBE_B_START program=LOW
1770395081489960665 PROBE_B_END program=LOW
1770395081692822672 PROBE_B_START program=LOW
1770395081788546655 PROBE_B_END program=LOW
1770395081991353958 PROBE_B_START program=LOW
1770395082077364163 PROBE_B_END program=LOW
1770395082280319058 PROBE_B_START program=LOW
1770395082363396609 PROBE_B_END program=LOW
1770395082566282172 PROBE_B_START program=LOW
1770395082649661168 PROBE_B_END program=LOW
1770395082852511859 PROBE_B_START program=LOW
1770395082937601803 PROBE_B_END program=LOW
1770395083140528791 PROBE_B_START program=LOW
1770395083195824473 PROBE_B_END program=LOW
1770395083398740573 PROBE_B_START program=LOW
1770395083434328920 PROBE_B_END program=LOW
1770395083637485649 PROBE_B_START program=LOW
1770395083671609549 PROBE_B_END program=LOW
1770395083874571075 PROBE_B_START program=LOW
1770395083910437793 PROBE_B_END program=LOW
1770395084113383077 PROBE_B_START program=LOW
1770395084147206051 PROBE_B_END program=LOW
1770395084350189298 PROBE_B_START program=LOW
1770395084384353847 PROBE_B_END program=LOW
1770395084587338039 PROBE_B_START program=LOW
1770395084633695962 PROBE_B_END program=LOW
1770395084836667988 PROBE_B_START program=LOW
1770395084872034335 PROBE_B_END program=LOW
1770395085074927545 PROBE_B_START program=LOW
1770395085169521674 PROBE_B_END program=LOW
1770395085372387292 PROBE_B_START program=LOW
1770395085455777047 PROBE_B_END program=LOW
1770395085658719461 PROBE_B_START program=LOW
1770395085741189141 PROBE_B_END program=LOW
1770395085944135203 PROBE_B_START program=LOW
1770395086032860617 PROBE_B_END program=LOW
1770395086235794235 PROBE_B_START program=LOW
1770395086327347728 PROBE_B_END program=LOW
1770395086530255216 PROBE_B_START program=LOW
1770395086590990483 PROBE_B_END program=LOW
1770395086794024638 PROBE_B_START program=LOW
1770395086828365298 PROBE_B_END program=LOW
1770395087031215508 PROBE_B_START program=LOW
1770395087066680040 PROBE_B_END program=LOW
1770395087269546917 PROBE_B_START program=LOW
1770395087303335039 PROBE_B_END program=LOW
1770395087506429916 PROBE_B_START program=LOW
1770395087540687817 PROBE_B_END program=LOW
1770395087743622823 PROBE_B_START program=LOW
1770395087780841933 PROBE_B_END program=LOW
1770395087983811070 PROBE_B_START program=LOW
1770395088017602135 PROBE_B_END program=LOW
1770395088220683976 PROBE_B_START program=LOW
1770395088254867024 PROBE_B_END program=LOW
1770395088457772827 PROBE_B_START program=LOW
1770395088554071404 PROBE_B_END program=LOW
1770395088756947225 PROBE_B_START program=LOW
1770395089020927296 PROBE_B_END program=LOW
1770395089223888506 PROBE_B_START program=LOW
1770395089309172599 PROBE_B_END program=LOW
1770395089512082754 PROBE_B_START program=LOW
1770395089595471342 PROBE_B_END program=LOW
1770395089798325516 PROBE_B_START program=LOW
1770395089882237327 PROBE_B_END program=LOW
1770395090085121927 PROBE_B_START program=LOW
1770395090146606528 PROBE_B_END program=LOW
1770395090349495016 PROBE_B_START program=LOW
1770395090384849641 PROBE_B_END program=LOW
1770395090587744537 PROBE_B_START program=LOW
1770395090621646269 PROBE_B_END program=LOW
1770395090824544776 PROBE_B_START program=LOW
1770395090858462027 PROBE_B_END program=LOW
1770395091061356127 PROBE_B_START program=LOW
1770395091095092841 PROBE_B_END program=LOW
1770395091297949162 PROBE_B_START program=LOW
1770395091333503195 PROBE_B_END program=LOW
1770395091536489516 PROBE_B_START program=LOW
1770395091570291842 PROBE_B_END program=LOW
1770395091773307738 PROBE_B_START program=LOW
1770395091808757529 PROBE_B_END program=LOW
1770395092011669943 PROBE_B_START program=LOW
1770395092204164393 PROBE_B_END program=LOW
1770395092407015529 PROBE_B_START program=LOW
1770395092494907830 PROBE_B_END program=LOW
1770395092697854578 PROBE_B_START program=LOW
1770395092785400785 PROBE_B_END program=LOW
1770395092988341885 PROBE_B_START program=LOW
1770395093073430829 PROBE_B_END program=LOW
1770395093276337854 PROBE_B_START program=LOW
1770395093371161243 PROBE_B_END program=LOW
1770395093574077842 PROBE_B_START program=LOW
1770395093661819309 PROBE_B_END program=LOW
1770395093864670872 PROBE_B_START program=LOW
1770395093957981165 PROBE_B_END program=LOW
1770395094160835505 PROBE_B_START program=LOW
1770395094255955376 PROBE_B_END program=LOW
1770395094458782956 PROBE_B_START program=LOW
1770395094538566093 PROBE_B_END program=LOW
1770395094741482193 PROBE_B_START program=LOW
1770395094821938739 PROBE_B_END program=LOW
1770395095024824227 PROBE_B_START program=LOW
1770395095059234461 PROBE_B_END program=LOW
1770395095262234116 PROBE_B_START program=LOW
1770395095300101930 PROBE_B_END program=LOW
1770395095503012197 PROBE_B_START program=LOW
1770395095537150134 PROBE_B_END program=LOW
1770395095740069381 PROBE_B_START program=LOW
1770395095836674514 PROBE_B_END program=LOW
1770395096039630706 PROBE_B_START program=LOW
1770395096125532985 PROBE_B_END program=LOW
1770395096328404955 PROBE_B_START program=LOW
1770395096400833281 PROBE_B_END program=LOW
1770395096603717084 PROBE_B_START program=LOW
1770395096676199300 PROBE_B_END program=LOW
1770395096879177825 PROBE_B_START program=LOW
1770395096950414594 PROBE_B_END program=LOW
1770395097153308249 PROBE_B_START program=LOW
1770395097206130852 PROBE_B_END program=LOW
1770395097408969358 PROBE_B_START program=LOW
1770395097466580860 PROBE_B_END program=LOW
1770395097669473626 PROBE_B_START program=LOW
1770395097725671643 PROBE_B_END program=LOW
1770395097928567187 PROBE_B_START program=LOW
1770395097969303081 PROBE_B_END program=LOW
1770395098172199143 PROBE_B_START program=LOW
1770395098268205701 PROBE_B_END program=LOW
1770395098471042096 PROBE_B_START program=LOW
1770395098633400654 PROBE_B_END program=LOW
1770395098836335235 PROBE_B_START program=LOW
1770395098941862737 PROBE_B_END program=LOW
1770395099144914466 PROBE_B_START program=LOW
1770395099241998415 PROBE_B_END program=LOW
1770395099444998589 PROBE_B_START program=LOW
1770395099705379948 PROBE_B_END program=LOW
1770395099908310048 PROBE_B_START program=LOW
1770395099961605744 PROBE_B_END program=LOW
1770395100164499529 PROBE_B_START program=LOW
1770395100220298286 PROBE_B_END program=LOW
1770395100423274886 PROBE_B_START program=LOW
1770395100478614253 PROBE_B_END program=LOW
1770395100681559926 PROBE_B_START program=LOW
1770395100739971985 PROBE_B_END program=LOW
1770395100942888418 PROBE_B_START program=LOW
1770395100998179544 PROBE_B_END program=LOW
1770395101201142292 PROBE_B_START program=LOW
1770395101255235582 PROBE_B_END program=LOW
1770395101458116386 PROBE_B_START program=LOW
1770395101494499679 PROBE_B_END program=LOW
1770395101697379278 PROBE_B_START program=LOW
1770395101730677324 PROBE_B_END program=LOW
1770395101933573146 PROBE_B_START program=LOW
1770395101970593441 PROBE_B_END program=LOW
1770395102173571781 PROBE_B_START program=LOW
1770395102274464570 PROBE_B_END program=LOW
1770395102477362355 PROBE_B_START program=LOW
1770395102554321153 PROBE_B_END program=LOW
1770395102757236975 PROBE_B_START program=LOW
1770395102833848013 PROBE_B_END program=LOW
1770395103036801835 PROBE_B_START program=LOW
1770395103118052697 PROBE_B_END program=LOW
1770395103320926500 PROBE_B_START program=LOW
1770395103382657732 PROBE_B_END program=LOW
1770395103585681424 PROBE_B_START program=LOW
1770395103638110082 PROBE_B_END program=LOW
1770395103841055885 PROBE_B_START program=LOW
1770395103896651753 PROBE_B_END program=LOW
1770395104099551186 PROBE_B_START program=LOW
1770395104155000146 PROBE_B_END program=LOW
1770395104357891634 PROBE_B_START program=LOW
1770395104413818521 PROBE_B_END program=LOW
1770395104616690213 PROBE_B_START program=LOW
1770395104650560834 PROBE_B_END program=LOW
1770395104853394452 PROBE_B_START program=LOW
1770395104889106189 PROBE_B_END program=LOW
1770395105092015288 PROBE_B_START program=LOW
1770395105126347929 PROBE_B_END program=LOW
1770395105329116621 PROBE_B_START program=LOW
1770395105364299319 PROBE_B_END program=LOW
1770395105567190919 PROBE_B_START program=LOW
1770395105661998511 PROBE_B_END program=LOW
1770395105864866314 PROBE_B_START program=LOW
1770395105948424959 PROBE_B_END program=LOW
1770395106151267132 PROBE_B_START program=LOW
1770395106237056429 PROBE_B_END program=LOW
1770395106439959325 PROBE_B_START program=LOW
1770395106511697687 PROBE_B_END program=LOW
1770395106714549342 PROBE_B_START program=LOW
1770395106778178170 PROBE_B_END program=LOW
1770395106981035528 PROBE_B_START program=LOW
1770395107035846839 PROBE_B_END program=LOW
1770395107238792068 PROBE_B_START program=LOW
1770395107292749247 PROBE_B_END program=LOW
1770395107495656440 PROBE_B_START program=LOW
1770395107549374970 PROBE_B_END program=LOW
1770395107752367496 PROBE_B_START program=LOW
1770395107851318355 PROBE_B_END program=LOW
1770395108054218862 PROBE_B_START program=LOW
1770395108115999872 PROBE_B_END program=LOW
1770395108318828490 PROBE_B_START program=LOW
1770395108377845753 PROBE_B_END program=LOW
1770395108581204705 PROBE_B_START program=LOW
1770395108636319498 PROBE_B_END program=LOW
1770395108839309097 PROBE_B_START program=LOW
1770395108898166657 PROBE_B_END program=LOW
1770395109101001349 PROBE_B_START program=LOW
1770395109162046838 PROBE_B_END program=LOW
1770395109364930364 PROBE_B_START program=LOW
1770395109421862456 PROBE_B_END program=LOW
1770395109624675833 PROBE_B_START program=LOW
1770395109685288488 PROBE_B_END program=LOW
1770395109888292884 PROBE_B_START program=LOW
1770395110130078523 PROBE_B_END program=LOW
1770395110333041770 PROBE_B_START program=LOW
1770395110389816492 PROBE_B_END program=LOW
1770395110592674462 PROBE_B_START program=LOW
1770395110645614769 PROBE_B_END program=LOW
1770395110848513517 PROBE_B_START program=LOW
1770395110904372848 PROBE_B_END program=LOW
1770395111107254021 PROBE_B_START program=LOW
1770395111143803519 PROBE_B_END program=LOW
1770395111346788841 PROBE_B_START program=LOW
1770395111452880010 PROBE_B_END program=LOW
1770395111655744147 PROBE_B_START program=LOW
1770395111728393381 PROBE_B_END program=LOW
1770395111931303518 PROBE_B_START program=LOW
1770395111988263647 PROBE_B_END program=LOW
1770395112191182191 PROBE_B_START program=LOW
1770395112247794987 PROBE_B_END program=LOW
1770395112450668124 PROBE_B_START program=LOW
1770395112505035878 PROBE_B_END program=LOW
1770395112708007644 PROBE_B_START program=LOW
1770395112766040683 PROBE_B_END program=LOW
1770395112968875875 PROBE_B_START program=LOW
1770395113026888303 PROBE_B_END program=LOW
1770395113229825792 PROBE_B_START program=LOW
1770395113283429341 PROBE_B_END program=LOW
1770395113486283977 PROBE_B_START program=LOW
1770395113541767678 PROBE_B_END program=LOW
1770395113744712463 PROBE_B_START program=LOW
1770395113799244347 PROBE_B_END program=LOW
1770395114002051631 PROBE_B_START program=LOW
1770395114058601705 PROBE_B_END program=LOW
1770395114261475452 PROBE_B_START program=LOW
1770395114297495374 PROBE_B_END program=LOW
1770395114500450270 PROBE_B_START program=LOW
1770395114535869673 PROBE_B_END program=LOW
1770395114738842957 PROBE_B_START program=LOW
1770395114835166627 PROBE_B_END program=LOW
1770395115038030226 PROBE_B_START program=LOW
1770395115115441896 PROBE_B_END program=LOW
1770395115318314347 PROBE_B_START program=LOW
1770395115393113641 PROBE_B_END program=LOW
1770395115595953222 PROBE_B_START program=LOW
1770395115654085724 PROBE_B_END program=LOW
1770395115857002750 PROBE_B_START program=LOW
1770395115909079203 PROBE_B_END program=LOW
1770395116111866451 PROBE_B_START program=LOW
1770395116165600093 PROBE_B_END program=LOW
1770395116368447414 PROBE_B_START program=LOW
1770395116422297630 PROBE_B_END program=LOW
1770395116625226008 PROBE_B_START program=LOW
1770395116679002557 PROBE_B_END program=LOW
1770395116881886138 PROBE_B_START program=LOW
1770395116936026929 PROBE_B_END program=LOW
1770395117138796880 PROBE_B_START program=LOW
1770395117193135116 PROBE_B_END program=LOW
1770395117396014085 PROBE_B_START program=LOW
1770395117434103567 PROBE_B_END program=LOW
1770395117637031093 PROBE_B_START program=LOW
1770395117672558810 PROBE_B_END program=LOW
1770395117875436502 PROBE_B_START program=LOW
1770395117909013586 PROBE_B_END program=LOW
1770395118111874852 PROBE_B_START program=LOW
1770395118209018523 PROBE_B_END program=LOW
1770395118411911790 PROBE_B_START program=LOW
1770395118486019508 PROBE_B_END program=LOW
1770395118688892182 PROBE_B_START program=LOW
1770395118766062610 PROBE_B_END program=LOW
1770395118968941098 PROBE_B_START program=LOW
1770395119051400926 PROBE_B_END program=LOW
1770395119254353618 PROBE_B_START program=LOW
1770395119313033492 PROBE_B_END program=LOW
1770395119515864740 PROBE_B_START program=LOW
1770395119572699591 PROBE_B_END program=LOW
1770395119775542357 PROBE_B_START program=LOW
1770395119832171264 PROBE_B_END program=LOW
1770395120035063308 PROBE_B_START program=LOW
1770395120093160847 PROBE_B_END program=LOW
1770395120296043873 PROBE_B_START program=LOW
1770395120528108955 PROBE_B_END program=LOW
1770395120731072906 PROBE_B_START program=LOW
1770395120769602648 PROBE_B_END program=LOW
1770395120972688489 PROBE_B_START program=LOW
1770395121011246879 PROBE_B_END program=LOW
1770395121214189127 PROBE_B_START program=LOW
1770395121248246545 PROBE_B_END program=LOW
1770395121451104478 PROBE_B_START program=LOW
1770395121485031303 PROBE_B_END program=LOW
1770395121688099125 PROBE_B_START program=LOW
1770395121784586462 PROBE_B_END program=LOW
1770395121987407894 PROBE_B_START program=LOW
1770395122071591077 PROBE_B_END program=LOW
1770395122274465584 PROBE_B_START program=LOW
1770395122347149133 PROBE_B_END program=LOW
1770395122549992603 PROBE_B_START program=LOW
1770395122625067250 PROBE_B_END program=LOW
1770395122827864886 PROBE_B_START program=LOW
1770395122893988663 PROBE_B_END program=LOW
1770395123096853114 PROBE_B_START program=LOW
1770395123151621758 PROBE_B_END program=LOW
1770395123354384339 PROBE_B_START program=LOW
1770395123413493343 PROBE_B_END program=LOW
1770395123616334054 PROBE_B_START program=LOW
1770395123669317009 PROBE_B_END program=LOW
1770395123872102738 PROBE_B_START program=LOW
1770395123910292646 PROBE_B_END program=LOW
1770395124113175968 PROBE_B_START program=LOW
1770395124148181666 PROBE_B_END program=LOW
1770395124350958246 PROBE_B_START program=LOW
1770395124384863424 PROBE_B_END program=LOW
1770395124587745060 PROBE_B_START program=LOW
1770395124622994721 PROBE_B_END program=LOW
1770395124825887043 PROBE_B_START program=LOW
1770395124863926025 PROBE_B_END program=LOW
1770395125066750365 R2_IDLE_C seconds=30
1770395155070710541 PROBE_C_START program=LOW
1770395155074201900 PROBE_C_END program=LOW
1770395155277016166 PROBE_C_START program=LOW
1770395155280446765 PROBE_C_END program=LOW
1770395155483305643 PROBE_C_START program=LOW
1770395155486744205 PROBE_C_END program=LOW
1770395155689629045 PROBE_C_START program=LOW
1770395155693124460 PROBE_C_END program=LOW
1770395155895938744 PROBE_C_START program=LOW
1770395155899376232 PROBE_C_END program=LOW
1770395156102217573 PROBE_C_START program=LOW
1770395156105695580 PROBE_C_END program=LOW
1770395156308560735 PROBE_C_START program=LOW
1770395156312024056 PROBE_C_END program=LOW
1770395156514843045 PROBE_C_START program=LOW
1770395156518337403 PROBE_C_END program=LOW
1770395156721189336 PROBE_C_START program=LOW
1770395156724668436 PROBE_C_END program=LOW
1770395156927534498 PROBE_C_START program=LOW
1770395156930978635 PROBE_C_END program=LOW
1770395157133835160 PROBE_C_START program=LOW
1770395157137307760 PROBE_C_END program=LOW
1770395157340147359 PROBE_C_START program=LOW
1770395157343618718 PROBE_C_END program=LOW
1770395157546465632 PROBE_C_START program=LOW
1770395157549951824 PROBE_C_END program=LOW
1770395157752785072 PROBE_C_START program=LOW
1770395157756253745 PROBE_C_END program=LOW
1770395157959108771 PROBE_C_START program=LOW
1770395157962589537 PROBE_C_END program=LOW
1770395158165418636 PROBE_C_START program=LOW
1770395158168906125 PROBE_C_END program=LOW
1770395158371751724 PROBE_C_START program=LOW
1770395158375201101 PROBE_C_END program=LOW
1770395158578017849 PROBE_C_START program=LOW
1770395158581512541 PROBE_C_END program=LOW
1770395158784292289 PROBE_C_START program=LOW
1770395158787784981 PROBE_C_END program=LOW
1770395158990612006 PROBE_C_START program=LOW
1770395158994077383 PROBE_C_END program=LOW
1770395159196925224 PROBE_C_START program=LOW
1770395159200383638 PROBE_C_END program=LOW
1770395159403242497 PROBE_C_START program=LOW
1770395159406718689 PROBE_C_END program=LOW
1770395159609567010 PROBE_C_START program=LOW
1770395159613054999 PROBE_C_END program=LOW
1770395159815878284 PROBE_C_START program=LOW
1770395159819317735 PROBE_C_END program=LOW
1770395160022247705 PROBE_C_START program=LOW
1770395160025760045 PROBE_C_END program=LOW
1770395160228635737 PROBE_C_START program=LOW
1770395160232069781 PROBE_C_END program=LOW
1770395160434909473 PROBE_C_START program=LOW
1770395160438390610 PROBE_C_END program=LOW
1770395160641219413 PROBE_C_START program=LOW
1770395160644702438 PROBE_C_END program=LOW
1770395160847578797 PROBE_C_START program=LOW
1770395160851052822 PROBE_C_END program=LOW
1770395161053915978 PROBE_C_START program=LOW
1770395161057333929 PROBE_C_END program=LOW
1770395161260127269 PROBE_C_START program=LOW
1770395161263618813 PROBE_C_END program=LOW
1770395161466467246 PROBE_C_START program=LOW
1770395161469950604 PROBE_C_END program=LOW
1770395161672799686 PROBE_C_START program=LOW
1770395161676640767 PROBE_C_END program=LOW
1770395161879644071 PROBE_C_START program=LOW
1770395161883294485 PROBE_C_END program=LOW
1770395162086441937 PROBE_C_START program=LOW
1770395162089850592 PROBE_C_END program=LOW
1770395162292708914 PROBE_C_START program=LOW
1770395162296074939 PROBE_C_END program=LOW
1770395162498860927 PROBE_C_START program=LOW
1770395162502348045 PROBE_C_END program=LOW
1770395162705137830 PROBE_C_START program=LOW
1770395162708607726 PROBE_C_END program=LOW
1770395162911421714 PROBE_C_START program=LOW
1770395162914882425 PROBE_C_END program=LOW
1770395163117676080 PROBE_C_START program=LOW
1770395163121128568 PROBE_C_END program=LOW
1770395163323955797 PROBE_C_START program=LOW
1770395163327407137 PROBE_C_END program=LOW
1770395163530208496 PROBE_C_START program=LOW
1770395163533662984 PROBE_C_END program=LOW
1770395163736480158 PROBE_C_START program=LOW
1770395163739934183 PROBE_C_END program=LOW
1770395163942712505 PROBE_C_START program=LOW
1770395163946173863 PROBE_C_END program=LOW
1770395164149004222 PROBE_C_START program=LOW
1770395164152493173 PROBE_C_END program=LOW
1770395164355277977 PROBE_C_START program=LOW
1770395164358729761 PROBE_C_END program=LOW
1770395164561616805 PROBE_C_START program=LOW
1770395164565169516 PROBE_C_END program=LOW
1770395164768054986 PROBE_C_START program=LOW
1770395164771518826 PROBE_C_END program=LOW
1770395164974425704 PROBE_C_START program=LOW
1770395164977975210 PROBE_C_END program=LOW
1770395165180853440 PROBE_C_START program=LOW
1770395165184340798 PROBE_C_END program=LOW
1770395165387207657 PROBE_C_START program=LOW
1770395165390680183 PROBE_C_END program=LOW
1770395165593550005 PROBE_C_START program=LOW
1770395165597045697 PROBE_C_END program=LOW
1770395165799926185 PROBE_C_START program=LOW
1770395165803416988 PROBE_C_END program=LOW
1770395166006357847 PROBE_C_START program=LOW
1770395166009882762 PROBE_C_END program=LOW
1770395166212805232 PROBE_C_START program=LOW
1770395166216300239 PROBE_C_END program=LOW
1770395166419171857 PROBE_C_START program=LOW
1770395166422693956 PROBE_C_END program=LOW
1770395166625583037 PROBE_C_START program=LOW
1770395166629126322 PROBE_C_END program=LOW
1770395166832007811 PROBE_C_START program=LOW
1770395166835509910 PROBE_C_END program=LOW
1770395167038386732 PROBE_C_START program=LOW
1770395167041895943 PROBE_C_END program=LOW
1770395167244800746 PROBE_C_START program=LOW
1770395167248315790 PROBE_C_END program=LOW
1770395167451189241 PROBE_C_START program=LOW
1770395167454703008 PROBE_C_END program=LOW
1770395167657630311 PROBE_C_START program=LOW
1770395167661165355 PROBE_C_END program=LOW
1770395167864041751 PROBE_C_START program=LOW
1770395167867562054 PROBE_C_END program=LOW
1770395168070739562 PROBE_C_START program=LOW
1770395168074380736 PROBE_C_END program=LOW
1770395168277264391 PROBE_C_START program=LOW
1770395168280758861 PROBE_C_END program=LOW
1770395168483697405 PROBE_C_START program=LOW
1770395168487186690 PROBE_C_END program=LOW
1770395168690065474 PROBE_C_START program=LOW
1770395168693593185 PROBE_C_END program=LOW
1770395168896500340 PROBE_C_START program=LOW
1770395168899996366 PROBE_C_END program=LOW
1770395169102861725 PROBE_C_START program=LOW
1770395169106578195 PROBE_C_END program=LOW
1770395169309730369 PROBE_C_START program=LOW
1770395169313240394 PROBE_C_END program=LOW
1770395169516176791 PROBE_C_START program=LOW
1770395169519738223 PROBE_C_END program=LOW
1770395169722606990 PROBE_C_START program=LOW
1770395169726106052 PROBE_C_END program=LOW
1770395169929030671 PROBE_C_START program=LOW
1770395169932518251 PROBE_C_END program=LOW
1770395170135396333 PROBE_C_START program=LOW
1770395170138872580 PROBE_C_END program=LOW
1770395170341735643 PROBE_C_START program=LOW
1770395170345243687 PROBE_C_END program=LOW
1770395170548116675 PROBE_C_START program=LOW
1770395170551613330 PROBE_C_END program=LOW
1770395170754504374 PROBE_C_START program=LOW
1770395170758047881 PROBE_C_END program=LOW
1770395170960893407 PROBE_C_START program=LOW
1770395170964464691 PROBE_C_END program=LOW
1770395171167284162 PROBE_C_START program=LOW
1770395171170754002 PROBE_C_END program=LOW
1770395171373589342 PROBE_C_START program=LOW
1770395171377091571 PROBE_C_END program=LOW
1770395171579982263 PROBE_C_START program=LOW
1770395171583452066 PROBE_C_END program=LOW
1770395171786310907 PROBE_C_START program=LOW
1770395171789796543 PROBE_C_END program=LOW
1770395171992620050 PROBE_C_START program=LOW
1770395171996090131 PROBE_C_END program=LOW
1770395172198916638 PROBE_C_START program=LOW
1770395172202394238 PROBE_C_END program=LOW
1770395172405211356 PROBE_C_START program=LOW
1770395172408672177 PROBE_C_END program=LOW
1770395172611537610 PROBE_C_START program=LOW
1770395172614999950 PROBE_C_END program=LOW
1770395172817842680 PROBE_C_START program=LOW
1770395172821329297 PROBE_C_END program=LOW
1770395173024191842 PROBE_C_START program=LOW
1770395173027658645 PROBE_C_END program=LOW
1770395173230513096 PROBE_C_START program=LOW
1770395173233984603 PROBE_C_END program=LOW
1770395173436809332 PROBE_C_START program=LOW
1770395173440262876 PROBE_C_END program=LOW
1770395173643067661 PROBE_C_START program=LOW
1770395173646524445 PROBE_C_END program=LOW
1770395173849343508 PROBE_C_START program=LOW
1770395173852812866 PROBE_C_END program=LOW
1770395174055657244 PROBE_C_START program=LOW
1770395174059101251 PROBE_C_END program=LOW
1770395174261953776 PROBE_C_START program=LOW
1770395174265425339 PROBE_C_END program=LOW
1770395174468273272 PROBE_C_START program=LOW
1770395174471765649 PROBE_C_END program=LOW
1770395174674588434 PROBE_C_START program=LOW
1770395174678069551 PROBE_C_END program=LOW
1770395174880898651 PROBE_C_START program=LOW
1770395174884362417 PROBE_C_END program=LOW
1770395175087165943 PROBE_C_START program=LOW
1770395175091124228 PROBE_C_END program=LOW
1770395175294082865 PROBE_C_START program=LOW
1770395175297579539 PROBE_C_END program=LOW
1770395175500459305 PROBE_C_START program=LOW
1770395175503985164 PROBE_C_END program=LOW
1770395175706912282 PROBE_C_START program=LOW
1770395175710434048 PROBE_C_END program=LOW
1770395175913351555 PROBE_C_START program=LOW
1770395175916873877 PROBE_C_END program=LOW
1770395176119843977 PROBE_C_START program=LOW
1770395176123329724 PROBE_C_END program=LOW
1770395176326275306 PROBE_C_START program=LOW
1770395176329831665 PROBE_C_END program=LOW
1770395176532867172 PROBE_C_START program=LOW
1770395176536593679 PROBE_C_END program=LOW
1770395176739675891 PROBE_C_START program=LOW
1770395176743156657 PROBE_C_END program=LOW
1770395176946019701 PROBE_C_START program=LOW
1770395176949516411 PROBE_C_END program=LOW
1770395177152417141 PROBE_C_START program=LOW
1770395177155916648 PROBE_C_END program=LOW
1770395177358800414 PROBE_C_START program=LOW
1770395177362308032 PROBE_C_END program=LOW
1770395177565230206 PROBE_C_START program=LOW
1770395177568732546 PROBE_C_END program=LOW
1770395177771654090 PROBE_C_START program=LOW
1770395177775162227 PROBE_C_END program=LOW
1770395177978057363 PROBE_C_START program=LOW
1770395177981569593 PROBE_C_END program=LOW
1770395178184499692 PROBE_C_START program=LOW
1770395178188009736 PROBE_C_END program=LOW
1770395178390894669 PROBE_C_START program=LOW
1770395178394433010 PROBE_C_END program=LOW
1770395178597290239 PROBE_C_START program=LOW
1770395178600821116 PROBE_C_END program=LOW
1770395178803701846 PROBE_C_START program=LOW
1770395178807184426 PROBE_C_END program=LOW
1770395179010085841 PROBE_C_START program=LOW
1770395179013627940 PROBE_C_END program=LOW
1770395179216571077 PROBE_C_START program=LOW
1770395179220083825 PROBE_C_END program=LOW
1770395179422991517 PROBE_C_START program=LOW
1770395179426486561 PROBE_C_END program=LOW
1770395179629369605 PROBE_C_START program=LOW
1770395179632883020 PROBE_C_END program=LOW
1770395179835765157 PROBE_C_START program=LOW
1770395179839268293 PROBE_C_END program=LOW
1770395180042124096 PROBE_C_START program=LOW
1770395180045621233 PROBE_C_END program=LOW
1770395180248554610 PROBE_C_START program=LOW
1770395180252101858 PROBE_C_END program=LOW
1770395180454957402 PROBE_C_START program=LOW
1770395180458484576 PROBE_C_END program=LOW
1770395180661331898 PROBE_C_START program=LOW
1770395180664818979 PROBE_C_END program=LOW
1770395180867705227 PROBE_C_START program=LOW
1770395180871197011 PROBE_C_END program=LOW
1770395181074073981 PROBE_C_START program=LOW
1770395181077574803 PROBE_C_END program=LOW
1770395181280467773 PROBE_C_START program=LOW
1770395181283974187 PROBE_C_END program=LOW
1770395181486902417 PROBE_C_START program=LOW
1770395181490445442 PROBE_C_END program=LOW
1770395181693403524 PROBE_C_START program=LOW
1770395181696884623 PROBE_C_END program=LOW
1770395181899789408 PROBE_C_START program=LOW
1770395181903283933 PROBE_C_END program=LOW
1770395182106196144 PROBE_C_START program=LOW
1770395182109735207 PROBE_C_END program=LOW
1770395182312660288 PROBE_C_START program=LOW
1770395182316140591 PROBE_C_END program=LOW
1770395182519024339 PROBE_C_START program=LOW
1770395182522573772 PROBE_C_END program=LOW
1770395182725487483 PROBE_C_START program=LOW
1770395182729028082 PROBE_C_END program=LOW
1770395182931913052 PROBE_C_START program=LOW
1770395182935386356 PROBE_C_END program=LOW
1770395183138344789 PROBE_C_START program=LOW
1770395183141841166 PROBE_C_END program=LOW
1770395183344800396 PROBE_C_START program=LOW
1770395183348295106 PROBE_C_END program=LOW
1770395183551184465 PROBE_C_START program=LOW
1770395183554694490 PROBE_C_END program=LOW
1770395183757667313 PROBE_C_START program=LOW
1770395183761654561 PROBE_C_END program=LOW
1770395183964792624 PROBE_C_START program=LOW
1770395183968383446 PROBE_C_END program=LOW
1770395184171274916 PROBE_C_START program=LOW
1770395184174792886 PROBE_C_END program=LOW
1770395184377671838 PROBE_C_START program=LOW
1770395184381174363 PROBE_C_END program=LOW
1770395184584037759 PROBE_C_START program=LOW
1770395184587505655 PROBE_C_END program=LOW
1770395184790394755 PROBE_C_START program=LOW
1770395184793899910 PROBE_C_END program=LOW
1770395184996783657 PROBE_C_START program=LOW
1770395185000268664 PROBE_C_END program=LOW
1770395185203172338 PROBE_C_START program=LOW
1770395185206650419 PROBE_C_END program=LOW
1770395185409559389 PROBE_C_START program=LOW
1770395185413085396 PROBE_C_END program=LOW
1770395185615975459 PROBE_C_START program=LOW
1770395185619456095 PROBE_C_END program=LOW
1770395185822351547 PROBE_C_START program=LOW
1770395185825872794 PROBE_C_END program=LOW
1770395186028760061 PROBE_C_START program=LOW
1770395186032294920 PROBE_C_END program=LOW
1770395186235250742 PROBE_C_START program=LOW
1770395186238754175 PROBE_C_END program=LOW
1770395186441616867 PROBE_C_START program=LOW
1770395186445154300 PROBE_C_END program=LOW
1770395186648039122 PROBE_C_START program=LOW
1770395186651562129 PROBE_C_END program=LOW
1770395186854449247 PROBE_C_START program=LOW
1770395186857978384 PROBE_C_END program=LOW
1770395187060839761 PROBE_C_START program=LOW
1770395187064359194 PROBE_C_END program=LOW
1770395187267249331 PROBE_C_START program=LOW
1770395187270705097 PROBE_C_END program=LOW
1770395187473573622 PROBE_C_START program=LOW
1770395187477111463 PROBE_C_END program=LOW
1770395187680027081 PROBE_C_START program=LOW
1770395187683538143 PROBE_C_END program=LOW
1770395187886446669 PROBE_C_START program=LOW
1770395187889975139 PROBE_C_END program=LOW
1770395188092917591 PROBE_C_START program=LOW
1770395188096466635 PROBE_C_END program=LOW
1770395188299409679 PROBE_C_START program=LOW
1770395188302908834 PROBE_C_END program=LOW
1770395188505785212 PROBE_C_START program=LOW
1770395188509328348 PROBE_C_END program=LOW
1770395188712250541 PROBE_C_START program=LOW
1770395188715733455 PROBE_C_END program=LOW
1770395188918647555 PROBE_C_START program=LOW
1770395188922154061 PROBE_C_END program=LOW
1770395189125050606 PROBE_C_START program=LOW
1770395189128570724 PROBE_C_END program=LOW
1770395189331436805 PROBE_C_START program=LOW
1770395189334951071 PROBE_C_END program=LOW
1770395189537822152 PROBE_C_START program=LOW
1770395189541374844 PROBE_C_END program=LOW
1770395189744285481 PROBE_C_START program=LOW
1770395189747792025 PROBE_C_END program=LOW
1770395189950696144 PROBE_C_START program=LOW
1770395189954209354 PROBE_C_END program=LOW
1770395190157156510 PROBE_C_START program=LOW
1770395190160652535 PROBE_C_END program=LOW
1770395190363545376 PROBE_C_START program=LOW
1770395190367022290 PROBE_C_END program=LOW
1770395190569928260 PROBE_C_START program=LOW
1770395190573436545 PROBE_C_END program=LOW
1770395190776333274 PROBE_C_START program=LOW
1770395190779848373 PROBE_C_END program=LOW
1770395190982741010 PROBE_C_START program=LOW
1770395190986418684 PROBE_C_END program=LOW
1770395191189481747 PROBE_C_START program=LOW
1770395191193347755 PROBE_C_END program=LOW
1770395191396287058 PROBE_C_START program=LOW
1770395191399811306 PROBE_C_END program=LOW
1770395191602576239 PROBE_C_START program=LOW
1770395191606028486 PROBE_C_END program=LOW
1770395191808888790 PROBE_C_START program=LOW
1770395191812380130 PROBE_C_END program=LOW
1770395192015196804 PROBE_C_START program=LOW
1770395192018641403 PROBE_C_END program=LOW
1770395192221483817 PROBE_C_START program=LOW
1770395192225014269 PROBE_C_END program=LOW
1770395192427882109 PROBE_C_START program=LOW
1770395192431299468 PROBE_C_END program=LOW
1770395192634103605 PROBE_C_START program=LOW
1770395192637628686 PROBE_C_END program=LOW
1770395192840465915 PROBE_C_START program=LOW
1770395192843886533 PROBE_C_END program=LOW
1770395193046665817 PROBE_C_START program=LOW
1770395193050130213 PROBE_C_END program=LOW
1770395193252994294 PROBE_C_START program=LOW
1770395193256488560 PROBE_C_END program=LOW
1770395193459291660 PROBE_C_START program=LOW
1770395193462718685 PROBE_C_END program=LOW
1770395193665522859 PROBE_C_START program=LOW
1770395193668956347 PROBE_C_END program=LOW
1770395193871825669 PROBE_C_START program=LOW
1770395193875301676 PROBE_C_END program=LOW
1770395194078106683 PROBE_C_START program=LOW
1770395194081589060 PROBE_C_END program=LOW
1770395194284433308 PROBE_C_START program=LOW
1770395194287887778 PROBE_C_END program=LOW
1770395194490682211 PROBE_C_START program=LOW
1770395194494190570 PROBE_C_END program=LOW
1770395194697004003 PROBE_C_START program=LOW
1770395194700478694 PROBE_C_END program=LOW
1770395194903274201 PROBE_C_START program=LOW
1770395194906732375 PROBE_C_END program=LOW
1770395195109576104 PROBE_C_START program=LOW
1770395195113062907 PROBE_C_END program=LOW
1770395195315950322 PROBE_C_START program=LOW
1770395195319411681 PROBE_C_END program=LOW
1770395195522321003 PROBE_C_START program=LOW
1770395195525810602 PROBE_C_END program=LOW
1770395195728655072 PROBE_C_START program=LOW
1770395195732143172 PROBE_C_END program=LOW
1770395195934972216 PROBE_C_START program=LOW
1770395195938451852 PROBE_C_END program=LOW
1770395196141274378 PROBE_C_START program=LOW
1770395196144736403 PROBE_C_END program=LOW
1770395196347600373 PROBE_C_START program=LOW
1770395196351060436 PROBE_C_END program=LOW
1770395196553906183 PROBE_C_START program=LOW
1770395196557429116 PROBE_C_END program=LOW
1770395196760213846 PROBE_C_START program=LOW
1770395196763691704 PROBE_C_END program=LOW
1770395196966522211 PROBE_C_START program=LOW
1770395196969988329 PROBE_C_END program=LOW
1770395197172848262 PROBE_C_START program=LOW
1770395197176328788 PROBE_C_END program=LOW
1770395197379221591 PROBE_C_START program=LOW
1770395197382695209 PROBE_C_END program=LOW
1770395197585603587 PROBE_C_START program=LOW
1770395197589125482 PROBE_C_END program=LOW
1770395197792037693 PROBE_C_START program=LOW
1770395197795513256 PROBE_C_END program=LOW
1770395197998435522 PROBE_C_START program=LOW
1770395198001957733 PROBE_C_END program=LOW
1770395198204941037 PROBE_C_START program=LOW
1770395198208456118 PROBE_C_END program=LOW
1770395198411322292 PROBE_C_START program=LOW
1770395198414808465 PROBE_C_END program=LOW
1770395198617669935 PROBE_C_START program=LOW
1770395198621201609 PROBE_C_END program=LOW
1770395198824161838 PROBE_C_START program=LOW
1770395198827899197 PROBE_C_END program=LOW
1770395199030881631 PROBE_C_START program=LOW
1770395199034826768 PROBE_C_END program=LOW
1770395199237741035 PROBE_C_START program=LOW
1770395199241206412 PROBE_C_END program=LOW
1770395199444071012 PROBE_C_START program=LOW
1770395199447570500 PROBE_C_END program=LOW
1770395199650436822 PROBE_C_START program=LOW
1770395199653943699 PROBE_C_END program=LOW
1770395199856806410 PROBE_C_START program=LOW
1770395199860278009 PROBE_C_END program=LOW
1770395200063092257 PROBE_C_START program=LOW
1770395200066609764 PROBE_C_END program=LOW
1770395200269448197 PROBE_C_START program=LOW
1770395200272931667 PROBE_C_END program=LOW
1770395200475793248 PROBE_C_START program=LOW
1770395200479260866 PROBE_C_END program=LOW
1770395200682145355 PROBE_C_START program=LOW
1770395200685676973 PROBE_C_END program=LOW
1770395200888549036 PROBE_C_START program=LOW
1770395200892041042 PROBE_C_END program=LOW
1770395201094937642 PROBE_C_START program=LOW
1770395201098426816 PROBE_C_END program=LOW
1770395201301292138 PROBE_C_START program=LOW
1770395201304797015 PROBE_C_END program=LOW
1770395201507681596 PROBE_C_START program=LOW
1770395201511129436 PROBE_C_END program=LOW
1770395201714060907 PROBE_C_START program=LOW
1770395201717581950 PROBE_C_END program=LOW
1770395201920445273 PROBE_C_START program=LOW
1770395201923969835 PROBE_C_END program=LOW
1770395202126892101 PROBE_C_START program=LOW
1770395202130397460 PROBE_C_END program=LOW
1770395202333284949 PROBE_C_START program=LOW
1770395202336816160 PROBE_C_END program=LOW
1770395202539737074 PROBE_C_START program=LOW
1770395202543202600 PROBE_C_END program=LOW
1770395202746089699 PROBE_C_START program=LOW
1770395202749624021 PROBE_C_END program=LOW
1770395202952566214 PROBE_C_START program=LOW
1770395202956093332 PROBE_C_END program=LOW
1770395203158954191 PROBE_C_START program=LOW
1770395203162477920 PROBE_C_END program=LOW
1770395203365415094 PROBE_C_START program=LOW
1770395203368944045 PROBE_C_END program=LOW
1770395203571902775 PROBE_C_START program=LOW
1770395203575374578 PROBE_C_END program=LOW
1770395203778320567 PROBE_C_START program=LOW
1770395203781846296 PROBE_C_END program=LOW
1770395203984816192 PROBE_C_START program=LOW
1770395203988293588 PROBE_C_END program=LOW
1770395204191204947 PROBE_C_START program=LOW
1770395204194711917 PROBE_C_END program=LOW
1770395204397590795 PROBE_C_START program=LOW
1770395204401096098 PROBE_C_END program=LOW
1770395204604004920 PROBE_C_START program=LOW
1770395204607504649 PROBE_C_END program=LOW
1770395204810459749 PROBE_C_START program=LOW
1770395204813990774 PROBE_C_END program=LOW
1770395205016913726 PROBE_C_START program=LOW
1770395205020395548 PROBE_C_END program=LOW
1770395205223272740 PROBE_C_START program=LOW
1770395205226782932 PROBE_C_END program=LOW
1770395205429711921 PROBE_C_START program=LOW
1770395205433237669 PROBE_C_END program=LOW
1770395205636140768 PROBE_C_START program=LOW
1770395205639659257 PROBE_C_END program=LOW
1770395205842617672 PROBE_C_START program=LOW
1770395205846145956 PROBE_C_END program=LOW
1770395206049030945 PROBE_C_START program=LOW
1770395206052619193 PROBE_C_END program=LOW
1770395206255901071 PROBE_C_START program=LOW
1770395206259787208 PROBE_C_END program=LOW
1770395206462753290 PROBE_C_START program=LOW
1770395206466260260 PROBE_C_END program=LOW
1770395206669165915 PROBE_C_START program=LOW
1770395206672686422 PROBE_C_END program=LOW
1770395206875570077 PROBE_C_START program=LOW
1770395206879050269 PROBE_C_END program=LOW
1770395207081917517 PROBE_C_START program=LOW
1770395207085471117 PROBE_C_END program=LOW
1770395207288411235 PROBE_C_START program=LOW
1770395207291948168 PROBE_C_END program=LOW
1770395207494817138 PROBE_C_START program=LOW
1770395207498323627 PROBE_C_END program=LOW
1770395207701190838 PROBE_C_START program=LOW
1770395207704703733 PROBE_C_END program=LOW
1770395207907572815 PROBE_C_START program=LOW
1770395207911043266 PROBE_C_END program=LOW
1770395208113891532 PROBE_C_START program=LOW
1770395208117413076 PROBE_C_END program=LOW
1770395208320331861 PROBE_C_START program=LOW
1770395208323836609 PROBE_C_END program=LOW
1770395208526716524 PROBE_C_START program=LOW
1770395208530236179 PROBE_C_END program=LOW
1770395208733106649 PROBE_C_START program=LOW
1770395208736635026 PROBE_C_END program=LOW
1770395208939472348 PROBE_C_START program=LOW
1770395208942993281 PROBE_C_END program=LOW
1770395209145862788 PROBE_C_START program=LOW
1770395209149402925 PROBE_C_END program=LOW
1770395209352274080 PROBE_C_START program=LOW
1770395209355798513 PROBE_C_END program=LOW
1770395209558656224 PROBE_C_START program=LOW
1770395209562176120 PROBE_C_END program=LOW
1770395209765064164 PROBE_C_START program=LOW
1770395209768575504 PROBE_C_END program=LOW
1770395209971535919 PROBE_C_START program=LOW
1770395209974994722 PROBE_C_END program=LOW
1770395210177924563 PROBE_C_START program=LOW
1770395210181448384 PROBE_C_END program=LOW
1770395210384345169 PROBE_C_START program=LOW
1770395210387850084 PROBE_C_END program=LOW
1770395210590787202 PROBE_C_START program=LOW
1770395210594308413 PROBE_C_END program=LOW
1770395210797147976 PROBE_C_START program=LOW
1770395210800673890 PROBE_C_END program=LOW
1770395211003553453 PROBE_C_START program=LOW
1770395211007044441 PROBE_C_END program=LOW
1770395211209911763 PROBE_C_START program=LOW
1770395211213424400 PROBE_C_END program=LOW
1770395211416346703 PROBE_C_START program=LOW
1770395211419823043 PROBE_C_END program=LOW
1770395211622763680 PROBE_C_START program=LOW
1770395211626274280 PROBE_C_END program=LOW
1770395211829155269 PROBE_C_START program=LOW
1770395211832710535 PROBE_C_END program=LOW
1770395212035653301 PROBE_C_START program=LOW
1770395212039152197 PROBE_C_END program=LOW
1770395212242052279 PROBE_C_START program=LOW
1770395212245572304 PROBE_C_END program=LOW
1770395212448539330 PROBE_C_START program=LOW
1770395212452053818 PROBE_C_END program=LOW
1770395212654986418 PROBE_C_START program=LOW
1770395212658509981 PROBE_C_END program=LOW
1770395212861390525 PROBE_C_START program=LOW
1770395212864893161 PROBE_C_END program=LOW
1770395213067768391 PROBE_C_START program=LOW
1770395213071239157 PROBE_C_END program=LOW
1770395213274164294 PROBE_C_START program=LOW
1770395213277714356 PROBE_C_END program=LOW
1770395213480770660 PROBE_C_START program=LOW
1770395213484494390 PROBE_C_END program=LOW
1770395213687566009 PROBE_C_START program=LOW
1770395213691070349 PROBE_C_END program=LOW
1770395213893971838 PROBE_C_START program=LOW
1770395213897479307 PROBE_C_END program=LOW
1770395214100342518 PROBE_C_START program=LOW
1770395214103831562 PROBE_C_END program=LOW
1770395214306722607 PROBE_C_START program=LOW
1770395214310227724 PROBE_C_END program=LOW
1770395214513161954 PROBE_C_START program=LOW
1770395214516683405 PROBE_C_END program=LOW
1770395214719589005 PROBE_C_START program=LOW
1770395214723074549 PROBE_C_END program=LOW
1770395214925994575 PROBE_C_START program=LOW
1770395214929516045 PROBE_C_END program=LOW
