1773610255471417212 103029580
1773610255573272086 101854874
1773610255675047460 101775374
1773610255776805797 101758337
1773610255878563652 101757855
1773610255980320508 101756856
1773610256082091863 101771355
1773610256183875626 101783763
1773610256285636000 101760374
1773610256387485855 101849855
1773610256489312396 101826541
1773610256591140103 101827707
1773610256692915699 101775596
1773610256794704351 101788652
1773610256896453539 101749188
1773610256998199339 101745800
1773610257099939472 101740133
1773610257201701383 101761911
1773610257303439071 101737688
1773610257405238445 101799374
1773610257506997893 101759448
1773610257608754970 101757077
1773610257710498992 101744022
1773610257812262070 101763078
1773610257914030684 101768614
1773610258015773298 101742614
1773610258117518320 101745022
1773610258219286583 101768263
1773610258321018178 101731595
1773610258422822274 101804096
1773610258524548036 101725762
1773610258626241817 101693781
1773610258727933709 101691892
1773610258829611824 101678115
1773610258931306271 101694447
1773610259032997144 101690873
1773610259134688407 101691263
1773610259236371965 101683558
1773610259338065450 101693485
1773610259439868304 101802854
1773610259541571344 101703040
1773610259643334940 101763596
1773610259745064851 101729911
1773610259846761780 101696929
1773610259948431338 101669558
1773610260050128619 101697281
1773610260151800733 101672114
1773610260253493106 101692373
1773610260355191720 101698614
1773610260456974760 101783040
1773610260558720670 101745910
1773610260660418728 101698058
1773610260762133342 101714614
1773610260863831697 101698355
1773610260965504107 101672410
1773610261067160925 101656818
1773610261168847631 101686706
1773610261270539041 101691410
1773610261372220599 101681558
1773610261473982991 101762392
1773610261575683012 101700021
1773610261677362441 101679429
1773610261779041851 101679410
1773610261880706779 101664928
1773610261982360153 101653374
1773610262084043174 101683021
1773610262185730972 101687798
1773610262287412605 101681633
1773610262389094589 101681984
1773610262491059944 101965355
1773610262592784669 101724725
1773610262694496615 101711946
1773610262796189914 101693299
1773610262897904695 101714781
1773610262999585549 101680854
1773610263101265514 101679965
1773610263202940220 101674706
1773610263304614612 101674392
1773610263406417855 101803243
1773610263508135802 101717947
1773610263609843731 101707929
1773610263711530659 101686928
1773610263813224291 101693632
1773610263914940312 101716021
1773610264016638314 101698002
1773610264118289502 101651188
1773610264219949893 101660391
1773610264321619136 101669243
1773610264423387953 101768817
1773610264525091474 101703521
1773610264626776754 101685280
1773610264728457349 101680595
1773610264830137833 101680484
1773610264931796631 101658798
1773610265033469189 101672558
1773610265135129321 101660132
1773610265236775564 101646243
1773610265338453973 101678409
1773610265440276976 101823003
1773610265542206923 101929947
1773610265643950758 101743835
1773610265745843594 101892836
1773610265847855319 102011725
1773610265949639933 101784614
1773610266051525287 101885354
1773610266153596753 102071466
1773610266255459922 101863169
1773610266357644462 102184540
1773610266459755465 102111003
1773610266561519300 101763835
1773610266663488266 101968966
1773610266765329602 101841336
1773610266867203771 101874169
1773610266968953680 101749909
1773610267151655661 182701981
1773610267253480719 101825058
1773610267355316499 101835780
1773610267457113316 101796817
1773610267559108392 101995076
1773610267660898117 101789725
1773610267762852730 101954613
1773610267864776381 101923651
1773610267966618050 101841669
1773610268068627145 102009095
1773610268170591017 101963872
1773610268272435501 101844484
1773610268374179355 101743854
1773610268476117746 101938391
1773610268578124397 102006651
1773610268680076991 101952594
1773610268781934271 101857280
1773610268883732570 101798299
1773610268985505590 101773020
1773610269087302129 101796539
1773610269189130242 101828113
1773610269290989059 101858817
1773610269393057228 102068169
1773610269494904860 101847632
1773610269596948862 102044002
1773610269698715623 101766761
1773610269800617199 101901576
1773610269902496350 101879151
1773610270004282777 101786427
1773610270106304002 102021225
1773610270208064726 101760724
1773610270309914913 101850187
1773610270411757785 101842872
1773610270513532435 101774650
1773610270615521974 101989539
1773610270717350624 101828650
1773610270819175015 101824391
1773610270920905739 101730724
1773610271022685833 101780094
1773610271124376316 101690483
1773610271226153466 101777150
1773610271327930060 101776594
1773610271429806691 101876631
1773610271531779471 101972780
1773610271633498695 101719224
1773610271735508289 102009594
1773610271837325735 101817446
1773610271939042052 101716317
1773610272040820664 101778612
1773610272142719722 101899058
1773610272244678649 101958927
1773610272346559336 101880687
1773610272448370245 101810909
1773610272550157154 101786909
1773610272651890433 101733279
1773610272753767120 101876687
1773610272856318216 102551096
1773610272958084921 101766705
1773610273059987256 101902335
1773610273161718794 101731538
1773610273263445332 101726538
1773610273365282519 101837187
1773610273467143447 101860928
1773610273569001689 101858242
1773610273670901783 101900094
1773610273772704321 101802538
1773610273874598971 101894650
1773610273976423584 101824613
1773610274078577308 102153724
1773610274180552310 101975002
1773610274282596941 102044631
1773610274384312720 101715779
1773610274486135795 101823075
1773610274588088760 101952965
1773610274689948002 101859242
1773610274791646207 101698205
1773610274893436986 101790779
1773610274995237931 101800945
1773610275159767948 164530017
1773610275261617782 101849834
1773610275363430246 101812464
1773610275541211401 177781155
1773610275643079809 101868408
1773610275745000681 101920872
1773610275846841460 101840779
1773610275948540998 101699538
1773610276050476073 101935075
1773610276152437075 101961002
1773610276254339131 101902056
1773610276356205910 101866779
1773610276458059023 101853113
1773610276559829653 101770630
1773610276662100340 102270687
1773610276763840545 101740205
1773610276865761657 101921112
1773610276967549214 101787557
1773610277069546419 101997205
1773610277171374716 101828297
1773610277273207532 101832816
1773610277375429423 102221891
1773610277477379072 101949649
1773610277579272647 101893575
1773610277680981759 101709112
1773610277782833519 101851760
1773610277884863391 102029872
1773610277986823485 101960094
1773610278088633189 101809704
1773610278190501172 101867983
1773610278292385117 101883945
1773610278394291081 101905964
1773610278496067878 101776797
1773610278598293232 102225354
1773610278700071380 101778148
1773610278801877937 101806557
1773610278903764975 101887038
1773610279005542716 101777741
1773610279107483254 101940538
1773610279209346237 101862983
1773610279311418608 102072371
1773610279413464406 102045798
1773610279515264962 101800556
1773610279617057314 101792352
1773610279718869445 101812131
1773610279820730593 101861148
1773610279922505687 101775094
1773610280024411576 101905889
1773610280126509226 102097650
1773610280228271300 101762074
1773610280330148968 101877668
1773610280432045968 101897000
1773610280534022914 101976946
1773610280636155396 102132482
1773610280738147564 101992168
1773610280839883583 101736019
1773610280941564065 101680482
1773610281043472769 101908704
1773610281145403270 101930501
1773610281247216326 101813056
1773610281348903937 101687611
1773610281450964660 102060723
1773610281552759383 101794723
1773610281654645587 101886204
1773610281756575736 101930149
1773610281858287236 101711500
1773610281960012533 101725297
1773610282061859496 101846963
1773610282163631256 101771760
1773610282265418608 101787352
1773610282367236830 101818222
1773610282468997441 101760611
1773610282570954535 101957094
1773610282672824868 101870333
1773610282774677961 101853093
1773610282876659944 101981983
1773610282978604148 101944204
1773610283080832779 102228631
1773610283182555519 101722740
1773610283284451131 101895612
1773610283386307538 101856407
1773610283488131057 101823519
1773610283589836687 101705630
1773610283691653298 101816611
1773610283793371076 101717778
1773610283895166891 101795815
1773610283996949039 101782148
1773610284098908706 101959667
1773610284200774003 101865297
1773610284304288080 103514077
1773610284406035173 101747093
1773610284507823765 101788592
1773610284609583395 101759630
1773610284793312670 183729275
1773610284895114170 101801500
1773610284996883818 101769648
1773610285183850711 186966893
1773610285285652377 101801666
1773610285387499748 101847371
1773610285489366600 101866852
1773610285591228637 101862037
1773610285692881340 101652703
1773610285794541303 101659963
1773610285896221043 101679740
1773610285997905672 101684629
1773610286099565302 101659630
1773610286201254579 101689277
1773610286302978023 101723444
1773610286404686541 101708518
1773610286506500485 101813944
1773610286608194467 101693982
1773610286709895596 101701129
1773610286811563336 101667740
1773610286913234891 101671555
1773610287014936224 101701333
1773610287116603705 101667481
1773610287218310778 101707073
1773610287320044722 101733944
1773610287421745296 101700574
1773610287523493592 101748296
1773610287625204591 101710999
1773610287726899683 101695092
1773610287828560868 101661185
1773610287930218404 101657536
1773610288031888626 101670222
1773610288133563699 101675073
1773610288235216014 101652315
1773610288336915420 101699406
1773610288438601272 101685852
1773610288540367030 101765758
1773610288642081289 101714259
1773610288743730770 101649481
1773610288845394565 101663795
1773610288947076805 101682240
1773610289048757471 101680666
1773610289150419804 101662333
1773610289252082322 101662518
1773610289353777395 101695073
1773610289455516302 101738907
1773610289557486875 101970573
1773610289659165504 101678629
1773610289760801874 101636370
1773610289862500929 101699055
1773610289964225298 101724369
1773610290065923538 101698240
1773610290167583315 101659777
1773610290269271166 101687851
1773610290370974091 101702925
1773610290472662683 101688592
1773610290574421552 101758869
1773610290676170737 101749185
1773610290777882514 101711777
1773610290879542420 101659906
1773610290981210956 101668536
1773610291082903492 101692536
1773610291184578417 101674925
1773610291286285083 101706666
1773610291388023897 101738814
1773610291489943359 101919462
1773610291591711654 101768295
1773610291693429228 101717574
1773610291795101189 101671961
1773610291896784762 101683573
1773610291998460169 101675407
1773610292100120705 101660536
1773610292201814185 101693480
1773610292303519869 101705684
1773610292405211535 101691666
1773610292507001108 101789573
1773610292608713588 101712480
1773610292710396365 101682777
1773610292812054808 101658443
1773610292913734122 101679314
1773610293015398510 101664388
1773610293117056989 101658479
1773610293218732359 101675370
1773610293320422950 101690591
1773610293422145967 101723017
1773610293523913985 101768018
1773610293625625058 101711073
1773610293727316445 101691387
1773610293828980999 101664554
1773610293930645554 101664555
1773610294032322071 101676517
1773610294133990273 101668202
1773610294235705216 101714943
1773610294337391030 101685814
1773610294439117991 101726961
1773610294540911546 101793555
1773610294642660545 101748999
1773610294744344414 101683869
1773610294846044134 101699720
1773610294947745392 101701258
1773610295049436409 101691017
1773610295151130908 101694499
1773610295252862129 101731221
1773610295354569424 101707295
1773610295456314533 101745109
1773610295558322569 102008036
1773610295660064920 101742351
1773610295761836345 101771425
1773610295863693566 101857221
1773610295966373696 102680130
1773610296068250046 101876350
1773610296169940452 101690406
1773610296271670969 101730517
1773610296373411486 101740517
1773610296475237892 101826406
1773610296576982039 101744147
1773610296678889352 101907313
1773610296780754740 101865388
1773610296882795832 102041092
1773610296984589108 101793276
1773610297086331958 101742850
1773610297188090475 101758517
1773610297289861900 101771425
1773610297391693009 101831109
1773610297493434619 101741610
1773610297598565846 105131227
1773610297700326956 101761110
1773610297802062639 101735683
1773610297903804693 101742054
1773610298005530062 101725369
1773610298107353301 101823239
1773610298209115077 101761776
1773610298310933779 101818702
1773610298412673814 101740035
1773610298514730369 102056555
1773610298616681571 101951202
1773610298718384514 101702943
1773610298820068753 101684239
1773610298921845455 101776702
1773610299023660286 101814831
1773610299125399599 101739313
1773610299227134153 101734554
1773610299328930799 101796646
1773610299431219965 102289166
1773610299533280890 102060925
1773610299635170574 101889684
1773610299736994998 101824424
1773610299838802552 101807554
1773610299940992403 102189851
1773610300042856994 101864591
1773610300146371606 103514612
1773610300248517494 102145888
1773610300350378529 101861035
1773610300452289490 101910961
1773610300554115266 101825776
1773610300655852357 101737091
1773610300757639948 101787591
1773610300859473446 101833498
1773610300961246944 101773498
1773610301062999294 101752350
1773610301164761866 101762572
1773610301266476216 101714350
1773610301368273936 101797720
1773610301470079786 101805850
1773610301572227692 102147906
1773610301673982523 101754831
1773610301775971595 101989072
1773610301877765631 101794036
1773610301979885685 102120054
1773610302081882090 101996405
1773610302183747811 101865721
1773610302285607753 101859942
1773610302387419492 101811739
1773610302489219693 101800201
1773610302590924136 101704443
1773610302692844060 101919924
1773610302794748798 101904738
1773610302896530963 101782165
1773610302998346479 101815516
1773610303100127718 101781239
1773610303201928586 101800868
1773610303303709399 101780813
1773610303405472452 101763053
1773610303507233598 101761146
1773610303609283263 102049665
1773610303711275391 101992128
1773610303813081907 101806516
1773610303914962423 101880516
1773610304016753773 101791350
1773610304118814456 102060683
1773610304220963029 102148573
1773610304322905471 101942442
1773610304424784506 101879035
1773610304526590152 101805646
1773610304628429483 101839331
1773610304730185851 101756368
1773610304831964034 101778183
1773610304933713068 101749034
1773610305035524325 101811257
1773610305137302934 101778609
1773610305239268320 101965386
1773610305341092485 101824165
1773610305442869779 101777294
1773610305544597350 101727571
1773610305646368014 101770664
1773610305748104104 101736090
1773610305849879120 101775016
1773610305951817933 101938813
1773610306053738079 101920146
1773610306155669428 101931349
1773610306257852204 102182776
1773610306359572090 101719886
1773610306461342606 101770516
1773610306563046307 101703701
1773610306664802101 101755794
1773610306766590043 101787942
1773610306868565374 101975331
1773610306970799539 102234165
1773610307072543814 101744275
1773610307174273237 101729423
1773610307276003419 101730182
1773610307377771639 101768220
1773610307479540617 101768978
1773610307581371393 101830776
1773610307683189094 101817701
1773610307785453036 102263942
1773610307887666516 102213480
1773610307989449384 101782868
1773610308091267844 101818460
1773610308193041619 101773775
1773610308294890005 101848386
1773610308396690261 101800256
1773610308498596499 101906238
1773610308600381756 101785257
1773610308702145309 101763553
1773610308803922935 101777626
1773610308905717396 101794461
1773610309007475078 101757682
1773610309109287112 101812034
1773610309211138961 101851849
1773610309312972291 101833330
1773610309414932733 101960442
1773610309517563065 102630332
1773610309619537063 101973998
1773610309721575320 102038257
1773610309823350224 101774904
1773610309925154351 101804127
1773610310026996163 101841812
1773610310130547422 103551259
1773610310232454401 101906979
1773610310334334046 101879645
1773610310436317173 101983127
1773610310538142300 101825127
1773610310639964390 101822090
1773610310741820257 101855867
1773610310843600032 101779775
1773610310945377010 101776978
1773610311047204137 101827127
1773610311149029874 101825737
1773610311250856149 101826275
1773610311352695294 101839145
1773610311454488087 101792793
1773610311556281825 101793738
1773610311658036247 101754422
1773610311759849985 101813738
1773610311861620000 101770015
1773610311963682072 102062072
1773610312065600032 101917960
1773610312167417084 101817052
1773610312269248211 101831127
1773610312371029392 101781181
1773610312472828667 101799275
1773610312574603682 101775015
1773610312676442512 101838830
1773610312778218694 101776182
1773610312879990691 101771997
1773610312981782799 101792108
1773610313083475369 101692570
1773610313185217218 101741849
1773610313287045362 101828144
1773610313388850100 101804738
1773610313490667708 101817608
1773610313592409111 101741403
1773610313694063163 101654052
1773610313795827864 101764701
1773610313897639582 101811718
1773610313999440949 101801367
1773610314101227501 101786552
1773610314203006276 101778775
1773610314304886402 101880126
1773610314406741102 101854700
1773610314508676136 101935034
1773610314610714670 102038534
1773610314712614167 101899497
1773610314814498460 101884293
1773610314916354271 101855811
1773610315018212397 101858126
1773610315119907505 101695108
1773610315221744872 101837367
1773610315323447053 101702181
1773610315424881456 101434403
1773610315526193192 101311736
1773610315627557077 101363885
1773610315728772072 101214995
1773610315829980623 101208551
1773610315931205525 101224902
1773610316032408113 101202588
1773610316133619534 101211421
1773610316234826733 101207199
1773610316336000173 101173440
1773610316437159871 101159698
1773610316538431848 101271977
1773610316639742510 101310662
1773610316740976690 101234180
1773610316842173611 101196921
1773610316943366477 101192866
1773610317044567287 101200810
1773610317145760948 101193661
1773610317246953203 101192255
1773610317348133790 101180587
1773610317449325933 101192143
1773610317550550521 101224588
1773610317651828571 101278050
1773610317753073048 101244477
1773610317854281543 101208495
1773610317955461520 101179977
1773610318056671514 101209994
1773610318157883009 101211495
1773610318259086856 101203847
1773610318360274999 101188143
1773610318461485661 101210662
1773610318562668470 101182809
1773610318663933539 101265069
1773610318765191479 101257940
1773610318866406214 101214735
1773610318967600043 101193829
1773610319068788908 101188865
1773610319170008051 101219143
1773610319271203935 101195884
1773610319372485392 101281457
1773610319473751887 101266495
1773610319575185271 101433384
1773610319676714804 101529533
1773610319777967095 101252291
1773610319879194719 101227624
1773610319980394436 101199717
1773610320081596616 101202180
1773610320182800167 101203551
1773610320284021587 101221420
1773610320385457564 101435977
1773610320487154726 101697162
1773610320588912870 101758144
1773610320690678792 101765922
1773610320792383898 101705106
1773610320894081338 101697440
1773610320995786501 101705163
1773610321097495737 101709236
1773610321202101645 104605908
1773610321303919141 101817496
1773610321405697304 101778163
1773610321507443503 101746199
1773610321609304221 101860718
1773610321711116957 101812736
1773610321812832583 101715626
1773610321914571189 101738606
1773610322016319777 101748588
1773610322118074643 101754866
1773610322219836546 101761903
1773610322321560912 101724366
1773610322423321482 101760570
1773610322525159996 101838514
1773610322626990417 101830421
1773610322728720172 101729755
1773610322830428093 101707921
1773610322932147848 101719755
1773610323033884473 101736625
1773610323135601302 101716829
1773610323237333168 101731866
1773610323339106682 101773514
1773610323440827158 101720476
1773610323542553820 101726662
1773610323644356538 101802718
1773610323746111830 101755292
1773610323847868288 101756458
1773610323949597969 101729681
1773610324051406464 101808495
1773610324153193737 101787273
1773610324254953362 101759625
1773610324356744858 101791496
1773610324458474742 101729884
1773610324560248144 101773402
1773610324662065769 101817625
1773610324763861080 101795311
1773610324865584019 101722939
1773610324967321237 101737218
1773610325069037047 101715810
1773610325170779042 101741995
1773610325272528482 101749440
