1771445938108570917 R2_IDLE_A seconds=60 actions=B_SKELETON
1771445998110640687 SKIP_PROBE_A seconds=60
1771446058112521999 R2_IDLE_B seconds=30 actions=B_SKELETON
1771446088116398377 PROBE_B_START program=low
1771446088119424512 PROBE_B_END program=low
1771446088322126992 PROBE_B_START program=low
1771446088325118849 PROBE_B_END program=low
1771446088527853403 PROBE_B_START program=low
1771446088530859611 PROBE_B_END program=low
1771446088733588406 PROBE_B_START program=low
1771446088736564485 PROBE_B_END program=low
1771446088939692392 PROBE_B_START program=low
1771446088942700341 PROBE_B_END program=low
1771446089145439692 PROBE_B_START program=low
1771446089148351622 PROBE_B_END program=low
1771446089351074177 PROBE_B_START program=low
1771446089354079385 PROBE_B_END program=low
1771446089556838551 PROBE_B_START program=low
1771446089559785074 PROBE_B_END program=low
1771446089762472850 PROBE_B_START program=low
1771446089765449818 PROBE_B_END program=low
1771446089968389113 PROBE_B_START program=low
1771446089972017526 PROBE_B_END program=low
1771446090174979396 PROBE_B_START program=low
1771446090178050234 PROBE_B_END program=low
1771446090380815344 PROBE_B_START program=low
1771446090383803534 PROBE_B_END program=low
1771446090586619348 PROBE_B_START program=low
1771446090589648075 PROBE_B_END program=low
1771446090792432962 PROBE_B_START program=low
1771446090795408911 PROBE_B_END program=low
1771446090998299003 PROBE_B_START program=low
1771446091001324249 PROBE_B_END program=low
1771446091204074951 PROBE_B_START program=low
1771446091207098419 PROBE_B_END program=low
1771446091409830659 PROBE_B_START program=low
1771446091412718256 PROBE_B_END program=low
1771446091615482162 PROBE_B_START program=low
1771446091618519370 PROBE_B_END program=low
1771446091821238925 PROBE_B_START program=low
1771446091824104355 PROBE_B_END program=low
1771446092026995188 PROBE_B_START program=low
1771446092030101341 PROBE_B_END program=low
1771446092232881432 PROBE_B_START program=low
1771446092235904511 PROBE_B_END program=low
1771446092438693917 PROBE_B_START program=low
1771446092441654829 PROBE_B_END program=low
1771446092644394865 PROBE_B_START program=low
1771446092647400351 PROBE_B_END program=low
1771446092850104591 PROBE_B_START program=low
1771446092853148762 PROBE_B_END program=low
1771446093056432522 PROBE_B_START program=low
1771446093059849305 PROBE_B_END program=low
1771446093262612433 PROBE_B_START program=low
1771446093265702882 PROBE_B_END program=low
1771446093468734993 PROBE_B_START program=low
1771446093472284517 PROBE_B_END program=low
1771446093675413072 PROBE_B_START program=low
1771446093678428651 PROBE_B_END program=low
1771446093881137335 PROBE_B_START program=low
1771446093884007821 PROBE_B_END program=low
1771446094087208654 PROBE_B_START program=low
1771446094091178845 PROBE_B_END program=low
1771446094294275734 PROBE_B_START program=low
1771446094297272405 PROBE_B_END program=low
1771446094500027497 PROBE_B_START program=low
1771446094502997334 PROBE_B_END program=low
1771446094705732000 PROBE_B_START program=low
1771446094708730745 PROBE_B_END program=low
1771446094911422763 PROBE_B_START program=low
1771446094914430953 PROBE_B_END program=low
1771446095117952712 PROBE_B_START program=low
1771446095122215904 PROBE_B_END program=low
1771446095325203274 PROBE_B_START program=low
1771446095328128056 PROBE_B_END program=low
1771446095530858314 PROBE_B_START program=low
1771446095533864245 PROBE_B_END program=low
1771446095736644781 PROBE_B_START program=low
1771446095739637693 PROBE_B_END program=low
1771446095942342414 PROBE_B_START program=low
1771446095945309345 PROBE_B_END program=low
1771446096148575715 PROBE_B_START program=low
1771446096152856407 PROBE_B_END program=low
1771446096355857665 PROBE_B_START program=low
1771446096358794781 PROBE_B_END program=low
1771446096561524947 PROBE_B_START program=low
1771446096564444970 PROBE_B_END program=low
1771446096767160228 PROBE_B_START program=low
1771446096770189362 PROBE_B_END program=low
1771446096972912454 PROBE_B_START program=low
1771446096975934292 PROBE_B_END program=low
1771446097178982606 PROBE_B_START program=low
1771446097183020872 PROBE_B_END program=low
1771446097385922834 PROBE_B_START program=low
1771446097388872616 PROBE_B_END program=low
1771446097591599023 PROBE_B_START program=low
1771446097594619824 PROBE_B_END program=low
1771446097797353582 PROBE_B_START program=low
1771446097800296698 PROBE_B_END program=low
1771446098003023289 PROBE_B_START program=low
1771446098006040590 PROBE_B_END program=low
1771446098208887145 PROBE_B_START program=low
1771446098211900946 PROBE_B_END program=low
1771446098414842390 PROBE_B_START program=low
1771446098417879357 PROBE_B_END program=low
1771446098620623597 PROBE_B_START program=low
1771446098623597046 PROBE_B_END program=low
1771446098826295508 PROBE_B_START program=low
1771446098829256902 PROBE_B_END program=low
1771446099031998549 PROBE_B_START program=low
1771446099034968405 PROBE_B_END program=low
1771446099237714108 PROBE_B_START program=low
1771446099240697168 PROBE_B_END program=low
1771446099443420741 PROBE_B_START program=low
1771446099446448765 PROBE_B_END program=low
1771446099649144152 PROBE_B_START program=low
1771446099652079750 PROBE_B_END program=low
1771446099854783119 PROBE_B_START program=low
1771446099857791013 PROBE_B_END program=low
1771446100060525567 PROBE_B_START program=low
1771446100063491294 PROBE_B_END program=low
1771446100266232886 PROBE_B_START program=low
1771446100269219742 PROBE_B_END program=low
1771446100471933649 PROBE_B_START program=low
1771446100474836042 PROBE_B_END program=low
1771446100677522985 PROBE_B_START program=low
1771446100680477768 PROBE_B_END program=low
1771446100883202100 PROBE_B_START program=low
1771446100886209975 PROBE_B_END program=low
1771446101088923567 PROBE_B_START program=low
1771446101091999609 PROBE_B_END program=low
1771446101294905664 PROBE_B_START program=low
1771446101297865057 PROBE_B_END program=low
1771446101500533463 PROBE_B_START program=low
1771446101503343264 PROBE_B_END program=low
1771446101705988207 PROBE_B_START program=low
1771446101708949731 PROBE_B_END program=low
1771446101911659470 PROBE_B_START program=low
1771446101914710512 PROBE_B_END program=low
1771446102117477345 PROBE_B_START program=low
1771446102120345071 PROBE_B_END program=low
1771446102323110256 PROBE_B_START program=low
1771446102326140631 PROBE_B_END program=low
1771446102528799056 PROBE_B_START program=low
1771446102531552116 PROBE_B_END program=low
1771446102734291040 PROBE_B_START program=low
1771446102737641916 PROBE_B_END program=low
1771446102940644008 PROBE_B_START program=low
1771446102944108810 PROBE_B_END program=low
1771446103147174328 PROBE_B_START program=low
1771446103150113481 PROBE_B_END program=low
1771446103352929795 PROBE_B_START program=low
1771446103355853873 PROBE_B_END program=low
1771446103558454409 PROBE_B_START program=low
1771446103561283118 PROBE_B_END program=low
1771446103763961524 PROBE_B_START program=low
1771446103766936380 PROBE_B_END program=low
1771446103969782583 PROBE_B_START program=low
1771446103972891903 PROBE_B_END program=low
1771446104175730013 PROBE_B_START program=low
1771446104178777666 PROBE_B_END program=low
1771446104381571091 PROBE_B_START program=low
1771446104384610837 PROBE_B_END program=low
1771446104587352373 PROBE_B_START program=low
1771446104590289859 PROBE_B_END program=low
1771446104793070303 PROBE_B_START program=low
1771446104796157419 PROBE_B_END program=low
1771446104998951992 PROBE_B_START program=low
1771446105002012608 PROBE_B_END program=low
1771446105204893052 PROBE_B_START program=low
1771446105207918612 PROBE_B_END program=low
1771446105410762852 PROBE_B_START program=low
1771446105413819283 PROBE_B_END program=low
1771446105616656726 PROBE_B_START program=low
1771446105619691639 PROBE_B_END program=low
1771446105822486879 PROBE_B_START program=low
1771446105825562050 PROBE_B_END program=low
1771446106028338623 PROBE_B_START program=low
1771446106031412258 PROBE_B_END program=low
1771446106234289572 PROBE_B_START program=low
1771446106237377132 PROBE_B_END program=low
1771446106440183706 PROBE_B_START program=low
1771446106443177969 PROBE_B_END program=low
1771446106646002524 PROBE_B_START program=low
1771446106649033418 PROBE_B_END program=low
1771446106851765658 PROBE_B_START program=low
1771446106854813607 PROBE_B_END program=low
1771446107057564717 PROBE_B_START program=low
1771446107060592796 PROBE_B_END program=low
1771446107263414573 PROBE_B_START program=low
1771446107266554615 PROBE_B_END program=low
1771446107469321281 PROBE_B_START program=low
1771446107472329064 PROBE_B_END program=low
1771446107675056063 PROBE_B_START program=low
1771446107677980919 PROBE_B_END program=low
1771446107880664474 PROBE_B_START program=low
1771446107883676960 PROBE_B_END program=low
1771446108086517311 PROBE_B_START program=low
1771446108089549927 PROBE_B_END program=low
1771446108292369334 PROBE_B_START program=low
1771446108295308301 PROBE_B_END program=low
1771446108498046856 PROBE_B_START program=low
1771446108501083787 PROBE_B_END program=low
1771446108703788860 PROBE_B_START program=low
1771446108706721809 PROBE_B_END program=low
1771446108909441530 PROBE_B_START program=low
1771446108912536942 PROBE_B_END program=low
1771446109115262034 PROBE_B_START program=low
1771446109118842077 PROBE_B_END program=low
1771446109321997280 PROBE_B_START program=low
1771446109325047563 PROBE_B_END program=low
1771446109527823377 PROBE_B_START program=low
1771446109530857308 PROBE_B_END program=low
1771446109733502881 PROBE_B_START program=low
1771446109736331737 PROBE_B_END program=low
1771446109939015736 PROBE_B_START program=low
1771446109942059759 PROBE_B_END program=low
1771446110144930889 PROBE_B_START program=low
1771446110147953190 PROBE_B_END program=low
1771446110350748726 PROBE_B_START program=low
1771446110353774508 PROBE_B_END program=low
1771446110556556563 PROBE_B_START program=low
1771446110559593698 PROBE_B_END program=low
1771446110762225549 PROBE_B_START program=low
1771446110765028164 PROBE_B_END program=low
1771446110967755663 PROBE_B_START program=low
1771446110970829131 PROBE_B_END program=low
1771446111173596927 PROBE_B_START program=low
1771446111176667542 PROBE_B_END program=low
1771446111379448486 PROBE_B_START program=low
1771446111382512250 PROBE_B_END program=low
1771446111585318305 PROBE_B_START program=low
1771446111588349310 PROBE_B_END program=low
1771446111791099365 PROBE_B_START program=low
1771446111794017610 PROBE_B_END program=low
1771446111996774609 PROBE_B_START program=low
1771446111999719947 PROBE_B_END program=low
1771446112202493632 PROBE_B_START program=low
1771446112205639229 PROBE_B_END program=low
1771446112408468599 PROBE_B_START program=low
1771446112411516437 PROBE_B_END program=low
1771446112614500437 PROBE_B_START program=low
1771446112617969238 PROBE_B_END program=low
1771446112820903294 PROBE_B_START program=low
1771446112824198354 PROBE_B_END program=low
1771446113027036428 PROBE_B_START program=low
1771446113029992951 PROBE_B_END program=low
1771446113232797784 PROBE_B_START program=low
1771446113235809381 PROBE_B_END program=low
1771446113438606806 PROBE_B_START program=low
1771446113441585440 PROBE_B_END program=low
1771446113644377644 PROBE_B_START program=low
1771446113647541130 PROBE_B_END program=low
1771446113850288926 PROBE_B_START program=low
1771446113853273449 PROBE_B_END program=low
1771446114055980892 PROBE_B_START program=low
1771446114058976916 PROBE_B_END program=low
1771446114261735656 PROBE_B_START program=low
1771446114264626771 PROBE_B_END program=low
1771446114467318400 PROBE_B_START program=low
1771446114470291275 PROBE_B_END program=low
1771446114673002052 PROBE_B_START program=low
1771446114675947112 PROBE_B_END program=low
1771446114878595945 PROBE_B_START program=low
1771446114881397820 PROBE_B_END program=low
1771446115084129282 PROBE_B_START program=low
1771446115087094527 PROBE_B_END program=low
1771446115289857119 PROBE_B_START program=low
1771446115292913031 PROBE_B_END program=low
1771446115495682383 PROBE_B_START program=low
1771446115498620591 PROBE_B_END program=low
1771446115701309627 PROBE_B_START program=low
1771446115704211706 PROBE_B_END program=low
1771446115906834631 PROBE_B_START program=low
1771446115909603357 PROBE_B_END program=low
1771446116112294375 PROBE_B_START program=low
1771446116115264195 PROBE_B_END program=low
1771446116317962731 PROBE_B_START program=low
1771446116320945995 PROBE_B_END program=low
1771446116523665994 PROBE_B_START program=low
1771446116526672814 PROBE_B_END program=low
1771446116729408794 PROBE_B_START program=low
1771446116732367243 PROBE_B_END program=low
1771446116935054465 PROBE_B_START program=low
1771446116937880155 PROBE_B_END program=low
1771446117140594561 PROBE_B_START program=low
1771446117144151956 PROBE_B_END program=low
1771446117347133029 PROBE_B_START program=low
1771446117350145960 PROBE_B_END program=low
1771446117552859496 PROBE_B_START program=low
1771446117555828223 PROBE_B_END program=low
1771446117758560334 PROBE_B_START program=low
1771446117761556561 PROBE_B_END program=low
1771446117964200152 PROBE_B_START program=low
1771446117966975935 PROBE_B_END program=low
1771446118169641804 PROBE_B_START program=low
1771446118172660401 PROBE_B_END program=low
1771446118375438253 PROBE_B_START program=low
1771446118378501813 PROBE_B_END program=low
1771446118581242146 PROBE_B_START program=low
1771446118584145558 PROBE_B_END program=low
1771446118786883409 PROBE_B_START program=low
1771446118790012655 PROBE_B_END program=low
1771446118992810562 PROBE_B_START program=low
1771446118995894770 PROBE_B_END program=low
1771446119198622899 PROBE_B_START program=low
1771446119201668607 PROBE_B_END program=low
1771446119404426718 PROBE_B_START program=low
1771446119407352519 PROBE_B_END program=low
1771446119610020981 PROBE_B_START program=low
1771446119613035782 PROBE_B_END program=low
1771446119815747893 PROBE_B_START program=low
1771446119818774527 PROBE_B_END program=low
1771446120021421785 PROBE_B_START program=low
1771446120024146827 PROBE_B_END program=low
1771446120226838196 PROBE_B_START program=low
1771446120229875905 PROBE_B_END program=low
1771446120432621904 PROBE_B_START program=low
1771446120435572613 PROBE_B_END program=low
1771446120638271149 PROBE_B_START program=low
1771446120641269394 PROBE_B_END program=low
1771446120843975579 PROBE_B_START program=low
1771446120846988102 PROBE_B_END program=low
1771446121049765490 PROBE_B_START program=low
1771446121052723810 PROBE_B_END program=low
1771446121255481476 PROBE_B_START program=low
1771446121258553962 PROBE_B_END program=low
1771446121461256276 PROBE_B_START program=low
1771446121464204059 PROBE_B_END program=low
1771446121666942521 PROBE_B_START program=low
1771446121669958489 PROBE_B_END program=low
1771446121872695248 PROBE_B_START program=low
1771446121875630234 PROBE_B_END program=low
1771446122078393733 PROBE_B_START program=low
1771446122081274682 PROBE_B_END program=low
1771446122283983015 PROBE_B_START program=low
1771446122287028816 PROBE_B_END program=low
1771446122489846149 PROBE_B_START program=low
1771446122492875857 PROBE_B_END program=low
1771446122695728375 PROBE_B_START program=low
1771446122698696361 PROBE_B_END program=low
1771446122901630972 PROBE_B_START program=low
1771446122905127904 PROBE_B_END program=low
1771446123108275107 PROBE_B_START program=low
1771446123111391149 PROBE_B_END program=low
1771446123314286908 PROBE_B_START program=low
1771446123317407358 PROBE_B_END program=low
1771446123520226839 PROBE_B_START program=low
1771446123523228806 PROBE_B_END program=low
1771446123725983861 PROBE_B_START program=low
1771446123729054811 PROBE_B_END program=low
1771446123931779680 PROBE_B_START program=low
1771446123934830981 PROBE_B_END program=low
1771446124137466833 PROBE_B_START program=low
1771446124140274726 PROBE_B_END program=low
1771446124342983707 PROBE_B_START program=low
1771446124346023952 PROBE_B_END program=low
1771446124548798970 PROBE_B_START program=low
1771446124551855753 PROBE_B_END program=low
1771446124754653234 PROBE_B_START program=low
1771446124757704146 PROBE_B_END program=low
1771446124960480405 PROBE_B_START program=low
1771446124963419946 PROBE_B_END program=low
1771446125166106724 PROBE_B_START program=low
1771446125169521248 PROBE_B_END program=low
1771446125372483173 PROBE_B_START program=low
1771446125375479530 PROBE_B_END program=low
1771446125578266215 PROBE_B_START program=low
1771446125581305497 PROBE_B_END program=low
1771446125784130571 PROBE_B_START program=low
1771446125787158446 PROBE_B_END program=low
1771446125989869612 PROBE_B_START program=low
1771446125992946635 PROBE_B_END program=low
1771446126195582653 PROBE_B_START program=low
1771446126198395806 PROBE_B_END program=low
1771446126401105139 PROBE_B_START program=low
1771446126404105625 PROBE_B_END program=low
1771446126606919087 PROBE_B_START program=low
1771446126610019944 PROBE_B_END program=low
1771446126812791962 PROBE_B_START program=low
1771446126815760337 PROBE_B_END program=low
1771446127018502003 PROBE_B_START program=low
1771446127021538545 PROBE_B_END program=low
1771446127224223137 PROBE_B_START program=low
1771446127226938901 PROBE_B_END program=low
1771446127429642122 PROBE_B_START program=low
1771446127432706442 PROBE_B_END program=low
1771446127635481849 PROBE_B_START program=low
1771446127638525465 PROBE_B_END program=low
1771446127841274909 PROBE_B_START program=low
1771446127844318617 PROBE_B_END program=low
1771446128047088950 PROBE_B_START program=low
1771446128050078751 PROBE_B_END program=low
1771446128252860621 PROBE_B_START program=low
1771446128255747311 PROBE_B_END program=low
1771446128458468162 PROBE_B_START program=low
1771446128461539222 PROBE_B_END program=low
1771446128664330259 PROBE_B_START program=low
1771446128667341912 PROBE_B_END program=low
1771446128870081560 PROBE_B_START program=low
1771446128873101509 PROBE_B_END program=low
1771446129075892305 PROBE_B_START program=low
1771446129078936217 PROBE_B_END program=low
1771446129281738605 PROBE_B_START program=low
1771446129284585165 PROBE_B_END program=low
1771446129487295332 PROBE_B_START program=low
1771446129490397059 PROBE_B_END program=low
1771446129693159447 PROBE_B_START program=low
1771446129696219082 PROBE_B_END program=low
1771446129899045563 PROBE_B_START program=low
1771446129902082808 PROBE_B_END program=low
1771446130104879604 PROBE_B_START program=low
1771446130107886479 PROBE_B_END program=low
1771446130310800424 PROBE_B_START program=low
1771446130313942114 PROBE_B_END program=low
1771446130516777336 PROBE_B_START program=low
1771446130519784840 PROBE_B_END program=low
1771446130722574044 PROBE_B_START program=low
1771446130725681826 PROBE_B_END program=low
1771446130928448585 PROBE_B_START program=low
1771446130931459016 PROBE_B_END program=low
1771446131134256516 PROBE_B_START program=low
1771446131137293446 PROBE_B_END program=low
1771446131340196946 PROBE_B_START program=low
1771446131343212710 PROBE_B_END program=low
1771446131546137377 PROBE_B_START program=low
1771446131549176215 PROBE_B_END program=low
1771446131751905344 PROBE_B_START program=low
1771446131754937293 PROBE_B_END program=low
1771446131957657626 PROBE_B_START program=low
1771446131960618316 PROBE_B_END program=low
1771446132163355797 PROBE_B_START program=low
1771446132166359468 PROBE_B_END program=low
1771446132369261264 PROBE_B_START program=low
1771446132372204158 PROBE_B_END program=low
1771446132574999213 PROBE_B_START program=low
1771446132578344755 PROBE_B_END program=low
1771446132781387978 PROBE_B_START program=low
1771446132784872946 PROBE_B_END program=low
1771446132988060391 PROBE_B_START program=low
1771446132991091618 PROBE_B_END program=low
1771446133194087729 PROBE_B_START program=low
1771446133197860124 PROBE_B_END program=low
1771446133400457086 PROBE_B_START program=low
1771446133403067386 PROBE_B_END program=low
1771446133605703016 PROBE_B_START program=low
1771446133608678965 PROBE_B_END program=low
1771446133811416464 PROBE_B_START program=low
1771446133814426765 PROBE_B_END program=low
1771446134017177932 PROBE_B_START program=low
1771446134020083603 PROBE_B_END program=low
1771446134222763862 PROBE_B_START program=low
1771446134225806422 PROBE_B_END program=low
1771446134428406236 PROBE_B_START program=low
1771446134431123111 PROBE_B_END program=low
1771446134633765777 PROBE_B_START program=low
1771446134636724078 PROBE_B_END program=low
1771446134839432874 PROBE_B_START program=low
1771446134842433508 PROBE_B_END program=low
1771446135045129785 PROBE_B_START program=low
1771446135048033901 PROBE_B_END program=low
1771446135250751123 PROBE_B_START program=low
1771446135253797591 PROBE_B_END program=low
1771446135456513868 PROBE_B_START program=low
1771446135459309169 PROBE_B_END program=low
1771446135661921057 PROBE_B_START program=low
1771446135664906321 PROBE_B_END program=low
1771446135867623765 PROBE_B_START program=low
1771446135870654992 PROBE_B_END program=low
1771446136073402733 PROBE_B_START program=low
1771446136076290644 PROBE_B_END program=low
1771446136279045107 PROBE_B_START program=low
1771446136282035556 PROBE_B_END program=low
1771446136484785445 PROBE_B_START program=low
1771446136487604468 PROBE_B_END program=low
1771446136690245264 PROBE_B_START program=low
1771446136693115657 PROBE_B_END program=low
1771446136895772749 PROBE_B_START program=low
1771446136898780346 PROBE_B_END program=low
1771446137101481679 PROBE_B_START program=low
1771446137104455406 PROBE_B_END program=low
1771446137307187813 PROBE_B_START program=low
1771446137310231966 PROBE_B_END program=low
1771446137512938670 PROBE_B_START program=low
1771446137515785433 PROBE_B_END program=low
1771446137718415989 PROBE_B_START program=low
1771446137721427475 PROBE_B_END program=low
1771446137924133030 PROBE_B_START program=low
1771446137927170405 PROBE_B_END program=low
1771446138129958405 PROBE_B_START program=low
1771446138133066502 PROBE_B_END program=low
1771446138335896724 PROBE_B_START program=low
1771446138338947599 PROBE_B_END program=low
1771446138541893507 PROBE_B_START program=low
1771446138545030438 PROBE_B_END program=low
1771446138747679567 PROBE_B_START program=low
1771446138750427386 PROBE_B_END program=low
1771446138953136645 PROBE_B_START program=low
1771446138956100020 PROBE_B_END program=low
1771446139158875816 PROBE_B_START program=low
1771446139161952747 PROBE_B_END program=low
1771446139364769321 PROBE_B_START program=low
1771446139367738862 PROBE_B_END program=low
1771446139570650307 PROBE_B_START program=low
1771446139573713349 PROBE_B_END program=low
1771446139776616997 PROBE_B_START program=low
1771446139779646094 PROBE_B_END program=low
1771446139982441631 PROBE_B_START program=low
1771446139985537451 PROBE_B_END program=low
1771446140188365932 PROBE_B_START program=low
1771446140191380807 PROBE_B_END program=low
1771446140394209640 PROBE_B_START program=low
1771446140397281089 PROBE_B_END program=low
1771446140600187904 PROBE_B_START program=low
1771446140603300965 PROBE_B_END program=low
1771446140806060927 PROBE_B_START program=low
1771446140809102451 PROBE_B_END program=low
1771446141011877339 PROBE_B_START program=low
1771446141014935381 PROBE_B_END program=low
1771446141217733196 PROBE_B_START program=low
1771446141221425813 PROBE_B_END program=low
1771446141424391350 PROBE_B_START program=low
1771446141427368429 PROBE_B_END program=low
1771446141630207651 PROBE_B_START program=low
1771446141633199470 PROBE_B_END program=low
1771446141835757859 PROBE_B_START program=low
1771446141838538493 PROBE_B_END program=low
1771446142041192770 PROBE_B_START program=low
1771446142044144923 PROBE_B_END program=low
1771446142246878126 PROBE_B_START program=low
1771446142249905687 PROBE_B_END program=low
1771446142452600594 PROBE_B_START program=low
1771446142455923321 PROBE_B_END program=low
1771446142659395248 PROBE_B_START program=low
1771446142663032198 PROBE_B_END program=low
1771446142865979439 PROBE_B_START program=low
1771446142868838221 PROBE_B_END program=low
1771446143071545943 PROBE_B_START program=low
1771446143074469411 PROBE_B_END program=low
1771446143277150096 PROBE_B_START program=low
1771446143280036970 PROBE_B_END program=low
1771446143482732785 PROBE_B_START program=low
1771446143485761308 PROBE_B_END program=low
1771446143688586938 PROBE_B_START program=low
1771446143692037073 PROBE_B_END program=low
1771446143894942388 PROBE_B_START program=low
1771446143897868040 PROBE_B_END program=low
1771446144100553688 PROBE_B_START program=low
1771446144103500378 PROBE_B_END program=low
1771446144306231785 PROBE_B_START program=low
1771446144309241549 PROBE_B_END program=low
1771446144511930271 PROBE_B_START program=low
1771446144514974350 PROBE_B_END program=low
1771446144717848683 PROBE_B_START program=low
1771446144720862910 PROBE_B_END program=low
1771446144923526429 PROBE_B_START program=low
1771446144926460711 PROBE_B_END program=low
1771446145129199581 PROBE_B_START program=low
1771446145132114326 PROBE_B_END program=low
1771446145334905512 PROBE_B_START program=low
1771446145337904794 PROBE_B_END program=low
1771446145540622498 PROBE_B_START program=low
1771446145543617521 PROBE_B_END program=low
1771446145746780929 PROBE_B_START program=low
1771446145749850452 PROBE_B_END program=low
1771446145952635211 PROBE_B_START program=low
1771446145955595642 PROBE_B_END program=low
1771446146158293030 PROBE_B_START program=low
1771446146161292591 PROBE_B_END program=low
1771446146364042442 PROBE_B_START program=low
1771446146367022910 PROBE_B_END program=low
1771446146569765632 PROBE_B_START program=low
1771446146572729266 PROBE_B_END program=low
1771446146776568194 PROBE_B_START program=low
1771446146780345255 PROBE_B_END program=low
1771446146983195033 PROBE_B_START program=low
1771446146986214538 PROBE_B_END program=low
1771446147189051353 PROBE_B_START program=low
1771446147192035672 PROBE_B_END program=low
1771446147394776024 PROBE_B_START program=low
1771446147397785602 PROBE_B_END program=low
1771446147600533602 PROBE_B_START program=low
1771446147603540311 PROBE_B_END program=low
1771446147807235720 PROBE_B_START program=low
1771446147811132503 PROBE_B_END program=low
1771446148014294448 R2_IDLE_C seconds=30 actions=B_SKELETON
1771446178016253540 SKIP_PROBE_C seconds=60
