1770721641917556615 C1_BASELINE_START
1770721701919369133 C1_BASELINE_END
1770721701922485399 C1_INTERVENTION_START
1770721881926610694 C1_INTERVENTION_END
1770721881927427844 C1_RECOVERY_R1_START
1770722061929184429 C1_RECOVERY_R1_END
1770722061930280561 C1_RECOVERY_R2_START
1770722361081453827 C1_RECOVERY_R2_END
1770722361082527107 C1_POSTBASELINE_START
1770722421084466853 C1_POSTBASELINE_END
1770722421086790227 C2_BASELINE_START
1770722481088740554 C2_BASELINE_END
1770722481092024207 C2_INTERVENTION_START
1770722661096542936 C2_INTERVENTION_END
1770722661097537178 C2_RECOVERY_R1_START
1770722841099427621 C2_RECOVERY_R1_END
1770722841100511030 C2_RECOVERY_R2_START
1770723141115567887 C2_RECOVERY_R2_END
1770723141116719724 C2_POSTBASELINE_START
1770723201118713409 C2_POSTBASELINE_END
1770723201120978139 C3_BASELINE_START
1770723261122934071 C3_BASELINE_END
1770723261126482564 C3_INTERVENTION_START
1770723441130898139 C3_INTERVENTION_END
1770723441131896586 C3_RECOVERY_R1_START
1770723621133826311 C3_RECOVERY_R1_END
1770723621134891592 C3_RECOVERY_R2_START
1770723921093743659 C3_RECOVERY_R2_END
1770723921094802290 C3_POSTBASELINE_START
1770723981096716334 C3_POSTBASELINE_END
