1773666633352348124 C1_BASELINE_START
1773666693354146740 C1_BASELINE_END
1773666693357187114 C1_INTERVENTION_START
1773666873733586564 C1_INTERVENTION_END
1773666873734432917 C1_RECOVERY_R1_START
1773667053736274712 C1_RECOVERY_R1_END
1773667053737337269 C1_RECOVERY_R2_START
1773667353086137860 C1_RECOVERY_R2_END
1773667353320156959 C1_POSTBASELINE_START
1773667413321756179 C1_POSTBASELINE_END
1773667413323883534 C2_BASELINE_START
1773667473325702372 C2_BASELINE_END
1773667473328882525 C2_INTERVENTION_START
1773667653745287863 C2_INTERVENTION_END
1773667653746140919 C2_RECOVERY_R1_START
1773667833747963894 C2_RECOVERY_R1_END
1773667833748922006 C2_RECOVERY_R2_START
1773668133125617189 C2_RECOVERY_R2_END
1773668133368325508 C2_POSTBASELINE_START
1773668193370062771 C2_POSTBASELINE_END
1773668193372181793 C3_BASELINE_START
1773668253374014232 C3_BASELINE_END
1773668253377151256 C3_INTERVENTION_START
1773668433761334602 C3_INTERVENTION_END
1773668433762143144 C3_RECOVERY_R1_START
1773668613763940144 C3_RECOVERY_R1_END
1773668613764928741 C3_RECOVERY_R2_START
1773668913209902752 C3_RECOVERY_R2_END
1773668913440131890 C3_POSTBASELINE_START
1773668973441745481 C3_POSTBASELINE_END
