1772739356341414128 C1_BASELINE_START
1772739416343576517 C1_BASELINE_END
1772739416350975721 C1_INTERVENTION_START
1772739596355279790 C1_INTERVENTION_END
1772739596356134553 C1_RECOVERY_R1_START
1772739776357937663 C1_RECOVERY_R1_END
1772739776358979927 C1_RECOVERY_R2_START
1772740076070156639 C1_RECOVERY_R2_END
1772740076071099791 C1_POSTBASELINE_START
1772740136072934746 C1_POSTBASELINE_END
1772740136075098718 C2_BASELINE_START
1772740196076975715 C2_BASELINE_END
1772740196080173783 C2_INTERVENTION_START
1772740376084648117 C2_INTERVENTION_END
1772740376085552879 C2_RECOVERY_R1_START
1772740556087358166 C2_RECOVERY_R1_END
1772740556088303707 C2_RECOVERY_R2_START
1772740856206577917 C2_RECOVERY_R2_END
1772740856209971356 C2_POSTBASELINE_START
1772740916211798817 C2_POSTBASELINE_END
1772740916214003455 C3_BASELINE_START
1772740976215868760 C3_BASELINE_END
1772740976219130125 C3_INTERVENTION_START
1772741156223441680 C3_INTERVENTION_END
1772741156224320424 C3_RECOVERY_R1_START
1772741336226078046 C3_RECOVERY_R1_END
1772741336227012049 C3_RECOVERY_R2_START
1772741636065419937 C3_RECOVERY_R2_END
1772741636066645238 C3_POSTBASELINE_START
1772741696068758104 C3_POSTBASELINE_END
