1776931676072073021 A_C1_BASELINE_START
1776931736074429818 A_C1_BASELINE_END
1776931736075297488 A_C1_INTERVENTION_START
1776931746076960490 A_C1_INTERVENTION_END
1776931746077832698 A_C1_RECOVERY_R1_START
1776931806079453216 A_C1_RECOVERY_R1_END
1776931806080294256 A_C1_RECOVERY_R2_START
1776931866082372330 A_C1_RECOVERY_R2_END
1776931866083198333 A_C1_POSTBASELINE_START
1776931926084943954 A_C1_POSTBASELINE_END
1776931926087820541 A_C2_BASELINE_START
1776931986089511398 A_C2_BASELINE_END
1776931986090375236 A_C2_INTERVENTION_START
1776931996092069533 A_C2_INTERVENTION_END
1776931996093069464 A_C2_RECOVERY_R1_START
1776932056094695812 A_C2_RECOVERY_R1_END
1776932056095563742 A_C2_RECOVERY_R2_START
1776932116097431031 A_C2_RECOVERY_R2_END
1776932116116194843 A_C2_POSTBASELINE_START
1776932176118239807 A_C2_POSTBASELINE_END
1776932176121156062 A_C3_BASELINE_START
1776932236122885189 A_C3_BASELINE_END
1776932236123786898 A_C3_INTERVENTION_START
1776932246125611582 A_C3_INTERVENTION_END
1776932246126677605 A_C3_RECOVERY_R1_START
1776932306128749775 A_C3_RECOVERY_R1_END
1776932306129635742 A_C3_RECOVERY_R2_START
1776932366131590978 A_C3_RECOVERY_R2_END
1776932366132592946 A_C3_POSTBASELINE_START
1776932426134285463 A_C3_POSTBASELINE_END
