1771416812161465299 R2_IDLE_A seconds=60 actions=B_SKELETON
1771416872163363003 SKIP_PROBE_A seconds=60
1771416932165128673 R2_IDLE_B seconds=30 actions=B_SKELETON
1771416962168929814 PROBE_B_START program=low
1771416962171857929 PROBE_B_END program=low
1771416962374545153 PROBE_B_START program=low
1771416962377495193 PROBE_B_END program=low
1771416962580208103 PROBE_B_START program=low
1771416962583109847 PROBE_B_END program=low
1771416962785756237 PROBE_B_START program=low
1771416962788636889 PROBE_B_END program=low
1771416962991180446 PROBE_B_START program=low
1771416962993878968 PROBE_B_END program=low
1771416963196557026 PROBE_B_START program=low
1771416963199465029 PROBE_B_END program=low
1771416963402114457 PROBE_B_START program=low
1771416963405019183 PROBE_B_END program=low
1771416963607677277 PROBE_B_START program=low
1771416963610618151 PROBE_B_END program=low
1771416963813285079 PROBE_B_START program=low
1771416963816097268 PROBE_B_END program=low
1771416964018679714 PROBE_B_START program=low
1771416964021360069 PROBE_B_END program=low
1771416964223977997 PROBE_B_START program=low
1771416964226851056 PROBE_B_END program=low
1771416964429572798 PROBE_B_START program=low
1771416964432429395 PROBE_B_END program=low
1771416964635088989 PROBE_B_START program=low
1771416964638010734 PROBE_B_END program=low
1771416964840698439 PROBE_B_START program=low
1771416964843535646 PROBE_B_END program=low
1771416965046100778 PROBE_B_START program=low
1771416965048758040 PROBE_B_END program=low
1771416965251403449 PROBE_B_START program=low
1771416965254344601 PROBE_B_END program=low
1771416965456938196 PROBE_B_START program=low
1771416965459858033 PROBE_B_END program=low
1771416965662527998 PROBE_B_START program=low
1771416965665461372 PROBE_B_END program=low
1771416965868136411 PROBE_B_START program=low
1771416965871077044 PROBE_B_END program=low
1771416966073733787 PROBE_B_START program=low
1771416966076559753 PROBE_B_END program=low
1771416966279201088 PROBE_B_START program=low
1771416966282113759 PROBE_B_END program=low
1771416966484800261 PROBE_B_START program=low
1771416966487684301 PROBE_B_END program=low
1771416966690349951 PROBE_B_START program=low
1771416966693440826 PROBE_B_END program=low
1771416966896329087 PROBE_B_START program=low
1771416966899506054 PROBE_B_END program=low
1771416967102521001 PROBE_B_START program=low
1771416967105372060 PROBE_B_END program=low
1771416967308016932 PROBE_B_START program=low
1771416967310977714 PROBE_B_END program=low
1771416967513745586 PROBE_B_START program=low
1771416967516628183 PROBE_B_END program=low
1771416967719202388 PROBE_B_START program=low
1771416967722094170 PROBE_B_END program=low
1771416967924747616 PROBE_B_START program=low
1771416967927588675 PROBE_B_END program=low
1771416968130240473 PROBE_B_START program=low
1771416968133025533 PROBE_B_END program=low
1771416968335676220 PROBE_B_START program=low
1771416968338591835 PROBE_B_END program=low
1771416968541244077 PROBE_B_START program=low
1771416968544068359 PROBE_B_END program=low
1771416968746732972 PROBE_B_START program=low
1771416968749673920 PROBE_B_END program=low
1771416968952358700 PROBE_B_START program=low
1771416968955253666 PROBE_B_END program=low
1771416969157813927 PROBE_B_START program=low
1771416969160441301 PROBE_B_END program=low
1771416969363051414 PROBE_B_START program=low
1771416969366008140 PROBE_B_END program=low
1771416969568695327 PROBE_B_START program=low
1771416969571545739 PROBE_B_END program=low
1771416969774170796 PROBE_B_START program=low
1771416969777080522 PROBE_B_END program=low
1771416969979746802 PROBE_B_START program=low
1771416969982688028 PROBE_B_END program=low
1771416970185276752 PROBE_B_START program=low
1771416970187876274 PROBE_B_END program=low
1771416970390522017 PROBE_B_START program=low
1771416970393507706 PROBE_B_END program=low
1771416970596199430 PROBE_B_START program=low
1771416970599140064 PROBE_B_END program=low
1771416970801831992 PROBE_B_START program=low
1771416970804709014 PROBE_B_END program=low
1771416971007342812 PROBE_B_START program=low
1771416971010259371 PROBE_B_END program=low
1771416971212817077 PROBE_B_START program=low
1771416971215398192 PROBE_B_END program=low
1771416971417983101 PROBE_B_START program=low
1771416971420868531 PROBE_B_END program=low
1771416971623519903 PROBE_B_START program=low
1771416971626482703 PROBE_B_END program=low
1771416971829169131 PROBE_B_START program=low
1771416971832027098 PROBE_B_END program=low
1771416972034674933 PROBE_B_START program=low
1771416972037635197 PROBE_B_END program=low
1771416972240360754 PROBE_B_START program=low
1771416972243270666 PROBE_B_END program=low
1771416972445953594 PROBE_B_START program=low
1771416972448850505 PROBE_B_END program=low
1771416972651545174 PROBE_B_START program=low
1771416972654490881 PROBE_B_END program=low
1771416972857153235 PROBE_B_START program=low
1771416972860039313 PROBE_B_END program=low
1771416973062716963 PROBE_B_START program=low
1771416973065650060 PROBE_B_END program=low
1771416973268215599 PROBE_B_START program=low
1771416973270884621 PROBE_B_END program=low
1771416973473480827 PROBE_B_START program=low
1771416973476382330 PROBE_B_END program=low
1771416973679054629 PROBE_B_START program=low
1771416973681990540 PROBE_B_END program=low
1771416973884733339 PROBE_B_START program=low
1771416973887762009 PROBE_B_END program=low
1771416974090543734 PROBE_B_START program=low
1771416974093616590 PROBE_B_END program=low
1771416974296413537 PROBE_B_START program=low
1771416974299229207 PROBE_B_END program=low
1771416974501969709 PROBE_B_START program=low
1771416974505035454 PROBE_B_END program=low
1771416974707755179 PROBE_B_START program=low
1771416974710760516 PROBE_B_END program=low
1771416974913539389 PROBE_B_START program=low
1771416974916630559 PROBE_B_END program=low
1771416975119353191 PROBE_B_START program=low
1771416975122382010 PROBE_B_END program=low
1771416975325292346 PROBE_B_START program=low
1771416975328363369 PROBE_B_END program=low
1771416975531184482 PROBE_B_START program=low
1771416975534195838 PROBE_B_END program=low
1771416975736986026 PROBE_B_START program=low
1771416975739980900 PROBE_B_END program=low
1771416975942770958 PROBE_B_START program=low
1771416975945792777 PROBE_B_END program=low
1771416976148572872 PROBE_B_START program=low
1771416976151597765 PROBE_B_END program=low
1771416976354464989 PROBE_B_START program=low
1771416976357548567 PROBE_B_END program=low
1771416976560377366 PROBE_B_START program=low
1771416976563326500 PROBE_B_END program=low
1771416976766073391 PROBE_B_START program=low
1771416976769119210 PROBE_B_END program=low
1771416976972016935 PROBE_B_START program=low
1771416976975266347 PROBE_B_END program=low
1771416977178290053 PROBE_B_START program=low
1771416977181282038 PROBE_B_END program=low
1771416977383979059 PROBE_B_START program=low
1771416977386697304 PROBE_B_END program=low
1771416977589361491 PROBE_B_START program=low
1771416977592311440 PROBE_B_END program=low
1771416977795083164 PROBE_B_START program=low
1771416977798112094 PROBE_B_END program=low
1771416978000833634 PROBE_B_START program=low
1771416978003817656 PROBE_B_END program=low
1771416978206565418 PROBE_B_START program=low
1771416978209589459 PROBE_B_END program=low
1771416978412328369 PROBE_B_START program=low
1771416978415124780 PROBE_B_END program=low
1771416978617862597 PROBE_B_START program=low
1771416978620931935 PROBE_B_END program=low
1771416978823714419 PROBE_B_START program=low
1771416978826781015 PROBE_B_END program=low
1771416979029544611 PROBE_B_START program=low
1771416979032531152 PROBE_B_END program=low
1771416979235245617 PROBE_B_START program=low
1771416979238267028 PROBE_B_END program=low
1771416979440987031 PROBE_B_START program=low
1771416979443898739 PROBE_B_END program=low
1771416979646568204 PROBE_B_START program=low
1771416979649573467 PROBE_B_END program=low
1771416979852418988 PROBE_B_START program=low
1771416979855453159 PROBE_B_END program=low
1771416980058199662 PROBE_B_START program=low
1771416980061231573 PROBE_B_END program=low
1771416980264010113 PROBE_B_START program=low
1771416980267000543 PROBE_B_END program=low
1771416980469668027 PROBE_B_START program=low
1771416980472464660 PROBE_B_END program=low
1771416980675107644 PROBE_B_START program=low
1771416980678141630 PROBE_B_END program=low
1771416980880807373 PROBE_B_START program=low
1771416980883840821 PROBE_B_END program=low
1771416981086535954 PROBE_B_START program=low
1771416981089485624 PROBE_B_END program=low
1771416981292141053 PROBE_B_START program=low
1771416981295021204 PROBE_B_END program=low
1771416981497703392 PROBE_B_START program=low
1771416981500438451 PROBE_B_END program=low
1771416981703057843 PROBE_B_START program=low
1771416981706011699 PROBE_B_END program=low
1771416981908643072 PROBE_B_START program=low
1771416981911511075 PROBE_B_END program=low
1771416982114095448 PROBE_B_START program=low
1771416982116973841 PROBE_B_END program=low
1771416982319649010 PROBE_B_START program=low
1771416982322556421 PROBE_B_END program=low
1771416982525354739 PROBE_B_START program=low
1771416982528223650 PROBE_B_END program=low
1771416982730720894 PROBE_B_START program=low
1771416982733389545 PROBE_B_END program=low
1771416982935988529 PROBE_B_START program=low
1771416982938889440 PROBE_B_END program=low
1771416983141616258 PROBE_B_START program=low
1771416983144462762 PROBE_B_END program=low
1771416983347146524 PROBE_B_START program=low
1771416983350088842 PROBE_B_END program=low
1771416983552841697 PROBE_B_START program=low
1771416983555744423 PROBE_B_END program=low
1771416983758452852 PROBE_B_START program=low
1771416983761374189 PROBE_B_END program=low
1771416983964055266 PROBE_B_START program=low
1771416983967059640 PROBE_B_END program=low
1771416984169805180 PROBE_B_START program=low
1771416984172876869 PROBE_B_END program=low
1771416984375639817 PROBE_B_START program=low
1771416984378646580 PROBE_B_END program=low
1771416984581529176 PROBE_B_START program=low
1771416984584645976 PROBE_B_END program=low
1771416984787402386 PROBE_B_START program=low
1771416984790487594 PROBE_B_END program=low
1771416984993315764 PROBE_B_START program=low
1771416984996325471 PROBE_B_END program=low
1771416985199126826 PROBE_B_START program=low
1771416985202170200 PROBE_B_END program=low
1771416985404925148 PROBE_B_START program=low
1771416985407938837 PROBE_B_END program=low
1771416985610855488 PROBE_B_START program=low
1771416985613978474 PROBE_B_END program=low
1771416985816724329 PROBE_B_START program=low
1771416985819692092 PROBE_B_END program=low
1771416986022426132 PROBE_B_START program=low
1771416986025548617 PROBE_B_END program=low
1771416986228316361 PROBE_B_START program=low
1771416986231232717 PROBE_B_END program=low
1771416986433862738 PROBE_B_START program=low
1771416986436703316 PROBE_B_END program=low
1771416986639479319 PROBE_B_START program=low
1771416986642604267 PROBE_B_END program=low
1771416986845417863 PROBE_B_START program=low
1771416986848609386 PROBE_B_END program=low
1771416987051440130 PROBE_B_START program=low
1771416987054401208 PROBE_B_END program=low
1771416987257077748 PROBE_B_START program=low
1771416987259939177 PROBE_B_END program=low
1771416987462551606 PROBE_B_START program=low
1771416987465431017 PROBE_B_END program=low
1771416987667957483 PROBE_B_START program=low
1771416987670618727 PROBE_B_END program=low
1771416987873160545 PROBE_B_START program=low
1771416987876021160 PROBE_B_END program=low
1771416988078709329 PROBE_B_START program=low
1771416988081628629 PROBE_B_END program=low
1771416988284290855 PROBE_B_START program=low
1771416988287170007 PROBE_B_END program=low
1771416988489789139 PROBE_B_START program=low
1771416988492668124 PROBE_B_END program=low
1771416988695302535 PROBE_B_START program=low
1771416988698046575 PROBE_B_END program=low
1771416988900667004 PROBE_B_START program=low
1771416988903523027 PROBE_B_END program=low
1771416989106153826 PROBE_B_START program=low
1771416989109042978 PROBE_B_END program=low
1771416989311668796 PROBE_B_START program=low
1771416989314562985 PROBE_B_END program=low
1771416989517202173 PROBE_B_START program=low
1771416989520030214 PROBE_B_END program=low
1771416989722727254 PROBE_B_START program=low
1771416989725568276 PROBE_B_END program=low
1771416989928133168 PROBE_B_START program=low
1771416989930876375 PROBE_B_END program=low
1771416990133471711 PROBE_B_START program=low
1771416990136374493 PROBE_B_END program=low
1771416990339075200 PROBE_B_START program=low
1771416990341984463 PROBE_B_END program=low
1771416990544679948 PROBE_B_START program=low
1771416990547571248 PROBE_B_END program=low
1771416990750275714 PROBE_B_START program=low
1771416990753208310 PROBE_B_END program=low
1771416990955893313 PROBE_B_START program=low
1771416990958814687 PROBE_B_END program=low
1771416991161542839 PROBE_B_START program=low
1771416991164424361 PROBE_B_END program=low
1771416991367119253 PROBE_B_START program=low
1771416991370060461 PROBE_B_END program=low
1771416991572744205 PROBE_B_START program=low
1771416991575639949 PROBE_B_END program=low
1771416991778592916 PROBE_B_START program=low
1771416991781558605 PROBE_B_END program=low
1771416991984250590 PROBE_B_START program=low
1771416991987141445 PROBE_B_END program=low
1771416992189799356 PROBE_B_START program=low
1771416992192662785 PROBE_B_END program=low
1771416992395352955 PROBE_B_START program=low
1771416992398308422 PROBE_B_END program=low
1771416992600901370 PROBE_B_START program=low
1771416992603887003 PROBE_B_END program=low
1771416992806750766 PROBE_B_START program=low
1771416992810189715 PROBE_B_END program=low
1771416993013133700 PROBE_B_START program=low
1771416993016116389 PROBE_B_END program=low
1771416993218876670 PROBE_B_START program=low
1771416993221945637 PROBE_B_END program=low
1771416993424771067 PROBE_B_START program=low
1771416993427816441 PROBE_B_END program=low
1771416993630584944 PROBE_B_START program=low
1771416993633657615 PROBE_B_END program=low
1771416993838158417 PROBE_B_START program=low
1771416993841359106 PROBE_B_END program=low
1771416994044274017 PROBE_B_START program=low
1771416994047292392 PROBE_B_END program=low
1771416994250067192 PROBE_B_START program=low
1771416994253086307 PROBE_B_END program=low
1771416994455827051 PROBE_B_START program=low
1771416994458869444 PROBE_B_END program=low
1771416994661672392 PROBE_B_START program=low
1771416994664709210 PROBE_B_END program=low
1771416994867644566 PROBE_B_START program=low
1771416994870746792 PROBE_B_END program=low
1771416995073560592 PROBE_B_START program=low
1771416995076621855 PROBE_B_END program=low
1771416995279372211 PROBE_B_START program=low
1771416995282438307 PROBE_B_END program=low
1771416995485159792 PROBE_B_START program=low
1771416995488187759 PROBE_B_END program=low
1771416995690961874 PROBE_B_START program=low
1771416995693977137 PROBE_B_END program=low
1771416995896912511 PROBE_B_START program=low
1771416995899978182 PROBE_B_END program=low
1771416996102783000 PROBE_B_START program=low
1771416996105683467 PROBE_B_END program=low
1771416996308495119 PROBE_B_START program=low
1771416996311644438 PROBE_B_END program=low
1771416996514535756 PROBE_B_START program=low
1771416996518085427 PROBE_B_END program=low
1771416996720951727 PROBE_B_START program=low
1771416996723981991 PROBE_B_END program=low
1771416996926848365 PROBE_B_START program=low
1771416996929845998 PROBE_B_END program=low
1771416997132529668 PROBE_B_START program=low
1771416997135360987 PROBE_B_END program=low
1771416997338055194 PROBE_B_START program=low
1771416997341067661 PROBE_B_END program=low
1771416997543799239 PROBE_B_START program=low
1771416997546784909 PROBE_B_END program=low
1771416997749538617 PROBE_B_START program=low
1771416997752550102 PROBE_B_END program=low
1771416997955716532 PROBE_B_START program=low
1771416997959498815 PROBE_B_END program=low
1771416998162394559 PROBE_B_START program=low
1771416998165450341 PROBE_B_END program=low
1771416998368278882 PROBE_B_START program=low
1771416998371266330 PROBE_B_END program=low
1771416998574012056 PROBE_B_START program=low
1771416998577012856 PROBE_B_END program=low
1771416998779747712 PROBE_B_START program=low
1771416998782741827 PROBE_B_END program=low
1771416998985942776 PROBE_B_START program=low
1771416998989460595 PROBE_B_END program=low
1771416999192355136 PROBE_B_START program=low
1771416999195316288 PROBE_B_END program=low
1771416999398082366 PROBE_B_START program=low
1771416999401111462 PROBE_B_END program=low
1771416999603881670 PROBE_B_START program=low
1771416999606930377 PROBE_B_END program=low
1771416999809670381 PROBE_B_START program=low
1771416999812675089 PROBE_B_END program=low
1771417000015793074 PROBE_B_START program=low
1771417000019516209 PROBE_B_END program=low
1771417000222495639 PROBE_B_START program=low
1771417000225592698 PROBE_B_END program=low
1771417000428430739 PROBE_B_START program=low
1771417000431414725 PROBE_B_END program=low
1771417000634173691 PROBE_B_START program=low
1771417000637210881 PROBE_B_END program=low
1771417000839982384 PROBE_B_START program=low
1771417000843025018 PROBE_B_END program=low
1771417001046161078 PROBE_B_START program=low
1771417001049767175 PROBE_B_END program=low
1771417001252740012 PROBE_B_START program=low
1771417001255784887 PROBE_B_END program=low
1771417001458536002 PROBE_B_START program=low
1771417001461470469 PROBE_B_END program=low
1771417001664171880 PROBE_B_START program=low
1771417001667104217 PROBE_B_END program=low
1771417001869743258 PROBE_B_START program=low
1771417001872626539 PROBE_B_END program=low
1771417002075579210 PROBE_B_START program=low
1771417002080092012 PROBE_B_END program=low
1771417002283044831 PROBE_B_START program=low
1771417002285972613 PROBE_B_END program=low
1771417002488691783 PROBE_B_START program=low
1771417002491616805 PROBE_B_END program=low
1771417002694282531 PROBE_B_START program=low
1771417002697218257 PROBE_B_END program=low
1771417002899883039 PROBE_B_START program=low
1771417002902822821 PROBE_B_END program=low
1771417003105489306 PROBE_B_START program=low
1771417003108595365 PROBE_B_END program=low
1771417003311356092 PROBE_B_START program=low
1771417003314119947 PROBE_B_END program=low
1771417003516764321 PROBE_B_START program=low
1771417003519600603 PROBE_B_END program=low
1771417003722259273 PROBE_B_START program=low
1771417003725176110 PROBE_B_END program=low
1771417003927832244 PROBE_B_START program=low
1771417003930751729 PROBE_B_END program=low
1771417004133422529 PROBE_B_START program=low
1771417004136319959 PROBE_B_END program=low
1771417004338921444 PROBE_B_START program=low
1771417004341751022 PROBE_B_END program=low
1771417004544394248 PROBE_B_START program=low
1771417004547295270 PROBE_B_END program=low
1771417004750000608 PROBE_B_START program=low
1771417004752904759 PROBE_B_END program=low
1771417004955554097 PROBE_B_START program=low
1771417004958762434 PROBE_B_END program=low
1771417005161445679 PROBE_B_START program=low
1771417005164360016 PROBE_B_END program=low
1771417005366918279 PROBE_B_START program=low
1771417005369605894 PROBE_B_END program=low
1771417005572207323 PROBE_B_START program=low
1771417005575794680 PROBE_B_END program=low
1771417005778632184 PROBE_B_START program=low
1771417005781763540 PROBE_B_END program=low
1771417005984508877 PROBE_B_START program=low
1771417005987400048 PROBE_B_END program=low
1771417006190070533 PROBE_B_START program=low
1771417006192956204 PROBE_B_END program=low
1771417006395697356 PROBE_B_START program=low
1771417006398629008 PROBE_B_END program=low
1771417006601334567 PROBE_B_START program=low
1771417006604221812 PROBE_B_END program=low
1771417006806930779 PROBE_B_START program=low
1771417006809823523 PROBE_B_END program=low
1771417007012460157 PROBE_B_START program=low
1771417007015347476 PROBE_B_END program=low
1771417007218009572 PROBE_B_START program=low
1771417007220790965 PROBE_B_END program=low
1771417007423510413 PROBE_B_START program=low
1771417007426446324 PROBE_B_END program=low
1771417007629101310 PROBE_B_START program=low
1771417007631926499 PROBE_B_END program=low
1771417007834581132 PROBE_B_START program=low
1771417007837402006 PROBE_B_END program=low
1771417008040006066 PROBE_B_START program=low
1771417008042896255 PROBE_B_END program=low
1771417008245546518 PROBE_B_START program=low
1771417008248410596 PROBE_B_END program=low
1771417008451102859 PROBE_B_START program=low
1771417008454058363 PROBE_B_END program=low
1771417008656733941 PROBE_B_START program=low
1771417008659658093 PROBE_B_END program=low
1771417008862309394 PROBE_B_START program=low
1771417008865222731 PROBE_B_END program=low
1771417009067933013 PROBE_B_START program=low
1771417009070864183 PROBE_B_END program=low
1771417009273601373 PROBE_B_START program=low
1771417009276519265 PROBE_B_END program=low
1771417009479202084 PROBE_B_START program=low
1771417009482141440 PROBE_B_END program=low
1771417009684819666 PROBE_B_START program=low
1771417009687719392 PROBE_B_END program=low
1771417009890382119 PROBE_B_START program=low
1771417009893310586 PROBE_B_END program=low
1771417010096009368 PROBE_B_START program=low
1771417010098959575 PROBE_B_END program=low
1771417010301783505 PROBE_B_START program=low
1771417010304866195 PROBE_B_END program=low
1771417010507606680 PROBE_B_START program=low
1771417010510516295 PROBE_B_END program=low
1771417010713280281 PROBE_B_START program=low
1771417010716293618 PROBE_B_END program=low
1771417010919068438 PROBE_B_START program=low
1771417010922092071 PROBE_B_END program=low
1771417011124857650 PROBE_B_START program=low
1771417011127882005 PROBE_B_END program=low
1771417011330663232 PROBE_B_START program=low
1771417011333645754 PROBE_B_END program=low
1771417011536344203 PROBE_B_START program=low
1771417011539175984 PROBE_B_END program=low
1771417011741921674 PROBE_B_START program=low
1771417011744906567 PROBE_B_END program=low
1771417011947614460 PROBE_B_START program=low
1771417011950615834 PROBE_B_END program=low
1771417012153381191 PROBE_B_START program=low
1771417012156461398 PROBE_B_END program=low
1771417012359162125 PROBE_B_START program=low
1771417012362133906 PROBE_B_END program=low
1771417012564809040 PROBE_B_START program=low
1771417012567565340 PROBE_B_END program=low
1771417012770266900 PROBE_B_START program=low
1771417012773360071 PROBE_B_END program=low
1771417012976167631 PROBE_B_START program=low
1771417012979199283 PROBE_B_END program=low
1771417013181971139 PROBE_B_START program=low
1771417013184997013 PROBE_B_END program=low
1771417013387759111 PROBE_B_START program=low
1771417013390768966 PROBE_B_END program=low
1771417013593466063 PROBE_B_START program=low
1771417013596222456 PROBE_B_END program=low
1771417013798948368 PROBE_B_START program=low
1771417013801983668 PROBE_B_END program=low
1771417014004812302 PROBE_B_START program=low
1771417014007822584 PROBE_B_END program=low
1771417014210597922 PROBE_B_START program=low
1771417014213657407 PROBE_B_END program=low
1771417014416513671 PROBE_B_START program=low
1771417014419529582 PROBE_B_END program=low
1771417014622210809 PROBE_B_START program=low
1771417014625074905 PROBE_B_END program=low
1771417014827821187 PROBE_B_START program=low
1771417014830835062 PROBE_B_END program=low
1771417015033639011 PROBE_B_START program=low
1771417015036675311 PROBE_B_END program=low
1771417015239465853 PROBE_B_START program=low
1771417015242529616 PROBE_B_END program=low
1771417015445324602 PROBE_B_START program=low
1771417015448409902 PROBE_B_END program=low
1771417015651064314 PROBE_B_START program=low
1771417015654394578 PROBE_B_END program=low
1771417015857277434 PROBE_B_START program=low
1771417015860480476 PROBE_B_END program=low
1771417016063281314 PROBE_B_START program=low
1771417016066353688 PROBE_B_END program=low
1771417016269152193 PROBE_B_START program=low
1771417016272116363 PROBE_B_END program=low
1771417016474869368 PROBE_B_START program=low
1771417016477918131 PROBE_B_END program=low
1771417016680653636 PROBE_B_START program=low
1771417016683643806 PROBE_B_END program=low
1771417016886341977 PROBE_B_START program=low
1771417016889363296 PROBE_B_END program=low
1771417017092058949 PROBE_B_START program=low
1771417017094979453 PROBE_B_END program=low
1771417017297691365 PROBE_B_START program=low
1771417017300724369 PROBE_B_END program=low
1771417017503551744 PROBE_B_START program=low
1771417017506617062 PROBE_B_END program=low
1771417017709455882 PROBE_B_START program=low
1771417017712554905 PROBE_B_END program=low
1771417017915297446 PROBE_B_START program=low
1771417017918318932 PROBE_B_END program=low
1771417018121057696 PROBE_B_START program=low
1771417018124078922 PROBE_B_END program=low
1771417018326812112 PROBE_B_START program=low
1771417018329920338 PROBE_B_END program=low
1771417018532672361 PROBE_B_START program=low
1771417018535659384 PROBE_B_END program=low
1771417018738364851 PROBE_B_START program=low
1771417018741232225 PROBE_B_END program=low
1771417018943964248 PROBE_B_START program=low
1771417018947000401 PROBE_B_END program=low
1771417019149724053 PROBE_B_START program=low
1771417019152852909 PROBE_B_END program=low
1771417019355692988 PROBE_B_START program=low
1771417019358727603 PROBE_B_END program=low
1771417019561431812 PROBE_B_START program=low
1771417019564472890 PROBE_B_END program=low
1771417019767110413 PROBE_B_START program=low
1771417019769851935 PROBE_B_END program=low
1771417019972579810 PROBE_B_START program=low
1771417019975567425 PROBE_B_END program=low
1771417020178368134 PROBE_B_START program=low
1771417020181404434 PROBE_B_END program=low
1771417020384216902 PROBE_B_START program=low
1771417020387271961 PROBE_B_END program=low
1771417020590053892 PROBE_B_START program=low
1771417020593100137 PROBE_B_END program=low
1771417020795813790 PROBE_B_START program=low
1771417020798591053 PROBE_B_END program=low
1771417021001246168 PROBE_B_START program=low
1771417021004176339 PROBE_B_END program=low
1771417021206936233 PROBE_B_START program=low
1771417021210050366 PROBE_B_END program=low
1771417021412903390 PROBE_B_START program=low
1771417021415932838 PROBE_B_END program=low
1771417021618705825 PROBE_B_START program=low
1771417021621744199 PROBE_B_END program=low
1771417021824403555 PROBE_B_START program=low
1771417021827113615 PROBE_B_END program=low
1771417022029804990 R2_IDLE_C seconds=30 actions=B_SKELETON
1771417052031733870 SKIP_PROBE_C seconds=60
