1768221151228526103 101576994
1768221151330893932 101552994
1768221151433280428 101553401
1768221151535631035 101531030
1768221151637986439 101518642
1768221151740340046 101517309
1768221151842738783 101574346
1768221151945120538 101562549
1768221152047493978 101547419
1768221152149992697 101605346
1768221152252371452 101531679
1768221152354746725 101548827
1768221152457113702 101522752
1768221152559469235 101533734
1768221152661791749 101502012
1768221152764155597 101518568
1768221152866471889 101489290
1768221152968740736 101475289
1768221153071000398 101472827
1768221153173247597 101465030
1768221153275517425 101481363
1768221153377757494 101456844
1768221153480025841 101465141
1768221153582295873 101486900
1768221153684573980 101473326
1768221153786828882 101461511
1768221153889084655 101451493
1768221153991331113 101471900
1768221154093566552 101453511
1768221154195830251 101468641
1768221154298073098 101456123
1768221154400305814 101460529
1768221154502582069 101486345
1768221154604845249 101464956
1768221154707138725 101499289
1768221154809403998 101462993
1768221154911672844 101476955
1768221155013930154 101469048
1768221155116211648 101477881
1768221155218506847 101505233
1768221155320760730 101452807
1768221155422996114 101448178
1768221155525247627 101458030
1768221155627550010 101516066
1768221155729860912 101517029
1768221155832151314 101470196
1768221155934424698 101482419
1768221156036672192 101459251
1768221156138934612 101472881
1768221156241233347 101497677
1768221156343489323 101467788
1768221156445716132 101446511
1768221156547974441 101457733
1768221156650235528 101472807
1768221156752497781 101455103
1768221156854756201 101475251
1768221156957023085 101466381
1768221157059296801 101489825
1768221157161516591 101441103
1768221157263804659 101466954
1768221157366077820 101471047
1768221157468309128 101455380
1768221157570581400 101490529
1768221157672858042 101470677
1768221157775140018 101494140
1768221157877387178 101465917
1768221157979633561 101460436
1768221158081897277 101468917
1768221158184158493 101461825
1768221158286433950 101487844
1768221158388684388 101460177
1768221158490922603 101456083
1768221158593156856 101459121
1768221158695423683 101482047
1768221158797661473 101452825
1768221158899945819 101480621
1768221159002190590 101459695
1768221159104454361 101470954
1768221159206706929 101469621
1768221159308947551 101457268
1768221159411188434 101472177
1768221159513431112 101451250
1768221159615734106 101517918
1768221159717966173 101454417
1768221159820213759 101452343
1768221159922471104 101479491
1768221160024695116 101442251
1768221160126942220 101472324
1768221160229180583 101455454
1768221160331435928 101477806
1768221160433705440 101486825
1768221160535982451 101470991
1768221160638233203 101465546
1768221160740493011 101458120
1768221160842736727 101463917
1768221160944987201 101463805
1768221161047234601 101468898
1768221161149470150 101455880
1768221161251750161 101499528
1768221161354115524 101501231
1768221161456396184 101467065
1768221161558661102 101489712
1768221161660924114 101449954
1768221161763285570 101583991
1768221161865561988 101460490
1768221161967859370 101494676
1768221162070108418 101458971
1768221162172333651 101450119
1768221162274598181 101469657
1768221162376843081 101461027
1768221162479134777 101499879
1768221162581385584 101458694
1768221162683640799 101475046
1768221162785899069 101469916
1768221162888173988 101468972
1768221162990443647 101486991
1768221163092691435 101453990
1768221163194984242 101510008
1768221163297234531 101454046
1768221163399529708 101509120
1768221163501808497 101479731
1768221163604126711 101502620
1768221163706481000 101550527
1768221163808762825 101478415
1768221163911058984 101502508
1768221164013357143 101517897
1768221164115666283 101513563
1768221164217911053 101459582
1768221164320182637 101470619
1768221164422465796 101499768
1768221164524737195 101488971
1768221164627001984 101475379
1768221164729268475 101466823
1768221164831532949 101484342
1768221164933763015 101450546
1768221165036017043 101461100
1768221165138280053 101473026
1768221165240545304 101467322
1768221165342808388 101481822
1768221165445078973 101489638
1768221165547349112 101477822
1768221165649595622 101462637
1768221165751866392 101470212
1768221165854111291 101456397
1768221165956328356 101443063
1768221166058601496 101485693
1768221166160848302 101453304
1768221166263086756 101454526
1768221166365305358 101435340
1768221166467650720 101476508
1768221166569914100 101465655
1768221166672190832 101480470
1768221166774476565 101486304
1768221166876715056 101455211
1768221166978936695 101439489
1768221167081164593 101452766
1768221167183425251 101477063
1768221167285667649 101460396
1768221167387918529 101459266
1768221167490171057 101472970
1768221167592429363 101480748
1768221167694744058 101522896
1768221167797105142 101560100
1768221167899425003 101508470
1768221168001663402 101453582
1768221168103917744 101454229
1768221168206153976 101452544
1768221168308386392 101463840
1768221168410671716 101501192
1768221168512933225 101457710
1768221168615194253 101487137
1768221168717432318 101452340
1768221168819685457 101470711
1768221168921912725 101456433
1768221169024170530 101460784
1768221169126440225 101474600
1768221169228683863 101457025
1768221169330919983 101466914
1768221169433133918 101454414
1768221169535359353 101454822
1768221169637604287 101461025
1768221169739868741 101459192
1768221169842130583 101466784
1768221169944369314 101449970
1768221170046629767 101472506
1768221170148898887 101483803
1768221170251179322 101479284
1768221170353432294 101464044
1768221170455684598 101463784
1768221170557942366 101473951
1768221170660305227 101508488
1768221170762568643 101476266
1768221170864807800 101450081
1768221170967066253 101478081
1768221171069301928 101455988
1768221171171560529 101475117
1768221171273783852 101439432
1768221171376012156 101437339
1768221171478242683 101449506
1768221171580553081 101498247
1768221171682831496 101484913
1768221171785068357 101445173
1768221171887328902 101475265
1768221171989566188 101461802
1768221172091829289 101463469
1768221172194074556 101464376
1768221172296313934 101457765
1768221172398560554 101470266
1768221172500800136 101447821
1768221172603040236 101457913
1768221172705295152 101469673
1768221172807566660 101483765
1768221172909800056 101453690
1768221173012054009 101453487
1768221173114302368 101466412
1768221173216545302 101453283
1768221173318787717 101454413
1768221173420997243 101437135
1768221173523243677 101462043
1768221173625466666 101446542
1768221173727843915 101595136
1768221173830140886 101467024
1768221173932346393 101436153
1768221174034579272 101454654
1768221174136818075 101460042
1768221174239069786 101468764
1768221174341312461 101458728
1768221174443571616 101474857
1768221174545806920 101454968
1768221174648111798 101495283
1768221174750387620 101490635
1768221174852655646 101473487
1768221174954882691 101456598
1768221175057108235 101440450
1768221175159373150 101481524
1768221175261594934 101446430
1768221175363869553 101465801
1768221175466102504 101454282
1768221175568314956 101442449
1768221175670586945 101485431
1768221175772852285 101472746
1768221175875122403 101481560
1768221175977360948 101455172
1768221176079605380 101461171
1768221176181843387 101451152
1768221176284112450 101476894
1768221176386401827 101498375
1768221176488639964 101453783
1768221176590877841 101464912
1768221176693325478 101581653
1768221176795679170 101521727
1768221176897991511 101513876
1768221177000265203 101465690
1768221177102566432 101486283
1768221177204827309 101460005
1768221177307106982 101481542
1768221177409350637 101445690
1768221177511608829 101471246
1768221177613869205 101470245
1768221177716174175 101484504
1768221177818451311 101477411
1768221177920723059 101461467
1768221178022979954 101460541
1768221178125211701 101451041
1768221178227476189 101470245
1768221178329718862 101458522
1768221178431989535 101463097
1768221178534235319 101462541
1768221178636518251 101463856
1768221178738774924 101468467
1768221178841021338 101461726
1768221178943269437 101466041
1768221179045515203 101462819
1768221179147773820 101455874
1768221179250023326 101460448
1768221179352281536 101463282
1768221179454546523 101479004
1768221179556791233 101453671
1768221179659024109 101449300
1768221179761328449 101508912
1768221179863651658 101498818
1768221179965909128 101467430
1768221180068173467 101463837
1768221180170426584 101469597
1768221180272665849 101457911
1768221180374906650 101458114
1768221180477135971 101452004
1768221180579375032 101462299
1768221180681604112 101453707
1768221180783872914 101468707
1768221180886131050 101474467
1768221180988381722 101468115
1768221181090625579 101462633
1768221181192851362 101444392
1768221181295089460 101467929
1768221181397319688 101453929
1768221181499553619 101454503
1768221181601902125 101517966
1768221181704234260 101500503
1768221181806556785 101502171
1768221181908825716 101473725
1768221182011104333 101488300
1768221182113369319 101484873
1768221182215621325 101464170
1768221182317848737 101444818
1768221182420103520 101452299
1768221182522367951 101476281
1768221182624615345 101455670
1768221182726867202 101476447
1768221182829110244 101459169
1768221182931384416 101492892
1768221183033618088 101444577
1768221183135884223 101466985
1768221183238173135 101499447
1768221183340472344 101509836
1768221183442759608 101489373
1768221183545011761 101465540
1768221183647294377 101498151
1768221183749567660 101492133
1768221183851861980 101460633
1768221183954109948 101460855
1768221184056363045 101474188
1768221184158633661 101485373
1768221184260912036 101473521
1768221184363179448 101488095
1768221184465425138 101455225
1768221184567676179 101463910
1768221184669913054 101461187
1768221184772163392 101459039
1768221184874414693 101474502
1768221184976653031 101457077
1768221185078904239 101463206
1768221185181142558 101451447
1768221185283390229 101458984
1768221185385616419 101442354
1768221185487869960 101470076
1768221185590111353 101462632
1768221185692363672 101464650
1768221185794742140 101591725
1768221185897065293 101501058
1768221185999337149 101481854
1768221186101571634 101455039
1768221186203834138 101459390
1768221186306078290 101462742
1768221186408300998 101455724
1768221186510560965 101474872
1768221186612864840 101486113
1768221186715116529 101466057
1768221186817360089 101452928
1768221186919636370 101483631
1768221187021897393 101468354
1768221187124151915 101450483
1768221187226412271 101471242
1768221187328643664 101453687
1768221187430873723 101456317
1768221187533107263 101444482
1768221187635387342 101500187
1768221187737615382 101450409
1768221187839886127 101474854
1768221187942119464 101450983
1768221188044353967 101459001
1768221188146609619 101466298
1768221188248844771 101448853
1768221188351086997 101469743
1768221188453429500 101557020
1768221188555740652 101459594
1768221188657975970 101452316
1768221188760237752 101461706
1768221188862499107 101472205
1768221188964736073 101458908
1768221189067023151 101499483
1768221189169245061 101445130
1768221189271495250 101463575
1768221189373725327 101446649
1768221189475996015 101485704
1768221189578252593 101478890
1768221189680576466 101480315
1768221189782832358 101477593
1768221189885076010 101440242
1768221189987335698 101476853
1768221190089575627 101453593
1768221190191878797 101471445
1768221190294131615 101452149
1768221190396358210 101449741
1768221190498599250 101459538
1768221190600856883 101475186
1768221190703161830 101513890
1768221190805409981 101455426
1768221190907670762 101476575
1768221191009947728 101484094
1768221191112212286 101465037
1768221191214477252 101485205
1768221191316735440 101456871
1768221191418976831 101464112
1768221191521220704 101464167
1768221191623532114 101523000
1768221191725807913 101501908
1768221191828119453 101479500
1768221191930383548 101470500
1768221192033568646 101471093
1768221192135833778 101463315
1768221192238082095 101468148
1768221192340359764 101495481
1768221192442623859 101479611
1768221192544875399 101461371
1768221192647145142 101478982
1768221192749376719 101455130
1768221192851622110 101459315
1768221192953871760 101449204
1768221193056125577 101461778
1768221193158384802 101471778
1768221193260612989 101447889
1768221193362835917 101444333
1768221193465078623 101455667
1768221193567325680 101471055
1768221193669567460 101451796
1768221193771854407 101486482
1768221193874110872 101464722
1768221193976351689 101455000
1768221194078619857 101480574
1768221194180868229 101462110
1768221194283133750 101490722
1768221194385382289 101454685
1768221194487601105 101444777
1768221194589857255 101468685
1768221194692135164 101467962
1768221194794386926 101464111
1768221194896632631 101466592
1768221194998886003 101465814
1768221195101128375 101455740
1768221195203376432 101468907
1768221195305618489 101460221
1768221195407880565 101458999
1768221195510115603 101455888
1768221195612376012 101462406
1768221195714612477 101463222
1768221195816845867 101447684
1768221195919106628 101478925
1768221196021333093 101443092
1768221196123595575 101472017
1768221196225833280 101453666
1768221196328118356 101488722
1768221196430355672 101454703
1768221196532584654 101454258
1768221196634823600 101455629
1768221196737062935 101452888
1768221196839329806 101478999
1768221196941563863 101456925
1768221197043962680 101514055
1768221197146250107 101484851
1768221197248519071 101470703
1768221197350773831 101477906
1768221197453004554 101451777
1768221197555267444 101482425
1768221197657496908 101458647
1768221197759836372 101540444
1768221197862139336 101489332
1768221197964399152 101469092
1768221198066639838 101462017
1768221198168891950 101467110
1768221198271151173 101481777
1768221198373388136 101460665
1768221198475605248 101440998
1768221198577837527 101445795
1768221198680108250 101467721
1768221198782363232 101467462
1768221198884604714 101457758
1768221198986846937 101464591
1768221199089074234 101449795
1768221199191342456 101483850
1768221199293575716 101461295
1768221199395827772 101448054
1768221199498073235 101457498
1768221199600316365 101468350
1768221199702575236 101479535
1768221199804805774 101449795
1768221199907078700 101485239
1768221200009350552 101485220
1768221200111607626 101460294
1768221200213864627 101472258
1768221200316151034 101484979
1768221200418424368 101477665
1768221200520671220 101459517
1768221200622920702 101468943
1768221200725171776 101463035
1768221200827422313 101469554
1768221200929655202 101453591
1768221201031914424 101460331
1768221201134144165 101442998
1768221201236383665 101471516
1768221201338637017 101474183
1768221201440893665 101467480
1768221201543153239 101474961
1768221201645388331 101451942
1768221201747658924 101486054
1768221201849904701 101458294
1768221201952174424 101471498
1768221202054450127 101480405
1768221202156898979 101583535
1768221202259226201 101499738
1768221202361565868 101483313
1768221202463915664 101508887
1768221202566280127 101527479
1768221202668601627 101509961
1768221202770938052 101507590
1768221202873241256 101483850
1768221202975567737 101495479
1768221203077904700 101510090
1768221203180242181 101499516
1768221203282560792 101501183
1768221203384862773 101478220
1768221203487198142 101505923
1768221203589523216 101494534
1768221203691827215 101461645
1768221203794244623 101599757
1768221203896615159 101507404
1768221203998952048 101496664
1768221204101250751 101487738
1768221204203552139 101485404
1768221204305806305 101471831
1768221204408119156 101491479
1768221204510415081 101506775
1768221204612691451 101473646
1768221204714940116 101465460
1768221204817180504 101450497
1768221204919433633 101468997
1768221205021693169 101469812
1768221205123985464 101486311
1768221205226234481 101455718
1768221205328490128 101459237
1768221205430736905 101463626
1768221205532999034 101475664
1768221205635286569 101497941
1768221205737526587 101461053
1768221205839779437 101453404
1768221205942016899 101457589
1768221206044280602 101462201
1768221206146538563 101474441
1768221206248762765 101446441
1768221206350994930 101450607
1768221206453227355 101453348
1768221206555515724 101505886
1768221206657808222 101474829
1768221206760115166 101491367
1768221206862382109 101470089
1768221206964630181 101467904
1768221207066880902 101464533
1768221207169145623 101458274
1768221207271458065 101519292
1768221207373714508 101470274
1768221207475967006 101459866
1768221207578230764 101478607
1768221207680507984 101473273
1768221207782743890 101457663
1768221207884965240 101438940
1768221207987205461 101461015
1768221208089434311 101444774
1768221208191677457 101469422
1768221208293904640 101443700
1768221208396161990 101457885
1768221208498439877 101481182
1768221208600681097 101454866
1768221208702917539 101454033
1768221208805157407 101454310
1768221208907412757 101472051
1768221209009657848 101465626
1768221209111938198 101481700
1768221209214196306 101463977
1768221209316457952 101466218
1768221209418691506 101464237
1768221209520938781 101464773
1768221209623250964 101531459
1768221209725598092 101562904
1768221209827943830 101489347
1768221209930184828 101457977
1768221210032443881 101460217
1768221210134698435 101471792
1768221210236950932 101472829
1768221210339223837 101479829
1768221210441456779 101449662
1768221210543724535 101483569
1768221210646008626 101487440
1768221210748308938 101491995
1768221210850586584 101481255
1768221210952847729 101474051
1768221211055143301 101502958
1768221211157810947 101878570
1768221211260472649 101656106
1768221211362720776 101460125
1768221211464602680 101213328
1768221211566454528 101249513
1768221211668289579 101193735
1768221211770146372 101265143
1768221211872015016 101269680
1768221211973868049 101235142
1768221212075853546 101302717
1768221212177784949 101271939
1768221212279643371 101195068
1768221212399931694 101375513
1768221212501878783 101280828
