1768221212603805557 101262995
1768221212705769812 101231124
1768221212807671475 101236754
1768221212909501285 101204883
1768221213011455948 101289661
1768221213113388759 101306698
1768221213215333606 101298031
1768221213317350862 101372865
1768221213419325339 101274253
1768221213521219501 101254605
1768221213623213701 101352124
1768221213725145660 101269939
1768221213827115989 101300105
1768221213928954633 101217420
1768221214031013332 101452179
1768221214132930513 101235734
1768221214234948602 101374124
1768221214337168320 101494698
1768221214438967389 101205364
1768221214540940496 101357272
1768221214642820454 101280623
1768221214744937265 101367346
1768221214846758520 101217957
1768221214948827034 101361086
1768221215050701307 101286956
1768221215152507265 101173419
1768221215254386427 101247290
1768221215356162625 101182011
1768221215457924935 101174178
1768221215559985912 101456179
1768221215662173056 101375512
1768221215763988403 101183530
1768221215865809046 101196234
1768221215967674301 101196494
1768221216069739407 101408049
1768221216172121292 101703772
1768221216274115547 101386068
1768221216376480469 101533753
1768221216479058966 101628939
1768221216581644036 101756216
1768221216684593016 101826977
1768221216787214679 101694883
1768221216889774176 101664939
1768221216992337932 101680958
1768221217095019817 101763531
1768221217197584129 101688309
1768221217300142958 101680308
1768221217402645640 101646716
1768221217505239266 101691753
1768221217607906578 101729254
1768221217710483296 101716012
1768221217813023089 101657827
1768221217915583345 101680254
1768221218018179230 101732791
1768221218120857430 101760661
1768221218223487260 101745161
1768221218326047274 101680049
1768221218428658141 101686068
1768221218531213730 101664438
1768221218641020357 101724198
1768221218743721649 101766753
1768221218846419238 101774271
1768221218948960161 101637087
1768221219051372341 101567123
1768221219153803985 101595234
1768221219256133684 101507678
1768221219358476790 101530270
1768221219460945508 101652604
1768221219563359467 101542197
1768221219665610517 101458011
1768221219767821661 101490438
1768221219870114563 101541141
1768221219972679078 101653068
1768221220075311629 101730068
1768221220177693550 101610660
1768221220279973008 101499845
1768221220382458003 101674234
1768221220484838276 101606271
1768221220587286975 101613771
1768221220689525859 101491900
1768221220792061706 101692363
1768221220894587443 101741160
1768221220997079420 101555512
1768221221099429840 101576344
1768221221202031095 101759586
1768221221304390960 101519566
1768221221406294324 101218158
1768221221508090688 101215010
1768221221609971052 101228196
1768221221711846601 101249214
1768221221813693706 101236603
1768221221915556421 101230788
1768221222020917943 101192381
1768221222122682213 101175065
1768221222224527577 101235899
1768221222326368441 101234751
1768221222428207267 101211751
1768221222530090371 101254121
1768221222632015976 101279269
1768221222733908543 101233769
1768221222835761555 101216732
1768221222937663678 101251973
1768221223039464560 101178862
1768221223141320775 101250732
1768221223243211194 101254213
1768221223345040354 101227880
1768221223465583841 101250214
1768221223567405556 101211658
1768221223669242512 101217417
1768221223771057782 101206157
1768221223872897164 101241584
1768221223974719472 101209843
1768221224082103276 101389844
1768221224183971750 101224621
1768221224285874132 101289732
1768221224387898421 101229750
1768221224489854173 101345195
1768221224591692036 101196028
1768221224693560751 101266435
1768221224795349262 101219324
1768221224897280329 101339509
1768221224999348341 101477010
1768221225101211797 101241269
1768221225203034659 101218916
1768221225304841244 101195694
1768221225406678107 101232528
1768221225508695674 101414510
1768221225610697167 101252009
1768221225712663511 101348861
1768221225814930857 101510732
1768221225916670053 101156139
1768221226018655823 101377898
1768221226120425371 101170472
1768221226222514475 101506992
1768221226325259988 101740733
1768221226427031165 101159527
1768221226528825564 101185527
1768221226630649464 101214528
1768221226732531271 101230546
1768221226834400097 101257084
1768221226936302089 101262083
1768221227038145599 101207731
1768221227140111573 101335342
1768221227241951972 101169008
1768221227343772964 101194101
1768221227445611993 101239916
1768221227547469744 101240045
1768221227649310884 101202138
1768221227751198691 101280416
1768221227853037720 101224360
1768221227954829323 101186768
1768221228056680741 101254472
1768221228158643511 101299546
1768221228260491928 101208934
1768221228362326290 101223657
1768221228464099893 101166935
1768221228566019699 101265268
1768221228667914987 101252490
1768221228769740294 101202323
1768221228871592711 101208267
1768221228973367888 101146545
1768221229075331232 101286379
1768221229177405150 101459306
1768221229279392586 101318398
1768221229381244522 101204342
1768221229483265865 101326564
1768221229585137616 101211064
1768221229687045997 101299361
1768221229789088100 101430843
1768221229891209944 101296435
1768221229993070731 101271156
1768221230095006278 101256452
1768221230197176418 101529379
1768221230299318188 101408045
1768221230401295828 101402379
1768221230503185652 101310212
1768221230605286496 101428712
1768221230707416599 101416657
1768221230809325164 101259045
1768221230911493879 101535306
1768221231013662222 101476156
1768221231115951270 101482305
1768221231217786465 101196934
1768221231320318198 101401934
1768221231422790098 101606046
1768221231525323387 101700824
1768221231627856491 101660787
1768221231741520661 101700842
1768221231844158746 101708435
1768221231946680276 101645620
1768221232049208195 101657417
1768221232151769539 101627453
1768221232254343976 101701361
1768221232357037784 101776546
1768221232459623424 101703360
1768221232562246880 101723638
1768221232664956743 101705879
1768221232767658329 101771509
1768221232870174766 101639194
1768221232972898536 101769212
1768221233075543714 101694823
1768221233178118317 101690897
1768221233280688662 101672416
1768221233383254617 101689083
1768221233485747776 101603509
1768221233588204138 101566712
1768221233690724852 101659379
1768221233824120944 101649953
1768221233926825270 101867805
1768221234029420929 101631619
1768221234131983106 101639693
1768221234234475080 101642009
1768221234337005294 101715157
1768221234439433878 101619027
1768221234541819444 101587879
1768221234644489825 101632749
1768221234747039669 101729935
1768221234849467660 101521267
1768221234951851374 101521934
1768221235054146124 101532396
1768221235156555393 101513526
1768221235258774032 101465340
1768221235360936819 101425155
1768221235463261811 101578971
1768221235565581617 101572527
1768221235668025367 101599563
1768221235770490155 101631730
1768221235872917424 101580619
1768221235975365323 101624915
1768221236077769407 101582767
1768221236182284440 101642711
1768221236284498468 101377062
1768221236386291698 101172284
1768221236488352948 101343044
1768221236590239604 101246044
1768221236712610573 101265080
1768221236814433656 101210174
1768221236916728517 101478748
1768221237018618099 101246432
1768221237120395181 101165136
1768221237222170485 101173932
1768221237324059308 101260748
1768221237425950538 101263988
1768221237527899398 101312747
1768221237629762350 101251617
1768221237731667729 101260340
1768221237833509181 101193247
1768221237948659946 101235581
1768221238066573236 101283413
1768221238168449392 101247061
1768221238270294455 101215135
1768221238372167371 101263729
1768221238474021711 101216098
1768221238575955367 101278654
1768221238677784023 101214635
1768221238779763179 101310543
1768221238881551613 101187284
1768221238983369842 101176728
1768221239088629322 101254969
1768221239190413922 101163358
1768221239292202003 101161821
1768221239393970417 101215487
1768221239495914110 101306469
1768221239598093211 101412136
1768221239699974570 101291135
1768221239801904819 101186932
1768221239903723919 101184636
1768221240005460944 101160839
1768221240107487007 101436135
1768221240209344959 101194098
1768221240311100558 101184542
1768221240413023881 101296006
1768221240514910240 101257099
1768221240616732284 101207839
1768221240718557569 101217950
1768221240820680336 101334728
1768221240922466417 101208876
1768221241024418961 101335561
1768221241126492191 101333561
1768221241228275049 101203135
1768221241330242816 101366006
1768221241432558157 101441987
1768221241534420997 101222746
1768221241636251689 101212283
1768221241738078844 101212134
1768221241839949722 101218394
1768221241941735395 101167375
1768221242043649532 101288691
1768221242145592520 101319579
1768221242247387915 101195412
1768221242349190385 101189801
1768221242456510220 101202875
1768221242558392338 101294375
1768221242660214808 101197042
1768221242761993740 101166171
1768221242863838858 101219135
1768221242965651457 101187838
1768221243067492815 101211819
1768221243169301599 101196893
1768221243271162550 101219153
1768221243372987149 101213042
1768221243474802100 101199449
1768221243576603976 101211597
1768221243678425575 101192097
1768221243803015678 101229394
1768221243904875055 101232894
1768221244006672968 101186023
1768221244109987182 101222338
1768221244211919688 101305689
1768221244313621528 101148912
1768221244415474330 101286597
1768221244517851152 101575653
1768221244619896270 101321060
1768221244721784961 101263319
1768221244823815487 101279376
1768221244925644937 101240042
1768221245027622406 101238319
1768221245129391764 101182578
1768221245231646937 101542856
1768221245333631036 101278523
1768221245435513950 101310986
1768221245537511919 101270801
1768221245640013834 101729783
1768221245741931284 101209633
1768221245843927068 101267930
1768221245945713833 101189319
1768221246047593080 101268819
1768221246149827938 101538856
1768221246252173705 101517431
1768221246354526934 101663524
1768221246456948922 101544616
1768221246559467782 101707487
1768221246661976270 101627838
1768221246764414870 101535171
1768221246866748896 101526672
1768221246969151051 101575783
1768221247071548372 101564949
1768221247173865360 101496282
1768221247276184330 101513782
1768221249122426643 101719227
1768221249224989631 101680894
1768221249327471897 101583338
1768221249430168756 101933154
1768221249532649595 101519541
1768221249635143028 101685042
1768221249737501923 101531226
1768221249839936596 101605041
1768221249942352843 101627245
1768221250045037924 101859671
1768221250147635283 101843709
1768221250250077992 101568874
1768221250352438887 101478411
1768221250454609004 101422411
1768221250556784917 101447171
1768221250659178904 101551930
1768221250761699707 101780912
1768221250863997657 101469041
1768221250966152089 101395282
1768221251068330094 101464430
1768221251170809692 101732207
1768221251274139571 102248561
1768221251376142446 101197336
1768221251477979506 101240040
1768221251579839918 101240762
1768221251681659515 101205355
1768221251799713098 101323651
1768221251901619473 101278318
1768221252003402459 101195355
1768221252105191963 101193873
1768221252207216560 101319188
1768221252309091046 101256077
1768221252410926587 101227410
1768221252512805906 101233503
1768221252614507595 101111002
1768221252716225987 101146891
1768221252818073214 101241466
1768221252919823125 101137502
1768221253021612777 101193761
1768221253123442077 101231095
1768221253225218859 101158243
1768221253335802385 101231317
1768221253437664778 101232150
1768221253539521449 101228984
1768221253651579238 101299743
1768221253753516520 101247669
1768221253855321857 101211928
1768221253957154917 101223206
1768221254059069421 101250225
1768221254160847905 101168131
1768221254262627668 101205131
1768221254364436264 101188853
1768221254466193638 101155076
1768221254568440106 101487688
1768221254670517980 101372298
1768221254772623744 101368040
1768221254874381007 101167873
1768221254976136492 101187077
1768221255078376737 101548151
1768221255180139777 101166298
1768221255281955410 101229520
1768221255384327952 101671207
1768221255486419604 101496780
1768221255588352070 101327891
1768221255690137555 101165464
1768221255792000485 101283095
1768221255894188600 101439558
1768221255996017103 101180353
1768221256098053088 101436502
1768221256199920536 101218501
1768221256302202133 101562799
1768221256406990255 101624688
1768221256509207777 101484298
1768221256611637375 101630281
1768221256714250435 101710002
1768221256816891941 101729133
1768221256919374408 101632299
1768221257022093432 101766243
1768221257124624641 101656984
1768221257227150534 101674114
1768221257329652835 101635595
1768221257432166877 101658521
1768221257534731455 101711039
1768221257637951480 102333633
1768221257740459448 101612280
1768221257842957082 101628335
1768221257945431290 101649780
1768221258049843004 102279856
1768221258152442323 101695354
1768221258255096457 101687650
1768221258357673092 101680429
1768221258460208114 101637520
1768221258562781934 101709762
1768221258665318420 101657465
1768221258767822646 101635298
1768221258870390743 101698594
1768221258972907063 101646669
1768221259075509067 101707261
1768221259178134738 101671965
1768221259280739131 101728039
1768221259383271524 101642816
1768221259485844881 101703688
1768221259588337107 101578946
1768221259691000278 101720983
1768221259793399226 101577501
1768221259895978527 101738984
1768221259998738384 101849447
1768221260101304740 101691965
1768221260203780577 101684076
1768221260305971876 101456816
1768221260408550176 101656112
1768221260511077680 101696205
1768221260613670518 101561094
1768221260715880076 101441519
1768221260818070635 101455797
1768221260920457472 101614094
1768221261023423477 102068614
1768221261125834054 101596668
1768221261228698374 101775595
1768221261330710321 101333242
1768221261432476693 101169741
1768221261534239213 101159389
1768221261651865292 101272630
1768221261753738035 101233815
1768221261855580315 101217741
1768221261957368131 101185685
1768221262059240096 101259759
1768221262161040061 101182037
1768221262262858062 101214185
1768221262364688194 101208204
1768221262466497621 101213389
1768221262568325012 101214815
1768221262670132717 101197370
1768221262773627945 101221204
1768221262875475299 101234019
1768221262978699526 101230111
1768221263139668624 101213352
1768221263241472717 101207925
1768221263343392071 101265870
1768221263445212128 101174315
1768221263547030666 101203666
1768221263648816260 101192425
1768221263750742317 101330203
1768221263852574097 101209056
1768221263954411968 101219092
1768221264056223099 101194722
1768221264158103564 101261148
1768221264259890083 101170925
1768221264362167456 101666705
1768221264464182476 101222481
1768221264566143348 101366796
1768221264668156072 101287111
1768221264770240370 101429426
1768221264872086945 101177666
1768221264974069928 101367907
1768221265076047559 101267703
1768221265177959931 101226851
1768221265279834432 101216537
1768221265381791378 101314778
1768221265483814768 101309055
1768221265585753528 101325092
1768221265687737141 101292055
1768221265789781772 101263129
1768221265891652643 101197295
1768221265993475107 101199907
1768221266095473756 101411962
1768221266198863131 102789317
1768221266300978911 101457167
1768221266403498969 101532371
1768221266505373914 101193277
1768221266607205989 101197203
1768221266716938713 101234888
1768221266818728566 101168333
1768221266931241149 101236203
1768221267040774188 101236684
1768221267142683726 101243981
1768221267244538374 101217721
1768221267346386245 101221554
1768221267448249227 101262869
1768221267550102672 101214536
1768221267651956358 101240943
1768221267753808470 101235518
1768221267855769804 101273684
1768221267957687804 101257128
1768221268059469490 101140573
1768221268161356009 101237018
1768221268263158435 101176295
1768221268365038805 101261924
1768221268466888898 101227517
1768221268568770473 101260073
1768221268670662436 101260739
1768221268772553066 101268851
1768221268874404326 101226406
1768221268976215085 101201054
1768221269078046696 101229609
1768221269179861659 101197387
1768221269281892641 101422425
1768221269383662548 101190350
1768221269485424159 101151183
1768221269587222659 101206054
1768221269688995770 101171498
1768221269790760066 101174776
1768221269892605696 101227850
1768221269994818141 101493703
1768221270096642252 101178794
1768221270198302140 101077683
1768221270300061658 101196127
1768221270401768602 101143868
1768221270503683917 101260443
1768221270605675288 101297406
1768221270707521232 101274961
1768221270809542195 101234572
1768221270911412991 101282294
1768221271013177102 101155424
1768221271115143454 101362962
1768221271216934268 101188313
1768221271319112527 101499720
1768221271421622343 101710369
1768221271524017733 101552943
1768221271626441679 101617814
1768221271728996810 101700851
1768221271831597385 101722851
1768221271934189609 101735166
1768221272036702443 101655443
1768221272139234815 101663314
1768221272241891316 101758666
1768221272344387632 101639147
1768221272446935985 101685906
1768221272549423134 101623295
1768221272651950617 101644925
1768221272754692563 101894759
1768221272857121600 101602498
1768221272959688861 101748962
1768221273062307473 101629999
1768221273164851178 101701721
1768221273267366771 101663980
1768221273369809420 101605110
1768221273472261531 101641517
1768221273574807625 101687091
1768221273677289477 101622980
1768221273779770182 101646499
1768221273882321738 101725739
1768221273985000202 101698054
1768221274087520407 101676869
1768221274190137815 101723184
1768221274292981409 101788740
1768221274395412724 101556406
1768221274497705742 101559794
1768221274600229576 101685072
1768221274702803540 101703906
1768221274805396115 101735999
1768221274908116671 101760554
1768221275010456412 101544665
1768221275112804338 101595016
1768221275215390968 101745795
1768221275317907950 101658498
1768221275420281524 101541572
1768221275522642357 101577868
1768221275624990264 101556997
1768221275727941025 102104203
1768221275830481081 101799295
1768221275932951766 101696072
1768221276035343303 101519553
1768221276137939063 101697109
1768221276240337618 101556683
1768221276342239061 101262349
1768221276444080782 101210497
1768221276545831909 101128533
1768221276995934455 101114533
1768221277097585101 101079959
1768221277199279692 101116608
1768221277300931041 101075422
1768221277402570668 101067440
1768221277504205796 101077626
1768221277605868552 101088422
1768221277707550013 101083385
1768221277809310048 101178996
1768221277911111231 101222552
1768221278012909266 101202737
1768221278114708301 101195792
1768221278216596836 101269904
1768221278318451612 101238645
1768221278420292721 101238848
1768221278522096404 101202682
1768221278623925365 101218404
1768221278725782177 101240811
1768221278827624842 101217126
1768221278929450655 101229126
1768221279031324893 101236552
1768221279133108317 101179811
1768221279235389501 101689368
1768221279337281924 101255866
1768221279439365052 101310255
1768221279541193402 101248978
1768221279643325919 101543905
1768221279745103861 101171756
1768221279847112192 101418404
1768221279949029486 101206607
1768221280050891873 101228163
1768221280152859130 101345108
1768221280255110295 101416497
1768221280357002700 101285533
1768221280458754364 101179681
1768221280560619435 101228514
1768221280662755081 101335199
1768221280764639616 101250459
1768221280866557817 101290292
1768221280968348648 101188237
1768221281070101423 101168051
1768221281173343387 102475481
1768221281275994275 101598071
1768221281378138958 101358848
1768221281479881381 101150644
1768221281581682452 101207977
1768221281683572245 101251718
1768221281785436465 101250144
1768221281887299166 101245051
1768221281989197496 101259032
1768221282091050808 101251958
1768221282192960157 101295625
1768221282294762191 101209421
1768221282396682596 101283662
1768221282498554741 101245088
1768221282600396349 101205569
1768221282702349402 101334403
1768221282804477455 101485015
1768221282906526878 101237921
1768221283008344875 101207236
1768221283110130520 101191884
1768221283211944443 101223699
1768221283313860291 101265513
1768221283415718844 101237477
1768221283517558248 101226032
1768221283619425152 101252828
1768221283721217149 101184718
1768221283823075312 101244217
1768221283924948476 101240125
1768221284027017232 101449310
1768221284128891377 101217106
1768221284230710318 101204458
1768221284332635240 101343273
1768221284434632089 101249013
1768221284536669623 101336477
1768221284638409212 101159717
1768221284740221208 101200383
1768221284842142261 101302310
1768221284943924664 101168735
1768221285045874717 101342699
1768221285147656176 101169847
1768221285249491098 101224939
1768221285351582761 101443810
1768221285453495795 101165291
1768221285555318847 101225847
1768221285657533714 101508643
1768221285759317784 101197902
1768221285861020206 101098939
1768221285975576327 101181476
1768221286077597990 101285235
1768221286179844858 101563366
1768221286282452096 101615477
1768221286384375889 101338847
1768221286487319832 102046200
1768221286589622959 101536162
1768221286692128734 101682921
1768221286794611491 101617143
1768221286897183545 101688496
1768221286999793839 101667273
1768221287102387392 101721995
1768221287204985612 101695717
1768221287307577888 101717348
1768221287410138756 101644199
1768221287512637049 101647032
1768221287615259288 101772959
1768221287717915434 101767533
1768221287820482450 101673569
1768221287923116800 101675070
1768221288025610260 101634551
1768221288128220424 101710773
1768221288230780329 101688125
1768221288333362308 101719551
1768221288436028806 101726403
1768221288538655710 101733124
1768221288655126020 101871606
1768221288757739018 101702162
1768221288860340145 101677847
1768221288962940031 101728865
1768221289065515955 101664662
1768221289168049952 101621662
1768221289270541504 101630495
1768221289373484299 102092070
1768221289476300259 101975551
1768221289578570534 101501643
1768221289681420068 101888902
1768221289784122344 101759051
1768221289886513063 101561439
1768221289989006949 101643736
1768221290091504131 101652143
1768221290194056646 101734717
1768221290296730717 101869699
1768221290399173455 101689773
1768221290501767378 101630051
1768221290604057540 101507327
1768221290706476130 101659347
1768221290809228979 101891866
1768221290911674568 101584031
1768221291014169991 101672884
1768221291116604394 101532586
1768221291219140261 101612123
1768221291321603888 101682402
1768221291423561216 101208993
1768221291525363211 101184067
1768221291627230058 101251364
1768221291729164701 101264105
1768221291830988844 101200049
1768221291932816135 101173141
1768221292044300932 101272494
1768221292146151371 101223049
1768221292248038958 101226548
1768221292349893138 101237660
1768221292451761077 101225697
1768221292553609942 101238937
1768221292655464956 101242420
1768221292757248691 101200753
1768221292880743517 101272049
1768221292982713901 101356882
1768221293084902415 101440419
1768221293186752095 101251456
1768221293294904883 101211438
1768221293396723155 101189993
1768221293498534334 101194363
1768221293600385403 101249271
1768221293702130990 101164586
1768221293804128577 101370993
1768221293906132313 101272179
1768221294007902511 101184271
1768221294109677153 101194048
1768221294211560758 101247919
1768221294313486956 101201122
1768221294415647896 101450438
1768221294517429482 101181844
1768221294619386218 101373271
1768221294721493009 101433105
1768221294823492985 101327197
1768221294925422498 101343456
1768221295027563030 101306975
1768221295129319801 101142585
1768221295231144666 101264419
1768221295333031697 101185178
1768221295434828968 101212381
1768221295536704981 101292122
1768221295638760716 101327992
1768221295740538784 101183381
1768221295842322852 101202844
1768221295944302124 101249826
1768221296046090359 101232493
1768221296148242853 101405530
1768221296250145403 101222678
1768221296352783121 101831735
1768221296454905708 101323122
1768221296556876146 101366474
1768221296659281030 101539271
1768221296761183987 101269881
1768221296863048092 101247511
1768221296964861826 101197269
1768221297066610987 101173678
1768221297168416258 101205863
1768221297270179307 101161474
1768221297371972170 101212547
1768221297473783479 101205566
1768221297575583528 101180659
1768221297677365577 101170400
1768221297779114588 101171491
1768221297880931563 101219380
1768221297982777538 101209399
1768221298084579346 101212065
1768221298186436395 101263399
1768221298288279518 101215269
1768221298390145438 101253400
1768221298491974135 101224363
1768221298593824498 101238492
1768221298695670843 101212306
1768221298797498207 101214473
1768221298899240663 101140251
1768221299000905341 101078399
1768221299102561056 101080880
1768221299204286049 101157177
1768221299305927949 101060658
1768221299407568275 101061047
1768221299509201471 101072899
1768221299610792519 101029472
1768221299712458252 101087954
1768221299814115004 101086176
1768221299915760090 101067325
1768221300017377415 101049657
1768221300119044149 101119788
1768221300611711239 101297010
1768221300713930936 101541659
1768221300815861725 101321213
1768221300917818867 101281973
1768221301019631619 101186825
1768221301121392685 101176824
1768221301223706235 101723326
1768221301325511042 101214473
1768221301427805684 101487584
1768221301530438993 101811381
1768221301633066951 101559825
1768221301735629093 101703325
1768221301838518144 101932882
1768221301940895916 101581992
1768221302043402743 101646418
1768221302145916182 101647677
1768221302248436954 101650177
1768221302350972929 101690214
1768221302453487090 101651251
1768221302556148807 101779215
1768221302658651282 101644288
1768221302761194591 101714566
1768221302863805641 101746510
1768221302966455191 101714270
1768221303069009426 101657899
1768221303171506790 101654029
1768221303274088655 101694863
1768221303376439129 101518639
1768221303478889882 101636454
1768221303581486802 101671973
1768221303683961537 101611566
1768221303786502623 101682640
1768221303888964450 101614584
1768221303991616056 101761752
1768221304094302642 101790362
1768221304196764580 101603473
1768221304299255963 101627251
1768221304401507363 101497676
1768221304503801282 101505380
1768221304606312591 101705622
1768221304709133529 101885806
1768221304811824431 101668214
1768221304914073535 101505139
1768221305016661270 101645159
1768221305119169133 101685787
1768221305222118572 101970473
1768221305324448139 101523731
1768221305427089596 101815251
1768221305529605867 101763621
1768221305631911434 101464861
1768221305734205964 101546584
1768221305837141736 101917399
1768221305939530952 101566732
1768221306042232575 101546861
1768221306144882402 101725103
1768221306247327839 101642583
1768221306349492591 101444824
1768221306451576898 101379787
1768221306553369611 101195452
1768221306655332825 101353712
1768221306757172558 101222379
1768221306859065216 101238286
1768221306960887374 101200823
1768221307062769366 101261046
1768221307164574116 101192971
1768221307266397422 101220230
1768221307368243358 101236490
1768221307470095664 101255175
1768221307571900489 101178490
1768221307673685424 101174897
1768221307775484397 101191471
1768221307877444889 101358509
1768221307979369954 101271842
1768221308081217056 101221137
1768221308183104325 101287749
1768221308284952242 101221748
1768221308386825697 101214490
1768221308488698262 101262305
1768221308590523623 101223526
1768221308692358151 101195563
1768221308794219957 101243601
1768221308896042263 101197360
1768221308997837384 101179305
1768221309099664023 101203471
1768221309201672347 101287452
1768221309303753561 101329712
1768221309405853108 101310712
1768221309507805395 101255989
1768221309609616664 101220360
1768221309711794063 101581546
1768221309813637332 101233082
1768221309915579934 101225638
1768221310017465277 101292193
1768221310119365286 101242045
1768221310221165591 101187563
1768221310323102397 101338304
1768221310424986832 101260489
1768221310526866508 101232637
1768221310628658573 101194230
1768221310730522193 101223322
1768221310832746870 101462897
1768221310935151121 101600860
1768221311037276224 101364434
1768221311139226159 101339971
1768221311241150094 101320730
1768221311343225326 101481527
1768221311445786040 101590749
1768221311548334347 101718898
1768221311650904376 101695342
1768221311753536054 101718953
1768221311856107935 101682620
1768221311958676779 101714231
1768221312061401234 101772860
1768221312164036023 101712749
1768221312266886756 101805583
1768221312369502304 101729342
1768221312472105685 101659008
1768221312574708066 101710861
1768221312677300336 101668972
1768221312779863142 101704952
1768221312882475209 101697064
1768221312985122293 101712045
1768221313087726507 101695841
1768221313190420222 101822027
1768221313293197010 101688323
1768221313395725687 101654582
1768221313498357457 101720879
1768221313600936912 101697694
1768221313703525385 101702101
1768221313806317988 101798193
1768221313909013295 101733119
1768221314011643232 101752398
1768221314114415798 101755953
1768221314217294049 101957045
1768221314319941411 101700137
1768221314422696033 101678712
1768221314525008968 101552081
1768221314627397034 101577638
1768221314729856321 101608785
1768221314832245460 101523600
1768221314934511599 101498970
1768221315036822498 101544952
1768221315139086914 101516081
1768221315241474275 101597840
1768221315344182711 101653748
1768221315446624443 101630970
1768221315549049453 101591119
1768221315651513999 101590303
1768221315754060491 101623471
1768221315856525759 101683415
1768221315958918213 101607044
1768221316061503131 101672286
1768221316163899695 101525766
1768221316266100815 101374821
1768221316368227231 101325062
1768221316470207017 101306377
1768221316572061636 101240043
1768221316673881718 101198729
1768221316775698355 101186117
1768221316877577011 101212932
1768221316979349334 101131117
1768221317081126767 101193043
1768221317183045534 101246543
1768221317284851857 101177951
1768221317386683105 101214098
1768221317488734076 101402266
1768221317590638066 101227173
1768221317692585296 101278229
1768221317794506674 101279562
1768221317896371700 101203821
1768221317998205467 101221173
1768221318100080326 101248895
1768221318202077538 101301525
1768221318303985175 101242543
1768221318405882257 101236654
1768221318507706190 101193987
1768221318609603772 101237062
1768221318711484464 101259320
1768221318813345120 101221469
1768221318915295702 101318525
1768221319017146542 101217765
1768221319119031772 101231783
1768221319220836501 101195413
1768221319322892194 101359302
1768221319424739701 101172727
1768221319526931191 101447284
1768221319628746883 101196098
1768221319730566353 101220727
1768221319832652102 101445525
1768221319934519443 101242673
1768221320036378524 101231135
1768221320138419605 101433506
1768221320240548817 101361099
1768221320342558435 101291468
1768221320444647443 101326950
1768221320546430394 101189061
1768221320648226642 101192765
1768221320750086723 101237783
1768221320852158212 101348876
1768221320953940626 101194172
1768221321055933967 101295950
1768221321157895252 101317006
1768221321260198241 101544821
1768221321362537397 101497284
1768221321464632738 101308117
1768221321566678449 101339135
1768221321668587604 101259320
1768221321770442426 101231450
1768221321872320451 101248913
1768221321974195662 101263617
1768221322076105076 101252468
1768221322177966860 101233616
1768221322302925626 101229005
1768221322404800115 101248654
1768221322506708825 101273579
1768221322608578684 101214080
1768221322710435801 101230209
1768221322812406178 101316875
1768221322914430963 101282116
1768221323016305951 101228005
1768221323118251254 101332764
1768221323220482373 101369098
1768221323322372120 101228394
1768221323424157811 101183634
1768221323525954410 101199857
1768221323627836342 101254412
1768221323729695497 101242783
1768221323831521355 101179079
1768221323933442158 101271635
1768221324035450442 101369931
1768221324137313967 101225042
1768221324239280325 101328523
1768221324341637185 101556321
1768221324444017766 101556616
1768221324546246199 101435449
1768221324648110779 101239208
1768221324750063341 101327153
1768221324852070829 101307282
1768221324954043262 101353283
1768221325056305621 101391783
1768221325158395775 101495708
1768221325260424411 101399227
1768221325362464677 101293764
1768221325464258942 101182893
1768221325566291226 101387838
1768221325668202455 101290931
1768221325770109646 101236190
1768221325871996726 101172319
1768221325973801195 101193282
1768221326075713164 101242579
1768221326177582484 101266023
1768221326280723438 101402690
1768221326382835648 101503542
1768221326485572026 101759265
1768221326587964588 101574690
1768221326690581392 101687672
1768221326793247659 101765857
1768221326896305335 101906710
1768221326998999324 101791895
1768221327101644146 101770153
1768221327204234042 101686616
1768221327306807290 101700820
1768221327409552113 101849858
1768221327512532621 101939080
1768221327615359018 101928210
1768221327717972747 101700023
1768221327820600347 101707560
1768221327923150095 101657986
1768221328025694584 101685190
1768221328128260609 101673338
1768221328230839968 101685690
1768221328333401420 101682079
1768221328436103316 101770246
1768221328538805805 101782172
1768221328641321756 101623023
1768221328743825411 101663467
1768221328846404418 101716282
1768221328948988092 101712671
1768221329051591488 101731653
1768221329154142236 101672579
1768221329256760928 101623060
1768221329359349657 101767357
1768221329461914664 101648746
1768221329564405263 101612875
1768221329667009029 101695060
1768221329769427924 101572152
1768221329871789875 101556856
1768221329974112400 101512282
1768221330076482369 101548523
1768221330178817134 101543078
1768221330281117733 101501986
1768221330469999522 101535504
1768221330572446454 101584745
1768221330674864183 101551301
1768221330883299518 101577059
1768221330985714636 101585023
1768221331088098475 101525541
1768221331312045904 101789301
1768221331413891353 101199800
1768221331515630672 101085132
1768221331617253250 101031428
1768221331718917273 101101484
1768221331820809111 101258911
1768221331922678319 101213855
1768221332042950424 101228985
1768221332144812799 101249281
1768221332246649785 101217707
1768221332348464271 101191596
1768221332450325238 101215966
1768221332552179650 101235688
1768221332654099173 101222614
1768221332756010233 101224632
1768221332857890127 101218763
1768221332959766872 101235299
1768221333061614654 101225021
1768221333163516992 101292485
1768221333265390422 101251225
1768221333367238834 101220966
1768221333469076690 101223633
1768221333570947342 101240003
1768221333672818346 101241076
1768221333774685147 101241484
1768221333876543318 101249077
1768221333978436619 101257429
1768221334080546549 101466929
1768221334182783165 101449132
1768221334284594410 101191651
1768221334386482173 101291558
1768221334488576474 101332336
1768221334590624053 101319503
1768221334692422149 101194835
1768221334794328617 101276929
1768221334896313991 101168521
1768221334998213162 101330688
1768221335100024481 101153391
1768221335201943096 101316725
1768221335303766044 101183187
1768221335405584992 101209113
1768221335507795460 101415577
1768221335609675723 101140947
1768221335711555560 101296891
1768221335813602028 101325188
1768221335915455254 101247762
1768221336017231054 101183558
1768221336119071057 101239484
1768221336221050376 101405521
1768221336359623931 102091968
1768221336461838991 101409984
1768221336563694161 101178206
1768221336665438201 101164594
1768221336767196723 101177391
1768221336869019449 101212298
1768221336970835823 101198687
1768221337072693789 101233502
1768221337174581978 101263872
1768221337276482426 101253632
1768221337378381559 101286835
1768221337480359656 101279410
1768221337582172825 101210705
1768221337684042144 101280021
1768221337786025148 101238651
1768221337887894577 101254095
1768221337990011025 101274946
1768221338091885992 101224595
1768221338193716624 101214909
1768221338295534257 101183020
1768221338397305279 101188206
1768221338499135837 101227798
1768221338600949266 101214427
1768221338702803510 101220149
1768221338804687366 101234335
1768221338906527610 101223650
1768221339008312372 101201057
1768221339110203542 101240613
1768221339212430045 101605595
1768221339314314012 101167928
1768221339416043922 101159742
1768221339517814795 101179353
1768221339619881576 101445298
1768221339721759412 101140519
1768221339823488656 101139983
1768221339925554734 101436095
1768221340027588941 101330798
1768221340129548073 101266834
1768221340231438724 101338464
1768221340333182042 101147613
1768221340435154378 101284853
1768221340536973714 101210038
1768221340638824069 101257409
1768221340740803961 101384983
1768221340842768908 101221112
1768221340944537522 101174520
1768221341046231913 101115575
1768221341148043656 101211093
1768221341250853921 102215337
1768221341352982498 101428094
1768221341455103131 101510891
1768221341557709191 101695077
1768221341660151213 101624113
1768221341762727106 101723761
1768221341865239851 101644705
1768221341967878856 101757021
1768221342070410952 101657576
1768221342172907864 101656743
1768221342275432534 101671501
1768221342378049224 101762095
1768221342480641302 101756576
1768221342583309177 101674391
1768221342685674773 101590317
1768221342788364463 101729577
1768221342890792189 101610502
1768221342993375396 101663576
1768221343095886937 101695613
1768221343198434311 101698224
1768221343300992075 101683947
1768221343403914301 102006854
1768221343506481676 101716724
1768221343609067828 101709761
1768221343711660165 101700946
1768221343814414058 101639353
1768221343916834617 101614112
1768221344019303010 101602631
1768221344121757680 101653724
1768221344224429036 101693409
1768221344326878372 101571279
1768221344429236042 101610075
1768221344531601545 101538334
1768221344633827363 101484334
1768221344736235626 101589928
1768221344838675111 101615780
1768221344940975114 101523761
1768221345043510358 101616927
1768221345145980380 101717780
1768221345248434642 101572890
1768221345350603108 101461909
1768221345452876425 101510723
1768221345555230669 101596927
1768221345657689246 101637020
1768221345760451232 101793724
1768221345863077383 101773649
1768221345965424460 101537760
1768221346067714963 101526334
1768221346170027892 101507964
1768221346272980544 101777390
1768221346375145972 101354222
1768221346477016437 101262112
1768221346579253661 101444759
1768221346681081459 101220981
1768221346782911813 101223112
1768221346884681777 101159185
1768221346986528427 101235445
1768221347088678540 101394167
1768221347190467874 101199148
1768221347292326209 101256537
1768221347394129895 101158758
1768221347495984767 101246092
1768221347597958713 101353333
1768221347699903993 101325871
1768221347801742938 101204722
1768221347903531069 101173462
1768221348005316719 101189204
1768221348107159498 101241241
1768221348209001832 101215222
1768221348310778092 101182759
1768221348412584353 101197796
1768221348514433483 101252999
1768221348616305355 101244463
1768221348718154282 101227518
1768221348820031913 101234815
1768221348922031285 101235463
1768221349023853915 101209333
1768221349125734250 101247000
1768221349227564639 101194462
1768221349329388992 101251092
1768221349431365864 101225370
1768221349533152587 101185759
1768221349634900551 101167259
1768221349736708718 101200907
1768221349838876312 101393444
1768221349941076388 101274240
1768221350043441149 101564240
1768221350145152354 101147814
1768221350246820595 101069721
1768221350348486206 101110295
1768221350450138447 101062851
1768221350649724865 101064147
1768221350751514976 101126387
1768221350853197106 101096573
1768221351043487687 101056184
1768221351145160539 101119443
1768221351246827262 101083721
1768221351428116617 101879038
1768221351530241581 101285851
1768221351632069933 101170313
1768221351920544339 101267518
1768221352022404562 101251629
1768221352124249821 101230924
1768221352226013099 101166295
1768221352327798581 101178758
1768221352429640600 101221166
1768221352531500841 101208888
1768221352633365600 101234739
1768221352735232693 101242998
1768221352837082842 101214480
1768221352938914546 101233592
1768221353040767102 101240018
1768221353142633991 101246184
1768221353244703714 101421907
1768221353346651270 101278999
1768221353448466399 101210184
1768221353550492585 101426388
1768221353652565956 101189073
1768221353754478753 101292555
1768221353856368160 101263758
1768221353958158494 101175462
1768221354059931345 101188183
1768221354161684956 101163461
1768221354263487197 101187906
1768221354365297215 101198943
1768221354467399179 101353147
1768221354569334401 101323184
1768221354671490031 101466221
1768221354773570032 101350425
1768221354875416143 101294054
1768221354977279791 101227573
1768221355079354273 101352851
1768221355181294587 101347480
1768221355283101994 101212868
1768221355385375384 101187980
1768221355487159513 101200831
1768221355588888568 101132961
1768221355690687253 101204554
1768221355792606364 101312647
1768221355894510068 101315480
1768221355996523012 101288461
1768221356098915828 101482999
1768221356201146606 101513295
1768221356303193754 101294331
1768221356405235643 101313887
1768221356507378699 101566610
1768221356609791774 101534110
1768221356711643903 101212072
1768221356813435550 101201312
1768221356915285939 101233943
1768221357017114827 101201313
1768221357118907604 101171312
1768221357220685937 101184887
1768221357322532066 101248758
1768221357424354380 101200757
1768221357526227249 101250405
1768221357628502953 101638832
1768221357730334268 101220683
1768221357832249193 101282757
1768221357934057933 101191016
1768221358035897617 101216294
1768221358137725616 101191627
1768221358239527412 101204146
1768221358341342096 101216516
1768221358443225632 101265109
1768221358545089909 101240368
1768221358647057835 101319332
1768221358748999130 101265923
1768221358850796981 101218849
1768221358952656480 101246720
1768221359054553072 101277609
1768221359156397645 101232905
1768221359258399626 101265757
1768221359360158124 101172664
1768221359461917234 101170849
1768221359563832344 101272849
1768221359666215011 101569961
1768221359768137214 101300812
1768221359870066010 101266868
1768221359972447047 101625832
1768221360074255601 101191942
1768221360176087081 101179590
1768221360278254581 101560647
1768221360380098357 101211516
1768221360482276560 101341923
1768221360584185985 101308442
1768221360686200614 101388813
1768221360788017483 101203664
1768221360889894815 101266608
1768221360991769555 101223979
1768221361093625035 101247535
1768221361195823108 101432535
1768221361297799681 101369072
1768221361400263792 101596442
1768221361502078790 101177034
1768221361604431827 101533683
1768221361706833086 101617294
1768221361810367089 101742610
1768221361912856348 101613794
1768221362015364441 101653721
1768221362117812311 101599794
1768221362220348515 101647535
1768221362323163941 101836517
1768221362425677941 101651813
1768221362528179830 101649239
1768221362630855923 101767517
1768221362733379904 101661887
1768221362835914145 101669498
1768221362938426830 101659128
1768221363040953663 101667794
1768221363143510940 101663627
1768221363246012866 101629553
1768221363348508662 101590775
1768221363472884324 101825683
1768221363575443694 101714979
1768221363677883712 101599034
1768221363780582212 101906516
1768221363883099027 101649609
1768221363985675712 101698516
1768221364088128434 101612794
1768221364190706452 101697516
1768221364293176507 101615627
1768221364417767076 101670127
1768221364520443632 101783442
1768221364622823224 101616535
1768221364725106426 101456163
1768221364827519481 101657071
1768221364930115851 101695720
1768221365032629573 101589238
1768221365134910849 101535071
1768221365237216663 101515145
1768221365339630477 101665553
1768221365441997828 101587627
1768221365544387901 101575831
1768221365646762807 101621404
1768221365749448973 101913701
1768221365851813102 101609608
1768221365954221212 101625516
1768221366056710656 101620849
1768221366159289062 101728293
1768221366261769580 101542775
1768221366364346209 101781053
1768221366466531726 101448923
1768221366568638224 101283107
1768221366670435388 101220866
1768221366772270237 101222329
1768221366874089050 101224330
1768221366975918066 101214645
1768221367077690600 101138903
1768221367179384301 101089737
1768221367281111261 101134089
1768221367382832498 101161995
1768221367484659885 101216274
1768221367586499715 101218329
1768221367688269972 101173422
1768221367790111636 101254367
1768221367891934614 101220051
1768221367993880001 101298700
1768221368095899054 101261237
1768221368197746236 101240644
1768221368299567863 101183570
1768221368401636731 101440978
1768221368509905780 101265366
1768221368611849111 101263829
1768221368713666256 101215273
1768221368819996486 101289940
1768221368921849002 101216163
1768221369023729443 101240903
1768221369125587829 101243884
1768221369227451845 101231107
1768221369329456620 101384311
1768221369431735914 101440089
1768221369533814986 101392811
1768221369635680205 101283625
1768221369737481942 101154588
1768221369839374328 101311273
1768221369941453696 101376422
1768221370043336786 101213329
1768221370145221116 101272144
1768221370247476280 101530311
1768221370349900482 101523422
1768221370452327536 101606070
1768221370554082440 101157125
1768221370655866825 101172699
1768221370757769970 101275088
1768221370859654375 101261477
1768221370961667483 101329329
1768221371063851962 101416792
1768221371165775570 101246496
1768221371267615362 101241180
1768221371369543378 101314144
1768221371471892209 101501311
1768221371574187225 101412329
1768221371676481111 101549236
1768221371779017369 101715385
1768221371898016665 101819886
1768221372000548440 101647551
1768221372103386124 101933793
1768221372205930882 101710385
1768221372308586769 101697552
1768221372411145859 101642699
1768221372513727468 101664329
1768221372616222077 101633440
1768221372718786076 101703700
1768221372821393203 101730977
1768221372923863738 101639162
1768221373026376125 101674607
1768221373128912363 101663606
1768221373231689677 101866830
1768221373334244174 101611792
1768221373436809061 101686681
1768221373539326207 101680848
1768221373641858908 101685218
1768221373744392962 101652552
1768221373846845385 101612921
1768221373949219457 101548792
1768221374051624158 101586625
1768221374299989365 101602940
1768221374402445325 101615384
1768221374504846433 101568550
1768221374607517191 101840478
1768221374709918299 101548032
1768221374812596982 101766570
1768221374915190609 101617736
1768221375017475421 101501421
1768221375120015752 101669958
1768221375222541620 101656255
1768221375324850931 101503198
1768221375427054983 101460698
1768221375529431295 101582976
1768221375631767440 101584328
1768221375734589124 102026571
1768221375836877509 101487698
1768221375939216117 101553365
1768221376041686355 101617162
1768221376144285112 101794273
1768221376246766664 101555235
1768221376349343643 101781588
1768221376452119937 101736051
1768221376553857507 101157568
1768221376656069225 101304309
1768221376757962554 101262698
1768221376859829124 101212401
1768221376989328258 101237809
1768221377091189568 101243512
1768221377193024064 101218513
1768221377294905818 101257049
1768221377396700073 101178605
1768221377498564661 101263568
1768221377600560471 101316253
1768221377702957579 101367235
1768221377804953149 101282327
1768221377906830589 101215290
1768221378008684473 101239846
1768221378110571154 101247031
1768221378212498390 101294198
1768221378314343867 101236679
1768221378416186732 101207623
1768221378518091672 101271272
1768221378619952278 101221975
1768221378721790125 101218419
1768221378823678417 101255383
1768221378925497319 101207660
1768221379027347741 101241124
1768221379129163828 101192605
1768221379231032971 101255660
1768221379332903781 101237956
1768221379434852758 101337401
1768221379536869087 101363920
1768221379638631489 101167271
1768221379740397187 101169456
1768221379842213664 101219753
1768221379944175289 101198216
1768221380100338909 101075215
1768221380202025107 101131882
1768221380303716509 101098919
1768221380489224642 101033271
1768221380590853340 101086734
1768221380692523335 101084586
1768221380908010574 101041234
1768221381009650086 101079400
1768221381111318025 101092122
1768221381295240598 101085104
1768221381397447779 101614587
1768221381500038498 101652976
1768221381609212694 101353067
1768221381711387838 101479809
1768221381813296222 101295012
1768221381915173087 101226290
1768221382016973655 101159234
1768221382126365019 101229938
1768221382228908867 101315586
1768221382330806084 101234271
1768221382432645245 101213104
1768221382534511350 101254271
1768221382636435363 101293437
1768221382738303154 101229715
1768221382840183315 101205622
1768221382942061902 101215622
1768221383043953008 101239400
1768221383145826391 101248585
1768221383247668534 101206845
1768221383349642176 101308085
1768221383451652319 101227345
1768221383553529462 101260308
1768221383655391511 101230715
1768221383769888905 101294104
1768221383874361794 101267196
1768221383976215955 101247474
1768221384078002597 101179733
1768221384179825128 101203974
1768221384281736012 101292567
1768221384383581932 101215178
1768221384485506481 101198492
1768221384587496309 101384956
1768221384689812878 101516234
1768221384792290744 101632382
1768221384894502998 101483215
1768221384996389992 101241937
1768221385098395487 101353697
1768221385200532852 101272419
1768221385302338123 101196177
1768221385404573007 101457975
1768221385506634464 101301455
1768221385608489717 101253603
1768221385710317193 101233234
1768221385812117372 101208363
1768221385913900847 101198807
1768221386016186934 101455308
1768221386118162132 101331548
1768221386220160774 101191011
1768221386322083212 101328677
1768221386424012891 101224047
1768221386526601868 101981994
1768221386629079715 101550585
1768221386731486099 101599030
1768221386833946354 101610920
1768221386944767016 101799882
1768221387047301622 101611937
1768221387149678469 101537789
1768221387252177797 101637252
1768221387354743940 101687567
1768221387457406899 101759401
1768221387560029005 101768826
1768221387662599852 101683289
1768221387765217459 101754846
1768221387867821120 101699289
1768221387970430079 101727697
1768221388073044981 101683085
1768221388175674736 101757808
1768221388278175416 101659864
1768221388380693003 101644122
1768221388483284702 101710456
1768221388585733437 101595733
1768221388690970512 101665196
1768221388793417100 101597308
1768221388895824687 101599549
1768221388998348293 101681715
1768221389101000417 101773567
1768221389203521819 101676289
1768221389306104481 101638067
1768221389408605124 101697549
1768221389511250007 101689085
1768221389613830706 101635974
1768221389716238645 101610789
1768221389818849047 101667511
1768221389921133819 101515159
1768221390023388702 101486770
1768221390125699085 101549252
1768221390228165635 101655252
1768221390330814018 101820530
1768221390433299383 101671048
1768221390535664877 101531936
1768221390638251039 101686456
1768221390740653181 101553622
1768221390843051601 101578640
1768221390945460077 101552937
1768221391048015756 101823752
1768221391150569103 101668937
1768221391252935652 101519918
1768221391355365535 101626992
1768221391457634529 101477770
1768221391560031189 101567307
1768221391662401350 101533455
1768221391764719992 101495622
1768221391866990356 101477733
1768221391969262498 101481251
1768221392071576380 101524936
1768221392173875244 101473362
1768221392276144553 101468307
1768221392378451565 101515085
1768221392480733392 101472714
1768221392582994237 101469973
1768221392685285805 101504918
1768221392787580095 101467399
1768221392889836384 101467232
1768221392992097322 101453565
1768221393094353853 101468658
1768221393196583828 101444862
1768221393298828450 101461528
1768221393401077536 101470528
1768221393503339067 101471603
1768221393605581504 101463380
1768221393707871553 101468750
1768221393810115861 101455861
1768221393912357503 101466047
1768221394014632552 101484270
1768221394116859989 101453973
1768221394219109482 101471306
1768221394321358920 101474658
1768221394423628561 101485714
1768221394525996499 101505862
1768221394628381122 101522732
1768221394730729615 101504084
1768221394833055831 101493529
1768221394935401806 101523029
1768221395037724428 101496250
1768221395140052125 101493324
1768221395242370896 101493973
1768221395344671722 101502065
1768221395446974586 101484751
1768221395549271820 101483195
1768221395651728294 101632232
1768221395754135917 101576269
1768221395856514633 101513973
1768221395958823830 101483806
1768221396061128619 101481750
1768221396163467260 101519991
1768221396265768975 101475121
1768221396368105357 101493824
1768221396470449405 101498750
1768221396572730583 101474046
1768221396674966891 101446787
1768221396777196143 101438806
1768221396879437024 101463306
1768221396981646332 101431010
1768221397083898343 101460547
1768221397186140965 101456009
1768221397288374532 101460787
1768221397390631524 101468713
1768221397492861183 101452064
1768221397595156676 101501509
1768221397697469224 101519768
1768221397799771346 101481842
1768221397902024302 101466361
1768221398004299498 101484805
1768221398106586306 101490176
1768221398208834335 101469028
1768221398311087161 101468750
1768221398413358209 101491009
1768221398515648386 101495583
1768221398617919971 101465305
1768221398720214964 101475991
1768221398822482660 101476861
1768221398924732967 101464546
1768221399026972922 101458342
1768221399129193914 101440638
1768221399231454870 101484065
1768221399333679862 101441343
1768221399435940150 101463490
1768221399538210735 101483657
1768221399640562579 101502861
1768221399742798831 101454343
1768221399845026656 101443675
1768221399947266167 101466157
1768221400049494751 101446749
1768221400151757225 101468842
1768221400253998495 101463824
1768221400356259820 101467842
1768221400458533164 101490842
1768221400560816323 101474713
1768221400663155204 101559361
