1772457962157599992 C1_BASELINE_START
1772458022159428812 C1_BASELINE_END
1772458022162638817 C1_INTERVENTION_START
1772458202167060589 C1_INTERVENTION_END
1772458202167930797 C1_RECOVERY_R1_START
1772458382169736717 C1_RECOVERY_R1_END
1772458382170789388 C1_RECOVERY_R2_START
1772458682108451949 C1_RECOVERY_R2_END
1772458682109342303 C1_POSTBASELINE_START
1772458742111173428 C1_POSTBASELINE_END
1772458742113394379 C2_BASELINE_START
1772458802115267891 C2_BASELINE_END
1772458802118421918 C2_INTERVENTION_START
1772458982122927630 C2_INTERVENTION_END
1772458982123941763 C2_RECOVERY_R1_START
1772459162125777695 C2_RECOVERY_R1_END
1772459162126745123 C2_RECOVERY_R2_START
1772459462057667109 C2_RECOVERY_R2_END
1772459462058693222 C2_POSTBASELINE_START
1772459522060586855 C2_POSTBASELINE_END
1772459522062900101 C3_BASELINE_START
1772459582064886461 C3_BASELINE_END
1772459582068184579 C3_INTERVENTION_START
1772459762073602788 C3_INTERVENTION_END
1772459762074613567 C3_RECOVERY_R1_START
1772459942076501874 C3_RECOVERY_R1_END
1772459942077533932 C3_RECOVERY_R2_START
1772460242081020096 C3_RECOVERY_R2_END
1772460242081990395 C3_POSTBASELINE_START
1772460302083899222 C3_POSTBASELINE_END
