1769084082181312349 C1_BASELINE_START
1769084142183087264 C1_BASELINE_END
1769084142185714870 C1_INTERVENTION_START
1769084322189146995 C1_INTERVENTION_END
1769084322189835068 C1_RECOVERY_START
1769084442191122689 C1_RECOVERY_END
1769084442191750586 C1_POSTBASELINE_START
1769084502193364243 C1_POSTBASELINE_END
1769084502195574679 C2_BASELINE_START
1769084562197434558 C2_BASELINE_END
1769084562200589160 C2_INTERVENTION_START
1769084742204920305 C2_INTERVENTION_END
1769084742205690082 C2_RECOVERY_START
1769084862207709991 C2_RECOVERY_END
1769084862208456361 C2_POSTBASELINE_START
1769084922210113081 C2_POSTBASELINE_END
1769084922212292268 C3_BASELINE_START
1769084982214165172 C3_BASELINE_END
1769084982217350510 C3_INTERVENTION_START
1769085162221472654 C3_INTERVENTION_END
1769085162222299805 C3_RECOVERY_START
1769085282223698463 C3_RECOVERY_END
1769085282224429018 C3_POSTBASELINE_START
1769085342226069947 C3_POSTBASELINE_END
