1772458382174236513 R2_IDLE_B seconds=60
1772458442176070144 R2_PROBE_B seconds=240 bvar=fsync program=low
1772458442178801321 PROBE_B_START program=low bvar=fsync
1772458442206681852 PROBE_B_END program=low bvar=fsync
1772458442409471715 PROBE_B_START program=low bvar=fsync
1772458442437979046 PROBE_B_END program=low bvar=fsync
1772458442640987632 PROBE_B_START program=low bvar=fsync
1772458442724651598 PROBE_B_END program=low bvar=fsync
1772458442927460998 PROBE_B_START program=low bvar=fsync
1772458443017438451 PROBE_B_END program=low bvar=fsync
1772458443220104053 PROBE_B_START program=low bvar=fsync
1772458443303391591 PROBE_B_END program=low bvar=fsync
1772458443506305436 PROBE_B_START program=low bvar=fsync
1772458444118918556 PROBE_B_END program=low bvar=fsync
1772458444321617547 PROBE_B_START program=low bvar=fsync
1772458444416685093 PROBE_B_END program=low bvar=fsync
1772458444619468732 PROBE_B_START program=low bvar=fsync
1772458444718590886 PROBE_B_END program=low bvar=fsync
1772458444921371821 PROBE_B_START program=low bvar=fsync
1772458445123938885 PROBE_B_END program=low bvar=fsync
1772458445326809968 PROBE_B_START program=low bvar=fsync
1772458445387209401 PROBE_B_END program=low bvar=fsync
1772458445590036947 PROBE_B_START program=low bvar=fsync
1772458445649611117 PROBE_B_END program=low bvar=fsync
1772458445852380292 PROBE_B_START program=low bvar=fsync
1772458445912142648 PROBE_B_END program=low bvar=fsync
1772458446114917768 PROBE_B_START program=low bvar=fsync
1772458446175256459 PROBE_B_END program=low bvar=fsync
1772458446378052708 PROBE_B_START program=low bvar=fsync
1772458446436531892 PROBE_B_END program=low bvar=fsync
1772458446639352030 PROBE_B_START program=low bvar=fsync
1772458446695736669 PROBE_B_END program=low bvar=fsync
1772458446898544548 PROBE_B_START program=low bvar=fsync
1772458446945941153 PROBE_B_END program=low bvar=fsync
1772458447148810495 PROBE_B_START program=low bvar=fsync
1772458447197606290 PROBE_B_END program=low bvar=fsync
1772458447400455724 PROBE_B_START program=low bvar=fsync
1772458447442234233 PROBE_B_END program=low bvar=fsync
1772458447645032389 PROBE_B_START program=low bvar=fsync
1772458447729910784 PROBE_B_END program=low bvar=fsync
1772458447932736310 PROBE_B_START program=low bvar=fsync
1772458447990062379 PROBE_B_END program=low bvar=fsync
1772458448192866589 PROBE_B_START program=low bvar=fsync
1772458448250970790 PROBE_B_END program=low bvar=fsync
1772458448453707871 PROBE_B_START program=low bvar=fsync
1772458448500826938 PROBE_B_END program=low bvar=fsync
1772458448703665593 PROBE_B_START program=low bvar=fsync
1772458448754827934 PROBE_B_END program=low bvar=fsync
1772458448957640589 PROBE_B_START program=low bvar=fsync
1772458449004253432 PROBE_B_END program=low bvar=fsync
1772458449207103512 PROBE_B_START program=low bvar=fsync
1772458449253992133 PROBE_B_END program=low bvar=fsync
1772458449456801195 PROBE_B_START program=low bvar=fsync
1772458449507607423 PROBE_B_END program=low bvar=fsync
1772458449710513522 PROBE_B_START program=low bvar=fsync
1772458449757883553 PROBE_B_END program=low bvar=fsync
1772458449960702318 PROBE_B_START program=low bvar=fsync
1772458450007927830 PROBE_B_END program=low bvar=fsync
1772458450210896002 PROBE_B_START program=low bvar=fsync
1772458450262196751 PROBE_B_END program=low bvar=fsync
1772458450465096553 PROBE_B_START program=low bvar=fsync
1772458450562616328 PROBE_B_END program=low bvar=fsync
1772458450765552779 PROBE_B_START program=low bvar=fsync
1772458450818088310 PROBE_B_END program=low bvar=fsync
1772458451021035223 PROBE_B_START program=low bvar=fsync
1772458451073136401 PROBE_B_END program=low bvar=fsync
1772458451275979906 PROBE_B_START program=low bvar=fsync
1772458451376306580 PROBE_B_END program=low bvar=fsync
1772458451579090232 PROBE_B_START program=low bvar=fsync
1772458451627588859 PROBE_B_END program=low bvar=fsync
1772458451830539179 PROBE_B_START program=low bvar=fsync
1772458451883463545 PROBE_B_END program=low bvar=fsync
1772458452086321235 PROBE_B_START program=low bvar=fsync
1772458452182666190 PROBE_B_END program=low bvar=fsync
1772458452385765213 PROBE_B_START program=low bvar=fsync
1772458452438235466 PROBE_B_END program=low bvar=fsync
1772458452641128174 PROBE_B_START program=low bvar=fsync
1772458452693556390 PROBE_B_END program=low bvar=fsync
1772458452896403746 PROBE_B_START program=low bvar=fsync
1772458452948854943 PROBE_B_END program=low bvar=fsync
1772458453151764354 PROBE_B_START program=low bvar=fsync
1772458453201967469 PROBE_B_END program=low bvar=fsync
1772458453405011417 PROBE_B_START program=low bvar=fsync
1772458453454957605 PROBE_B_END program=low bvar=fsync
1772458453657789071 PROBE_B_START program=low bvar=fsync
1772458453951549065 PROBE_B_END program=low bvar=fsync
1772458454154383364 PROBE_B_START program=low bvar=fsync
1772458454205491574 PROBE_B_END program=low bvar=fsync
1772458454408458596 PROBE_B_START program=low bvar=fsync
1772458454460624403 PROBE_B_END program=low bvar=fsync
1772458454663510757 PROBE_B_START program=low bvar=fsync
1772458454713999613 PROBE_B_END program=low bvar=fsync
1772458454916949950 PROBE_B_START program=low bvar=fsync
1772458454967686511 PROBE_B_END program=low bvar=fsync
1772458455170489586 PROBE_B_START program=low bvar=fsync
1772458455221199295 PROBE_B_END program=low bvar=fsync
1772458455424123890 PROBE_B_START program=low bvar=fsync
1772458455476890551 PROBE_B_END program=low bvar=fsync
1772458455679804108 PROBE_B_START program=low bvar=fsync
1772458455777644864 PROBE_B_END program=low bvar=fsync
1772458455980567829 PROBE_B_START program=low bvar=fsync
1772458456029465180 PROBE_B_END program=low bvar=fsync
1772458456232365088 PROBE_B_START program=low bvar=fsync
1772458456284277746 PROBE_B_END program=low bvar=fsync
1772458456487485433 PROBE_B_START program=low bvar=fsync
1772458456536769211 PROBE_B_END program=low bvar=fsync
1772458456739709953 PROBE_B_START program=low bvar=fsync
1772458456790402587 PROBE_B_END program=low bvar=fsync
1772458456993267052 PROBE_B_START program=low bvar=fsync
1772458457047012364 PROBE_B_END program=low bvar=fsync
1772458457249931624 PROBE_B_START program=low bvar=fsync
1772458457298725862 PROBE_B_END program=low bvar=fsync
1772458457501640529 PROBE_B_START program=low bvar=fsync
1772458457552063459 PROBE_B_END program=low bvar=fsync
1772458457755062127 PROBE_B_START program=low bvar=fsync
1772458457806102207 PROBE_B_END program=low bvar=fsync
1772458458009001985 PROBE_B_START program=low bvar=fsync
1772458458056968905 PROBE_B_END program=low bvar=fsync
1772458458259852905 PROBE_B_START program=low bvar=fsync
1772458458314660703 PROBE_B_END program=low bvar=fsync
1772458458517519406 PROBE_B_START program=low bvar=fsync
1772458458579456508 PROBE_B_END program=low bvar=fsync
1772458458782502823 PROBE_B_START program=low bvar=fsync
1772458458830604948 PROBE_B_END program=low bvar=fsync
1772458459033482744 PROBE_B_START program=low bvar=fsync
1772458459088702821 PROBE_B_END program=low bvar=fsync
1772458459291633468 PROBE_B_START program=low bvar=fsync
1772458459385762061 PROBE_B_END program=low bvar=fsync
1772458459589031876 PROBE_B_START program=low bvar=fsync
1772458459637124537 PROBE_B_END program=low bvar=fsync
1772458459839960018 PROBE_B_START program=low bvar=fsync
1772458459891609988 PROBE_B_END program=low bvar=fsync
1772458460094584228 PROBE_B_START program=low bvar=fsync
1772458460144341247 PROBE_B_END program=low bvar=fsync
1772458460347228116 PROBE_B_START program=low bvar=fsync
1772458460394007458 PROBE_B_END program=low bvar=fsync
1772458460596949808 PROBE_B_START program=low bvar=fsync
1772458460646509475 PROBE_B_END program=low bvar=fsync
1772458460849524473 PROBE_B_START program=low bvar=fsync
1772458460896137999 PROBE_B_END program=low bvar=fsync
1772458461099015886 PROBE_B_START program=low bvar=fsync
1772458461150471763 PROBE_B_END program=low bvar=fsync
1772458461353272020 PROBE_B_START program=low bvar=fsync
1772458461400137362 PROBE_B_END program=low bvar=fsync
1772458461603074563 PROBE_B_START program=low bvar=fsync
1772458461656866542 PROBE_B_END program=low bvar=fsync
1772458461859908021 PROBE_B_START program=low bvar=fsync
1772458461907188642 PROBE_B_END program=low bvar=fsync
1772458462110210233 PROBE_B_START program=low bvar=fsync
1772458462162583631 PROBE_B_END program=low bvar=fsync
1772458462365604536 PROBE_B_START program=low bvar=fsync
1772458462412786916 PROBE_B_END program=low bvar=fsync
1772458462615691283 PROBE_B_START program=low bvar=fsync
1772458462712254958 PROBE_B_END program=low bvar=fsync
1772458462915201715 PROBE_B_START program=low bvar=fsync
1772458462966985315 PROBE_B_END program=low bvar=fsync
1772458463169913700 PROBE_B_START program=low bvar=fsync
1772458463222968954 PROBE_B_END program=low bvar=fsync
1772458463425854320 PROBE_B_START program=low bvar=fsync
1772458463478310590 PROBE_B_END program=low bvar=fsync
1772458463681185660 PROBE_B_START program=low bvar=fsync
1772458463733747411 PROBE_B_END program=low bvar=fsync
1772458463936454796 PROBE_B_START program=low bvar=fsync
1772458463986862261 PROBE_B_END program=low bvar=fsync
1772458464189688627 PROBE_B_START program=low bvar=fsync
1772458464241270856 PROBE_B_END program=low bvar=fsync
1772458464444099055 PROBE_B_START program=low bvar=fsync
1772458464496185897 PROBE_B_END program=low bvar=fsync
1772458464699111744 PROBE_B_START program=low bvar=fsync
1772458464943159134 PROBE_B_END program=low bvar=fsync
1772458465146006369 PROBE_B_START program=low bvar=fsync
1772458465200704073 PROBE_B_END program=low bvar=fsync
1772458465403625531 PROBE_B_START program=low bvar=fsync
1772458465453595809 PROBE_B_END program=low bvar=fsync
1772458465656580100 PROBE_B_START program=low bvar=fsync
1772458465709477316 PROBE_B_END program=low bvar=fsync
1772458465912331310 PROBE_B_START program=low bvar=fsync
1772458465962329904 PROBE_B_END program=low bvar=fsync
1772458466165219750 PROBE_B_START program=low bvar=fsync
1772458466260962976 PROBE_B_END program=low bvar=fsync
1772458466463833988 PROBE_B_START program=low bvar=fsync
1772458466514813252 PROBE_B_END program=low bvar=fsync
1772458466717845931 PROBE_B_START program=low bvar=fsync
1772458466764971866 PROBE_B_END program=low bvar=fsync
1772458466967738822 PROBE_B_START program=low bvar=fsync
1772458467017047042 PROBE_B_END program=low bvar=fsync
1772458467219974073 PROBE_B_START program=low bvar=fsync
1772458467267678009 PROBE_B_END program=low bvar=fsync
1772458467470492817 PROBE_B_START program=low bvar=fsync
1772458467522259824 PROBE_B_END program=low bvar=fsync
1772458467725193373 PROBE_B_START program=low bvar=fsync
1772458467773135236 PROBE_B_END program=low bvar=fsync
1772458467975845581 PROBE_B_START program=low bvar=fsync
1772458468026560825 PROBE_B_END program=low bvar=fsync
1772458468229502688 PROBE_B_START program=low bvar=fsync
1772458468276667104 PROBE_B_END program=low bvar=fsync
1772458468479639134 PROBE_B_START program=low bvar=fsync
1772458468535118728 PROBE_B_END program=low bvar=fsync
1772458468738068647 PROBE_B_START program=low bvar=fsync
1772458468784994377 PROBE_B_END program=low bvar=fsync
1772458468988238130 PROBE_B_START program=low bvar=fsync
1772458469041075622 PROBE_B_END program=low bvar=fsync
1772458469243935818 PROBE_B_START program=low bvar=fsync
1772458469290914399 PROBE_B_END program=low bvar=fsync
1772458469493907132 PROBE_B_START program=low bvar=fsync
1772458469546071955 PROBE_B_END program=low bvar=fsync
1772458469749008132 PROBE_B_START program=low bvar=fsync
1772458469842485275 PROBE_B_END program=low bvar=fsync
1772458470045388174 PROBE_B_START program=low bvar=fsync
1772458470098671797 PROBE_B_END program=low bvar=fsync
1772458470301614289 PROBE_B_START program=low bvar=fsync
1772458470350026857 PROBE_B_END program=low bvar=fsync
1772458470552845922 PROBE_B_START program=low bvar=fsync
1772458470604625354 PROBE_B_END program=low bvar=fsync
1772458470807736680 PROBE_B_START program=low bvar=fsync
1772458470855020021 PROBE_B_END program=low bvar=fsync
1772458471057707901 PROBE_B_START program=low bvar=fsync
1772458471105452836 PROBE_B_END program=low bvar=fsync
1772458471308203975 PROBE_B_START program=low bvar=fsync
1772458471354481590 PROBE_B_END program=low bvar=fsync
1772458471557306432 PROBE_B_START program=low bvar=fsync
1772458471608109250 PROBE_B_END program=low bvar=fsync
1772458471810981592 PROBE_B_START program=low bvar=fsync
1772458471861451631 PROBE_B_END program=low bvar=fsync
1772458472064115379 PROBE_B_START program=low bvar=fsync
1772458472110011438 PROBE_B_END program=low bvar=fsync
1772458472312787650 PROBE_B_START program=low bvar=fsync
1772458472362664093 PROBE_B_END program=low bvar=fsync
1772458472565436397 PROBE_B_START program=low bvar=fsync
1772458472612514645 PROBE_B_END program=low bvar=fsync
1772458472815345135 PROBE_B_START program=low bvar=fsync
1772458472863545183 PROBE_B_END program=low bvar=fsync
1772458473066381877 PROBE_B_START program=low bvar=fsync
1772458473161144263 PROBE_B_END program=low bvar=fsync
1772458473363970345 PROBE_B_START program=low bvar=fsync
1772458473412637802 PROBE_B_END program=low bvar=fsync
1772458473615493365 PROBE_B_START program=low bvar=fsync
1772458473667275964 PROBE_B_END program=low bvar=fsync
1772458473870205842 PROBE_B_START program=low bvar=fsync
1772458473921938088 PROBE_B_END program=low bvar=fsync
1772458474124694688 PROBE_B_START program=low bvar=fsync
1772458474228672090 PROBE_B_END program=low bvar=fsync
1772458474431458782 PROBE_B_START program=low bvar=fsync
1772458474485081868 PROBE_B_END program=low bvar=fsync
1772458474687945190 PROBE_B_START program=low bvar=fsync
1772458474743460950 PROBE_B_END program=low bvar=fsync
1772458474946260661 PROBE_B_START program=low bvar=fsync
1772458474995504453 PROBE_B_END program=low bvar=fsync
1772458475198368256 PROBE_B_START program=low bvar=fsync
1772458475620579737 PROBE_B_END program=low bvar=fsync
1772458475823407483 PROBE_B_START program=low bvar=fsync
1772458475870541324 PROBE_B_END program=low bvar=fsync
1772458476073429663 PROBE_B_START program=low bvar=fsync
1772458476123947942 PROBE_B_END program=low bvar=fsync
1772458476326653817 PROBE_B_START program=low bvar=fsync
1772458476373399711 PROBE_B_END program=low bvar=fsync
1772458476576164902 PROBE_B_START program=low bvar=fsync
1772458476623763040 PROBE_B_END program=low bvar=fsync
1772458476826573879 PROBE_B_START program=low bvar=fsync
1772458476921270764 PROBE_B_END program=low bvar=fsync
1772458477124575419 PROBE_B_START program=low bvar=fsync
1772458477175709440 PROBE_B_END program=low bvar=fsync
1772458477378496760 PROBE_B_START program=low bvar=fsync
1772458477427927941 PROBE_B_END program=low bvar=fsync
1772458477630872613 PROBE_B_START program=low bvar=fsync
1772458477679376755 PROBE_B_END program=low bvar=fsync
1772458477882267797 PROBE_B_START program=low bvar=fsync
1772458477932255462 PROBE_B_END program=low bvar=fsync
1772458478135093170 PROBE_B_START program=low bvar=fsync
1772458478186292062 PROBE_B_END program=low bvar=fsync
1772458478389170918 PROBE_B_START program=low bvar=fsync
1772458478445451754 PROBE_B_END program=low bvar=fsync
1772458478648381018 PROBE_B_START program=low bvar=fsync
1772458478696972159 PROBE_B_END program=low bvar=fsync
1772458478899785719 PROBE_B_START program=low bvar=fsync
1772458478949615494 PROBE_B_END program=low bvar=fsync
1772458479152494461 PROBE_B_START program=low bvar=fsync
1772458479203292055 PROBE_B_END program=low bvar=fsync
1772458479406280651 PROBE_B_START program=low bvar=fsync
1772458479454998367 PROBE_B_END program=low bvar=fsync
1772458479657951927 PROBE_B_START program=low bvar=fsync
1772458479705353897 PROBE_B_END program=low bvar=fsync
1772458479908208734 PROBE_B_START program=low bvar=fsync
1772458479957564063 PROBE_B_END program=low bvar=fsync
1772458480160452677 PROBE_B_START program=low bvar=fsync
1772458480257634107 PROBE_B_END program=low bvar=fsync
1772458480461320058 PROBE_B_START program=low bvar=fsync
1772458480508961788 PROBE_B_END program=low bvar=fsync
1772458480711785050 PROBE_B_START program=low bvar=fsync
1772458480765227838 PROBE_B_END program=low bvar=fsync
1772458480968106175 PROBE_B_START program=low bvar=fsync
1772458481015295477 PROBE_B_END program=low bvar=fsync
1772458481218228961 PROBE_B_START program=low bvar=fsync
1772458481267672142 PROBE_B_END program=low bvar=fsync
1772458481470671830 PROBE_B_START program=low bvar=fsync
1772458481520067937 PROBE_B_END program=low bvar=fsync
1772458481722968902 PROBE_B_START program=low bvar=fsync
1772458481773685754 PROBE_B_END program=low bvar=fsync
1772458481976570942 PROBE_B_START program=low bvar=fsync
1772458482023237187 PROBE_B_END program=low bvar=fsync
1772458482226367041 PROBE_B_START program=low bvar=fsync
1772458482278217805 PROBE_B_END program=low bvar=fsync
1772458482481201807 PROBE_B_START program=low bvar=fsync
1772458482528239627 PROBE_B_END program=low bvar=fsync
1772458482731208870 PROBE_B_START program=low bvar=fsync
1772458482778593358 PROBE_B_END program=low bvar=fsync
1772458482981499341 PROBE_B_START program=low bvar=fsync
1772458483030339279 PROBE_B_END program=low bvar=fsync
1772458483233282891 PROBE_B_START program=low bvar=fsync
1772458483282522441 PROBE_B_END program=low bvar=fsync
1772458483485330942 PROBE_B_START program=low bvar=fsync
1772458483581893536 PROBE_B_END program=low bvar=fsync
1772458483784736481 PROBE_B_START program=low bvar=fsync
1772458483835980576 PROBE_B_END program=low bvar=fsync
1772458484038936206 PROBE_B_START program=low bvar=fsync
1772458484088644332 PROBE_B_END program=low bvar=fsync
1772458484291486369 PROBE_B_START program=low bvar=fsync
1772458484342146703 PROBE_B_END program=low bvar=fsync
1772458484545045962 PROBE_B_START program=low bvar=fsync
1772458484601068833 PROBE_B_END program=low bvar=fsync
1772458484803893444 PROBE_B_START program=low bvar=fsync
1772458484855283373 PROBE_B_END program=low bvar=fsync
1772458485058056539 PROBE_B_START program=low bvar=fsync
1772458485110030729 PROBE_B_END program=low bvar=fsync
1772458485312904228 PROBE_B_START program=low bvar=fsync
1772458485365130456 PROBE_B_END program=low bvar=fsync
1772458485567967196 PROBE_B_START program=low bvar=fsync
1772458485619475402 PROBE_B_END program=low bvar=fsync
1772458485822361494 PROBE_B_START program=low bvar=fsync
1772458486059719360 PROBE_B_END program=low bvar=fsync
1772458486262624859 PROBE_B_START program=low bvar=fsync
1772458486312852153 PROBE_B_END program=low bvar=fsync
1772458486515733412 PROBE_B_START program=low bvar=fsync
1772458486563127788 PROBE_B_END program=low bvar=fsync
1772458486765994768 PROBE_B_START program=low bvar=fsync
1772458486815747894 PROBE_B_END program=low bvar=fsync
1772458487018681338 PROBE_B_START program=low bvar=fsync
1772458487068527334 PROBE_B_END program=low bvar=fsync
1772458487271381221 PROBE_B_START program=low bvar=fsync
1772458487321886368 PROBE_B_END program=low bvar=fsync
1772458487524990867 PROBE_B_START program=low bvar=fsync
1772458487574149286 PROBE_B_END program=low bvar=fsync
1772458487777115063 PROBE_B_START program=low bvar=fsync
1772458487871436425 PROBE_B_END program=low bvar=fsync
1772458488074302349 PROBE_B_START program=low bvar=fsync
1772458488126615520 PROBE_B_END program=low bvar=fsync
1772458488329591592 PROBE_B_START program=low bvar=fsync
1772458488379229143 PROBE_B_END program=low bvar=fsync
1772458488581986881 PROBE_B_START program=low bvar=fsync
1772458488631352172 PROBE_B_END program=low bvar=fsync
1772458488834226947 PROBE_B_START program=low bvar=fsync
1772458488883229033 PROBE_B_END program=low bvar=fsync
1772458489086128197 PROBE_B_START program=low bvar=fsync
1772458489134027982 PROBE_B_END program=low bvar=fsync
1772458489337004553 PROBE_B_START program=low bvar=fsync
1772458489386207566 PROBE_B_END program=low bvar=fsync
1772458489589187266 PROBE_B_START program=low bvar=fsync
1772458489638547075 PROBE_B_END program=low bvar=fsync
1772458489841568147 PROBE_B_START program=low bvar=fsync
1772458489891345217 PROBE_B_END program=low bvar=fsync
1772458490094250380 PROBE_B_START program=low bvar=fsync
1772458490142443370 PROBE_B_END program=low bvar=fsync
1772458490345346255 PROBE_B_START program=low bvar=fsync
1772458490395038584 PROBE_B_END program=low bvar=fsync
1772458490597934932 PROBE_B_START program=low bvar=fsync
1772458490647053684 PROBE_B_END program=low bvar=fsync
1772458490849989699 PROBE_B_START program=low bvar=fsync
1772458490897478094 PROBE_B_END program=low bvar=fsync
1772458491100331682 PROBE_B_START program=low bvar=fsync
1772458491149977547 PROBE_B_END program=low bvar=fsync
1772458491352869117 PROBE_B_START program=low bvar=fsync
1772458491405789753 PROBE_B_END program=low bvar=fsync
1772458491608652915 PROBE_B_START program=low bvar=fsync
1772458491657501333 PROBE_B_END program=low bvar=fsync
1772458491860261754 PROBE_B_START program=low bvar=fsync
1772458491911268365 PROBE_B_END program=low bvar=fsync
1772458492114060138 PROBE_B_START program=low bvar=fsync
1772458492142474426 PROBE_B_END program=low bvar=fsync
1772458492345447977 PROBE_B_START program=low bvar=fsync
1772458492428797631 PROBE_B_END program=low bvar=fsync
1772458492631926645 PROBE_B_START program=low bvar=fsync
1772458492688080830 PROBE_B_END program=low bvar=fsync
1772458492891016306 PROBE_B_START program=low bvar=fsync
1772458492951444600 PROBE_B_END program=low bvar=fsync
1772458493154371353 PROBE_B_START program=low bvar=fsync
1772458493210344982 PROBE_B_END program=low bvar=fsync
1772458493413263495 PROBE_B_START program=low bvar=fsync
1772458493467493747 PROBE_B_END program=low bvar=fsync
1772458493670507853 PROBE_B_START program=low bvar=fsync
1772458493718055988 PROBE_B_END program=low bvar=fsync
1772458493921029056 PROBE_B_START program=low bvar=fsync
1772458493968567303 PROBE_B_END program=low bvar=fsync
1772458494171462611 PROBE_B_START program=low bvar=fsync
1772458494219772656 PROBE_B_END program=low bvar=fsync
1772458494422719372 PROBE_B_START program=low bvar=fsync
1772458494471954476 PROBE_B_END program=low bvar=fsync
1772458494675203341 PROBE_B_START program=low bvar=fsync
1772458494724619224 PROBE_B_END program=low bvar=fsync
1772458494927556606 PROBE_B_START program=low bvar=fsync
1772458494976905600 PROBE_B_END program=low bvar=fsync
1772458495179777741 PROBE_B_START program=low bvar=fsync
1772458495265884237 PROBE_B_END program=low bvar=fsync
1772458495468945471 PROBE_B_START program=low bvar=fsync
1772458495531757995 PROBE_B_END program=low bvar=fsync
1772458495734958285 PROBE_B_START program=low bvar=fsync
1772458495788021033 PROBE_B_END program=low bvar=fsync
1772458495990846914 PROBE_B_START program=low bvar=fsync
1772458496040782391 PROBE_B_END program=low bvar=fsync
1772458496243707828 PROBE_B_START program=low bvar=fsync
1772458496297649245 PROBE_B_END program=low bvar=fsync
1772458496500490774 PROBE_B_START program=low bvar=fsync
1772458496550197194 PROBE_B_END program=low bvar=fsync
1772458496753436761 PROBE_B_START program=low bvar=fsync
1772458496805648765 PROBE_B_END program=low bvar=fsync
1772458497008610331 PROBE_B_START program=low bvar=fsync
1772458497701345276 PROBE_B_END program=low bvar=fsync
1772458497904514509 PROBE_B_START program=low bvar=fsync
1772458498882017330 PROBE_B_END program=low bvar=fsync
1772458499084933191 PROBE_B_START program=low bvar=fsync
1772458499283396980 PROBE_B_END program=low bvar=fsync
1772458499486303248 PROBE_B_START program=low bvar=fsync
1772458499537766582 PROBE_B_END program=low bvar=fsync
1772458499740707295 PROBE_B_START program=low bvar=fsync
1772458499793505244 PROBE_B_END program=low bvar=fsync
1772458499996342771 PROBE_B_START program=low bvar=fsync
1772458500043841220 PROBE_B_END program=low bvar=fsync
1772458500246727394 PROBE_B_START program=low bvar=fsync
1772458500345383398 PROBE_B_END program=low bvar=fsync
1772458500548233517 PROBE_B_START program=low bvar=fsync
1772458500598666402 PROBE_B_END program=low bvar=fsync
1772458500801550447 PROBE_B_START program=low bvar=fsync
1772458500851854980 PROBE_B_END program=low bvar=fsync
1772458501054635173 PROBE_B_START program=low bvar=fsync
1772458501102508011 PROBE_B_END program=low bvar=fsync
1772458501305370093 PROBE_B_START program=low bvar=fsync
1772458501354412584 PROBE_B_END program=low bvar=fsync
1772458501557395869 PROBE_B_START program=low bvar=fsync
1772458501609122241 PROBE_B_END program=low bvar=fsync
1772458501811979748 PROBE_B_START program=low bvar=fsync
1772458501859389603 PROBE_B_END program=low bvar=fsync
1772458502062208722 PROBE_B_START program=low bvar=fsync
1772458502109850596 PROBE_B_END program=low bvar=fsync
1772458502312686288 PROBE_B_START program=low bvar=fsync
1772458502359746420 PROBE_B_END program=low bvar=fsync
1772458502562649501 PROBE_B_START program=low bvar=fsync
1772458502611148657 PROBE_B_END program=low bvar=fsync
1772458502813988867 PROBE_B_START program=low bvar=fsync
1772458502864956569 PROBE_B_END program=low bvar=fsync
1772458503067730130 PROBE_B_START program=low bvar=fsync
1772458503168173657 PROBE_B_END program=low bvar=fsync
1772458503371042015 PROBE_B_START program=low bvar=fsync
1772458503420199192 PROBE_B_END program=low bvar=fsync
1772458503623345217 PROBE_B_START program=low bvar=fsync
1772458503672893117 PROBE_B_END program=low bvar=fsync
1772458503875844068 PROBE_B_START program=low bvar=fsync
1772458503926694751 PROBE_B_END program=low bvar=fsync
1772458504129634701 PROBE_B_START program=low bvar=fsync
1772458504177994689 PROBE_B_END program=low bvar=fsync
1772458504381002028 PROBE_B_START program=low bvar=fsync
1772458504430146575 PROBE_B_END program=low bvar=fsync
1772458504632949210 PROBE_B_START program=low bvar=fsync
1772458504680256139 PROBE_B_END program=low bvar=fsync
1772458504883132514 PROBE_B_START program=low bvar=fsync
1772458504977393704 PROBE_B_END program=low bvar=fsync
1772458505180253598 PROBE_B_START program=low bvar=fsync
1772458505231381855 PROBE_B_END program=low bvar=fsync
1772458505434212989 PROBE_B_START program=low bvar=fsync
1772458505481201380 PROBE_B_END program=low bvar=fsync
1772458505684092644 PROBE_B_START program=low bvar=fsync
1772458505732951523 PROBE_B_END program=low bvar=fsync
1772458505935920824 PROBE_B_START program=low bvar=fsync
1772458505986308467 PROBE_B_END program=low bvar=fsync
1772458506189132471 PROBE_B_START program=low bvar=fsync
1772458506238619982 PROBE_B_END program=low bvar=fsync
1772458506441540097 PROBE_B_START program=low bvar=fsync
1772458506495542716 PROBE_B_END program=low bvar=fsync
1772458506698299331 PROBE_B_START program=low bvar=fsync
1772458506749316106 PROBE_B_END program=low bvar=fsync
1772458506952219518 PROBE_B_START program=low bvar=fsync
1772458507008542127 PROBE_B_END program=low bvar=fsync
1772458507211364815 PROBE_B_START program=low bvar=fsync
1772458507261444791 PROBE_B_END program=low bvar=fsync
1772458507464318053 PROBE_B_START program=low bvar=fsync
1772458507566220788 PROBE_B_END program=low bvar=fsync
1772458507769066051 PROBE_B_START program=low bvar=fsync
1772458507818151819 PROBE_B_END program=low bvar=fsync
1772458508020988563 PROBE_B_START program=low bvar=fsync
1772458508072551432 PROBE_B_END program=low bvar=fsync
1772458508275527695 PROBE_B_START program=low bvar=fsync
1772458508335774540 PROBE_B_END program=low bvar=fsync
1772458508538581801 PROBE_B_START program=low bvar=fsync
1772458508635498055 PROBE_B_END program=low bvar=fsync
1772458508838422391 PROBE_B_START program=low bvar=fsync
1772458508888988905 PROBE_B_END program=low bvar=fsync
1772458509091880223 PROBE_B_START program=low bvar=fsync
1772458509167645604 PROBE_B_END program=low bvar=fsync
1772458509370408347 PROBE_B_START program=low bvar=fsync
1772458509419550726 PROBE_B_END program=low bvar=fsync
1772458509622523932 PROBE_B_START program=low bvar=fsync
1772458509694339022 PROBE_B_END program=low bvar=fsync
1772458509897234561 PROBE_B_START program=low bvar=fsync
1772458509948121187 PROBE_B_END program=low bvar=fsync
1772458510151740266 PROBE_B_START program=low bvar=fsync
1772458510203715895 PROBE_B_END program=low bvar=fsync
1772458510406650175 PROBE_B_START program=low bvar=fsync
1772458511080070577 PROBE_B_END program=low bvar=fsync
1772458511282813355 PROBE_B_START program=low bvar=fsync
1772458512244006669 PROBE_B_END program=low bvar=fsync
1772458512447009225 PROBE_B_START program=low bvar=fsync
1772458514069096812 PROBE_B_END program=low bvar=fsync
1772458514272444627 PROBE_B_START program=low bvar=fsync
1772458515161941751 PROBE_B_END program=low bvar=fsync
1772458515364871027 PROBE_B_START program=low bvar=fsync
1772458515403792240 PROBE_B_END program=low bvar=fsync
1772458515606683905 PROBE_B_START program=low bvar=fsync
1772458515635271062 PROBE_B_END program=low bvar=fsync
1772458515838189227 PROBE_B_START program=low bvar=fsync
1772458515866790310 PROBE_B_END program=low bvar=fsync
1772458516069837179 PROBE_B_START program=low bvar=fsync
1772458516098913412 PROBE_B_END program=low bvar=fsync
1772458516301782502 PROBE_B_START program=low bvar=fsync
1772458516387900122 PROBE_B_END program=low bvar=fsync
1772458516590750324 PROBE_B_START program=low bvar=fsync
1772458516707280830 PROBE_B_END program=low bvar=fsync
1772458516910141216 PROBE_B_START program=low bvar=fsync
1772458516970640820 PROBE_B_END program=low bvar=fsync
1772458517173471854 PROBE_B_START program=low bvar=fsync
1772458517234219199 PROBE_B_END program=low bvar=fsync
1772458517437214289 PROBE_B_START program=low bvar=fsync
1772458517495998108 PROBE_B_END program=low bvar=fsync
1772458517698815290 PROBE_B_START program=low bvar=fsync
1772458517762168126 PROBE_B_END program=low bvar=fsync
1772458517965119882 PROBE_B_START program=low bvar=fsync
1772458518023065365 PROBE_B_END program=low bvar=fsync
1772458518225924899 PROBE_B_START program=low bvar=fsync
1772458518285597962 PROBE_B_END program=low bvar=fsync
1772458518488627181 PROBE_B_START program=low bvar=fsync
1772458518542035685 PROBE_B_END program=low bvar=fsync
1772458518744864885 PROBE_B_START program=low bvar=fsync
1772458518796544383 PROBE_B_END program=low bvar=fsync
1772458518999529564 PROBE_B_START program=low bvar=fsync
1772458519046964695 PROBE_B_END program=low bvar=fsync
1772458519249936432 PROBE_B_START program=low bvar=fsync
1772458519299211625 PROBE_B_END program=low bvar=fsync
1772458519502257899 PROBE_B_START program=low bvar=fsync
1772458519549930401 PROBE_B_END program=low bvar=fsync
1772458519752736008 PROBE_B_START program=low bvar=fsync
1772458519805508583 PROBE_B_END program=low bvar=fsync
1772458520008402264 PROBE_B_START program=low bvar=fsync
1772458520054960188 PROBE_B_END program=low bvar=fsync
1772458520257811016 PROBE_B_START program=low bvar=fsync
1772458520305315870 PROBE_B_END program=low bvar=fsync
1772458520508266254 PROBE_B_START program=low bvar=fsync
1772458520555369957 PROBE_B_END program=low bvar=fsync
1772458520758184637 PROBE_B_START program=low bvar=fsync
1772458520809076799 PROBE_B_END program=low bvar=fsync
1772458521011980701 PROBE_B_START program=low bvar=fsync
1772458521105123734 PROBE_B_END program=low bvar=fsync
1772458521308005525 PROBE_B_START program=low bvar=fsync
1772458521357571700 PROBE_B_END program=low bvar=fsync
1772458521560241805 PROBE_B_START program=low bvar=fsync
1772458521612735786 PROBE_B_END program=low bvar=fsync
1772458521815550373 PROBE_B_START program=low bvar=fsync
1772458521865443253 PROBE_B_END program=low bvar=fsync
1772458522068277988 PROBE_B_START program=low bvar=fsync
1772458522115690618 PROBE_B_END program=low bvar=fsync
1772458522318572927 PROBE_B_START program=low bvar=fsync
1772458522367466896 PROBE_B_END program=low bvar=fsync
1772458522570513390 PROBE_B_START program=low bvar=fsync
1772458522618802894 PROBE_B_END program=low bvar=fsync
1772458522821605961 PROBE_B_START program=low bvar=fsync
1772458522871241989 PROBE_B_END program=low bvar=fsync
1772458523074151964 PROBE_B_START program=low bvar=fsync
1772458523122470764 PROBE_B_END program=low bvar=fsync
1772458523325329257 PROBE_B_START program=low bvar=fsync
1772458523379071909 PROBE_B_END program=low bvar=fsync
1772458523582377904 PROBE_B_START program=low bvar=fsync
1772458523632368599 PROBE_B_END program=low bvar=fsync
1772458523835253314 PROBE_B_START program=low bvar=fsync
1772458523885420195 PROBE_B_END program=low bvar=fsync
1772458524088343410 PROBE_B_START program=low bvar=fsync
1772458524139557091 PROBE_B_END program=low bvar=fsync
1772458524342454176 PROBE_B_START program=low bvar=fsync
1772458524393884338 PROBE_B_END program=low bvar=fsync
1772458524596777053 PROBE_B_START program=low bvar=fsync
1772458524641464674 PROBE_B_END program=low bvar=fsync
1772458524844322073 PROBE_B_START program=low bvar=fsync
1772458524873318027 PROBE_B_END program=low bvar=fsync
1772458525076264742 PROBE_B_START program=low bvar=fsync
1772458525104925843 PROBE_B_END program=low bvar=fsync
1772458525307783798 PROBE_B_START program=low bvar=fsync
1772458525336915715 PROBE_B_END program=low bvar=fsync
1772458525539708077 PROBE_B_START program=low bvar=fsync
1772458525568273974 PROBE_B_END program=low bvar=fsync
1772458525771170244 PROBE_B_START program=low bvar=fsync
1772458525864759777 PROBE_B_END program=low bvar=fsync
1772458526067614306 PROBE_B_START program=low bvar=fsync
1772458526419814044 PROBE_B_END program=low bvar=fsync
1772458526622700999 PROBE_B_START program=low bvar=fsync
1772458526697720614 PROBE_B_END program=low bvar=fsync
1772458526900846403 PROBE_B_START program=low bvar=fsync
1772458526970652963 PROBE_B_END program=low bvar=fsync
1772458527173587602 PROBE_B_START program=low bvar=fsync
1772458527234018500 PROBE_B_END program=low bvar=fsync
1772458527436976268 PROBE_B_START program=low bvar=fsync
1772458527495185992 PROBE_B_END program=low bvar=fsync
1772458527697993389 PROBE_B_START program=low bvar=fsync
1772458527758123712 PROBE_B_END program=low bvar=fsync
1772458527961084832 PROBE_B_START program=low bvar=fsync
1772458528017573975 PROBE_B_END program=low bvar=fsync
1772458528220400002 PROBE_B_START program=low bvar=fsync
1772458528249623197 PROBE_B_END program=low bvar=fsync
1772458528452534021 PROBE_B_START program=low bvar=fsync
1772458528480963084 PROBE_B_END program=low bvar=fsync
1772458528683952833 PROBE_B_START program=low bvar=fsync
1772458528713035232 PROBE_B_END program=low bvar=fsync
1772458528915939351 PROBE_B_START program=low bvar=fsync
1772458528944457822 PROBE_B_END program=low bvar=fsync
1772458529147376330 PROBE_B_START program=low bvar=fsync
1772458529176255561 PROBE_B_END program=low bvar=fsync
1772458529379123569 PROBE_B_START program=low bvar=fsync
1772458529407293686 PROBE_B_END program=low bvar=fsync
1772458529610055194 PROBE_B_START program=low bvar=fsync
1772458529638985943 PROBE_B_END program=low bvar=fsync
1772458529841677543 PROBE_B_START program=low bvar=fsync
1772458529927081880 PROBE_B_END program=low bvar=fsync
1772458530129814832 PROBE_B_START program=low bvar=fsync
1772458530202406234 PROBE_B_END program=low bvar=fsync
1772458530405268482 PROBE_B_START program=low bvar=fsync
1772458530525314199 PROBE_B_END program=low bvar=fsync
1772458530728052372 PROBE_B_START program=low bvar=fsync
1772458530795121163 PROBE_B_END program=low bvar=fsync
1772458530998009022 PROBE_B_START program=low bvar=fsync
1772458531066208613 PROBE_B_END program=low bvar=fsync
1772458531269021175 PROBE_B_START program=low bvar=fsync
1772458531338921549 PROBE_B_END program=low bvar=fsync
1772458531541667000 PROBE_B_START program=low bvar=fsync
1772458531600841874 PROBE_B_END program=low bvar=fsync
1772458531803732140 PROBE_B_START program=low bvar=fsync
1772458531866518156 PROBE_B_END program=low bvar=fsync
1772458532069175625 PROBE_B_START program=low bvar=fsync
1772458532125458303 PROBE_B_END program=low bvar=fsync
1772458532328244753 PROBE_B_START program=low bvar=fsync
1772458532387442201 PROBE_B_END program=low bvar=fsync
1772458532590227133 PROBE_B_START program=low bvar=fsync
1772458532648901005 PROBE_B_END program=low bvar=fsync
1772458532851724288 PROBE_B_START program=low bvar=fsync
1772458532911353479 PROBE_B_END program=low bvar=fsync
1772458533114197206 PROBE_B_START program=low bvar=fsync
1772458533172573096 PROBE_B_END program=low bvar=fsync
1772458533375353934 PROBE_B_START program=low bvar=fsync
1772458533427079263 PROBE_B_END program=low bvar=fsync
1772458533629910028 PROBE_B_START program=low bvar=fsync
1772458533679420849 PROBE_B_END program=low bvar=fsync
1772458533882548503 PROBE_B_START program=low bvar=fsync
1772458533929317815 PROBE_B_END program=low bvar=fsync
1772458534132124801 PROBE_B_START program=low bvar=fsync
1772458534162630630 PROBE_B_END program=low bvar=fsync
1772458534365469190 PROBE_B_START program=low bvar=fsync
1772458534393961382 PROBE_B_END program=low bvar=fsync
1772458534596748498 PROBE_B_START program=low bvar=fsync
1772458534625168005 PROBE_B_END program=low bvar=fsync
1772458534827988028 PROBE_B_START program=low bvar=fsync
1772458534857016999 PROBE_B_END program=low bvar=fsync
1772458535059702726 PROBE_B_START program=low bvar=fsync
1772458535087224192 PROBE_B_END program=low bvar=fsync
1772458535289985122 PROBE_B_START program=low bvar=fsync
1772458535374789751 PROBE_B_END program=low bvar=fsync
1772458535577642774 PROBE_B_START program=low bvar=fsync
1772458537139321793 PROBE_B_END program=low bvar=fsync
1772458537342172481 PROBE_B_START program=low bvar=fsync
1772458537726180726 PROBE_B_END program=low bvar=fsync
1772458537929037729 PROBE_B_START program=low bvar=fsync
1772458537986480929 PROBE_B_END program=low bvar=fsync
1772458538189298320 PROBE_B_START program=low bvar=fsync
1772458538249322344 PROBE_B_END program=low bvar=fsync
1772458538452198828 PROBE_B_START program=low bvar=fsync
1772458538496603038 PROBE_B_END program=low bvar=fsync
1772458538699353559 PROBE_B_START program=low bvar=fsync
1772458538730568556 PROBE_B_END program=low bvar=fsync
1772458538933352484 PROBE_B_START program=low bvar=fsync
1772458538961838157 PROBE_B_END program=low bvar=fsync
1772458539164582455 PROBE_B_START program=low bvar=fsync
1772458539193237073 PROBE_B_END program=low bvar=fsync
1772458539395996871 PROBE_B_START program=low bvar=fsync
1772458539424513988 PROBE_B_END program=low bvar=fsync
1772458539627274638 PROBE_B_START program=low bvar=fsync
1772458539656154294 PROBE_B_END program=low bvar=fsync
1772458539859019166 PROBE_B_START program=low bvar=fsync
1772458539887256598 PROBE_B_END program=low bvar=fsync
1772458540091102380 PROBE_B_START program=low bvar=fsync
1772458540123606345 PROBE_B_END program=low bvar=fsync
1772458540326441568 PROBE_B_START program=low bvar=fsync
1772458540354713315 PROBE_B_END program=low bvar=fsync
1772458540557565482 PROBE_B_START program=low bvar=fsync
1772458540586206489 PROBE_B_END program=low bvar=fsync
1772458540789078139 PROBE_B_START program=low bvar=fsync
1772458540874482195 PROBE_B_END program=low bvar=fsync
1772458541077289380 PROBE_B_START program=low bvar=fsync
1772458541145917396 PROBE_B_END program=low bvar=fsync
1772458541348672508 PROBE_B_START program=low bvar=fsync
1772458541464936708 PROBE_B_END program=low bvar=fsync
1772458541667750060 PROBE_B_START program=low bvar=fsync
1772458541737281820 PROBE_B_END program=low bvar=fsync
1772458541940065042 PROBE_B_START program=low bvar=fsync
1772458542005035619 PROBE_B_END program=low bvar=fsync
1772458542207938953 PROBE_B_START program=low bvar=fsync
1772458542279901425 PROBE_B_END program=low bvar=fsync
1772458542482684406 PROBE_B_START program=low bvar=fsync
1772458542550910920 PROBE_B_END program=low bvar=fsync
1772458542753683160 PROBE_B_START program=low bvar=fsync
1772458542821840638 PROBE_B_END program=low bvar=fsync
1772458543024684989 PROBE_B_START program=low bvar=fsync
1772458543080884110 PROBE_B_END program=low bvar=fsync
1772458543283598127 PROBE_B_START program=low bvar=fsync
1772458543343305667 PROBE_B_END program=low bvar=fsync
1772458543546181426 PROBE_B_START program=low bvar=fsync
1772458543602737511 PROBE_B_END program=low bvar=fsync
1772458543805500158 PROBE_B_START program=low bvar=fsync
1772458543864269269 PROBE_B_END program=low bvar=fsync
1772458544067200472 PROBE_B_START program=low bvar=fsync
1772458544125850268 PROBE_B_END program=low bvar=fsync
1772458544328541377 PROBE_B_START program=low bvar=fsync
1772458544386983968 PROBE_B_END program=low bvar=fsync
1772458544589766652 PROBE_B_START program=low bvar=fsync
1772458544634906271 PROBE_B_END program=low bvar=fsync
1772458544837748658 PROBE_B_START program=low bvar=fsync
1772458544866325794 PROBE_B_END program=low bvar=fsync
1772458545069182719 PROBE_B_START program=low bvar=fsync
1772458545097753855 PROBE_B_END program=low bvar=fsync
1772458545300382704 PROBE_B_START program=low bvar=fsync
1772458545328196318 PROBE_B_END program=low bvar=fsync
1772458545531027983 PROBE_B_START program=low bvar=fsync
1772458545561521237 PROBE_B_END program=low bvar=fsync
1772458545764373476 PROBE_B_START program=low bvar=fsync
1772458545851926186 PROBE_B_END program=low bvar=fsync
1772458546054709406 PROBE_B_START program=low bvar=fsync
1772458546125175705 PROBE_B_END program=low bvar=fsync
1772458546327903035 PROBE_B_START program=low bvar=fsync
1772458546404903412 PROBE_B_END program=low bvar=fsync
1772458546607799040 PROBE_B_START program=low bvar=fsync
1772458546673898138 PROBE_B_END program=low bvar=fsync
1772458546876776358 PROBE_B_START program=low bvar=fsync
1772458547509499562 PROBE_B_END program=low bvar=fsync
1772458547712256114 PROBE_B_START program=low bvar=fsync
1772458548706559361 PROBE_B_END program=low bvar=fsync
1772458548909524672 PROBE_B_START program=low bvar=fsync
1772458549017215636 PROBE_B_END program=low bvar=fsync
1772458549220042465 PROBE_B_START program=low bvar=fsync
1772458549268912393 PROBE_B_END program=low bvar=fsync
1772458549471970111 PROBE_B_START program=low bvar=fsync
1772458549500440376 PROBE_B_END program=low bvar=fsync
1772458549703357002 PROBE_B_START program=low bvar=fsync
1772458549733817385 PROBE_B_END program=low bvar=fsync
1772458549936679769 PROBE_B_START program=low bvar=fsync
1772458549966212408 PROBE_B_END program=low bvar=fsync
1772458550169113866 PROBE_B_START program=low bvar=fsync
1772458550197363482 PROBE_B_END program=low bvar=fsync
1772458550400224125 PROBE_B_START program=low bvar=fsync
1772458550430135488 PROBE_B_END program=low bvar=fsync
1772458550633070353 PROBE_B_START program=low bvar=fsync
1772458550661502951 PROBE_B_END program=low bvar=fsync
1772458550864445206 PROBE_B_START program=low bvar=fsync
1772458550895381794 PROBE_B_END program=low bvar=fsync
1772458551098370863 PROBE_B_START program=low bvar=fsync
1772458551126999980 PROBE_B_END program=low bvar=fsync
1772458551329970994 PROBE_B_START program=low bvar=fsync
1772458551417022515 PROBE_B_END program=low bvar=fsync
1772458551619917677 PROBE_B_START program=low bvar=fsync
1772458551688633932 PROBE_B_END program=low bvar=fsync
1772458551891562871 PROBE_B_START program=low bvar=fsync
1772458551963076209 PROBE_B_END program=low bvar=fsync
1772458552165941796 PROBE_B_START program=low bvar=fsync
1772458552238059007 PROBE_B_END program=low bvar=fsync
1772458552440907556 PROBE_B_START program=low bvar=fsync
1772458552514362661 PROBE_B_END program=low bvar=fsync
1772458552717336544 PROBE_B_START program=low bvar=fsync
1772458552784073107 PROBE_B_END program=low bvar=fsync
1772458552987061712 PROBE_B_START program=low bvar=fsync
1772458553047054641 PROBE_B_END program=low bvar=fsync
1772458553249931097 PROBE_B_START program=low bvar=fsync
1772458553278945030 PROBE_B_END program=low bvar=fsync
1772458553481917320 PROBE_B_START program=low bvar=fsync
1772458553511974349 PROBE_B_END program=low bvar=fsync
1772458553715202770 PROBE_B_START program=low bvar=fsync
1772458553743786849 PROBE_B_END program=low bvar=fsync
1772458553946712435 PROBE_B_START program=low bvar=fsync
1772458553978775397 PROBE_B_END program=low bvar=fsync
1772458554181769428 PROBE_B_START program=low bvar=fsync
1772458554210166803 PROBE_B_END program=low bvar=fsync
1772458554413070055 PROBE_B_START program=low bvar=fsync
1772458554441770839 PROBE_B_END program=low bvar=fsync
1772458554644544294 PROBE_B_START program=low bvar=fsync
1772458554671932795 PROBE_B_END program=low bvar=fsync
1772458554874796381 PROBE_B_START program=low bvar=fsync
1772458554903822073 PROBE_B_END program=low bvar=fsync
1772458555106804214 PROBE_B_START program=low bvar=fsync
1772458555135249015 PROBE_B_END program=low bvar=fsync
1772458555338210008 PROBE_B_START program=low bvar=fsync
1772458555368963298 PROBE_B_END program=low bvar=fsync
1772458555572408311 PROBE_B_START program=low bvar=fsync
1772458555602999342 PROBE_B_END program=low bvar=fsync
1772458555805815797 PROBE_B_START program=low bvar=fsync
1772458555889355342 PROBE_B_END program=low bvar=fsync
1772458556092263242 PROBE_B_START program=low bvar=fsync
1772458556163964599 PROBE_B_END program=low bvar=fsync
1772458556366870127 PROBE_B_START program=low bvar=fsync
1772458556488524507 PROBE_B_END program=low bvar=fsync
1772458556691510814 PROBE_B_START program=low bvar=fsync
1772458556805952799 PROBE_B_END program=low bvar=fsync
1772458557009090236 PROBE_B_START program=low bvar=fsync
1772458557078899845 PROBE_B_END program=low bvar=fsync
1772458557281735225 PROBE_B_START program=low bvar=fsync
1772458557350396293 PROBE_B_END program=low bvar=fsync
1772458557553303877 PROBE_B_START program=low bvar=fsync
1772458557623740248 PROBE_B_END program=low bvar=fsync
1772458557826674794 PROBE_B_START program=low bvar=fsync
1772458557896957461 PROBE_B_END program=low bvar=fsync
1772458558099894989 PROBE_B_START program=low bvar=fsync
1772458558175838915 PROBE_B_END program=low bvar=fsync
1772458558378686609 PROBE_B_START program=low bvar=fsync
1772458558451081376 PROBE_B_END program=low bvar=fsync
1772458558653903829 PROBE_B_START program=low bvar=fsync
1772458558731878188 PROBE_B_END program=low bvar=fsync
1772458558934837031 PROBE_B_START program=low bvar=fsync
1772458559587345298 PROBE_B_END program=low bvar=fsync
1772458559790084788 PROBE_B_START program=low bvar=fsync
1772458560859646701 PROBE_B_END program=low bvar=fsync
1772458561062582597 PROBE_B_START program=low bvar=fsync
1772458561524520007 PROBE_B_END program=low bvar=fsync
1772458561727509422 PROBE_B_START program=low bvar=fsync
1772458561789697504 PROBE_B_END program=low bvar=fsync
1772458561992654271 PROBE_B_START program=low bvar=fsync
1772458562059293202 PROBE_B_END program=low bvar=fsync
1772458562262203153 PROBE_B_START program=low bvar=fsync
1772458562372249380 PROBE_B_END program=low bvar=fsync
1772458562575174572 PROBE_B_START program=low bvar=fsync
1772458562639348550 PROBE_B_END program=low bvar=fsync
1772458562842172075 PROBE_B_START program=low bvar=fsync
1772458562898857805 PROBE_B_END program=low bvar=fsync
1772458563101744052 PROBE_B_START program=low bvar=fsync
1772458563155049290 PROBE_B_END program=low bvar=fsync
1772458563357935277 PROBE_B_START program=low bvar=fsync
1772458563410589179 PROBE_B_END program=low bvar=fsync
1772458563613539833 PROBE_B_START program=low bvar=fsync
1772458563662483944 PROBE_B_END program=low bvar=fsync
1772458563865420617 PROBE_B_START program=low bvar=fsync
1772458563913031076 PROBE_B_END program=low bvar=fsync
1772458564115967489 PROBE_B_START program=low bvar=fsync
1772458564165561528 PROBE_B_END program=low bvar=fsync
1772458564368402552 PROBE_B_START program=low bvar=fsync
1772458564416070344 PROBE_B_END program=low bvar=fsync
1772458564619028923 PROBE_B_START program=low bvar=fsync
1772458564671042601 PROBE_B_END program=low bvar=fsync
1772458564874327237 PROBE_B_START program=low bvar=fsync
1772458564921399527 PROBE_B_END program=low bvar=fsync
1772458565124259384 PROBE_B_START program=low bvar=fsync
1772458565173680996 PROBE_B_END program=low bvar=fsync
1772458565376543742 PROBE_B_START program=low bvar=fsync
1772458565423812013 PROBE_B_END program=low bvar=fsync
1772458565626727648 PROBE_B_START program=low bvar=fsync
1772458565722028768 PROBE_B_END program=low bvar=fsync
1772458565925323960 PROBE_B_START program=low bvar=fsync
1772458565975197296 PROBE_B_END program=low bvar=fsync
1772458566178268634 PROBE_B_START program=low bvar=fsync
1772458566235169865 PROBE_B_END program=low bvar=fsync
1772458566438066425 PROBE_B_START program=low bvar=fsync
1772458566485631697 PROBE_B_END program=low bvar=fsync
1772458566688565369 PROBE_B_START program=low bvar=fsync
1772458566741228622 PROBE_B_END program=low bvar=fsync
1772458566944409479 PROBE_B_START program=low bvar=fsync
1772458566991325860 PROBE_B_END program=low bvar=fsync
1772458567194276253 PROBE_B_START program=low bvar=fsync
1772458567243932940 PROBE_B_END program=low bvar=fsync
1772458567446852740 PROBE_B_START program=low bvar=fsync
1772458567494226975 PROBE_B_END program=low bvar=fsync
1772458567697217146 PROBE_B_START program=low bvar=fsync
1772458567749172008 PROBE_B_END program=low bvar=fsync
1772458567952060085 PROBE_B_START program=low bvar=fsync
1772458568001941477 PROBE_B_END program=low bvar=fsync
1772458568204907480 PROBE_B_START program=low bvar=fsync
1772458568257961568 PROBE_B_END program=low bvar=fsync
1772458568460767848 PROBE_B_START program=low bvar=fsync
1772458568512611358 PROBE_B_END program=low bvar=fsync
1772458568715592046 PROBE_B_START program=low bvar=fsync
1772458568768204002 PROBE_B_END program=low bvar=fsync
1772458568971090450 PROBE_B_START program=low bvar=fsync
1772458569024854040 PROBE_B_END program=low bvar=fsync
1772458569227914543 PROBE_B_START program=low bvar=fsync
1772458569282170393 PROBE_B_END program=low bvar=fsync
1772458569485132137 PROBE_B_START program=low bvar=fsync
1772458569535715808 PROBE_B_END program=low bvar=fsync
1772458569738660348 PROBE_B_START program=low bvar=fsync
1772458570467875096 PROBE_B_END program=low bvar=fsync
1772458570670704209 PROBE_B_START program=low bvar=fsync
1772458571637952965 PROBE_B_END program=low bvar=fsync
1772458571840924411 PROBE_B_START program=low bvar=fsync
1772458572171618048 PROBE_B_END program=low bvar=fsync
1772458572374362178 PROBE_B_START program=low bvar=fsync
1772458572420911947 PROBE_B_END program=low bvar=fsync
1772458572623736910 PROBE_B_START program=low bvar=fsync
1772458572673250633 PROBE_B_END program=low bvar=fsync
1772458572876163486 PROBE_B_START program=low bvar=fsync
1772458572923641350 PROBE_B_END program=low bvar=fsync
1772458573126921556 PROBE_B_START program=low bvar=fsync
1772458573179807586 PROBE_B_END program=low bvar=fsync
1772458573382462826 PROBE_B_START program=low bvar=fsync
1772458573429489726 PROBE_B_END program=low bvar=fsync
1772458573632217559 PROBE_B_START program=low bvar=fsync
1772458573681864912 PROBE_B_END program=low bvar=fsync
1772458573884731338 PROBE_B_START program=low bvar=fsync
1772458573931766200 PROBE_B_END program=low bvar=fsync
1772458574134554107 PROBE_B_START program=low bvar=fsync
1772458574183169327 PROBE_B_END program=low bvar=fsync
1772458574385997641 PROBE_B_START program=low bvar=fsync
1772458574436884498 PROBE_B_END program=low bvar=fsync
1772458574639640072 PROBE_B_START program=low bvar=fsync
1772458574689620870 PROBE_B_END program=low bvar=fsync
1772458574892413443 PROBE_B_START program=low bvar=fsync
1772458574943452616 PROBE_B_END program=low bvar=fsync
1772458575146394615 PROBE_B_START program=low bvar=fsync
1772458575196989601 PROBE_B_END program=low bvar=fsync
1772458575400169878 PROBE_B_START program=low bvar=fsync
1772458575451821405 PROBE_B_END program=low bvar=fsync
1772458575654719200 PROBE_B_START program=low bvar=fsync
1772458575704585016 PROBE_B_END program=low bvar=fsync
1772458575907398626 PROBE_B_START program=low bvar=fsync
1772458575958616484 PROBE_B_END program=low bvar=fsync
1772458576161601168 PROBE_B_START program=low bvar=fsync
1772458576266047668 PROBE_B_END program=low bvar=fsync
1772458576468987723 PROBE_B_START program=low bvar=fsync
1772458576519825042 PROBE_B_END program=low bvar=fsync
1772458576722661781 PROBE_B_START program=low bvar=fsync
1772458576770744110 PROBE_B_END program=low bvar=fsync
1772458576973519534 PROBE_B_START program=low bvar=fsync
1772458577020269266 PROBE_B_END program=low bvar=fsync
1772458577223136893 PROBE_B_START program=low bvar=fsync
1772458577275070864 PROBE_B_END program=low bvar=fsync
1772458577478071511 PROBE_B_START program=low bvar=fsync
1772458577525945302 PROBE_B_END program=low bvar=fsync
1772458577728818040 PROBE_B_START program=low bvar=fsync
1772458577780971068 PROBE_B_END program=low bvar=fsync
1772458577983911992 PROBE_B_START program=low bvar=fsync
1772458578078582570 PROBE_B_END program=low bvar=fsync
1772458578281408067 PROBE_B_START program=low bvar=fsync
1772458578331729866 PROBE_B_END program=low bvar=fsync
1772458578534497659 PROBE_B_START program=low bvar=fsync
1772458578580626740 PROBE_B_END program=low bvar=fsync
1772458578783506608 PROBE_B_START program=low bvar=fsync
1772458578834050778 PROBE_B_END program=low bvar=fsync
1772458579036930868 PROBE_B_START program=low bvar=fsync
1772458579083667025 PROBE_B_END program=low bvar=fsync
1772458579286540411 PROBE_B_START program=low bvar=fsync
1772458579335815410 PROBE_B_END program=low bvar=fsync
1772458579538937481 PROBE_B_START program=low bvar=fsync
1772458579589914893 PROBE_B_END program=low bvar=fsync
1772458579792876613 PROBE_B_START program=low bvar=fsync
1772458579843594302 PROBE_B_END program=low bvar=fsync
1772458580046436909 PROBE_B_START program=low bvar=fsync
1772458580093490345 PROBE_B_END program=low bvar=fsync
1772458580296385619 PROBE_B_START program=low bvar=fsync
1772458580345219968 PROBE_B_END program=low bvar=fsync
1772458580548218039 PROBE_B_START program=low bvar=fsync
1772458580643245636 PROBE_B_END program=low bvar=fsync
1772458580846117169 PROBE_B_START program=low bvar=fsync
1772458580895383353 PROBE_B_END program=low bvar=fsync
1772458581098288424 PROBE_B_START program=low bvar=fsync
1772458581146512734 PROBE_B_END program=low bvar=fsync
1772458581349529989 PROBE_B_START program=low bvar=fsync
1772458581398328875 PROBE_B_END program=low bvar=fsync
1772458581601296075 PROBE_B_START program=low bvar=fsync
1772458581651682799 PROBE_B_END program=low bvar=fsync
1772458581854513221 PROBE_B_START program=low bvar=fsync
1772458581906217098 PROBE_B_END program=low bvar=fsync
1772458582109037149 PROBE_B_START program=low bvar=fsync
1772458582158620759 PROBE_B_END program=low bvar=fsync
1772458582361548384 PROBE_B_START program=low bvar=fsync
1772458582411758090 PROBE_B_END program=low bvar=fsync
1772458582614635214 PROBE_B_START program=low bvar=fsync
1772458582668258746 PROBE_B_END program=low bvar=fsync
1772458582871167038 PROBE_B_START program=low bvar=fsync
1772458582923456361 PROBE_B_END program=low bvar=fsync
1772458583126369449 PROBE_B_START program=low bvar=fsync
1772458583178451419 PROBE_B_END program=low bvar=fsync
1772458583381384173 PROBE_B_START program=low bvar=fsync
1772458583740267542 PROBE_B_END program=low bvar=fsync
1772458583943128222 PROBE_B_START program=low bvar=fsync
1772458584007708624 PROBE_B_END program=low bvar=fsync
1772458584210699618 PROBE_B_START program=low bvar=fsync
1772458584259918301 PROBE_B_END program=low bvar=fsync
1772458584462826981 PROBE_B_START program=low bvar=fsync
1772458584512300998 PROBE_B_END program=low bvar=fsync
1772458584715241752 PROBE_B_START program=low bvar=fsync
1772458584762842263 PROBE_B_END program=low bvar=fsync
1772458584965765775 PROBE_B_START program=low bvar=fsync
1772458585015242404 PROBE_B_END program=low bvar=fsync
1772458585218229990 PROBE_B_START program=low bvar=fsync
1772458585312257860 PROBE_B_END program=low bvar=fsync
1772458585515612170 PROBE_B_START program=low bvar=fsync
1772458585565869561 PROBE_B_END program=low bvar=fsync
1772458585768702017 PROBE_B_START program=low bvar=fsync
1772458585819183204 PROBE_B_END program=low bvar=fsync
1772458586022186235 PROBE_B_START program=low bvar=fsync
1772458586075128134 PROBE_B_END program=low bvar=fsync
1772458586277994757 PROBE_B_START program=low bvar=fsync
1772458586327379663 PROBE_B_END program=low bvar=fsync
1772458586530307915 PROBE_B_START program=low bvar=fsync
1772458586579475542 PROBE_B_END program=low bvar=fsync
1772458586782306276 PROBE_B_START program=low bvar=fsync
1772458586832497517 PROBE_B_END program=low bvar=fsync
1772458587035402510 PROBE_B_START program=low bvar=fsync
1772458587086125309 PROBE_B_END program=low bvar=fsync
1772458587289067135 PROBE_B_START program=low bvar=fsync
1772458587337419186 PROBE_B_END program=low bvar=fsync
1772458587540252585 PROBE_B_START program=low bvar=fsync
1772458587588645747 PROBE_B_END program=low bvar=fsync
1772458587791549535 PROBE_B_START program=low bvar=fsync
1772458587841809537 PROBE_B_END program=low bvar=fsync
1772458588044634288 PROBE_B_START program=low bvar=fsync
1772458588094773733 PROBE_B_END program=low bvar=fsync
1772458588297506058 PROBE_B_START program=low bvar=fsync
1772458588347422557 PROBE_B_END program=low bvar=fsync
1772458588550298679 PROBE_B_START program=low bvar=fsync
1772458588598093820 PROBE_B_END program=low bvar=fsync
1772458588801026201 PROBE_B_START program=low bvar=fsync
1772458588850635292 PROBE_B_END program=low bvar=fsync
1772458589053445154 PROBE_B_START program=low bvar=fsync
1772458589102564929 PROBE_B_END program=low bvar=fsync
1772458589305425253 PROBE_B_START program=low bvar=fsync
1772458589348342637 PROBE_B_END program=low bvar=fsync
1772458589551190832 PROBE_B_START program=low bvar=fsync
1772458589579655408 PROBE_B_END program=low bvar=fsync
1772458589782381732 PROBE_B_START program=low bvar=fsync
1772458589810420141 PROBE_B_END program=low bvar=fsync
1772458590013233391 PROBE_B_START program=low bvar=fsync
1772458590097196578 PROBE_B_END program=low bvar=fsync
1772458590300273532 PROBE_B_START program=low bvar=fsync
1772458590360737623 PROBE_B_END program=low bvar=fsync
1772458590563534798 PROBE_B_START program=low bvar=fsync
1772458590618895594 PROBE_B_END program=low bvar=fsync
1772458590821770418 PROBE_B_START program=low bvar=fsync
1772458590879786203 PROBE_B_END program=low bvar=fsync
1772458591082584416 PROBE_B_START program=low bvar=fsync
1772458591139643235 PROBE_B_END program=low bvar=fsync
1772458591342463318 PROBE_B_START program=low bvar=fsync
1772458591403969226 PROBE_B_END program=low bvar=fsync
1772458591606833383 PROBE_B_START program=low bvar=fsync
1772458591709774207 PROBE_B_END program=low bvar=fsync
1772458591912785698 PROBE_B_START program=low bvar=fsync
1772458591963646812 PROBE_B_END program=low bvar=fsync
1772458592166715061 PROBE_B_START program=low bvar=fsync
1772458592217306137 PROBE_B_END program=low bvar=fsync
1772458592420170460 PROBE_B_START program=low bvar=fsync
1772458592474000472 PROBE_B_END program=low bvar=fsync
1772458592680871641 PROBE_B_START program=low bvar=fsync
1772458592742250253 PROBE_B_END program=low bvar=fsync
1772458592944924983 PROBE_B_START program=low bvar=fsync
1772458592995272835 PROBE_B_END program=low bvar=fsync
1772458593198063046 PROBE_B_START program=low bvar=fsync
1772458593249334624 PROBE_B_END program=low bvar=fsync
1772458593452164650 PROBE_B_START program=low bvar=fsync
1772458593501120905 PROBE_B_END program=low bvar=fsync
1772458593703863616 PROBE_B_START program=low bvar=fsync
1772458593756042993 PROBE_B_END program=low bvar=fsync
1772458593958958982 PROBE_B_START program=low bvar=fsync
1772458594569792973 PROBE_B_END program=low bvar=fsync
1772458594772580888 PROBE_B_START program=low bvar=fsync
1772458595767907987 PROBE_B_END program=low bvar=fsync
1772458595970784401 PROBE_B_START program=low bvar=fsync
1772458596172857830 PROBE_B_END program=low bvar=fsync
1772458596375719928 PROBE_B_START program=low bvar=fsync
1772458596424740980 PROBE_B_END program=low bvar=fsync
1772458596627643856 PROBE_B_START program=low bvar=fsync
1772458596679033600 PROBE_B_END program=low bvar=fsync
1772458596883597556 PROBE_B_START program=low bvar=fsync
1772458596939662687 PROBE_B_END program=low bvar=fsync
1772458597142622229 PROBE_B_START program=low bvar=fsync
1772458597193433638 PROBE_B_END program=low bvar=fsync
1772458597396279329 PROBE_B_START program=low bvar=fsync
1772458597446257735 PROBE_B_END program=low bvar=fsync
1772458597649217111 PROBE_B_START program=low bvar=fsync
1772458597697808679 PROBE_B_END program=low bvar=fsync
1772458597900639222 PROBE_B_START program=low bvar=fsync
1772458597950650258 PROBE_B_END program=low bvar=fsync
1772458598153422151 PROBE_B_START program=low bvar=fsync
1772458598204198338 PROBE_B_END program=low bvar=fsync
1772458598407049954 PROBE_B_START program=low bvar=fsync
1772458598456874878 PROBE_B_END program=low bvar=fsync
1772458598659785401 PROBE_B_START program=low bvar=fsync
1772458598708204284 PROBE_B_END program=low bvar=fsync
1772458598911093899 PROBE_B_START program=low bvar=fsync
1772458598957922258 PROBE_B_END program=low bvar=fsync
1772458599160833744 PROBE_B_START program=low bvar=fsync
1772458599211804931 PROBE_B_END program=low bvar=fsync
1772458599414654935 PROBE_B_START program=low bvar=fsync
1772458599461424164 PROBE_B_END program=low bvar=fsync
1772458599664333798 PROBE_B_START program=low bvar=fsync
1772458599712701569 PROBE_B_END program=low bvar=fsync
1772458599915432536 PROBE_B_START program=low bvar=fsync
1772458599957047285 PROBE_B_END program=low bvar=fsync
1772458600159822733 PROBE_B_START program=low bvar=fsync
1772458600188924495 PROBE_B_END program=low bvar=fsync
1772458600391753869 PROBE_B_START program=low bvar=fsync
1772458600474990422 PROBE_B_END program=low bvar=fsync
1772458600677771018 PROBE_B_START program=low bvar=fsync
1772458600739287388 PROBE_B_END program=low bvar=fsync
1772458600942022743 PROBE_B_START program=low bvar=fsync
1772458600998565282 PROBE_B_END program=low bvar=fsync
1772458601201489248 PROBE_B_START program=low bvar=fsync
1772458601305395887 PROBE_B_END program=low bvar=fsync
1772458601508118853 PROBE_B_START program=low bvar=fsync
1772458601566676139 PROBE_B_END program=low bvar=fsync
1772458601769416105 PROBE_B_START program=low bvar=fsync
1772458601816917521 PROBE_B_END program=low bvar=fsync
1772458602019732579 PROBE_B_START program=low bvar=fsync
1772458602107827518 PROBE_B_END program=low bvar=fsync
1772458602310598909 PROBE_B_START program=low bvar=fsync
1772458602358023510 PROBE_B_END program=low bvar=fsync
1772458602561034791 PROBE_B_START program=low bvar=fsync
1772458602609966267 PROBE_B_END program=low bvar=fsync
1772458602812835825 PROBE_B_START program=low bvar=fsync
1772458602860071944 PROBE_B_END program=low bvar=fsync
1772458603063274114 PROBE_B_START program=low bvar=fsync
1772458603116454919 PROBE_B_END program=low bvar=fsync
1772458603319130791 PROBE_B_START program=low bvar=fsync
1772458603369822199 PROBE_B_END program=low bvar=fsync
1772458603572585182 PROBE_B_START program=low bvar=fsync
1772458603623807684 PROBE_B_END program=low bvar=fsync
1772458603826607186 PROBE_B_START program=low bvar=fsync
1772458603878547450 PROBE_B_END program=low bvar=fsync
1772458604081414155 PROBE_B_START program=low bvar=fsync
1772458604133369456 PROBE_B_END program=low bvar=fsync
1772458604336179013 PROBE_B_START program=low bvar=fsync
1772458604388062276 PROBE_B_END program=low bvar=fsync
1772458604590983611 PROBE_B_START program=low bvar=fsync
1772458604640017662 PROBE_B_END program=low bvar=fsync
1772458604842894015 PROBE_B_START program=low bvar=fsync
1772458604896839952 PROBE_B_END program=low bvar=fsync
1772458605099722861 PROBE_B_START program=low bvar=fsync
1772458605510051952 PROBE_B_END program=low bvar=fsync
1772458605712840693 PROBE_B_START program=low bvar=fsync
1772458605775428548 PROBE_B_END program=low bvar=fsync
1772458605978238067 PROBE_B_START program=low bvar=fsync
1772458606026350077 PROBE_B_END program=low bvar=fsync
1772458606229398856 PROBE_B_START program=low bvar=fsync
1772458606266519274 PROBE_B_END program=low bvar=fsync
1772458606469370386 PROBE_B_START program=low bvar=fsync
1772458606497980998 PROBE_B_END program=low bvar=fsync
1772458606700860739 PROBE_B_START program=low bvar=fsync
1772458606787357487 PROBE_B_END program=low bvar=fsync
1772458606990133931 PROBE_B_START program=low bvar=fsync
1772458607047496768 PROBE_B_END program=low bvar=fsync
1772458607250533120 PROBE_B_START program=low bvar=fsync
1772458607310290354 PROBE_B_END program=low bvar=fsync
1772458607513023316 PROBE_B_START program=low bvar=fsync
1772458607572975995 PROBE_B_END program=low bvar=fsync
1772458607775750013 PROBE_B_START program=low bvar=fsync
1772458607836379656 PROBE_B_END program=low bvar=fsync
1772458608039230934 PROBE_B_START program=low bvar=fsync
1772458608095246192 PROBE_B_END program=low bvar=fsync
1772458608297988506 PROBE_B_START program=low bvar=fsync
1772458608348224763 PROBE_B_END program=low bvar=fsync
1772458608551062392 PROBE_B_START program=low bvar=fsync
1772458608599033976 PROBE_B_END program=low bvar=fsync
1772458608801849030 PROBE_B_START program=low bvar=fsync
1772458608851304137 PROBE_B_END program=low bvar=fsync
1772458609054145488 PROBE_B_START program=low bvar=fsync
1772458609100068805 PROBE_B_END program=low bvar=fsync
1772458609302823693 PROBE_B_START program=low bvar=fsync
1772458609341031466 PROBE_B_END program=low bvar=fsync
1772458609543740242 PROBE_B_START program=low bvar=fsync
1772458609571704093 PROBE_B_END program=low bvar=fsync
1772458609774541018 PROBE_B_START program=low bvar=fsync
1772458609803950929 PROBE_B_END program=low bvar=fsync
1772458610006725150 PROBE_B_START program=low bvar=fsync
1772458610034593575 PROBE_B_END program=low bvar=fsync
1772458610237418480 PROBE_B_START program=low bvar=fsync
1772458610266543891 PROBE_B_END program=low bvar=fsync
1772458610469197222 PROBE_B_START program=low bvar=fsync
1772458610496282514 PROBE_B_END program=low bvar=fsync
1772458610699096086 PROBE_B_START program=low bvar=fsync
1772458610728267793 PROBE_B_END program=low bvar=fsync
1772458610931099847 PROBE_B_START program=low bvar=fsync
1772458611016227255 PROBE_B_END program=low bvar=fsync
1772458611219055753 PROBE_B_START program=low bvar=fsync
1772458611334728447 PROBE_B_END program=low bvar=fsync
1772458611537862242 PROBE_B_START program=low bvar=fsync
1772458611606153910 PROBE_B_END program=low bvar=fsync
1772458611808993611 PROBE_B_START program=low bvar=fsync
1772458611877581428 PROBE_B_END program=low bvar=fsync
1772458612080316296 PROBE_B_START program=low bvar=fsync
1772458612144935507 PROBE_B_END program=low bvar=fsync
1772458612347838486 PROBE_B_START program=low bvar=fsync
1772458612455499098 PROBE_B_END program=low bvar=fsync
1772458612658228798 PROBE_B_START program=low bvar=fsync
1772458612715276892 PROBE_B_END program=low bvar=fsync
1772458612918067556 PROBE_B_START program=low bvar=fsync
1772458612985463999 PROBE_B_END program=low bvar=fsync
1772458613188244162 PROBE_B_START program=low bvar=fsync
1772458613244973162 PROBE_B_END program=low bvar=fsync
1772458613447889511 PROBE_B_START program=low bvar=fsync
1772458613507106334 PROBE_B_END program=low bvar=fsync
1772458613709907590 PROBE_B_START program=low bvar=fsync
1772458613761104572 PROBE_B_END program=low bvar=fsync
1772458613963911587 PROBE_B_START program=low bvar=fsync
1772458614013746065 PROBE_B_END program=low bvar=fsync
1772458614216539876 PROBE_B_START program=low bvar=fsync
1772458614270604886 PROBE_B_END program=low bvar=fsync
1772458614473593271 PROBE_B_START program=low bvar=fsync
1772458614523501545 PROBE_B_END program=low bvar=fsync
1772458614726345116 PROBE_B_START program=low bvar=fsync
1772458614778090229 PROBE_B_END program=low bvar=fsync
1772458614981060615 PROBE_B_START program=low bvar=fsync
1772458615030782055 PROBE_B_END program=low bvar=fsync
1772458615233585032 PROBE_B_START program=low bvar=fsync
1772458615287898950 PROBE_B_END program=low bvar=fsync
1772458615490891575 PROBE_B_START program=low bvar=fsync
1772458615981467307 PROBE_B_END program=low bvar=fsync
1772458616184390117 PROBE_B_START program=low bvar=fsync
1772458616233061461 PROBE_B_END program=low bvar=fsync
1772458616435873715 PROBE_B_START program=low bvar=fsync
1772458616615859450 PROBE_B_END program=low bvar=fsync
1772458616818706668 PROBE_B_START program=low bvar=fsync
1772458616886732556 PROBE_B_END program=low bvar=fsync
1772458617089623570 PROBE_B_START program=low bvar=fsync
1772458617137422855 PROBE_B_END program=low bvar=fsync
1772458617340380294 PROBE_B_START program=low bvar=fsync
1772458617390015216 PROBE_B_END program=low bvar=fsync
1772458617592921266 PROBE_B_START program=low bvar=fsync
1772458617640474013 PROBE_B_END program=low bvar=fsync
1772458617843367379 PROBE_B_START program=low bvar=fsync
1772458617892527668 PROBE_B_END program=low bvar=fsync
1772458618095440311 PROBE_B_START program=low bvar=fsync
1772458618165104945 PROBE_B_END program=low bvar=fsync
1772458618367969847 PROBE_B_START program=low bvar=fsync
1772458618418315918 PROBE_B_END program=low bvar=fsync
1772458618621352543 PROBE_B_START program=low bvar=fsync
1772458618670119183 PROBE_B_END program=low bvar=fsync
1772458618872916399 PROBE_B_START program=low bvar=fsync
1772458618920471832 PROBE_B_END program=low bvar=fsync
1772458619123431418 PROBE_B_START program=low bvar=fsync
1772458619173676674 PROBE_B_END program=low bvar=fsync
1772458619376673057 PROBE_B_START program=low bvar=fsync
1772458619424432676 PROBE_B_END program=low bvar=fsync
1772458619627458836 PROBE_B_START program=low bvar=fsync
1772458619697458064 PROBE_B_END program=low bvar=fsync
1772458619900151409 PROBE_B_START program=low bvar=fsync
1772458619969562542 PROBE_B_END program=low bvar=fsync
1772458620172408609 PROBE_B_START program=low bvar=fsync
1772458620241621038 PROBE_B_END program=low bvar=fsync
1772458620444356105 PROBE_B_START program=low bvar=fsync
1772458620514951538 PROBE_B_END program=low bvar=fsync
1772458620717598401 PROBE_B_START program=low bvar=fsync
1772458620767390322 PROBE_B_END program=low bvar=fsync
1772458620970181019 PROBE_B_START program=low bvar=fsync
1772458621017848229 PROBE_B_END program=low bvar=fsync
1772458621220622869 PROBE_B_START program=low bvar=fsync
1772458621324489837 PROBE_B_END program=low bvar=fsync
1772458621527290718 PROBE_B_START program=low bvar=fsync
1772458621575770172 PROBE_B_END program=low bvar=fsync
1772458621778463941 PROBE_B_START program=low bvar=fsync
1772458621826494246 PROBE_B_END program=low bvar=fsync
1772458622029559776 PROBE_B_START program=low bvar=fsync
1772458622076767355 PROBE_B_END program=low bvar=fsync
1772458622279593828 PROBE_B_START program=low bvar=fsync
1772458622327651818 PROBE_B_END program=low bvar=fsync
1772458622530486013 PROBE_B_START program=low bvar=fsync
1772458622581339678 PROBE_B_END program=low bvar=fsync
1772458622784003484 PROBE_B_START program=low bvar=fsync
1772458622835842301 PROBE_B_END program=low bvar=fsync
1772458623038665459 PROBE_B_START program=low bvar=fsync
1772458623086451374 PROBE_B_END program=low bvar=fsync
1772458623289314069 PROBE_B_START program=low bvar=fsync
1772458623336864501 PROBE_B_END program=low bvar=fsync
1772458623539732659 PROBE_B_START program=low bvar=fsync
1772458623587875741 PROBE_B_END program=low bvar=fsync
1772458623790495473 PROBE_B_START program=low bvar=fsync
1772458623839229001 PROBE_B_END program=low bvar=fsync
1772458624042003955 PROBE_B_START program=low bvar=fsync
1772458624088612051 PROBE_B_END program=low bvar=fsync
1772458624291414745 PROBE_B_START program=low bvar=fsync
1772458624338563028 PROBE_B_END program=low bvar=fsync
1772458624541505241 PROBE_B_START program=low bvar=fsync
1772458624591359088 PROBE_B_END program=low bvar=fsync
1772458624794011060 PROBE_B_START program=low bvar=fsync
1772458624842556180 PROBE_B_END program=low bvar=fsync
1772458625045386523 PROBE_B_START program=low bvar=fsync
1772458625147041889 PROBE_B_END program=low bvar=fsync
1772458625349874713 PROBE_B_START program=low bvar=fsync
1772458625398293240 PROBE_B_END program=low bvar=fsync
1772458625601105526 PROBE_B_START program=low bvar=fsync
1772458625650116629 PROBE_B_END program=low bvar=fsync
1772458625852950286 PROBE_B_START program=low bvar=fsync
1772458625948921283 PROBE_B_END program=low bvar=fsync
1772458626151695569 PROBE_B_START program=low bvar=fsync
1772458626201671916 PROBE_B_END program=low bvar=fsync
1772458626404549942 PROBE_B_START program=low bvar=fsync
1772458626455955739 PROBE_B_END program=low bvar=fsync
1772458626658748191 PROBE_B_START program=low bvar=fsync
1772458626708766964 PROBE_B_END program=low bvar=fsync
1772458626911569546 PROBE_B_START program=low bvar=fsync
1772458626960408353 PROBE_B_END program=low bvar=fsync
1772458627163205601 PROBE_B_START program=low bvar=fsync
1772458627214653934 PROBE_B_END program=low bvar=fsync
1772458627417460035 PROBE_B_START program=low bvar=fsync
1772458627470619540 PROBE_B_END program=low bvar=fsync
1772458627673508641 PROBE_B_START program=low bvar=fsync
1772458627731081975 PROBE_B_END program=low bvar=fsync
1772458627934065817 PROBE_B_START program=low bvar=fsync
1772458627984613517 PROBE_B_END program=low bvar=fsync
1772458628187407821 PROBE_B_START program=low bvar=fsync
1772458628242162646 PROBE_B_END program=low bvar=fsync
1772458628444979468 PROBE_B_START program=low bvar=fsync
1772458628499325477 PROBE_B_END program=low bvar=fsync
1772458628702151651 PROBE_B_START program=low bvar=fsync
1772458629107539868 PROBE_B_END program=low bvar=fsync
1772458629310380338 PROBE_B_START program=low bvar=fsync
1772458629378384057 PROBE_B_END program=low bvar=fsync
1772458629581073360 PROBE_B_START program=low bvar=fsync
1772458629628750532 PROBE_B_END program=low bvar=fsync
1772458629831432909 PROBE_B_START program=low bvar=fsync
1772458629879716028 PROBE_B_END program=low bvar=fsync
1772458630082552146 PROBE_B_START program=low bvar=fsync
1772458630132019768 PROBE_B_END program=low bvar=fsync
1772458630334825589 PROBE_B_START program=low bvar=fsync
1772458630385384975 PROBE_B_END program=low bvar=fsync
1772458630588124018 PROBE_B_START program=low bvar=fsync
1772458630684313939 PROBE_B_END program=low bvar=fsync
1772458630887146223 PROBE_B_START program=low bvar=fsync
1772458630937952776 PROBE_B_END program=low bvar=fsync
1772458631140908708 PROBE_B_START program=low bvar=fsync
1772458631190572054 PROBE_B_END program=low bvar=fsync
1772458631393381856 PROBE_B_START program=low bvar=fsync
1772458631447071566 PROBE_B_END program=low bvar=fsync
1772458631649770812 PROBE_B_START program=low bvar=fsync
1772458631700351179 PROBE_B_END program=low bvar=fsync
1772458631903133129 PROBE_B_START program=low bvar=fsync
1772458631952820548 PROBE_B_END program=low bvar=fsync
1772458632155632035 PROBE_B_START program=low bvar=fsync
1772458632205774808 PROBE_B_END program=low bvar=fsync
1772458632408648332 PROBE_B_START program=low bvar=fsync
1772458632459503403 PROBE_B_END program=low bvar=fsync
1772458632662286686 PROBE_B_START program=low bvar=fsync
1772458632711691641 PROBE_B_END program=low bvar=fsync
1772458632914554517 PROBE_B_START program=low bvar=fsync
1772458633011255291 PROBE_B_END program=low bvar=fsync
1772458633214527409 PROBE_B_START program=low bvar=fsync
1772458633266344316 PROBE_B_END program=low bvar=fsync
1772458633469177580 PROBE_B_START program=low bvar=fsync
1772458633518414183 PROBE_B_END program=low bvar=fsync
1772458633721381336 PROBE_B_START program=low bvar=fsync
1772458633770144308 PROBE_B_END program=low bvar=fsync
1772458633972961720 PROBE_B_START program=low bvar=fsync
1772458634068016989 PROBE_B_END program=low bvar=fsync
1772458634270860086 PROBE_B_START program=low bvar=fsync
1772458634320172170 PROBE_B_END program=low bvar=fsync
1772458634523020453 PROBE_B_START program=low bvar=fsync
1772458634576852570 PROBE_B_END program=low bvar=fsync
1772458634779564296 PROBE_B_START program=low bvar=fsync
1772458634826702281 PROBE_B_END program=low bvar=fsync
1772458635029638841 PROBE_B_START program=low bvar=fsync
1772458635081057766 PROBE_B_END program=low bvar=fsync
1772458635283945455 PROBE_B_START program=low bvar=fsync
1772458635333976393 PROBE_B_END program=low bvar=fsync
1772458635536896786 PROBE_B_START program=low bvar=fsync
1772458635587510134 PROBE_B_END program=low bvar=fsync
1772458635790553361 PROBE_B_START program=low bvar=fsync
1772458635839002535 PROBE_B_END program=low bvar=fsync
1772458636041919632 PROBE_B_START program=low bvar=fsync
1772458636094202207 PROBE_B_END program=low bvar=fsync
1772458636296959117 PROBE_B_START program=low bvar=fsync
1772458636344912179 PROBE_B_END program=low bvar=fsync
1772458636547902590 PROBE_B_START program=low bvar=fsync
1772458636598168011 PROBE_B_END program=low bvar=fsync
1772458636801086440 PROBE_B_START program=low bvar=fsync
1772458636849206891 PROBE_B_END program=low bvar=fsync
1772458637052047116 PROBE_B_START program=low bvar=fsync
1772458637105737789 PROBE_B_END program=low bvar=fsync
1772458637308501013 PROBE_B_START program=low bvar=fsync
1772458637403820467 PROBE_B_END program=low bvar=fsync
1772458637606711211 PROBE_B_START program=low bvar=fsync
1772458637660735903 PROBE_B_END program=low bvar=fsync
1772458637863574665 PROBE_B_START program=low bvar=fsync
1772458637917118726 PROBE_B_END program=low bvar=fsync
1772458638120043395 PROBE_B_START program=low bvar=fsync
1772458638171462819 PROBE_B_END program=low bvar=fsync
1772458638374541989 PROBE_B_START program=low bvar=fsync
1772458638426834082 PROBE_B_END program=low bvar=fsync
1772458638629750641 PROBE_B_START program=low bvar=fsync
1772458638681608344 PROBE_B_END program=low bvar=fsync
1772458638884384513 PROBE_B_START program=low bvar=fsync
1772458639505191817 PROBE_B_END program=low bvar=fsync
1772458639708030115 PROBE_B_START program=low bvar=fsync
1772458640305097638 PROBE_B_END program=low bvar=fsync
1772458640507815528 PROBE_B_START program=low bvar=fsync
1772458640558727673 PROBE_B_END program=low bvar=fsync
1772458640761553174 PROBE_B_START program=low bvar=fsync
1772458640813345765 PROBE_B_END program=low bvar=fsync
1772458641016087692 PROBE_B_START program=low bvar=fsync
1772458641066179038 PROBE_B_END program=low bvar=fsync
1772458641269567633 PROBE_B_START program=low bvar=fsync
1772458641323468231 PROBE_B_END program=low bvar=fsync
1772458641526285287 PROBE_B_START program=low bvar=fsync
1772458641576535652 PROBE_B_END program=low bvar=fsync
1772458641779423134 PROBE_B_START program=low bvar=fsync
1772458641820800878 PROBE_B_END program=low bvar=fsync
1772458642023583952 PROBE_B_START program=low bvar=fsync
1772458642110168988 PROBE_B_END program=low bvar=fsync
1772458642313292008 PROBE_B_START program=low bvar=fsync
1772458642373324756 PROBE_B_END program=low bvar=fsync
1772458642576172608 PROBE_B_START program=low bvar=fsync
1772458642636118336 PROBE_B_END program=low bvar=fsync
1772458642838930040 PROBE_B_START program=low bvar=fsync
1772458642892538323 PROBE_B_END program=low bvar=fsync
1772458643095386082 PROBE_B_START program=low bvar=fsync
1772458643145186500 PROBE_B_END program=low bvar=fsync
1772458643348067982 PROBE_B_START program=low bvar=fsync
1772458643397970548 PROBE_B_END program=low bvar=fsync
1772458643600862104 PROBE_B_START program=low bvar=fsync
1772458643647212659 PROBE_B_END program=low bvar=fsync
1772458643850014122 PROBE_B_START program=low bvar=fsync
1772458643898771093 PROBE_B_END program=low bvar=fsync
1772458644101661666 PROBE_B_START program=low bvar=fsync
1772458644148646464 PROBE_B_END program=low bvar=fsync
1772458644351492427 PROBE_B_START program=low bvar=fsync
1772458644401547401 PROBE_B_END program=low bvar=fsync
1772458644604397623 PROBE_B_START program=low bvar=fsync
1772458644652079349 PROBE_B_END program=low bvar=fsync
1772458644854930274 PROBE_B_START program=low bvar=fsync
1772458644896983686 PROBE_B_END program=low bvar=fsync
1772458645099849482 PROBE_B_START program=low bvar=fsync
1772458645128477740 PROBE_B_END program=low bvar=fsync
1772458645331349683 PROBE_B_START program=low bvar=fsync
1772458645418014682 PROBE_B_END program=low bvar=fsync
1772458645620810310 PROBE_B_START program=low bvar=fsync
1772458645678645402 PROBE_B_END program=low bvar=fsync
1772458645881422345 PROBE_B_START program=low bvar=fsync
1772458645939935383 PROBE_B_END program=low bvar=fsync
1772458646142812345 PROBE_B_START program=low bvar=fsync
1772458646200994493 PROBE_B_END program=low bvar=fsync
1772458646403768806 PROBE_B_START program=low bvar=fsync
1772458646462909013 PROBE_B_END program=low bvar=fsync
1772458646665745844 PROBE_B_START program=low bvar=fsync
1772458646714423981 PROBE_B_END program=low bvar=fsync
1772458646917230813 PROBE_B_START program=low bvar=fsync
1772458646964609389 PROBE_B_END program=low bvar=fsync
1772458647167455591 PROBE_B_START program=low bvar=fsync
1772458647215501022 PROBE_B_END program=low bvar=fsync
1772458647418377816 PROBE_B_START program=low bvar=fsync
1772458647473849011 PROBE_B_END program=low bvar=fsync
1772458647676807287 PROBE_B_START program=low bvar=fsync
1772458647725220126 PROBE_B_END program=low bvar=fsync
1772458647928030198 PROBE_B_START program=low bvar=fsync
1772458647967389175 PROBE_B_END program=low bvar=fsync
1772458648170321173 PROBE_B_START program=low bvar=fsync
1772458648198519633 PROBE_B_END program=low bvar=fsync
1772458648401466390 PROBE_B_START program=low bvar=fsync
1772458648430512723 PROBE_B_END program=low bvar=fsync
1772458648633285405 PROBE_B_START program=low bvar=fsync
1772458648661323439 PROBE_B_END program=low bvar=fsync
1772458648864219825 PROBE_B_START program=low bvar=fsync
1772458648951426177 PROBE_B_END program=low bvar=fsync
1772458649154326489 PROBE_B_START program=low bvar=fsync
1772458649226630441 PROBE_B_END program=low bvar=fsync
1772458649429580605 PROBE_B_START program=low bvar=fsync
1772458649493397937 PROBE_B_END program=low bvar=fsync
1772458649696320101 PROBE_B_START program=low bvar=fsync
1772458649759890322 PROBE_B_END program=low bvar=fsync
1772458649962711559 PROBE_B_START program=low bvar=fsync
1772458650027451135 PROBE_B_END program=low bvar=fsync
1772458650230406910 PROBE_B_START program=low bvar=fsync
1772458650615349096 PROBE_B_END program=low bvar=fsync
1772458650818130684 PROBE_B_START program=low bvar=fsync
1772458650884841618 PROBE_B_END program=low bvar=fsync
1772458651087646003 PROBE_B_START program=low bvar=fsync
1772458651145205482 PROBE_B_END program=low bvar=fsync
1772458651348111701 PROBE_B_START program=low bvar=fsync
1772458651389265998 PROBE_B_END program=low bvar=fsync
1772458651592385032 PROBE_B_START program=low bvar=fsync
1772458651621400828 PROBE_B_END program=low bvar=fsync
1772458651824232527 PROBE_B_START program=low bvar=fsync
1772458651852889785 PROBE_B_END program=low bvar=fsync
1772458652055766429 PROBE_B_START program=low bvar=fsync
1772458652083535906 PROBE_B_END program=low bvar=fsync
1772458652286463383 PROBE_B_START program=low bvar=fsync
1772458652316092199 PROBE_B_END program=low bvar=fsync
1772458652519008454 PROBE_B_START program=low bvar=fsync
1772458652604242798 PROBE_B_END program=low bvar=fsync
1772458652807154905 PROBE_B_START program=low bvar=fsync
1772458652879780894 PROBE_B_END program=low bvar=fsync
1772458653082757242 PROBE_B_START program=low bvar=fsync
1772458653151684516 PROBE_B_END program=low bvar=fsync
1772458653354575437 PROBE_B_START program=low bvar=fsync
1772458653431042790 PROBE_B_END program=low bvar=fsync
1772458653633910452 PROBE_B_START program=low bvar=fsync
1772458653693676715 PROBE_B_END program=low bvar=fsync
1772458653896578747 PROBE_B_START program=low bvar=fsync
1772458653958247054 PROBE_B_END program=low bvar=fsync
1772458654161104419 PROBE_B_START program=low bvar=fsync
1772458654217378153 PROBE_B_END program=low bvar=fsync
1772458654420328055 PROBE_B_START program=low bvar=fsync
1772458654467513371 PROBE_B_END program=low bvar=fsync
1772458654670439403 PROBE_B_START program=low bvar=fsync
1772458654700000496 PROBE_B_END program=low bvar=fsync
1772458654902946380 PROBE_B_START program=low bvar=fsync
1772458654932079046 PROBE_B_END program=low bvar=fsync
1772458655134994781 PROBE_B_START program=low bvar=fsync
1772458655163704335 PROBE_B_END program=low bvar=fsync
1772458655366622181 PROBE_B_START program=low bvar=fsync
1772458655397737335 PROBE_B_END program=low bvar=fsync
1772458655600654996 PROBE_B_START program=low bvar=fsync
1772458655628850048 PROBE_B_END program=low bvar=fsync
1772458655831592671 PROBE_B_START program=low bvar=fsync
1772458655913877154 PROBE_B_END program=low bvar=fsync
1772458656116790092 PROBE_B_START program=low bvar=fsync
1772458656185845366 PROBE_B_END program=low bvar=fsync
1772458656388699822 PROBE_B_START program=low bvar=fsync
1772458656455958516 PROBE_B_END program=low bvar=fsync
1772458656658914418 PROBE_B_START program=low bvar=fsync
1772458656723719234 PROBE_B_END program=low bvar=fsync
1772458656926499616 PROBE_B_START program=low bvar=fsync
1772458656996168929 PROBE_B_END program=low bvar=fsync
1772458657199047885 PROBE_B_START program=low bvar=fsync
1772458657256015194 PROBE_B_END program=low bvar=fsync
1772458657458988558 PROBE_B_START program=low bvar=fsync
1772458657518011115 PROBE_B_END program=low bvar=fsync
1772458657720878608 PROBE_B_START program=low bvar=fsync
1772458657822436040 PROBE_B_END program=low bvar=fsync
1772458658025250996 PROBE_B_START program=low bvar=fsync
1772458658084209015 PROBE_B_END program=low bvar=fsync
1772458658287107545 PROBE_B_START program=low bvar=fsync
1772458658345460951 PROBE_B_END program=low bvar=fsync
1772458658548378944 PROBE_B_START program=low bvar=fsync
1772458658616562400 PROBE_B_END program=low bvar=fsync
1772458658820092654 PROBE_B_START program=low bvar=fsync
1772458658875284717 PROBE_B_END program=low bvar=fsync
1772458659078238598 PROBE_B_START program=low bvar=fsync
1772458659128122052 PROBE_B_END program=low bvar=fsync
1772458659330992674 PROBE_B_START program=low bvar=fsync
1772458659382736763 PROBE_B_END program=low bvar=fsync
1772458659585722589 PROBE_B_START program=low bvar=fsync
1772458659683041451 PROBE_B_END program=low bvar=fsync
1772458659886039370 PROBE_B_START program=low bvar=fsync
1772458660317570749 PROBE_B_END program=low bvar=fsync
1772458660520406555 PROBE_B_START program=low bvar=fsync
1772458660587976620 PROBE_B_END program=low bvar=fsync
1772458660790843186 PROBE_B_START program=low bvar=fsync
1772458660839423209 PROBE_B_END program=low bvar=fsync
1772458661042331775 PROBE_B_START program=low bvar=fsync
1772458661091929857 PROBE_B_END program=low bvar=fsync
1772458661294812626 PROBE_B_START program=low bvar=fsync
1772458661342982204 PROBE_B_END program=low bvar=fsync
1772458661545846713 PROBE_B_START program=low bvar=fsync
1772458661595239443 PROBE_B_END program=low bvar=fsync
1772458661798208434 PROBE_B_START program=low bvar=fsync
1772458661848117518 PROBE_B_END program=low bvar=fsync
1772458662050942397 PROBE_B_START program=low bvar=fsync
1772458662100321201 PROBE_B_END program=low bvar=fsync
1772458662303201358 PROBE_B_START program=low bvar=fsync
1772458662350735971 PROBE_B_END program=low bvar=fsync
1772458662553662628 PROBE_B_START program=low bvar=fsync
1772458662605095920 PROBE_B_END program=low bvar=fsync
1772458662807956818 PROBE_B_START program=low bvar=fsync
1772458662855812154 PROBE_B_END program=low bvar=fsync
1772458663058706292 PROBE_B_START program=low bvar=fsync
1772458663110578437 PROBE_B_END program=low bvar=fsync
1772458663313452612 PROBE_B_START program=low bvar=fsync
1772458663409307321 PROBE_B_END program=low bvar=fsync
1772458663612176719 PROBE_B_START program=low bvar=fsync
1772458663758001844 PROBE_B_END program=low bvar=fsync
1772458663960858667 PROBE_B_START program=low bvar=fsync
1772458664010835695 PROBE_B_END program=low bvar=fsync
1772458664213887222 PROBE_B_START program=low bvar=fsync
1772458664265961682 PROBE_B_END program=low bvar=fsync
1772458664468995709 PROBE_B_START program=low bvar=fsync
1772458664517032897 PROBE_B_END program=low bvar=fsync
1772458664719941831 PROBE_B_START program=low bvar=fsync
1772458664770619991 PROBE_B_END program=low bvar=fsync
1772458664973526406 PROBE_B_START program=low bvar=fsync
1772458665021380409 PROBE_B_END program=low bvar=fsync
1772458665224379639 PROBE_B_START program=low bvar=fsync
1772458665276365599 PROBE_B_END program=low bvar=fsync
1772458665479262366 PROBE_B_START program=low bvar=fsync
1772458665526617144 PROBE_B_END program=low bvar=fsync
1772458665729647282 PROBE_B_START program=low bvar=fsync
1772458665778483806 PROBE_B_END program=low bvar=fsync
1772458665981342887 PROBE_B_START program=low bvar=fsync
1772458666031175025 PROBE_B_END program=low bvar=fsync
1772458666234139255 PROBE_B_START program=low bvar=fsync
1772458666282749796 PROBE_B_END program=low bvar=fsync
1772458666485666100 PROBE_B_START program=low bvar=fsync
1772458666534426975 PROBE_B_END program=low bvar=fsync
1772458666737379594 PROBE_B_START program=low bvar=fsync
1772458666835264308 PROBE_B_END program=low bvar=fsync
1772458667038220408 PROBE_B_START program=low bvar=fsync
1772458667087233229 PROBE_B_END program=low bvar=fsync
1772458667290109143 PROBE_B_START program=low bvar=fsync
1772458667340562801 PROBE_B_END program=low bvar=fsync
1772458667543448771 PROBE_B_START program=low bvar=fsync
1772458667594637005 PROBE_B_END program=low bvar=fsync
1772458667797502697 PROBE_B_START program=low bvar=fsync
1772458667845960516 PROBE_B_END program=low bvar=fsync
1772458668048878838 PROBE_B_START program=low bvar=fsync
1772458668098394900 PROBE_B_END program=low bvar=fsync
1772458668301421444 PROBE_B_START program=low bvar=fsync
1772458668351439360 PROBE_B_END program=low bvar=fsync
1772458668554388459 PROBE_B_START program=low bvar=fsync
1772458668605564249 PROBE_B_END program=low bvar=fsync
1772458668808403422 PROBE_B_START program=low bvar=fsync
1772458668860994920 PROBE_B_END program=low bvar=fsync
1772458669063892500 PROBE_B_START program=low bvar=fsync
1772458669115790311 PROBE_B_END program=low bvar=fsync
1772458669318633983 PROBE_B_START program=low bvar=fsync
1772458669368612455 PROBE_B_END program=low bvar=fsync
1772458669571434682 PROBE_B_START program=low bvar=fsync
1772458669625583945 PROBE_B_END program=low bvar=fsync
1772458669828381969 PROBE_B_START program=low bvar=fsync
1772458669879164498 PROBE_B_END program=low bvar=fsync
1772458670082050781 PROBE_B_START program=low bvar=fsync
1772458670182713874 PROBE_B_END program=low bvar=fsync
1772458670385456046 PROBE_B_START program=low bvar=fsync
1772458670995298714 PROBE_B_END program=low bvar=fsync
1772458671198475460 PROBE_B_START program=low bvar=fsync
1772458672214128210 PROBE_B_END program=low bvar=fsync
1772458672417025585 PROBE_B_START program=low bvar=fsync
1772458672712244785 PROBE_B_END program=low bvar=fsync
1772458672915103308 PROBE_B_START program=low bvar=fsync
1772458672962714142 PROBE_B_END program=low bvar=fsync
1772458673165624776 PROBE_B_START program=low bvar=fsync
1772458673214622854 PROBE_B_END program=low bvar=fsync
1772458673417486173 PROBE_B_START program=low bvar=fsync
1772458673465818306 PROBE_B_END program=low bvar=fsync
1772458673668702291 PROBE_B_START program=low bvar=fsync
1772458673720407749 PROBE_B_END program=low bvar=fsync
1772458673923291586 PROBE_B_START program=low bvar=fsync
1772458673972683277 PROBE_B_END program=low bvar=fsync
1772458674175588521 PROBE_B_START program=low bvar=fsync
1772458674225896438 PROBE_B_END program=low bvar=fsync
1772458674428777830 PROBE_B_START program=low bvar=fsync
1772458674478056428 PROBE_B_END program=low bvar=fsync
1772458674680972728 PROBE_B_START program=low bvar=fsync
1772458674729186656 PROBE_B_END program=low bvar=fsync
1772458674931911918 PROBE_B_START program=low bvar=fsync
1772458674979934253 PROBE_B_END program=low bvar=fsync
1772458675182806831 PROBE_B_START program=low bvar=fsync
1772458675236144293 PROBE_B_END program=low bvar=fsync
1772458675438803888 PROBE_B_START program=low bvar=fsync
1772458675486992020 PROBE_B_END program=low bvar=fsync
1772458675689917597 PROBE_B_START program=low bvar=fsync
1772458675794766146 PROBE_B_END program=low bvar=fsync
1772458675997486685 PROBE_B_START program=low bvar=fsync
1772458676047059081 PROBE_B_END program=low bvar=fsync
1772458676249894528 PROBE_B_START program=low bvar=fsync
1772458676303194379 PROBE_B_END program=low bvar=fsync
1772458676505998937 PROBE_B_START program=low bvar=fsync
1772458676553483603 PROBE_B_END program=low bvar=fsync
1772458676756344957 PROBE_B_START program=low bvar=fsync
1772458676807701488 PROBE_B_END program=low bvar=fsync
1772458677010600990 PROBE_B_START program=low bvar=fsync
1772458677059009974 PROBE_B_END program=low bvar=fsync
1772458677261942976 PROBE_B_START program=low bvar=fsync
1772458677312390356 PROBE_B_END program=low bvar=fsync
1772458677515243672 PROBE_B_START program=low bvar=fsync
1772458677563820694 PROBE_B_END program=low bvar=fsync
1772458677766701307 PROBE_B_START program=low bvar=fsync
1772458677817743688 PROBE_B_END program=low bvar=fsync
1772458678020606320 PROBE_B_START program=low bvar=fsync
1772458678067808467 PROBE_B_END program=low bvar=fsync
1772458678270746580 PROBE_B_START program=low bvar=fsync
1772458678321460904 PROBE_B_END program=low bvar=fsync
1772458678524230627 PROBE_B_START program=low bvar=fsync
1772458678569878195 PROBE_B_END program=low bvar=fsync
1772458678772822623 PROBE_B_START program=low bvar=fsync
1772458678822225480 PROBE_B_END program=low bvar=fsync
1772458679025106834 PROBE_B_START program=low bvar=fsync
1772458679126908576 PROBE_B_END program=low bvar=fsync
1772458679329712077 PROBE_B_START program=low bvar=fsync
1772458679378051950 PROBE_B_END program=low bvar=fsync
1772458679580836950 PROBE_B_START program=low bvar=fsync
1772458679631113699 PROBE_B_END program=low bvar=fsync
1772458679834003478 PROBE_B_START program=low bvar=fsync
1772458679882185017 PROBE_B_END program=low bvar=fsync
1772458680085151925 PROBE_B_START program=low bvar=fsync
1772458680134101226 PROBE_B_END program=low bvar=fsync
1772458680336928671 PROBE_B_START program=low bvar=fsync
1772458680386380917 PROBE_B_END program=low bvar=fsync
1772458680589091991 PROBE_B_START program=low bvar=fsync
1772458680636558990 PROBE_B_END program=low bvar=fsync
1772458680839326935 PROBE_B_START program=low bvar=fsync
1772458680887150898 PROBE_B_END program=low bvar=fsync
1772458681089997880 PROBE_B_START program=low bvar=fsync
1772458681141627929 PROBE_B_END program=low bvar=fsync
1772458681344441300 PROBE_B_START program=low bvar=fsync
1772458681393607156 PROBE_B_END program=low bvar=fsync
1772458681596366582 PROBE_B_START program=low bvar=fsync
1772458681647474703 PROBE_B_END program=low bvar=fsync
1772458681850299611 PROBE_B_START program=low bvar=fsync
1772458681902625588 PROBE_B_END program=low bvar=fsync
