1771483167169134041 R2_IDLE_A seconds=60 actions=B
1771483227171047913 SKIP_PROBE_A seconds=60
1771483287173143687 R2_IDLE_B seconds=30 actions=B
1771483317177000965 PROBE_B_START program=low
1771483317203068654 PROBE_B_END program=low
1771483317405785434 PROBE_B_START program=low
1771483317431179384 PROBE_B_END program=low
1771483317633902979 PROBE_B_START program=low
1771483317658872614 PROBE_B_END program=low
1771483317862200950 PROBE_B_START program=low
1771483317888010547 PROBE_B_END program=low
1771483318090800587 PROBE_B_START program=low
1771483318115621685 PROBE_B_END program=low
1771483318318316763 PROBE_B_START program=low
1771483318343665546 PROBE_B_END program=low
1771483318546424901 PROBE_B_START program=low
1771483318571425277 PROBE_B_END program=low
1771483318774173948 PROBE_B_START program=low
1771483318799055972 PROBE_B_END program=low
1771483319001684439 PROBE_B_START program=low
1771483319025398650 PROBE_B_END program=low
1771483319228040821 PROBE_B_START program=low
1771483319252657012 PROBE_B_END program=low
1771483319455400017 PROBE_B_START program=low
1771483319480310579 PROBE_B_END program=low
1771483319683062861 PROBE_B_START program=low
1771483319707876700 PROBE_B_END program=low
1771483319910621390 PROBE_B_START program=low
1771483319935940173 PROBE_B_END program=low
1771483320139463937 PROBE_B_START program=low
1771483320163570740 PROBE_B_END program=low
1771483320366368986 PROBE_B_START program=low
1771483320391154363 PROBE_B_END program=low
1771483320593862350 PROBE_B_START program=low
1771483320618600745 PROBE_B_END program=low
1771483320821367121 PROBE_B_START program=low
1771483320891465292 PROBE_B_END program=low
1771483321094076650 PROBE_B_START program=low
1771483321187935293 PROBE_B_END program=low
1771483321390590355 PROBE_B_START program=low
1771483321481675371 PROBE_B_END program=low
1771483321684323600 PROBE_B_START program=low
1771483321776072041 PROBE_B_END program=low
1771483321978781381 PROBE_B_START program=low
1771483322057475135 PROBE_B_END program=low
1771483322260259680 PROBE_B_START program=low
1771483322284918075 PROBE_B_END program=low
1771483322487617027 PROBE_B_START program=low
1771483322512575237 PROBE_B_END program=low
1771483322715378226 PROBE_B_START program=low
1771483322740310399 PROBE_B_END program=low
1771483322943088536 PROBE_B_START program=low
1771483322967903616 PROBE_B_END program=low
1771483323170590921 PROBE_B_START program=low
1771483323194418114 PROBE_B_END program=low
1771483323397376696 PROBE_B_START program=low
1771483323422397628 PROBE_B_END program=low
1771483323625230099 PROBE_B_START program=low
1771483323650049013 PROBE_B_END program=low
1771483323852872485 PROBE_B_START program=low
1771483323877650361 PROBE_B_END program=low
1771483324080515203 PROBE_B_START program=low
1771483324150472747 PROBE_B_END program=low
1771483324353249923 PROBE_B_START program=low
1771483324442434757 PROBE_B_END program=low
1771483324645225045 PROBE_B_START program=low
1771483324734103343 PROBE_B_END program=low
1771483324936869815 PROBE_B_START program=low
1771483325027076278 PROBE_B_END program=low
1771483325229907825 PROBE_B_START program=low
1771483325315776516 PROBE_B_END program=low
1771483325518590952 PROBE_B_START program=low
1771483325542962052 PROBE_B_END program=low
1771483325745700211 PROBE_B_START program=low
1771483325770570680 PROBE_B_END program=low
1771483325973370931 PROBE_B_START program=low
1771483325998105623 PROBE_B_END program=low
1771483326200864116 PROBE_B_START program=low
1771483326225086253 PROBE_B_END program=low
1771483326427814153 PROBE_B_START program=low
1771483326452834808 PROBE_B_END program=low
1771483326655726282 PROBE_B_START program=low
1771483326680702011 PROBE_B_END program=low
1771483326883440967 PROBE_B_START program=low
1771483326908177418 PROBE_B_END program=low
1771483327110932911 PROBE_B_START program=low
1771483327135635344 PROBE_B_END program=low
1771483327338499393 PROBE_B_START program=low
1771483327409389844 PROBE_B_END program=low
1771483327612201504 PROBE_B_START program=low
1771483327711334384 PROBE_B_END program=low
1771483327914034618 PROBE_B_START program=low
1771483328147428853 PROBE_B_END program=low
1771483328350557199 PROBE_B_START program=low
1771483328438016741 PROBE_B_END program=low
1771483328640813754 PROBE_B_START program=low
1771483328730832442 PROBE_B_END program=low
1771483328933532529 PROBE_B_START program=low
1771483328983142932 PROBE_B_END program=low
1771483329185975205 PROBE_B_START program=low
1771483329210967304 PROBE_B_END program=low
1771483329413791726 PROBE_B_START program=low
1771483329437945234 PROBE_B_END program=low
1771483329640831211 PROBE_B_START program=low
1771483329665801847 PROBE_B_END program=low
1771483329868621380 PROBE_B_START program=low
1771483329893449720 PROBE_B_END program=low
1771483330096301975 PROBE_B_START program=low
1771483330120997501 PROBE_B_END program=low
1771483330324003201 PROBE_B_START program=low
1771483330348581931 PROBE_B_END program=low
1771483330551280909 PROBE_B_START program=low
1771483330576124953 PROBE_B_END program=low
1771483330778956024 PROBE_B_START program=low
1771483330850192308 PROBE_B_END program=low
1771483331053041527 PROBE_B_START program=low
1771483331146306971 PROBE_B_END program=low
1771483331349261228 PROBE_B_START program=low
1771483331440752673 PROBE_B_END program=low
1771483331643478541 PROBE_B_START program=low
1771483331732336046 PROBE_B_END program=low
1771483331935087506 PROBE_B_START program=low
1771483332016779223 PROBE_B_END program=low
1771483332219430463 PROBE_B_START program=low
1771483332244155618 PROBE_B_END program=low
1771483332446872672 PROBE_B_START program=low
1771483332470595940 PROBE_B_END program=low
1771483332673276698 PROBE_B_START program=low
1771483332697566225 PROBE_B_END program=low
1771483332900209890 PROBE_B_START program=low
1771483332925134286 PROBE_B_END program=low
1771483333127861655 PROBE_B_START program=low
1771483333152077516 PROBE_B_END program=low
1771483333354908219 PROBE_B_START program=low
1771483333379722985 PROBE_B_END program=low
1771483333582575744 PROBE_B_START program=low
1771483333607464177 PROBE_B_END program=low
1771483333810213899 PROBE_B_START program=low
1771483333834989017 PROBE_B_END program=low
1771483334037714591 PROBE_B_START program=low
1771483334107842397 PROBE_B_END program=low
1771483334310724786 PROBE_B_START program=low
1771483334402784806 PROBE_B_END program=low
1771483334605630992 PROBE_B_START program=low
1771483334693560610 PROBE_B_END program=low
1771483334896305795 PROBE_B_START program=low
1771483334985007598 PROBE_B_END program=low
1771483335187765543 PROBE_B_START program=low
1771483335268498670 PROBE_B_END program=low
1771483335471273523 PROBE_B_START program=low
1771483335496041753 PROBE_B_END program=low
1771483335698659569 PROBE_B_START program=low
1771483335722609467 PROBE_B_END program=low
1771483335925372394 PROBE_B_START program=low
1771483335950123069 PROBE_B_END program=low
1771483336152890793 PROBE_B_START program=low
1771483336177540301 PROBE_B_END program=low
1771483336380389359 PROBE_B_START program=low
1771483336405120589 PROBE_B_END program=low
1771483336607811961 PROBE_B_START program=low
1771483336632147044 PROBE_B_END program=low
1771483336834851268 PROBE_B_START program=low
1771483336859574721 PROBE_B_END program=low
1771483337062465686 PROBE_B_START program=low
1771483337087154046 PROBE_B_END program=low
1771483337289868549 PROBE_B_START program=low
1771483337362688742 PROBE_B_END program=low
1771483337566048800 PROBE_B_START program=low
1771483337662945019 PROBE_B_END program=low
1771483337865585745 PROBE_B_START program=low
1771483337963193927 PROBE_B_END program=low
1771483338165852375 PROBE_B_START program=low
1771483338391663112 PROBE_B_END program=low
1771483338594394875 PROBE_B_START program=low
1771483338685767342 PROBE_B_END program=low
1771483338888397291 PROBE_B_START program=low
1771483338945034077 PROBE_B_END program=low
1771483339147743304 PROBE_B_START program=low
1771483339172486738 PROBE_B_END program=low
1771483339375127613 PROBE_B_START program=low
1771483339399682918 PROBE_B_END program=low
1771483339602244701 PROBE_B_START program=low
1771483339625886118 PROBE_B_END program=low
1771483339828546457 PROBE_B_START program=low
1771483339853440002 PROBE_B_END program=low
1771483340056172192 PROBE_B_START program=low
1771483340080830238 PROBE_B_END program=low
1771483340283534558 PROBE_B_START program=low
1771483340308269326 PROBE_B_END program=low
1771483340511086276 PROBE_B_START program=low
1771483340535754859 PROBE_B_END program=low
1771483340738614772 PROBE_B_START program=low
1771483340810930799 PROBE_B_END program=low
1771483341013637768 PROBE_B_START program=low
1771483341105511181 PROBE_B_END program=low
1771483341308209873 PROBE_B_START program=low
1771483341400015119 PROBE_B_END program=low
1771483341603279699 PROBE_B_START program=low
1771483341695552815 PROBE_B_END program=low
1771483341898226748 PROBE_B_START program=low
1771483341978416507 PROBE_B_END program=low
1771483342181256181 PROBE_B_START program=low
1771483342206105986 PROBE_B_END program=low
1771483342409046160 PROBE_B_START program=low
1771483342433673780 PROBE_B_END program=low
1771483342636785917 PROBE_B_START program=low
1771483342662329647 PROBE_B_END program=low
1771483342865073710 PROBE_B_START program=low
1771483342889983182 PROBE_B_END program=low
1771483343092760430 PROBE_B_START program=low
1771483343117625383 PROBE_B_END program=low
1771483343320426429 PROBE_B_START program=low
1771483343345264049 PROBE_B_END program=low
1771483343548033835 PROBE_B_START program=low
1771483343572722140 PROBE_B_END program=low
1771483343775391667 PROBE_B_START program=low
1771483343799723473 PROBE_B_END program=low
1771483344002486593 PROBE_B_START program=low
1771483344073271271 PROBE_B_END program=low
1771483344275940466 PROBE_B_START program=low
1771483344368419879 PROBE_B_END program=low
1771483344571079074 PROBE_B_START program=low
1771483344659801158 PROBE_B_END program=low
1771483344862561705 PROBE_B_START program=low
1771483344950624475 PROBE_B_END program=low
1771483345153474022 PROBE_B_START program=low
1771483345221165278 PROBE_B_END program=low
1771483345423927844 PROBE_B_START program=low
1771483345448844649 PROBE_B_END program=low
1771483345651656900 PROBE_B_START program=low
1771483345676591298 PROBE_B_END program=low
1771483345879343216 PROBE_B_START program=low
1771483345903522374 PROBE_B_END program=low
1771483346106189237 PROBE_B_START program=low
1771483346130903875 PROBE_B_END program=low
1771483346333713831 PROBE_B_START program=low
1771483346358614007 PROBE_B_END program=low
1771483346561427907 PROBE_B_START program=low
1771483346586216805 PROBE_B_END program=low
1771483346789202816 PROBE_B_START program=low
1771483346813903066 PROBE_B_END program=low
1771483347016602707 PROBE_B_START program=low
1771483347041267179 PROBE_B_END program=low
1771483347244045210 PROBE_B_START program=low
1771483347317072739 PROBE_B_END program=low
1771483347519923603 PROBE_B_START program=low
1771483347611421222 PROBE_B_END program=low
1771483347815456121 PROBE_B_START program=low
1771483347913321808 PROBE_B_END program=low
1771483348115969376 PROBE_B_START program=low
1771483348213984747 PROBE_B_END program=low
1771483348416819131 PROBE_B_START program=low
1771483348638650049 PROBE_B_END program=low
1771483348841646950 PROBE_B_START program=low
1771483348906365026 PROBE_B_END program=low
1771483349109079577 PROBE_B_START program=low
1771483349133751771 PROBE_B_END program=low
1771483349336564008 PROBE_B_START program=low
1771483349361353684 PROBE_B_END program=low
1771483349564139883 PROBE_B_START program=low
1771483349589083355 PROBE_B_END program=low
1771483349791956073 PROBE_B_START program=low
1771483349816822397 PROBE_B_END program=low
1771483350019614133 PROBE_B_START program=low
1771483350044508716 PROBE_B_END program=low
1771483350247334917 PROBE_B_START program=low
1771483350272320685 PROBE_B_END program=low
1771483350475105644 PROBE_B_START program=low
1771483350499868487 PROBE_B_END program=low
1771483350702720169 PROBE_B_START program=low
1771483350772718832 PROBE_B_END program=low
1771483350975486643 PROBE_B_START program=low
1771483351066012709 PROBE_B_END program=low
1771483351268749521 PROBE_B_START program=low
1771483351359829772 PROBE_B_END program=low
1771483351562506973 PROBE_B_START program=low
1771483351653984187 PROBE_B_END program=low
1771483351856705666 PROBE_B_START program=low
1771483351938867112 PROBE_B_END program=low
1771483352141693128 PROBE_B_START program=low
1771483352166398286 PROBE_B_END program=low
1771483352369141729 PROBE_B_START program=low
1771483352394075609 PROBE_B_END program=low
1771483352596849181 PROBE_B_START program=low
1771483352621536654 PROBE_B_END program=low
1771483352824295430 PROBE_B_START program=low
1771483352849073254 PROBE_B_END program=low
1771483353051914827 PROBE_B_START program=low
1771483353076108911 PROBE_B_END program=low
1771483353278764003 PROBE_B_START program=low
1771483353303635531 PROBE_B_END program=low
1771483353506398197 PROBE_B_START program=low
1771483353531169818 PROBE_B_END program=low
1771483353734000725 PROBE_B_START program=low
1771483353758699586 PROBE_B_END program=low
1771483353961545363 PROBE_B_START program=low
1771483354033795562 PROBE_B_END program=low
1771483354236521377 PROBE_B_START program=low
1771483354326569648 PROBE_B_END program=low
1771483354529302908 PROBE_B_START program=low
1771483354619628586 PROBE_B_END program=low
1771483354822289438 PROBE_B_START program=low
1771483354910569638 PROBE_B_END program=low
1771483355113216102 PROBE_B_START program=low
1771483355189924518 PROBE_B_END program=low
1771483355392751760 PROBE_B_START program=low
1771483355417660344 PROBE_B_END program=low
1771483355620936437 PROBE_B_START program=low
1771483355645923465 PROBE_B_END program=low
1771483355848739910 PROBE_B_START program=low
1771483355873458735 PROBE_B_END program=low
1771483356076456977 PROBE_B_START program=low
1771483356101920634 PROBE_B_END program=low
1771483356304758988 PROBE_B_START program=low
1771483356329667757 PROBE_B_END program=low
1771483356532504500 PROBE_B_START program=low
1771483356557307584 PROBE_B_END program=low
1771483356760108160 PROBE_B_START program=low
1771483356784795466 PROBE_B_END program=low
1771483356987589450 PROBE_B_START program=low
1771483357012328738 PROBE_B_END program=low
1771483357215075944 PROBE_B_START program=low
1771483357293662377 PROBE_B_END program=low
1771483357496526621 PROBE_B_START program=low
1771483357586337524 PROBE_B_END program=low
1771483357789011175 PROBE_B_START program=low
1771483357878607355 PROBE_B_END program=low
1771483358081248507 PROBE_B_START program=low
1771483358178823716 PROBE_B_END program=low
1771483358381560257 PROBE_B_START program=low
1771483358471930493 PROBE_B_END program=low
1771483358674820774 PROBE_B_START program=low
1771483358699729248 PROBE_B_END program=low
1771483358902594751 PROBE_B_START program=low
1771483358927410484 PROBE_B_END program=low
1771483359130218710 PROBE_B_START program=low
1771483359155310109 PROBE_B_END program=low
1771483359358208373 PROBE_B_START program=low
1771483359383183957 PROBE_B_END program=low
1771483359586016684 PROBE_B_START program=low
1771483359610839472 PROBE_B_END program=low
1771483359813606884 PROBE_B_START program=low
1771483359838402598 PROBE_B_END program=low
1771483360041222639 PROBE_B_START program=low
1771483360066007520 PROBE_B_END program=low
1771483360268861211 PROBE_B_START program=low
1771483360293325000 PROBE_B_END program=low
1771483360496110264 PROBE_B_START program=low
1771483360570089278 PROBE_B_END program=low
1771483360772804765 PROBE_B_START program=low
1771483360996791914 PROBE_B_END program=low
1771483361199466309 PROBE_B_START program=low
1771483361654082029 PROBE_B_END program=low
1771483361856757424 PROBE_B_START program=low
1771483362345147554 PROBE_B_END program=low
1771483362547737265 PROBE_B_START program=low
1771483363037909690 PROBE_B_END program=low
1771483363240586142 PROBE_B_START program=low
1771483363589247348 PROBE_B_END program=low
1771483363791933838 PROBE_B_START program=low
1771483363816752515 PROBE_B_END program=low
1771483364019459727 PROBE_B_START program=low
1771483364044303090 PROBE_B_END program=low
1771483364247015358 PROBE_B_START program=low
1771483364271887165 PROBE_B_END program=low
1771483364474664452 PROBE_B_START program=low
1771483364499466259 PROBE_B_END program=low
1771483364702280083 PROBE_B_START program=low
1771483364726926094 PROBE_B_END program=low
1771483364929638936 PROBE_B_START program=low
1771483364954405077 PROBE_B_END program=low
1771483365157179253 PROBE_B_START program=low
1771483365181793894 PROBE_B_END program=low
1771483365384597719 PROBE_B_START program=low
1771483365456648902 PROBE_B_END program=low
1771483365659274783 PROBE_B_START program=low
1771483365754382276 PROBE_B_END program=low
1771483365956980786 PROBE_B_START program=low
1771483366046051581 PROBE_B_END program=low
1771483366248680407 PROBE_B_START program=low
1771483366337692018 PROBE_B_END program=low
1771483366540401344 PROBE_B_START program=low
1771483366611986528 PROBE_B_END program=low
1771483366814903502 PROBE_B_START program=low
1771483366839932068 PROBE_B_END program=low
1771483367042725542 PROBE_B_START program=low
1771483367067692627 PROBE_B_END program=low
1771483367270547046 PROBE_B_START program=low
1771483367295367816 PROBE_B_END program=low
1771483367498087013 PROBE_B_START program=low
1771483367521833766 PROBE_B_END program=low
1771483367724569352 PROBE_B_START program=low
1771483367749744826 PROBE_B_END program=low
1771483367952561023 PROBE_B_START program=low
1771483367977517904 PROBE_B_END program=low
1771483368180405750 PROBE_B_START program=low
1771483368205207150 PROBE_B_END program=low
1771483368408008273 PROBE_B_START program=low
1771483368433475803 PROBE_B_END program=low
1771483368636196759 PROBE_B_START program=low
1771483368707066297 PROBE_B_END program=low
1771483368909811921 PROBE_B_START program=low
1771483368998750662 PROBE_B_END program=low
1771483369201454268 PROBE_B_START program=low
1771483369289575511 PROBE_B_END program=low
1771483369492631450 PROBE_B_START program=low
1771483369582769412 PROBE_B_END program=low
1771483369785421796 PROBE_B_START program=low
1771483369873093798 PROBE_B_END program=low
1771483370075972219 PROBE_B_START program=low
1771483370100852712 PROBE_B_END program=low
1771483370303635078 PROBE_B_START program=low
1771483370328432294 PROBE_B_END program=low
1771483370531280234 PROBE_B_START program=low
1771483370556000208 PROBE_B_END program=low
1771483370758846426 PROBE_B_START program=low
1771483370783568327 PROBE_B_END program=low
1771483370986406563 PROBE_B_START program=low
1771483371011396815 PROBE_B_END program=low
1771483371214246052 PROBE_B_START program=low
1771483371239439601 PROBE_B_END program=low
1771483371442237023 PROBE_B_START program=low
1771483371467012127 PROBE_B_END program=low
1771483371669759383 PROBE_B_START program=low
1771483371693972155 PROBE_B_END program=low
1771483371896741040 PROBE_B_START program=low
1771483371967948504 PROBE_B_END program=low
1771483372170715242 PROBE_B_START program=low
1771483372269485790 PROBE_B_END program=low
1771483372472146343 PROBE_B_START program=low
1771483372698382909 PROBE_B_END program=low
1771483372901053092 PROBE_B_START program=low
1771483373032482643 PROBE_B_END program=low
1771483373235187197 PROBE_B_START program=low
1771483373325041051 PROBE_B_END program=low
1771483373527772475 PROBE_B_START program=low
1771483373593805297 PROBE_B_END program=low
1771483373796483462 PROBE_B_START program=low
1771483373820686289 PROBE_B_END program=low
1771483374023450825 PROBE_B_START program=low
1771483374048192707 PROBE_B_END program=low
1771483374251002391 PROBE_B_START program=low
1771483374275795792 PROBE_B_END program=low
1771483374478500143 PROBE_B_START program=low
1771483374503337526 PROBE_B_END program=low
1771483374706360802 PROBE_B_START program=low
1771483374731616869 PROBE_B_END program=low
1771483374934434628 PROBE_B_START program=low
1771483374959156344 PROBE_B_END program=low
1771483375161899325 PROBE_B_START program=low
1771483375186224856 PROBE_B_END program=low
1771483375388980671 PROBE_B_START program=low
1771483375461648950 PROBE_B_END program=low
1771483375664428042 PROBE_B_START program=low
1771483375757532134 PROBE_B_END program=low
1771483375960335930 PROBE_B_START program=low
1771483376050042266 PROBE_B_END program=low
1771483376252844915 PROBE_B_START program=low
1771483376341967678 PROBE_B_END program=low
1771483376544734660 PROBE_B_START program=low
1771483376626528523 PROBE_B_END program=low
1771483376829379986 PROBE_B_START program=low
1771483376854272517 PROBE_B_END program=low
1771483377057085666 R2_IDLE_C seconds=30 actions=B
1771483407059026547 SKIP_PROBE_C seconds=60
