1777542906844530629 13193086
1777542906856251604 11720975
1777542906868010729 11759125
1777542906879624184 11613455
1777542906891251399 11627215
1777542906902858800 11607401
1777542906914505922 11647122
1777542906926119508 11613586
1777542906937668222 11548714
1777542906949228103 11559881
1777542906960799540 11571437
1777542906972313476 11513936
1777542906983866894 11553418
1777542906995381218 11514324
1777542907006897932 11516714
1777542907018455312 11557380
1777542907030003840 11548528
1777542907041588924 11585084
1777542907053162212 11573288
1777542907064689851 11527639
1777542907076233305 11543454
1777542907087762869 11529564
1777542907099287842 11524973
1777542907110827351 11539509
1777542907122479677 11652326
1777542907134154799 11675122
1777542907145802402 11647603
1777542907157438709 11636307
1777542907169078368 11639659
1777542907180710471 11632103
1777542907192331278 11620807
1777542907203944344 11613066
1777542907215556576 11612232
1777542907227188253 11631677
1777542907238815505 11627252
1777542907250414126 11598621
1777542907262093100 11678974
1777542907273717351 11624251
1777542907285323769 11606418
1777542907296993150 11669381
1777542907308627346 11634196
1777542907320315802 11688456
1777542907331905145 11589343
1777542907343454155 11549010
1777542907355008331 11554176
1777542907366555174 11546843
1777542907378061072 11505898
1777542907389559006 11497934
1777542907401099071 11540065
1777542907412624821 11525750
1777542907424157794 11532973
1777542907435672599 11514805
1777542907447171830 11499231
1777542907458651783 11479953
1777542907470211904 11560121
1777542907481761266 11549362
1777542907493291293 11530027
1777542907504855025 11563732
1777542907516371294 11516269
1777542907527946581 11575287
1777542907539553184 11606603
1777542907551173435 11620251
1777542907562773464 11600029
1777542907574366233 11592769
1777542907585990836 11624603
1777542907597588013 11597177
1777542907609278876 11690863
1777542907620928943 11650067
1777542907632510379 11581436
1777542907644125852 11615473
1777542907655732918 11607066
1777542907667337057 11604139
1777542907678944345 11607288
1777542907690565171 11620826
1777542907702225904 11660733
1777542907713831933 11606029
1777542907725433721 11601788
1777542907736980637 11546916
1777542907748490684 11510047
1777542907760021822 11531138
1777542907771545369 11523547
1777542907783075823 11530454
1777542907794603424 11527601
1777542907806153175 11549751
1777542907817670906 11517731
1777542907829244397 11573491
1777542907840874778 11630381
1777542907852453640 11578862
1777542907864053817 11600177
1777542907875670012 11616195
1777542907887303690 11633678
1777542907898902792 11599102
1777542907910520192 11617400
1777542907922149906 11629714
1777542907933757583 11607677
1777542907945350648 11593065
1777542907956995844 11645196
1777542907968633299 11637455
1777542907980237828 11604529
1777542907991807967 11570139
1777542908003427570 11619603
1777542908015037728 11610158
1777542908026685367 11647639
1777542908038270617 11585250
1777542908049882904 11612287
1777542908061519599 11636695
1777542908073137312 11617713
1777542908084763396 11626084
1777542908096383461 11620065
1777542908107999026 11615565
1777542908119614424 11615398
1777542908131199655 11585231
1777542908142783590 11583935
1777542908154464322 11680732
1777542908166165833 11701511
1777542908177776416 11610583
1777542908189368259 11591843
1777542908200970120 11601861
1777542908212595648 11625528
1777542908224208361 11612713
1777542908235784055 11575694
1777542908247397916 11613861
1777542908259040259 11642343
1777542908270673528 11633269
1777542908282333723 11660195
1777542908293967381 11633658
1777542908305589242 11621861
1777542908317294253 11705011
1777542908328945596 11651343
1777542908340538827 11593231
1777542908352101929 11563102
1777542908363712068 11610139
1777542908375301243 11589175
1777542908386893327 11592084
1777542908398497114 11603787
1777542908410118975 11621861
1777542908421697910 11578935
1777542908433337827 11639917
1777542908444976540 11638713
1777542908456571549 11595009
1777542908468175744 11604195
1777542908479753031 11577287
1777542908491358021 11604990
1777542908502948882 11590861
1777542908514532521 11583639
1777542908526162512 11629991
1777542908537736947 11574435
1777542908549327308 11590361
1777542908560975392 11648084
1777542908572597086 11621694
1777542908584225855 11628769
1777542908595815160 11589305
1777542908607390299 11575139
1777542908618990993 11600694
1777542908630618632 11627639
1777542908642224494 11605862
1777542908653788836 11564342
1777542908665402290 11613454
1777542908677037818 11635528
1777542908688640679 11602861
1777542908700234910 11594231
1777542908711799271 11564361
1777542908723400113 11600842
1777542908734977956 11577843
1777542908746510871 11532915
1777542908758041880 11531009
1777542908769563721 11521841
1777542908781099804 11536083
1777542908792608645 11508841
1777542908804141561 11532916
1777542908815644328 11502767
1777542908827168577 11524249
1777542908838723549 11554972
1777542908850346170 11622621
1777542908861934012 11587842
1777542908873541521 11607509
1777542908885159512 11617991
1777542908896781392 11621880
1777542908908350068 11568676
1777542908919962577 11612509
1777542908931569512 11606935
1777542908943144854 11575342
1777542908954708122 11563268
1777542908966286428 11578306
1777542908977875807 11589379
1777542908989704449 11828642
1777542909001287791 11583342
1777542909012909040 11621249
1777542909024483585 11574545
1777542909036052038 11568453
1777542909047577490 11525452
1777542909059069200 11491710
1777542909070553337 11484137
1777542909082076418 11523081
1777542909093568981 11492563
1777542909105052562 11483581
1777542909116534624 11482062
1777542909128040113 11505489
1777542909139533101 11492988
1777542909151034571 11501470
1777542909162528800 11494229
1777542909174043085 11514285
1777542909185513870 11470785
1777542909196998136 11484266
1777542909208479865 11481729
1777542909219980243 11500378
1777542909231472472 11492229
1777542909243057054 11584582
1777542909254659136 11602082
1777542909266242311 11583175
1777542909277824152 11581841
1777542909289428550 11604398
1777542909301036651 11608101
1777542909312627955 11591304
1777542909324222204 11594249
1777542909335807212 11585008
1777542909347374627 11567415
1777542909358941765 11567138
1777542909370522199 11580434
1777542909382089503 11567304
1777542909393659196 11569693
1777542909405225445 11566249
1777542909416828175 11602730
1777542909428405313 11577138
1777542909440001747 11596434
1777542909451574829 11573082
1777542909463151189 11576360
1777542909474726419 11575230
1777542909486306371 11579952
1777542909497861583 11555212
1777542909509442239 11580656
1777542909521034044 11591805
1777542909532609996 11575952
1777542909544183985 11573989
1777542909555755882 11571897
1777542909567321094 11565212
1777542909578899194 11578100
1777542909590485628 11586434
1777542909602073525 11587897
1777542909613642644 11569119
1777542909625222004 11579360
1777542909636824624 11602620
1777542909648404947 11580323
1777542909659982010 11577063
1777542909671553388 11571378
1777542909683118248 11564860
1777542909694680108 11561860
1777542909706271264 11591156
1777542909717858143 11586879
1777542909729449706 11591563
1777542909741041418 11591712
1777542909752609037 11567619
1777542909764171712 11562675
1777542909775739886 11568174
1777542909787322839 11582953
1777542909798891735 11568896
1777542909810498244 11606509
1777542909822124604 11626360
1777542909833703464 11578860
1777542909845305287 11601823
1777542909856900425 11595138
1777542909868463137 11562712
1777542909880023811 11560674
1777542909891577985 11554174
1777542909903150104 11572119
1777542909914716131 11566027
1777542909926293287 11577156
1777542909937883536 11590249
1777542909949479822 11596286
1777542909961067404 11587582
1777542909972638338 11570934
1777542909984213012 11574674
1777542909995774557 11561545
1777542910007337157 11562600
1777542910018900072 11562915
1777542910030464449 11564377
1777542910042034863 11570414
1777542910053611167 11576304
1777542910065178396 11567229
1777542910076779218 11600822
1777542910088342577 11563359
1777542910099921269 11578692
1777542910111490998 11569729
1777542910123080635 11589637
1777542910134649623 11568988
1777542910146243649 11594026
1777542910157843768 11600119
1777542910169439627 11595859
1777542910181043171 11603544
1777542910192624808 11581637
1777542910204213741 11588933
1777542910215779970 11566229
1777542910227363848 11583878
1777542910238955818 11591970
1777542910250540881 11585063
1777542910262156055 11615174
1777542910273731284 11575229
1777542910285335902 11604618
1777542910296921836 11585934
1777542910308496065 11574229
1777542910320050572 11554507
1777542910331620375 11569803
1777542910343207771 11587396
1777542910354793223 11585452
1777542910366385267 11592044
1777542910377983774 11598507
1777542910389547929 11564155
1777542910401122695 11574766
1777542910412685573 11562878
1777542910424250246 11564673
1777542910435839994 11589748
1777542910447431113 11591119
1777542910458994212 11563099
1777542910470552163 11557951
1777542910482142115 11589952
1777542910493711900 11569785
1777542910505289129 11577229
1777542910516891359 11602230
1777542910528472551 11581192
1777542910540047762 11575211
1777542910551620787 11573025
1777542910563195942 11575155
1777542910574760690 11564748
1777542910586399568 11638878
1777542910598021594 11622026
1777542910609612453 11590859
1777542910621225350 11612897
1777542910632829672 11604322
1777542910644401420 11571748
1777542910655983038 11581618
1777542910667553804 11570766
1777542910679115107 11561303
1777542910690678410 11563303
1777542910702286047 11607637
1777542910713871740 11585693
1777542910725482451 11610711
1777542910737072588 11590137
1777542910748638002 11565414
1777542910760212750 11574748
1777542910771792313 11579563
1777542910783365153 11572840
1777542910794934289 11569136
1777542910806503426 11569137
1777542910818099544 11596118
1777542910829680237 11580693
1777542910841247392 11567155
1777542910852838862 11591470
1777542910864429295 11590433
1777542910875997172 11567877
1777542910887574420 11577248
1777542910899131205 11556785
1777542910910648767 11517562
1777542910922238552 11589785
1777542910933801170 11562618
1777542910945374325 11573155
1777542910956978906 11604581
1777542910968540265 11561359
1777542910980108531 11568266
1777542910991684927 11576396
1777542911003247693 11562766
1777542911014808310 11560617
1777542911026384187 11575877
1777542911037948619 11564432
1777542911049479550 11530931
1777542911061047593 11568043
1777542911072608433 11560840
1777542911084100993 11492560
1777542911095584387 11483394
1777542911107066374 11481987
1777542911118553194 11486820
1777542911130037791 11484597
1777542911141530519 11492728
1777542911153045876 11515357
1777542911164536103 11490227
1777542911176024442 11488339
1777542911187503558 11479116
1777542911198990118 11486560
1777542911210495624 11505506
1777542911222000499 11504875
1777542911233491523 11491024
1777542911244978972 11487449
1777542911256486422 11507450
1777542911267989761 11503339
1777542911279529118 11539357
1777542911291100810 11571692
1777542911302683501 11582691
1777542911314265155 11581654
1777542911325875643 11610488
1777542911337476205 11600562
1777542911349068045 11591840
1777542911360640977 11572932
1777542911372246243 11605266
1777542911383834360 11588117
1777542911395412162 11577802
1777542911406980094 11567932
1777542911418540304 11560210
1777542911430131588 11591284
1777542911441729724 11598136
1777542911453317286 11587562
1777542911464908237 11590951
1777542911476473743 11565506
1777542911488043434 11569691
1777542911499619070 11575636
1777542911511180946 11561876
1777542911522753193 11572247
1777542911534352607 11599414
1777542911545990373 11637766
1777542911557594749 11604376
1777542911569190756 11596007
1777542911580784392 11593636
1777542911592363713 11579321
1777542911603936552 11572839
1777542911615517077 11580525
1777542911627089453 11572376
1777542911638654737 11565284
1777542911650228799 11574062
1777542911661797490 11568691
1777542911673345348 11547858
1777542911684962336 11616988
1777542911696535897 11573561
1777542911708076514 11540617
1777542911719667631 11591117
1777542911731250212 11582581
1777542911742823551 11573339
1777542911754436243 11612692
1777542911766065546 11629303
1777542911777673923 11608377
1777542911789267651 11593728
1777542911800865769 11598118
1777542911812437053 11571284
1777542911824001244 11564191
1777542911835797975 11796731
1777542911847481778 11683803
1777542911859080340 11598562
1777542911870695736 11615396
1777542911882269075 11573339
1777542911893791025 11521950
1777542911905285567 11494542
1777542911916814740 11529173
1777542911928309208 11494468
1777542911939793528 11484320
1777542911951285385 11491857
1777542911962758686 11473301
1777542911974279525 11520839
1777542911985801863 11522338
1777542911997375314 11573451
1777542912008977246 11601932
1777542912020534880 11557634
1777542912032083163 11548283
1777542912043637557 11554394
1777542912055185228 11547671
1777542912066743770 11558542
1777542912078345443 11601673
1777542912089935578 11590135
1777542912101506138 11570560
1777542912113104792 11598654
1777542912124675075 11570283
1777542912136266136 11591061
1777542912147872697 11606561
1777542912159447813 11575116
1777542912171024226 11576413
1777542912182622657 11598431
1777542912194214440 11591783
1777542912205778575 11564135
1777542912217346432 11567857
1777542912228937752 11591320
1777542912240538109 11600357
1777542912252103040 11564931
1777542912263660212 11557172
1777542912275216884 11556672
1777542912286750944 11534060
1777542912298302467 11551523
1777542912309785694 11483227
1777542912321265587 11479893
1777542912332780943 11515356
1777542912344252947 11472004
1777542912355750618 11497671
1777542912367247048 11496430
1777542912378748997 11501949
1777542912390341151 11592154
1777542912401936600 11595449
1777542912413517532 11580932
1777542912425112815 11595283
1777542912436670079 11557264
1777542912448255158 11585079
1777542912459833293 11578135
1777542912471401298 11568005
1777542912482988804 11587506
1777542912494559772 11570968
1777542912506150314 11590542
1777542912517702727 11552413
1777542912529255398 11552671
1777542912540848367 11592969
1777542912552408279 11559912
1777542912563967636 11559357
1777542912575532326 11564690
1777542912587098053 11565727
1777542912598621428 11523375
1777542912610125970 11504542
1777542912621612233 11486263
1777542912633150627 11538394
1777542912644648131 11497504
1777542912656135820 11487689
1777542912667628695 11492875
1777542912679101199 11472504
1777542912690636167 11534968
1777542912702229931 11593764
1777542912713800307 11570376
1777542912725352849 11552542
1777542912736942484 11589635
1777542912748516433 11573949
1777542912760115846 11599413
1777542912771675296 11559450
1777542912783238023 11562727
1777542912794805806 11567783
1777542912806377904 11572098
1777542912817951094 11573190
1777542912829541210 11590116
1777542912841114493 11573283
1777542912852673350 11558857
1777542912864246022 11572672
1777542912875821268 11575246
1777542912887387810 11566542
1777542912898958186 11570376
1777542912910499561 11541375
1777542912922070733 11571172
1777542912933636867 11566134
1777542912945227873 11591006
1777542912956803693 11575820
1777542912968368827 11565134
1777542912979930925 11562098
1777542912991497504 11566579
1777542913003067565 11570061
1777542913014639069 11571504
1777542913026234759 11595690
1777542913037798467 11563708
1777542913049377971 11579504
1777542913060984401 11606430
1777542913072552109 11567708
1777542913084125891 11573782
1777542913095702433 11576542
1777542913107276696 11574263
1777542913118858960 11582264
1777542913130447464 11588504
1777542913142035506 11588042
1777542913153622344 11586838
1777542913165203348 11581004
1777542913176777722 11574374
1777542913188352134 11574412
1777542913199923435 11571301
1777542913211489957 11566522
1777542913223080832 11590875
1777542913234654911 11574079
1777542913246229841 11574930
1777542913257804364 11574523
1777542913269371831 11567467
1777542913280970391 11598560
1777542913292538580 11568189
1777542913304109621 11571041
1777542913315677107 11567486
1777542913327323909 11646802
1777542913338953506 11629597
1777542913350537214 11583708
1777542913362130663 11593449
1777542913373693352 11562689
1777542913385252597 11559245
1777542913396847917 11595320
1777542913408419013 11571096
1777542913420005573 11586560
1777542913431575781 11570208
1777542913443137452 11561671
1777542913454701401 11563949
1777542913466280072 11578671
1777542913477826242 11546170
1777542913489412598 11586356
1777542913501028233 11615635
1777542913512592700 11564467
1777542913524156834 11564134
1777542913535719967 11563133
1777542913547271268 11551301
1777542913558819846 11548578
1777542913570395017 11575171
1777542913581966928 11571911
1777542913593541747 11574819
1777542913605134567 11592820
1777542913616634459 11499892
1777542913628131703 11497244
1777542913639635596 11503893
1777542913651134043 11498447
1777542913662623565 11489522
1777542913674135587 11512022
1777542913685622720 11487133
1777542913697130742 11508022
1777542913708667302 11536560
1777542913720244380 11577078
1777542913731820551 11576171
1777542913743403203 11582652
1777542913754979152 11575949
1777542913766566582 11587430
1777542913778145679 11579097
1777542913789734276 11588597
1777542913801315651 11581375
1777542913812904507 11588856
1777542913824473067 11568560
1777542913836050960 11577893
1777542913847707780 11656820
1777542913859287711 11579931
1777542913870872937 11585226
1777542913882487905 11614968
1777542913894096761 11608856
1777542913905665747 11568986
1777542913917224362 11558615
1777542913928891960 11667598
1777542913940474650 11582690
1777542913952051043 11576393
1777542913963612695 11561652
1777542913975173088 11560393
1777542913986726277 11553189
1777542913998282485 11556208
1777542914009840396 11557911
1777542914021444881 11604485
1777542914033023755 11578874
1777542914044577017 11553262
1777542914056144928 11567911
1777542914067716320 11571392
1777542914079275842 11559522
1777542914090832549 11556707
1777542914102409238 11576689
1777542914114006649 11597411
1777542914125581541 11574892
1777542914137169618 11588077
1777542914148787493 11617875
1777542914160361644 11574151
1777542914171930703 11569059
1777542914183492632 11561929
1777542914195059006 11566374
1777542914206643954 11584948
1777542914218214013 11570059
1777542914229784257 11570244
1777542914241348834 11564577
1777542914252939745 11590911
1777542914264514396 11574651
1777542914276071659 11557263
1777542914287631236 11559577
1777542914299196462 11565226
1777542914310794799 11598337
1777542914322379154 11584355
1777542914333954731 11575577
1777542914345536957 11582226
1777542914357122590 11585633
1777542914368680797 11558207
1777542914380250523 11569726
1777542914391799211 11548688
1777542914403371159 11571948
1777542914414943273 11572114
1777542914426504943 11561670
1777542914438099687 11594744
1777542914449687487 11587800
1777542914461270120 11582633
1777542914472858827 11588707
1777542914484428127 11569300
1777542914496007705 11579578
1777542914507572171 11564466
1777542914519138007 11565836
1777542914530702529 11564522
1777542914542266884 11564355
1777542914553829091 11562207
1777542914565424058 11594967
1777542914576996691 11572633
1777542914588567138 11570447
1777542914600108327 11541189
1777542914611664700 11556373
1777542914623216129 11551429
1777542914634783910 11567781
1777542914646367154 11583244
1777542914657935769 11568615
1777542914669474475 11538706
1777542914681050775 11576300
1777542914692603038 11552263
1777542914704147615 11544577
1777542914715646691 11499076
1777542914727138194 11491503
1777542914738625252 11487058
1777542914750135236 11509984
1777542914761650590 11515354
1777542914773157352 11506762
1777542914784642391 11485039
1777542914796142412 11500021
1777542914807639859 11497447
1777542914819187492 11547633
1777542914830776440 11588948
1777542914842352814 11576374
1777542914853926410 11573596
1777542914865502765 11576355
1777542914877100583 11597818
1777542914888660901 11560318
1777542914900220905 11560004
1777542914911791945 11571040
1777542914923368671 11576726
1777542914934931415 11562744
1777542914946530807 11599392
1777542914958126792 11595985
1777542914969691166 11564374
1777542914981287836 11596670
1777542914992926914 11639078
1777542915004506658 11579744
1777542915016058623 11551965
1777542915027634681 11576058
1777542915039190647 11555966
1777542915050762779 11572132
1777542915062331337 11568558
1777542915073916636 11585299
1777542915085492527 11575891
1777542915097105826 11613299
1777542915108682569 11576743
1777542915120262942 11580373
1777542915131816389 11553447
1777542915143393632 11577243
1777542915154959005 11565373
1777542915166542267 11583262
1777542915178146770 11604503
1777542915189749050 11602280
1777542915201313719 11564669
1777542915212915481 11601762
1777542915224495539 11580058
1777542915236079116 11583577
1777542915247640748 11561632
1777542915259191639 11550891
1777542915270750789 11559150
1777542915282339866 11589077
1777542915293917628 11577762
1777542915305465834 11548206
1777542915317069448 11603614
1777542915328661635 11592187
1777542915340245768 11584133
1777542915351804900 11559132
1777542915363361754 11556854
1777542915374929978 11568224
1777542915386496944 11566966
1777542915398083206 11586262
1777542915409661893 11578687
1777542915421237433 11575540
1777542915432810657 11573224
1777542915444388253 11577596
1777542915455960311 11572058
1777542915467530424 11570113
1777542915479091075 11560651
1777542915490641225 11550150
1777542915502212542 11571317
1777542915513772230 11559688
1777542915525342917 11570687
1777542915536945809 11602892
1777542915548519793 11573984
1777542915560086054 11566261
1777542915571650631 11564577
1777542915583213559 11562928
1777542915594777136 11563577
1777542915606381046 11603910
1777542915617989475 11608429
1777542915629555347 11565872
1777542915641164202 11608855
1777542915652743334 11579132
1777542915664305466 11562132
1777542915675867654 11562188
1777542915687441323 11573669
1777542915699014140 11572817
1777542915710585328 11571188
1777542915722193756 11608428
1777542915733786518 11592762
1777542915745393299 11606781
1777542915756976783 11583484
1777542915768545193 11568410
1777542915780123973 11578780
1777542915791711105 11587132
1777542915803283552 11572447
1777542915814848703 11565151
1777542915826441594 11592891
1777542915838037282 11595688
1777542915849613340 11576058
1777542915861207176 11593836
1777542915872799679 11592503
1777542915884362478 11562799
1777542915895917406 11554928
1777542915907487334 11569928
1777542915919073985 11586651
1777542915930648228 11574243
1777542915942228397 11580169
1777542915953815696 11587299
1777542915965379587 11563891
1777542915976987183 11607596
1777542915988561667 11574484
1777542916000123669 11562002
1777542916011697134 11573465
1777542916023270598 11573464
1777542916034818044 11547446
1777542916046398972 11580928
1777542916057986084 11587112
1777542916069550401 11564317
1777542916081122513 11572112
1777542916092690719 11568206
1777542916104259183 11568464
1777542916115825055 11565872
1777542916127396556 11571501
1777542916138975873 11579317
1777542916150556560 11580687
1777542916162214025 11657465
1777542916173802157 11588132
1777542916185442807 11640650
1777542916197060420 11617613
1777542916208700256 11639836
1777542916220294035 11593779
1777542916231895667 11601632
1777542916243532984 11637317
1777542916255125356 11592372
1777542916266701098 11575742
1777542916278319101 11618003
1777542916289921288 11602187
1777542916301527030 11605742
1777542916313113476 11586446
1777542916324800609 11687133
1777542916336388185 11587576
1777542916348003131 11614946
1777542916359597874 11594743
1777542916371220561 11622687
1777542916382802989 11582428
1777542916394420898 11617909
1777542916406028733 11607835
1777542916417635902 11607169
1777542916429243015 11607113
1777542916440858628 11615613
1777542916452425204 11566576
1777542916464027743 11602539
1777542916475647504 11619761
1777542916487258728 11611224
1777542916498844230 11585502
1777542916510462232 11618002
1777542916522082605 11620373
1777542916533673180 11590575
1777542916545285182 11612002
1777542916556883888 11598706
1777542916568472353 11588465
1777542916580066503 11594150
1777542916591656801 11590298
1777542916603234395 11577594
1777542916614828767 11594372
1777542916626476677 11647910
1777542916638094771 11618094
1777542916649715903 11621132
1777542916661349683 11633780
1777542916672974889 11625206
1777542916684562669 11587780
1777542916696157707 11595038
1777542916707747005 11589298
1777542916719345267 11598262
1777542916730930953 11585686
1777542916742556511 11625558
1777542916754180050 11623539
1777542916765788812 11608762
1777542916777398443 11609631
1777542916789011649 11613206
1777542916800598317 11586668
1777542916812193671 11595354
1777542916823771043 11577372
1777542916835362360 11591317
1777542916847022547 11660187
1777542916858635790 11613243
1777542916870217014 11581224
1777542916881784275 11567261
1777542916893348109 11563834
1777542916904967945 11619836
1777542916916543465 11575520
1777542916928135430 11591965
1777542916939717579 11582149
1777542916951307989 11590410
1777542916962887638 11579649
1777542916974484714 11597076
1777542916986100920 11616206
1777542916997669162 11568242
1777542917009256997 11587835
1777542917020918110 11661113
1777542917032497888 11579778
1777542917044044037 11546149
1777542917055530444 11486407
1777542917067027055 11496611
1777542917078534999 11507944
1777542917090057036 11522037
1777542917101535240 11478204
1777542917113091870 11556630
1777542917124586536 11494666
1777542917136092314 11505778
1777542917147668740 11576426
1777542917159252649 11583909
1777542917170818501 11565852
1777542917182417891 11599390
1777542917194031040 11613149
1777542917205581355 11550315
1777542917217163653 11582298
1777542917228737505 11573852
1777542917240320080 11582575
1777542917251903025 11582945
1777542917263456489 11553464
1777542917275032378 11575889
1777542917286629638 11597260
1777542917298238102 11608464
1777542917309798010 11559908
1777542917321351400 11553390
1777542917332952697 11601297
1777542917344527809 11575112
1777542917356087550 11559741
1777542917367659662 11572112
1777542917379230848 11571186
1777542917390817015 11586167
1777542917402403831 11586816
1777542917413998980 11595149
1777542917425581796 11582816
1777542917437170870 11589074
1777542917448790779 11619909
1777542917460377410 11586631
1777542917471952910 11575500
1777542917483550800 11597890
1777542917495112912 11562112
1777542917506685968 11573056
1777542917518304302 11618334
1777542917529882618 11578316
1777542917541476674 11594056
1777542917553062749 11586075
1777542917564636769 11574020
1777542917576204158 11567389
1777542917587784511 11580353
1777542917599373363 11588852
1777542917610956123 11582760
1777542917622528457 11572334
1777542917634127829 11599372
1777542917645703311 11575482
1777542917657283256 11579945
1777542917668884276 11601020
1777542917680463369 11579093
1777542917692037036 11573667
1777542917703605111 11568075
1777542917715164241 11559130
1777542917726709760 11545519
1777542917738269038 11559278
1777542917749844372 11575334
1777542917761431021 11586649
1777542917773010022 11579001
1777542917784567875 11557853
1777542917796131505 11563630
1777542917807696561 11565056
1777542917819249061 11552500
1777542917830814858 11565797
1777542917842392452 11577594
1777542917853978563 11586111
1777542917865544323 11565760
1777542917877161584 11617261
1777542917888794418 11632834
1777542917900391216 11596798
1777542917911978754 11587538
1777542917923558977 11580223
1777542917935134348 11575371
1777542917946692830 11558482
1777542917958274701 11581871
1777542917969848887 11574186
1777542917981432647 11583760
1777542917993040296 11607649
1777542918004616926 11576630
1777542918016189055 11572129
1777542918027758963 11569908
1777542918039323629 11564666
1777542918050880443 11556814
1777542918062441850 11561407
1777542918074071406 11629556
1777542918085635351 11563945
1777542918097209647 11574296
1777542918108812425 11602778
1777542918120406628 11594203
1777542918131995665 11589037
1777542918143581110 11585445
1777542918155167813 11586703
1777542918166744461 11576648
1777542918178359906 11615445
1777542918189966221 11606315
1777542918201535313 11569092
1777542918213149462 11614149
1777542918224761295 11611833
1777542918236342147 11580852
1777542918247919129 11576982
1777542918259492054 11572925
1777542918271079647 11587593
1777542918282660054 11580407
1777542918294275980 11615926
1777542918305848295 11572315
1777542918317413998 11565703
1777542918329010998 11597000
1777542918340587720 11576722
1777542918352191591 11603871
1777542918363775776 11584185
1777542918375355480 11579704
1777542918386942961 11587481
1777542918398524628 11581667
1777542918410127276 11602648
1777542918421695628 11568352
1777542918433253886 11558258
1777542918444851405 11597519
1777542918456424997 11573592
1777542918467992682 11567685
1777542918479579719 11587037
1777542918491154701 11574982
1777542918502729737 11575036
1777542918514334719 11604982
1777542918525952960 11618241
1777542918537531145 11578185
1777542918549136182 11605037
1777542918560730053 11593871
1777542918572313701 11583648
1777542918583895201 11581500
1777542918595464201 11569000
1777542918607034367 11570166
1777542918618623793 11589426
1777542918630194663 11570870
1777542918641776367 11581704
1777542918653339570 11563203
1777542918664946385 11606815
1777542918676529792 11583407
1777542918688105385 11575593
1777542918699675292 11569907
1777542918711239384 11564092
1777542918722801995 11562611
1777542918734377847 11575852
1777542918745979106 11601259
1777542918757586995 11607889
1777542918769188403 11601408
1777542918780795384 11606981
1777542918792356717 11561333
1777542918803917087 11560370
1777542918815482309 11565222
1777542918827058217 11575908
1777542918838648254 11590037
1777542918850660666 12012412
1777542918862605466 11944800
1777542918874605730 12000264
1777542918886555289 11949559
1777542918898610202 12054913
1777542918910460631 11850429
1777542918922400153 11939522
1777542918934255212 11855059
1777542918946246031 11990819
1777542918958126905 11880874
1777542918969973852 11846947
1777542918981581834 11607982
1777542918993308242 11726408
1777542919005225764 11917522
1777542919016860949 11635185
1777542919028754526 11893577
1777542919040526490 11771964
1777542919052276398 11749908
1777542919064005473 11729075
1777542919075764437 11758964
1777542919087471011 11706574
1777542919099178530 11707519
1777542919110980847 11802317
1777542919122866553 11885706
1777542919134826704 11960151
1777542919146744670 11917966
1777542919158667580 11922910
1777542919170519638 11852058
1777542919182350176 11830538
1777542919194110937 11760761
1777542919205938605 11827668
1777542919217724384 11785779
1777542919229610016 11885632
1777542919241416407 11806391
1777542919253160852 11744445
1777542919264945001 11784149
1777542919276759540 11814539
1777542919288553782 11794242
1777542919300313820 11760038
1777542919312164081 11850261
1777542919323885952 11721871
1777542919335843344 11957392
1777542919347650142 11806798
1777542919359419643 11769501
1777542919371274905 11855262
1777542919383075295 11800390
1777542919394943279 11867984
1777542919406698224 11754945
1777542919418675487 11977263
1777542919430445877 11770390
1777542919442229026 11783149
1777542919454037491 11808465
1777542919465803603 11766112
1777542919477516011 11712408
1777542919489585719 12069708
1777542919501623964 12038245
1777542919513486244 11862280
1777542919525365394 11879150
1777542919537179748 11814354
1777542919549071528 11891780
1777542919561130125 12058597
1777542919572811273 11681148
1777542919584568626 11757353
1777542919596162421 11593795
1777542919607670253 11507832
1777542919619556348 11886095
1777542919631154903 11598555
1777542919642874440 11719537
1777542919654630682 11756242
1777542919666660575 12029893
1777542919678474058 11813483
1777542919690144928 11670870
1777542919702027005 11882077
1777542919713708412 11681407
1777542919725488636 11780224
1777542919737305100 11816464
1777542919749406068 12100968
1777542919761593352 12187284
1777542919773630004 12036652
1777542919785515766 11885762
1777542919797388675 11872909
1777542919809244437 11855762
1777542919821213551 11969114
1777542919832913144 11699593
1777542919844678349 11765205
1777542919856604944 11926595
1777542919868406557 11801613
1777542919880369671 11963114
1777542919892483583 12113912
1777542919904348678 11865095
1777542919916083457 11734779
1777542919927772346 11688889
1777542919939756960 11984614
1777542919951458665 11701705
1777542919963491557 12032892
1777542919975363541 11871984
1777542919987189265 11825724
1777542919999228677 12039412
1777542920011033140 11804463
1777542920022822289 11789149
1777542920034578993 11756704
1777542920046575718 11996725
1777542920058575239 11999521
1777542920070396129 11820890
1777542920082253445 11857316
1777542920093967259 11713814
1777542920105605240 11637981
1777542920117363721 11758481
1777542920129218926 11855205
1777542920141056001 11837075
1777542920152996318 11940317
1777542920164749892 11753574
1777542920176429484 11679592
1777542920188330171 11900687
1777542920199962929 11632758
1777542920212057433 12094504
1777542920223760302 11702869
1777542920235366708 11606406
1777542920247135005 11768297
1777542920258907209 11772204
1777542920270746414 11839205
1777542920282576729 11830315
1777542920294452971 11876242
1777542920306380288 11927317
1777542920318257475 11877187
1777542920329875973 11618498
1777542920341479435 11603462
1777542920353143193 11663758
1777542920364823081 11679888
1777542920376675249 11852168
1777542920388747364 12072115
1777542920400415974 11668610
1777542920412394865 11978891
1777542920424166014 11771149
1777542920435987292 11821278
1777542920447660514 11673222
1777542920459391939 11731425
1777542920471333349 11941410
1777542920483544724 12211375
1777542920495778137 12233413
1777542920507734751 11956614
1777542920519619141 11884390
1777542920531426734 11807593
1777542920543405015 11978281
1777542920555199311 11794296
1777542920567165092 11965781
1777542920579001741 11836649
1777542920590793482 11791741
1777542920602411555 11618073
1777542920614015257 11603702
1777542920625736719 11721462
1777542920637534924 11798205
1777542920649284146 11749222
1777542920661031887 11747741
1777542920672753053 11721166
1777542920684981632 12228579
1777542920696652965 11671333
1777542920708430335 11777370
1777542920720034075 11603740
1777542920731849483 11815408
1777542920743576334 11726851
1777542920755386150 11809816
1777542920767071557 11685407
1777542920778748278 11676721
1777542920790547445 11799167
1777542920802370668 11823223
1777542920814280059 11909391
1777542920826129986 11849927
1777542920837805948 11675962
1777542920849692802 11886854
1777542920861463598 11770796
1777542920873304007 11840409
1777542920885031988 11727981
1777542920897056028 12024040
1777542920908948752 11892724
1777542920920789956 11841204
1777542920932540438 11750482
1777542920944322809 11782371
1777542920956027808 11704999
1777542920967758715 11730907
1777542920979456548 11697833
1777542920991325253 11868705
1777542921003009178 11683925
1777542921014687010 11677832
1777542921026816495 12129485
1777542921038616143 11799648
1777542921050415754 11799611
1777542921062380588 11964834
1777542921074126106 11745518
1777542921086095163 11969057
1777542921097829347 11734184
1777542921109772552 11943205
1777542921121519255 11746703
1777542921133441923 11922668
1777542921145052791 11610868
1777542921156799271 11746480
1777542921168364454 11565183
1777542921180167898 11803444
1777542921191874674 11706776
1777542921203417190 11542516
1777542921214889204 11472014
1777542921226418164 11528960
1777542921237923697 11505533
1777542921249473954 11550257
1777542921260902060 11428106
1777542921272456724 11554664
1777542921283913350 11456626
1777542921295513884 11600534
1777542921307012455 11498571
1777542921318765806 11753351
1777542921330644732 11878926
1777542921342144006 11499274
1777542921353541724 11397718
1777542921364995849 11454125
1777542921376552161 11556312
1777542921388201419 11649258
1777542921399897436 11696017
1777542921411478414 11580978
1777542921422972540 11494126
1777542921434432370 11459830
1777542921446290333 11857963
1777542921457795607 11505274
1777542921469588385 11792778
1777542921481136030 11547645
1777542921492816602 11680572
1777542921504373340 11556738
1777542921516026134 11652794
1777542921527939246 11913112
1777542921539645708 11706462
1777542921551434559 11788851
1777542921562960871 11526312
1777542921574723537 11762666
1777542921586548333 11824796
1777542921598360981 11812648
1777542921609999109 11638128
1777542921621725052 11725943
1777542921633255678 11530626
1777542921644689896 11434218
1777542921656103596 11413700
1777542921667632629 11529033
1777542921679231960 11599331
1777542921690789513 11557553
1777542921702391899 11602386
1777542921713977822 11585923
1777542921725372873 11395051
1777542921736864555 11491682
1777542921748405940 11541385
1777542921759937326 11531386
1777542921771715196 11777870
1777542921783409472 11694276
1777542921794911154 11501682
1777542921806473818 11562664
1777542921818082963 11609145
1777542921829593997 11511034
1777542921841118179 11524182
1777542921852307783 11189604
1777542921863544814 11237031
1777542922040427064 176882250
1777542922051953338 11526274
1777542922063481871 11528533
1777542922075035108 11553237
1777542922086542677 11507569
1777542922098178989 11636312
1777542922109701189 11522200
1777542922121297963 11596774
1777542922132645883 11347920
1777542922144117267 11471384
1777542922155805820 11688553
1777542922167409706 11603886
1777542922178956443 11546737
1777542922190560347 11603904
1777542922202274030 11713683
1777542922213877452 11603422
1777542922225423893 11546441
1777542922237191595 11767702
1777542922248854500 11662905
1777542922260510442 11655942
1777542922272039345 11528903
1777542922283517044 11477699
1777542922295084651 11567607
1777542922306712796 11628145
1777542922318261033 11548237
1777542922329825381 11564348
1777542922341322488 11497107
1777542922352811891 11489403
1777542922364397739 11585848
1777542922375894290 11496551
1777542922387448342 11554052
1777542922399035431 11587089
1777542922410675373 11639942
1777542922422358518 11683145
1777542922433881459 11522941
1777542922445505437 11623978
1777542922457224490 11719053
1777542922468756635 11532145
1777542922480590449 11833814
1777542922492268705 11678256
1777542922503854628 11585923
1777542922515374494 11519866
1777542922527051769 11677275
1777542922538639840 11588071
1777542922550334041 11694201
1777542922562020317 11686276
1777542922573556257 11535940
1777542922585581406 12025149
1777542922597177847 11596441
1777542922608809659 11631812
1777542922620684900 11875241
1777542922632250266 11565366
1777542922643714650 11464384
1777542922655227220 11512570
1777542922666855254 11628034
1777542922678461973 11606719
1777542922690280657 11818684
1777542922702078267 11797610
1777542922713663190 11584923
1777542922725309372 11646182
1777542922736959073 11649701
1777542922748580070 11620997
1777542922760192492 11612422
1777542922771671025 11478533
1777542922783249373 11578348
1777542922794861648 11612275
1777542922806455163 11593515
1777542922818021696 11566533
1777542922829441395 11419699
1777542922841081225 11639830
1777542922853045244 11964019
1777542922864688871 11643627
1777542922876490240 11801369
1777542922888402333 11912093
1777542922899972255 11569922
1777542922911508288 11536033
1777542922923169470 11661182
1777542922934731504 11562034
1777542922946289981 11558477
1777542922957792662 11502681
1777542922969436696 11644034
1777542922981129416 11692720
1777542922992683727 11554311
1777542923004241371 11557644
1777542923016369799 12128428
1777542923027986776 11616977
1777542923039456974 11470198
1777542923051131656 11674682
1777542923062818912 11687256
1777542923074434612 11615700
1777542923085990700 11556088
1777542923097525806 11535106
1777542923108936633 11410827
1777542923120435776 11499143
1777542923132081291 11645515
1777542923143740454 11659163
1777542923155550396 11809942
1777542923167111855 11561459
1777542923178651146 11539291
1777542923190055473 11404327
1777542923201570579 11515106
1777542923213531857 11961278
1777542923225145908 11614051
1777542923236707274 11561366
1777542923248270158 11562884
1777542923259822061 11551903
1777542923271494872 11672811
1777542923283057516 11562644
1777542923294659530 11602014
1777542923306218266 11558736
1777542923317724335 11506069
1777542923329312813 11588478
1777542923340962087 11649274
1777542923353042643 12080556
1777542923364591305 11548662
1777542923376617417 12026112
1777542923388122356 11504939
1777542923399693129 11570773
1777542923411223569 11530440
1777542923422755323 11531754
1777542923434199780 11444457
1777542923445606218 11406438
1777542923457147750 11541532
1777542923468760061 11612311
1777542923480216926 11456865
1777542923492156185 11939259
1777542923503664031 11507846
1777542923515151192 11487161
1777542923526591631 11440439
1777542923538284739 11693108
1777542923549866827 11582088
1777542923561571713 11704886
1777542923573257099 11685386
1777542923584740593 11483494
1777542923596510683 11770090
1777542923608105438 11594755
1777542923619755064 11649626
1777542923631258781 11503717
1777542923642873629 11614848
1777542923654469940 11596311
1777542923666058658 11588718
1777542923677581653 11522995
1777542923689296020 11714367
1777542923701076351 11780331
1777542923712653902 11577551
1777542923724219842 11565940
1777542923735841357 11621515
1777542923747445927 11604570
1777542923758966422 11520495
1777542923770570103 11603681
1777542923782323230 11753127
1777542923794289970 11966740
1777542923805841077 11551107
1777542923817253089 11412012
1777542923828713639 11460550
1777542923840518766 11805127
1777542923851996391 11477625
1777542923863200734 11204343
1777542923874376522 11175788
1777542923885507568 11131046
1777542923896657392 11149824
1777542923907777383 11119991
1777542923918898040 11120657
1777542923930028012 11129972
1777542923941134725 11106713
1777542923952248549 11113824
1777542923963351947 11103398
1777542923974428566 11076619
1777542923985530335 11101769
1777542923996653047 11122712
1777542924007781241 11128194
1777542924018880046 11098805
1777542924029999313 11119267
1777542924041110192 11110879
1777542924052238330 11128138
1777542924063364487 11126157
1777542924074490717 11126230
1777542924085627429 11136712
1777542924096751030 11123601
1777542924107873020 11121990
1777542924118982843 11109823
1777542924130155074 11172231
1777542924141316176 11161102
1777542924152420369 11104193
1777542924163551674 11131305
1777542924174682905 11131231
1777542924185812413 11129508
1777542924196919218 11106805
1777542924208036467 11117249
1777542924219173753 11137286
1777542924230310910 11137157
1777542924241417233 11106323
1777542924252556130 11138897
1777542924263690675 11134545
1777542924274806591 11115916
1777542924285932729 11126138
1777542924297055941 11123212
1777542924308162783 11106842
1777542924319286236 11123453
1777542924330451319 11165083
1777542924341586494 11135175
1777542924352720558 11134064
1777542924363833029 11112471
1777542924374945315 11112286
1777542924386073379 11128064
1777542924397184461 11111082
1777542924408297488 11113027
1777542924419421922 11124434
1777542924430538690 11116768
1777542924441656328 11117638
1777542924452812077 11155749
1777542924463936345 11124268
1777542924475070205 11133860
1777542924486203566 11133361
1777542924497311555 11107989
1777542924508415434 11103879
1777542924519531109 11115675
1777542924530637210 11106101
1777542924541742014 11104804
1777542924552852263 11110249
1777542924563962623 11110360
1777542924575070835 11108212
1777542924586237159 11166324
1777542924597363463 11126304
1777542924608499398 11135935
1777542924619629999 11130601
1777542924630753100 11123101
1777542924641870182 11117082
1777542924653004783 11134601
1777542924664117754 11112971
1777542924675249078 11131324
1777542924686371216 11122138
1777542924697491872 11120656
1777542924708638696 11146824
1777542924719763352 11124656
1777542924730876805 11113453
1777542924742013850 11137045
1777542924753126155 11112305
1777542924764243293 11117138
1777542924775358468 11115175
1777542924786427105 11068637
1777542924797541558 11114453
1777542924808659029 11117471
1777542924819775315 11116286
1777542924830892231 11116916
1777542924842027684 11135453
1777542924853150766 11123082
1777542924864278738 11127972
1777542924875395987 11117249
1777542924886541125 11145138
1777542924897669819 11128694
1777542924908867254 11197435
1777542924919995910 11128656
1777542924931106122 11110212
1777542924942234779 11128657
1777542924953356639 11121860
1777542924964472777 11116138
1777542924975606397 11133620
1777542924986709608 11103211
1777542924997821487 11111879
1777542925008938569 11117082
1777542925020049725 11111156
1777542925031183214 11133489
1777542925042317647 11134433
1777542925053433451 11115804
1777542925064575088 11141637
1777542925075683300 11108212
1777542925086785455 11102155
1777542925097890759 11105304
1777542925109023989 11133230
1777542925120153515 11129526
1777542925131304245 11150730
1777542925142425530 11121285
1777542925153548464 11122934
1777542925164665805 11117341
1777542925175804201 11138396
1777542925186945709 11141508
1777542925198106606 11160897
1777542925209231928 11125322
1777542925220345195 11113267
1777542925231456647 11111452
1777542925242555210 11098563
1777542925253658106 11102896
1777542925264795503 11137397
1777542925275894862 11099359
1777542925287007017 11112155
1777542925298127673 11120656
1777542925309248866 11121193
1777542925320477374 11228508
1777542925331644494 11167120
1777542925342796298 11151804
1777542925353928620 11132322
1777542925365042202 11113582
1777542925376161283 11119081
1777542925387271180 11109897
1777542925398388521 11117341
1777542925409497695 11109174
1777542925420630165 11132470
1777542925431743154 11112989
1777542925442853013 11109859
1777542925453991799 11138786
1777542925465116010 11124211
1777542925476212906 11096896
1777542925487326766 11113860
1777542925498428421 11101655
1777542925509550096 11121675
1777542925520677659 11127563
1777542925531804203 11126544
1777542925542926952 11122749
1777542925554061182 11134230
1777542925565167633 11106451
1777542925576285511 11117878
1777542925587393889 11108378
1777542925598528804 11134915
1777542925609642997 11114193
1777542925620775690 11132693
1777542925631896049 11120359
1777542925643025890 11129841
1777542925654155046 11129156
1777542925665256738 11101692
1777542925676376894 11120156
1777542925687497235 11120341
1777542925698618761 11121526
1777542925709728898 11110137
1777542925720842035 11113137
1777542925731954320 11112285
1777542925743078883 11124563
1777542925754216799 11137916
1777542925765317639 11100840
1777542925776417073 11099434
1777542925787511432 11094359
1777542925798615420 11103988
1777542925809713039 11097619
1777542925820831639 11118600
1777542925831944739 11113100
1777542925843076432 11131693
1777542925854194328 11117896
1777542925865337003 11142675
1777542925876447418 11110415
1777542925887564036 11116618
1777542925898681322 11117286
1777542925909801866 11120544
1777542925920941540 11139674
1777542925932079067 11137527
1777542925943200185 11121118
1777542925954320230 11120045
1777542925965443997 11123767
1777542925976603227 11159230
1777542925987713068 11109841
1777542925998834094 11121026
1777542926009952119 11118025
1777542926021052607 11100488
1777542926032167799 11115192
1777542926043282306 11114507
1777542926054391257 11108951
1777542926065490171 11098914
1777542926076614233 11124062
1777542926087737221 11122988
1777542926098857247 11120026
1777542926109986791 11129544
1777542926121154872 11168081
1777542926132302583 11147711
1777542926143430071 11127488
1777542926154572189 11142118
1777542926165731567 11159378
1777542926177011075 11279508
1777542926188438604 11427529
1777542926199846799 11408195
1777542926211264623 11417824
1777542926222686355 11421732
1777542926234096254 11409899
1777542926245517264 11421010
1777542926256954404 11437140
1777542926268397544 11443140
1777542926279978444 11580900
1777542926291538937 11560493
1777542926303091578 11552641
1777542926314698664 11607086
1777542926326279676 11581012
1777542926337835317 11555641
1777542926349411662 11576345
1777542926361011710 11600048
1777542926372560370 11548660
1777542926384106826 11546456
1777542926395676596 11569770
1777542926407258645 11582049
1777542926418801527 11542882
1777542926430377520 11575993
1777542926441966383 11588863
1777542926453534265 11567882
1777542926465110240 11575975
1777542926476675140 11564900
1777542926488236725 11561585
1777542926499800478 11563753
1777542926511360637 11560159
1777542926522929667 11569030
1777542926534532161 11602494
1777542926546117265 11585104
1777542926557685702 11568437
1777542926569276270 11590568
1777542926580865244 11588974
1777542926592468367 11603123
1777542926604040397 11572030
1777542926615602631 11562234
1777542926627156809 11554178
1777542926638701728 11544919
1777542926650312073 11610345
1777542926661891696 11579623
1777542926673459207 11567511
1777542926685047330 11588123
1777542926696626971 11579641
1777542926708189705 11562734
1777542926719772291 11582586
1777542926731342339 11570048
1777542926742904388 11562049
1777542926754477677 11573289
1777542926766040262 11562585
1777542926777605626 11565364
1777542926789180230 11574604
1777542926800776131 11595901
1777542926812325920 11549789
1777542926823900339 11574419
1777542926835461202 11560863
1777542926847032454 11571252
1777542926858621725 11589271
1777542926870214866 11593141
1777542926881846008 11631142
1777542926893462835 11616827
1777542926905045847 11583012
1777542926916604321 11558474
1777542926928158851 11554530
1777542926939699918 11541067
1777542926951263114 11563196
1777542926962823459 11560345
1777542926974364859 11541400
1777542926985866259 11501400
1777542926997388640 11522381
1777542927008887280 11498640
1777542927020383253 11495973
1777542927031870152 11486899
1777542927043359606 11489454
1777542927054831912 11472306
1777542927066351033 11519121
1777542927077851099 11500066
1777542927089355053 11503954
1777542927100868230 11513177
1777542927112360833 11492603
1777542927123861157 11500324
1777542927135385205 11524048
1777542927146880566 11495361
1777542927158405021 11524455
1777542927169918938 11513917
1777542927181469356 11550418
1777542927193053423 11584067
1777542927204624359 11570936
1777542927216197463 11573104
1777542927227759733 11562270
1777542927239329614 11569881
1777542927250925014 11595400
1777542927262518636 11593622
1777542927274078424 11559788
1777542927285670250 11591826
1777542927297247223 11576973
1777542927308829179 11581956
1777542927320414949 11585770
1777542927331994497 11579548
1777542927343558044 11563547
1777542927355120648 11562604
1777542927366682214 11561566
1777542927378277743 11595529
1777542927389842476 11564733
1777542927401403153 11560677
1777542927412988516 11585363
1777542927424554156 11565640
1777542927436124445 11570289
1777542927447697622 11573177
1777542927459269077 11571455
1777542927470843829 11574752
1777542927482451729 11607900
1777542927494043221 11591492
1777542927505627288 11584067
1777542927517202335 11575047
1777542927528762253 11559918
1777542927540320764 11558511
1777542927551902886 11582122
1777542927563477267 11574381
1777542927575033907 11556640
1777542927586631789 11597882
1777542927598233226 11601437
1777542927609811996 11578770
1777542927621390803 11578807
1777542927632958091 11567288
1777542927644506416 11548325
1777542927656050205 11543789
1777542927667614789 11564584
1777542927679165226 11550437
1777542927690698162 11532936
1777542927702193542 11495380
1777542927713662904 11469362
1777542927725148321 11485417
1777542927736624460 11476139
1777542927748106285 11481825
1777542927759593128 11486843
1777542927771063156 11470028
1777542927782545870 11482714
1777542927794029324 11483454
1777542927805523112 11493788
1777542927817036937 11513825
1777542927828522780 11485843
1777542927840013086 11490306
1777542927851496540 11483454
1777542927862968013 11471473
1777542927874472986 11504973
1777542927885971014 11498028
1777542927897546229 11575215
1777542927909121462 11575233
1777542927920668028 11546566
1777542927932241464 11573436
1777542927943796827 11555363
1777542927955356467 11559640
1777542927966907088 11550621
1777542927978497710 11590622
1777542927990095907 11598197
1777542928001686658 11590751
1777542928013268613 11581955
1777542928024882271 11613658
1777542928036444355 11562084
1777542928048007643 11563288
1777542928059577782 11570139
1777542928071162607 11584825
1777542928082714098 11551491
1777542928094275367 11561269
1777542928105872618 11597251
1777542928117461351 11588733
1777542928129032768 11571417
1777542928140597630 11564862
1777542928152153232 11555602
1777542928163738927 11585695
1777542928175299141 11560214
1777542928186857873 11558732
1777542928198433086 11575213
1777542928210020022 11586936
1777542928221588180 11568158
1777542928233229746 11641566
1777542928244827257 11597511
1777542928256402970 11575713
1777542928267973943 11570973
1777542928279544564 11570621
1777542928291102722 11558158
1777542928302655602 11552880
1777542928314235020 11579418
1777542928325803548 11568528
1777542928337379650 11576102
1777542928348978864 11599214
1777542928360545263 11566399
1777542928372116199 11570936
1777542928383682264 11566065
1777542928395248941 11566677
1777542928406816062 11567121
1777542928418413257 11597195
1777542928430004230 11590973
1777542928441583444 11579214
1777542928453153028 11569584
1777542928464740408 11587380
1777542928476304474 11564066
1777542928487872354 11567880
1777542928499394363 11522009
1777542928510920910 11526547
1777542928522507438 11586528
1777542928534095986 11588548
1777542928545668440 11572454
1777542928557227783 11559343
1777542928568799108 11571325
1777542928580365969 11566861
1777542928591940016 11574047
1777542928603512582 11572566
1777542928615092277 11579695
1777542928626657102 11564825
1777542928638260890 11603788
1777542928649830622 11569732
1777542928661406021 11575399
1777542928673002383 11596362
1777542928684543781 11541398
1777542928696098809 11555028
1777542928707670819 11572010
1777542928719244644 11573825
1777542928730808691 11564047
1777542928742397182 11588491
1777542928753955359 11558177
1777542928765529998 11574639
1777542928777148175 11618177
1777542928788726445 11578270
1777542928800288232 11561787
1777542928811853131 11564899
1777542928823408956 11555825
1777542928834961817 11552861
1777542928846680125 11718308
