1771957566125577535 R2_IDLE_A seconds=60 actions=B_SKELETON
1771957626127500748 SKIP_PROBE_A seconds=60
1771957686129288262 R2_IDLE_B seconds=30 actions=B_SKELETON
1771957716133039114 PROBE_B_START program=low
1771957716135950360 PROBE_B_END program=low
1771957716338613644 PROBE_B_START program=low
1771957716341572316 PROBE_B_END program=low
1771957716544259563 PROBE_B_START program=low
1771957716547133272 PROBE_B_END program=low
1771957716749741833 PROBE_B_START program=low
1771957716752651506 PROBE_B_END program=low
1771957716955180919 PROBE_B_START program=low
1771957716957798257 PROBE_B_END program=low
1771957717160358836 PROBE_B_START program=low
1771957717163219361 PROBE_B_END program=low
1771957717365833625 PROBE_B_START program=low
1771957717368773001 PROBE_B_END program=low
1771957717571514211 PROBE_B_START program=low
1771957717574392587 PROBE_B_END program=low
1771957717776994074 PROBE_B_START program=low
1771957717779891876 PROBE_B_END program=low
1771957717982479529 PROBE_B_START program=low
1771957717985257387 PROBE_B_END program=low
1771957718187913929 PROBE_B_START program=low
1771957718190726101 PROBE_B_END program=low
1771957718393389181 PROBE_B_START program=low
1771957718396303835 PROBE_B_END program=low
1771957718598967247 PROBE_B_START program=low
1771957718601852827 PROBE_B_END program=low
1771957718804496648 PROBE_B_START program=low
1771957718807371116 PROBE_B_END program=low
1771957719009887621 PROBE_B_START program=low
1771957719012552312 PROBE_B_END program=low
1771957719215229650 PROBE_B_START program=low
1771957719218261138 PROBE_B_END program=low
1771957719420983329 PROBE_B_START program=low
1771957719423994390 PROBE_B_END program=low
1771957719626685155 PROBE_B_START program=low
1771957719629631234 PROBE_B_END program=low
1771957719832394851 PROBE_B_START program=low
1771957719835402672 PROBE_B_END program=low
1771957720038095714 PROBE_B_START program=low
1771957720040967127 PROBE_B_END program=low
1771957720243714022 PROBE_B_START program=low
1771957720246703768 PROBE_B_END program=low
1771957720449521681 PROBE_B_START program=low
1771957720452614261 PROBE_B_END program=low
1771957720655365859 PROBE_B_START program=low
1771957720658320939 PROBE_B_END program=low
1771957720861085981 PROBE_B_START program=low
1771957720864105598 PROBE_B_END program=low
1771957721067043512 PROBE_B_START program=low
1771957721070239166 PROBE_B_END program=low
1771957721273156875 PROBE_B_START program=low
1771957721276325085 PROBE_B_END program=low
1771957721479143942 PROBE_B_START program=low
1771957721482075226 PROBE_B_END program=low
1771957721684787694 PROBE_B_START program=low
1771957721687764441 PROBE_B_END program=low
1771957721890425186 PROBE_B_START program=low
1771957721893420766 PROBE_B_END program=low
1771957722096023679 PROBE_B_START program=low
1771957722098714017 PROBE_B_END program=low
1771957722301367115 PROBE_B_START program=low
1771957722304332010 PROBE_B_END program=low
1771957722507103848 PROBE_B_START program=low
1771957722510032817 PROBE_B_END program=low
1771957722712761489 PROBE_B_START program=low
1771957722715717142 PROBE_B_END program=low
1771957722918397981 PROBE_B_START program=low
1771957722921382005 PROBE_B_END program=low
1771957723123992306 PROBE_B_START program=low
1771957723126692182 PROBE_B_END program=low
1771957723329346705 PROBE_B_START program=low
1771957723332354100 PROBE_B_END program=low
1771957723535189846 PROBE_B_START program=low
1771957723538169741 PROBE_B_END program=low
1771957723740922116 PROBE_B_START program=low
1771957723743913085 PROBE_B_END program=low
1771957723946605312 PROBE_B_START program=low
1771957723949580484 PROBE_B_END program=low
1771957724152186174 PROBE_B_START program=low
1771957724154937828 PROBE_B_END program=low
1771957724357646166 PROBE_B_START program=low
1771957724360697616 PROBE_B_END program=low
1771957724563453158 PROBE_B_START program=low
1771957724566413775 PROBE_B_END program=low
1771957724769176095 PROBE_B_START program=low
1771957724772208953 PROBE_B_END program=low
1771957724974957587 PROBE_B_START program=low
1771957724977961723 PROBE_B_END program=low
1771957725180564227 PROBE_B_START program=low
1771957725183262196 PROBE_B_END program=low
1771957725385910589 PROBE_B_START program=low
1771957725388900521 PROBE_B_END program=low
1771957725591672378 PROBE_B_START program=low
1771957725594630439 PROBE_B_END program=low
1771957725797306425 PROBE_B_START program=low
1771957725800313894 PROBE_B_END program=low
1771957726003083065 PROBE_B_START program=low
1771957726006026571 PROBE_B_END program=low
1771957726208621575 PROBE_B_START program=low
1771957726211307247 PROBE_B_END program=low
1771957726413934715 PROBE_B_START program=low
1771957726416924350 PROBE_B_END program=low
1771957726619629781 PROBE_B_START program=low
1771957726622552638 PROBE_B_END program=low
1771957726825257921 PROBE_B_START program=low
1771957726828231075 PROBE_B_END program=low
1771957727031037079 PROBE_B_START program=low
1771957727033979104 PROBE_B_END program=low
1771957727236780719 PROBE_B_START program=low
1771957727239504502 PROBE_B_END program=low
1771957727442233951 PROBE_B_START program=low
1771957727445239865 PROBE_B_END program=low
1771957727647972332 PROBE_B_START program=low
1771957727650948097 PROBE_B_END program=low
1771957727853675676 PROBE_B_START program=low
1771957727856646404 PROBE_B_END program=low
1771957728059381834 PROBE_B_START program=low
1771957728062351859 PROBE_B_END program=low
1771957728265205474 PROBE_B_START program=low
1771957728268199351 PROBE_B_END program=low
1771957728470954892 PROBE_B_START program=low
1771957728473862101 PROBE_B_END program=low
1771957728676604921 PROBE_B_START program=low
1771957728679579741 PROBE_B_END program=low
1771957728882306635 PROBE_B_START program=low
1771957728885297622 PROBE_B_END program=low
1771957729088055774 PROBE_B_START program=low
1771957729091069725 PROBE_B_END program=low
1771957729293862285 PROBE_B_START program=low
1771957729296846253 PROBE_B_END program=low
1771957729499648332 PROBE_B_START program=low
1771957729502654856 PROBE_B_END program=low
1771957729705433064 PROBE_B_START program=low
1771957729708431626 PROBE_B_END program=low
1771957729911165426 PROBE_B_START program=low
1771957729914148154 PROBE_B_END program=low
1771957730116914233 PROBE_B_START program=low
1771957730119918146 PROBE_B_END program=low
1771957730322774410 PROBE_B_START program=low
1771957730325755082 PROBE_B_END program=low
1771957730528542864 PROBE_B_START program=low
1771957730531508518 PROBE_B_END program=low
1771957730734259578 PROBE_B_START program=low
1771957730737188399 PROBE_B_END program=low
1771957730939977218 PROBE_B_START program=low
1771957730943239465 PROBE_B_END program=low
1771957731146047265 PROBE_B_START program=low
1771957731149162512 PROBE_B_END program=low
1771957731351889331 PROBE_B_START program=low
1771957731354668818 PROBE_B_END program=low
1771957731557321433 PROBE_B_START program=low
1771957731560272068 PROBE_B_END program=low
1771957731762934387 PROBE_B_START program=low
1771957731765933782 PROBE_B_END program=low
1771957731968616582 PROBE_B_START program=low
1771957731971584514 PROBE_B_END program=low
1771957732174294054 PROBE_B_START program=low
1771957732177283764 PROBE_B_END program=low
1771957732379841508 PROBE_B_START program=low
1771957732382536291 PROBE_B_END program=low
1771957732585186962 PROBE_B_START program=low
1771957732588178338 PROBE_B_END program=low
1771957732790973935 PROBE_B_START program=low
1771957732793954718 PROBE_B_END program=low
1771957732996627500 PROBE_B_START program=low
1771957732999621283 PROBE_B_END program=low
1771957733202315769 PROBE_B_START program=low
1771957733205329571 PROBE_B_END program=low
1771957733407883648 PROBE_B_START program=low
1771957733410563024 PROBE_B_END program=low
1771957733613229787 PROBE_B_START program=low
1771957733616216293 PROBE_B_END program=low
1771957733818927111 PROBE_B_START program=low
1771957733821857747 PROBE_B_END program=low
1771957734024572917 PROBE_B_START program=low
1771957734027547978 PROBE_B_END program=low
1771957734230240019 PROBE_B_START program=low
1771957734233214395 PROBE_B_END program=low
1771957734435810602 PROBE_B_START program=low
1771957734438513182 PROBE_B_END program=low
1771957734641167926 PROBE_B_START program=low
1771957734644130450 PROBE_B_END program=low
1771957734846828417 PROBE_B_START program=low
1771957734849790682 PROBE_B_END program=low
1771957735052504649 PROBE_B_START program=low
1771957735055458358 PROBE_B_END program=low
1771957735258202825 PROBE_B_START program=low
1771957735261181016 PROBE_B_END program=low
1771957735463924464 PROBE_B_START program=low
1771957735466901932 PROBE_B_END program=low
1771957735669553639 PROBE_B_START program=low
1771957735672419275 PROBE_B_END program=low
1771957735875098130 PROBE_B_START program=low
1771957735878046154 PROBE_B_END program=low
1771957736080751399 PROBE_B_START program=low
1771957736083724941 PROBE_B_END program=low
1771957736286428648 PROBE_B_START program=low
1771957736289379099 PROBE_B_END program=low
1771957736492200158 PROBE_B_START program=low
1771957736495189071 PROBE_B_END program=low
1771957736697950649 PROBE_B_START program=low
1771957736700945673 PROBE_B_END program=low
1771957736903699195 PROBE_B_START program=low
1771957736906630053 PROBE_B_END program=low
1771957737109348723 PROBE_B_START program=low
1771957737112336377 PROBE_B_END program=low
1771957737315094398 PROBE_B_START program=low
1771957737318068793 PROBE_B_END program=low
1771957737520895334 PROBE_B_START program=low
1771957737523888877 PROBE_B_END program=low
1771957737726578102 PROBE_B_START program=low
1771957737729559423 PROBE_B_END program=low
1771957737932253222 PROBE_B_START program=low
1771957737935266858 PROBE_B_END program=low
1771957738137972139 PROBE_B_START program=low
1771957738140971996 PROBE_B_END program=low
1771957738343728407 PROBE_B_START program=low
1771957738346664339 PROBE_B_END program=low
1771957738549491213 PROBE_B_START program=low
1771957738552564589 PROBE_B_END program=low
1771957738755143684 PROBE_B_START program=low
1771957738757805504 PROBE_B_END program=low
1771957738960438730 PROBE_B_START program=low
1771957738963398069 PROBE_B_END program=low
1771957739166121127 PROBE_B_START program=low
1771957739169090318 PROBE_B_END program=low
1771957739371845544 PROBE_B_START program=low
1771957739374803105 PROBE_B_END program=low
1771957739577610682 PROBE_B_START program=low
1771957739580635966 PROBE_B_END program=low
1771957739783365303 PROBE_B_START program=low
1771957739786310771 PROBE_B_END program=low
1771957739988991700 PROBE_B_START program=low
1771957739991954447 PROBE_B_END program=low
1771957740194712931 PROBE_B_START program=low
1771957740197671585 PROBE_B_END program=low
1771957740400410736 PROBE_B_START program=low
1771957740403377483 PROBE_B_END program=low
1771957740606149375 PROBE_B_START program=low
1771957740609176103 PROBE_B_END program=low
1771957740812124014 PROBE_B_START program=low
1771957740815409983 PROBE_B_END program=low
1771957741018409116 PROBE_B_START program=low
1771957741021487104 PROBE_B_END program=low
1771957741224223125 PROBE_B_START program=low
1771957741227178001 PROBE_B_END program=low
1771957741429896708 PROBE_B_START program=low
1771957741432863047 PROBE_B_END program=low
1771957741635581364 PROBE_B_START program=low
1771957741638382481 PROBE_B_END program=low
1771957741841047965 PROBE_B_START program=low
1771957741844008045 PROBE_B_END program=low
1771957742046708826 PROBE_B_START program=low
1771957742049672591 PROBE_B_END program=low
1771957742252370464 PROBE_B_START program=low
1771957742255324877 PROBE_B_END program=low
1771957742458030176 PROBE_B_START program=low
1771957742461010756 PROBE_B_END program=low
1771957742664127463 PROBE_B_START program=low
1771957742667134617 PROBE_B_END program=low
1771957742869655360 PROBE_B_START program=low
1771957742872371551 PROBE_B_END program=low
1771957743075066776 PROBE_B_START program=low
1771957743078008392 PROBE_B_END program=low
1771957743280705580 PROBE_B_START program=low
1771957743283643104 PROBE_B_END program=low
1771957743486341107 PROBE_B_START program=low
1771957743489312187 PROBE_B_END program=low
1771957743692063245 PROBE_B_START program=low
1771957743695364159 PROBE_B_END program=low
1771957743898020143 PROBE_B_START program=low
1771957743900732963 PROBE_B_END program=low
1771957744103387317 PROBE_B_START program=low
1771957744106317045 PROBE_B_END program=low
1771957744309069696 PROBE_B_START program=low
1771957744312086331 PROBE_B_END program=low
1771957744514805315 PROBE_B_START program=low
1771957744517701117 PROBE_B_END program=low
1771957744724884980 PROBE_B_START program=low
1771957744728410191 PROBE_B_END program=low
1771957744931272582 PROBE_B_START program=low
1771957744934226681 PROBE_B_END program=low
1771957745136984387 PROBE_B_START program=low
1771957745139975244 PROBE_B_END program=low
1771957745342733488 PROBE_B_START program=low
1771957745345732586 PROBE_B_END program=low
1771957745548445626 PROBE_B_START program=low
1771957745551445187 PROBE_B_END program=low
1771957745754258467 PROBE_B_START program=low
1771957745757339214 PROBE_B_END program=low
1771957745960135180 PROBE_B_START program=low
1771957745963134074 PROBE_B_END program=low
1771957746165848373 PROBE_B_START program=low
1771957746168781360 PROBE_B_END program=low
1771957746371525177 PROBE_B_START program=low
1771957746374490701 PROBE_B_END program=low
1771957746577274204 PROBE_B_START program=low
1771957746580250191 PROBE_B_END program=low
1771957746784832493 PROBE_B_START program=low
1771957746787854888 PROBE_B_END program=low
1771957746990409557 PROBE_B_START program=low
1771957746993116617 PROBE_B_END program=low
1771957747195797249 PROBE_B_START program=low
1771957747198779051 PROBE_B_END program=low
1771957747401592887 PROBE_B_START program=low
1771957747404602522 PROBE_B_END program=low
1771957747607377710 PROBE_B_START program=low
1771957747610290567 PROBE_B_END program=low
1771957747813119829 PROBE_B_START program=low
1771957747816183465 PROBE_B_END program=low
1771957748018825522 PROBE_B_START program=low
1771957748021649398 PROBE_B_END program=low
1771957748224342437 PROBE_B_START program=low
1771957748227297591 PROBE_B_END program=low
1771957748430011093 PROBE_B_START program=low
1771957748433022988 PROBE_B_END program=low
1771957748635735156 PROBE_B_START program=low
1771957748638722755 PROBE_B_END program=low
1771957748841842091 PROBE_B_START program=low
1771957748845206968 PROBE_B_END program=low
1771957749048024359 PROBE_B_START program=low
1771957749051026606 PROBE_B_END program=low
1771957749253699941 PROBE_B_START program=low
1771957749256693854 PROBE_B_END program=low
1771957749459419078 PROBE_B_START program=low
1771957749462382806 PROBE_B_END program=low
1771957749665156401 PROBE_B_START program=low
1771957749668302981 PROBE_B_END program=low
1771957749871877633 PROBE_B_START program=low
1771957749875815048 PROBE_B_END program=low
1771957750078667772 PROBE_B_START program=low
1771957750081626463 PROBE_B_END program=low
1771957750284364594 PROBE_B_START program=low
1771957750287323026 PROBE_B_END program=low
1771957750490017732 PROBE_B_START program=low
1771957750493006645 PROBE_B_END program=low
1771957750695721554 PROBE_B_START program=low
1771957750698720264 PROBE_B_END program=low
1771957750901775062 PROBE_B_START program=low
1771957750905482551 PROBE_B_END program=low
1771957751108374683 PROBE_B_START program=low
1771957751111345262 PROBE_B_END program=low
1771957751314092227 PROBE_B_START program=low
1771957751317113048 PROBE_B_END program=low
1771957751519853031 PROBE_B_START program=low
1771957751522808111 PROBE_B_END program=low
1771957751725526557 PROBE_B_START program=low
1771957751728551100 PROBE_B_END program=low
1771957751931678788 PROBE_B_START program=low
1771957751936010759 PROBE_B_END program=low
1771957752138902483 PROBE_B_START program=low
1771957752141870045 PROBE_B_END program=low
1771957752344604083 PROBE_B_START program=low
1771957752347612330 PROBE_B_END program=low
1771957752550371146 PROBE_B_START program=low
1771957752553361356 PROBE_B_END program=low
1771957752756132117 PROBE_B_START program=low
1771957752759139585 PROBE_B_END program=low
1771957752962256347 PROBE_B_START program=low
1771957752966153632 PROBE_B_END program=low
1771957753169065653 PROBE_B_START program=low
1771957753172101529 PROBE_B_END program=low
1771957753374802919 PROBE_B_START program=low
1771957753377766536 PROBE_B_END program=low
1771957753580552945 PROBE_B_START program=low
1771957753583545377 PROBE_B_END program=low
1771957753786299601 PROBE_B_START program=low
1771957753789302996 PROBE_B_END program=low
1771957753992035127 PROBE_B_START program=low
1771957753995600745 PROBE_B_END program=low
1771957754198703043 PROBE_B_START program=low
1771957754201666956 PROBE_B_END program=low
1771957754404394587 PROBE_B_START program=low
1771957754407407982 PROBE_B_END program=low
1771957754610171243 PROBE_B_START program=low
1771957754613175545 PROBE_B_END program=low
1771957754815921861 PROBE_B_START program=low
1771957754818878219 PROBE_B_END program=low
1771957755021595387 PROBE_B_START program=low
1771957755024587337 PROBE_B_END program=low
1771957755227384561 PROBE_B_START program=low
1771957755230370900 PROBE_B_END program=low
1771957755433079882 PROBE_B_START program=low
1771957755436102870 PROBE_B_END program=low
1771957755638822519 PROBE_B_START program=low
1771957755641755858 PROBE_B_END program=low
1771957755844496267 PROBE_B_START program=low
1771957755847505773 PROBE_B_END program=low
1771957756050275293 PROBE_B_START program=low
1771957756053311409 PROBE_B_END program=low
1771957756255939966 PROBE_B_START program=low
1771957756258642416 PROBE_B_END program=low
1771957756461222213 PROBE_B_START program=low
1771957756464095737 PROBE_B_END program=low
1771957756666735127 PROBE_B_START program=low
1771957756669634281 PROBE_B_END program=low
1771957756872290096 PROBE_B_START program=low
1771957756875136509 PROBE_B_END program=low
1771957757077765399 PROBE_B_START program=low
1771957757080652108 PROBE_B_END program=low
1771957757283261498 PROBE_B_START program=low
1771957757286028078 PROBE_B_END program=low
1771957757488629615 PROBE_B_START program=low
1771957757491521269 PROBE_B_END program=low
1771957757694159881 PROBE_B_START program=low
1771957757697099128 PROBE_B_END program=low
1771957757899765517 PROBE_B_START program=low
1771957757902629078 PROBE_B_END program=low
1771957758105240042 PROBE_B_START program=low
1771957758108183400 PROBE_B_END program=low
1771957758310710993 PROBE_B_START program=low
1771957758313395424 PROBE_B_END program=low
1771957758516077388 PROBE_B_START program=low
1771957758519041116 PROBE_B_END program=low
1771957758721755895 PROBE_B_START program=low
1771957758724767974 PROBE_B_END program=low
1771957758927478864 PROBE_B_START program=low
1771957758930528889 PROBE_B_END program=low
1771957759133416001 PROBE_B_START program=low
1771957759136641970 PROBE_B_END program=low
1771957759339430953 PROBE_B_START program=low
1771957759342457181 PROBE_B_END program=low
1771957759545218422 PROBE_B_START program=low
1771957759548222298 PROBE_B_END program=low
1771957759750975633 PROBE_B_START program=low
1771957759753954916 PROBE_B_END program=low
1771957759956665899 PROBE_B_START program=low
1771957759959637830 PROBE_B_END program=low
1771957760162331220 PROBE_B_START program=low
1771957760165270152 PROBE_B_END program=low
1771957760367992023 PROBE_B_START program=low
1771957760370983547 PROBE_B_END program=low
1771957760573736029 PROBE_B_START program=low
1771957760576712035 PROBE_B_END program=low
1771957760779422443 PROBE_B_START program=low
1771957760782393097 PROBE_B_END program=low
1771957760985136283 PROBE_B_START program=low
1771957760988138270 PROBE_B_END program=low
1771957761190831919 PROBE_B_START program=low
1771957761193801869 PROBE_B_END program=low
1771957761396512203 PROBE_B_START program=low
1771957761399521912 PROBE_B_END program=low
1771957761602310617 PROBE_B_START program=low
1771957761605319400 PROBE_B_END program=low
1771957761808019994 PROBE_B_START program=low
1771957761811028388 PROBE_B_END program=low
1771957762013745685 PROBE_B_START program=low
1771957762016744117 PROBE_B_END program=low
1771957762219479710 PROBE_B_START program=low
1771957762222420734 PROBE_B_END program=low
1771957762425207420 PROBE_B_START program=low
1771957762428243685 PROBE_B_END program=low
1771957762631000500 PROBE_B_START program=low
1771957762633951321 PROBE_B_END program=low
1771957762836642247 PROBE_B_START program=low
1771957762839621660 PROBE_B_END program=low
1771957763042299142 PROBE_B_START program=low
1771957763045246889 PROBE_B_END program=low
1771957763247984297 PROBE_B_START program=low
1771957763250973710 PROBE_B_END program=low
1771957763453771118 PROBE_B_START program=low
1771957763456781160 PROBE_B_END program=low
1771957763659483994 PROBE_B_START program=low
1771957763662405055 PROBE_B_END program=low
1771957763865110445 PROBE_B_START program=low
1771957763868123358 PROBE_B_END program=low
1771957764070815988 PROBE_B_START program=low
1771957764073766919 PROBE_B_END program=low
1771957764276489827 PROBE_B_START program=low
1771957764279502740 PROBE_B_END program=low
1771957764482177518 PROBE_B_START program=low
1771957764485040394 PROBE_B_END program=low
1771957764687722654 PROBE_B_START program=low
1771957764690689141 PROBE_B_END program=low
1771957764893420586 PROBE_B_START program=low
1771957764896439499 PROBE_B_END program=low
1771957765099162555 PROBE_B_START program=low
1771957765102137116 PROBE_B_END program=low
1771957765304896375 PROBE_B_START program=low
1771957765307906418 PROBE_B_END program=low
1771957765510671733 PROBE_B_START program=low
1771957765513395794 PROBE_B_END program=low
1771957765716102646 PROBE_B_START program=low
1771957765719086726 PROBE_B_END program=low
1771957765921799874 PROBE_B_START program=low
1771957765924789084 PROBE_B_END program=low
1771957766127488102 PROBE_B_START program=low
1771957766130434349 PROBE_B_END program=low
1771957766333172756 PROBE_B_START program=low
1771957766336164373 PROBE_B_END program=low
1771957766538889095 PROBE_B_START program=low
1771957766541860805 PROBE_B_END program=low
1771957766744552619 PROBE_B_START program=low
1771957766747521366 PROBE_B_END program=low
1771957766950190514 PROBE_B_START program=low
1771957766953160372 PROBE_B_END program=low
1771957767155891927 PROBE_B_START program=low
1771957767158807488 PROBE_B_END program=low
1771957767361552266 PROBE_B_START program=low
1771957767364647328 PROBE_B_END program=low
1771957767567358420 PROBE_B_START program=low
1771957767570164537 PROBE_B_END program=low
1771957767772823296 PROBE_B_START program=low
1771957767775801061 PROBE_B_END program=low
1771957767978522375 PROBE_B_START program=low
1771957767981516511 PROBE_B_END program=low
1771957768184314418 PROBE_B_START program=low
1771957768187301202 PROBE_B_END program=low
1771957768390078646 PROBE_B_START program=low
1771957768393074596 PROBE_B_END program=low
1771957768595865763 PROBE_B_START program=low
1771957768598862973 PROBE_B_END program=low
1771957768801738973 PROBE_B_START program=low
1771957768804972146 PROBE_B_END program=low
1771957769007863405 PROBE_B_START program=low
1771957769010903022 PROBE_B_END program=low
1771957769213638911 PROBE_B_START program=low
1771957769216558694 PROBE_B_END program=low
1771957769419241101 PROBE_B_START program=low
1771957769422152644 PROBE_B_END program=low
1771957769624901403 PROBE_B_START program=low
1771957769627882538 PROBE_B_END program=low
1771957769830608778 PROBE_B_START program=low
1771957769833576340 PROBE_B_END program=low
1771957770036255043 PROBE_B_START program=low
1771957770039229234 PROBE_B_END program=low
1771957770241965623 PROBE_B_START program=low
1771957770244937591 PROBE_B_END program=low
1771957770447722276 PROBE_B_START program=low
1771957770450690837 PROBE_B_END program=low
1771957770653418745 PROBE_B_START program=low
1771957770656402676 PROBE_B_END program=low
1771957770859169139 PROBE_B_START program=low
1771957770862139552 PROBE_B_END program=low
1771957771064839589 PROBE_B_START program=low
1771957771067833409 PROBE_B_END program=low
1771957771270497797 PROBE_B_START program=low
1771957771273514933 PROBE_B_END program=low
1771957771476260192 PROBE_B_START program=low
1771957771479281623 PROBE_B_END program=low
1771957771681946401 PROBE_B_START program=low
1771957771684749925 PROBE_B_END program=low
1771957771887456035 PROBE_B_START program=low
1771957771890419096 PROBE_B_END program=low
1771957772093115096 PROBE_B_START program=low
1771957772096112972 PROBE_B_END program=low
1771957772298797453 PROBE_B_START program=low
1771957772301739070 PROBE_B_END program=low
1771957772504468958 PROBE_B_START program=low
1771957772507510538 PROBE_B_END program=low
1771957772710119648 PROBE_B_START program=low
1771957772712827746 PROBE_B_END program=low
1771957772915472079 PROBE_B_START program=low
1771957772918388529 PROBE_B_END program=low
1771957773121090102 PROBE_B_START program=low
1771957773124080885 PROBE_B_END program=low
1771957773326778459 PROBE_B_START program=low
1771957773329758409 PROBE_B_END program=low
1771957773532461945 PROBE_B_START program=low
1771957773535482192 PROBE_B_END program=low
1771957773738087339 PROBE_B_START program=low
1771957773740917956 PROBE_B_END program=low
1771957773943650659 PROBE_B_START program=low
1771957773946619387 PROBE_B_END program=low
1771957774149328867 PROBE_B_START program=low
1771957774152323614 PROBE_B_END program=low
1771957774355062020 PROBE_B_START program=low
1771957774358015007 PROBE_B_END program=low
1771957774560692562 PROBE_B_START program=low
1771957774563662420 PROBE_B_END program=low
1771957774766318419 PROBE_B_START program=low
1771957774769180054 PROBE_B_END program=low
1771957774971880905 PROBE_B_START program=low
1771957774974846336 PROBE_B_END program=low
1771957775177565558 PROBE_B_START program=low
1771957775180541619 PROBE_B_END program=low
1771957775383277877 PROBE_B_START program=low
1771957775386273365 PROBE_B_END program=low
1771957775589056956 PROBE_B_START program=low
1771957775592086277 PROBE_B_END program=low
1771957775794634850 PROBE_B_START program=low
1771957775797297651 PROBE_B_END program=low
1771957775999962706 PROBE_B_START program=low
1771957776002964415 PROBE_B_END program=low
1771957776205690600 R2_IDLE_C seconds=30 actions=B_SKELETON
1771957806207622423 SKIP_PROBE_C seconds=60
