1770408974218818469 R2_IDLE_A seconds=20
1770408994222765131 PROBE_A_START program=HIGH
1770408994234867847 PROBE_A_END program=HIGH
1770408994437740579 PROBE_A_START program=HIGH
1770408994449834813 PROBE_A_END program=HIGH
1770408994652677379 PROBE_A_START program=HIGH
1770408994665674282 PROBE_A_END program=HIGH
1770408994868494828 PROBE_A_START program=HIGH
1770408994881560269 PROBE_A_END program=HIGH
1770408995084507612 PROBE_A_START program=HIGH
1770408995098343221 PROBE_A_END program=HIGH
1770408995301166971 PROBE_A_START program=HIGH
1770408995313367335 PROBE_A_END program=HIGH
1770408995516254993 PROBE_A_START program=HIGH
1770408995529327748 PROBE_A_END program=HIGH
1770408995732159999 PROBE_A_START program=HIGH
1770408995745130531 PROBE_A_END program=HIGH
1770408995947974874 PROBE_A_START program=HIGH
1770408995960126201 PROBE_A_END program=HIGH
1770408996162959026 PROBE_A_START program=HIGH
1770408996176031077 PROBE_A_END program=HIGH
1770408996378839883 PROBE_A_START program=HIGH
1770408996390893728 PROBE_A_END program=HIGH
1770408996593757071 PROBE_A_START program=HIGH
1770408996606703122 PROBE_A_END program=HIGH
1770408996809532428 PROBE_A_START program=HIGH
1770408996822143312 PROBE_A_END program=HIGH
1770408997025182248 PROBE_A_START program=HIGH
1770408997037497908 PROBE_A_END program=HIGH
1770408997240273029 PROBE_A_START program=HIGH
1770408997253347969 PROBE_A_END program=HIGH
1770408997456215905 PROBE_A_START program=HIGH
1770408997468390250 PROBE_A_END program=HIGH
1770408997671216649 PROBE_A_START program=HIGH
1770408997683323235 PROBE_A_END program=HIGH
1770408997886179726 PROBE_A_START program=HIGH
1770408997899139629 PROBE_A_END program=HIGH
1770408998102039620 PROBE_A_START program=HIGH
1770408998114103391 PROBE_A_END program=HIGH
1770408998317013012 PROBE_A_START program=HIGH
1770408998330061915 PROBE_A_END program=HIGH
1770408998532991925 PROBE_A_START program=HIGH
1770408998545234789 PROBE_A_END program=HIGH
1770408998748115984 PROBE_A_START program=HIGH
1770408998760875868 PROBE_A_END program=HIGH
1770408998963680173 PROBE_A_START program=HIGH
1770408998975848371 PROBE_A_END program=HIGH
1770408999178677010 PROBE_A_START program=HIGH
1770408999190826522 PROBE_A_END program=HIGH
1770408999393673957 PROBE_A_START program=HIGH
1770408999405832988 PROBE_A_END program=HIGH
1770408999608683793 PROBE_A_START program=HIGH
1770408999621685678 PROBE_A_END program=HIGH
1770408999824518021 PROBE_A_START program=HIGH
1770408999836715700 PROBE_A_END program=HIGH
1770409000039584024 PROBE_A_START program=HIGH
1770409000051782647 PROBE_A_END program=HIGH
1770409000254636490 PROBE_A_START program=HIGH
1770409000267747134 PROBE_A_END program=HIGH
1770409000470623217 PROBE_A_START program=HIGH
1770409000482821563 PROBE_A_END program=HIGH
1770409000685675832 PROBE_A_START program=HIGH
1770409000698655327 PROBE_A_END program=HIGH
1770409000901366596 PROBE_A_START program=HIGH
1770409000914433573 PROBE_A_END program=HIGH
1770409001117286786 PROBE_A_START program=HIGH
1770409001130233892 PROBE_A_END program=HIGH
1770409001332984216 PROBE_A_START program=HIGH
1770409001345663674 PROBE_A_END program=HIGH
1770409001548481665 PROBE_A_START program=HIGH
1770409001560627436 PROBE_A_END program=HIGH
1770409001763516260 PROBE_A_START program=HIGH
1770409001776588256 PROBE_A_END program=HIGH
1770409001979338062 PROBE_A_START program=HIGH
1770409001991834852 PROBE_A_END program=HIGH
1770409002194629639 PROBE_A_START program=HIGH
1770409002207673542 PROBE_A_END program=HIGH
1770409002410486903 PROBE_A_START program=HIGH
1770409002424254345 PROBE_A_END program=HIGH
1770409002627106058 PROBE_A_START program=HIGH
1770409002639740646 PROBE_A_END program=HIGH
1770409002842508470 PROBE_A_START program=HIGH
1770409002855550558 PROBE_A_END program=HIGH
1770409003058359512 PROBE_A_START program=HIGH
1770409003071324359 PROBE_A_END program=HIGH
1770409003274160776 PROBE_A_START program=HIGH
1770409003287158271 PROBE_A_END program=HIGH
1770409003489909688 PROBE_A_START program=HIGH
1770409003502511052 PROBE_A_END program=HIGH
1770409003705224617 PROBE_A_START program=HIGH
1770409003716854905 PROBE_A_END program=HIGH
1770409003919563599 PROBE_A_START program=HIGH
1770409003932143242 PROBE_A_END program=HIGH
1770409004134926640 PROBE_A_START program=HIGH
1770409004147057300 PROBE_A_END program=HIGH
1770409004349823865 PROBE_A_START program=HIGH
1770409004363615603 PROBE_A_END program=HIGH
1770409004566460390 PROBE_A_START program=HIGH
1770409004578611068 PROBE_A_END program=HIGH
1770409004781449078 PROBE_A_START program=HIGH
1770409004794438981 PROBE_A_END program=HIGH
1770409004997323971 PROBE_A_START program=HIGH
1770409005010458652 PROBE_A_END program=HIGH
1770409005213348995 PROBE_A_START program=HIGH
1770409005225530914 PROBE_A_END program=HIGH
1770409005428460683 PROBE_A_START program=HIGH
1770409005441624883 PROBE_A_END program=HIGH
1770409005644557892 PROBE_A_START program=HIGH
1770409005656664719 PROBE_A_END program=HIGH
1770409005859569765 PROBE_A_START program=HIGH
1770409005871786814 PROBE_A_END program=HIGH
1770409006074660582 PROBE_A_START program=HIGH
1770409006086758298 PROBE_A_END program=HIGH
1770409006289651196 PROBE_A_START program=HIGH
1770409006303523897 PROBE_A_END program=HIGH
1770409006506480703 PROBE_A_START program=HIGH
1770409006519623199 PROBE_A_END program=HIGH
1770409006722524079 PROBE_A_START program=HIGH
1770409006735525759 PROBE_A_END program=HIGH
1770409006938415713 PROBE_A_START program=HIGH
1770409006950591318 PROBE_A_END program=HIGH
1770409007153491623 PROBE_A_START program=HIGH
1770409007166583600 PROBE_A_END program=HIGH
1770409007369492220 PROBE_A_START program=HIGH
1770409007381708362 PROBE_A_END program=HIGH
1770409007584635594 PROBE_A_START program=HIGH
1770409007596868717 PROBE_A_END program=HIGH
1770409007799777967 PROBE_A_START program=HIGH
1770409007812678870 PROBE_A_END program=HIGH
1770409008015576231 PROBE_A_START program=HIGH
1770409008028701708 PROBE_A_END program=HIGH
1770409008231591587 PROBE_A_START program=HIGH
1770409008244811824 PROBE_A_END program=HIGH
1770409008447718537 PROBE_A_START program=HIGH
1770409008460799533 PROBE_A_END program=HIGH
1770409008663671949 PROBE_A_START program=HIGH
1770409008676852630 PROBE_A_END program=HIGH
1770409008879696547 PROBE_A_START program=HIGH
1770409008892837246 PROBE_A_END program=HIGH
1770409009095696366 PROBE_A_START program=HIGH
1770409009108636676 PROBE_A_END program=HIGH
1770409009311451019 PROBE_A_START program=HIGH
1770409009323663123 PROBE_A_END program=HIGH
1770409009526545447 PROBE_A_START program=HIGH
1770409009538696366 PROBE_A_END program=HIGH
1770409009741489690 PROBE_A_START program=HIGH
1770409009754090518 PROBE_A_END program=HIGH
1770409009956968360 PROBE_A_START program=HIGH
1770409009969812929 PROBE_A_END program=HIGH
1770409010172682586 PROBE_A_START program=HIGH
1770409010185796212 PROBE_A_END program=HIGH
1770409010388630906 PROBE_A_START program=HIGH
1770409010401753568 PROBE_A_END program=HIGH
1770409010604611836 PROBE_A_START program=HIGH
1770409010617770166 PROBE_A_END program=HIGH
1770409010820620989 PROBE_A_START program=HIGH
1770409010833777226 PROBE_A_END program=HIGH
1770409011036627179 PROBE_A_START program=HIGH
1770409011048774765 PROBE_A_END program=HIGH
1770409011251622126 PROBE_A_START program=HIGH
1770409011264706084 PROBE_A_END program=HIGH
1770409011467584408 PROBE_A_START program=HIGH
1770409011480705941 PROBE_A_END program=HIGH
1770409011683737617 PROBE_A_START program=HIGH
1770409011697598448 PROBE_A_END program=HIGH
1770409011900345178 PROBE_A_START program=HIGH
1770409011913398952 PROBE_A_END program=HIGH
1770409012116229349 PROBE_A_START program=HIGH
1770409012129325123 PROBE_A_END program=HIGH
1770409012332144557 PROBE_A_START program=HIGH
1770409012345067682 PROBE_A_END program=HIGH
1770409012547951691 PROBE_A_START program=HIGH
1770409012560966539 PROBE_A_END program=HIGH
1770409012763856418 PROBE_A_START program=HIGH
1770409012776898265 PROBE_A_END program=HIGH
1770409012979757811 PROBE_A_START program=HIGH
1770409012992729510 PROBE_A_END program=HIGH
1770409013195570556 PROBE_A_START program=HIGH
1770409013208754941 PROBE_A_END program=HIGH
1770409013411578745 PROBE_A_START program=HIGH
1770409013426206264 PROBE_A_END program=HIGH
1770409013629113643 PROBE_A_START program=HIGH
1770409013642121231 PROBE_A_END program=HIGH
1770409013845035517 PROBE_A_START program=HIGH
1770409013857203140 PROBE_A_END program=HIGH
1770409014060110927 PROBE_A_START program=HIGH
1770409014072250661 PROBE_A_END program=HIGH
1770409014275067855 PROBE_A_START program=HIGH
1770409014288016554 PROBE_A_END program=HIGH
1770409014490882766 PROBE_A_START program=HIGH
1770409014503104519 PROBE_A_END program=HIGH
1770409014705950324 PROBE_A_START program=HIGH
1770409014718102724 PROBE_A_END program=HIGH
1770409014920961677 PROBE_A_START program=HIGH
1770409014933134856 PROBE_A_END program=HIGH
1770409015135964494 PROBE_A_START program=HIGH
1770409015148169821 PROBE_A_END program=HIGH
1770409015350979589 PROBE_A_START program=HIGH
1770409015364907716 PROBE_A_END program=HIGH
1770409015568106818 PROBE_A_START program=HIGH
1770409015581301833 PROBE_A_END program=HIGH
1770409015784166434 PROBE_A_START program=HIGH
1770409015796326316 PROBE_A_END program=HIGH
1770409015999270232 PROBE_A_START program=HIGH
1770409016012290691 PROBE_A_END program=HIGH
1770409016215198940 PROBE_A_START program=HIGH
1770409016228381658 PROBE_A_END program=HIGH
1770409016431278981 PROBE_A_START program=HIGH
1770409016445673129 PROBE_A_END program=HIGH
1770409016648580193 PROBE_A_START program=HIGH
1770409016661657929 PROBE_A_END program=HIGH
1770409016864575864 PROBE_A_START program=HIGH
1770409016877573915 PROBE_A_END program=HIGH
1770409017080486868 PROBE_A_START program=HIGH
1770409017093453252 PROBE_A_END program=HIGH
1770409017296444594 PROBE_A_START program=HIGH
1770409017309626997 PROBE_A_END program=HIGH
1770409017512536969 PROBE_A_START program=HIGH
1770409017524811500 PROBE_A_END program=HIGH
1770409017727728823 PROBE_A_START program=HIGH
1770409017740769096 PROBE_A_END program=HIGH
1770409017943637660 PROBE_A_START program=HIGH
1770409017956679767 PROBE_A_END program=HIGH
1770409018159581238 PROBE_A_START program=HIGH
1770409018171803417 PROBE_A_END program=HIGH
1770409018374683629 PROBE_A_START program=HIGH
1770409018386811104 PROBE_A_END program=HIGH
1770409018589765909 PROBE_A_START program=HIGH
1770409018601987514 PROBE_A_END program=HIGH
1770409018804935744 PROBE_A_START program=HIGH
1770409018818075425 PROBE_A_END program=HIGH
1770409019021010934 PROBE_A_START program=HIGH
1770409019033990577 PROBE_A_END program=HIGH
1770409019236885512 PROBE_A_START program=HIGH
1770409019249923841 PROBE_A_END program=HIGH
1770409019452776071 PROBE_A_START program=HIGH
1770409019465814733 PROBE_A_END program=HIGH
1770409019668730056 PROBE_A_START program=HIGH
1770409019681681793 PROBE_A_END program=HIGH
1770409019884609542 PROBE_A_START program=HIGH
1770409019897714760 PROBE_A_END program=HIGH
1770409020100639713 PROBE_A_START program=HIGH
1770409020112802558 PROBE_A_END program=HIGH
1770409020315754085 PROBE_A_START program=HIGH
1770409020327989875 PROBE_A_END program=HIGH
1770409020530924642 PROBE_A_START program=HIGH
1770409020543200673 PROBE_A_END program=HIGH
1770409020746050477 PROBE_A_START program=HIGH
1770409020757818822 PROBE_A_END program=HIGH
1770409020960772034 PROBE_A_START program=HIGH
1770409020974311901 PROBE_A_END program=HIGH
1770409021177226687 PROBE_A_START program=HIGH
1770409021190201756 PROBE_A_END program=HIGH
1770409021393124654 PROBE_A_START program=HIGH
1770409021405285684 PROBE_A_END program=HIGH
1770409021608249970 PROBE_A_START program=HIGH
1770409021620349130 PROBE_A_END program=HIGH
1770409021823258935 PROBE_A_START program=HIGH
1770409021836290986 PROBE_A_END program=HIGH
1770409022039116864 PROBE_A_START program=HIGH
1770409022051593506 PROBE_A_END program=HIGH
1770409022254441107 PROBE_A_START program=HIGH
1770409022267533177 PROBE_A_END program=HIGH
1770409022470473722 PROBE_A_START program=HIGH
1770409022483600366 PROBE_A_END program=HIGH
1770409022686472411 PROBE_A_START program=HIGH
1770409022700212742 PROBE_A_END program=HIGH
1770409022903140046 PROBE_A_START program=HIGH
1770409022915293725 PROBE_A_END program=HIGH
1770409023118274418 PROBE_A_START program=HIGH
1770409023131380414 PROBE_A_END program=HIGH
1770409023334321293 PROBE_A_START program=HIGH
1770409023347241658 PROBE_A_END program=HIGH
1770409023550221444 PROBE_A_START program=HIGH
1770409023563402514 PROBE_A_END program=HIGH
1770409023766339245 PROBE_A_START program=HIGH
1770409023779399592 PROBE_A_END program=HIGH
1770409023982334730 PROBE_A_START program=HIGH
1770409023994558298 PROBE_A_END program=HIGH
1770409024197474621 PROBE_A_START program=HIGH
1770409024209709522 PROBE_A_END program=HIGH
1770409024412587993 PROBE_A_START program=HIGH
1770409024424841171 PROBE_A_END program=HIGH
1770409024627895920 PROBE_A_START program=HIGH
1770409024641148176 PROBE_A_END program=HIGH
1770409024844028721 PROBE_A_START program=HIGH
1770409024857036698 PROBE_A_END program=HIGH
1770409025059950687 PROBE_A_START program=HIGH
1770409025072136181 PROBE_A_END program=HIGH
1770409025275016411 PROBE_A_START program=HIGH
1770409025287262812 PROBE_A_END program=HIGH
1770409025490173468 PROBE_A_START program=HIGH
1770409025503509612 PROBE_A_END program=HIGH
1770409025706412806 PROBE_A_START program=HIGH
1770409025718663818 PROBE_A_END program=HIGH
1770409025921574585 PROBE_A_START program=HIGH
1770409025934690470 PROBE_A_END program=HIGH
1770409026137574385 PROBE_A_START program=HIGH
1770409026149789156 PROBE_A_END program=HIGH
1770409026352705405 PROBE_A_START program=HIGH
1770409026366540754 PROBE_A_END program=HIGH
1770409026569434114 PROBE_A_START program=HIGH
1770409026582603888 PROBE_A_END program=HIGH
1770409026785482896 PROBE_A_START program=HIGH
1770409026797639148 PROBE_A_END program=HIGH
1770409027000539804 PROBE_A_START program=HIGH
1770409027012737761 PROBE_A_END program=HIGH
1770409027215635046 PROBE_A_START program=HIGH
1770409027227881966 PROBE_A_END program=HIGH
1770409027430787825 PROBE_A_START program=HIGH
1770409027442915708 PROBE_A_END program=HIGH
1770409027645884586 PROBE_A_START program=HIGH
1770409027658994822 PROBE_A_END program=HIGH
1770409027861907997 PROBE_A_START program=HIGH
1770409027874112398 PROBE_A_END program=HIGH
1770409028077012017 PROBE_A_START program=HIGH
1770409028090140698 PROBE_A_END program=HIGH
1770409028293143076 PROBE_A_START program=HIGH
1770409028306304313 PROBE_A_END program=HIGH
1770409028509269987 PROBE_A_START program=HIGH
1770409028522321427 PROBE_A_END program=HIGH
1770409028725254139 PROBE_A_START program=HIGH
1770409028738348227 PROBE_A_END program=HIGH
1770409028941273291 PROBE_A_START program=HIGH
1770409028953437339 PROBE_A_END program=HIGH
1770409029156342014 PROBE_A_START program=HIGH
1770409029168641434 PROBE_A_END program=HIGH
1770409029371558978 PROBE_A_START program=HIGH
1770409029383728527 PROBE_A_END program=HIGH
1770409029586656998 PROBE_A_START program=HIGH
1770409029599743642 PROBE_A_END program=HIGH
1770409029802699372 PROBE_A_START program=HIGH
1770409029815865553 PROBE_A_END program=HIGH
1770409030018792561 PROBE_A_START program=HIGH
1770409030031635241 PROBE_A_END program=HIGH
1770409030234486693 PROBE_A_START program=HIGH
1770409030246614816 PROBE_A_END program=HIGH
1770409030449487379 PROBE_A_START program=HIGH
1770409030461727317 PROBE_A_END program=HIGH
1770409030664609306 PROBE_A_START program=HIGH
1770409030677676913 PROBE_A_END program=HIGH
1770409030880594735 PROBE_A_START program=HIGH
1770409030892777099 PROBE_A_END program=HIGH
1770409031095654366 PROBE_A_START program=HIGH
1770409031108807010 PROBE_A_END program=HIGH
1770409031311698147 PROBE_A_START program=HIGH
1770409031323884122 PROBE_A_END program=HIGH
1770409031526736055 PROBE_A_START program=HIGH
1770409031539898384 PROBE_A_END program=HIGH
1770409031742796040 PROBE_A_START program=HIGH
1770409031754937293 PROBE_A_END program=HIGH
1770409031957852856 PROBE_A_START program=HIGH
1770409031970677036 PROBE_A_END program=HIGH
1770409032173545784 PROBE_A_START program=HIGH
1770409032186634021 PROBE_A_END program=HIGH
1770409032389538621 PROBE_A_START program=HIGH
1770409032401718336 PROBE_A_END program=HIGH
1770409032604622566 PROBE_A_START program=HIGH
1770409032616810560 PROBE_A_END program=HIGH
1770409032819729475 PROBE_A_START program=HIGH
1770409032832998674 PROBE_A_END program=HIGH
1770409033035901830 PROBE_A_START program=HIGH
1770409033049112363 PROBE_A_END program=HIGH
1770409033252117482 PROBE_A_START program=HIGH
1770409033265301144 PROBE_A_END program=HIGH
1770409033468273485 PROBE_A_START program=HIGH
1770409033481348870 PROBE_A_END program=HIGH
1770409033684253914 PROBE_A_START program=HIGH
1770409033698062004 PROBE_A_END program=HIGH
1770409033900851252 PROBE_A_START program=HIGH
1770409033913443932 PROBE_A_END program=HIGH
1770409034116162494 PROBE_A_START program=HIGH
1770409034127898024 PROBE_A_END program=HIGH
1770409034330559938 PROBE_A_START program=HIGH
1770409034342241097 PROBE_A_END program=HIGH
1770409034545167178 PROBE_A_START program=HIGH
1770409034558096692 PROBE_A_END program=HIGH
1770409034760973644 PROBE_A_START program=HIGH
1770409034773106785 PROBE_A_END program=HIGH
1770409034975906459 PROBE_A_START program=HIGH
1770409034988919047 PROBE_A_END program=HIGH
1770409035191756536 PROBE_A_START program=HIGH
1770409035204764513 PROBE_A_END program=HIGH
1770409035407616224 PROBE_A_START program=HIGH
1770409035419748809 PROBE_A_END program=HIGH
1770409035622599094 PROBE_A_START program=HIGH
1770409035636458222 PROBE_A_END program=HIGH
1770409035839786174 PROBE_A_START program=HIGH
1770409035852847077 PROBE_A_END program=HIGH
1770409036055711955 PROBE_A_START program=HIGH
1770409036068844469 PROBE_A_END program=HIGH
1770409036271692754 PROBE_A_START program=HIGH
1770409036284912491 PROBE_A_END program=HIGH
1770409036487774257 PROBE_A_START program=HIGH
1770409036500993068 PROBE_A_END program=HIGH
1770409036704019057 PROBE_A_START program=HIGH
1770409036716204014 PROBE_A_END program=HIGH
1770409036919051132 PROBE_A_START program=HIGH
1770409036931171977 PROBE_A_END program=HIGH
1770409037134018336 PROBE_A_START program=HIGH
1770409037146222348 PROBE_A_END program=HIGH
1770409037349022207 PROBE_A_START program=HIGH
1770409037361187663 PROBE_A_END program=HIGH
1770409037564036911 PROBE_A_START program=HIGH
1770409037576831980 PROBE_A_END program=HIGH
1770409037779670450 PROBE_A_START program=HIGH
1770409037791787332 PROBE_A_END program=HIGH
1770409037994591839 PROBE_A_START program=HIGH
1770409038007534186 PROBE_A_END program=HIGH
1770409038210366045 PROBE_A_START program=HIGH
1770409038223397151 PROBE_A_END program=HIGH
1770409038426266251 PROBE_A_START program=HIGH
1770409038438369781 PROBE_A_END program=HIGH
1770409038641239918 PROBE_A_START program=HIGH
1770409038654418340 PROBE_A_END program=HIGH
1770409038857258699 PROBE_A_START program=HIGH
1770409038869537785 PROBE_A_END program=HIGH
1770409039072382162 PROBE_A_START program=HIGH
1770409039084489729 PROBE_A_END program=HIGH
1770409039287297477 PROBE_A_START program=HIGH
1770409039299600897 PROBE_A_END program=HIGH
1770409039502497959 PROBE_A_START program=HIGH
1770409039517135459 PROBE_A_END program=HIGH
1770409039719959280 PROBE_A_START program=HIGH
1770409039733001054 PROBE_A_END program=HIGH
1770409039935828857 PROBE_A_START program=HIGH
1770409039948940908 PROBE_A_END program=HIGH
1770409040151774767 PROBE_A_START program=HIGH
1770409040164783892 PROBE_A_END program=HIGH
1770409040367619862 PROBE_A_START program=HIGH
1770409040380696931 PROBE_A_END program=HIGH
1770409040583562809 PROBE_A_START program=HIGH
1770409040596633841 PROBE_A_END program=HIGH
1770409040799458404 PROBE_A_START program=HIGH
1770409040812463566 PROBE_A_END program=HIGH
1770409041015251887 PROBE_A_START program=HIGH
1770409041028346457 PROBE_A_END program=HIGH
1770409041231151186 PROBE_A_START program=HIGH
1770409041244314923 PROBE_A_END program=HIGH
1770409041447160022 PROBE_A_START program=HIGH
1770409041460234925 PROBE_A_END program=HIGH
1770409041663036098 PROBE_A_START program=HIGH
1770409041676064057 PROBE_A_END program=HIGH
1770409041878919230 PROBE_A_START program=HIGH
1770409041891061020 PROBE_A_END program=HIGH
1770409042093907915 PROBE_A_START program=HIGH
1770409042106071464 PROBE_A_END program=HIGH
1770409042308936193 PROBE_A_START program=HIGH
1770409042321181317 PROBE_A_END program=HIGH
1770409042524339102 PROBE_A_START program=HIGH
1770409042536784781 PROBE_A_END program=HIGH
1770409042739632510 PROBE_A_START program=HIGH
1770409042751823077 PROBE_A_END program=HIGH
1770409042954670325 PROBE_A_START program=HIGH
1770409042967677635 PROBE_A_END program=HIGH
1770409043170567512 PROBE_A_START program=HIGH
1770409043183175562 PROBE_A_END program=HIGH
1770409043386036384 PROBE_A_START program=HIGH
1770409043398151525 PROBE_A_END program=HIGH
1770409043600995643 PROBE_A_START program=HIGH
1770409043614012305 PROBE_A_END program=HIGH
1770409043816858238 PROBE_A_START program=HIGH
1770409043829936881 PROBE_A_END program=HIGH
1770409044032800110 PROBE_A_START program=HIGH
1770409044045776180 PROBE_A_END program=HIGH
1770409044248648316 PROBE_A_START program=HIGH
1770409044261707793 PROBE_A_END program=HIGH
1770409044464575152 PROBE_A_START program=HIGH
1770409044477695092 PROBE_A_END program=HIGH
1770409044680540321 PROBE_A_START program=HIGH
1770409044693595538 PROBE_A_END program=HIGH
1770409044896347378 PROBE_A_START program=HIGH
1770409044910241043 PROBE_A_END program=HIGH
1770409045113024808 PROBE_A_START program=HIGH
1770409045125177598 PROBE_A_END program=HIGH
1770409045328007141 PROBE_A_START program=HIGH
1770409045341103526 PROBE_A_END program=HIGH
1770409045543894273 PROBE_A_START program=HIGH
1770409045556942583 PROBE_A_END program=HIGH
1770409045759783034 PROBE_A_START program=HIGH
1770409045772644826 PROBE_A_END program=HIGH
1770409045975512684 PROBE_A_START program=HIGH
1770409045988643958 PROBE_A_END program=HIGH
1770409046191443575 PROBE_A_START program=HIGH
1770409046204604830 PROBE_A_END program=HIGH
1770409046407412559 PROBE_A_START program=HIGH
1770409046420423869 PROBE_A_END program=HIGH
1770409046623240394 PROBE_A_START program=HIGH
1770409046636191556 PROBE_A_END program=HIGH
1770409046839262767 PROBE_A_START program=HIGH
1770409046852677930 PROBE_A_END program=HIGH
1770409047055535158 PROBE_A_START program=HIGH
1770409047067725485 PROBE_A_END program=HIGH
1770409047270567492 PROBE_A_START program=HIGH
1770409047283582709 PROBE_A_END program=HIGH
1770409047486382956 PROBE_A_START program=HIGH
1770409047498516690 PROBE_A_END program=HIGH
1770409047701403956 PROBE_A_START program=HIGH
1770409047714445322 PROBE_A_END program=HIGH
1770409047917288217 PROBE_A_START program=HIGH
1770409047930359898 PROBE_A_END program=HIGH
1770409048133246294 PROBE_A_START program=HIGH
1770409048145389861 PROBE_A_END program=HIGH
1770409048348332090 PROBE_A_START program=HIGH
1770409048360611954 PROBE_A_END program=HIGH
1770409048563576645 PROBE_A_START program=HIGH
1770409048577247161 PROBE_A_END program=HIGH
1770409048780114075 PROBE_A_START program=HIGH
1770409048792314439 PROBE_A_END program=HIGH
1770409048995187001 PROBE_A_START program=HIGH
1770409049007326975 PROBE_A_END program=HIGH
1770409049210196204 PROBE_A_START program=HIGH
1770409049222376290 PROBE_A_END program=HIGH
1770409049425214555 PROBE_A_START program=HIGH
1770409049437377752 PROBE_A_END program=HIGH
1770409049640225944 PROBE_A_START program=HIGH
1770409049652398345 PROBE_A_END program=HIGH
1770409049855108888 PROBE_A_START program=HIGH
1770409049867599493 PROBE_A_END program=HIGH
1770409050070377888 PROBE_A_START program=HIGH
1770409050083373994 PROBE_A_END program=HIGH
1770409050286271242 PROBE_A_START program=HIGH
1770409050298534143 PROBE_A_END program=HIGH
1770409050501369834 PROBE_A_START program=HIGH
1770409050515182424 PROBE_A_END program=HIGH
1770409050718019189 PROBE_A_START program=HIGH
1770409050730166646 PROBE_A_END program=HIGH
1770409050933006689 PROBE_A_START program=HIGH
1770409050945106867 PROBE_A_END program=HIGH
1770409051147951762 PROBE_A_START program=HIGH
1770409051161005869 PROBE_A_END program=HIGH
1770409051363843282 PROBE_A_START program=HIGH
1770409051376940056 PROBE_A_END program=HIGH
1770409051579800340 PROBE_A_START program=HIGH
1770409051591902037 PROBE_A_END program=HIGH
1770409051794724580 PROBE_A_START program=HIGH
1770409051807772075 PROBE_A_END program=HIGH
1770409052010630137 PROBE_A_START program=HIGH
1770409052022816390 PROBE_A_END program=HIGH
1770409052225636637 PROBE_A_START program=HIGH
1770409052237998649 PROBE_A_END program=HIGH
1770409052441016433 PROBE_A_START program=HIGH
1770409052453556409 PROBE_A_END program=HIGH
1770409052656363804 PROBE_A_START program=HIGH
1770409052668490279 PROBE_A_END program=HIGH
1770409052871192766 PROBE_A_START program=HIGH
1770409052882801573 PROBE_A_END program=HIGH
1770409053085592486 PROBE_A_START program=HIGH
1770409053097802239 PROBE_A_END program=HIGH
1770409053300644689 PROBE_A_START program=HIGH
1770409053312752979 PROBE_A_END program=HIGH
1770409053515643003 PROBE_A_START program=HIGH
1770409053527846478 PROBE_A_END program=HIGH
1770409053730838059 PROBE_A_START program=HIGH
1770409053744004073 PROBE_A_END program=HIGH
1770409053946764968 PROBE_A_START program=HIGH
1770409053959352555 PROBE_A_END program=HIGH
1770409054162220190 R2_IDLE_B seconds=10
1770409064166155668 PROBE_B_START program=HIGH
1770409064201490274 PROBE_B_END program=HIGH
1770409064404312724 PROBE_B_START program=HIGH
1770409064439877313 PROBE_B_END program=HIGH
1770409064642834966 PROBE_B_START program=HIGH
1770409064678763148 PROBE_B_END program=HIGH
1770409064881724487 PROBE_B_START program=HIGH
1770409064915862035 PROBE_B_END program=HIGH
1770409065118693189 PROBE_B_START program=HIGH
1770409065217047564 PROBE_B_END program=HIGH
1770409065419922365 PROBE_B_START program=HIGH
1770409065515628881 PROBE_B_END program=HIGH
1770409065718556554 PROBE_B_START program=HIGH
1770409065822961758 PROBE_B_END program=HIGH
1770409066025891079 PROBE_B_START program=HIGH
1770409066111672681 PROBE_B_END program=HIGH
1770409066314586557 PROBE_B_START program=HIGH
1770409066397363782 PROBE_B_END program=HIGH
1770409066600275787 PROBE_B_START program=HIGH
1770409066661804237 PROBE_B_END program=HIGH
1770409066864768446 PROBE_B_START program=HIGH
1770409066898909309 PROBE_B_END program=HIGH
1770409067101782888 PROBE_B_START program=HIGH
1770409067133239541 PROBE_B_END program=HIGH
1770409067336184620 PROBE_B_START program=HIGH
1770409067369516740 PROBE_B_END program=HIGH
1770409067572436079 PROBE_B_START program=HIGH
1770409067603360785 PROBE_B_END program=HIGH
1770409067806227846 PROBE_B_START program=HIGH
1770409067838427482 PROBE_B_END program=HIGH
1770409068041348099 PROBE_B_START program=HIGH
1770409068074372033 PROBE_B_END program=HIGH
1770409068277275167 PROBE_B_START program=HIGH
1770409068308639134 PROBE_B_END program=HIGH
1770409068511598658 PROBE_B_START program=HIGH
1770409068544972649 PROBE_B_END program=HIGH
1770409068747921191 PROBE_B_START program=HIGH
1770409068780179790 PROBE_B_END program=HIGH
1770409068983146629 PROBE_B_START program=HIGH
1770409069016162415 PROBE_B_END program=HIGH
1770409069219050753 PROBE_B_START program=HIGH
1770409069250721814 PROBE_B_END program=HIGH
1770409069453629245 PROBE_B_START program=HIGH
1770409069486997347 PROBE_B_END program=HIGH
1770409069689983167 PROBE_B_START program=HIGH
1770409069722820989 PROBE_B_END program=HIGH
1770409069925774884 PROBE_B_START program=HIGH
1770409069959611042 PROBE_B_END program=HIGH
1770409070162478991 PROBE_B_START program=HIGH
1770409070255627761 PROBE_B_END program=HIGH
1770409070458507562 PROBE_B_START program=HIGH
1770409070544450461 PROBE_B_END program=HIGH
1770409070747368670 PROBE_B_START program=HIGH
1770409070834260905 PROBE_B_END program=HIGH
1770409071037173151 PROBE_B_START program=HIGH
1770409071116528774 PROBE_B_END program=HIGH
1770409071319364001 PROBE_B_START program=HIGH
1770409071401012334 PROBE_B_END program=HIGH
1770409071603871136 PROBE_B_START program=HIGH
1770409071660018849 PROBE_B_END program=HIGH
1770409071862983984 PROBE_B_START program=HIGH
1770409071895247009 PROBE_B_END program=HIGH
1770409072098157736 PROBE_B_START program=HIGH
1770409072132193988 PROBE_B_END program=HIGH
1770409072335133586 PROBE_B_START program=HIGH
1770409072367254703 PROBE_B_END program=HIGH
1770409072570194782 PROBE_B_START program=HIGH
1770409072604729090 PROBE_B_END program=HIGH
1770409072807636947 PROBE_B_START program=HIGH
1770409072842307478 PROBE_B_END program=HIGH
1770409073045233020 PROBE_B_START program=HIGH
1770409073077317433 PROBE_B_END program=HIGH
1770409073280243957 PROBE_B_START program=HIGH
1770409073313957892 PROBE_B_END program=HIGH
1770409073516873397 PROBE_B_START program=HIGH
1770409073614706382 PROBE_B_END program=HIGH
1770409073817530238 PROBE_B_START program=HIGH
1770409073901202113 PROBE_B_END program=HIGH
1770409074104150044 PROBE_B_START program=HIGH
1770409074188287513 PROBE_B_END program=HIGH
1770409074391197999 PROBE_B_START program=HIGH
1770409074480569888 PROBE_B_END program=HIGH
1770409074683420615 PROBE_B_START program=HIGH
1770409074777194090 PROBE_B_END program=HIGH
1770409074980039317 PROBE_B_START program=HIGH
1770409075035924382 PROBE_B_END program=HIGH
1770409075238741442 PROBE_B_START program=HIGH
1770409075272621582 PROBE_B_END program=HIGH
1770409075475513494 PROBE_B_START program=HIGH
1770409075507735370 PROBE_B_END program=HIGH
1770409075710716153 PROBE_B_START program=HIGH
1770409075748427803 PROBE_B_END program=HIGH
1770409075951218400 PROBE_B_START program=HIGH
1770409075985081354 PROBE_B_END program=HIGH
1770409076187993785 PROBE_B_START program=HIGH
1770409076221681073 PROBE_B_END program=HIGH
1770409076424477855 PROBE_B_START program=HIGH
1770409076456128249 PROBE_B_END program=HIGH
1770409076659293550 PROBE_B_START program=HIGH
1770409076693706377 PROBE_B_END program=HIGH
1770409076896567011 PROBE_B_START program=HIGH
1770409076991744655 PROBE_B_END program=HIGH
1770409077194604382 PROBE_B_START program=HIGH
1770409077439783863 PROBE_B_END program=HIGH
1770409077642649941 PROBE_B_START program=HIGH
1770409077733061425 PROBE_B_END program=HIGH
1770409077935980597 PROBE_B_START program=HIGH
1770409078019437638 PROBE_B_END program=HIGH
1770409078222359976 PROBE_B_START program=HIGH
1770409078307055909 PROBE_B_END program=HIGH
1770409078509932914 PROBE_B_START program=HIGH
1770409078594739976 PROBE_B_END program=HIGH
1770409078797555648 PROBE_B_START program=HIGH
1770409078836158540 PROBE_B_END program=HIGH
1770409079039058378 PROBE_B_START program=HIGH
1770409079071236625 PROBE_B_END program=HIGH
1770409079274217407 PROBE_B_START program=HIGH
1770409079308290214 PROBE_B_END program=HIGH
1770409079511156145 PROBE_B_START program=HIGH
1770409079545045988 PROBE_B_END program=HIGH
1770409079748013215 PROBE_B_START program=HIGH
1770409079784396435 PROBE_B_END program=HIGH
1770409079987340514 PROBE_B_START program=HIGH
1770409080021044857 PROBE_B_END program=HIGH
1770409080223882380 PROBE_B_START program=HIGH
1770409080256029275 PROBE_B_END program=HIGH
1770409080458914817 PROBE_B_START program=HIGH
1770409080553102125 PROBE_B_END program=HIGH
1770409080755988722 PROBE_B_START program=HIGH
1770409080842400641 PROBE_B_END program=HIGH
1770409081045262904 PROBE_B_START program=HIGH
1770409081128400185 PROBE_B_END program=HIGH
1770409081331326579 PROBE_B_START program=HIGH
1770409081418662240 PROBE_B_END program=HIGH
1770409081621466633 PROBE_B_START program=HIGH
1770409081702411520 PROBE_B_END program=HIGH
1770409081905266672 PROBE_B_START program=HIGH
1770409081960951737 PROBE_B_END program=HIGH
1770409082163760963 PROBE_B_START program=HIGH
1770409082197516603 PROBE_B_END program=HIGH
1770409082400408681 PROBE_B_START program=HIGH
1770409082434346469 PROBE_B_END program=HIGH
1770409082637252085 PROBE_B_START program=HIGH
1770409082670454316 PROBE_B_END program=HIGH
1770409082873312376 PROBE_B_START program=HIGH
1770409082907009682 PROBE_B_END program=HIGH
1770409083109915371 PROBE_B_START program=HIGH
1770409083143812863 PROBE_B_END program=HIGH
1770409083346743108 PROBE_B_START program=HIGH
1770409083380656563 PROBE_B_END program=HIGH
1770409083583712346 PROBE_B_START program=HIGH
1770409083617588263 PROBE_B_END program=HIGH
1770409083820576175 PROBE_B_START program=HIGH
1770409083912417644 PROBE_B_END program=HIGH
1770409084115239278 PROBE_B_START program=HIGH
1770409084202404606 PROBE_B_END program=HIGH
1770409084405233554 PROBE_B_START program=HIGH
1770409084487305036 PROBE_B_END program=HIGH
1770409084690289707 PROBE_B_START program=HIGH
1770409084778175278 PROBE_B_END program=HIGH
1770409084981059912 PROBE_B_START program=HIGH
1770409085070044948 PROBE_B_END program=HIGH
1770409085272943563 PROBE_B_START program=HIGH
1770409085330153798 PROBE_B_END program=HIGH
1770409085533042747 PROBE_B_START program=HIGH
1770409085566860794 PROBE_B_END program=HIGH
1770409085769773872 PROBE_B_START program=HIGH
1770409085804257606 PROBE_B_END program=HIGH
1770409086007229110 PROBE_B_START program=HIGH
1770409086040975935 PROBE_B_END program=HIGH
1770409086243854661 PROBE_B_START program=HIGH
1770409086277504041 PROBE_B_END program=HIGH
1770409086480484175 PROBE_B_START program=HIGH
1770409086512672441 PROBE_B_END program=HIGH
1770409086715504741 PROBE_B_START program=HIGH
1770409086749725659 PROBE_B_END program=HIGH
1770409086952583404 PROBE_B_START program=HIGH
1770409086986298118 PROBE_B_END program=HIGH
1770409087189251029 PROBE_B_START program=HIGH
1770409087283726616 PROBE_B_END program=HIGH
1770409087486552176 PROBE_B_START program=HIGH
1770409087576965845 PROBE_B_END program=HIGH
1770409087779847775 PROBE_B_START program=HIGH
1770409088016411677 PROBE_B_END program=HIGH
1770409088219297756 PROBE_B_START program=HIGH
1770409088303047353 PROBE_B_END program=HIGH
1770409088505945671 PROBE_B_START program=HIGH
1770409088589134637 PROBE_B_END program=HIGH
1770409088792087549 PROBE_B_START program=HIGH
1770409088878289634 PROBE_B_END program=HIGH
1770409089081263212 PROBE_B_START program=HIGH
1770409089113567903 PROBE_B_END program=HIGH
1770409089316519185 PROBE_B_START program=HIGH
1770409089350257436 PROBE_B_END program=HIGH
1770409089553204310 PROBE_B_START program=HIGH
1770409089586220726 PROBE_B_END program=HIGH
1770409089789097582 PROBE_B_START program=HIGH
1770409089823695427 PROBE_B_END program=HIGH
1770409090026594616 PROBE_B_START program=HIGH
1770409090060346422 PROBE_B_END program=HIGH
1770409090263225315 PROBE_B_START program=HIGH
1770409090296902917 PROBE_B_END program=HIGH
1770409090499729032 PROBE_B_START program=HIGH
1770409090531660037 PROBE_B_END program=HIGH
1770409090734567986 PROBE_B_START program=HIGH
1770409090827281549 PROBE_B_END program=HIGH
1770409091030139127 PROBE_B_START program=HIGH
1770409091114747171 PROBE_B_END program=HIGH
1770409091317623193 PROBE_B_START program=HIGH
1770409091448269740 PROBE_B_END program=HIGH
1770409091651115281 PROBE_B_START program=HIGH
1770409091735442564 PROBE_B_END program=HIGH
1770409091938379569 PROBE_B_START program=HIGH
1770409092025314118 PROBE_B_END program=HIGH
1770409092228194307 PROBE_B_START program=HIGH
1770409092300988895 PROBE_B_END program=HIGH
1770409092503841362 PROBE_B_START program=HIGH
1770409092585449435 PROBE_B_END program=HIGH
1770409092788299031 PROBE_B_START program=HIGH
1770409092930986275 PROBE_B_END program=HIGH
1770409093133862001 PROBE_B_START program=HIGH
1770409093216513984 PROBE_B_END program=HIGH
1770409093419347247 PROBE_B_START program=HIGH
1770409093516944156 PROBE_B_END program=HIGH
1770409093719873956 PROBE_B_START program=HIGH
1770409094876192716 PROBE_B_END program=HIGH
1770409095079095034 PROBE_B_START program=HIGH
1770409096120920158 PROBE_B_END program=HIGH
1770409096323844736 PROBE_B_START program=HIGH
1770409096417440598 PROBE_B_END program=HIGH
1770409096620300916 PROBE_B_START program=HIGH
1770409096759466151 PROBE_B_END program=HIGH
1770409096962291043 PROBE_B_START program=HIGH
1770409097056699833 PROBE_B_END program=HIGH
1770409097259536873 PROBE_B_START program=HIGH
1770409097339536350 PROBE_B_END program=HIGH
1770409097542314890 PROBE_B_START program=HIGH
1770409097872070764 PROBE_B_END program=HIGH
1770409098074921156 PROBE_B_START program=HIGH
1770409098189976942 PROBE_B_END program=HIGH
1770409098392786112 PROBE_B_START program=HIGH
1770409098476931191 PROBE_B_END program=HIGH
1770409098679733583 PROBE_B_START program=HIGH
1770409098772589499 PROBE_B_END program=HIGH
1770409098975467688 PROBE_B_START program=HIGH
1770409099042152724 PROBE_B_END program=HIGH
1770409099245020764 PROBE_B_START program=HIGH
1770409099310797187 PROBE_B_END program=HIGH
1770409099513595375 PROBE_B_START program=HIGH
1770409099569893904 PROBE_B_END program=HIGH
1770409099772768370 PROBE_B_START program=HIGH
1770409099831864276 PROBE_B_END program=HIGH
1770409100034649242 PROBE_B_START program=HIGH
1770409100095327819 PROBE_B_END program=HIGH
1770409100298196711 PROBE_B_START program=HIGH
1770409100350111303 PROBE_B_END program=HIGH
1770409100552933380 PROBE_B_START program=HIGH
1770409100647153447 PROBE_B_END program=HIGH
1770409100850116414 PROBE_B_START program=HIGH
1770409100919342937 PROBE_B_END program=HIGH
1770409101122245552 PROBE_B_START program=HIGH
1770409101177174262 PROBE_B_END program=HIGH
1770409101380027784 PROBE_B_START program=HIGH
1770409101434987087 PROBE_B_END program=HIGH
1770409101637913702 PROBE_B_START program=HIGH
1770409101692851560 PROBE_B_END program=HIGH
1770409101895763804 PROBE_B_START program=HIGH
1770409101964072307 PROBE_B_END program=HIGH
1770409102166860903 PROBE_B_START program=HIGH
1770409102221871910 PROBE_B_END program=HIGH
1770409102424755728 PROBE_B_START program=HIGH
1770409102476565690 PROBE_B_END program=HIGH
1770409102679357452 PROBE_B_START program=HIGH
1770409102734874460 PROBE_B_END program=HIGH
1770409102937753426 PROBE_B_START program=HIGH
1770409102990166723 PROBE_B_END program=HIGH
1770409103192955411 PROBE_B_START program=HIGH
1770409103248792717 PROBE_B_END program=HIGH
1770409103451649368 PROBE_B_START program=HIGH
1770409103500264248 PROBE_B_END program=HIGH
1770409103703054362 PROBE_B_START program=HIGH
1770409103736724871 PROBE_B_END program=HIGH
1770409103939621393 PROBE_B_START program=HIGH
1770409104034451684 PROBE_B_END program=HIGH
1770409104237260446 PROBE_B_START program=HIGH
1770409104312659041 PROBE_B_END program=HIGH
1770409104515442155 PROBE_B_START program=HIGH
1770409104580110815 PROBE_B_END program=HIGH
1770409104782978429 PROBE_B_START program=HIGH
1770409104838222566 PROBE_B_END program=HIGH
1770409105041106792 PROBE_B_START program=HIGH
1770409105094054719 PROBE_B_END program=HIGH
1770409105296961093 PROBE_B_START program=HIGH
1770409105352451675 PROBE_B_END program=HIGH
1770409105555252585 PROBE_B_START program=HIGH
1770409105607706234 PROBE_B_END program=HIGH
1770409105810683237 PROBE_B_START program=HIGH
1770409105866201227 PROBE_B_END program=HIGH
1770409106069071452 PROBE_B_START program=HIGH
1770409106123444902 PROBE_B_END program=HIGH
1770409106326370868 PROBE_B_START program=HIGH
1770409106381072430 PROBE_B_END program=HIGH
1770409106583993340 PROBE_B_START program=HIGH
1770409106633798130 PROBE_B_END program=HIGH
1770409106836735448 PROBE_B_START program=HIGH
1770409106873530817 PROBE_B_END program=HIGH
1770409107076454561 PROBE_B_START program=HIGH
1770409107110235312 PROBE_B_END program=HIGH
1770409107313181056 PROBE_B_START program=HIGH
1770409107405896600 PROBE_B_END program=HIGH
1770409107608796881 PROBE_B_START program=HIGH
1770409107683940642 PROBE_B_END program=HIGH
1770409107886856274 PROBE_B_START program=HIGH
1770409107967415641 PROBE_B_END program=HIGH
1770409108170386700 PROBE_B_START program=HIGH
1770409108239077129 PROBE_B_END program=HIGH
1770409108441996706 PROBE_B_START program=HIGH
1770409108501603298 PROBE_B_END program=HIGH
1770409108704509542 PROBE_B_START program=HIGH
1770409108761245850 PROBE_B_END program=HIGH
1770409108964246057 PROBE_B_START program=HIGH
1770409109022594998 PROBE_B_END program=HIGH
1770409109225467223 PROBE_B_START program=HIGH
1770409109453154398 PROBE_B_END program=HIGH
1770409109656098346 PROBE_B_START program=HIGH
1770409109713804285 PROBE_B_END program=HIGH
1770409109916737288 PROBE_B_START program=HIGH
1770409109969622530 PROBE_B_END program=HIGH
1770409110172573959 PROBE_B_START program=HIGH
1770409110208178344 PROBE_B_END program=HIGH
1770409110411016143 PROBE_B_START program=HIGH
1770409110444671819 PROBE_B_END program=HIGH
1770409110647641155 PROBE_B_START program=HIGH
1770409110684778229 PROBE_B_END program=HIGH
1770409110887713306 PROBE_B_START program=HIGH
1770409110986252291 PROBE_B_END program=HIGH
1770409111189168146 PROBE_B_START program=HIGH
1770409111263146181 PROBE_B_END program=HIGH
1770409111466008517 PROBE_B_START program=HIGH
1770409111541277278 PROBE_B_END program=HIGH
1770409111744124873 PROBE_B_START program=HIGH
1770409111817529277 PROBE_B_END program=HIGH
1770409112020451669 PROBE_B_START program=HIGH
1770409112086617148 PROBE_B_END program=HIGH
1770409112289453484 PROBE_B_START program=HIGH
1770409112344198138 PROBE_B_END program=HIGH
1770409112547268197 PROBE_B_START program=HIGH
1770409112602298777 PROBE_B_END program=HIGH
1770409112805193780 PROBE_B_START program=HIGH
1770409112858860450 PROBE_B_END program=HIGH
1770409113061764249 PROBE_B_START program=HIGH
1770409113113627674 PROBE_B_END program=HIGH
1770409113316577325 PROBE_B_START program=HIGH
1770409113350238927 PROBE_B_END program=HIGH
1770409113553154374 PROBE_B_START program=HIGH
1770409113588598240 PROBE_B_END program=HIGH
1770409113791464002 PROBE_B_START program=HIGH
1770409113825236400 PROBE_B_END program=HIGH
1770409114028226163 PROBE_B_START program=HIGH
1770409114062787137 PROBE_B_END program=HIGH
1770409114265732418 PROBE_B_START program=HIGH
1770409114362709473 PROBE_B_END program=HIGH
1770409114565598846 PROBE_B_START program=HIGH
1770409114648693904 PROBE_B_END program=HIGH
1770409114851526221 PROBE_B_START program=HIGH
1770409114926192795 PROBE_B_END program=HIGH
1770409115129081446 PROBE_B_START program=HIGH
1770409115203889409 PROBE_B_END program=HIGH
1770409115406738430 PROBE_B_START program=HIGH
1770409115476417621 PROBE_B_END program=HIGH
1770409115679341864 PROBE_B_START program=HIGH
1770409115735454874 PROBE_B_END program=HIGH
1770409115938307432 PROBE_B_START program=HIGH
1770409115992980678 PROBE_B_END program=HIGH
1770409116195864588 PROBE_B_START program=HIGH
1770409116247054548 PROBE_B_END program=HIGH
1770409116449859088 PROBE_B_START program=HIGH
1770409116485011842 PROBE_B_END program=HIGH
1770409116687887696 PROBE_B_START program=HIGH
1770409116721860280 PROBE_B_END program=HIGH
1770409116924976209 PROBE_B_START program=HIGH
1770409116959528202 PROBE_B_END program=HIGH
1770409117162370797 PROBE_B_START program=HIGH
1770409117197531051 PROBE_B_END program=HIGH
1770409117400395664 PROBE_B_START program=HIGH
1770409117434046377 PROBE_B_END program=HIGH
1770409117636913602 PROBE_B_START program=HIGH
1770409117734753678 PROBE_B_END program=HIGH
1770409117937553069 PROBE_B_START program=HIGH
1770409118023829394 PROBE_B_END program=HIGH
1770409118226658359 PROBE_B_START program=HIGH
1770409118299911281 PROBE_B_END program=HIGH
1770409118502704969 PROBE_B_START program=HIGH
1770409118579646418 PROBE_B_END program=HIGH
1770409118782417606 PROBE_B_START program=HIGH
1770409118860489929 PROBE_B_END program=HIGH
1770409119063512080 PROBE_B_START program=HIGH
1770409119142263164 PROBE_B_END program=HIGH
1770409119345009425 PROBE_B_START program=HIGH
1770409119566555473 PROBE_B_END program=HIGH
1770409119769416420 PROBE_B_START program=HIGH
1770409119803025892 PROBE_B_END program=HIGH
1770409120005870247 PROBE_B_START program=HIGH
1770409120040470888 PROBE_B_END program=HIGH
1770409120243322520 PROBE_B_START program=HIGH
1770409120277204733 PROBE_B_END program=HIGH
1770409120480167439 PROBE_B_START program=HIGH
1770409120513782745 PROBE_B_END program=HIGH
1770409120716694247 PROBE_B_START program=HIGH
1770409120750374182 PROBE_B_END program=HIGH
1770409120953190481 PROBE_B_START program=HIGH
1770409120988929421 PROBE_B_END program=HIGH
1770409121191698201 PROBE_B_START program=HIGH
1770409121297005277 PROBE_B_END program=HIGH
1770409121499836464 PROBE_B_START program=HIGH
1770409121585079008 PROBE_B_END program=HIGH
1770409121787960677 PROBE_B_START program=HIGH
1770409121875292505 PROBE_B_END program=HIGH
1770409122078240600 PROBE_B_START program=HIGH
1770409122156200830 PROBE_B_END program=HIGH
1770409122359085721 PROBE_B_START program=HIGH
1770409122437924934 PROBE_B_END program=HIGH
1770409122640849011 PROBE_B_START program=HIGH
1770409122718588222 PROBE_B_END program=HIGH
1770409122921423391 PROBE_B_START program=HIGH
1770409122960326005 PROBE_B_END program=HIGH
1770409123163245323 PROBE_B_START program=HIGH
1770409123197465537 PROBE_B_END program=HIGH
1770409123400399317 PROBE_B_START program=HIGH
1770409123435836516 PROBE_B_END program=HIGH
1770409123638698166 PROBE_B_START program=HIGH
1770409123672404324 PROBE_B_END program=HIGH
1770409123875315511 PROBE_B_START program=HIGH
1770409123908867538 PROBE_B_END program=HIGH
1770409124111713985 R2_IDLE_C seconds=10
1770409134115711010 PROBE_C_START program=HIGH
1770409134119819428 PROBE_C_END program=HIGH
1770409134322706967 PROBE_C_START program=HIGH
1770409134326831458 PROBE_C_END program=HIGH
1770409134529784886 PROBE_C_START program=HIGH
1770409134533890229 PROBE_C_END program=HIGH
1770409134736758768 PROBE_C_START program=HIGH
1770409134740880186 PROBE_C_END program=HIGH
1770409134943762965 PROBE_C_START program=HIGH
1770409134947886901 PROBE_C_END program=HIGH
1770409135151002274 PROBE_C_START program=HIGH
1770409135155134988 PROBE_C_END program=HIGH
1770409135358040730 PROBE_C_START program=HIGH
1770409135362115370 PROBE_C_END program=HIGH
1770409135565032464 PROBE_C_START program=HIGH
1770409135569145252 PROBE_C_END program=HIGH
1770409135772012161 PROBE_C_START program=HIGH
1770409135776068393 PROBE_C_END program=HIGH
1770409135978981339 PROBE_C_START program=HIGH
1770409135983034645 PROBE_C_END program=HIGH
1770409136185994073 PROBE_C_START program=HIGH
1770409136190082731 PROBE_C_END program=HIGH
1770409136392959140 PROBE_C_START program=HIGH
1770409136397061002 PROBE_C_END program=HIGH
1770409136600026578 PROBE_C_START program=HIGH
1770409136604111495 PROBE_C_END program=HIGH
1770409136807023756 PROBE_C_START program=HIGH
1770409136811101618 PROBE_C_END program=HIGH
1770409137014024212 PROBE_C_START program=HIGH
1770409137018102852 PROBE_C_END program=HIGH
1770409137221079761 PROBE_C_START program=HIGH
1770409137225167549 PROBE_C_END program=HIGH
1770409137428108884 PROBE_C_START program=HIGH
1770409137432190968 PROBE_C_END program=HIGH
1770409137635162581 PROBE_C_START program=HIGH
1770409137639246721 PROBE_C_END program=HIGH
1770409137842246371 PROBE_C_START program=HIGH
1770409137846344381 PROBE_C_END program=HIGH
1770409138049252216 PROBE_C_START program=HIGH
1770409138053317170 PROBE_C_END program=HIGH
1770409138256258931 PROBE_C_START program=HIGH
1770409138260298385 PROBE_C_END program=HIGH
1770409138463196368 PROBE_C_START program=HIGH
1770409138467276304 PROBE_C_END program=HIGH
1770409138670234287 PROBE_C_START program=HIGH
1770409138674349390 PROBE_C_END program=HIGH
1770409138877265095 PROBE_C_START program=HIGH
1770409138881329698 PROBE_C_END program=HIGH
1770409139084235403 PROBE_C_START program=HIGH
1770409139089493305 PROBE_C_END program=HIGH
1770409139292387121 PROBE_C_START program=HIGH
1770409139296618391 PROBE_C_END program=HIGH
1770409139499664226 PROBE_C_START program=HIGH
1770409139503964311 PROBE_C_END program=HIGH
1770409139706861016 PROBE_C_START program=HIGH
1770409139710878729 PROBE_C_END program=HIGH
1770409139913742731 PROBE_C_START program=HIGH
1770409139917757296 PROBE_C_END program=HIGH
1770409140120597353 PROBE_C_START program=HIGH
1770409140124639659 PROBE_C_END program=HIGH
1770409140327467475 PROBE_C_START program=HIGH
1770409140331433429 PROBE_C_END program=HIGH
1770409140534240560 PROBE_C_START program=HIGH
1770409140538350515 PROBE_C_END program=HIGH
1770409140741240572 PROBE_C_START program=HIGH
1770409140745310822 PROBE_C_END program=HIGH
1770409140948151879 PROBE_C_START program=HIGH
1770409140952193278 PROBE_C_END program=HIGH
1770409141155001501 PROBE_C_START program=HIGH
1770409141159050511 PROBE_C_END program=HIGH
1770409141361857846 PROBE_C_START program=HIGH
1770409141365922708 PROBE_C_END program=HIGH
1770409141568796209 PROBE_C_START program=HIGH
1770409141572847071 PROBE_C_END program=HIGH
1770409141775705979 PROBE_C_START program=HIGH
1770409141779746063 PROBE_C_END program=HIGH
1770409141982569490 PROBE_C_START program=HIGH
1770409141986616723 PROBE_C_END program=HIGH
1770409142189458446 PROBE_C_START program=HIGH
1770409142193511826 PROBE_C_END program=HIGH
1770409142396329309 PROBE_C_START program=HIGH
1770409142400352300 PROBE_C_END program=HIGH
1770409142603176560 PROBE_C_START program=HIGH
1770409142607244700 PROBE_C_END program=HIGH
1770409142810060775 PROBE_C_START program=HIGH
1770409142814114508 PROBE_C_END program=HIGH
1770409143016975546 PROBE_C_START program=HIGH
1770409143021038056 PROBE_C_END program=HIGH
1770409143223911909 PROBE_C_START program=HIGH
1770409143227962659 PROBE_C_END program=HIGH
1770409143430813272 PROBE_C_START program=HIGH
1770409143434902504 PROBE_C_END program=HIGH
1770409143637778542 PROBE_C_START program=HIGH
1770409143641848626 PROBE_C_END program=HIGH
1770409143844712016 PROBE_C_START program=HIGH
1770409143848768767 PROBE_C_END program=HIGH
1770409144051646546 PROBE_C_START program=HIGH
1770409144055728260 PROBE_C_END program=HIGH
1770409144258588150 PROBE_C_START program=HIGH
1770409144262706993 PROBE_C_END program=HIGH
1770409144465565698 PROBE_C_START program=HIGH
1770409144469635412 PROBE_C_END program=HIGH
1770409144672519728 PROBE_C_START program=HIGH
1770409144676578478 PROBE_C_END program=HIGH
1770409144879428146 PROBE_C_START program=HIGH
1770409144883433637 PROBE_C_END program=HIGH
1770409145086331935 PROBE_C_START program=HIGH
1770409145090417241 PROBE_C_END program=HIGH
1770409145293372724 PROBE_C_START program=HIGH
1770409145297441604 PROBE_C_END program=HIGH
1770409145500393661 PROBE_C_START program=HIGH
1770409145504479023 PROBE_C_END program=HIGH
1770409145707390857 PROBE_C_START program=HIGH
1770409145711679387 PROBE_C_END program=HIGH
1770409145914801870 PROBE_C_START program=HIGH
1770409145918916713 PROBE_C_END program=HIGH
1770409146121825603 PROBE_C_START program=HIGH
1770409146125926335 PROBE_C_END program=HIGH
1770409146328814151 PROBE_C_START program=HIGH
1770409146332884791 PROBE_C_END program=HIGH
1770409146535783977 PROBE_C_START program=HIGH
1770409146539849413 PROBE_C_END program=HIGH
1770409146742726303 PROBE_C_START program=HIGH
1770409146746834850 PROBE_C_END program=HIGH
1770409146949749536 PROBE_C_START program=HIGH
1770409146953806843 PROBE_C_END program=HIGH
1770409147156734529 PROBE_C_START program=HIGH
1770409147160821984 PROBE_C_END program=HIGH
1770409147363713762 PROBE_C_START program=HIGH
1770409147367769087 PROBE_C_END program=HIGH
1770409147570688810 PROBE_C_START program=HIGH
1770409147574816487 PROBE_C_END program=HIGH
1770409147777711840 PROBE_C_START program=HIGH
1770409147781811035 PROBE_C_END program=HIGH
1770409147984779518 PROBE_C_START program=HIGH
1770409147989108214 PROBE_C_END program=HIGH
1770409148192133067 PROBE_C_START program=HIGH
1770409148196188133 PROBE_C_END program=HIGH
1770409148399099819 PROBE_C_START program=HIGH
1770409148403183292 PROBE_C_END program=HIGH
1770409148606109145 PROBE_C_START program=HIGH
1770409148610195451 PROBE_C_END program=HIGH
1770409148813072137 PROBE_C_START program=HIGH
1770409148817170610 PROBE_C_END program=HIGH
1770409149020102722 PROBE_C_START program=HIGH
1770409149024210140 PROBE_C_END program=HIGH
1770409149227144604 PROBE_C_START program=HIGH
1770409149231267595 PROBE_C_END program=HIGH
1770409149434225522 PROBE_C_START program=HIGH
1770409149438312958 PROBE_C_END program=HIGH
1770409149641205126 PROBE_C_START program=HIGH
1770409149645300358 PROBE_C_END program=HIGH
1770409149848269489 PROBE_C_START program=HIGH
1770409149852350425 PROBE_C_END program=HIGH
1770409150055250074 PROBE_C_START program=HIGH
1770409150059295473 PROBE_C_END program=HIGH
1770409150262248159 PROBE_C_START program=HIGH
1770409150266362206 PROBE_C_END program=HIGH
1770409150469244429 PROBE_C_START program=HIGH
1770409150473326291 PROBE_C_END program=HIGH
1770409150676304107 PROBE_C_START program=HIGH
1770409150680379765 PROBE_C_END program=HIGH
1770409150883267192 PROBE_C_START program=HIGH
1770409150887379128 PROBE_C_END program=HIGH
1770409151090367129 PROBE_C_START program=HIGH
1770409151094449676 PROBE_C_END program=HIGH
1770409151297328714 PROBE_C_START program=HIGH
1770409151301397446 PROBE_C_END program=HIGH
1770409151504334317 PROBE_C_START program=HIGH
1770409151508415531 PROBE_C_END program=HIGH
1770409151711354588 PROBE_C_START program=HIGH
1770409151715639117 PROBE_C_END program=HIGH
1770409151919043841 PROBE_C_START program=HIGH
1770409151923145129 PROBE_C_END program=HIGH
1770409152126046204 PROBE_C_START program=HIGH
1770409152130105991 PROBE_C_END program=HIGH
1770409152333000918 PROBE_C_START program=HIGH
1770409152337065965 PROBE_C_END program=HIGH
1770409152539977114 PROBE_C_START program=HIGH
1770409152544024754 PROBE_C_END program=HIGH
1770409152746920884 PROBE_C_START program=HIGH
1770409152750996709 PROBE_C_END program=HIGH
1770409152953895728 PROBE_C_START program=HIGH
1770409152957966405 PROBE_C_END program=HIGH
1770409153160874220 PROBE_C_START program=HIGH
1770409153164938712 PROBE_C_END program=HIGH
1770409153367868287 PROBE_C_START program=HIGH
1770409153371961834 PROBE_C_END program=HIGH
1770409153574886779 PROBE_C_START program=HIGH
1770409153578996845 PROBE_C_END program=HIGH
1770409153781903068 PROBE_C_START program=HIGH
1770409153785994522 PROBE_C_END program=HIGH
1770409153988900282 PROBE_C_START program=HIGH
1770409153992999440 PROBE_C_END program=HIGH
1770409154195882219 PROBE_C_START program=HIGH
1770409154199949210 PROBE_C_END program=HIGH
1770409154402872637 PROBE_C_START program=HIGH
1770409154406956462 PROBE_C_END program=HIGH
1770409154609901148 PROBE_C_START program=HIGH
1770409154614039065 PROBE_C_END program=HIGH
1770409154816971436 PROBE_C_START program=HIGH
1770409154821060058 PROBE_C_END program=HIGH
1770409155023980947 PROBE_C_START program=HIGH
1770409155028015216 PROBE_C_END program=HIGH
1770409155230908236 PROBE_C_START program=HIGH
1770409155235013579 PROBE_C_END program=HIGH
1770409155437891228 PROBE_C_START program=HIGH
1770409155441988201 PROBE_C_END program=HIGH
1770409155644983350 PROBE_C_START program=HIGH
1770409155649070249 PROBE_C_END program=HIGH
1770409155852025898 PROBE_C_START program=HIGH
1770409155856105019 PROBE_C_END program=HIGH
1770409156059059353 PROBE_C_START program=HIGH
1770409156063159900 PROBE_C_END program=HIGH
1770409156266102956 PROBE_C_START program=HIGH
1770409156270181300 PROBE_C_END program=HIGH
1770409156473142022 PROBE_C_START program=HIGH
1770409156477232458 PROBE_C_END program=HIGH
1770409156680126089 PROBE_C_START program=HIGH
1770409156684184858 PROBE_C_END program=HIGH
1770409156887085284 PROBE_C_START program=HIGH
1770409156891205665 PROBE_C_END program=HIGH
1770409157094156814 PROBE_C_START program=HIGH
1770409157098228953 PROBE_C_END program=HIGH
1770409157301108083 PROBE_C_START program=HIGH
1770409157305223797 PROBE_C_END program=HIGH
1770409157508171742 PROBE_C_START program=HIGH
1770409157512247475 PROBE_C_END program=HIGH
1770409157715153012 PROBE_C_START program=HIGH
1770409157719967783 PROBE_C_END program=HIGH
1770409157923126710 PROBE_C_START program=HIGH
1770409157927218091 PROBE_C_END program=HIGH
1770409158130136258 PROBE_C_START program=HIGH
1770409158134232601 PROBE_C_END program=HIGH
1770409158337114805 PROBE_C_START program=HIGH
1770409158341184778 PROBE_C_END program=HIGH
1770409158544039186 PROBE_C_START program=HIGH
1770409158548123437 PROBE_C_END program=HIGH
1770409158750977919 PROBE_C_START program=HIGH
1770409158755082651 PROBE_C_END program=HIGH
1770409158957970596 PROBE_C_START program=HIGH
1770409158962033532 PROBE_C_END program=HIGH
1770409159164913921 PROBE_C_START program=HIGH
1770409159168987672 PROBE_C_END program=HIGH
1770409159371877598 PROBE_C_START program=HIGH
1770409159375952386 PROBE_C_END program=HIGH
1770409159578903313 PROBE_C_START program=HIGH
1770409159582986008 PROBE_C_END program=HIGH
1770409159785963601 PROBE_C_START program=HIGH
1770409159790073482 PROBE_C_END program=HIGH
1770409159992995575 PROBE_C_START program=HIGH
1770409159997087122 PROBE_C_END program=HIGH
1770409160199974085 PROBE_C_START program=HIGH
1770409160204016669 PROBE_C_END program=HIGH
1770409160406945244 PROBE_C_START program=HIGH
1770409160411035809 PROBE_C_END program=HIGH
1770409160613913902 PROBE_C_START program=HIGH
1770409160618019153 PROBE_C_END program=HIGH
1770409160820908783 PROBE_C_START program=HIGH
1770409160824978163 PROBE_C_END program=HIGH
1770409161028064590 PROBE_C_START program=HIGH
1770409161032453638 PROBE_C_END program=HIGH
1770409161235312212 PROBE_C_START program=HIGH
1770409161239372333 PROBE_C_END program=HIGH
1770409161442286945 PROBE_C_START program=HIGH
1770409161446335121 PROBE_C_END program=HIGH
1770409161649250085 PROBE_C_START program=HIGH
1770409161653349039 PROBE_C_END program=HIGH
1770409161856314243 PROBE_C_START program=HIGH
1770409161860402105 PROBE_C_END program=HIGH
1770409162063294698 PROBE_C_START program=HIGH
1770409162067329782 PROBE_C_END program=HIGH
1770409162270242986 PROBE_C_START program=HIGH
1770409162274373144 PROBE_C_END program=HIGH
1770409162477276108 PROBE_C_START program=HIGH
1770409162481384914 PROBE_C_END program=HIGH
1770409162684365729 PROBE_C_START program=HIGH
1770409162688446388 PROBE_C_END program=HIGH
1770409162891324721 PROBE_C_START program=HIGH
1770409162895392453 PROBE_C_END program=HIGH
1770409163098297231 PROBE_C_START program=HIGH
1770409163102378075 PROBE_C_END program=HIGH
1770409163305266723 PROBE_C_START program=HIGH
1770409163309299196 PROBE_C_END program=HIGH
1770409163512251678 PROBE_C_START program=HIGH
1770409163516357780 PROBE_C_END program=HIGH
1770409163719315058 PROBE_C_START program=HIGH
1770409163723425569 PROBE_C_END program=HIGH
1770409163926544069 PROBE_C_START program=HIGH
1770409163930838265 PROBE_C_END program=HIGH
1770409164133925025 PROBE_C_START program=HIGH
1770409164138026591 PROBE_C_END program=HIGH
1770409164340934017 PROBE_C_START program=HIGH
1770409164345019305 PROBE_C_END program=HIGH
1770409164547943231 PROBE_C_START program=HIGH
1770409164552041482 PROBE_C_END program=HIGH
1770409164754921037 PROBE_C_START program=HIGH
1770409164759019621 PROBE_C_END program=HIGH
1770409164961917362 PROBE_C_START program=HIGH
1770409164966010224 PROBE_C_END program=HIGH
1770409165168971187 PROBE_C_START program=HIGH
1770409165173036364 PROBE_C_END program=HIGH
1770409165375943661 PROBE_C_START program=HIGH
1770409165379993337 PROBE_C_END program=HIGH
1770409165582904374 PROBE_C_START program=HIGH
1770409165587004736 PROBE_C_END program=HIGH
1770409165789897977 PROBE_C_START program=HIGH
1770409165793984543 PROBE_C_END program=HIGH
1770409165996862858 PROBE_C_START program=HIGH
1770409166000949016 PROBE_C_END program=HIGH
1770409166203962553 PROBE_C_START program=HIGH
1770409166208016156 PROBE_C_END program=HIGH
1770409166410888989 PROBE_C_START program=HIGH
1770409166414973166 PROBE_C_END program=HIGH
1770409166617856481 PROBE_C_START program=HIGH
1770409166621937157 PROBE_C_END program=HIGH
1770409166824816546 PROBE_C_START program=HIGH
1770409166828888853 PROBE_C_END program=HIGH
1770409167031901427 PROBE_C_START program=HIGH
1770409167036035085 PROBE_C_END program=HIGH
1770409167239017493 PROBE_C_START program=HIGH
1770409167243110318 PROBE_C_END program=HIGH
1770409167446001521 PROBE_C_START program=HIGH
1770409167450068069 PROBE_C_END program=HIGH
1770409167653011365 PROBE_C_START program=HIGH
1770409167657080245 PROBE_C_END program=HIGH
1770409167860018357 PROBE_C_START program=HIGH
1770409167864070885 PROBE_C_END program=HIGH
1770409168066924070 PROBE_C_START program=HIGH
1770409168071027265 PROBE_C_END program=HIGH
1770409168273923191 PROBE_C_START program=HIGH
1770409168278017368 PROBE_C_END program=HIGH
1770409168480905831 PROBE_C_START program=HIGH
1770409168484998730 PROBE_C_END program=HIGH
1770409168688075897 PROBE_C_START program=HIGH
1770409168692186259 PROBE_C_END program=HIGH
1770409168895127796 PROBE_C_START program=HIGH
1770409168899205362 PROBE_C_END program=HIGH
1770409169102105139 PROBE_C_START program=HIGH
1770409169106173279 PROBE_C_END program=HIGH
1770409169309073631 PROBE_C_START program=HIGH
1770409169313158419 PROBE_C_END program=HIGH
1770409169516106456 PROBE_C_START program=HIGH
1770409169520170595 PROBE_C_END program=HIGH
1770409169723134021 PROBE_C_START program=HIGH
1770409169727212624 PROBE_C_END program=HIGH
1770409169930156587 PROBE_C_START program=HIGH
1770409169934594061 PROBE_C_END program=HIGH
1770409170137636042 PROBE_C_START program=HIGH
1770409170141720090 PROBE_C_END program=HIGH
1770409170344701812 PROBE_C_START program=HIGH
1770409170348797451 PROBE_C_END program=HIGH
1770409170551733655 PROBE_C_START program=HIGH
1770409170555789795 PROBE_C_END program=HIGH
1770409170758727110 PROBE_C_START program=HIGH
1770409170762821101 PROBE_C_END program=HIGH
1770409170965731397 PROBE_C_START program=HIGH
1770409170969810593 PROBE_C_END program=HIGH
1770409171172734407 PROBE_C_START program=HIGH
1770409171176816621 PROBE_C_END program=HIGH
1770409171379757139 PROBE_C_START program=HIGH
1770409171383810872 PROBE_C_END program=HIGH
1770409171586742668 PROBE_C_START program=HIGH
1770409171590825456 PROBE_C_END program=HIGH
1770409171793730567 PROBE_C_START program=HIGH
1770409171797824632 PROBE_C_END program=HIGH
1770409172000732780 PROBE_C_START program=HIGH
1770409172004813605 PROBE_C_END program=HIGH
1770409172207725994 PROBE_C_START program=HIGH
1770409172211799059 PROBE_C_END program=HIGH
1770409172414735244 PROBE_C_START program=HIGH
1770409172418833532 PROBE_C_END program=HIGH
1770409172621715421 PROBE_C_START program=HIGH
1770409172625815024 PROBE_C_END program=HIGH
1770409172828708801 PROBE_C_START program=HIGH
1770409172832788607 PROBE_C_END program=HIGH
1770409173035766848 PROBE_C_START program=HIGH
1770409173039855488 PROBE_C_END program=HIGH
1770409173242745154 PROBE_C_START program=HIGH
1770409173246811627 PROBE_C_END program=HIGH
1770409173449698090 PROBE_C_START program=HIGH
1770409173453778304 PROBE_C_END program=HIGH
1770409173656659433 PROBE_C_START program=HIGH
1770409173660753202 PROBE_C_END program=HIGH
1770409173863682961 PROBE_C_START program=HIGH
1770409173867748212 PROBE_C_END program=HIGH
1770409174070780527 PROBE_C_START program=HIGH
1770409174074937944 PROBE_C_END program=HIGH
1770409174277855463 PROBE_C_START program=HIGH
1770409174281916380 PROBE_C_END program=HIGH
1770409174484889213 PROBE_C_START program=HIGH
1770409174488966260 PROBE_C_END program=HIGH
1770409174691837612 PROBE_C_START program=HIGH
1770409174695902918 PROBE_C_END program=HIGH
1770409174898803029 PROBE_C_START program=HIGH
1770409174902903168 PROBE_C_END program=HIGH
1770409175105824520 PROBE_C_START program=HIGH
1770409175109923975 PROBE_C_END program=HIGH
1770409175312854085 PROBE_C_START program=HIGH
1770409175316928410 PROBE_C_END program=HIGH
1770409175519827058 PROBE_C_START program=HIGH
1770409175523902827 PROBE_C_END program=HIGH
1770409175726826790 PROBE_C_START program=HIGH
1770409175730896485 PROBE_C_END program=HIGH
1770409175933825707 PROBE_C_START program=HIGH
1770409175938158255 PROBE_C_END program=HIGH
1770409176141157718 PROBE_C_START program=HIGH
1770409176145457858 PROBE_C_END program=HIGH
1770409176348388024 PROBE_C_START program=HIGH
1770409176352453441 PROBE_C_END program=HIGH
1770409176555374534 PROBE_C_START program=HIGH
1770409176559444451 PROBE_C_END program=HIGH
1770409176762373525 PROBE_C_START program=HIGH
1770409176766464683 PROBE_C_END program=HIGH
1770409176969341479 PROBE_C_START program=HIGH
1770409176973445822 PROBE_C_END program=HIGH
1770409177176395859 PROBE_C_START program=HIGH
1770409177180482036 PROBE_C_END program=HIGH
1770409177383417146 PROBE_C_START program=HIGH
1770409177387445730 PROBE_C_END program=HIGH
1770409177590325434 PROBE_C_START program=HIGH
1770409177594417277 PROBE_C_END program=HIGH
1770409177797290221 PROBE_C_START program=HIGH
1770409177801369194 PROBE_C_END program=HIGH
1770409178004259175 PROBE_C_START program=HIGH
1770409178008280777 PROBE_C_END program=HIGH
1770409178211235073 PROBE_C_START program=HIGH
1770409178215310250 PROBE_C_END program=HIGH
1770409178418271527 PROBE_C_START program=HIGH
1770409178422379926 PROBE_C_END program=HIGH
1770409178625262389 PROBE_C_START program=HIGH
1770409178629364899 PROBE_C_END program=HIGH
1770409178832310491 PROBE_C_START program=HIGH
1770409178836349279 PROBE_C_END program=HIGH
1770409179039214019 PROBE_C_START program=HIGH
1770409179043253455 PROBE_C_END program=HIGH
1770409179246174028 PROBE_C_START program=HIGH
1770409179250271612 PROBE_C_END program=HIGH
1770409179453145241 PROBE_C_START program=HIGH
1770409179457213770 PROBE_C_END program=HIGH
1770409179660082584 PROBE_C_START program=HIGH
1770409179664152668 PROBE_C_END program=HIGH
1770409179867044001 PROBE_C_START program=HIGH
1770409179871166881 PROBE_C_END program=HIGH
1770409180074096733 PROBE_C_START program=HIGH
1770409180078241613 PROBE_C_END program=HIGH
1770409180281128983 PROBE_C_START program=HIGH
1770409180285218363 PROBE_C_END program=HIGH
1770409180488139863 PROBE_C_START program=HIGH
1770409180492224891 PROBE_C_END program=HIGH
1770409180695108428 PROBE_C_START program=HIGH
1770409180699177419 PROBE_C_END program=HIGH
1770409180902054789 PROBE_C_START program=HIGH
1770409180906137540 PROBE_C_END program=HIGH
1770409181109035558 PROBE_C_START program=HIGH
1770409181113073216 PROBE_C_END program=HIGH
1770409181315944215 PROBE_C_START program=HIGH
1770409181319996836 PROBE_C_END program=HIGH
1770409181522910113 PROBE_C_START program=HIGH
1770409181527031179 PROBE_C_END program=HIGH
1770409181729916734 PROBE_C_START program=HIGH
1770409181733989836 PROBE_C_END program=HIGH
1770409181936885762 PROBE_C_START program=HIGH
1770409181940972550 PROBE_C_END program=HIGH
1770409182143968882 PROBE_C_START program=HIGH
1770409182148156115 PROBE_C_END program=HIGH
1770409182351224911 PROBE_C_START program=HIGH
1770409182355339495 PROBE_C_END program=HIGH
1770409182558225476 PROBE_C_START program=HIGH
1770409182562302690 PROBE_C_END program=HIGH
1770409182765199467 PROBE_C_START program=HIGH
1770409182769292032 PROBE_C_END program=HIGH
1770409182972153698 PROBE_C_START program=HIGH
1770409182976244264 PROBE_C_END program=HIGH
1770409183179243874 PROBE_C_START program=HIGH
1770409183183327329 PROBE_C_END program=HIGH
1770409183386196087 PROBE_C_START program=HIGH
1770409183390236375 PROBE_C_END program=HIGH
1770409183593133541 PROBE_C_START program=HIGH
1770409183597211903 PROBE_C_END program=HIGH
1770409183800095069 PROBE_C_START program=HIGH
1770409183804145356 PROBE_C_END program=HIGH
1770409184006990078 PROBE_C_START program=HIGH
1770409184011045625 PROBE_C_END program=HIGH
1770409184213922328 PROBE_C_START program=HIGH
1770409184217987523 PROBE_C_END program=HIGH
1770409184420869781 PROBE_C_START program=HIGH
1770409184424926143 PROBE_C_END program=HIGH
1770409184627767864 PROBE_C_START program=HIGH
1770409184631825078 PROBE_C_END program=HIGH
1770409184834661633 PROBE_C_START program=HIGH
1770409184838717957 PROBE_C_END program=HIGH
1770409185041587438 PROBE_C_START program=HIGH
1770409185045680337 PROBE_C_END program=HIGH
1770409185248557040 PROBE_C_START program=HIGH
1770409185252545864 PROBE_C_END program=HIGH
1770409185455391197 PROBE_C_START program=HIGH
1770409185459454595 PROBE_C_END program=HIGH
1770409185662328854 PROBE_C_START program=HIGH
1770409185666390808 PROBE_C_END program=HIGH
1770409185869276400 PROBE_C_START program=HIGH
1770409185873338817 PROBE_C_END program=HIGH
1770409186076193539 PROBE_C_START program=HIGH
1770409186080222511 PROBE_C_END program=HIGH
1770409186283054177 PROBE_C_START program=HIGH
1770409186287095909 PROBE_C_END program=HIGH
1770409186489937408 PROBE_C_START program=HIGH
1770409186494042603 PROBE_C_END program=HIGH
1770409186696917010 PROBE_C_START program=HIGH
1770409186700965001 PROBE_C_END program=HIGH
1770409186903824241 PROBE_C_START program=HIGH
1770409186907867214 PROBE_C_END program=HIGH
1770409187110753232 PROBE_C_START program=HIGH
1770409187114792390 PROBE_C_END program=HIGH
1770409187317670166 PROBE_C_START program=HIGH
1770409187321743399 PROBE_C_END program=HIGH
1770409187524604120 PROBE_C_START program=HIGH
1770409187528686019 PROBE_C_END program=HIGH
1770409187731540888 PROBE_C_START program=HIGH
1770409187735586268 PROBE_C_END program=HIGH
1770409187938408323 PROBE_C_START program=HIGH
1770409187942456777 PROBE_C_END program=HIGH
1770409188145325554 PROBE_C_START program=HIGH
1770409188149375638 PROBE_C_END program=HIGH
1770409188352230989 PROBE_C_START program=HIGH
1770409188356393351 PROBE_C_END program=HIGH
1770409188559466720 PROBE_C_START program=HIGH
1770409188563620657 PROBE_C_END program=HIGH
1770409188766417489 PROBE_C_START program=HIGH
1770409188770484684 PROBE_C_END program=HIGH
1770409188973275516 PROBE_C_START program=HIGH
1770409188977302748 PROBE_C_END program=HIGH
1770409189180122265 PROBE_C_START program=HIGH
1770409189184161905 PROBE_C_END program=HIGH
1770409189386964737 PROBE_C_START program=HIGH
1770409189391019784 PROBE_C_END program=HIGH
1770409189593812505 PROBE_C_START program=HIGH
1770409189597832181 PROBE_C_END program=HIGH
1770409189800689440 PROBE_C_START program=HIGH
1770409189804765301 PROBE_C_END program=HIGH
1770409190007547578 PROBE_C_START program=HIGH
1770409190011574866 PROBE_C_END program=HIGH
1770409190214384161 PROBE_C_START program=HIGH
1770409190218438133 PROBE_C_END program=HIGH
1770409190421340003 PROBE_C_START program=HIGH
1770409190425403457 PROBE_C_END program=HIGH
1770409190628292178 PROBE_C_START program=HIGH
1770409190632367336 PROBE_C_END program=HIGH
1770409190835255650 PROBE_C_START program=HIGH
1770409190839311216 PROBE_C_END program=HIGH
1770409191042265326 PROBE_C_START program=HIGH
1770409191046363484 PROBE_C_END program=HIGH
1770409191249294705 PROBE_C_START program=HIGH
1770409191253407734 PROBE_C_END program=HIGH
1770409191456367751 PROBE_C_START program=HIGH
1770409191460437243 PROBE_C_END program=HIGH
1770409191663340686 PROBE_C_START program=HIGH
1770409191667400789 PROBE_C_END program=HIGH
1770409191870348269 PROBE_C_START program=HIGH
1770409191874437113 PROBE_C_END program=HIGH
1770409192077309815 PROBE_C_START program=HIGH
1770409192081391862 PROBE_C_END program=HIGH
1770409192284294287 PROBE_C_START program=HIGH
1770409192288377001 PROBE_C_END program=HIGH
1770409192491228240 PROBE_C_START program=HIGH
1770409192495331157 PROBE_C_END program=HIGH
1770409192698287119 PROBE_C_START program=HIGH
1770409192702393611 PROBE_C_END program=HIGH
1770409192905265054 PROBE_C_START program=HIGH
1770409192909359657 PROBE_C_END program=HIGH
1770409193112279915 PROBE_C_START program=HIGH
1770409193116337925 PROBE_C_END program=HIGH
1770409193319224831 PROBE_C_START program=HIGH
1770409193323267637 PROBE_C_END program=HIGH
1770409193526223173 PROBE_C_START program=HIGH
1770409193530277165 PROBE_C_END program=HIGH
1770409193733212571 PROBE_C_START program=HIGH
1770409193737295081 PROBE_C_END program=HIGH
1770409193940251858 PROBE_C_START program=HIGH
1770409193944281979 PROBE_C_END program=HIGH
