1771950661786404108 R2_IDLE_A seconds=60 actions=B_SKELETON
1771950721788371627 SKIP_PROBE_A seconds=60
1771950781790277632 R2_IDLE_B seconds=30 actions=B_SKELETON
1771950811794308910 PROBE_B_START program=low
1771950811797389235 PROBE_B_END program=low
1771950812000274529 PROBE_B_START program=low
1771950812003429169 PROBE_B_END program=low
1771950812206494093 PROBE_B_START program=low
1771950812209995216 PROBE_B_END program=low
1771950812413098511 PROBE_B_START program=low
1771950812416329429 PROBE_B_END program=low
1771950812619172056 PROBE_B_START program=low
1771950812622340363 PROBE_B_END program=low
1771950812825216601 PROBE_B_START program=low
1771950812828310779 PROBE_B_END program=low
1771950813031153239 PROBE_B_START program=low
1771950813034250694 PROBE_B_END program=low
1771950813237105265 PROBE_B_START program=low
1771950813240235961 PROBE_B_END program=low
1771950813443087440 PROBE_B_START program=low
1771950813446198654 PROBE_B_END program=low
1771950813649074707 PROBE_B_START program=low
1771950813652172533 PROBE_B_END program=low
1771950813855062345 PROBE_B_START program=low
1771950813858181504 PROBE_B_END program=low
1771950814061051908 PROBE_B_START program=low
1771950814064094882 PROBE_B_END program=low
1771950814266953120 PROBE_B_START program=low
1771950814270080334 PROBE_B_END program=low
1771950814472917183 PROBE_B_START program=low
1771950814476026435 PROBE_B_END program=low
1771950814678910376 PROBE_B_START program=low
1771950814681981554 PROBE_B_END program=low
1771950814884814125 PROBE_B_START program=low
1771950814887918432 PROBE_B_END program=low
1771950815090768355 PROBE_B_START program=low
1771950815093825921 PROBE_B_END program=low
1771950815296671510 PROBE_B_START program=low
1771950815299807836 PROBE_B_END program=low
1771950815502680333 PROBE_B_START program=low
1771950815505690492 PROBE_B_END program=low
1771950815708471859 PROBE_B_START program=low
1771950815711516147 PROBE_B_END program=low
1771950815914341903 PROBE_B_START program=low
1771950815917460229 PROBE_B_END program=low
1771950816120344782 PROBE_B_START program=low
1771950816123479792 PROBE_B_END program=low
1771950816326276919 PROBE_B_START program=low
1771950816329532263 PROBE_B_END program=low
1771950816532508872 PROBE_B_START program=low
1771950816535747976 PROBE_B_END program=low
1771950816738560121 PROBE_B_START program=low
1771950816741505353 PROBE_B_END program=low
1771950816944402221 PROBE_B_START program=low
1771950816947575546 PROBE_B_END program=low
1771950817150487895 PROBE_B_START program=low
1771950817153713388 PROBE_B_END program=low
1771950817356617292 PROBE_B_START program=low
1771950817359801915 PROBE_B_END program=low
1771950817562755375 PROBE_B_START program=low
1771950817565963664 PROBE_B_END program=low
1771950817768748142 PROBE_B_START program=low
1771950817771657300 PROBE_B_END program=low
1771950817974582279 PROBE_B_START program=low
1771950817977787660 PROBE_B_END program=low
1771950818180667527 PROBE_B_START program=low
1771950818183818760 PROBE_B_END program=low
1771950818386766721 PROBE_B_START program=low
1771950818389968250 PROBE_B_END program=low
1771950818592924451 PROBE_B_START program=low
1771950818596080073 PROBE_B_END program=low
1771950818798863162 PROBE_B_START program=low
1771950818801765857 PROBE_B_END program=low
1771950819004609428 PROBE_B_START program=low
1771950819007819865 PROBE_B_END program=low
1771950819210823548 PROBE_B_START program=low
1771950819214029448 PROBE_B_END program=low
1771950819416922723 PROBE_B_START program=low
1771950819420084511 PROBE_B_END program=low
1771950819622973267 PROBE_B_START program=low
1771950819626146815 PROBE_B_END program=low
1771950819828901941 PROBE_B_START program=low
1771950819831781174 PROBE_B_END program=low
1771950820034609911 PROBE_B_START program=low
1771950820037755792 PROBE_B_END program=low
1771950820240665511 PROBE_B_START program=low
1771950820243879893 PROBE_B_END program=low
1771950820446835594 PROBE_B_START program=low
1771950820449993142 PROBE_B_END program=low
1771950820652929268 PROBE_B_START program=low
1771950820656040353 PROBE_B_END program=low
1771950820858802183 PROBE_B_START program=low
1771950820862109379 PROBE_B_END program=low
1771950821065352563 PROBE_B_START program=low
1771950821068833834 PROBE_B_END program=low
1771950821272011683 PROBE_B_START program=low
1771950821275253991 PROBE_B_END program=low
1771950821478175154 PROBE_B_START program=low
1771950821481316906 PROBE_B_END program=low
1771950821684269496 PROBE_B_START program=low
1771950821687464877 PROBE_B_END program=low
1771950821890452689 PROBE_B_START program=low
1771950821893601570 PROBE_B_END program=low
1771950822096444493 PROBE_B_START program=low
1771950822099605448 PROBE_B_END program=low
1771950822302495963 PROBE_B_START program=low
1771950822305658067 PROBE_B_END program=low
1771950822508549286 PROBE_B_START program=low
1771950822511721426 PROBE_B_END program=low
1771950822714591423 PROBE_B_START program=low
1771950822717744971 PROBE_B_END program=low
1771950822920592597 PROBE_B_START program=low
1771950822923583070 PROBE_B_END program=low
1771950823126419233 PROBE_B_START program=low
1771950823129606800 PROBE_B_END program=low
1771950823332475056 PROBE_B_START program=low
1771950823335627067 PROBE_B_END program=low
1771950823538533915 PROBE_B_START program=low
1771950823541705278 PROBE_B_END program=low
1771950823744520367 PROBE_B_START program=low
1771950823747673007 PROBE_B_END program=low
1771950823950532763 PROBE_B_START program=low
1771950823953523403 PROBE_B_END program=low
1771950824156372622 PROBE_B_START program=low
1771950824159562040 PROBE_B_END program=low
1771950824362480389 PROBE_B_START program=low
1771950824365628548 PROBE_B_END program=low
1771950824568540748 PROBE_B_START program=low
1771950824571677148 PROBE_B_END program=low
1771950824774539107 PROBE_B_START program=low
1771950824777741267 PROBE_B_END program=low
1771950824980494744 PROBE_B_START program=low
1771950824983411328 PROBE_B_END program=low
1771950825186318640 PROBE_B_START program=low
1771950825189511095 PROBE_B_END program=low
1771950825392469499 PROBE_B_START program=low
1771950825395681677 PROBE_B_END program=low
1771950825598653248 PROBE_B_START program=low
1771950825601829407 PROBE_B_END program=low
1771950825804715996 PROBE_B_START program=low
1771950825807884711 PROBE_B_END program=low
1771950826010629559 PROBE_B_START program=low
1771950826013541847 PROBE_B_END program=low
1771950826216385306 PROBE_B_START program=low
1771950826219556095 PROBE_B_END program=low
1771950826422456498 PROBE_B_START program=low
1771950826425625695 PROBE_B_END program=low
1771950826628513117 PROBE_B_START program=low
1771950826631703091 PROBE_B_END program=low
1771950826834806551 PROBE_B_START program=low
1771950826837993840 PROBE_B_END program=low
1771950827040981225 PROBE_B_START program=low
1771950827044209181 PROBE_B_END program=low
1771950827247270048 PROBE_B_START program=low
1771950827250508800 PROBE_B_END program=low
1771950827453447371 PROBE_B_START program=low
1771950827456654938 PROBE_B_END program=low
1771950827659590545 PROBE_B_START program=low
1771950827662798297 PROBE_B_END program=low
1771950827865748757 PROBE_B_START program=low
1771950827868910360 PROBE_B_END program=low
1771950828071700634 PROBE_B_START program=low
1771950828074640681 PROBE_B_END program=low
1771950828277497233 PROBE_B_START program=low
1771950828280698503 PROBE_B_END program=low
1771950828483657333 PROBE_B_START program=low
1771950828486878363 PROBE_B_END program=low
1771950828689768081 PROBE_B_START program=low
1771950828692939963 PROBE_B_END program=low
1771950828895931033 PROBE_B_START program=low
1771950828899133007 PROBE_B_END program=low
1771950829102113356 PROBE_B_START program=low
1771950829105243496 PROBE_B_END program=low
1771950829308075881 PROBE_B_START program=low
1771950829311534264 PROBE_B_END program=low
1771950829514557075 PROBE_B_START program=low
1771950829517869623 PROBE_B_END program=low
1771950829720770509 PROBE_B_START program=low
1771950829723938371 PROBE_B_END program=low
1771950829926868016 PROBE_B_START program=low
1771950829930043564 PROBE_B_END program=low
1771950830132905412 PROBE_B_START program=low
1771950830135957737 PROBE_B_END program=low
1771950830338815233 PROBE_B_START program=low
1771950830342024726 PROBE_B_END program=low
1771950830544899074 PROBE_B_START program=low
1771950830548030918 PROBE_B_END program=low
1771950830750906747 PROBE_B_START program=low
1771950830754109184 PROBE_B_END program=low
1771950830956997681 PROBE_B_START program=low
1771950830960176747 PROBE_B_END program=low
1771950831163139558 PROBE_B_START program=low
1771950831166251754 PROBE_B_END program=low
1771950831369098084 PROBE_B_START program=low
1771950831372190928 PROBE_B_END program=low
1771950831575018923 PROBE_B_START program=low
1771950831578038175 PROBE_B_END program=low
1771950831780853819 PROBE_B_START program=low
1771950831783936644 PROBE_B_END program=low
1771950831986761973 PROBE_B_START program=low
1771950831989787058 PROBE_B_END program=low
1771950832192457923 PROBE_B_START program=low
1771950832195307693 PROBE_B_END program=low
1771950832398059207 PROBE_B_START program=low
1771950832401129069 PROBE_B_END program=low
1771950832603911083 PROBE_B_START program=low
1771950832606991001 PROBE_B_END program=low
1771950832809856034 PROBE_B_START program=low
1771950832812899971 PROBE_B_END program=low
1771950833015728837 PROBE_B_START program=low
1771950833018814477 PROBE_B_END program=low
1771950833221518454 PROBE_B_START program=low
1771950833224347575 PROBE_B_END program=low
1771950833427139700 PROBE_B_START program=low
1771950833430171340 PROBE_B_END program=low
1771950833632979577 PROBE_B_START program=low
1771950833636107532 PROBE_B_END program=low
1771950833838970565 PROBE_B_START program=low
1771950833842026613 PROBE_B_END program=low
1771950834044884090 PROBE_B_START program=low
1771950834048014527 PROBE_B_END program=low
1771950834250689096 PROBE_B_START program=low
1771950834253504457 PROBE_B_END program=low
1771950834456266323 PROBE_B_START program=low
1771950834459416075 PROBE_B_END program=low
1771950834662222867 PROBE_B_START program=low
1771950834665299970 PROBE_B_END program=low
1771950834868158984 PROBE_B_START program=low
1771950834871302495 PROBE_B_END program=low
1771950835074174843 PROBE_B_START program=low
1771950835077276280 PROBE_B_END program=low
1771950835280053794 PROBE_B_START program=low
1771950835282989841 PROBE_B_END program=low
1771950835485820633 PROBE_B_START program=low
1771950835488881384 PROBE_B_END program=low
1771950835691704658 PROBE_B_START program=low
1771950835694857002 PROBE_B_END program=low
1771950835897734609 PROBE_B_START program=low
1771950835900818749 PROBE_B_END program=low
1771950836103678782 PROBE_B_START program=low
1771950836106804737 PROBE_B_END program=low
1771950836309555195 PROBE_B_START program=low
1771950836312361186 PROBE_B_END program=low
1771950836515119478 PROBE_B_START program=low
1771950836518164340 PROBE_B_END program=low
1771950836721029336 PROBE_B_START program=low
1771950836724158328 PROBE_B_END program=low
1771950836927023157 PROBE_B_START program=low
1771950836930066020 PROBE_B_END program=low
1771950837132890182 PROBE_B_START program=low
1771950837136044637 PROBE_B_END program=low
1771950837338852022 PROBE_B_START program=low
1771950837341768976 PROBE_B_END program=low
1771950837544557416 PROBE_B_START program=low
1771950837547679797 PROBE_B_END program=low
1771950837750505311 PROBE_B_START program=low
1771950837753562525 PROBE_B_END program=low
1771950837956419595 PROBE_B_START program=low
1771950837959550958 PROBE_B_END program=low
1771950838162409176 PROBE_B_START program=low
1771950838165598020 PROBE_B_END program=low
1771950838368618238 PROBE_B_START program=low
1771950838372045435 PROBE_B_END program=low
1771950838575044061 PROBE_B_START program=low
1771950838578248331 PROBE_B_END program=low
1771950838781075919 PROBE_B_START program=low
1771950838784152615 PROBE_B_END program=low
1771950838987012611 PROBE_B_START program=low
1771950838990095825 PROBE_B_END program=low
1771950839192901376 PROBE_B_START program=low
1771950839196034202 PROBE_B_END program=low
1771950839398729474 PROBE_B_START program=low
1771950839401423206 PROBE_B_END program=low
1771950839604207257 PROBE_B_START program=low
1771950839607392545 PROBE_B_END program=low
1771950839810342319 PROBE_B_START program=low
1771950839813510163 PROBE_B_END program=low
1771950840016423252 PROBE_B_START program=low
1771950840019600633 PROBE_B_END program=low
1771950840222543740 PROBE_B_START program=low
1771950840225714843 PROBE_B_END program=low
1771950840428426116 PROBE_B_START program=low
1771950840431266459 PROBE_B_END program=low
1771950840634144140 PROBE_B_START program=low
1771950840637375169 PROBE_B_END program=low
1771950840840304387 PROBE_B_START program=low
1771950840843503602 PROBE_B_END program=low
1771950841046439542 PROBE_B_START program=low
1771950841049645053 PROBE_B_END program=low
1771950841252547012 PROBE_B_START program=low
1771950841255750986 PROBE_B_END program=low
1771950841458488888 PROBE_B_START program=low
1771950841461341028 PROBE_B_END program=low
1771950841664253931 PROBE_B_START program=low
1771950841667420849 PROBE_B_END program=low
1771950841870367956 PROBE_B_START program=low
1771950841873554985 PROBE_B_END program=low
1771950842076509388 PROBE_B_START program=low
1771950842079730418 PROBE_B_END program=low
1771950842282627191 PROBE_B_START program=low
1771950842285780943 PROBE_B_END program=low
1771950842488567234 PROBE_B_START program=low
1771950842491476226 PROBE_B_END program=low
1771950842694394443 PROBE_B_START program=low
1771950842697575658 PROBE_B_END program=low
1771950842900474320 PROBE_B_START program=low
1771950842903633683 PROBE_B_END program=low
1771950843106575401 PROBE_B_START program=low
1771950843109801393 PROBE_B_END program=low
1771950843312686833 PROBE_B_START program=low
1771950843315859289 PROBE_B_END program=low
1771950843518726247 PROBE_B_START program=low
1771950843521759850 PROBE_B_END program=low
1771950843724675123 PROBE_B_START program=low
1771950843727885116 PROBE_B_END program=low
1771950843930808593 PROBE_B_START program=low
1771950843933986400 PROBE_B_END program=low
1771950844136891136 PROBE_B_START program=low
1771950844140095721 PROBE_B_END program=low
1771950844342973698 PROBE_B_START program=low
1771950844346142394 PROBE_B_END program=low
1771950844549099278 PROBE_B_START program=low
1771950844552270900 PROBE_B_END program=low
1771950844755280378 PROBE_B_START program=low
1771950844758473111 PROBE_B_END program=low
1771950844961428625 PROBE_B_START program=low
1771950844964613229 PROBE_B_END program=low
1771950845167552835 PROBE_B_START program=low
1771950845170711809 PROBE_B_END program=low
1771950845373641952 PROBE_B_START program=low
1771950845376803630 PROBE_B_END program=low
1771950845579839052 PROBE_B_START program=low
1771950845583078081 PROBE_B_END program=low
1771950845786003410 PROBE_B_START program=low
1771950845789151236 PROBE_B_END program=low
1771950845992099490 PROBE_B_START program=low
1771950845995346187 PROBE_B_END program=low
1771950846198315738 PROBE_B_START program=low
1771950846201459452 PROBE_B_END program=low
1771950846404399540 PROBE_B_START program=low
1771950846407600255 PROBE_B_END program=low
1771950846610682825 PROBE_B_START program=low
1771950846614073392 PROBE_B_END program=low
1771950846817143444 PROBE_B_START program=low
1771950846820452085 PROBE_B_END program=low
1771950847023454376 PROBE_B_START program=low
1771950847026610795 PROBE_B_END program=low
1771950847229522031 PROBE_B_START program=low
1771950847232678523 PROBE_B_END program=low
1771950847435561537 PROBE_B_START program=low
1771950847438735511 PROBE_B_END program=low
1771950847641495876 PROBE_B_START program=low
1771950847644303737 PROBE_B_END program=low
1771950847847093176 PROBE_B_START program=low
1771950847850287595 PROBE_B_END program=low
1771950848053174553 PROBE_B_START program=low
1771950848056350953 PROBE_B_END program=low
1771950848259248633 PROBE_B_START program=low
1771950848262473570 PROBE_B_END program=low
1771950848465380861 PROBE_B_START program=low
1771950848468530650 PROBE_B_END program=low
1771950848671285219 PROBE_B_START program=low
1771950848674201470 PROBE_B_END program=low
1771950848877050816 PROBE_B_START program=low
1771950848880241938 PROBE_B_END program=low
1771950849083147452 PROBE_B_START program=low
1771950849086319148 PROBE_B_END program=low
1771950849289176032 PROBE_B_START program=low
1771950849292286987 PROBE_B_END program=low
1771950849495115297 PROBE_B_START program=low
1771950849498124048 PROBE_B_END program=low
1771950849700761486 PROBE_B_START program=low
1771950849703636237 PROBE_B_END program=low
1771950849906383972 PROBE_B_START program=low
1771950849909379427 PROBE_B_END program=low
1771950850112215774 PROBE_B_START program=low
1771950850115250728 PROBE_B_END program=low
1771950850318093408 PROBE_B_START program=low
1771950850321033215 PROBE_B_END program=low
1771950850523829784 PROBE_B_START program=low
1771950850526861924 PROBE_B_END program=low
1771950850729559714 PROBE_B_START program=low
1771950850732370539 PROBE_B_END program=low
1771950850935113792 PROBE_B_START program=low
1771950850938178062 PROBE_B_END program=low
1771950851141019779 PROBE_B_START program=low
1771950851144178753 PROBE_B_END program=low
1771950851347014044 PROBE_B_START program=low
1771950851350046073 PROBE_B_END program=low
1771950851552873771 PROBE_B_START program=low
1771950851555999486 PROBE_B_END program=low
1771950851758775277 PROBE_B_START program=low
1771950851761723472 PROBE_B_END program=low
1771950851964565337 PROBE_B_START program=low
1771950851967717496 PROBE_B_END program=low
1771950852170563805 PROBE_B_START program=low
1771950852173652594 PROBE_B_END program=low
1771950852376488163 PROBE_B_START program=low
1771950852379589210 PROBE_B_END program=low
1771950852582451872 PROBE_B_START program=low
1771950852585451549 PROBE_B_END program=low
1771950852788251821 PROBE_B_START program=low
1771950852791193127 PROBE_B_END program=low
1771950852994024696 PROBE_B_START program=low
1771950852997124836 PROBE_B_END program=low
1771950853199947720 PROBE_B_START program=low
1771950853203040656 PROBE_B_END program=low
1771950853405892984 PROBE_B_START program=low
1771950853408974106 PROBE_B_END program=low
1771950853611788026 PROBE_B_START program=low
1771950853614871167 PROBE_B_END program=low
1771950853817821402 PROBE_B_START program=low
1771950853820901228 PROBE_B_END program=low
1771950854023736482 PROBE_B_START program=low
1771950854026850289 PROBE_B_END program=low
1771950854229717654 PROBE_B_START program=low
1771950854232750127 PROBE_B_END program=low
1771950854435548955 PROBE_B_START program=low
1771950854438639836 PROBE_B_END program=low
1771950854641509664 PROBE_B_START program=low
1771950854644610804 PROBE_B_END program=low
1771950854847476336 PROBE_B_START program=low
1771950854850597161 PROBE_B_END program=low
1771950855053459860 PROBE_B_START program=low
1771950855056553833 PROBE_B_END program=low
1771950855259367439 PROBE_B_START program=low
1771950855262508783 PROBE_B_END program=low
1771950855465335388 PROBE_B_START program=low
1771950855468443714 PROBE_B_END program=low
1771950855671268690 PROBE_B_START program=low
1771950855674434164 PROBE_B_END program=low
1771950855877512974 PROBE_B_START program=low
1771950855880855263 PROBE_B_END program=low
1771950856083828221 PROBE_B_START program=low
1771950856087037880 PROBE_B_END program=low
1771950856289901263 PROBE_B_START program=low
1771950856292977163 PROBE_B_END program=low
1771950856495799676 PROBE_B_START program=low
1771950856498806297 PROBE_B_END program=low
1771950856701650514 PROBE_B_START program=low
1771950856704706672 PROBE_B_END program=low
1771950856907303592 PROBE_B_START program=low
1771950856909981768 PROBE_B_END program=low
1771950857112748188 PROBE_B_START program=low
1771950857115852032 PROBE_B_END program=low
1771950857318693471 PROBE_B_START program=low
1771950857321671888 PROBE_B_END program=low
1771950857524490549 PROBE_B_START program=low
1771950857527629079 PROBE_B_END program=low
1771950857730469036 PROBE_B_START program=low
1771950857733493157 PROBE_B_END program=low
1771950857936163373 PROBE_B_START program=low
1771950857938967809 PROBE_B_END program=low
1771950858141725359 PROBE_B_START program=low
1771950858144816777 PROBE_B_END program=low
1771950858347629623 PROBE_B_START program=low
1771950858350749670 PROBE_B_END program=low
1771950858553608294 PROBE_B_START program=low
1771950858556697361 PROBE_B_END program=low
1771950858759503521 PROBE_B_START program=low
1771950858762585773 PROBE_B_END program=low
1771950858965426489 PROBE_B_START program=low
1771950858968351036 PROBE_B_END program=low
1771950859171095623 PROBE_B_START program=low
1771950859174162430 PROBE_B_END program=low
1771950859377012868 PROBE_B_START program=low
1771950859380125805 PROBE_B_END program=low
1771950859582987151 PROBE_B_START program=low
1771950859586025588 PROBE_B_END program=low
1771950859788863600 PROBE_B_START program=low
1771950859791947944 PROBE_B_END program=low
1771950859994817309 PROBE_B_START program=low
1771950859997712949 PROBE_B_END program=low
1771950860200435831 PROBE_B_START program=low
1771950860203421990 PROBE_B_END program=low
1771950860406231354 PROBE_B_START program=low
1771950860409317883 PROBE_B_END program=low
1771950860612144007 PROBE_B_START program=low
1771950860615257407 PROBE_B_END program=low
1771950860818146234 PROBE_B_START program=low
1771950860821254134 PROBE_B_END program=low
1771950861024145054 PROBE_B_START program=low
1771950861027292676 PROBE_B_END program=low
1771950861230197115 PROBE_B_START program=low
1771950861233284570 PROBE_B_END program=low
1771950861436135231 PROBE_B_START program=low
1771950861439242556 PROBE_B_END program=low
1771950861642099458 PROBE_B_START program=low
1771950861645197135 PROBE_B_END program=low
1771950861848012129 PROBE_B_START program=low
1771950861851108195 PROBE_B_END program=low
1771950862054055782 PROBE_B_START program=low
1771950862057138108 PROBE_B_END program=low
1771950862259994768 PROBE_B_START program=low
1771950862263129742 PROBE_B_END program=low
1771950862466009403 PROBE_B_START program=low
1771950862469064988 PROBE_B_END program=low
1771950862671833037 PROBE_B_START program=low
1771950862674949529 PROBE_B_END program=low
1771950862877778801 PROBE_B_START program=low
1771950862880879237 PROBE_B_END program=low
1771950863083765380 PROBE_B_START program=low
1771950863086747112 PROBE_B_END program=low
1771950863289591995 PROBE_B_START program=low
1771950863292660246 PROBE_B_END program=low
1771950863495467129 PROBE_B_START program=low
1771950863498559232 PROBE_B_END program=low
1771950863701384060 PROBE_B_START program=low
1771950863704485737 PROBE_B_END program=low
1771950863907295842 PROBE_B_START program=low
1771950863910346371 PROBE_B_END program=low
1771950864113257013 PROBE_B_START program=low
1771950864116410061 PROBE_B_END program=low
1771950864319283796 PROBE_B_START program=low
1771950864322348584 PROBE_B_END program=low
1771950864525175300 PROBE_B_START program=low
1771950864528327904 PROBE_B_END program=low
1771950864731292065 PROBE_B_START program=low
1771950864734989448 PROBE_B_END program=low
1771950864938138091 PROBE_B_START program=low
1771950864941294602 PROBE_B_END program=low
1771950865144126318 PROBE_B_START program=low
1771950865147023495 PROBE_B_END program=low
1771950865349842081 PROBE_B_START program=low
1771950865352997573 PROBE_B_END program=low
1771950865555888067 PROBE_B_START program=low
1771950865559037911 PROBE_B_END program=low
1771950865761976091 PROBE_B_START program=low
1771950865765091916 PROBE_B_END program=low
1771950865967977762 PROBE_B_START program=low
1771950865971181884 PROBE_B_END program=low
1771950866174016786 PROBE_B_START program=low
1771950866176899110 PROBE_B_END program=low
1771950866379742678 PROBE_B_START program=low
1771950866382915523 PROBE_B_END program=low
1771950866585842517 PROBE_B_START program=low
1771950866588996805 PROBE_B_END program=low
1771950866791895836 PROBE_B_START program=low
1771950866795073495 PROBE_B_END program=low
1771950866998044064 PROBE_B_START program=low
1771950867001194315 PROBE_B_END program=low
1771950867204116957 PROBE_B_START program=low
1771950867207203801 PROBE_B_END program=low
1771950867410042221 PROBE_B_START program=low
1771950867412993046 PROBE_B_END program=low
1771950867615838595 PROBE_B_START program=low
1771950867619026069 PROBE_B_END program=low
1771950867821953545 PROBE_B_START program=low
1771950867825133389 PROBE_B_END program=low
1771950868028043568 PROBE_B_START program=low
1771950868031212931 PROBE_B_END program=low
1771950868234250685 PROBE_B_START program=low
1771950868237438510 PROBE_B_END program=low
1771950868440209004 PROBE_B_START program=low
1771950868443154421 PROBE_B_END program=low
1771950868646068971 PROBE_B_START program=low
1771950868649191296 PROBE_B_END program=low
1771950868852094772 PROBE_B_START program=low
1771950868855270931 PROBE_B_END program=low
1771950869058241073 PROBE_B_START program=low
1771950869061438973 PROBE_B_END program=low
1771950869264506467 PROBE_B_START program=low
1771950869267761016 PROBE_B_END program=low
1771950869470660769 PROBE_B_START program=low
1771950869473842891 PROBE_B_END program=low
1771950869676748533 PROBE_B_START program=low
1771950869679962970 PROBE_B_END program=low
1771950869882886075 PROBE_B_START program=low
1771950869886074252 PROBE_B_END program=low
1771950870089000839 PROBE_B_START program=low
1771950870092141701 PROBE_B_END program=low
1771950870295138214 PROBE_B_START program=low
1771950870298370151 PROBE_B_END program=low
1771950870501273349 PROBE_B_START program=low
1771950870504407711 PROBE_B_END program=low
1771950870707326112 PROBE_B_START program=low
1771950870710495272 PROBE_B_END program=low
1771950870913366913 PROBE_B_START program=low
1771950870916521109 PROBE_B_END program=low
1771950871119445548 R2_IDLE_C seconds=30 actions=B_SKELETON
1771950901121493862 SKIP_PROBE_C seconds=60
