1771446718049003826 R2_IDLE_A seconds=60 actions=B_SKELETON
1771446778051031920 SKIP_PROBE_A seconds=60
1771446838052931264 R2_IDLE_B seconds=30 actions=B_SKELETON
1771446868057251649 PROBE_B_START program=low
1771446868060204026 PROBE_B_END program=low
1771446868262993042 PROBE_B_START program=low
1771446868266009048 PROBE_B_END program=low
1771446868468773064 PROBE_B_START program=low
1771446868471780941 PROBE_B_END program=low
1771446868674572956 PROBE_B_START program=low
1771446868677632074 PROBE_B_END program=low
1771446868880462201 PROBE_B_START program=low
1771446868883584226 PROBE_B_END program=low
1771446869086789317 PROBE_B_START program=low
1771446869089907657 PROBE_B_END program=low
1771446869292759876 PROBE_B_START program=low
1771446869295787846 PROBE_B_END program=low
1771446869498561639 PROBE_B_START program=low
1771446869501630127 PROBE_B_END program=low
1771446869704453624 PROBE_B_START program=low
1771446869707523149 PROBE_B_END program=low
1771446869910291109 PROBE_B_START program=low
1771446869913418079 PROBE_B_END program=low
1771446870116188316 PROBE_B_START program=low
1771446870119238693 PROBE_B_END program=low
1771446870322009042 PROBE_B_START program=low
1771446870325051623 PROBE_B_END program=low
1771446870527886120 PROBE_B_START program=low
1771446870530987497 PROBE_B_END program=low
1771446870733811920 PROBE_B_START program=low
1771446870736810685 PROBE_B_END program=low
1771446870939611775 PROBE_B_START program=low
1771446870942698152 PROBE_B_END program=low
1771446871145548000 PROBE_B_START program=low
1771446871148573063 PROBE_B_END program=low
1771446871351431022 PROBE_B_START program=low
1771446871354435066 PROBE_B_END program=low
1771446871557208229 PROBE_B_START program=low
1771446871560200921 PROBE_B_END program=low
1771446871763013880 PROBE_B_START program=low
1771446871766090091 PROBE_B_END program=low
1771446871968924902 PROBE_B_START program=low
1771446871971984798 PROBE_B_END program=low
1771446872174825609 PROBE_B_START program=low
1771446872177877338 PROBE_B_END program=low
1771446872380725613 PROBE_B_START program=low
1771446872383764971 PROBE_B_END program=low
1771446872586542893 PROBE_B_START program=low
1771446872589626270 PROBE_B_END program=low
1771446872792483378 PROBE_B_START program=low
1771446872795598737 PROBE_B_END program=low
1771446872998422604 PROBE_B_START program=low
1771446873001502555 PROBE_B_END program=low
1771446873204307070 PROBE_B_START program=low
1771446873207177965 PROBE_B_END program=low
1771446873409937442 PROBE_B_START program=low
1771446873413057246 PROBE_B_END program=low
1771446873615893557 PROBE_B_START program=low
1771446873618899545 PROBE_B_END program=low
1771446873821641856 PROBE_B_START program=low
1771446873824618436 PROBE_B_END program=low
1771446874027458062 PROBE_B_START program=low
1771446874030551476 PROBE_B_END program=low
1771446874233439806 PROBE_B_START program=low
1771446874236521350 PROBE_B_END program=low
1771446874439374365 PROBE_B_START program=low
1771446874442439834 PROBE_B_END program=low
1771446874645263201 PROBE_B_START program=low
1771446874648179781 PROBE_B_END program=low
1771446874850984333 PROBE_B_START program=low
1771446874854116025 PROBE_B_END program=low
1771446875056947873 PROBE_B_START program=low
1771446875059946417 PROBE_B_END program=low
1771446875262735413 PROBE_B_START program=low
1771446875265712326 PROBE_B_END program=low
1771446875468550434 PROBE_B_START program=low
1771446875471527996 PROBE_B_END program=low
1771446875674299232 PROBE_B_START program=low
1771446875677329868 PROBE_B_END program=low
1771446875880120050 PROBE_B_START program=low
1771446875883185167 PROBE_B_END program=low
1771446876085958145 PROBE_B_START program=low
1771446876088984466 PROBE_B_END program=low
1771446876291737610 PROBE_B_START program=low
1771446876294685653 PROBE_B_END program=low
1771446876497506890 PROBE_B_START program=low
1771446876500524989 PROBE_B_END program=low
1771446876703327337 PROBE_B_START program=low
1771446876706451066 PROBE_B_END program=low
1771446876909280340 PROBE_B_START program=low
1771446876912311976 PROBE_B_END program=low
1771446877115122879 PROBE_B_START program=low
1771446877118190404 PROBE_B_END program=low
1771446877320898789 PROBE_B_START program=low
1771446877323704646 PROBE_B_END program=low
1771446877526492123 PROBE_B_START program=low
1771446877529871334 PROBE_B_END program=low
1771446877733070331 PROBE_B_START program=low
1771446877736672543 PROBE_B_END program=low
1771446877939813946 PROBE_B_START program=low
1771446877943002416 PROBE_B_END program=low
1771446878145898042 PROBE_B_START program=low
1771446878149031900 PROBE_B_END program=low
1771446878351933303 PROBE_B_START program=low
1771446878355140033 PROBE_B_END program=low
1771446878558089732 PROBE_B_START program=low
1771446878561207276 PROBE_B_END program=low
1771446878764063901 PROBE_B_START program=low
1771446878767121260 PROBE_B_END program=low
1771446878969973959 PROBE_B_START program=low
1771446878973088447 PROBE_B_END program=low
1771446879175944313 PROBE_B_START program=low
1771446879179091783 PROBE_B_END program=low
1771446879382023482 PROBE_B_START program=low
1771446879385034452 PROBE_B_END program=low
1771446879587903632 PROBE_B_START program=low
1771446879591062806 PROBE_B_END program=low
1771446879793905672 PROBE_B_START program=low
1771446879797084216 PROBE_B_END program=low
1771446879999908507 PROBE_B_START program=low
1771446880003013125 PROBE_B_END program=low
1771446880205821991 PROBE_B_START program=low
1771446880208954701 PROBE_B_END program=low
1771446880411926771 PROBE_B_START program=low
1771446880415022852 PROBE_B_END program=low
1771446880617888643 PROBE_B_START program=low
1771446880620983317 PROBE_B_END program=low
1771446880823808386 PROBE_B_START program=low
1771446880826929504 PROBE_B_END program=low
1771446881029798481 PROBE_B_START program=low
1771446881032983191 PROBE_B_END program=low
1771446881235832649 PROBE_B_START program=low
1771446881238972619 PROBE_B_END program=low
1771446881441720595 PROBE_B_START program=low
1771446881444700509 PROBE_B_END program=low
1771446881647489912 PROBE_B_START program=low
1771446881650601641 PROBE_B_END program=low
1771446881853449914 PROBE_B_START program=low
1771446881856550717 PROBE_B_END program=low
1771446882059402749 PROBE_B_START program=low
1771446882062521459 PROBE_B_END program=low
1771446882265474658 PROBE_B_START program=low
1771446882268574646 PROBE_B_END program=low
1771446882471299104 PROBE_B_START program=low
1771446882474130740 PROBE_B_END program=low
1771446882676976364 PROBE_B_START program=low
1771446882680064649 PROBE_B_END program=low
1771446882882919773 PROBE_B_START program=low
1771446882886048743 PROBE_B_END program=low
1771446883088975034 PROBE_B_START program=low
1771446883092035708 PROBE_B_END program=low
1771446883294880980 PROBE_B_START program=low
1771446883298015543 PROBE_B_END program=low
1771446883500845778 PROBE_B_START program=low
1771446883503741136 PROBE_B_END program=low
1771446883706582853 PROBE_B_START program=low
1771446883709788527 PROBE_B_END program=low
1771446883912670170 PROBE_B_START program=low
1771446883915838954 PROBE_B_END program=low
1771446884118732523 PROBE_B_START program=low
1771446884121893197 PROBE_B_END program=low
1771446884324831803 PROBE_B_START program=low
1771446884327930921 PROBE_B_END program=low
1771446884530725563 PROBE_B_START program=low
1771446884533607607 PROBE_B_END program=low
1771446884736390749 PROBE_B_START program=low
1771446884739504145 PROBE_B_END program=low
1771446884942359806 PROBE_B_START program=low
1771446884945528146 PROBE_B_END program=low
1771446885148377993 PROBE_B_START program=low
1771446885151400925 PROBE_B_END program=low
1771446885354313253 PROBE_B_START program=low
1771446885357427260 PROBE_B_END program=low
1771446885560169236 PROBE_B_START program=low
1771446885562948297 PROBE_B_END program=low
1771446885765780236 PROBE_B_START program=low
1771446885768921928 PROBE_B_END program=low
1771446885971773682 PROBE_B_START program=low
1771446885974929763 PROBE_B_END program=low
1771446886177818387 PROBE_B_START program=low
1771446886180994357 PROBE_B_END program=low
1771446886384144963 PROBE_B_START program=low
1771446886387228043 PROBE_B_END program=low
1771446886590009482 PROBE_B_START program=low
1771446886593035748 PROBE_B_END program=low
1771446886795892761 PROBE_B_START program=low
1771446886799220268 PROBE_B_END program=low
1771446887002272170 PROBE_B_START program=low
1771446887005908085 PROBE_B_END program=low
1771446887209155747 PROBE_B_START program=low
1771446887212353143 PROBE_B_END program=low
1771446887415204063 PROBE_B_START program=low
1771446887418328199 PROBE_B_END program=low
1771446887621288231 PROBE_B_START program=low
1771446887624357015 PROBE_B_END program=low
1771446887827182361 PROBE_B_START program=low
1771446887830258275 PROBE_B_END program=low
1771446888033045677 PROBE_B_START program=low
1771446888036029109 PROBE_B_END program=low
1771446888238872251 PROBE_B_START program=low
1771446888242084536 PROBE_B_END program=low
1771446888445100234 PROBE_B_START program=low
1771446888448168166 PROBE_B_END program=low
1771446888651034846 PROBE_B_START program=low
1771446888654047241 PROBE_B_END program=low
1771446888856919402 PROBE_B_START program=low
1771446888860003668 PROBE_B_END program=low
1771446889062844013 PROBE_B_START program=low
1771446889066015446 PROBE_B_END program=low
1771446889268900996 PROBE_B_START program=low
1771446889271983002 PROBE_B_END program=low
1771446889474896922 PROBE_B_START program=low
1771446889478002336 PROBE_B_END program=low
1771446889680709793 PROBE_B_START program=low
1771446889683562318 PROBE_B_END program=low
1771446889886387108 PROBE_B_START program=low
1771446889889505411 PROBE_B_END program=low
1771446890092386090 PROBE_B_START program=low
1771446890095406633 PROBE_B_END program=low
1771446890298305201 PROBE_B_START program=low
1771446890301416912 PROBE_B_END program=low
1771446890504293202 PROBE_B_START program=low
1771446890507411560 PROBE_B_END program=low
1771446890710207758 PROBE_B_START program=low
1771446890713110208 PROBE_B_END program=low
1771446890915892794 PROBE_B_START program=low
1771446890919031912 PROBE_B_END program=low
1771446891121904795 PROBE_B_START program=low
1771446891125069450 PROBE_B_END program=low
1771446891327864980 PROBE_B_START program=low
1771446891330983913 PROBE_B_END program=low
1771446891533874814 PROBE_B_START program=low
1771446891537015024 PROBE_B_END program=low
1771446891739735018 PROBE_B_START program=low
1771446891742568283 PROBE_B_END program=low
1771446891945381499 PROBE_B_START program=low
1771446891948410116 PROBE_B_END program=low
1771446892151204591 PROBE_B_START program=low
1771446892154340246 PROBE_B_END program=low
1771446892357138628 PROBE_B_START program=low
1771446892360225598 PROBE_B_END program=low
1771446892563102147 PROBE_B_START program=low
1771446892566217302 PROBE_B_END program=low
1771446892769028425 PROBE_B_START program=low
1771446892771920468 PROBE_B_END program=low
1771446892974795295 PROBE_B_START program=low
1771446892977978968 PROBE_B_END program=low
1771446893180930258 PROBE_B_START program=low
1771446893184057709 PROBE_B_END program=low
1771446893386940962 PROBE_B_START program=low
1771446893390056246 PROBE_B_END program=low
1771446893593019832 PROBE_B_START program=low
1771446893596085487 PROBE_B_END program=low
1771446893798839961 PROBE_B_START program=low
1771446893801720301 PROBE_B_END program=low
1771446894004500701 PROBE_B_START program=low
1771446894007556208 PROBE_B_END program=low
1771446894210424905 PROBE_B_START program=low
1771446894213620838 PROBE_B_END program=low
1771446894416525034 PROBE_B_START program=low
1771446894419535967 PROBE_B_END program=low
1771446894622347719 PROBE_B_START program=low
1771446894625535671 PROBE_B_END program=low
1771446894828504627 PROBE_B_START program=low
1771446894831455300 PROBE_B_END program=low
1771446895034282422 PROBE_B_START program=low
1771446895037414559 PROBE_B_END program=low
1771446895240306570 PROBE_B_START program=low
1771446895243400651 PROBE_B_END program=low
1771446895446275588 PROBE_B_START program=low
1771446895449360299 PROBE_B_END program=low
1771446895652126125 PROBE_B_START program=low
1771446895655144168 PROBE_B_END program=low
1771446895857994809 PROBE_B_START program=low
1771446895860974223 PROBE_B_END program=low
1771446896063681123 PROBE_B_START program=low
1771446896066681648 PROBE_B_END program=low
1771446896269445696 PROBE_B_START program=low
1771446896272540851 PROBE_B_END program=low
1771446896475483511 PROBE_B_START program=low
1771446896479003277 PROBE_B_END program=low
1771446896682075882 PROBE_B_START program=low
1771446896685682723 PROBE_B_END program=low
1771446896889390792 PROBE_B_START program=low
1771446896892189483 PROBE_B_END program=low
1771446897094934734 PROBE_B_START program=low
1771446897097984926 PROBE_B_END program=low
1771446897300780882 PROBE_B_START program=low
1771446897303686962 PROBE_B_END program=low
1771446897506481806 PROBE_B_START program=low
1771446897509522757 PROBE_B_END program=low
1771446897712324990 PROBE_B_START program=low
1771446897715288515 PROBE_B_END program=low
1771446897917928804 PROBE_B_START program=low
1771446897920588069 PROBE_B_END program=low
1771446898123247320 PROBE_B_START program=low
1771446898126172567 PROBE_B_END program=low
1771446898328959541 PROBE_B_START program=low
1771446898331874677 PROBE_B_END program=low
1771446898534673206 PROBE_B_START program=low
1771446898537730194 PROBE_B_END program=low
1771446898740554353 PROBE_B_START program=low
1771446898743517434 PROBE_B_END program=low
1771446898946151444 PROBE_B_START program=low
1771446898948925487 PROBE_B_END program=low
1771446899151750887 PROBE_B_START program=low
1771446899154860227 PROBE_B_END program=low
1771446899357809497 PROBE_B_START program=low
1771446899360949837 PROBE_B_END program=low
1771446899563800830 PROBE_B_START program=low
1771446899566930614 PROBE_B_END program=low
1771446899769790736 PROBE_B_START program=low
1771446899772949243 PROBE_B_END program=low
1771446899975738402 PROBE_B_START program=low
1771446899978551037 PROBE_B_END program=low
1771446900181340992 PROBE_B_START program=low
1771446900184490499 PROBE_B_END program=low
1771446900387371880 PROBE_B_START program=low
1771446900390493461 PROBE_B_END program=low
1771446900593409453 PROBE_B_START program=low
1771446900596537238 PROBE_B_END program=low
1771446900799404304 PROBE_B_START program=low
1771446900802521348 PROBE_B_END program=low
1771446901005316154 PROBE_B_START program=low
1771446901008147661 PROBE_B_END program=low
1771446901210958023 PROBE_B_START program=low
1771446901214070844 PROBE_B_END program=low
1771446901416917651 PROBE_B_START program=low
1771446901419996602 PROBE_B_END program=low
1771446901623007946 PROBE_B_START program=low
1771446901626167564 PROBE_B_END program=low
1771446901829031908 PROBE_B_START program=low
1771446901832145267 PROBE_B_END program=low
1771446902034909369 PROBE_B_START program=low
1771446902037821265 PROBE_B_END program=low
1771446902240671219 PROBE_B_START program=low
1771446902243773245 PROBE_B_END program=low
1771446902446728681 PROBE_B_START program=low
1771446902449826280 PROBE_B_END program=low
1771446902652669254 PROBE_B_START program=low
1771446902655704538 PROBE_B_END program=low
1771446902858534344 PROBE_B_START program=low
1771446902861731629 PROBE_B_END program=low
1771446903064643140 PROBE_B_START program=low
1771446903067647572 PROBE_B_END program=low
1771446903270466230 PROBE_B_START program=low
1771446903273441348 PROBE_B_END program=low
1771446903476325099 PROBE_B_START program=low
1771446903479396346 PROBE_B_END program=low
1771446903682277930 PROBE_B_START program=low
1771446903685443604 PROBE_B_END program=low
1771446903888313299 PROBE_B_START program=low
1771446903891380787 PROBE_B_END program=low
1771446904094347649 PROBE_B_START program=low
1771446904097534582 PROBE_B_END program=low
1771446904300433444 PROBE_B_START program=low
1771446904303527117 PROBE_B_END program=low
1771446904506491665 PROBE_B_START program=low
1771446904509655320 PROBE_B_END program=low
1771446904712599089 PROBE_B_START program=low
1771446904715759152 PROBE_B_END program=low
1771446904918803477 PROBE_B_START program=low
1771446904922036650 PROBE_B_END program=low
1771446905125034309 PROBE_B_START program=low
1771446905128137167 PROBE_B_END program=low
1771446905330911807 PROBE_B_START program=low
1771446905333957350 PROBE_B_END program=low
1771446905536842490 PROBE_B_START program=low
1771446905539885070 PROBE_B_END program=low
1771446905742698747 PROBE_B_START program=low
1771446905745749105 PROBE_B_END program=low
1771446905948584819 PROBE_B_START program=low
1771446905951552177 PROBE_B_END program=low
1771446906154628798 PROBE_B_START program=low
1771446906158354899 PROBE_B_END program=low
1771446906361322816 PROBE_B_START program=low
1771446906364821046 PROBE_B_END program=low
1771446906567660037 PROBE_B_START program=low
1771446906570643303 PROBE_B_END program=low
1771446906773483313 PROBE_B_START program=low
1771446906776429319 PROBE_B_END program=low
1771446906979154680 PROBE_B_START program=low
1771446906982110872 PROBE_B_END program=low
1771446907184864177 PROBE_B_START program=low
1771446907187734813 PROBE_B_END program=low
1771446907390494619 PROBE_B_START program=low
1771446907393457125 PROBE_B_END program=low
1771446907596305338 PROBE_B_START program=low
1771446907599200734 PROBE_B_END program=low
1771446907801966539 PROBE_B_START program=low
1771446907805030620 PROBE_B_END program=low
1771446908007829907 PROBE_B_START program=low
1771446908010883488 PROBE_B_END program=low
1771446908213606089 PROBE_B_START program=low
1771446908216315966 PROBE_B_END program=low
1771446908419032215 PROBE_B_START program=low
1771446908422075926 PROBE_B_END program=low
1771446908624906787 PROBE_B_START program=low
1771446908627909997 PROBE_B_END program=low
1771446908830671377 PROBE_B_START program=low
1771446908833678124 PROBE_B_END program=low
1771446909036508281 PROBE_B_START program=low
1771446909039484751 PROBE_B_END program=low
1771446909242179408 PROBE_B_START program=low
1771446909244996080 PROBE_B_END program=low
1771446909447673200 PROBE_B_START program=low
1771446909450725725 PROBE_B_END program=low
1771446909653522494 PROBE_B_START program=low
1771446909656412167 PROBE_B_END program=low
1771446909859187342 PROBE_B_START program=low
1771446909862201904 PROBE_B_END program=low
1771446910064913543 PROBE_B_START program=low
1771446910068055550 PROBE_B_END program=low
1771446910270960448 PROBE_B_START program=low
1771446910274074899 PROBE_B_END program=low
1771446910476850112 PROBE_B_START program=low
1771446910479754247 PROBE_B_END program=low
1771446910682674275 PROBE_B_START program=low
1771446910685778560 PROBE_B_END program=low
1771446910888706606 PROBE_B_START program=low
1771446910891785853 PROBE_B_END program=low
1771446911094623881 PROBE_B_START program=low
1771446911097753165 PROBE_B_END program=low
1771446911300844378 PROBE_B_START program=low
1771446911303970256 PROBE_B_END program=low
1771446911506895339 PROBE_B_START program=low
1771446911509998494 PROBE_B_END program=low
1771446911712895299 PROBE_B_START program=low
1771446911715936861 PROBE_B_END program=low
1771446911918791925 PROBE_B_START program=low
1771446911921972932 PROBE_B_END program=low
1771446912124812108 PROBE_B_START program=low
1771446912127928966 PROBE_B_END program=low
1771446912330921901 PROBE_B_START program=low
1771446912334035778 PROBE_B_END program=low
1771446912536967973 PROBE_B_START program=low
1771446912540059498 PROBE_B_END program=low
1771446912742949784 PROBE_B_START program=low
1771446912746067254 PROBE_B_END program=low
1771446912948931615 PROBE_B_START program=low
1771446912951994751 PROBE_B_END program=low
1771446913154862611 PROBE_B_START program=low
1771446913158007951 PROBE_B_END program=low
1771446913361009312 PROBE_B_START program=low
1771446913364132615 PROBE_B_END program=low
1771446913567072976 PROBE_B_START program=low
1771446913570188964 PROBE_B_END program=low
1771446913773087769 PROBE_B_START program=low
1771446913776212368 PROBE_B_END program=low
1771446913979113266 PROBE_B_START program=low
1771446913982309662 PROBE_B_END program=low
1771446914185170948 PROBE_B_START program=low
1771446914188205862 PROBE_B_END program=low
1771446914391165426 PROBE_B_START program=low
1771446914394293359 PROBE_B_END program=low
1771446914597158867 PROBE_B_START program=low
1771446914600297115 PROBE_B_END program=low
1771446914803170198 PROBE_B_START program=low
1771446914806249982 PROBE_B_END program=low
1771446915009166861 PROBE_B_START program=low
1771446915012384701 PROBE_B_END program=low
1771446915215301413 PROBE_B_START program=low
1771446915218486976 PROBE_B_END program=low
1771446915421420577 PROBE_B_START program=low
1771446915424516102 PROBE_B_END program=low
1771446915627538296 PROBE_B_START program=low
1771446915631204470 PROBE_B_END program=low
1771446915834368331 PROBE_B_START program=low
1771446915837725949 PROBE_B_END program=low
1771446916040609087 PROBE_B_START program=low
1771446916043713650 PROBE_B_END program=low
1771446916246604769 PROBE_B_START program=low
1771446916249708090 PROBE_B_END program=low
1771446916452644136 PROBE_B_START program=low
1771446916455656327 PROBE_B_END program=low
1771446916658522373 PROBE_B_START program=low
1771446916661677546 PROBE_B_END program=low
1771446916864534925 PROBE_B_START program=low
1771446916867599357 PROBE_B_END program=low
1771446917070477143 PROBE_B_START program=low
1771446917073647168 PROBE_B_END program=low
1771446917276605862 PROBE_B_START program=low
1771446917279676424 PROBE_B_END program=low
1771446917483056878 PROBE_B_START program=low
1771446917486276014 PROBE_B_END program=low
1771446917689229671 PROBE_B_START program=low
1771446917692415955 PROBE_B_END program=low
1771446917895233759 PROBE_B_START program=low
1771446917898307266 PROBE_B_END program=low
1771446918101114348 PROBE_B_START program=low
1771446918104172280 PROBE_B_END program=low
1771446918307103400 PROBE_B_START program=low
1771446918310187962 PROBE_B_END program=low
1771446918513239155 PROBE_B_START program=low
1771446918517329257 PROBE_B_END program=low
1771446918720230968 PROBE_B_START program=low
1771446918723333790 PROBE_B_END program=low
1771446918926143983 PROBE_B_START program=low
1771446918929248286 PROBE_B_END program=low
1771446919132112571 PROBE_B_START program=low
1771446919135171004 PROBE_B_END program=low
1771446919338036530 PROBE_B_START program=low
1771446919341170907 PROBE_B_END program=low
1771446919544183767 PROBE_B_START program=low
1771446919547314626 PROBE_B_END program=low
1771446919750179356 PROBE_B_START program=low
1771446919753251047 PROBE_B_END program=low
1771446919956081092 PROBE_B_START program=low
1771446919959123173 PROBE_B_END program=low
1771446920161993736 PROBE_B_START program=low
1771446920165107354 PROBE_B_END program=low
1771446920367996028 PROBE_B_START program=low
1771446920371078942 PROBE_B_END program=low
1771446920574154617 PROBE_B_START program=low
1771446920577382716 PROBE_B_END program=low
1771446920780297520 PROBE_B_START program=low
1771446920783339212 PROBE_B_END program=low
1771446920986161460 PROBE_B_START program=low
1771446920989291522 PROBE_B_END program=low
1771446921192165956 PROBE_B_START program=low
1771446921195286925 PROBE_B_END program=low
1771446921398120729 PROBE_B_START program=low
1771446921401226736 PROBE_B_END program=low
1771446921604360207 PROBE_B_START program=low
1771446921607467658 PROBE_B_END program=low
1771446921810336073 PROBE_B_START program=low
1771446921813489505 PROBE_B_END program=low
1771446922016342939 PROBE_B_START program=low
1771446922019408686 PROBE_B_END program=low
1771446922222255527 PROBE_B_START program=low
1771446922225401274 PROBE_B_END program=low
1771446922428367467 PROBE_B_START program=low
1771446922431444807 PROBE_B_END program=low
1771446922634855000 PROBE_B_START program=low
1771446922638697342 PROBE_B_END program=low
1771446922841598831 PROBE_B_START program=low
1771446922844789930 PROBE_B_END program=low
1771446923047645271 PROBE_B_START program=low
1771446923050755203 PROBE_B_END program=low
1771446923253599192 PROBE_B_START program=low
1771446923256771884 PROBE_B_END program=low
1771446923459658169 PROBE_B_START program=low
1771446923462823231 PROBE_B_END program=low
1771446923666337351 PROBE_B_START program=low
1771446923670720583 PROBE_B_END program=low
1771446923873777905 PROBE_B_START program=low
1771446923876725874 PROBE_B_END program=low
1771446924079646733 PROBE_B_START program=low
1771446924082973203 PROBE_B_END program=low
1771446924286005896 PROBE_B_START program=low
1771446924289875978 PROBE_B_END program=low
1771446924492973171 PROBE_B_START program=low
1771446924496038085 PROBE_B_END program=low
1771446924699775242 PROBE_B_START program=low
1771446924703857214 PROBE_B_END program=low
1771446924906975943 PROBE_B_START program=low
1771446924910119913 PROBE_B_END program=low
1771446925112959568 PROBE_B_START program=low
1771446925116076038 PROBE_B_END program=low
1771446925318900433 PROBE_B_START program=low
1771446925322014847 PROBE_B_END program=low
1771446925525102429 PROBE_B_START program=low
1771446925528203324 PROBE_B_END program=low
1771446925731908426 PROBE_B_START program=low
1771446925736217842 PROBE_B_END program=low
1771446925939707850 PROBE_B_START program=low
1771446925942805264 PROBE_B_END program=low
1771446926145724549 PROBE_B_START program=low
1771446926148868445 PROBE_B_END program=low
1771446926351726766 PROBE_B_START program=low
1771446926354885773 PROBE_B_END program=low
1771446926557798076 PROBE_B_START program=low
1771446926560884897 PROBE_B_END program=low
1771446926764475683 PROBE_B_START program=low
1771446926768881434 PROBE_B_END program=low
1771446926971958404 PROBE_B_START program=low
1771446926975044688 PROBE_B_END program=low
1771446927177918380 PROBE_B_START program=low
1771446927181079146 PROBE_B_END program=low
1771446927383935301 PROBE_B_START program=low
1771446927387076733 PROBE_B_END program=low
1771446927589990703 PROBE_B_START program=low
1771446927593114265 PROBE_B_END program=low
1771446927796908459 PROBE_B_START program=low
1771446927801180986 PROBE_B_END program=low
1771446928004429160 R2_IDLE_C seconds=30 actions=B_SKELETON
1771446958006440552 SKIP_PROBE_C seconds=60
