1772006691399571146 R2_IDLE_A seconds=60 actions=B_SKELETON
1772006751401517118 SKIP_PROBE_A seconds=60
1772006811403325114 R2_IDLE_B seconds=30 actions=B_SKELETON
1772006841407314182 PROBE_B_START program=low
1772006841410407511 PROBE_B_END program=low
1772006841613213306 PROBE_B_START program=low
1772006841616338821 PROBE_B_END program=low
1772006841819183209 PROBE_B_START program=low
1772006841822205242 PROBE_B_END program=low
1772006842024966759 PROBE_B_START program=low
1772006842028066940 PROBE_B_END program=low
1772006842230714736 PROBE_B_START program=low
1772006842233664453 PROBE_B_END program=low
1772006842436412583 PROBE_B_START program=low
1772006842439523560 PROBE_B_END program=low
1772006842642478542 PROBE_B_START program=low
1772006842645580390 PROBE_B_END program=low
1772006842848399742 PROBE_B_START program=low
1772006842851513905 PROBE_B_END program=low
1772006843054373054 PROBE_B_START program=low
1772006843057455920 PROBE_B_END program=low
1772006843260094217 PROBE_B_START program=low
1772006843262928656 PROBE_B_END program=low
1772006843465707638 PROBE_B_START program=low
1772006843468815023 PROBE_B_END program=low
1772006843671596358 PROBE_B_START program=low
1772006843674745187 PROBE_B_END program=low
1772006843877594707 PROBE_B_START program=low
1772006843880718703 PROBE_B_END program=low
1772006844083546964 PROBE_B_START program=low
1772006844086624052 PROBE_B_END program=low
1772006844289277758 PROBE_B_START program=low
1772006844292141104 PROBE_B_END program=low
1772006844494916699 PROBE_B_START program=low
1772006844498051306 PROBE_B_END program=low
1772006844700953254 PROBE_B_START program=low
1772006844704173732 PROBE_B_END program=low
1772006844907130716 PROBE_B_START program=low
1772006844910314935 PROBE_B_END program=low
1772006845113228475 PROBE_B_START program=low
1772006845116387286 PROBE_B_END program=low
1772006845319172937 PROBE_B_START program=low
1772006845322051840 PROBE_B_END program=low
1772006845524875454 PROBE_B_START program=low
1772006845528090766 PROBE_B_END program=low
1772006845731049955 PROBE_B_START program=low
1772006845734290007 PROBE_B_END program=low
1772006845937267770 PROBE_B_START program=low
1772006845940456341 PROBE_B_END program=low
1772006846143364993 PROBE_B_START program=low
1772006846146548212 PROBE_B_END program=low
1772006846349362828 PROBE_B_START program=low
1772006846352264711 PROBE_B_END program=low
1772006846555092197 PROBE_B_START program=low
1772006846558265768 PROBE_B_END program=low
1772006846761196810 PROBE_B_START program=low
1772006846764392084 PROBE_B_END program=low
1772006846967369108 PROBE_B_START program=low
1772006846970547919 PROBE_B_END program=low
1772006847173566444 PROBE_B_START program=low
1772006847177093034 PROBE_B_END program=low
1772006847380066411 PROBE_B_START program=low
1772006847383310501 PROBE_B_END program=low
1772006847586231655 PROBE_B_START program=low
1772006847589393929 PROBE_B_END program=low
1772006847792286323 PROBE_B_START program=low
1772006847795468709 PROBE_B_END program=low
1772006847998348381 PROBE_B_START program=low
1772006848001491063 PROBE_B_END program=low
1772006848204345699 PROBE_B_START program=low
1772006848207488529 PROBE_B_END program=low
1772006848410375684 PROBE_B_START program=low
1772006848413491532 PROBE_B_END program=low
1772006848616348113 PROBE_B_START program=low
1772006848619661702 PROBE_B_END program=low
1772006848822563395 PROBE_B_START program=low
1772006848825715020 PROBE_B_END program=low
1772006849028682139 PROBE_B_START program=low
1772006849031837006 PROBE_B_END program=low
1772006849234704828 PROBE_B_START program=low
1772006849237851954 PROBE_B_END program=low
1772006849440688258 PROBE_B_START program=low
1772006849443727902 PROBE_B_END program=low
1772006849646651614 PROBE_B_START program=low
1772006849649837296 PROBE_B_END program=low
1772006849852740008 PROBE_B_START program=low
1772006849855923393 PROBE_B_END program=low
1772006850058808901 PROBE_B_START program=low
1772006850061960101 PROBE_B_END program=low
1772006850264967648 PROBE_B_START program=low
1772006850268136644 PROBE_B_END program=low
1772006850470915856 PROBE_B_START program=low
1772006850473790333 PROBE_B_END program=low
1772006850676646323 PROBE_B_START program=low
1772006850679828505 PROBE_B_END program=low
1772006850882699718 PROBE_B_START program=low
1772006850885875714 PROBE_B_END program=low
1772006851088832576 PROBE_B_START program=low
1772006851092029646 PROBE_B_END program=low
1772006851294977027 PROBE_B_START program=low
1772006851298119523 PROBE_B_END program=low
1772006851500838607 PROBE_B_START program=low
1772006851503770491 PROBE_B_END program=low
1772006851706651742 PROBE_B_START program=low
1772006851709770201 PROBE_B_END program=low
1772006851912693081 PROBE_B_START program=low
1772006851915906189 PROBE_B_END program=low
1772006852118816978 PROBE_B_START program=low
1772006852121962363 PROBE_B_END program=low
1772006852324925356 PROBE_B_START program=low
1772006852328106464 PROBE_B_END program=low
1772006852530917123 PROBE_B_START program=low
1772006852533897322 PROBE_B_END program=low
1772006852736792018 PROBE_B_START program=low
1772006852739987922 PROBE_B_END program=low
1772006852942937434 PROBE_B_START program=low
1772006852946111560 PROBE_B_END program=low
1772006853149060183 PROBE_B_START program=low
1772006853152250050 PROBE_B_END program=low
1772006853355142970 PROBE_B_START program=low
1772006853358324336 PROBE_B_END program=low
1772006853561221645 PROBE_B_START program=low
1772006853564261530 PROBE_B_END program=low
1772006853767155412 PROBE_B_START program=low
1772006853770307409 PROBE_B_END program=low
1772006853973225940 PROBE_B_START program=low
1772006853976432158 PROBE_B_END program=low
1772006854179366246 PROBE_B_START program=low
1772006854182517890 PROBE_B_END program=low
1772006854385418144 PROBE_B_START program=low
1772006854388558844 PROBE_B_END program=low
1772006854591361506 PROBE_B_START program=low
1772006854594420668 PROBE_B_END program=low
1772006854797343330 PROBE_B_START program=low
1772006854800552456 PROBE_B_END program=low
1772006855003476173 PROBE_B_START program=low
1772006855006681170 PROBE_B_END program=low
1772006855209609425 PROBE_B_START program=low
1772006855213456795 PROBE_B_END program=low
1772006855416354124 PROBE_B_START program=low
1772006855419567454 PROBE_B_END program=low
1772006855622532339 PROBE_B_START program=low
1772006855625860374 PROBE_B_END program=low
1772006855828998241 PROBE_B_START program=low
1772006855832308053 PROBE_B_END program=low
1772006856035224086 PROBE_B_START program=low
1772006856038395101 PROBE_B_END program=low
1772006856241263246 PROBE_B_START program=low
1772006856244449187 PROBE_B_END program=low
1772006856447316017 PROBE_B_START program=low
1772006856450526588 PROBE_B_END program=low
1772006856653343232 PROBE_B_START program=low
1772006856656361135 PROBE_B_END program=low
1772006856859239262 PROBE_B_START program=low
1772006856862454666 PROBE_B_END program=low
1772006857065314367 PROBE_B_START program=low
1772006857068582549 PROBE_B_END program=low
1772006857271531177 PROBE_B_START program=low
1772006857274738488 PROBE_B_END program=low
1772006857477773320 PROBE_B_START program=low
1772006857481017372 PROBE_B_END program=low
1772006857683811925 PROBE_B_START program=low
1772006857686877144 PROBE_B_END program=low
1772006857889732363 PROBE_B_START program=low
1772006857892911212 PROBE_B_END program=low
1772006858095776932 PROBE_B_START program=low
1772006858098976040 PROBE_B_END program=low
1772006858301877743 PROBE_B_START program=low
1772006858305024017 PROBE_B_END program=low
1772006858507944109 PROBE_B_START program=low
1772006858511160846 PROBE_B_END program=low
1772006858714000289 PROBE_B_START program=low
1772006858716861321 PROBE_B_END program=low
1772006858919698524 PROBE_B_START program=low
1772006858922894983 PROBE_B_END program=low
1772006859125776205 PROBE_B_START program=low
1772006859128926590 PROBE_B_END program=low
1772006859331864331 PROBE_B_START program=low
1772006859335051957 PROBE_B_END program=low
1772006859538013754 PROBE_B_START program=low
1772006859541198565 PROBE_B_END program=low
1772006859743891250 PROBE_B_START program=low
1772006859746820875 PROBE_B_END program=low
1772006859949630615 PROBE_B_START program=low
1772006859952788408 PROBE_B_END program=low
1772006860155742483 PROBE_B_START program=low
1772006860158953776 PROBE_B_END program=low
1772006860361869758 PROBE_B_START program=low
1772006860365014810 PROBE_B_END program=low
1772006860567946812 PROBE_B_START program=low
1772006860571151030 PROBE_B_END program=low
1772006860773896308 PROBE_B_START program=low
1772006860776763674 PROBE_B_END program=low
1772006860979652712 PROBE_B_START program=low
1772006860982815486 PROBE_B_END program=low
1772006861185710118 PROBE_B_START program=low
1772006861188914355 PROBE_B_END program=low
1772006861391788968 PROBE_B_START program=low
1772006861394988909 PROBE_B_END program=low
1772006861597914060 PROBE_B_START program=low
1772006861601102019 PROBE_B_END program=low
1772006861803841076 PROBE_B_START program=low
1772006861806746682 PROBE_B_END program=low
1772006862009609166 PROBE_B_START program=low
1772006862012808144 PROBE_B_END program=low
1772006862215656239 PROBE_B_START program=low
1772006862218811014 PROBE_B_END program=low
1772006862421733276 PROBE_B_START program=low
1772006862424936347 PROBE_B_END program=low
1772006862627824591 PROBE_B_START program=low
1772006862631023809 PROBE_B_END program=low
1772006862833752386 PROBE_B_START program=low
1772006862836607640 PROBE_B_END program=low
1772006863039387013 PROBE_B_START program=low
1772006863042628417 PROBE_B_END program=low
1772006863245506699 PROBE_B_START program=low
1772006863248668140 PROBE_B_END program=low
1772006863451640478 PROBE_B_START program=low
1772006863454883104 PROBE_B_END program=low
1772006863657859701 PROBE_B_START program=low
1772006863661099106 PROBE_B_END program=low
1772006863863973035 PROBE_B_START program=low
1772006863867019902 PROBE_B_END program=low
1772006864069939610 PROBE_B_START program=low
1772006864073163551 PROBE_B_END program=low
1772006864276139038 PROBE_B_START program=low
1772006864279623647 PROBE_B_END program=low
1772006864482714986 PROBE_B_START program=low
1772006864486024613 PROBE_B_END program=low
1772006864688908470 PROBE_B_START program=low
1772006864691908577 PROBE_B_END program=low
1772006864894686119 PROBE_B_START program=low
1772006864897588336 PROBE_B_END program=low
1772006865100329415 PROBE_B_START program=low
1772006865103384430 PROBE_B_END program=low
1772006865306168213 PROBE_B_START program=low
1772006865309087449 PROBE_B_END program=low
1772006865511843769 PROBE_B_START program=low
1772006865514833654 PROBE_B_END program=low
1772006865717625844 PROBE_B_START program=low
1772006865720690433 PROBE_B_END program=low
1772006865923327253 PROBE_B_START program=low
1772006865926126433 PROBE_B_END program=low
1772006866128818031 PROBE_B_START program=low
1772006866131820027 PROBE_B_END program=low
1772006866334578163 PROBE_B_START program=low
1772006866337650104 PROBE_B_END program=low
1772006866540431054 PROBE_B_START program=low
1772006866543501551 PROBE_B_END program=low
1772006866746301316 PROBE_B_START program=low
1772006866749292627 PROBE_B_END program=low
1772006866951889781 PROBE_B_START program=low
1772006866954657905 PROBE_B_END program=low
1772006867157329634 PROBE_B_START program=low
1772006867160423408 PROBE_B_END program=low
1772006867363207027 PROBE_B_START program=low
1772006867366196134 PROBE_B_END program=low
1772006867568952641 PROBE_B_START program=low
1772006867572046045 PROBE_B_END program=low
1772006867774754941 PROBE_B_START program=low
1772006867777929122 PROBE_B_END program=low
1772006867980666685 PROBE_B_START program=low
1772006867983583884 PROBE_B_END program=low
1772006868186393856 PROBE_B_START program=low
1772006868189552001 PROBE_B_END program=low
1772006868392470713 PROBE_B_START program=low
1772006868395645080 PROBE_B_END program=low
1772006868598653497 PROBE_B_START program=low
1772006868601807957 PROBE_B_END program=low
1772006868804724448 PROBE_B_START program=low
1772006868807917259 PROBE_B_END program=low
1772006869010683434 PROBE_B_START program=low
1772006869013545763 PROBE_B_END program=low
1772006869216319902 PROBE_B_START program=low
1772006869219492324 PROBE_B_END program=low
1772006869422476946 PROBE_B_START program=low
1772006869425656702 PROBE_B_END program=low
1772006869628536897 PROBE_B_START program=low
1772006869631734857 PROBE_B_END program=low
1772006869834649330 PROBE_B_START program=low
1772006869837830049 PROBE_B_END program=low
1772006870040625947 PROBE_B_START program=low
1772006870043536610 PROBE_B_END program=low
1772006870246421028 PROBE_B_START program=low
1772006870249594525 PROBE_B_END program=low
1772006870452503073 PROBE_B_START program=low
1772006870455786681 PROBE_B_END program=low
1772006870658699692 PROBE_B_START program=low
1772006870661862133 PROBE_B_END program=low
1772006870864775570 PROBE_B_START program=low
1772006870868002141 PROBE_B_END program=low
1772006871071019116 PROBE_B_START program=low
1772006871074235817 PROBE_B_END program=low
1772006871277144921 PROBE_B_START program=low
1772006871280340159 PROBE_B_END program=low
1772006871483210726 PROBE_B_START program=low
1772006871486367149 PROBE_B_END program=low
1772006871689284235 PROBE_B_START program=low
1772006871692450898 PROBE_B_END program=low
1772006871895370429 PROBE_B_START program=low
1772006871898525351 PROBE_B_END program=low
1772006872101519086 PROBE_B_START program=low
1772006872104775010 PROBE_B_END program=low
1772006872307714930 PROBE_B_START program=low
1772006872310971557 PROBE_B_END program=low
1772006872513912088 PROBE_B_START program=low
1772006872517113456 PROBE_B_END program=low
1772006872720047080 PROBE_B_START program=low
1772006872723263447 PROBE_B_END program=low
1772006872926214609 PROBE_B_START program=low
1772006872929335938 PROBE_B_END program=low
1772006873132345767 PROBE_B_START program=low
1772006873135890451 PROBE_B_END program=low
1772006873338882113 PROBE_B_START program=low
1772006873342090703 PROBE_B_END program=low
1772006873544977550 PROBE_B_START program=low
1772006873548108528 PROBE_B_END program=low
1772006873751004561 PROBE_B_START program=low
1772006873754161298 PROBE_B_END program=low
1772006873957055719 PROBE_B_START program=low
1772006873960206197 PROBE_B_END program=low
1772006874163091508 PROBE_B_START program=low
1772006874166170616 PROBE_B_END program=low
1772006874369053890 PROBE_B_START program=low
1772006874372308313 PROBE_B_END program=low
1772006874575221698 PROBE_B_START program=low
1772006874578330028 PROBE_B_END program=low
1772006874781237284 PROBE_B_START program=low
1772006874784410762 PROBE_B_END program=low
1772006874987306777 PROBE_B_START program=low
1772006874990491459 PROBE_B_END program=low
1772006875193282363 PROBE_B_START program=low
1772006875196292063 PROBE_B_END program=low
1772006875399175004 PROBE_B_START program=low
1772006875402408594 PROBE_B_END program=low
1772006875605357110 PROBE_B_START program=low
1772006875608579644 PROBE_B_END program=low
1772006875811494697 PROBE_B_START program=low
1772006875814697361 PROBE_B_END program=low
1772006876017549543 PROBE_B_START program=low
1772006876020721132 PROBE_B_END program=low
1772006876223509297 PROBE_B_START program=low
1772006876226548978 PROBE_B_END program=low
1772006876429396828 PROBE_B_START program=low
1772006876432572658 PROBE_B_END program=low
1772006876635529490 PROBE_B_START program=low
1772006876638717339 PROBE_B_END program=low
1772006876841646689 PROBE_B_START program=low
1772006876844860593 PROBE_B_END program=low
1772006877047752851 PROBE_B_START program=low
1772006877050975570 PROBE_B_END program=low
1772006877253785643 PROBE_B_START program=low
1772006877256776213 PROBE_B_END program=low
1772006877459705750 PROBE_B_START program=low
1772006877462896858 PROBE_B_END program=low
1772006877665875579 PROBE_B_START program=low
1772006877669087076 PROBE_B_END program=low
1772006877871979798 PROBE_B_START program=low
1772006877875161239 PROBE_B_END program=low
1772006878078084276 PROBE_B_START program=low
1772006878081173754 PROBE_B_END program=low
1772006878283890383 PROBE_B_START program=low
1772006878286793934 PROBE_B_END program=low
1772006878489650489 PROBE_B_START program=low
1772006878492924727 PROBE_B_END program=low
1772006878695838172 PROBE_B_START program=low
1772006878699027150 PROBE_B_END program=low
1772006878901961929 PROBE_B_START program=low
1772006878905097721 PROBE_B_END program=low
1772006879107939999 PROBE_B_START program=low
1772006879111083644 PROBE_B_END program=low
1772006879313941016 PROBE_B_START program=low
1772006879317027568 PROBE_B_END program=low
1772006879519789809 PROBE_B_START program=low
1772006879522844638 PROBE_B_END program=low
1772006879725660083 PROBE_B_START program=low
1772006879728841562 PROBE_B_END program=low
1772006879931727230 PROBE_B_START program=low
1772006879934888338 PROBE_B_END program=low
1772006880137834302 PROBE_B_START program=low
1772006880140980003 PROBE_B_END program=low
1772006880343956691 PROBE_B_START program=low
1772006880347161873 PROBE_B_END program=low
1772006880550116005 PROBE_B_START program=low
1772006880553279576 PROBE_B_END program=low
1772006880756253393 PROBE_B_START program=low
1772006880759465390 PROBE_B_END program=low
1772006880962390892 PROBE_B_START program=low
1772006880965539315 PROBE_B_END program=low
1772006881168472040 PROBE_B_START program=low
1772006881171626685 PROBE_B_END program=low
1772006881374642577 PROBE_B_START program=low
1772006881377844074 PROBE_B_END program=low
1772006881580725837 PROBE_B_START program=low
1772006881584076334 PROBE_B_END program=low
1772006881787171431 PROBE_B_START program=low
1772006881790554503 PROBE_B_END program=low
1772006881993566617 PROBE_B_START program=low
1772006881996738188 PROBE_B_END program=low
1772006882199652581 PROBE_B_START program=low
1772006882202776633 PROBE_B_END program=low
1772006882405586118 PROBE_B_START program=low
1772006882408614355 PROBE_B_END program=low
1772006882611480933 PROBE_B_START program=low
1772006882614676078 PROBE_B_END program=low
1772006882817606268 PROBE_B_START program=low
1772006882820767987 PROBE_B_END program=low
1772006883023663009 PROBE_B_START program=low
1772006883026835099 PROBE_B_END program=low
1772006883229700307 PROBE_B_START program=low
1772006883232857359 PROBE_B_END program=low
1772006883435631679 PROBE_B_START program=low
1772006883438530322 PROBE_B_END program=low
1772006883641406383 PROBE_B_START program=low
1772006883644625935 PROBE_B_END program=low
1772006883847510366 PROBE_B_START program=low
1772006883850680548 PROBE_B_END program=low
1772006884053546090 PROBE_B_START program=low
1772006884056707346 PROBE_B_END program=low
1772006884259576833 PROBE_B_START program=low
1772006884262762886 PROBE_B_END program=low
1772006884465563317 PROBE_B_START program=low
1772006884468458424 PROBE_B_END program=low
1772006884671239225 PROBE_B_START program=low
1772006884674391259 PROBE_B_END program=low
1772006884877295765 PROBE_B_START program=low
1772006884880489577 PROBE_B_END program=low
1772006885083391249 PROBE_B_START program=low
1772006885086569635 PROBE_B_END program=low
1772006885289417475 PROBE_B_START program=low
1772006885292553361 PROBE_B_END program=low
1772006885495444201 PROBE_B_START program=low
1772006885498652642 PROBE_B_END program=low
1772006885701490019 PROBE_B_START program=low
1772006885704640608 PROBE_B_END program=low
1772006885907511782 PROBE_B_START program=low
1772006885910675019 PROBE_B_END program=low
1772006886113522989 PROBE_B_START program=low
1772006886116699393 PROBE_B_END program=low
1772006886319604864 PROBE_B_START program=low
1772006886322792546 PROBE_B_END program=low
1772006886525660665 PROBE_B_START program=low
1772006886528728754 PROBE_B_END program=low
1772006886731596650 PROBE_B_START program=low
1772006886734793370 PROBE_B_END program=low
1772006886937652155 PROBE_B_START program=low
1772006886940813670 PROBE_B_END program=low
1772006887143699493 PROBE_B_START program=low
1772006887146840416 PROBE_B_END program=low
1772006887349692647 PROBE_B_START program=low
1772006887352866495 PROBE_B_END program=low
1772006887555811264 PROBE_B_START program=low
1772006887559018446 PROBE_B_END program=low
1772006887761907399 PROBE_B_START program=low
1772006887765046747 PROBE_B_END program=low
1772006887967915997 PROBE_B_START program=low
1772006887971087994 PROBE_B_END program=low
1772006888174021484 PROBE_B_START program=low
1772006888177137648 PROBE_B_END program=low
1772006888380029250 PROBE_B_START program=low
1772006888383236766 PROBE_B_END program=low
1772006888586280794 PROBE_B_START program=low
1772006888589521217 PROBE_B_END program=low
1772006888792429764 PROBE_B_START program=low
1772006888795639520 PROBE_B_END program=low
1772006888998560178 PROBE_B_START program=low
1772006889001730083 PROBE_B_END program=low
1772006889204598685 PROBE_B_START program=low
1772006889207791386 PROBE_B_END program=low
1772006889410643248 PROBE_B_START program=low
1772006889413742208 PROBE_B_END program=low
1772006889616634885 PROBE_B_START program=low
1772006889619771437 PROBE_B_END program=low
1772006889822612558 PROBE_B_START program=low
1772006889825711907 PROBE_B_END program=low
1772006890028509528 PROBE_B_START program=low
1772006890031620321 PROBE_B_END program=low
1772006890234559295 PROBE_B_START program=low
1772006890238079979 PROBE_B_END program=low
1772006890441136954 PROBE_B_START program=low
1772006890444714694 PROBE_B_END program=low
1772006890647512112 PROBE_B_START program=low
1772006890650272311 PROBE_B_END program=low
1772006890852986673 PROBE_B_START program=low
1772006890856013725 PROBE_B_END program=low
1772006891058779606 PROBE_B_START program=low
1772006891061834528 PROBE_B_END program=low
1772006891264665985 PROBE_B_START program=low
1772006891267741592 PROBE_B_END program=low
1772006891470607882 PROBE_B_START program=low
1772006891473671175 PROBE_B_END program=low
1772006891676320427 PROBE_B_START program=low
1772006891679155940 PROBE_B_END program=low
1772006891881904656 PROBE_B_START program=low
1772006891884998856 PROBE_B_END program=low
1772006892087753793 PROBE_B_START program=low
1772006892090694160 PROBE_B_END program=low
1772006892293474080 PROBE_B_START program=low
1772006892296410076 PROBE_B_END program=low
1772006892499222792 PROBE_B_START program=low
1772006892502287511 PROBE_B_END program=low
1772006892704929023 PROBE_B_START program=low
1772006892707761944 PROBE_B_END program=low
1772006892910482104 PROBE_B_START program=low
1772006892913564638 PROBE_B_END program=low
1772006893116365447 PROBE_B_START program=low
1772006893119372814 PROBE_B_END program=low
1772006893322215642 PROBE_B_START program=low
1772006893325275657 PROBE_B_END program=low
1772006893528063819 PROBE_B_START program=low
1772006893531229075 PROBE_B_END program=low
1772006893734027607 PROBE_B_START program=low
1772006893736865788 PROBE_B_END program=low
1772006893939649838 PROBE_B_START program=low
1772006893942663853 PROBE_B_END program=low
1772006894145422182 PROBE_B_START program=low
1772006894148530327 PROBE_B_END program=low
1772006894351322304 PROBE_B_START program=low
1772006894354390763 PROBE_B_END program=low
1772006894557172259 PROBE_B_START program=low
1772006894560293552 PROBE_B_END program=low
1772006894763155011 PROBE_B_START program=low
1772006894766268916 PROBE_B_END program=low
1772006894969067819 PROBE_B_START program=low
1772006894972166927 PROBE_B_END program=low
1772006895174926090 PROBE_B_START program=low
1772006895177958901 PROBE_B_END program=low
1772006895380773287 PROBE_B_START program=low
1772006895383902469 PROBE_B_END program=low
1772006895586758670 PROBE_B_START program=low
1772006895589873222 PROBE_B_END program=low
1772006895792772515 PROBE_B_START program=low
1772006895795829882 PROBE_B_END program=low
1772006895998654583 PROBE_B_START program=low
1772006896001699487 PROBE_B_END program=low
1772006896204472484 PROBE_B_START program=low
1772006896207584185 PROBE_B_END program=low
1772006896410431146 PROBE_B_START program=low
1772006896413497068 PROBE_B_END program=low
1772006896616266658 PROBE_B_START program=low
1772006896619415248 PROBE_B_END program=low
1772006896822312227 PROBE_B_START program=low
1772006896825429354 PROBE_B_END program=low
1772006897028229777 PROBE_B_START program=low
1772006897031345237 PROBE_B_END program=low
1772006897234183662 PROBE_B_START program=low
1772006897237245473 PROBE_B_END program=low
1772006897440042768 PROBE_B_START program=low
1772006897443157357 PROBE_B_END program=low
1772006897645932819 PROBE_B_START program=low
1772006897649084297 PROBE_B_END program=low
1772006897851984463 PROBE_B_START program=low
1772006897855092608 PROBE_B_END program=low
1772006898057919255 PROBE_B_START program=low
1772006898061021104 PROBE_B_END program=low
1772006898263783659 PROBE_B_START program=low
1772006898266854359 PROBE_B_END program=low
1772006898469643710 PROBE_B_START program=low
1772006898472739003 PROBE_B_END program=low
1772006898675528299 PROBE_B_START program=low
1772006898678569962 PROBE_B_END program=low
1772006898881468332 PROBE_B_START program=low
1772006898884636014 PROBE_B_END program=low
1772006899087473125 PROBE_B_START program=low
1772006899090535381 PROBE_B_END program=low
1772006899293378178 PROBE_B_START program=low
1772006899296670639 PROBE_B_END program=low
1772006899499726251 PROBE_B_START program=low
1772006899503081194 PROBE_B_END program=low
1772006899706113695 PROBE_B_START program=low
1772006899709207636 PROBE_B_END program=low
1772006899911783506 PROBE_B_START program=low
1772006899914533297 PROBE_B_END program=low
1772006900117222242 PROBE_B_START program=low
1772006900120172331 PROBE_B_END program=low
1772006900322933091 PROBE_B_START program=low
1772006900325906031 PROBE_B_END program=low
1772006900528720533 PROBE_B_START program=low
1772006900531738936 PROBE_B_END program=low
1772006900734581530 PROBE_B_START program=low
1772006900737628916 PROBE_B_END program=low
1772006900940372139 PROBE_B_START program=low
1772006900943327802 PROBE_B_END program=low
1772006901146130155 R2_IDLE_C seconds=30 actions=B_SKELETON
1772006931148009179 SKIP_PROBE_C seconds=60
