1772696856214124952 R2_IDLE_B seconds=60
1772696916216022380 R2_PROBE_B seconds=240 bvar=fsync program=low
1772696916219339879 PROBE_B_START program=low bvar=fsync
1772696916274556708 PROBE_B_END program=low bvar=fsync
1772696916477525803 PROBE_B_START program=low bvar=fsync
1772696916525848040 PROBE_B_END program=low bvar=fsync
1772696916728895042 PROBE_B_START program=low bvar=fsync
1772696916777843654 PROBE_B_END program=low bvar=fsync
1772696916980771600 PROBE_B_START program=low bvar=fsync
1772696917076576755 PROBE_B_END program=low bvar=fsync
1772696917279401309 PROBE_B_START program=low bvar=fsync
1772696917328853404 PROBE_B_END program=low bvar=fsync
1772696917531781237 PROBE_B_START program=low bvar=fsync
1772696917578861893 PROBE_B_END program=low bvar=fsync
1772696917781663632 PROBE_B_START program=low bvar=fsync
1772696917836128291 PROBE_B_END program=low bvar=fsync
1772696918038944956 PROBE_B_START program=low bvar=fsync
1772696918098594586 PROBE_B_END program=low bvar=fsync
1772696918301349582 PROBE_B_START program=low bvar=fsync
1772696918355322478 PROBE_B_END program=low bvar=fsync
1772696918558159660 PROBE_B_START program=low bvar=fsync
1772696918614475809 PROBE_B_END program=low bvar=fsync
1772696918817339954 PROBE_B_START program=low bvar=fsync
1772696918866919734 PROBE_B_END program=low bvar=fsync
1772696919069788360 PROBE_B_START program=low bvar=fsync
1772696919123427180 PROBE_B_END program=low bvar=fsync
1772696919326254212 PROBE_B_START program=low bvar=fsync
1772696919376355568 PROBE_B_END program=low bvar=fsync
1772696919579158377 PROBE_B_START program=low bvar=fsync
1772696919626329719 PROBE_B_END program=low bvar=fsync
1772696919829245269 PROBE_B_START program=low bvar=fsync
1772696919882712403 PROBE_B_END program=low bvar=fsync
1772696920085624378 PROBE_B_START program=low bvar=fsync
1772696920177912234 PROBE_B_END program=low bvar=fsync
1772696920380700782 PROBE_B_START program=low bvar=fsync
1772696920431820532 PROBE_B_END program=low bvar=fsync
1772696920634749840 PROBE_B_START program=low bvar=fsync
1772696920684462139 PROBE_B_END program=low bvar=fsync
1772696920887617522 PROBE_B_START program=low bvar=fsync
1772696920943085313 PROBE_B_END program=low bvar=fsync
1772696921145919656 PROBE_B_START program=low bvar=fsync
1772696921198512895 PROBE_B_END program=low bvar=fsync
1772696921401474053 PROBE_B_START program=low bvar=fsync
1772696921457404513 PROBE_B_END program=low bvar=fsync
1772696921660291708 PROBE_B_START program=low bvar=fsync
1772696921756210156 PROBE_B_END program=low bvar=fsync
1772696921959054442 PROBE_B_START program=low bvar=fsync
1772696922008117403 PROBE_B_END program=low bvar=fsync
1772696922211058559 PROBE_B_START program=low bvar=fsync
1772696922257903212 PROBE_B_END program=low bvar=fsync
1772696922460764015 PROBE_B_START program=low bvar=fsync
1772696922511974172 PROBE_B_END program=low bvar=fsync
1772696922714936958 PROBE_B_START program=low bvar=fsync
1772696922768865833 PROBE_B_END program=low bvar=fsync
1772696922971773673 PROBE_B_START program=low bvar=fsync
1772696923026831869 PROBE_B_END program=low bvar=fsync
1772696923229723707 PROBE_B_START program=low bvar=fsync
1772696923284245714 PROBE_B_END program=low bvar=fsync
1772696923487254498 PROBE_B_START program=low bvar=fsync
1772696923582754219 PROBE_B_END program=low bvar=fsync
1772696923785579576 PROBE_B_START program=low bvar=fsync
1772696923838588649 PROBE_B_END program=low bvar=fsync
1772696924041509914 PROBE_B_START program=low bvar=fsync
1772696924094804266 PROBE_B_END program=low bvar=fsync
1772696924297656380 PROBE_B_START program=low bvar=fsync
1772696924355286532 PROBE_B_END program=low bvar=fsync
1772696924558274499 PROBE_B_START program=low bvar=fsync
1772696924969865905 PROBE_B_END program=low bvar=fsync
1772696925172754314 PROBE_B_START program=low bvar=fsync
1772696925221116992 PROBE_B_END program=low bvar=fsync
1772696925423881807 PROBE_B_START program=low bvar=fsync
1772696925472337022 PROBE_B_END program=low bvar=fsync
1772696925675188689 PROBE_B_START program=low bvar=fsync
1772696925725116542 PROBE_B_END program=low bvar=fsync
1772696925928011858 PROBE_B_START program=low bvar=fsync
1772696925976881853 PROBE_B_END program=low bvar=fsync
1772696926179870630 PROBE_B_START program=low bvar=fsync
1772696926227779916 PROBE_B_END program=low bvar=fsync
1772696926430589859 PROBE_B_START program=low bvar=fsync
1772696926479592558 PROBE_B_END program=low bvar=fsync
1772696926682501427 PROBE_B_START program=low bvar=fsync
1772696926732237223 PROBE_B_END program=low bvar=fsync
1772696926935020480 PROBE_B_START program=low bvar=fsync
1772696926984731998 PROBE_B_END program=low bvar=fsync
1772696927187676347 PROBE_B_START program=low bvar=fsync
1772696927235830875 PROBE_B_END program=low bvar=fsync
1772696927438987077 PROBE_B_START program=low bvar=fsync
1772696927488279462 PROBE_B_END program=low bvar=fsync
1772696927691226737 PROBE_B_START program=low bvar=fsync
1772696927750561063 PROBE_B_END program=low bvar=fsync
1772696927953378689 PROBE_B_START program=low bvar=fsync
1772696928049333612 PROBE_B_END program=low bvar=fsync
1772696928252152866 PROBE_B_START program=low bvar=fsync
1772696928305967700 PROBE_B_END program=low bvar=fsync
1772696928509031418 PROBE_B_START program=low bvar=fsync
1772696928556688516 PROBE_B_END program=low bvar=fsync
1772696928759643030 PROBE_B_START program=low bvar=fsync
1772696928809432732 PROBE_B_END program=low bvar=fsync
1772696929012448635 PROBE_B_START program=low bvar=fsync
1772696929061597092 PROBE_B_END program=low bvar=fsync
1772696929264556882 PROBE_B_START program=low bvar=fsync
1772696929315168791 PROBE_B_END program=low bvar=fsync
1772696929519952479 PROBE_B_START program=low bvar=fsync
1772696929568375729 PROBE_B_END program=low bvar=fsync
1772696929771304240 PROBE_B_START program=low bvar=fsync
1772696929820879348 PROBE_B_END program=low bvar=fsync
1772696930023812211 PROBE_B_START program=low bvar=fsync
1772696930074369342 PROBE_B_END program=low bvar=fsync
1772696930277338352 PROBE_B_START program=low bvar=fsync
1772696930324632114 PROBE_B_END program=low bvar=fsync
1772696930527990607 PROBE_B_START program=low bvar=fsync
1772696930579084297 PROBE_B_END program=low bvar=fsync
1772696930782024454 PROBE_B_START program=low bvar=fsync
1772696930829046622 PROBE_B_END program=low bvar=fsync
1772696931031928335 PROBE_B_START program=low bvar=fsync
1772696931085937446 PROBE_B_END program=low bvar=fsync
1772696931288941046 PROBE_B_START program=low bvar=fsync
1772696931335497416 PROBE_B_END program=low bvar=fsync
1772696931538390348 PROBE_B_START program=low bvar=fsync
1772696931586897431 PROBE_B_END program=low bvar=fsync
1772696931789959680 PROBE_B_START program=low bvar=fsync
1772696931839602121 PROBE_B_END program=low bvar=fsync
1772696932042458257 PROBE_B_START program=low bvar=fsync
1772696932137804691 PROBE_B_END program=low bvar=fsync
1772696932340625714 PROBE_B_START program=low bvar=fsync
1772696932388811202 PROBE_B_END program=low bvar=fsync
1772696932592138784 PROBE_B_START program=low bvar=fsync
1772696932641366166 PROBE_B_END program=low bvar=fsync
1772696932844175004 PROBE_B_START program=low bvar=fsync
1772696932894323836 PROBE_B_END program=low bvar=fsync
1772696933097343489 PROBE_B_START program=low bvar=fsync
1772696933148091156 PROBE_B_END program=low bvar=fsync
1772696933350984715 PROBE_B_START program=low bvar=fsync
1772696933399668149 PROBE_B_END program=low bvar=fsync
1772696933602660634 PROBE_B_START program=low bvar=fsync
1772696933651011864 PROBE_B_END program=low bvar=fsync
1772696933853917867 PROBE_B_START program=low bvar=fsync
1772696933908388887 PROBE_B_END program=low bvar=fsync
1772696934111354204 PROBE_B_START program=low bvar=fsync
1772696934164079233 PROBE_B_END program=low bvar=fsync
1772696934366969271 PROBE_B_START program=low bvar=fsync
1772696934421395846 PROBE_B_END program=low bvar=fsync
1772696934624378384 PROBE_B_START program=low bvar=fsync
1772696934719592501 PROBE_B_END program=low bvar=fsync
1772696934922415853 PROBE_B_START program=low bvar=fsync
1772696934974393915 PROBE_B_END program=low bvar=fsync
1772696935177255433 PROBE_B_START program=low bvar=fsync
1772696935229392477 PROBE_B_END program=low bvar=fsync
1772696935432322087 PROBE_B_START program=low bvar=fsync
1772696935862717377 PROBE_B_END program=low bvar=fsync
1772696936065548801 PROBE_B_START program=low bvar=fsync
1772696936153162877 PROBE_B_END program=low bvar=fsync
1772696936356083059 PROBE_B_START program=low bvar=fsync
1772696936415771215 PROBE_B_END program=low bvar=fsync
1772696936618624823 PROBE_B_START program=low bvar=fsync
1772696936672413153 PROBE_B_END program=low bvar=fsync
1772696936875141519 PROBE_B_START program=low bvar=fsync
1772696936969273091 PROBE_B_END program=low bvar=fsync
1772696937172124197 PROBE_B_START program=low bvar=fsync
1772696937225908304 PROBE_B_END program=low bvar=fsync
1772696937428756632 PROBE_B_START program=low bvar=fsync
1772696937477793344 PROBE_B_END program=low bvar=fsync
1772696937680750025 PROBE_B_START program=low bvar=fsync
1772696937732371861 PROBE_B_END program=low bvar=fsync
1772696937935355023 PROBE_B_START program=low bvar=fsync
1772696937984125438 PROBE_B_END program=low bvar=fsync
1772696938187048172 PROBE_B_START program=low bvar=fsync
1772696938237527261 PROBE_B_END program=low bvar=fsync
1772696938440406643 PROBE_B_START program=low bvar=fsync
1772696938489129724 PROBE_B_END program=low bvar=fsync
1772696938691950383 PROBE_B_START program=low bvar=fsync
1772696938741329837 PROBE_B_END program=low bvar=fsync
1772696938944658665 PROBE_B_START program=low bvar=fsync
1772696938994409251 PROBE_B_END program=low bvar=fsync
1772696939197342464 PROBE_B_START program=low bvar=fsync
1772696939246360768 PROBE_B_END program=low bvar=fsync
1772696939449384463 PROBE_B_START program=low bvar=fsync
1772696939497203058 PROBE_B_END program=low bvar=fsync
1772696939700211864 PROBE_B_START program=low bvar=fsync
1772696939749304742 PROBE_B_END program=low bvar=fsync
1772696939952089954 PROBE_B_START program=low bvar=fsync
1772696939998497523 PROBE_B_END program=low bvar=fsync
1772696940201378660 PROBE_B_START program=low bvar=fsync
1772696940250372963 PROBE_B_END program=low bvar=fsync
1772696940453315563 PROBE_B_START program=low bvar=fsync
1772696940511353412 PROBE_B_END program=low bvar=fsync
1772696940714218975 PROBE_B_START program=low bvar=fsync
1772696940762800980 PROBE_B_END program=low bvar=fsync
1772696940965672357 PROBE_B_START program=low bvar=fsync
1772696941014162954 PROBE_B_END program=low bvar=fsync
1772696941217010533 PROBE_B_START program=low bvar=fsync
1772696941263736658 PROBE_B_END program=low bvar=fsync
1772696941466624996 PROBE_B_START program=low bvar=fsync
1772696941563822894 PROBE_B_END program=low bvar=fsync
1772696941766721270 PROBE_B_START program=low bvar=fsync
1772696941813960897 PROBE_B_END program=low bvar=fsync
1772696942016834106 PROBE_B_START program=low bvar=fsync
1772696942069071332 PROBE_B_END program=low bvar=fsync
1772696942272090299 PROBE_B_START program=low bvar=fsync
1772696942321812345 PROBE_B_END program=low bvar=fsync
1772696942524609255 PROBE_B_START program=low bvar=fsync
1772696942574021541 PROBE_B_END program=low bvar=fsync
1772696942776920711 PROBE_B_START program=low bvar=fsync
1772696942824801100 PROBE_B_END program=low bvar=fsync
1772696943027567955 PROBE_B_START program=low bvar=fsync
1772696943079103806 PROBE_B_END program=low bvar=fsync
1772696943281800492 PROBE_B_START program=low bvar=fsync
1772696943331033813 PROBE_B_END program=low bvar=fsync
1772696943533873036 PROBE_B_START program=low bvar=fsync
1772696943587592103 PROBE_B_END program=low bvar=fsync
1772696943790449363 PROBE_B_START program=low bvar=fsync
1772696943839782092 PROBE_B_END program=low bvar=fsync
1772696944042395444 PROBE_B_START program=low bvar=fsync
1772696944092615992 PROBE_B_END program=low bvar=fsync
1772696944295372676 PROBE_B_START program=low bvar=fsync
1772696944348008458 PROBE_B_END program=low bvar=fsync
1772696944551042532 PROBE_B_START program=low bvar=fsync
1772696944602590680 PROBE_B_END program=low bvar=fsync
1772696944805508568 PROBE_B_START program=low bvar=fsync
1772696944858259666 PROBE_B_END program=low bvar=fsync
1772696945061070682 PROBE_B_START program=low bvar=fsync
1772696945158543189 PROBE_B_END program=low bvar=fsync
1772696945361439316 PROBE_B_START program=low bvar=fsync
1772696945415675254 PROBE_B_END program=low bvar=fsync
1772696945618556918 PROBE_B_START program=low bvar=fsync
1772696946145695407 PROBE_B_END program=low bvar=fsync
1772696946348476791 PROBE_B_START program=low bvar=fsync
1772696946436128914 PROBE_B_END program=low bvar=fsync
1772696946638948483 PROBE_B_START program=low bvar=fsync
1772696946700792051 PROBE_B_END program=low bvar=fsync
1772696946903547860 PROBE_B_START program=low bvar=fsync
1772696946956505736 PROBE_B_END program=low bvar=fsync
1772696947159190784 PROBE_B_START program=low bvar=fsync
1772696947205559849 PROBE_B_END program=low bvar=fsync
1772696947408347879 PROBE_B_START program=low bvar=fsync
1772696947458144738 PROBE_B_END program=low bvar=fsync
1772696947661017102 PROBE_B_START program=low bvar=fsync
1772696947708275300 PROBE_B_END program=low bvar=fsync
1772696947911408072 PROBE_B_START program=low bvar=fsync
1772696947962276826 PROBE_B_END program=low bvar=fsync
1772696948165070688 PROBE_B_START program=low bvar=fsync
1772696948212135385 PROBE_B_END program=low bvar=fsync
1772696948415084265 PROBE_B_START program=low bvar=fsync
1772696948476544497 PROBE_B_END program=low bvar=fsync
1772696948679440544 PROBE_B_START program=low bvar=fsync
1772696948728844975 PROBE_B_END program=low bvar=fsync
1772696948931756762 PROBE_B_START program=low bvar=fsync
1772696949027463479 PROBE_B_END program=low bvar=fsync
1772696949230407636 PROBE_B_START program=low bvar=fsync
1772696949279168248 PROBE_B_END program=low bvar=fsync
1772696949482119608 PROBE_B_START program=low bvar=fsync
1772696949532137486 PROBE_B_END program=low bvar=fsync
1772696949735149106 PROBE_B_START program=low bvar=fsync
1772696949788145054 PROBE_B_END program=low bvar=fsync
1772696949991054710 PROBE_B_START program=low bvar=fsync
1772696950042421780 PROBE_B_END program=low bvar=fsync
1772696950245268507 PROBE_B_START program=low bvar=fsync
1772696950292192981 PROBE_B_END program=low bvar=fsync
1772696950495029023 PROBE_B_START program=low bvar=fsync
1772696950545887646 PROBE_B_END program=low bvar=fsync
1772696950748839041 PROBE_B_START program=low bvar=fsync
1772696950795071288 PROBE_B_END program=low bvar=fsync
1772696950998018072 PROBE_B_START program=low bvar=fsync
1772696951046434701 PROBE_B_END program=low bvar=fsync
1772696951249379205 PROBE_B_START program=low bvar=fsync
1772696951297351757 PROBE_B_END program=low bvar=fsync
1772696951500241631 PROBE_B_START program=low bvar=fsync
1772696951549066743 PROBE_B_END program=low bvar=fsync
1772696951752009006 PROBE_B_START program=low bvar=fsync
1772696951798817256 PROBE_B_END program=low bvar=fsync
1772696952001736001 PROBE_B_START program=low bvar=fsync
1772696952052626771 PROBE_B_END program=low bvar=fsync
1772696952255597273 PROBE_B_START program=low bvar=fsync
1772696952348797474 PROBE_B_END program=low bvar=fsync
1772696952551631161 PROBE_B_START program=low bvar=fsync
1772696952601229721 PROBE_B_END program=low bvar=fsync
1772696952804088574 PROBE_B_START program=low bvar=fsync
1772696952856663093 PROBE_B_END program=low bvar=fsync
1772696953059556928 PROBE_B_START program=low bvar=fsync
1772696953109392581 PROBE_B_END program=low bvar=fsync
1772696953312395100 PROBE_B_START program=low bvar=fsync
1772696953361893862 PROBE_B_END program=low bvar=fsync
1772696953564761917 PROBE_B_START program=low bvar=fsync
1772696953612469541 PROBE_B_END program=low bvar=fsync
1772696953815410782 PROBE_B_START program=low bvar=fsync
1772696953867886800 PROBE_B_END program=low bvar=fsync
1772696954070755762 PROBE_B_START program=low bvar=fsync
1772696954120792805 PROBE_B_END program=low bvar=fsync
1772696954323806729 PROBE_B_START program=low bvar=fsync
1772696954377426400 PROBE_B_END program=low bvar=fsync
1772696954580231212 PROBE_B_START program=low bvar=fsync
1772696954629656844 PROBE_B_END program=low bvar=fsync
1772696954832548083 PROBE_B_START program=low bvar=fsync
1772696954884143374 PROBE_B_END program=low bvar=fsync
1772696955086965352 PROBE_B_START program=low bvar=fsync
1772696955138981293 PROBE_B_END program=low bvar=fsync
1772696955341962863 PROBE_B_START program=low bvar=fsync
1772696955394299157 PROBE_B_END program=low bvar=fsync
1772696955597091245 PROBE_B_START program=low bvar=fsync
1772696956530341729 PROBE_B_END program=low bvar=fsync
1772696956733264871 PROBE_B_START program=low bvar=fsync
1772696956822727513 PROBE_B_END program=low bvar=fsync
1772696957025591581 PROBE_B_START program=low bvar=fsync
1772696957085540855 PROBE_B_END program=low bvar=fsync
1772696957288483625 PROBE_B_START program=low bvar=fsync
1772696957338526518 PROBE_B_END program=low bvar=fsync
1772696957541527677 PROBE_B_START program=low bvar=fsync
1772696957591131068 PROBE_B_END program=low bvar=fsync
1772696957794073005 PROBE_B_START program=low bvar=fsync
1772696957841708534 PROBE_B_END program=low bvar=fsync
1772696958044658952 PROBE_B_START program=low bvar=fsync
1772696958093885618 PROBE_B_END program=low bvar=fsync
1772696958296735886 PROBE_B_START program=low bvar=fsync
1772696958343385613 PROBE_B_END program=low bvar=fsync
1772696958546234566 PROBE_B_START program=low bvar=fsync
1772696958597786781 PROBE_B_END program=low bvar=fsync
1772696958800756401 PROBE_B_START program=low bvar=fsync
1772696958848682116 PROBE_B_END program=low bvar=fsync
1772696959051525698 PROBE_B_START program=low bvar=fsync
1772696959101732183 PROBE_B_END program=low bvar=fsync
1772696959304688542 PROBE_B_START program=low bvar=fsync
1772696959352258755 PROBE_B_END program=low bvar=fsync
1772696959555004150 PROBE_B_START program=low bvar=fsync
1772696959603312904 PROBE_B_END program=low bvar=fsync
1772696959806301781 PROBE_B_START program=low bvar=fsync
1772696959904336981 PROBE_B_END program=low bvar=fsync
1772696960107232802 PROBE_B_START program=low bvar=fsync
1772696960158831090 PROBE_B_END program=low bvar=fsync
1772696960361680890 PROBE_B_START program=low bvar=fsync
1772696960409216844 PROBE_B_END program=low bvar=fsync
1772696960612094311 PROBE_B_START program=low bvar=fsync
1772696960659501653 PROBE_B_END program=low bvar=fsync
1772696960862366176 PROBE_B_START program=low bvar=fsync
1772696960911344229 PROBE_B_END program=low bvar=fsync
1772696961114280492 PROBE_B_START program=low bvar=fsync
1772696961162991080 PROBE_B_END program=low bvar=fsync
1772696961366132732 PROBE_B_START program=low bvar=fsync
1772696961415562916 PROBE_B_END program=low bvar=fsync
1772696961618305770 PROBE_B_START program=low bvar=fsync
1772696961663790880 PROBE_B_END program=low bvar=fsync
1772696961866612604 PROBE_B_START program=low bvar=fsync
1772696961916785496 PROBE_B_END program=low bvar=fsync
1772696962119737535 PROBE_B_START program=low bvar=fsync
1772696962166253316 PROBE_B_END program=low bvar=fsync
1772696962369218076 PROBE_B_START program=low bvar=fsync
1772696962416790732 PROBE_B_END program=low bvar=fsync
1772696962619471103 PROBE_B_START program=low bvar=fsync
1772696962665767827 PROBE_B_END program=low bvar=fsync
1772696962868636328 PROBE_B_START program=low bvar=fsync
1772696962916769968 PROBE_B_END program=low bvar=fsync
1772696963119640134 PROBE_B_START program=low bvar=fsync
1772696963219995156 PROBE_B_END program=low bvar=fsync
1772696963422825970 PROBE_B_START program=low bvar=fsync
1772696963471457427 PROBE_B_END program=low bvar=fsync
1772696963674178666 PROBE_B_START program=low bvar=fsync
1772696963722441843 PROBE_B_END program=low bvar=fsync
1772696963925317064 PROBE_B_START program=low bvar=fsync
1772696963972529644 PROBE_B_END program=low bvar=fsync
1772696964175477346 PROBE_B_START program=low bvar=fsync
1772696964224692046 PROBE_B_END program=low bvar=fsync
1772696964427565895 PROBE_B_START program=low bvar=fsync
1772696964477174060 PROBE_B_END program=low bvar=fsync
1772696964680034242 PROBE_B_START program=low bvar=fsync
1772696964728821236 PROBE_B_END program=low bvar=fsync
1772696964931777641 PROBE_B_START program=low bvar=fsync
1772696964981028286 PROBE_B_END program=low bvar=fsync
1772696965183949337 PROBE_B_START program=low bvar=fsync
1772696965235778401 PROBE_B_END program=low bvar=fsync
1772696965438738897 PROBE_B_START program=low bvar=fsync
1772696965488640192 PROBE_B_END program=low bvar=fsync
1772696965691427557 PROBE_B_START program=low bvar=fsync
1772696965743693698 PROBE_B_END program=low bvar=fsync
1772696965946599637 PROBE_B_START program=low bvar=fsync
1772696965996670415 PROBE_B_END program=low bvar=fsync
1772696966199603038 PROBE_B_START program=low bvar=fsync
1772696966251095915 PROBE_B_END program=low bvar=fsync
1772696966454043501 PROBE_B_START program=low bvar=fsync
1772696966503421127 PROBE_B_END program=low bvar=fsync
1772696966706254120 PROBE_B_START program=low bvar=fsync
1772696966806360323 PROBE_B_END program=low bvar=fsync
1772696967009182150 PROBE_B_START program=low bvar=fsync
1772696967628155765 PROBE_B_END program=low bvar=fsync
1772696967831051608 PROBE_B_START program=low bvar=fsync
1772696967963624633 PROBE_B_END program=low bvar=fsync
1772696968166454104 PROBE_B_START program=low bvar=fsync
1772696968223744174 PROBE_B_END program=low bvar=fsync
1772696968426580256 PROBE_B_START program=low bvar=fsync
1772696968479128026 PROBE_B_END program=low bvar=fsync
1772696968682022441 PROBE_B_START program=low bvar=fsync
1772696968730234209 PROBE_B_END program=low bvar=fsync
1772696968933057846 PROBE_B_START program=low bvar=fsync
1772696968985164873 PROBE_B_END program=low bvar=fsync
1772696969188015305 PROBE_B_START program=low bvar=fsync
1772696969234870806 PROBE_B_END program=low bvar=fsync
1772696969437779201 PROBE_B_START program=low bvar=fsync
1772696969487142029 PROBE_B_END program=low bvar=fsync
1772696969690044369 PROBE_B_START program=low bvar=fsync
1772696969738438063 PROBE_B_END program=low bvar=fsync
1772696969941563477 PROBE_B_START program=low bvar=fsync
1772696969992998149 PROBE_B_END program=low bvar=fsync
1772696970195971338 PROBE_B_START program=low bvar=fsync
1772696970251677863 PROBE_B_END program=low bvar=fsync
1772696970454480404 PROBE_B_START program=low bvar=fsync
1772696970502672152 PROBE_B_END program=low bvar=fsync
1772696970705588526 PROBE_B_START program=low bvar=fsync
1772696970802962176 PROBE_B_END program=low bvar=fsync
1772696971005829532 PROBE_B_START program=low bvar=fsync
1772696971052507994 PROBE_B_END program=low bvar=fsync
1772696971255333126 PROBE_B_START program=low bvar=fsync
1772696971305174585 PROBE_B_END program=low bvar=fsync
1772696971508130939 PROBE_B_START program=low bvar=fsync
1772696971558606013 PROBE_B_END program=low bvar=fsync
1772696971761502459 PROBE_B_START program=low bvar=fsync
1772696971813694745 PROBE_B_END program=low bvar=fsync
1772696972016620617 PROBE_B_START program=low bvar=fsync
1772696972067395562 PROBE_B_END program=low bvar=fsync
1772696972270212506 PROBE_B_START program=low bvar=fsync
1772696972321754436 PROBE_B_END program=low bvar=fsync
1772696972524633658 PROBE_B_START program=low bvar=fsync
1772696972572152069 PROBE_B_END program=low bvar=fsync
1772696972775091273 PROBE_B_START program=low bvar=fsync
1772696972828297267 PROBE_B_END program=low bvar=fsync
1772696973031409601 PROBE_B_START program=low bvar=fsync
1772696973130359885 PROBE_B_END program=low bvar=fsync
1772696973333214068 PROBE_B_START program=low bvar=fsync
1772696973382345486 PROBE_B_END program=low bvar=fsync
1772696973585279040 PROBE_B_START program=low bvar=fsync
1772696973634213142 PROBE_B_END program=low bvar=fsync
1772696973837101418 PROBE_B_START program=low bvar=fsync
1772696973890270041 PROBE_B_END program=low bvar=fsync
1772696974093272113 PROBE_B_START program=low bvar=fsync
1772696974187044019 PROBE_B_END program=low bvar=fsync
1772696974389955793 PROBE_B_START program=low bvar=fsync
1772696974439474028 PROBE_B_END program=low bvar=fsync
1772696974642332153 PROBE_B_START program=low bvar=fsync
1772696974692445131 PROBE_B_END program=low bvar=fsync
1772696974895825630 PROBE_B_START program=low bvar=fsync
1772696974945408087 PROBE_B_END program=low bvar=fsync
1772696975148374193 PROBE_B_START program=low bvar=fsync
1772696975196796237 PROBE_B_END program=low bvar=fsync
1772696975399810009 PROBE_B_START program=low bvar=fsync
1772696975449297669 PROBE_B_END program=low bvar=fsync
1772696975652166163 PROBE_B_START program=low bvar=fsync
1772696975704699208 PROBE_B_END program=low bvar=fsync
1772696975907588072 PROBE_B_START program=low bvar=fsync
1772696975957847902 PROBE_B_END program=low bvar=fsync
1772696976160758655 PROBE_B_START program=low bvar=fsync
1772696976215073188 PROBE_B_END program=low bvar=fsync
1772696976418029922 PROBE_B_START program=low bvar=fsync
1772696976471095024 PROBE_B_END program=low bvar=fsync
1772696976674004646 PROBE_B_START program=low bvar=fsync
1772696976726182336 PROBE_B_END program=low bvar=fsync
1772696976929040736 PROBE_B_START program=low bvar=fsync
1772696976981154445 PROBE_B_END program=low bvar=fsync
1772696977184201103 PROBE_B_START program=low bvar=fsync
1772696977621153657 PROBE_B_END program=low bvar=fsync
1772696977824119093 PROBE_B_START program=low bvar=fsync
1772696977933931257 PROBE_B_END program=low bvar=fsync
1772696978136745006 PROBE_B_START program=low bvar=fsync
1772696978185239511 PROBE_B_END program=low bvar=fsync
1772696978388132296 PROBE_B_START program=low bvar=fsync
1772696978437429805 PROBE_B_END program=low bvar=fsync
1772696978640367424 PROBE_B_START program=low bvar=fsync
1772696978693326024 PROBE_B_END program=low bvar=fsync
1772696978896132402 PROBE_B_START program=low bvar=fsync
1772696978944524721 PROBE_B_END program=low bvar=fsync
1772696979147273801 PROBE_B_START program=low bvar=fsync
1772696979210270503 PROBE_B_END program=low bvar=fsync
1772696979413714159 PROBE_B_START program=low bvar=fsync
1772696979467986580 PROBE_B_END program=low bvar=fsync
1772696979670927271 PROBE_B_START program=low bvar=fsync
1772696979720083835 PROBE_B_END program=low bvar=fsync
1772696979922989951 PROBE_B_START program=low bvar=fsync
1772696979975034510 PROBE_B_END program=low bvar=fsync
1772696980177933662 PROBE_B_START program=low bvar=fsync
1772696980226550537 PROBE_B_END program=low bvar=fsync
1772696980429427097 PROBE_B_START program=low bvar=fsync
1772696980480267908 PROBE_B_END program=low bvar=fsync
1772696980683262227 PROBE_B_START program=low bvar=fsync
1772696980733627518 PROBE_B_END program=low bvar=fsync
1772696980936438225 PROBE_B_START program=low bvar=fsync
1772696980985495269 PROBE_B_END program=low bvar=fsync
1772696981188382475 PROBE_B_START program=low bvar=fsync
1772696981281080204 PROBE_B_END program=low bvar=fsync
1772696981484010946 PROBE_B_START program=low bvar=fsync
1772696981534302292 PROBE_B_END program=low bvar=fsync
1772696981737262664 PROBE_B_START program=low bvar=fsync
1772696981789033887 PROBE_B_END program=low bvar=fsync
1772696981991953723 PROBE_B_START program=low bvar=fsync
1772696982041286971 PROBE_B_END program=low bvar=fsync
1772696982244080156 PROBE_B_START program=low bvar=fsync
1772696982295605377 PROBE_B_END program=low bvar=fsync
1772696982498525562 PROBE_B_START program=low bvar=fsync
1772696982548839796 PROBE_B_END program=low bvar=fsync
1772696982751662685 PROBE_B_START program=low bvar=fsync
1772696982801760529 PROBE_B_END program=low bvar=fsync
1772696983004722956 PROBE_B_START program=low bvar=fsync
1772696983052696049 PROBE_B_END program=low bvar=fsync
1772696983255647825 PROBE_B_START program=low bvar=fsync
1772696983307003286 PROBE_B_END program=low bvar=fsync
1772696983509933432 PROBE_B_START program=low bvar=fsync
1772696983557384153 PROBE_B_END program=low bvar=fsync
1772696983760296595 PROBE_B_START program=low bvar=fsync
1772696983810713052 PROBE_B_END program=low bvar=fsync
1772696984013587865 PROBE_B_START program=low bvar=fsync
1772696984063685930 PROBE_B_END program=low bvar=fsync
1772696984266556649 PROBE_B_START program=low bvar=fsync
1772696984316305250 PROBE_B_END program=low bvar=fsync
1772696984519165672 PROBE_B_START program=low bvar=fsync
1772696984613467090 PROBE_B_END program=low bvar=fsync
1772696984816350198 PROBE_B_START program=low bvar=fsync
1772696984868961386 PROBE_B_END program=low bvar=fsync
1772696985071893308 PROBE_B_START program=low bvar=fsync
1772696985119885585 PROBE_B_END program=low bvar=fsync
1772696985322562745 PROBE_B_START program=low bvar=fsync
1772696985371129563 PROBE_B_END program=low bvar=fsync
1772696985574075854 PROBE_B_START program=low bvar=fsync
1772696985626746653 PROBE_B_END program=low bvar=fsync
1772696985829629981 PROBE_B_START program=low bvar=fsync
1772696985886263743 PROBE_B_END program=low bvar=fsync
1772696986089364163 PROBE_B_START program=low bvar=fsync
1772696986140300232 PROBE_B_END program=low bvar=fsync
1772696986343157095 PROBE_B_START program=low bvar=fsync
1772696986394992853 PROBE_B_END program=low bvar=fsync
1772696986597912586 PROBE_B_START program=low bvar=fsync
1772696986649292935 PROBE_B_END program=low bvar=fsync
1772696986852168001 PROBE_B_START program=low bvar=fsync
1772696986904728948 PROBE_B_END program=low bvar=fsync
1772696987107599217 PROBE_B_START program=low bvar=fsync
1772696987158663915 PROBE_B_END program=low bvar=fsync
1772696987361438868 PROBE_B_START program=low bvar=fsync
1772696987412904143 PROBE_B_END program=low bvar=fsync
1772696987615743078 PROBE_B_START program=low bvar=fsync
1772696988254802151 PROBE_B_END program=low bvar=fsync
1772696988457644010 PROBE_B_START program=low bvar=fsync
1772696988542320658 PROBE_B_END program=low bvar=fsync
1772696988745262888 PROBE_B_START program=low bvar=fsync
1772696988849047384 PROBE_B_END program=low bvar=fsync
1772696989051959336 PROBE_B_START program=low bvar=fsync
1772696989170304898 PROBE_B_END program=low bvar=fsync
1772696989373253552 PROBE_B_START program=low bvar=fsync
1772696989442834315 PROBE_B_END program=low bvar=fsync
1772696989645642969 PROBE_B_START program=low bvar=fsync
1772696989695984904 PROBE_B_END program=low bvar=fsync
1772696989899057762 PROBE_B_START program=low bvar=fsync
1772696989948596971 PROBE_B_END program=low bvar=fsync
1772696990151520753 PROBE_B_START program=low bvar=fsync
1772696990199031637 PROBE_B_END program=low bvar=fsync
1772696990401808159 PROBE_B_START program=low bvar=fsync
1772696990451830166 PROBE_B_END program=low bvar=fsync
1772696990654735040 PROBE_B_START program=low bvar=fsync
1772696990724214396 PROBE_B_END program=low bvar=fsync
1772696990927065566 PROBE_B_START program=low bvar=fsync
1772696990977409815 PROBE_B_END program=low bvar=fsync
1772696991180353521 PROBE_B_START program=low bvar=fsync
1772696991227655441 PROBE_B_END program=low bvar=fsync
1772696991430517406 PROBE_B_START program=low bvar=fsync
1772696991500252762 PROBE_B_END program=low bvar=fsync
1772696991703071874 PROBE_B_START program=low bvar=fsync
1772696991750730018 PROBE_B_END program=low bvar=fsync
1772696991953567742 PROBE_B_START program=low bvar=fsync
1772696992003453563 PROBE_B_END program=low bvar=fsync
1772696992206349878 PROBE_B_START program=low bvar=fsync
1772696992253418389 PROBE_B_END program=low bvar=fsync
1772696992456494205 PROBE_B_START program=low bvar=fsync
1772696992545155850 PROBE_B_END program=low bvar=fsync
1772696992748017609 PROBE_B_START program=low bvar=fsync
1772696992815813641 PROBE_B_END program=low bvar=fsync
1772696993018761549 PROBE_B_START program=low bvar=fsync
1772696993146241148 PROBE_B_END program=low bvar=fsync
1772696993349165165 PROBE_B_START program=low bvar=fsync
1772696993400089601 PROBE_B_END program=low bvar=fsync
1772696993602891172 PROBE_B_START program=low bvar=fsync
1772696993653560607 PROBE_B_END program=low bvar=fsync
1772696993856415531 PROBE_B_START program=low bvar=fsync
1772696993905093938 PROBE_B_END program=low bvar=fsync
1772696994107915842 PROBE_B_START program=low bvar=fsync
1772696994157124140 PROBE_B_END program=low bvar=fsync
1772696994359990933 PROBE_B_START program=low bvar=fsync
1772696994408144633 PROBE_B_END program=low bvar=fsync
1772696994610930740 PROBE_B_START program=low bvar=fsync
1772696994658575309 PROBE_B_END program=low bvar=fsync
1772696994861443342 PROBE_B_START program=low bvar=fsync
1772696994909392523 PROBE_B_END program=low bvar=fsync
1772696995112215074 PROBE_B_START program=low bvar=fsync
1772696995161013258 PROBE_B_END program=low bvar=fsync
1772696995363798567 PROBE_B_START program=low bvar=fsync
1772696995413559126 PROBE_B_END program=low bvar=fsync
1772696995616462510 PROBE_B_START program=low bvar=fsync
1772696995662886628 PROBE_B_END program=low bvar=fsync
1772696995865705455 PROBE_B_START program=low bvar=fsync
1772696995914470121 PROBE_B_END program=low bvar=fsync
1772696996117229892 PROBE_B_START program=low bvar=fsync
1772696996164525051 PROBE_B_END program=low bvar=fsync
1772696996367384969 PROBE_B_START program=low bvar=fsync
1772696996416277394 PROBE_B_END program=low bvar=fsync
1772696996619103757 PROBE_B_START program=low bvar=fsync
1772696996672025608 PROBE_B_END program=low bvar=fsync
1772696996874802989 PROBE_B_START program=low bvar=fsync
1772696996926568501 PROBE_B_END program=low bvar=fsync
1772696997129278603 PROBE_B_START program=low bvar=fsync
1772696997184342260 PROBE_B_END program=low bvar=fsync
1772696997387131324 PROBE_B_START program=low bvar=fsync
1772696997487902965 PROBE_B_END program=low bvar=fsync
1772696997690629955 PROBE_B_START program=low bvar=fsync
1772696997739108971 PROBE_B_END program=low bvar=fsync
1772696997941901702 PROBE_B_START program=low bvar=fsync
1772696997990034475 PROBE_B_END program=low bvar=fsync
1772696998192968002 PROBE_B_START program=low bvar=fsync
1772696998246552706 PROBE_B_END program=low bvar=fsync
1772696998449586381 PROBE_B_START program=low bvar=fsync
1772696998502116192 PROBE_B_END program=low bvar=fsync
1772696998704859496 PROBE_B_START program=low bvar=fsync
1772696998755740762 PROBE_B_END program=low bvar=fsync
1772696998958878030 PROBE_B_START program=low bvar=fsync
1772696999009299572 PROBE_B_END program=low bvar=fsync
1772696999212180060 PROBE_B_START program=low bvar=fsync
1772696999265574726 PROBE_B_END program=low bvar=fsync
1772696999468567158 PROBE_B_START program=low bvar=fsync
1772696999518320530 PROBE_B_END program=low bvar=fsync
1772696999721019887 PROBE_B_START program=low bvar=fsync
1772696999771842857 PROBE_B_END program=low bvar=fsync
1772696999974563547 PROBE_B_START program=low bvar=fsync
1772697000522750381 PROBE_B_END program=low bvar=fsync
1772697000725543496 PROBE_B_START program=low bvar=fsync
1772697000817557390 PROBE_B_END program=low bvar=fsync
1772697001020331801 PROBE_B_START program=low bvar=fsync
1772697001085996799 PROBE_B_END program=low bvar=fsync
1772697001288755172 PROBE_B_START program=low bvar=fsync
1772697001799305424 PROBE_B_END program=low bvar=fsync
1772697002002119667 PROBE_B_START program=low bvar=fsync
1772697002065190875 PROBE_B_END program=low bvar=fsync
1772697002267961023 PROBE_B_START program=low bvar=fsync
1772697002315839589 PROBE_B_END program=low bvar=fsync
1772697002518603589 PROBE_B_START program=low bvar=fsync
1772697002570417376 PROBE_B_END program=low bvar=fsync
1772697002773334044 PROBE_B_START program=low bvar=fsync
1772697002823828881 PROBE_B_END program=low bvar=fsync
1772697003026677714 PROBE_B_START program=low bvar=fsync
1772697003077573757 PROBE_B_END program=low bvar=fsync
1772697003280399700 PROBE_B_START program=low bvar=fsync
1772697003329470993 PROBE_B_END program=low bvar=fsync
1772697003532329269 PROBE_B_START program=low bvar=fsync
1772697003582190584 PROBE_B_END program=low bvar=fsync
1772697003785701567 PROBE_B_START program=low bvar=fsync
1772697003836266164 PROBE_B_END program=low bvar=fsync
1772697004039117088 PROBE_B_START program=low bvar=fsync
1772697004089419683 PROBE_B_END program=low bvar=fsync
1772697004292271013 PROBE_B_START program=low bvar=fsync
1772697004340968971 PROBE_B_END program=low bvar=fsync
1772697004543808819 PROBE_B_START program=low bvar=fsync
1772697004599822791 PROBE_B_END program=low bvar=fsync
1772697004802591028 PROBE_B_START program=low bvar=fsync
1772697004835646694 PROBE_B_END program=low bvar=fsync
1772697005038523913 PROBE_B_START program=low bvar=fsync
1772697005066954891 PROBE_B_END program=low bvar=fsync
1772697005269802701 PROBE_B_START program=low bvar=fsync
1772697005300635024 PROBE_B_END program=low bvar=fsync
1772697005503419926 PROBE_B_START program=low bvar=fsync
1772697005675835711 PROBE_B_END program=low bvar=fsync
1772697005878943319 PROBE_B_START program=low bvar=fsync
1772697005936508852 PROBE_B_END program=low bvar=fsync
1772697006139281883 PROBE_B_START program=low bvar=fsync
1772697006242039969 PROBE_B_END program=low bvar=fsync
1772697006444888407 PROBE_B_START program=low bvar=fsync
1772697006503428944 PROBE_B_END program=low bvar=fsync
1772697006706227122 PROBE_B_START program=low bvar=fsync
1772697006785986865 PROBE_B_END program=low bvar=fsync
1772697006988643950 PROBE_B_START program=low bvar=fsync
1772697007046375114 PROBE_B_END program=low bvar=fsync
1772697007249143142 PROBE_B_START program=low bvar=fsync
1772697007325886223 PROBE_B_END program=low bvar=fsync
1772697007528661214 PROBE_B_START program=low bvar=fsync
1772697007605007311 PROBE_B_END program=low bvar=fsync
1772697007807853729 PROBE_B_START program=low bvar=fsync
1772697007855021790 PROBE_B_END program=low bvar=fsync
1772697008057725447 PROBE_B_START program=low bvar=fsync
1772697008114596254 PROBE_B_END program=low bvar=fsync
1772697008317482651 PROBE_B_START program=low bvar=fsync
1772697008367623040 PROBE_B_END program=low bvar=fsync
1772697008570414214 PROBE_B_START program=low bvar=fsync
1772697008598722747 PROBE_B_END program=low bvar=fsync
1772697008801583811 PROBE_B_START program=low bvar=fsync
1772697008830342660 PROBE_B_END program=low bvar=fsync
1772697009033258613 PROBE_B_START program=low bvar=fsync
1772697009195359680 PROBE_B_END program=low bvar=fsync
1772697009398220001 PROBE_B_START program=low bvar=fsync
1772697009467777142 PROBE_B_END program=low bvar=fsync
1772697009670573407 PROBE_B_START program=low bvar=fsync
1772697009774021475 PROBE_B_END program=low bvar=fsync
1772697009977156057 PROBE_B_START program=low bvar=fsync
1772697010047484774 PROBE_B_END program=low bvar=fsync
1772697010250374594 PROBE_B_START program=low bvar=fsync
1772697010311879069 PROBE_B_END program=low bvar=fsync
1772697010514679425 PROBE_B_START program=low bvar=fsync
1772697010580419048 PROBE_B_END program=low bvar=fsync
1772697010783193682 PROBE_B_START program=low bvar=fsync
1772697010834675927 PROBE_B_END program=low bvar=fsync
1772697011039043920 PROBE_B_START program=low bvar=fsync
1772697011092378913 PROBE_B_END program=low bvar=fsync
1772697011295124842 PROBE_B_START program=low bvar=fsync
1772697011512690354 PROBE_B_END program=low bvar=fsync
1772697011715506579 PROBE_B_START program=low bvar=fsync
1772697011745913231 PROBE_B_END program=low bvar=fsync
1772697011948773605 PROBE_B_START program=low bvar=fsync
1772697011979723592 PROBE_B_END program=low bvar=fsync
1772697012182492094 PROBE_B_START program=low bvar=fsync
1772697012210392531 PROBE_B_END program=low bvar=fsync
1772697012413151254 PROBE_B_START program=low bvar=fsync
1772697012443906889 PROBE_B_END program=low bvar=fsync
1772697012646731075 PROBE_B_START program=low bvar=fsync
1772697012675258534 PROBE_B_END program=low bvar=fsync
1772697012878082053 PROBE_B_START program=low bvar=fsync
1772697013236063881 PROBE_B_END program=low bvar=fsync
1772697013438966288 PROBE_B_START program=low bvar=fsync
1772697014458756695 PROBE_B_END program=low bvar=fsync
1772697014661665248 PROBE_B_START program=low bvar=fsync
1772697014989501866 PROBE_B_END program=low bvar=fsync
1772697015192516252 PROBE_B_START program=low bvar=fsync
1772697015267077929 PROBE_B_END program=low bvar=fsync
1772697015469998796 PROBE_B_START program=low bvar=fsync
1772697015541559719 PROBE_B_END program=low bvar=fsync
1772697015744507623 PROBE_B_START program=low bvar=fsync
1772697015809007330 PROBE_B_END program=low bvar=fsync
1772697016011947308 PROBE_B_START program=low bvar=fsync
1772697016080723366 PROBE_B_END program=low bvar=fsync
1772697016283503008 PROBE_B_START program=low bvar=fsync
1772697016344340421 PROBE_B_END program=low bvar=fsync
1772697016547202823 PROBE_B_START program=low bvar=fsync
1772697016608973666 PROBE_B_END program=low bvar=fsync
1772697016811847679 PROBE_B_START program=low bvar=fsync
1772697016870972455 PROBE_B_END program=low bvar=fsync
1772697017073919764 PROBE_B_START program=low bvar=fsync
1772697017136118330 PROBE_B_END program=low bvar=fsync
1772697017338997878 PROBE_B_START program=low bvar=fsync
1772697017442237290 PROBE_B_END program=low bvar=fsync
1772697017645071116 PROBE_B_START program=low bvar=fsync
1772697017694396423 PROBE_B_END program=low bvar=fsync
1772697017897304582 PROBE_B_START program=low bvar=fsync
1772697017947444874 PROBE_B_END program=low bvar=fsync
1772697018150357773 PROBE_B_START program=low bvar=fsync
1772697018202390573 PROBE_B_END program=low bvar=fsync
1772697018405171137 PROBE_B_START program=low bvar=fsync
1772697018451237689 PROBE_B_END program=low bvar=fsync
1772697018654135291 PROBE_B_START program=low bvar=fsync
1772697018709854680 PROBE_B_END program=low bvar=fsync
1772697018912745949 PROBE_B_START program=low bvar=fsync
1772697019006024446 PROBE_B_END program=low bvar=fsync
1772697019208887120 PROBE_B_START program=low bvar=fsync
1772697019258518706 PROBE_B_END program=low bvar=fsync
1772697019461433232 PROBE_B_START program=low bvar=fsync
1772697019508797215 PROBE_B_END program=low bvar=fsync
1772697019711615333 PROBE_B_START program=low bvar=fsync
1772697019760781657 PROBE_B_END program=low bvar=fsync
1772697019963629442 PROBE_B_START program=low bvar=fsync
1772697020011041962 PROBE_B_END program=low bvar=fsync
1772697020213899876 PROBE_B_START program=low bvar=fsync
1772697020262514178 PROBE_B_END program=low bvar=fsync
1772697020465270221 PROBE_B_START program=low bvar=fsync
1772697020514522248 PROBE_B_END program=low bvar=fsync
1772697020717356291 PROBE_B_START program=low bvar=fsync
1772697020769243293 PROBE_B_END program=low bvar=fsync
1772697020972145854 PROBE_B_START program=low bvar=fsync
1772697021023379742 PROBE_B_END program=low bvar=fsync
1772697021226231006 PROBE_B_START program=low bvar=fsync
1772697021278036747 PROBE_B_END program=low bvar=fsync
1772697021480768436 PROBE_B_START program=low bvar=fsync
1772697021530328020 PROBE_B_END program=low bvar=fsync
1772697021733158098 PROBE_B_START program=low bvar=fsync
1772697021788854468 PROBE_B_END program=low bvar=fsync
1772697021991771195 PROBE_B_START program=low bvar=fsync
1772697022043575214 PROBE_B_END program=low bvar=fsync
1772697022246516957 PROBE_B_START program=low bvar=fsync
1772697022952684718 PROBE_B_END program=low bvar=fsync
1772697023155610571 PROBE_B_START program=low bvar=fsync
1772697024159360972 PROBE_B_END program=low bvar=fsync
1772697024362214693 PROBE_B_START program=low bvar=fsync
1772697025370421992 PROBE_B_END program=low bvar=fsync
1772697025573251471 PROBE_B_START program=low bvar=fsync
1772697026128264455 PROBE_B_END program=low bvar=fsync
1772697026331174229 PROBE_B_START program=low bvar=fsync
1772697026478406635 PROBE_B_END program=low bvar=fsync
1772697026681322686 PROBE_B_START program=low bvar=fsync
1772697026729495725 PROBE_B_END program=low bvar=fsync
1772697026932404017 PROBE_B_START program=low bvar=fsync
1772697027018120216 PROBE_B_END program=low bvar=fsync
1772697027220903488 PROBE_B_START program=low bvar=fsync
1772697027296960108 PROBE_B_END program=low bvar=fsync
1772697027499845880 PROBE_B_START program=low bvar=fsync
1772697027549149738 PROBE_B_END program=low bvar=fsync
1772697027752029843 PROBE_B_START program=low bvar=fsync
1772697027801528906 PROBE_B_END program=low bvar=fsync
1772697028004420381 PROBE_B_START program=low bvar=fsync
1772697028052457456 PROBE_B_END program=low bvar=fsync
1772697028255407967 PROBE_B_START program=low bvar=fsync
1772697028303643524 PROBE_B_END program=low bvar=fsync
1772697028506450201 PROBE_B_START program=low bvar=fsync
1772697028578874120 PROBE_B_END program=low bvar=fsync
1772697028781853335 PROBE_B_START program=low bvar=fsync
1772697028830524542 PROBE_B_END program=low bvar=fsync
1772697029033376811 PROBE_B_START program=low bvar=fsync
1772697029080539697 PROBE_B_END program=low bvar=fsync
1772697029283535188 PROBE_B_START program=low bvar=fsync
1772697029333239362 PROBE_B_END program=low bvar=fsync
1772697029536075426 PROBE_B_START program=low bvar=fsync
1772697029585093541 PROBE_B_END program=low bvar=fsync
1772697029788152847 PROBE_B_START program=low bvar=fsync
1772697029856722416 PROBE_B_END program=low bvar=fsync
1772697030059617054 PROBE_B_START program=low bvar=fsync
1772697030094945241 PROBE_B_END program=low bvar=fsync
1772697030297946860 PROBE_B_START program=low bvar=fsync
1772697030326808168 PROBE_B_END program=low bvar=fsync
1772697030529943565 PROBE_B_START program=low bvar=fsync
1772697030558895169 PROBE_B_END program=low bvar=fsync
1772697030761768213 PROBE_B_START program=low bvar=fsync
1772697030789613165 PROBE_B_END program=low bvar=fsync
1772697030992470376 PROBE_B_START program=low bvar=fsync
1772697031021244164 PROBE_B_END program=low bvar=fsync
1772697031224167707 PROBE_B_START program=low bvar=fsync
1772697031384920127 PROBE_B_END program=low bvar=fsync
1772697031587790392 PROBE_B_START program=low bvar=fsync
1772697032012119963 PROBE_B_END program=low bvar=fsync
1772697032215010930 PROBE_B_START program=low bvar=fsync
1772697032349787628 PROBE_B_END program=low bvar=fsync
1772697032552679836 PROBE_B_START program=low bvar=fsync
1772697032622197592 PROBE_B_END program=low bvar=fsync
1772697032825020503 PROBE_B_START program=low bvar=fsync
1772697032881381167 PROBE_B_END program=low bvar=fsync
1772697033084193448 PROBE_B_START program=low bvar=fsync
1772697033147713660 PROBE_B_END program=low bvar=fsync
1772697033350641903 PROBE_B_START program=low bvar=fsync
1772697033408999204 PROBE_B_END program=low bvar=fsync
1772697033611826095 PROBE_B_START program=low bvar=fsync
1772697033741166381 PROBE_B_END program=low bvar=fsync
1772697033944094717 PROBE_B_START program=low bvar=fsync
1772697034005220844 PROBE_B_END program=low bvar=fsync
1772697034208052419 PROBE_B_START program=low bvar=fsync
1772697034273460194 PROBE_B_END program=low bvar=fsync
1772697034476392417 PROBE_B_START program=low bvar=fsync
1772697034571709206 PROBE_B_END program=low bvar=fsync
1772697034774710466 PROBE_B_START program=low bvar=fsync
1772697034827098242 PROBE_B_END program=low bvar=fsync
1772697035029932687 PROBE_B_START program=low bvar=fsync
1772697035572860038 PROBE_B_END program=low bvar=fsync
1772697035776225520 PROBE_B_START program=low bvar=fsync
1772697035873504169 PROBE_B_END program=low bvar=fsync
1772697036076397204 PROBE_B_START program=low bvar=fsync
1772697036133477517 PROBE_B_END program=low bvar=fsync
1772697036336268533 PROBE_B_START program=low bvar=fsync
1772697036385600202 PROBE_B_END program=low bvar=fsync
1772697036588491588 PROBE_B_START program=low bvar=fsync
1772697036641977220 PROBE_B_END program=low bvar=fsync
1772697036845160885 PROBE_B_START program=low bvar=fsync
1772697036944328596 PROBE_B_END program=low bvar=fsync
1772697037147369279 PROBE_B_START program=low bvar=fsync
1772697037195788573 PROBE_B_END program=low bvar=fsync
1772697037398651439 PROBE_B_START program=low bvar=fsync
1772697037449575541 PROBE_B_END program=low bvar=fsync
1772697037652543778 PROBE_B_START program=low bvar=fsync
1772697037700976665 PROBE_B_END program=low bvar=fsync
1772697037903913161 PROBE_B_START program=low bvar=fsync
1772697037956289120 PROBE_B_END program=low bvar=fsync
1772697038159175411 PROBE_B_START program=low bvar=fsync
1772697038207500742 PROBE_B_END program=low bvar=fsync
1772697038410330347 PROBE_B_START program=low bvar=fsync
1772697038459301866 PROBE_B_END program=low bvar=fsync
1772697038662230823 PROBE_B_START program=low bvar=fsync
1772697038709371686 PROBE_B_END program=low bvar=fsync
1772697038912288069 PROBE_B_START program=low bvar=fsync
1772697038961737498 PROBE_B_END program=low bvar=fsync
1772697039164748972 PROBE_B_START program=low bvar=fsync
1772697039213829602 PROBE_B_END program=low bvar=fsync
1772697039416750169 PROBE_B_START program=low bvar=fsync
1772697039464407941 PROBE_B_END program=low bvar=fsync
1772697039667241470 PROBE_B_START program=low bvar=fsync
1772697039720375617 PROBE_B_END program=low bvar=fsync
1772697039925187896 PROBE_B_START program=low bvar=fsync
1772697039974359563 PROBE_B_END program=low bvar=fsync
1772697040177258350 PROBE_B_START program=low bvar=fsync
1772697040225729292 PROBE_B_END program=low bvar=fsync
1772697040428672061 PROBE_B_START program=low bvar=fsync
1772697040495670691 PROBE_B_END program=low bvar=fsync
1772697040698611978 PROBE_B_START program=low bvar=fsync
1772697040749155318 PROBE_B_END program=low bvar=fsync
1772697040952706478 PROBE_B_START program=low bvar=fsync
1772697041000064730 PROBE_B_END program=low bvar=fsync
1772697041202818218 PROBE_B_START program=low bvar=fsync
1772697041250826232 PROBE_B_END program=low bvar=fsync
1772697041453681240 PROBE_B_START program=low bvar=fsync
1772697041550027491 PROBE_B_END program=low bvar=fsync
1772697041753014202 PROBE_B_START program=low bvar=fsync
1772697041802525259 PROBE_B_END program=low bvar=fsync
1772697042005482360 PROBE_B_START program=low bvar=fsync
1772697042054974879 PROBE_B_END program=low bvar=fsync
1772697042258364221 PROBE_B_START program=low bvar=fsync
1772697042307840907 PROBE_B_END program=low bvar=fsync
1772697042511190859 PROBE_B_START program=low bvar=fsync
1772697042559660337 PROBE_B_END program=low bvar=fsync
1772697042762462750 PROBE_B_START program=low bvar=fsync
1772697042814532040 PROBE_B_END program=low bvar=fsync
1772697043017759528 PROBE_B_START program=low bvar=fsync
1772697043068554201 PROBE_B_END program=low bvar=fsync
1772697043271230630 PROBE_B_START program=low bvar=fsync
1772697043319631034 PROBE_B_END program=low bvar=fsync
1772697043522528334 PROBE_B_START program=low bvar=fsync
1772697043574147084 PROBE_B_END program=low bvar=fsync
1772697043776988347 PROBE_B_START program=low bvar=fsync
1772697043828820247 PROBE_B_END program=low bvar=fsync
1772697044031786269 PROBE_B_START program=low bvar=fsync
1772697044084275560 PROBE_B_END program=low bvar=fsync
1772697044287119062 PROBE_B_START program=low bvar=fsync
1772697044339517297 PROBE_B_END program=low bvar=fsync
1772697044542490077 PROBE_B_START program=low bvar=fsync
1772697044594266680 PROBE_B_END program=low bvar=fsync
1772697044797144052 PROBE_B_START program=low bvar=fsync
1772697044850419735 PROBE_B_END program=low bvar=fsync
1772697045053319830 PROBE_B_START program=low bvar=fsync
1772697045586588467 PROBE_B_END program=low bvar=fsync
1772697045789480764 PROBE_B_START program=low bvar=fsync
1772697045876843864 PROBE_B_END program=low bvar=fsync
1772697046079681271 PROBE_B_START program=low bvar=fsync
1772697046144527815 PROBE_B_END program=low bvar=fsync
1772697046347396796 PROBE_B_START program=low bvar=fsync
1772697046457913120 PROBE_B_END program=low bvar=fsync
1772697046660778027 PROBE_B_START program=low bvar=fsync
1772697046725441810 PROBE_B_END program=low bvar=fsync
1772697046928468162 PROBE_B_START program=low bvar=fsync
1772697046992463314 PROBE_B_END program=low bvar=fsync
1772697047195493701 PROBE_B_START program=low bvar=fsync
1772697047253008714 PROBE_B_END program=low bvar=fsync
1772697047455882675 PROBE_B_START program=low bvar=fsync
1772697047509430579 PROBE_B_END program=low bvar=fsync
1772697047712354318 PROBE_B_START program=low bvar=fsync
1772697047764136252 PROBE_B_END program=low bvar=fsync
1772697047967053361 PROBE_B_START program=low bvar=fsync
1772697048018699998 PROBE_B_END program=low bvar=fsync
1772697048221669495 PROBE_B_START program=low bvar=fsync
1772697048272673333 PROBE_B_END program=low bvar=fsync
1772697048475512514 PROBE_B_START program=low bvar=fsync
1772697048524599974 PROBE_B_END program=low bvar=fsync
1772697048727554396 PROBE_B_START program=low bvar=fsync
1772697048776768115 PROBE_B_END program=low bvar=fsync
1772697048979648111 PROBE_B_START program=low bvar=fsync
1772697049028221662 PROBE_B_END program=low bvar=fsync
1772697049231173841 PROBE_B_START program=low bvar=fsync
1772697049281485250 PROBE_B_END program=low bvar=fsync
1772697049484276115 PROBE_B_START program=low bvar=fsync
1772697049534075373 PROBE_B_END program=low bvar=fsync
1772697049736949886 PROBE_B_START program=low bvar=fsync
1772697049784287524 PROBE_B_END program=low bvar=fsync
1772697049987312685 PROBE_B_START program=low bvar=fsync
1772697050039589547 PROBE_B_END program=low bvar=fsync
1772697050242845281 PROBE_B_START program=low bvar=fsync
1772697050291016811 PROBE_B_END program=low bvar=fsync
1772697050493966563 PROBE_B_START program=low bvar=fsync
1772697050542954078 PROBE_B_END program=low bvar=fsync
1772697050745880533 PROBE_B_START program=low bvar=fsync
1772697050838896542 PROBE_B_END program=low bvar=fsync
1772697051041748182 PROBE_B_START program=low bvar=fsync
1772697051144458285 PROBE_B_END program=low bvar=fsync
1772697051347199257 PROBE_B_START program=low bvar=fsync
1772697051394413504 PROBE_B_END program=low bvar=fsync
1772697051597176402 PROBE_B_START program=low bvar=fsync
1772697051644555632 PROBE_B_END program=low bvar=fsync
1772697051847422141 PROBE_B_START program=low bvar=fsync
1772697051896406507 PROBE_B_END program=low bvar=fsync
1772697052099443646 PROBE_B_START program=low bvar=fsync
1772697052147269451 PROBE_B_END program=low bvar=fsync
1772697052350008496 PROBE_B_START program=low bvar=fsync
1772697052402719154 PROBE_B_END program=low bvar=fsync
1772697052605578754 PROBE_B_START program=low bvar=fsync
1772697052653625486 PROBE_B_END program=low bvar=fsync
1772697052856541457 PROBE_B_START program=low bvar=fsync
1772697052905613712 PROBE_B_END program=low bvar=fsync
1772697053108604720 PROBE_B_START program=low bvar=fsync
1772697053156755803 PROBE_B_END program=low bvar=fsync
1772697053359944441 PROBE_B_START program=low bvar=fsync
1772697053408279877 PROBE_B_END program=low bvar=fsync
1772697053611065513 PROBE_B_START program=low bvar=fsync
1772697053660613750 PROBE_B_END program=low bvar=fsync
1772697053863492219 PROBE_B_START program=low bvar=fsync
1772697053915381800 PROBE_B_END program=low bvar=fsync
1772697054118331306 PROBE_B_START program=low bvar=fsync
1772697054171100148 PROBE_B_END program=low bvar=fsync
1772697054375027120 PROBE_B_START program=low bvar=fsync
1772697054425277027 PROBE_B_END program=low bvar=fsync
1772697054628216014 PROBE_B_START program=low bvar=fsync
1772697054679710351 PROBE_B_END program=low bvar=fsync
1772697054882521911 PROBE_B_START program=low bvar=fsync
1772697054932378983 PROBE_B_END program=low bvar=fsync
1772697055135337931 PROBE_B_START program=low bvar=fsync
1772697055188295534 PROBE_B_END program=low bvar=fsync
1772697055391062240 PROBE_B_START program=low bvar=fsync
1772697056270595914 PROBE_B_END program=low bvar=fsync
1772697056473621675 PROBE_B_START program=low bvar=fsync
1772697057327517867 PROBE_B_END program=low bvar=fsync
1772697057530234459 PROBE_B_START program=low bvar=fsync
1772697057611671009 PROBE_B_END program=low bvar=fsync
1772697057814464712 PROBE_B_START program=low bvar=fsync
1772697057874366027 PROBE_B_END program=low bvar=fsync
1772697058077193729 PROBE_B_START program=low bvar=fsync
1772697058127147689 PROBE_B_END program=low bvar=fsync
1772697058329973650 PROBE_B_START program=low bvar=fsync
1772697058377735471 PROBE_B_END program=low bvar=fsync
1772697058580623729 PROBE_B_START program=low bvar=fsync
1772697058628462680 PROBE_B_END program=low bvar=fsync
1772697058831358363 PROBE_B_START program=low bvar=fsync
1772697058882213530 PROBE_B_END program=low bvar=fsync
1772697059085109417 PROBE_B_START program=low bvar=fsync
1772697059134232002 PROBE_B_END program=low bvar=fsync
1772697059337182055 PROBE_B_START program=low bvar=fsync
1772697059384950968 PROBE_B_END program=low bvar=fsync
1772697059587721538 PROBE_B_START program=low bvar=fsync
1772697059639723395 PROBE_B_END program=low bvar=fsync
1772697059842515780 PROBE_B_START program=low bvar=fsync
1772697059889537375 PROBE_B_END program=low bvar=fsync
1772697060092404631 PROBE_B_START program=low bvar=fsync
1772697060142173552 PROBE_B_END program=low bvar=fsync
1772697060345053436 PROBE_B_START program=low bvar=fsync
1772697060393253128 PROBE_B_END program=low bvar=fsync
1772697060596158771 PROBE_B_START program=low bvar=fsync
1772697060643286200 PROBE_B_END program=low bvar=fsync
1772697060846107899 PROBE_B_START program=low bvar=fsync
1772697060894165628 PROBE_B_END program=low bvar=fsync
1772697061096977900 PROBE_B_START program=low bvar=fsync
1772697061144745960 PROBE_B_END program=low bvar=fsync
1772697061347625546 PROBE_B_START program=low bvar=fsync
1772697061396109591 PROBE_B_END program=low bvar=fsync
1772697061599456661 PROBE_B_START program=low bvar=fsync
1772697061647050388 PROBE_B_END program=low bvar=fsync
1772697061849959752 PROBE_B_START program=low bvar=fsync
1772697061900538157 PROBE_B_END program=low bvar=fsync
1772697062103600150 PROBE_B_START program=low bvar=fsync
1772697062197503449 PROBE_B_END program=low bvar=fsync
1772697062400482405 PROBE_B_START program=low bvar=fsync
1772697062450517881 PROBE_B_END program=low bvar=fsync
1772697062653483281 PROBE_B_START program=low bvar=fsync
1772697062703532258 PROBE_B_END program=low bvar=fsync
1772697062906423231 PROBE_B_START program=low bvar=fsync
1772697062960499502 PROBE_B_END program=low bvar=fsync
1772697063163443197 PROBE_B_START program=low bvar=fsync
1772697063214846067 PROBE_B_END program=low bvar=fsync
1772697063417803391 PROBE_B_START program=low bvar=fsync
1772697063464880615 PROBE_B_END program=low bvar=fsync
1772697063668325274 PROBE_B_START program=low bvar=fsync
1772697063721442745 PROBE_B_END program=low bvar=fsync
1772697063924308846 PROBE_B_START program=low bvar=fsync
1772697063971372181 PROBE_B_END program=low bvar=fsync
1772697064174304263 PROBE_B_START program=low bvar=fsync
1772697064224181053 PROBE_B_END program=low bvar=fsync
1772697064427075356 PROBE_B_START program=low bvar=fsync
1772697064475898957 PROBE_B_END program=low bvar=fsync
1772697064678798168 PROBE_B_START program=low bvar=fsync
1772697064730459891 PROBE_B_END program=low bvar=fsync
1772697064933372214 PROBE_B_START program=low bvar=fsync
1772697064982872836 PROBE_B_END program=low bvar=fsync
1772697065185759916 PROBE_B_START program=low bvar=fsync
1772697065240497225 PROBE_B_END program=low bvar=fsync
1772697065443492360 PROBE_B_START program=low bvar=fsync
1772697065493033334 PROBE_B_END program=low bvar=fsync
1772697065695870025 PROBE_B_START program=low bvar=fsync
1772697065796784923 PROBE_B_END program=low bvar=fsync
1772697065999618948 PROBE_B_START program=low bvar=fsync
1772697066054104292 PROBE_B_END program=low bvar=fsync
1772697066257009093 PROBE_B_START program=low bvar=fsync
1772697066312296866 PROBE_B_END program=low bvar=fsync
1772697066515151833 PROBE_B_START program=low bvar=fsync
1772697067204746182 PROBE_B_END program=low bvar=fsync
1772697067407644851 PROBE_B_START program=low bvar=fsync
1772697067491653182 PROBE_B_END program=low bvar=fsync
1772697067694582074 PROBE_B_START program=low bvar=fsync
1772697067756759892 PROBE_B_END program=low bvar=fsync
1772697067959634099 PROBE_B_START program=low bvar=fsync
1772697068009519925 PROBE_B_END program=low bvar=fsync
1772697068212540408 PROBE_B_START program=low bvar=fsync
1772697068262899161 PROBE_B_END program=low bvar=fsync
1772697068465845181 PROBE_B_START program=low bvar=fsync
1772697068513566239 PROBE_B_END program=low bvar=fsync
1772697068716508721 PROBE_B_START program=low bvar=fsync
1772697068766103750 PROBE_B_END program=low bvar=fsync
1772697068969008899 PROBE_B_START program=low bvar=fsync
1772697069018795742 PROBE_B_END program=low bvar=fsync
1772697069221722872 PROBE_B_START program=low bvar=fsync
1772697069271412807 PROBE_B_END program=low bvar=fsync
1772697069474251270 PROBE_B_START program=low bvar=fsync
1772697069524434152 PROBE_B_END program=low bvar=fsync
1772697069727363021 PROBE_B_START program=low bvar=fsync
1772697069827708008 PROBE_B_END program=low bvar=fsync
1772697070030435191 PROBE_B_START program=low bvar=fsync
1772697070080378313 PROBE_B_END program=low bvar=fsync
1772697070283317015 PROBE_B_START program=low bvar=fsync
1772697070332411318 PROBE_B_END program=low bvar=fsync
1772697070535299094 PROBE_B_START program=low bvar=fsync
1772697070585367086 PROBE_B_END program=low bvar=fsync
1772697070788250750 PROBE_B_START program=low bvar=fsync
1772697070837279979 PROBE_B_END program=low bvar=fsync
1772697071040049421 PROBE_B_START program=low bvar=fsync
1772697071087529643 PROBE_B_END program=low bvar=fsync
1772697071290395565 PROBE_B_START program=low bvar=fsync
1772697071352828050 PROBE_B_END program=low bvar=fsync
1772697071555785287 PROBE_B_START program=low bvar=fsync
1772697071607635397 PROBE_B_END program=low bvar=fsync
1772697071810503671 PROBE_B_START program=low bvar=fsync
1772697071861241203 PROBE_B_END program=low bvar=fsync
1772697072064046884 PROBE_B_START program=low bvar=fsync
1772697072113002019 PROBE_B_END program=low bvar=fsync
1772697072315876069 PROBE_B_START program=low bvar=fsync
1772697072363314476 PROBE_B_END program=low bvar=fsync
1772697072566250379 PROBE_B_START program=low bvar=fsync
1772697072614394603 PROBE_B_END program=low bvar=fsync
1772697072817191116 PROBE_B_START program=low bvar=fsync
1772697072863515426 PROBE_B_END program=low bvar=fsync
1772697073066317291 PROBE_B_START program=low bvar=fsync
1772697073116801895 PROBE_B_END program=low bvar=fsync
1772697073319692980 PROBE_B_START program=low bvar=fsync
1772697073357424664 PROBE_B_END program=low bvar=fsync
1772697073560527788 PROBE_B_START program=low bvar=fsync
1772697073589759994 PROBE_B_END program=low bvar=fsync
1772697073792708432 PROBE_B_START program=low bvar=fsync
1772697073823296347 PROBE_B_END program=low bvar=fsync
1772697074025956765 PROBE_B_START program=low bvar=fsync
1772697074053306668 PROBE_B_END program=low bvar=fsync
1772697074256176771 PROBE_B_START program=low bvar=fsync
1772697074284600974 PROBE_B_END program=low bvar=fsync
1772697074487499762 PROBE_B_START program=low bvar=fsync
1772697074516542356 PROBE_B_END program=low bvar=fsync
1772697074719499903 PROBE_B_START program=low bvar=fsync
1772697074747490975 PROBE_B_END program=low bvar=fsync
1772697074950356652 PROBE_B_START program=low bvar=fsync
1772697075045110538 PROBE_B_END program=low bvar=fsync
1772697075247957602 PROBE_B_START program=low bvar=fsync
1772697075318853340 PROBE_B_END program=low bvar=fsync
1772697075521805774 PROBE_B_START program=low bvar=fsync
1772697075637411833 PROBE_B_END program=low bvar=fsync
1772697075840244509 PROBE_B_START program=low bvar=fsync
1772697075907551492 PROBE_B_END program=low bvar=fsync
1772697076110553056 PROBE_B_START program=low bvar=fsync
1772697076183160244 PROBE_B_END program=low bvar=fsync
1772697076385962306 PROBE_B_START program=low bvar=fsync
1772697076446433910 PROBE_B_END program=low bvar=fsync
1772697076649407436 PROBE_B_START program=low bvar=fsync
1772697076710649636 PROBE_B_END program=low bvar=fsync
1772697076913516347 PROBE_B_START program=low bvar=fsync
1772697076969664823 PROBE_B_END program=low bvar=fsync
1772697077172831330 PROBE_B_START program=low bvar=fsync
1772697077236054741 PROBE_B_END program=low bvar=fsync
1772697077438898283 PROBE_B_START program=low bvar=fsync
1772697077501398432 PROBE_B_END program=low bvar=fsync
1772697077704251030 PROBE_B_START program=low bvar=fsync
1772697078357920254 PROBE_B_END program=low bvar=fsync
1772697078560858870 PROBE_B_START program=low bvar=fsync
1772697078840660115 PROBE_B_END program=low bvar=fsync
1772697079043601637 PROBE_B_START program=low bvar=fsync
1772697079100585430 PROBE_B_END program=low bvar=fsync
1772697079303466636 PROBE_B_START program=low bvar=fsync
1772697079361747934 PROBE_B_END program=low bvar=fsync
1772697079564641640 PROBE_B_START program=low bvar=fsync
1772697079610315168 PROBE_B_END program=low bvar=fsync
1772697079813265911 PROBE_B_START program=low bvar=fsync
1772697079842032207 PROBE_B_END program=low bvar=fsync
1772697080044876506 PROBE_B_START program=low bvar=fsync
1772697080073431374 PROBE_B_END program=low bvar=fsync
1772697080276201245 PROBE_B_START program=low bvar=fsync
1772697080304008759 PROBE_B_END program=low bvar=fsync
1772697080506903723 PROBE_B_START program=low bvar=fsync
1772697080535681315 PROBE_B_END program=low bvar=fsync
1772697080738606372 PROBE_B_START program=low bvar=fsync
1772697080767327389 PROBE_B_END program=low bvar=fsync
1772697080970241390 PROBE_B_START program=low bvar=fsync
1772697081129571853 PROBE_B_END program=low bvar=fsync
1772697081332266240 PROBE_B_START program=low bvar=fsync
1772697081398893199 PROBE_B_END program=low bvar=fsync
1772697081601825754 PROBE_B_START program=low bvar=fsync
1772697081719922132 PROBE_B_END program=low bvar=fsync
1772697081922778317 PROBE_B_START program=low bvar=fsync
1772697081998363347 PROBE_B_END program=low bvar=fsync
1772697082201212956 PROBE_B_START program=low bvar=fsync
1772697082258592231 PROBE_B_END program=low bvar=fsync
1772697082461530636 PROBE_B_START program=low bvar=fsync
1772697082520821844 PROBE_B_END program=low bvar=fsync
1772697082723733842 PROBE_B_START program=low bvar=fsync
1772697082785624375 PROBE_B_END program=low bvar=fsync
1772697082988469280 PROBE_B_START program=low bvar=fsync
1772697083050439813 PROBE_B_END program=low bvar=fsync
1772697083253387939 PROBE_B_START program=low bvar=fsync
1772697083309097115 PROBE_B_END program=low bvar=fsync
1772697083511956833 PROBE_B_START program=low bvar=fsync
1772697083570645113 PROBE_B_END program=low bvar=fsync
1772697083773644313 PROBE_B_START program=low bvar=fsync
1772697083820959901 PROBE_B_END program=low bvar=fsync
1772697084023842675 PROBE_B_START program=low bvar=fsync
1772697084072384471 PROBE_B_END program=low bvar=fsync
1772697084275313021 PROBE_B_START program=low bvar=fsync
1772697084325943696 PROBE_B_END program=low bvar=fsync
1772697084528873783 PROBE_B_START program=low bvar=fsync
1772697084577530024 PROBE_B_END program=low bvar=fsync
1772697084780404926 PROBE_B_START program=low bvar=fsync
1772697084827148641 PROBE_B_END program=low bvar=fsync
1772697085029960117 PROBE_B_START program=low bvar=fsync
1772697085075871421 PROBE_B_END program=low bvar=fsync
1772697085278756173 PROBE_B_START program=low bvar=fsync
1772697085329483163 PROBE_B_END program=low bvar=fsync
1772697085532294452 PROBE_B_START program=low bvar=fsync
1772697085625179564 PROBE_B_END program=low bvar=fsync
1772697085828098928 PROBE_B_START program=low bvar=fsync
1772697085880969666 PROBE_B_END program=low bvar=fsync
1772697086083845381 PROBE_B_START program=low bvar=fsync
1772697086132868344 PROBE_B_END program=low bvar=fsync
1772697086335864985 PROBE_B_START program=low bvar=fsync
1772697086391690548 PROBE_B_END program=low bvar=fsync
1772697086594516688 PROBE_B_START program=low bvar=fsync
1772697086646057494 PROBE_B_END program=low bvar=fsync
1772697086848907004 PROBE_B_START program=low bvar=fsync
1772697086901473482 PROBE_B_END program=low bvar=fsync
1772697087104456714 PROBE_B_START program=low bvar=fsync
1772697087156161336 PROBE_B_END program=low bvar=fsync
1772697087359094363 PROBE_B_START program=low bvar=fsync
1772697087410971819 PROBE_B_END program=low bvar=fsync
1772697087613938198 PROBE_B_START program=low bvar=fsync
1772697088109169479 PROBE_B_END program=low bvar=fsync
1772697088312069876 PROBE_B_START program=low bvar=fsync
1772697088452774352 PROBE_B_END program=low bvar=fsync
1772697088655568673 PROBE_B_START program=low bvar=fsync
1772697088718867061 PROBE_B_END program=low bvar=fsync
1772697088921752753 PROBE_B_START program=low bvar=fsync
1772697089029655660 PROBE_B_END program=low bvar=fsync
1772697089232522351 PROBE_B_START program=low bvar=fsync
1772697089288479488 PROBE_B_END program=low bvar=fsync
1772697089491446605 PROBE_B_START program=low bvar=fsync
1772697089546837907 PROBE_B_END program=low bvar=fsync
1772697089749701746 PROBE_B_START program=low bvar=fsync
1772697089803383726 PROBE_B_END program=low bvar=fsync
1772697090006313028 PROBE_B_START program=low bvar=fsync
1772697090058469298 PROBE_B_END program=low bvar=fsync
1772697090261394525 PROBE_B_START program=low bvar=fsync
1772697090316001064 PROBE_B_END program=low bvar=fsync
1772697090520934613 PROBE_B_START program=low bvar=fsync
1772697090576300154 PROBE_B_END program=low bvar=fsync
1772697090779191066 PROBE_B_START program=low bvar=fsync
1772697090878090142 PROBE_B_END program=low bvar=fsync
1772697091080937275 PROBE_B_START program=low bvar=fsync
1772697091134433346 PROBE_B_END program=low bvar=fsync
1772697091337404146 PROBE_B_START program=low bvar=fsync
1772697091391570331 PROBE_B_END program=low bvar=fsync
1772697091594351999 PROBE_B_START program=low bvar=fsync
1772697091642274902 PROBE_B_END program=low bvar=fsync
1772697091845160960 PROBE_B_START program=low bvar=fsync
1772697091898340160 PROBE_B_END program=low bvar=fsync
1772697092101219439 PROBE_B_START program=low bvar=fsync
1772697092149175601 PROBE_B_END program=low bvar=fsync
1772697092352088620 PROBE_B_START program=low bvar=fsync
1772697092402663328 PROBE_B_END program=low bvar=fsync
1772697092605639663 PROBE_B_START program=low bvar=fsync
1772697092700334444 PROBE_B_END program=low bvar=fsync
1772697092903160630 PROBE_B_START program=low bvar=fsync
1772697092951664720 PROBE_B_END program=low bvar=fsync
1772697093154595183 PROBE_B_START program=low bvar=fsync
1772697093201386913 PROBE_B_END program=low bvar=fsync
1772697093404244543 PROBE_B_START program=low bvar=fsync
1772697093454411860 PROBE_B_END program=low bvar=fsync
1772697093657431971 PROBE_B_START program=low bvar=fsync
1772697093704706407 PROBE_B_END program=low bvar=fsync
1772697093907520036 PROBE_B_START program=low bvar=fsync
1772697093954751917 PROBE_B_END program=low bvar=fsync
1772697094157689841 PROBE_B_START program=low bvar=fsync
1772697094206123911 PROBE_B_END program=low bvar=fsync
1772697094408959205 PROBE_B_START program=low bvar=fsync
1772697094458613409 PROBE_B_END program=low bvar=fsync
1772697094661583500 PROBE_B_START program=low bvar=fsync
1772697094710751814 PROBE_B_END program=low bvar=fsync
1772697094913590904 PROBE_B_START program=low bvar=fsync
1772697094964525057 PROBE_B_END program=low bvar=fsync
1772697095167467740 PROBE_B_START program=low bvar=fsync
1772697095264843177 PROBE_B_END program=low bvar=fsync
1772697095467649543 PROBE_B_START program=low bvar=fsync
1772697095516088002 PROBE_B_END program=low bvar=fsync
1772697095719174129 PROBE_B_START program=low bvar=fsync
1772697095768650295 PROBE_B_END program=low bvar=fsync
1772697095971531088 PROBE_B_START program=low bvar=fsync
1772697096020990513 PROBE_B_END program=low bvar=fsync
1772697096223906249 PROBE_B_START program=low bvar=fsync
1772697096276069535 PROBE_B_END program=low bvar=fsync
1772697096478972067 PROBE_B_START program=low bvar=fsync
1772697096529972313 PROBE_B_END program=low bvar=fsync
1772697096732964419 PROBE_B_START program=low bvar=fsync
1772697096787771327 PROBE_B_END program=low bvar=fsync
1772697096990631452 PROBE_B_START program=low bvar=fsync
1772697097041415140 PROBE_B_END program=low bvar=fsync
1772697097244416727 PROBE_B_START program=low bvar=fsync
1772697097295994381 PROBE_B_END program=low bvar=fsync
1772697097498901135 PROBE_B_START program=low bvar=fsync
1772697097550087584 PROBE_B_END program=low bvar=fsync
1772697097753172060 PROBE_B_START program=low bvar=fsync
1772697098490164940 PROBE_B_END program=low bvar=fsync
1772697098693033135 PROBE_B_START program=low bvar=fsync
1772697099293225375 PROBE_B_END program=low bvar=fsync
1772697099496256348 PROBE_B_START program=low bvar=fsync
1772697099554332729 PROBE_B_END program=low bvar=fsync
1772697099757271979 PROBE_B_START program=low bvar=fsync
1772697099813841800 PROBE_B_END program=low bvar=fsync
1772697100016698512 PROBE_B_START program=low bvar=fsync
1772697100064401633 PROBE_B_END program=low bvar=fsync
1772697100267402400 PROBE_B_START program=low bvar=fsync
1772697100315419466 PROBE_B_END program=low bvar=fsync
1772697100518365382 PROBE_B_START program=low bvar=fsync
1772697100617029857 PROBE_B_END program=low bvar=fsync
1772697100820355070 PROBE_B_START program=low bvar=fsync
1772697100870040587 PROBE_B_END program=low bvar=fsync
1772697101072938242 PROBE_B_START program=low bvar=fsync
1772697101122210387 PROBE_B_END program=low bvar=fsync
1772697101325144856 PROBE_B_START program=low bvar=fsync
1772697101375408782 PROBE_B_END program=low bvar=fsync
1772697101578195658 PROBE_B_START program=low bvar=fsync
1772697101629051346 PROBE_B_END program=low bvar=fsync
1772697101832141834 PROBE_B_START program=low bvar=fsync
1772697101894623972 PROBE_B_END program=low bvar=fsync
1772697102097459810 PROBE_B_START program=low bvar=fsync
1772697102152124104 PROBE_B_END program=low bvar=fsync
1772697102354977646 PROBE_B_START program=low bvar=fsync
1772697102404975478 PROBE_B_END program=low bvar=fsync
1772697102607779482 PROBE_B_START program=low bvar=fsync
1772697102656395883 PROBE_B_END program=low bvar=fsync
1772697102859171795 PROBE_B_START program=low bvar=fsync
1772697102906897230 PROBE_B_END program=low bvar=fsync
1772697103109724771 PROBE_B_START program=low bvar=fsync
1772697103159249008 PROBE_B_END program=low bvar=fsync
1772697103362017029 PROBE_B_START program=low bvar=fsync
1772697103411860860 PROBE_B_END program=low bvar=fsync
1772697103614678567 PROBE_B_START program=low bvar=fsync
1772697103663603080 PROBE_B_END program=low bvar=fsync
1772697103866761751 PROBE_B_START program=low bvar=fsync
1772697103915165428 PROBE_B_END program=low bvar=fsync
1772697104118146080 PROBE_B_START program=low bvar=fsync
1772697104214244098 PROBE_B_END program=low bvar=fsync
1772697104417061692 PROBE_B_START program=low bvar=fsync
1772697104464902164 PROBE_B_END program=low bvar=fsync
1772697104667730202 PROBE_B_START program=low bvar=fsync
1772697104718036294 PROBE_B_END program=low bvar=fsync
1772697104920954222 PROBE_B_START program=low bvar=fsync
1772697104969181417 PROBE_B_END program=low bvar=fsync
1772697105172254085 PROBE_B_START program=low bvar=fsync
1772697105224549072 PROBE_B_END program=low bvar=fsync
1772697105427434480 PROBE_B_START program=low bvar=fsync
1772697105477762479 PROBE_B_END program=low bvar=fsync
1772697105680649461 PROBE_B_START program=low bvar=fsync
1772697105730143642 PROBE_B_END program=low bvar=fsync
1772697105933039439 PROBE_B_START program=low bvar=fsync
1772697105982458804 PROBE_B_END program=low bvar=fsync
1772697106185478841 PROBE_B_START program=low bvar=fsync
1772697106231482490 PROBE_B_END program=low bvar=fsync
1772697106434331952 PROBE_B_START program=low bvar=fsync
1772697106485474676 PROBE_B_END program=low bvar=fsync
1772697106688419027 PROBE_B_START program=low bvar=fsync
1772697106735486272 PROBE_B_END program=low bvar=fsync
1772697106938327049 PROBE_B_START program=low bvar=fsync
1772697106992998637 PROBE_B_END program=low bvar=fsync
1772697107195975320 PROBE_B_START program=low bvar=fsync
1772697107247393600 PROBE_B_END program=low bvar=fsync
1772697107450234745 PROBE_B_START program=low bvar=fsync
1772697107546418447 PROBE_B_END program=low bvar=fsync
1772697107749340408 PROBE_B_START program=low bvar=fsync
1772697107801611339 PROBE_B_END program=low bvar=fsync
1772697108004592503 PROBE_B_START program=low bvar=fsync
1772697108064341906 PROBE_B_END program=low bvar=fsync
1772697108267420847 PROBE_B_START program=low bvar=fsync
1772697108320095131 PROBE_B_END program=low bvar=fsync
1772697108522931330 PROBE_B_START program=low bvar=fsync
1772697109110936576 PROBE_B_END program=low bvar=fsync
1772697109313859497 PROBE_B_START program=low bvar=fsync
1772697109374874163 PROBE_B_END program=low bvar=fsync
1772697109577738324 PROBE_B_START program=low bvar=fsync
1772697109648235450 PROBE_B_END program=low bvar=fsync
1772697109851201926 PROBE_B_START program=low bvar=fsync
1772697109900290771 PROBE_B_END program=low bvar=fsync
1772697110103291987 PROBE_B_START program=low bvar=fsync
1772697110173293055 PROBE_B_END program=low bvar=fsync
1772697110376334975 PROBE_B_START program=low bvar=fsync
1772697110425880136 PROBE_B_END program=low bvar=fsync
1772697110628725703 PROBE_B_START program=low bvar=fsync
1772697110677181063 PROBE_B_END program=low bvar=fsync
1772697110880107205 PROBE_B_START program=low bvar=fsync
1772697110950310200 PROBE_B_END program=low bvar=fsync
1772697111153546878 PROBE_B_START program=low bvar=fsync
1772697111202633555 PROBE_B_END program=low bvar=fsync
1772697111405584677 PROBE_B_START program=low bvar=fsync
1772697111541628853 PROBE_B_END program=low bvar=fsync
1772697111744494252 PROBE_B_START program=low bvar=fsync
1772697111834181335 PROBE_B_END program=low bvar=fsync
1772697112037065253 PROBE_B_START program=low bvar=fsync
1772697112107624581 PROBE_B_END program=low bvar=fsync
1772697112310390127 PROBE_B_START program=low bvar=fsync
1772697112358496504 PROBE_B_END program=low bvar=fsync
1772697112561374957 PROBE_B_START program=low bvar=fsync
1772697112611319952 PROBE_B_END program=low bvar=fsync
1772697112814247794 PROBE_B_START program=low bvar=fsync
1772697112875028254 PROBE_B_END program=low bvar=fsync
1772697113077868447 PROBE_B_START program=low bvar=fsync
1772697113126843142 PROBE_B_END program=low bvar=fsync
1772697113329762409 PROBE_B_START program=low bvar=fsync
1772697113377405543 PROBE_B_END program=low bvar=fsync
1772697113580242050 PROBE_B_START program=low bvar=fsync
1772697113629768895 PROBE_B_END program=low bvar=fsync
1772697113832618347 PROBE_B_START program=low bvar=fsync
1772697113882678953 PROBE_B_END program=low bvar=fsync
1772697114085441385 PROBE_B_START program=low bvar=fsync
1772697114134755266 PROBE_B_END program=low bvar=fsync
1772697114337548531 PROBE_B_START program=low bvar=fsync
1772697114385635925 PROBE_B_END program=low bvar=fsync
1772697114588410024 PROBE_B_START program=low bvar=fsync
1772697114634563300 PROBE_B_END program=low bvar=fsync
1772697114837429140 PROBE_B_START program=low bvar=fsync
1772697114938104538 PROBE_B_END program=low bvar=fsync
1772697115140937395 PROBE_B_START program=low bvar=fsync
1772697115189110401 PROBE_B_END program=low bvar=fsync
1772697115391869534 PROBE_B_START program=low bvar=fsync
1772697115440621561 PROBE_B_END program=low bvar=fsync
1772697115643401250 PROBE_B_START program=low bvar=fsync
1772697115692890872 PROBE_B_END program=low bvar=fsync
1772697115895682876 PROBE_B_START program=low bvar=fsync
1772697115945459925 PROBE_B_END program=low bvar=fsync
1772697116148302354 PROBE_B_START program=low bvar=fsync
1772697116195549634 PROBE_B_END program=low bvar=fsync
1772697116398679175 PROBE_B_START program=low bvar=fsync
1772697116446596976 PROBE_B_END program=low bvar=fsync
1772697116649400756 PROBE_B_START program=low bvar=fsync
1772697116697987874 PROBE_B_END program=low bvar=fsync
1772697116900862637 PROBE_B_START program=low bvar=fsync
1772697116949999312 PROBE_B_END program=low bvar=fsync
1772697117152888852 PROBE_B_START program=low bvar=fsync
1772697117203454347 PROBE_B_END program=low bvar=fsync
1772697117406378034 PROBE_B_START program=low bvar=fsync
1772697117455766043 PROBE_B_END program=low bvar=fsync
1772697117658531896 PROBE_B_START program=low bvar=fsync
1772697117712066143 PROBE_B_END program=low bvar=fsync
1772697117914907385 PROBE_B_START program=low bvar=fsync
1772697117965779641 PROBE_B_END program=low bvar=fsync
1772697118168605845 PROBE_B_START program=low bvar=fsync
1772697118219024821 PROBE_B_END program=low bvar=fsync
1772697118421925210 PROBE_B_START program=low bvar=fsync
1772697118523423979 PROBE_B_END program=low bvar=fsync
1772697118726242479 PROBE_B_START program=low bvar=fsync
1772697118778982685 PROBE_B_END program=low bvar=fsync
1772697118981780907 PROBE_B_START program=low bvar=fsync
1772697119033769018 PROBE_B_END program=low bvar=fsync
1772697119236644628 PROBE_B_START program=low bvar=fsync
1772697119289632705 PROBE_B_END program=low bvar=fsync
1772697119492298129 PROBE_B_START program=low bvar=fsync
1772697120025051930 PROBE_B_END program=low bvar=fsync
1772697120227928482 PROBE_B_START program=low bvar=fsync
1772697120317666227 PROBE_B_END program=low bvar=fsync
1772697120520379038 PROBE_B_START program=low bvar=fsync
1772697120576024180 PROBE_B_END program=low bvar=fsync
1772697120778858529 PROBE_B_START program=low bvar=fsync
1772697120829377412 PROBE_B_END program=low bvar=fsync
1772697121032253594 PROBE_B_START program=low bvar=fsync
1772697121083001756 PROBE_B_END program=low bvar=fsync
1772697121285975141 PROBE_B_START program=low bvar=fsync
1772697121335969466 PROBE_B_END program=low bvar=fsync
1772697121538719869 PROBE_B_START program=low bvar=fsync
1772697121586406926 PROBE_B_END program=low bvar=fsync
1772697121789293089 PROBE_B_START program=low bvar=fsync
1772697121890742170 PROBE_B_END program=low bvar=fsync
1772697122093668610 PROBE_B_START program=low bvar=fsync
1772697122142874006 PROBE_B_END program=low bvar=fsync
1772697122345885298 PROBE_B_START program=low bvar=fsync
1772697122394191209 PROBE_B_END program=low bvar=fsync
1772697122597085241 PROBE_B_START program=low bvar=fsync
1772697122646638064 PROBE_B_END program=low bvar=fsync
1772697122849458225 PROBE_B_START program=low bvar=fsync
1772697122900967240 PROBE_B_END program=low bvar=fsync
1772697123103939457 PROBE_B_START program=low bvar=fsync
1772697123152834148 PROBE_B_END program=low bvar=fsync
1772697123355713548 PROBE_B_START program=low bvar=fsync
1772697123403571328 PROBE_B_END program=low bvar=fsync
1772697123606465673 PROBE_B_START program=low bvar=fsync
1772697123654620769 PROBE_B_END program=low bvar=fsync
1772697123857495077 PROBE_B_START program=low bvar=fsync
1772697123908154552 PROBE_B_END program=low bvar=fsync
1772697124111027488 PROBE_B_START program=low bvar=fsync
1772697124160202661 PROBE_B_END program=low bvar=fsync
1772697124363064875 PROBE_B_START program=low bvar=fsync
1772697124410313653 PROBE_B_END program=low bvar=fsync
1772697124613387386 PROBE_B_START program=low bvar=fsync
1772697124664352750 PROBE_B_END program=low bvar=fsync
1772697124867176964 PROBE_B_START program=low bvar=fsync
1772697124913723720 PROBE_B_END program=low bvar=fsync
1772697125116693267 PROBE_B_START program=low bvar=fsync
1772697125216382895 PROBE_B_END program=low bvar=fsync
1772697125419256237 PROBE_B_START program=low bvar=fsync
1772697125471432087 PROBE_B_END program=low bvar=fsync
1772697125674339467 PROBE_B_START program=low bvar=fsync
1772697125720549018 PROBE_B_END program=low bvar=fsync
1772697125923477379 PROBE_B_START program=low bvar=fsync
1772697125974175112 PROBE_B_END program=low bvar=fsync
1772697126177143768 PROBE_B_START program=low bvar=fsync
1772697126225908458 PROBE_B_END program=low bvar=fsync
1772697126428807187 PROBE_B_START program=low bvar=fsync
1772697126480203108 PROBE_B_END program=low bvar=fsync
1772697126683092097 PROBE_B_START program=low bvar=fsync
1772697126730204355 PROBE_B_END program=low bvar=fsync
1772697126933055973 PROBE_B_START program=low bvar=fsync
1772697126981946552 PROBE_B_END program=low bvar=fsync
1772697127184940170 PROBE_B_START program=low bvar=fsync
1772697127233810322 PROBE_B_END program=low bvar=fsync
1772697127436691458 PROBE_B_START program=low bvar=fsync
1772697127488425528 PROBE_B_END program=low bvar=fsync
1772697127691396386 PROBE_B_START program=low bvar=fsync
1772697127738582051 PROBE_B_END program=low bvar=fsync
1772697127941435427 PROBE_B_START program=low bvar=fsync
1772697127993450202 PROBE_B_END program=low bvar=fsync
1772697128196391448 PROBE_B_START program=low bvar=fsync
1772697128244335893 PROBE_B_END program=low bvar=fsync
1772697128447156008 PROBE_B_START program=low bvar=fsync
1772697128500517046 PROBE_B_END program=low bvar=fsync
1772697128703630385 PROBE_B_START program=low bvar=fsync
1772697128801369949 PROBE_B_END program=low bvar=fsync
1772697129004140323 PROBE_B_START program=low bvar=fsync
1772697129057012322 PROBE_B_END program=low bvar=fsync
1772697129259939955 PROBE_B_START program=low bvar=fsync
1772697129312175063 PROBE_B_END program=low bvar=fsync
1772697129515104696 PROBE_B_START program=low bvar=fsync
1772697129567757602 PROBE_B_END program=low bvar=fsync
1772697129770542568 PROBE_B_START program=low bvar=fsync
1772697129821689894 PROBE_B_END program=low bvar=fsync
1772697130024610212 PROBE_B_START program=low bvar=fsync
1772697130075005610 PROBE_B_END program=low bvar=fsync
1772697130277871797 PROBE_B_START program=low bvar=fsync
1772697130376231843 PROBE_B_END program=low bvar=fsync
1772697130579033214 PROBE_B_START program=low bvar=fsync
1772697131250899512 PROBE_B_END program=low bvar=fsync
1772697131453897698 PROBE_B_START program=low bvar=fsync
1772697131542897378 PROBE_B_END program=low bvar=fsync
1772697131745777322 PROBE_B_START program=low bvar=fsync
1772697131803709524 PROBE_B_END program=low bvar=fsync
1772697132006435597 PROBE_B_START program=low bvar=fsync
1772697132065074467 PROBE_B_END program=low bvar=fsync
1772697132267968207 PROBE_B_START program=low bvar=fsync
1772697132317508934 PROBE_B_END program=low bvar=fsync
1772697132520424582 PROBE_B_START program=low bvar=fsync
1772697132573274302 PROBE_B_END program=low bvar=fsync
1772697132776135875 PROBE_B_START program=low bvar=fsync
1772697132838805166 PROBE_B_END program=low bvar=fsync
1772697133041620572 PROBE_B_START program=low bvar=fsync
1772697133091092095 PROBE_B_END program=low bvar=fsync
1772697133294008222 PROBE_B_START program=low bvar=fsync
1772697133345789679 PROBE_B_END program=low bvar=fsync
1772697133548655862 PROBE_B_START program=low bvar=fsync
1772697133597038307 PROBE_B_END program=low bvar=fsync
1772697133799963897 PROBE_B_START program=low bvar=fsync
1772697133848530528 PROBE_B_END program=low bvar=fsync
1772697134051815046 PROBE_B_START program=low bvar=fsync
1772697134099487210 PROBE_B_END program=low bvar=fsync
1772697134302322706 PROBE_B_START program=low bvar=fsync
1772697134351088208 PROBE_B_END program=low bvar=fsync
1772697134553987500 PROBE_B_START program=low bvar=fsync
1772697134603333337 PROBE_B_END program=low bvar=fsync
1772697134806305204 PROBE_B_START program=low bvar=fsync
1772697134856317340 PROBE_B_END program=low bvar=fsync
1772697135059171280 PROBE_B_START program=low bvar=fsync
1772697135111383053 PROBE_B_END program=low bvar=fsync
1772697135314288085 PROBE_B_START program=low bvar=fsync
1772697135361989304 PROBE_B_END program=low bvar=fsync
1772697135564844781 PROBE_B_START program=low bvar=fsync
1772697135616679570 PROBE_B_END program=low bvar=fsync
1772697135819563084 PROBE_B_START program=low bvar=fsync
1772697135868946680 PROBE_B_END program=low bvar=fsync
1772697136071786007 PROBE_B_START program=low bvar=fsync
1772697136125254784 PROBE_B_END program=low bvar=fsync
1772697136328196111 PROBE_B_START program=low bvar=fsync
1772697136427427230 PROBE_B_END program=low bvar=fsync
1772697136630298316 PROBE_B_START program=low bvar=fsync
1772697136681449899 PROBE_B_END program=low bvar=fsync
1772697136884334022 PROBE_B_START program=low bvar=fsync
1772697136933494284 PROBE_B_END program=low bvar=fsync
1772697137136509832 PROBE_B_START program=low bvar=fsync
1772697137185954187 PROBE_B_END program=low bvar=fsync
1772697137388821475 PROBE_B_START program=low bvar=fsync
1772697137439435075 PROBE_B_END program=low bvar=fsync
1772697137642352438 PROBE_B_START program=low bvar=fsync
1772697137693510224 PROBE_B_END program=low bvar=fsync
1772697137896386587 PROBE_B_START program=low bvar=fsync
1772697137956655053 PROBE_B_END program=low bvar=fsync
1772697138159662655 PROBE_B_START program=low bvar=fsync
1772697138216426313 PROBE_B_END program=low bvar=fsync
1772697138419288137 PROBE_B_START program=low bvar=fsync
1772697138466350761 PROBE_B_END program=low bvar=fsync
1772697138669198955 PROBE_B_START program=low bvar=fsync
1772697138763595945 PROBE_B_END program=low bvar=fsync
1772697138966517862 PROBE_B_START program=low bvar=fsync
1772697139015372770 PROBE_B_END program=low bvar=fsync
1772697139218340130 PROBE_B_START program=low bvar=fsync
1772697139271377718 PROBE_B_END program=low bvar=fsync
1772697139474325912 PROBE_B_START program=low bvar=fsync
1772697139524421638 PROBE_B_END program=low bvar=fsync
1772697139727283294 PROBE_B_START program=low bvar=fsync
1772697139780647681 PROBE_B_END program=low bvar=fsync
1772697139983565207 PROBE_B_START program=low bvar=fsync
1772697140035586459 PROBE_B_END program=low bvar=fsync
1772697140238652003 PROBE_B_START program=low bvar=fsync
1772697140290073067 PROBE_B_END program=low bvar=fsync
1772697140493039500 PROBE_B_START program=low bvar=fsync
1772697140543647858 PROBE_B_END program=low bvar=fsync
1772697140746517716 PROBE_B_START program=low bvar=fsync
1772697141019463739 PROBE_B_END program=low bvar=fsync
1772697141222306485 PROBE_B_START program=low bvar=fsync
1772697141270554260 PROBE_B_END program=low bvar=fsync
1772697141473517247 PROBE_B_START program=low bvar=fsync
1772697141523477880 PROBE_B_END program=low bvar=fsync
1772697141726413201 PROBE_B_START program=low bvar=fsync
1772697141778980972 PROBE_B_END program=low bvar=fsync
1772697141981877496 PROBE_B_START program=low bvar=fsync
1772697142032754502 PROBE_B_END program=low bvar=fsync
1772697142235603950 PROBE_B_START program=low bvar=fsync
1772697142285563046 PROBE_B_END program=low bvar=fsync
1772697142488461031 PROBE_B_START program=low bvar=fsync
1772697142537500883 PROBE_B_END program=low bvar=fsync
1772697142740478702 PROBE_B_START program=low bvar=fsync
1772697142791912377 PROBE_B_END program=low bvar=fsync
1772697142994821214 PROBE_B_START program=low bvar=fsync
1772697143045228348 PROBE_B_END program=low bvar=fsync
1772697143248093961 PROBE_B_START program=low bvar=fsync
1772697143297002183 PROBE_B_END program=low bvar=fsync
1772697143499853833 PROBE_B_START program=low bvar=fsync
1772697143547987089 PROBE_B_END program=low bvar=fsync
1772697143750889221 PROBE_B_START program=low bvar=fsync
1772697143802685212 PROBE_B_END program=low bvar=fsync
1772697144005545862 PROBE_B_START program=low bvar=fsync
1772697144053892581 PROBE_B_END program=low bvar=fsync
1772697144256662841 PROBE_B_START program=low bvar=fsync
1772697144401506813 PROBE_B_END program=low bvar=fsync
1772697144604429740 PROBE_B_START program=low bvar=fsync
1772697144654561391 PROBE_B_END program=low bvar=fsync
1772697144857502541 PROBE_B_START program=low bvar=fsync
1772697144909977626 PROBE_B_END program=low bvar=fsync
1772697145112912960 PROBE_B_START program=low bvar=fsync
1772697145163434371 PROBE_B_END program=low bvar=fsync
1772697145366392797 PROBE_B_START program=low bvar=fsync
1772697145414311255 PROBE_B_END program=low bvar=fsync
1772697145617262218 PROBE_B_START program=low bvar=fsync
1772697145668112760 PROBE_B_END program=low bvar=fsync
1772697145870970408 PROBE_B_START program=low bvar=fsync
1772697145922953694 PROBE_B_END program=low bvar=fsync
1772697146125924009 PROBE_B_START program=low bvar=fsync
1772697146175284490 PROBE_B_END program=low bvar=fsync
1772697146378141099 PROBE_B_START program=low bvar=fsync
1772697146427254857 PROBE_B_END program=low bvar=fsync
1772697146630227430 PROBE_B_START program=low bvar=fsync
1772697146678225425 PROBE_B_END program=low bvar=fsync
1772697146881080646 PROBE_B_START program=low bvar=fsync
1772697146931439538 PROBE_B_END program=low bvar=fsync
1772697147134324683 PROBE_B_START program=low bvar=fsync
1772697147182356938 PROBE_B_END program=low bvar=fsync
1772697147385400306 PROBE_B_START program=low bvar=fsync
1772697147432967243 PROBE_B_END program=low bvar=fsync
1772697147635714055 PROBE_B_START program=low bvar=fsync
1772697147686552263 PROBE_B_END program=low bvar=fsync
1772697147889346926 PROBE_B_START program=low bvar=fsync
1772697147985692565 PROBE_B_END program=low bvar=fsync
1772697148188592709 PROBE_B_START program=low bvar=fsync
1772697148239237879 PROBE_B_END program=low bvar=fsync
1772697148442120949 PROBE_B_START program=low bvar=fsync
1772697148489516515 PROBE_B_END program=low bvar=fsync
1772697148692377215 PROBE_B_START program=low bvar=fsync
1772697148739496577 PROBE_B_END program=low bvar=fsync
1772697148942460721 PROBE_B_START program=low bvar=fsync
1772697148994897526 PROBE_B_END program=low bvar=fsync
1772697149197678206 PROBE_B_START program=low bvar=fsync
1772697149245035161 PROBE_B_END program=low bvar=fsync
1772697149447976507 PROBE_B_START program=low bvar=fsync
1772697149498774566 PROBE_B_END program=low bvar=fsync
1772697149701871672 PROBE_B_START program=low bvar=fsync
1772697149752229174 PROBE_B_END program=low bvar=fsync
1772697149955102558 PROBE_B_START program=low bvar=fsync
1772697150007149121 PROBE_B_END program=low bvar=fsync
1772697150210100003 PROBE_B_START program=low bvar=fsync
1772697150259848466 PROBE_B_END program=low bvar=fsync
1772697150462696848 PROBE_B_START program=low bvar=fsync
1772697150516108100 PROBE_B_END program=low bvar=fsync
1772697150719029445 PROBE_B_START program=low bvar=fsync
1772697150769527947 PROBE_B_END program=low bvar=fsync
1772697150972452107 PROBE_B_START program=low bvar=fsync
1772697151024749430 PROBE_B_END program=low bvar=fsync
1772697151227663070 PROBE_B_START program=low bvar=fsync
1772697151667916169 PROBE_B_END program=low bvar=fsync
1772697151870848253 PROBE_B_START program=low bvar=fsync
1772697151964513714 PROBE_B_END program=low bvar=fsync
1772697152167384741 PROBE_B_START program=low bvar=fsync
1772697152218456411 PROBE_B_END program=low bvar=fsync
1772697152421445958 PROBE_B_START program=low bvar=fsync
1772697152471154771 PROBE_B_END program=low bvar=fsync
1772697152674002725 PROBE_B_START program=low bvar=fsync
1772697152723174944 PROBE_B_END program=low bvar=fsync
1772697152926163694 PROBE_B_START program=low bvar=fsync
1772697152996753781 PROBE_B_END program=low bvar=fsync
1772697153199556659 PROBE_B_START program=low bvar=fsync
1772697153270075337 PROBE_B_END program=low bvar=fsync
1772697153473100679 PROBE_B_START program=low bvar=fsync
1772697153522152990 PROBE_B_END program=low bvar=fsync
1772697153724979109 PROBE_B_START program=low bvar=fsync
1772697153796393864 PROBE_B_END program=low bvar=fsync
1772697153999273742 PROBE_B_START program=low bvar=fsync
1772697154136067474 PROBE_B_END program=low bvar=fsync
1772697154338953536 PROBE_B_START program=low bvar=fsync
1772697154410302495 PROBE_B_END program=low bvar=fsync
1772697154613193908 PROBE_B_START program=low bvar=fsync
1772697154664999839 PROBE_B_END program=low bvar=fsync
1772697154867737716 PROBE_B_START program=low bvar=fsync
1772697154960916358 PROBE_B_END program=low bvar=fsync
1772697155163778807 PROBE_B_START program=low bvar=fsync
1772697155217646819 PROBE_B_END program=low bvar=fsync
1772697155420465565 PROBE_B_START program=low bvar=fsync
1772697155506309497 PROBE_B_END program=low bvar=fsync
1772697155709269484 PROBE_B_START program=low bvar=fsync
1772697155762402567 PROBE_B_END program=low bvar=fsync
1772697155965330924 PROBE_B_START program=low bvar=fsync
1772697156017823264 PROBE_B_END program=low bvar=fsync
