Burst 1
burst: (g=0): rw=randwrite, bs=(R) 4096B-4096B, (W) 4096B-4096B, (T) 4096B-4096B, ioengine=libaio, iodepth=32
fio-3.39
Starting 1 process

fio: terminating on signal 15

burst: (groupid=0, jobs=1): err= 0: pid=1794: Fri Feb  6 14:12:00 2026
  write: IOPS=321, BW=1286KiB/s (1317kB/s)(3828KiB/2976msec); 0 zone resets
    slat (usec): min=2, max=1001.5k, avg=1952.84, stdev=33317.14
    clat (usec): min=731, max=1466.8k, avg=95858.66, stdev=246403.04
     lat (msec): min=2, max=1466, avg=97.81, stdev=249.70
    clat percentiles (usec):
     |  1.00th=[   1958],  5.00th=[   4948], 10.00th=[   7635],
     | 20.00th=[  14484], 30.00th=[  23200], 40.00th=[  34341],
     | 50.00th=[  48497], 60.00th=[  58983], 70.00th=[  66847],
     | 80.00th=[  77071], 90.00th=[  98042], 95.00th=[ 231736],
     | 99.00th=[1451230], 99.50th=[1451230], 99.90th=[1468007],
     | 99.95th=[1468007], 99.99th=[1468007]
   bw (  KiB/s): min=  264, max= 2496, per=100.00%, avg=1531.20, stdev=1117.41, samples=5
   iops        : min=   66, max=  624, avg=382.80, stdev=279.35, samples=5
  lat (usec)   : 750=0.10%, 1000=0.10%
  lat (msec)   : 2=0.84%, 4=1.46%, 10=11.70%, 20=11.70%, 50=25.29%
  lat (msec)   : 100=39.08%, 250=5.75%, 500=0.73%, 2000=3.24%
  cpu          : usr=0.40%, sys=0.00%, ctx=925, majf=0, minf=7
  IO depths    : 1=0.1%, 2=0.2%, 4=0.4%, 8=0.8%, 16=1.7%, 32=96.8%, >=64=0.0%
     submit    : 0=0.0%, 4=100.0%, 8=0.0%, 16=0.0%, 32=0.0%, 64=0.0%, >=64=0.0%
     complete  : 0=0.0%, 4=99.9%, 8=0.0%, 16=0.0%, 32=0.1%, 64=0.0%, >=64=0.0%
     issued rwts: total=0,957,0,0 short=0,0,0,0 dropped=0,0,0,0
     latency   : target=0, window=0, percentile=100.00%, depth=32

Run status group 0 (all jobs):
  WRITE: bw=1286KiB/s (1317kB/s), 1286KiB/s-1286KiB/s (1317kB/s-1317kB/s), io=3828KiB (3920kB), run=2976-2976msec

Disk stats (read/write):
  mmcblk0: ios=22/1108, sectors=176/10816, merge=0/240, ticks=75/39470, in_queue=39544, util=94.13%
Burst 2
burst: (g=0): rw=randwrite, bs=(R) 4096B-4096B, (W) 4096B-4096B, (T) 4096B-4096B, ioengine=libaio, iodepth=32
fio-3.39
Starting 1 process

fio: terminating on signal 15

burst: (groupid=0, jobs=1): err= 0: pid=3938: Fri Feb  6 14:12:07 2026
  write: IOPS=608, BW=2434KiB/s (2493kB/s)(6760KiB/2777msec); 0 zone resets
    slat (usec): min=2, max=215702, avg=788.60, stdev=8006.78
    clat (usec): min=723, max=271693, avg=51520.32, stdev=50472.88
     lat (msec): min=2, max=271, avg=52.31, stdev=50.50
    clat percentiles (usec):
     |  1.00th=[  1729],  5.00th=[  5080], 10.00th=[  7177], 20.00th=[ 12911],
     | 30.00th=[ 19792], 40.00th=[ 29230], 50.00th=[ 44303], 60.00th=[ 53740],
     | 70.00th=[ 63177], 80.00th=[ 73925], 90.00th=[ 84411], 95.00th=[160433],
     | 99.00th=[252707], 99.50th=[261096], 99.90th=[270533], 99.95th=[270533],
     | 99.99th=[270533]
   bw (  KiB/s): min= 1696, max= 3208, per=96.66%, avg=2353.60, stdev=708.25, samples=5
   iops        : min=  424, max=  802, avg=588.40, stdev=177.06, samples=5
  lat (usec)   : 750=0.18%, 1000=0.36%
  lat (msec)   : 2=0.77%, 4=1.54%, 10=11.30%, 20=16.09%, 50=25.44%
  lat (msec)   : 100=37.10%, 250=5.92%, 500=1.30%
  cpu          : usr=0.00%, sys=0.58%, ctx=1290, majf=0, minf=7
  IO depths    : 1=0.1%, 2=0.1%, 4=0.2%, 8=0.5%, 16=0.9%, 32=98.2%, >=64=0.0%
     submit    : 0=0.0%, 4=100.0%, 8=0.0%, 16=0.0%, 32=0.0%, 64=0.0%, >=64=0.0%
     complete  : 0=0.0%, 4=99.9%, 8=0.0%, 16=0.0%, 32=0.1%, 64=0.0%, >=64=0.0%
     issued rwts: total=0,1690,0,0 short=0,0,0,0 dropped=0,0,0,0
     latency   : target=0, window=0, percentile=100.00%, depth=32

Run status group 0 (all jobs):
  WRITE: bw=2434KiB/s (2493kB/s), 2434KiB/s-2434KiB/s (2493kB/s-2493kB/s), io=6760KiB (6922kB), run=2777-2777msec

Disk stats (read/write):
  mmcblk0: ios=0/1737, sectors=0/15768, merge=0/234, ticks=0/64104, in_queue=64103, util=95.23%
Burst 3
burst: (g=0): rw=randwrite, bs=(R) 4096B-4096B, (W) 4096B-4096B, (T) 4096B-4096B, ioengine=libaio, iodepth=32
fio-3.39
Starting 1 process

fio: terminating on signal 15

burst: (groupid=0, jobs=1): err= 0: pid=4233: Fri Feb  6 14:12:13 2026
  write: IOPS=624, BW=2497KiB/s (2557kB/s)(6988KiB/2798msec); 0 zone resets
    slat (usec): min=2, max=30610, avg=624.23, stdev=1402.38
    clat (usec): min=1525, max=269393, avg=50267.42, stdev=34437.59
     lat (usec): min=1547, max=269397, avg=50891.65, stdev=34633.31
    clat percentiles (msec):
     |  1.00th=[    5],  5.00th=[   10], 10.00th=[   16], 20.00th=[   28],
     | 30.00th=[   40], 40.00th=[   42], 50.00th=[   44], 60.00th=[   47],
     | 70.00th=[   55], 80.00th=[   66], 90.00th=[   86], 95.00th=[  109],
     | 99.00th=[  209], 99.50th=[  245], 99.90th=[  257], 99.95th=[  271],
     | 99.99th=[  271]
   bw (  KiB/s): min= 1968, max= 2880, per=98.66%, avg=2464.00, stdev=410.54, samples=5
   iops        : min=  492, max=  720, avg=616.00, stdev=102.64, samples=5
  lat (msec)   : 2=0.17%, 4=0.40%, 10=4.75%, 20=8.59%, 50=51.40%
  lat (msec)   : 100=27.25%, 250=7.27%, 500=0.17%
  cpu          : usr=0.25%, sys=0.50%, ctx=2911, majf=0, minf=7
  IO depths    : 1=0.1%, 2=0.1%, 4=0.2%, 8=0.5%, 16=0.9%, 32=98.2%, >=64=0.0%
     submit    : 0=0.0%, 4=100.0%, 8=0.0%, 16=0.0%, 32=0.0%, 64=0.0%, >=64=0.0%
     complete  : 0=0.0%, 4=99.9%, 8=0.0%, 16=0.0%, 32=0.1%, 64=0.0%, >=64=0.0%
     issued rwts: total=0,1747,0,0 short=0,0,0,0 dropped=0,0,0,0
     latency   : target=0, window=0, percentile=100.00%, depth=32

Run status group 0 (all jobs):
  WRITE: bw=2497KiB/s (2557kB/s), 2497KiB/s-2497KiB/s (2557kB/s-2557kB/s), io=6988KiB (7156kB), run=2798-2798msec

Disk stats (read/write):
  mmcblk0: ios=0/1649, sectors=0/13216, merge=0/3, ticks=0/51211, in_queue=51211, util=93.48%
Burst 4
burst: (g=0): rw=randwrite, bs=(R) 4096B-4096B, (W) 4096B-4096B, (T) 4096B-4096B, ioengine=libaio, iodepth=32
fio-3.39
Starting 1 process

fio: terminating on signal 15

burst: (groupid=0, jobs=1): err= 0: pid=4384: Fri Feb  6 14:12:19 2026
  write: IOPS=662, BW=2649KiB/s (2713kB/s)(7264KiB/2742msec); 0 zone resets
    slat (usec): min=59, max=50017, avg=1506.05, stdev=2353.53
    clat (msec): min=2, max=205, avg=46.44, stdev=25.14
     lat (msec): min=3, max=206, avg=47.95, stdev=25.68
    clat percentiles (msec):
     |  1.00th=[   26],  5.00th=[   39], 10.00th=[   39], 20.00th=[   41],
     | 30.00th=[   41], 40.00th=[   41], 50.00th=[   42], 60.00th=[   42],
     | 70.00th=[   42], 80.00th=[   44], 90.00th=[   44], 95.00th=[   87],
     | 99.00th=[  192], 99.50th=[  203], 99.90th=[  205], 99.95th=[  207],
     | 99.99th=[  207]
   bw (  KiB/s): min= 1984, max= 3032, per=96.86%, avg=2566.40, stdev=494.82, samples=5
   iops        : min=  496, max=  758, avg=641.60, stdev=123.70, samples=5
  lat (msec)   : 4=0.11%, 10=0.28%, 20=0.44%, 50=92.40%, 100=2.26%
  lat (msec)   : 250=4.52%
  cpu          : usr=0.33%, sys=0.80%, ctx=5307, majf=0, minf=7
  IO depths    : 1=0.1%, 2=0.1%, 4=0.2%, 8=0.4%, 16=0.9%, 32=98.3%, >=64=0.0%
     submit    : 0=0.0%, 4=100.0%, 8=0.0%, 16=0.0%, 32=0.0%, 64=0.0%, >=64=0.0%
     complete  : 0=0.0%, 4=99.9%, 8=0.0%, 16=0.0%, 32=0.1%, 64=0.0%, >=64=0.0%
     issued rwts: total=0,1816,0,0 short=0,0,0,0 dropped=0,0,0,0
     latency   : target=0, window=0, percentile=100.00%, depth=32

Run status group 0 (all jobs):
  WRITE: bw=2649KiB/s (2713kB/s), 2649KiB/s-2649KiB/s (2713kB/s-2713kB/s), io=7264KiB (7438kB), run=2742-2742msec

Disk stats (read/write):
  mmcblk0: ios=0/1747, sectors=0/14032, merge=0/5, ticks=0/5551, in_queue=5551, util=95.23%
Burst 5
burst: (g=0): rw=randwrite, bs=(R) 4096B-4096B, (W) 4096B-4096B, (T) 4096B-4096B, ioengine=libaio, iodepth=32
fio-3.39
Starting 1 process

fio: terminating on signal 15

burst: (groupid=0, jobs=1): err= 0: pid=4537: Fri Feb  6 14:12:25 2026
  write: IOPS=638, BW=2554KiB/s (2615kB/s)(7092KiB/2777msec); 0 zone resets
    slat (usec): min=2, max=48556, avg=1183.99, stdev=2117.13
    clat (usec): min=1848, max=204217, avg=48033.16, stdev=25122.78
     lat (msec): min=2, max=204, avg=49.22, stdev=25.70
    clat percentiles (msec):
     |  1.00th=[    6],  5.00th=[   14], 10.00th=[   27], 20.00th=[   41],
     | 30.00th=[   43], 40.00th=[   43], 50.00th=[   43], 60.00th=[   45],
     | 70.00th=[   45], 80.00th=[   51], 90.00th=[   75], 95.00th=[  102],
     | 99.00th=[  161], 99.50th=[  194], 99.90th=[  205], 99.95th=[  205],
     | 99.99th=[  205]
   bw (  KiB/s): min= 1784, max= 3128, per=97.11%, avg=2480.00, stdev=526.12, samples=5
   iops        : min=  446, max=  782, avg=620.00, stdev=131.53, samples=5
  lat (msec)   : 2=0.11%, 4=0.23%, 10=2.76%, 20=4.34%, 50=72.31%
  lat (msec)   : 100=15.00%, 250=5.25%
  cpu          : usr=0.11%, sys=0.86%, ctx=4212, majf=0, minf=7
  IO depths    : 1=0.1%, 2=0.1%, 4=0.2%, 8=0.5%, 16=0.9%, 32=98.3%, >=64=0.0%
     submit    : 0=0.0%, 4=100.0%, 8=0.0%, 16=0.0%, 32=0.0%, 64=0.0%, >=64=0.0%
     complete  : 0=0.0%, 4=99.9%, 8=0.0%, 16=0.0%, 32=0.1%, 64=0.0%, >=64=0.0%
     issued rwts: total=0,1773,0,0 short=0,0,0,0 dropped=0,0,0,0
     latency   : target=0, window=0, percentile=100.00%, depth=32

Run status group 0 (all jobs):
  WRITE: bw=2554KiB/s (2615kB/s), 2554KiB/s-2554KiB/s (2615kB/s-2615kB/s), io=7092KiB (7262kB), run=2777-2777msec

Disk stats (read/write):
  mmcblk0: ios=0/1693, sectors=0/13640, merge=0/11, ticks=0/21598, in_queue=21598, util=95.96%
