1774862750805756747 B_C1_BASELINE_START
1774862810810585237 B_C1_BASELINE_END
1774862810812457834 B_C1_INTERVENTION_START
1774862820820191986 B_C1_INTERVENTION_END
1774862820822028675 B_C1_RECOVERY_R1_START
1774862840825689110 B_C1_RECOVERY_R1_END
1774862840827602355 B_C1_RECOVERY_R2_START
1774862940832964759 B_C1_RECOVERY_R2_END
1774862940834793041 B_C1_POSTBASELINE_START
1774863000838239811 B_C1_POSTBASELINE_END
1774863000841667486 B_C2_BASELINE_START
1774863060846434829 B_C2_BASELINE_END
1774863060848305444 B_C2_INTERVENTION_START
1774863070855466434 B_C2_INTERVENTION_END
1774863070857305809 B_C2_RECOVERY_R1_START
1774863090860972792 B_C2_RECOVERY_R1_END
1774863090862872667 B_C2_RECOVERY_R2_START
1774863190868060046 B_C2_RECOVERY_R2_END
1774863190869748939 B_C2_POSTBASELINE_START
1774863250873282039 B_C2_POSTBASELINE_END
1774863250876218546 B_C3_BASELINE_START
1774863310881028559 B_C3_BASELINE_END
1774863310882939841 B_C3_INTERVENTION_START
1774863320890709070 B_C3_INTERVENTION_END
1774863320892579556 B_C3_RECOVERY_R1_START
1774863340896311963 B_C3_RECOVERY_R1_END
1774863340898163653 B_C3_RECOVERY_R2_START
1774863440903286469 B_C3_RECOVERY_R2_END
1774863440905206955 B_C3_POSTBASELINE_START
1774863500908999919 B_C3_POSTBASELINE_END
