[INFO] Starting Day18 run: 2026-03-30_122550_day18_B_transition_vs_state
[INFO] CONDITION=B
[INFO] SCRIPTS_DIR=/home/observer/project/day18/scripts
[INFO] BASE_DIR=/home/observer/project/day18 PROBE_ROOT=/dev/shm/day18_probes BGIO_FILE=/home/observer/project/day18/scripts/bgio.fio RETRY_TARGET=/home/observer/project/day18/workdir/retry_test
[INFO] Kernel: Linux sys-observe 6.12.47+rpt-rpi-2712 #1 SMP PREEMPT Debian 1:6.12.47-1+rpt1 (2025-09-16) aarch64 GNU/Linux
[INFO] CPU_COUNT: 4
[INFO] N_CYCLES=3 BASELINE_SEC=60 INTERVENTION_SEC=10 R1_SEC=20 R2_SEC=100 POST_SEC=60 HEARTBEAT_HZ=50 ENABLE_PROC_SAMPLING=0 ENABLE_R2_TELEMETRY=0 ENABLE_DISK_WATCH=0
[INFO] Heartbeat PID: 207604
1774862750805756747 B_C1_BASELINE_START
=== CONDITION_B_CYCLE_1_START ===
--- BASELINE ---
1774862810810585237 B_C1_BASELINE_END
1774862810812457834 B_C1_INTERVENTION_START
--- INTERVENTION ---
[INFO] timeout 10s env FIO_JOB=/home/observer/project/day18/scripts/bgio.fio BURSTS=1 ON_SEC=10 OFF_SEC=0 bash /home/observer/project/day18/scripts/run_bursts.sh
Burst 1
bgio: (g=0): rw=write, bs=(R) 128KiB-128KiB, (W) 128KiB-128KiB, (T) 128KiB-128KiB, ioengine=libaio, iodepth=4
fio-3.39
Starting 1 process
bgio: Laying out IO file (1 file / 64MiB)

bgio: (groupid=0, jobs=1): err= 0: pid=213221: Mon Mar 30 12:26:59 2026
  write: IOPS=64, BW=8207KiB/s (8404kB/s)(64.0MiB/7985msec); 0 zone resets
    slat (usec): min=33, max=254, avg=43.75, stdev=10.58
    clat (nsec): min=1167, max=10926, avg=4975.24, stdev=1509.14
     lat (usec): min=35, max=262, avg=48.72, stdev=11.30
    clat percentiles (nsec):
     |  1.00th=[ 1784],  5.00th=[ 2160], 10.00th=[ 2480], 20.00th=[ 3376],
     | 30.00th=[ 4704], 40.00th=[ 4960], 50.00th=[ 5280], 60.00th=[ 5536],
     | 70.00th=[ 5856], 80.00th=[ 6240], 90.00th=[ 6624], 95.00th=[ 6944],
     | 99.00th=[ 7520], 99.50th=[ 7712], 99.90th=[10944], 99.95th=[10944],
     | 99.99th=[10944]
   bw (  KiB/s): min= 7936, max= 8448, per=99.81%, avg=8192.00, stdev=93.48, samples=16
   iops        : min=   62, max=   66, avg=64.00, stdev= 0.73, samples=16
  lat (usec)   : 2=1.95%, 4=22.27%, 10=75.59%, 20=0.20%
  cpu          : usr=0.08%, sys=0.29%, ctx=513, majf=0, minf=6
  IO depths    : 1=100.0%, 2=0.0%, 4=0.0%, 8=0.0%, 16=0.0%, 32=0.0%, >=64=0.0%
     submit    : 0=0.0%, 4=100.0%, 8=0.0%, 16=0.0%, 32=0.0%, 64=0.0%, >=64=0.0%
     complete  : 0=0.0%, 4=100.0%, 8=0.0%, 16=0.0%, 32=0.0%, 64=0.0%, >=64=0.0%
     issued rwts: total=0,512,0,0 short=0,0,0,0 dropped=0,0,0,0
     latency   : target=0, window=0, percentile=100.00%, depth=4

Run status group 0 (all jobs):
  WRITE: bw=8207KiB/s (8404kB/s), 8207KiB/s-8207KiB/s (8404kB/s-8404kB/s), io=64.0MiB (67.1MB), run=7985-7985msec
Terminated
1774862820820191986 B_C1_INTERVENTION_END
1774862820822028675 B_C1_RECOVERY_R1_START
--- RECOVERY_R1 ---
1774862840825689110 B_C1_RECOVERY_R1_END
1774862840827602355 B_C1_RECOVERY_R2_START
--- RECOVERY_R2 ---
[INFO] timeout 100s env TARGET=/home/observer/project/day18/workdir/retry_test bash /home/observer/project/day18/scripts/retry_storm.sh
1774862840834927354 retry_storm_start TARGET=/home/observer/project/day18/workdir/retry_test BUDGET_MS=50 RETRIES=5
1774862841351525716 dt_ms=177 retries=5
1774862843976845681 dt_ms=52 retries=5
1774862849161702488 dt_ms=134 retries=5
1774862851242544793 dt_ms=53 retries=5
1774862853591342036 dt_ms=52 retries=5
1774862858411872055 dt_ms=177 retries=5
1774862862727421189 dt_ms=56 retries=5
1774862863348701911 dt_ms=70 retries=5
1774862863598644936 dt_ms=51 retries=5
1774862868505772344 dt_ms=202 retries=5
1774862872858704047 dt_ms=51 retries=5
1774862877225806976 dt_ms=147 retries=5
1774862880308336788 dt_ms=57 retries=5
1774862885743248610 dt_ms=58 retries=5
1774862886874218045 dt_ms=177 retries=5
1774862892870448082 dt_ms=93 retries=5
1774862896040922528 dt_ms=200 retries=5
1774862904474330272 dt_ms=178 retries=5
1774862905452551487 dt_ms=314 retries=5
1774862910512300467 dt_ms=52 retries=5
1774862915359361588 dt_ms=52 retries=5
1774862915731050144 dt_ms=180 retries=5
1774862920407058744 dt_ms=63 retries=5
1774862924891088919 dt_ms=198 retries=5
1774862932342664115 dt_ms=61 retries=5
1774862933669919718 dt_ms=142 retries=5
1774862936211898012 dt_ms=62 retries=5
1774862939395132041 dt_ms=63 retries=5
1774862940832964759 B_C1_RECOVERY_R2_END
1774862940834793041 B_C1_POSTBASELINE_START
--- POST_BASELINE ---
1774863000838239811 B_C1_POSTBASELINE_END
=== CONDITION_B_CYCLE_1_END ===
1774863000841667486 B_C2_BASELINE_START
=== CONDITION_B_CYCLE_2_START ===
--- BASELINE ---
1774863060846434829 B_C2_BASELINE_END
1774863060848305444 B_C2_INTERVENTION_START
--- INTERVENTION ---
[INFO] timeout 10s env FIO_JOB=/home/observer/project/day18/scripts/bgio.fio BURSTS=1 ON_SEC=10 OFF_SEC=0 bash /home/observer/project/day18/scripts/run_bursts.sh
Burst 1
bgio: (g=0): rw=write, bs=(R) 128KiB-128KiB, (W) 128KiB-128KiB, (T) 128KiB-128KiB, ioengine=libaio, iodepth=4
fio-3.39
Starting 1 process

bgio: (groupid=0, jobs=1): err= 0: pid=290098: Mon Mar 30 12:31:09 2026
  write: IOPS=64, BW=8207KiB/s (8404kB/s)(64.0MiB/7985msec); 0 zone resets
    slat (usec): min=31, max=254, avg=40.98, stdev=10.42
    clat (nsec): min=1111, max=23908, avg=4769.59, stdev=1695.55
     lat (usec): min=33, max=262, avg=45.75, stdev=11.08
    clat percentiles (nsec):
     |  1.00th=[ 1304],  5.00th=[ 1704], 10.00th=[ 2384], 20.00th=[ 3504],
     | 30.00th=[ 4384], 40.00th=[ 4768], 50.00th=[ 4960], 60.00th=[ 5152],
     | 70.00th=[ 5472], 80.00th=[ 5984], 90.00th=[ 6368], 95.00th=[ 6688],
     | 99.00th=[ 7776], 99.50th=[ 8512], 99.90th=[23936], 99.95th=[23936],
     | 99.99th=[23936]
   bw (  KiB/s): min= 7936, max= 8448, per=99.81%, avg=8192.00, stdev=93.48, samples=16
   iops        : min=   62, max=   66, avg=64.00, stdev= 0.73, samples=16
  lat (usec)   : 2=7.03%, 4=16.80%, 10=75.98%, 50=0.20%
  cpu          : usr=0.09%, sys=0.28%, ctx=512, majf=0, minf=6
  IO depths    : 1=100.0%, 2=0.0%, 4=0.0%, 8=0.0%, 16=0.0%, 32=0.0%, >=64=0.0%
     submit    : 0=0.0%, 4=100.0%, 8=0.0%, 16=0.0%, 32=0.0%, 64=0.0%, >=64=0.0%
     complete  : 0=0.0%, 4=100.0%, 8=0.0%, 16=0.0%, 32=0.0%, 64=0.0%, >=64=0.0%
     issued rwts: total=0,512,0,0 short=0,0,0,0 dropped=0,0,0,0
     latency   : target=0, window=0, percentile=100.00%, depth=4

Run status group 0 (all jobs):
  WRITE: bw=8207KiB/s (8404kB/s), 8207KiB/s-8207KiB/s (8404kB/s-8404kB/s), io=64.0MiB (67.1MB), run=7985-7985msec
Terminated
1774863070855466434 B_C2_INTERVENTION_END
1774863070857305809 B_C2_RECOVERY_R1_START
--- RECOVERY_R1 ---
1774863090860972792 B_C2_RECOVERY_R1_END
1774863090862872667 B_C2_RECOVERY_R2_START
--- RECOVERY_R2 ---
[INFO] timeout 100s env TARGET=/home/observer/project/day18/workdir/retry_test bash /home/observer/project/day18/scripts/retry_storm.sh
1774863090870043518 retry_storm_start TARGET=/home/observer/project/day18/workdir/retry_test BUDGET_MS=50 RETRIES=5
1774863092465499462 dt_ms=52 retries=5
1774863094259996349 dt_ms=181 retries=5
1774863098826147659 dt_ms=62 retries=5
1774863102991842382 dt_ms=195 retries=5
1774863111613565059 dt_ms=182 retries=5
1774863115384580049 dt_ms=59 retries=5
1774863118389943364 dt_ms=57 retries=5
1774863119912197866 dt_ms=195 retries=5
1774863129285653562 dt_ms=175 retries=5
1774863131099186568 dt_ms=64 retries=5
1774863131507938184 dt_ms=54 retries=5
1774863134663530874 dt_ms=260 retries=5
1774863139691694052 dt_ms=176 retries=5
1774863147345677434 dt_ms=51 retries=5
1774863147938515034 dt_ms=68 retries=5
1774863148176391442 dt_ms=212 retries=5
1774863157602108998 dt_ms=176 retries=5
1774863161776489471 dt_ms=63 retries=5
1774863167715739852 dt_ms=178 retries=5
1774863168808937833 dt_ms=57 retries=5
1774863176044813515 dt_ms=192 retries=5
1774863177675618413 dt_ms=52 retries=5
1774863185948500385 dt_ms=178 retries=5
1774863190868060046 B_C2_RECOVERY_R2_END
1774863190869748939 B_C2_POSTBASELINE_START
--- POST_BASELINE ---
1774863250873282039 B_C2_POSTBASELINE_END
=== CONDITION_B_CYCLE_2_END ===
1774863250876218546 B_C3_BASELINE_START
=== CONDITION_B_CYCLE_3_START ===
--- BASELINE ---
1774863310881028559 B_C3_BASELINE_END
1774863310882939841 B_C3_INTERVENTION_START
--- INTERVENTION ---
[INFO] timeout 10s env FIO_JOB=/home/observer/project/day18/scripts/bgio.fio BURSTS=1 ON_SEC=10 OFF_SEC=0 bash /home/observer/project/day18/scripts/run_bursts.sh
Burst 1
bgio: (g=0): rw=write, bs=(R) 128KiB-128KiB, (W) 128KiB-128KiB, (T) 128KiB-128KiB, ioengine=libaio, iodepth=4
fio-3.39
Starting 1 process

bgio: (groupid=0, jobs=1): err= 0: pid=367273: Mon Mar 30 12:35:19 2026
  write: IOPS=64, BW=8207KiB/s (8404kB/s)(64.0MiB/7985msec); 0 zone resets
    slat (nsec): min=25389, max=57613, avg=42147.11, stdev=4379.74
    clat (nsec): min=1277, max=10574, avg=4930.17, stdev=1505.23
     lat (nsec): min=31389, max=65538, avg=47077.29, stdev=5614.97
    clat percentiles (nsec):
     |  1.00th=[ 1784],  5.00th=[ 2096], 10.00th=[ 2416], 20.00th=[ 3216],
     | 30.00th=[ 4640], 40.00th=[ 5024], 50.00th=[ 5280], 60.00th=[ 5472],
     | 70.00th=[ 5728], 80.00th=[ 6176], 90.00th=[ 6624], 95.00th=[ 6880],
     | 99.00th=[ 7392], 99.50th=[ 7840], 99.90th=[10560], 99.95th=[10560],
     | 99.99th=[10560]
   bw (  KiB/s): min= 7936, max= 8448, per=99.81%, avg=8192.00, stdev=93.48, samples=16
   iops        : min=   62, max=   66, avg=64.00, stdev= 0.73, samples=16
  lat (usec)   : 2=2.93%, 4=21.68%, 10=75.20%, 20=0.20%
  cpu          : usr=0.05%, sys=0.33%, ctx=511, majf=0, minf=6
  IO depths    : 1=100.0%, 2=0.0%, 4=0.0%, 8=0.0%, 16=0.0%, 32=0.0%, >=64=0.0%
     submit    : 0=0.0%, 4=100.0%, 8=0.0%, 16=0.0%, 32=0.0%, 64=0.0%, >=64=0.0%
     complete  : 0=0.0%, 4=100.0%, 8=0.0%, 16=0.0%, 32=0.0%, 64=0.0%, >=64=0.0%
     issued rwts: total=0,512,0,0 short=0,0,0,0 dropped=0,0,0,0
     latency   : target=0, window=0, percentile=100.00%, depth=4

Run status group 0 (all jobs):
  WRITE: bw=8207KiB/s (8404kB/s), 8207KiB/s-8207KiB/s (8404kB/s-8404kB/s), io=64.0MiB (67.1MB), run=7985-7985msec
Terminated
1774863320890709070 B_C3_INTERVENTION_END
1774863320892579556 B_C3_RECOVERY_R1_START
--- RECOVERY_R1 ---
1774863340896311963 B_C3_RECOVERY_R1_END
1774863340898163653 B_C3_RECOVERY_R2_START
--- RECOVERY_R2 ---
[INFO] timeout 100s env TARGET=/home/observer/project/day18/workdir/retry_test bash /home/observer/project/day18/scripts/retry_storm.sh
1774863340905116800 retry_storm_start TARGET=/home/observer/project/day18/workdir/retry_test BUDGET_MS=50 RETRIES=5
1774863342292511931 dt_ms=66 retries=5
1774863342466846914 dt_ms=88 retries=5
1774863344911691515 dt_ms=200 retries=5
1774863353241721380 dt_ms=176 retries=5
1774863356628002504 dt_ms=53 retries=5
1774863358668972968 dt_ms=52 retries=5
1774863363730784550 dt_ms=179 retries=5
1774863373040332834 dt_ms=201 retries=5
1774863374260201986 dt_ms=64 retries=5
1774863375738662497 dt_ms=56 retries=5
1774863381941207088 dt_ms=143 retries=5
1774863385468167685 dt_ms=61 retries=5
1774863387310936930 dt_ms=289 retries=5
1774863391860973996 dt_ms=60 retries=5
1774863393158002082 dt_ms=192 retries=5
1774863395692076255 dt_ms=54 retries=5
1774863401478281228 dt_ms=151 retries=5
1774863409564131435 dt_ms=66 retries=5
1774863409993782125 dt_ms=273 retries=5
1774863415662346634 dt_ms=53 retries=5
1774863415913391291 dt_ms=56 retries=5
1774863418087465398 dt_ms=56 retries=5
1774863419042092866 dt_ms=198 retries=5
1774863428252662965 dt_ms=175 retries=5
1774863434001812003 dt_ms=61 retries=5
1774863436857093375 dt_ms=61 retries=5
1774863437794035153 dt_ms=178 retries=5
1774863440903286469 B_C3_RECOVERY_R2_END
1774863440905206955 B_C3_POSTBASELINE_START
--- POST_BASELINE ---
1774863500908999919 B_C3_POSTBASELINE_END
=== CONDITION_B_CYCLE_3_END ===
[INFO] Day18 run complete: /home/observer/project/day18/runs/2026-03-30_122550_day18_B_transition_vs_state
[INFO] Cleaning up...
