[INFO] Starting Day20 run: 2026-04-05_111733_day20_B_storage_vs_retry
[INFO] CONDITION=B
[INFO] BASE_DIR=/home/observer/project/day20
[INFO] RUN_DIR=/home/observer/project/day20/runs/2026-04-05_111733_day20_B_storage_vs_retry
[INFO] BGIO_FILE=/home/observer/project/day20/scripts/day20_bgio.fio
[INFO] RETRY_TARGET=/dev/shm/day20_retry_test
[INFO] RETRIES=5 BUDGET_MS=50
[INFO] N_CYCLES=1 BASELINE_SEC=10 INTERVENTION_SEC=5 R1_SEC=10 R2_SEC=15 POST_SEC=10 HEARTBEAT_HZ=50
[INFO] Heartbeat PID: 13611
[MARK] 1775377053734051866 B_C1_BASELINE_START
=== CONDITION_B_CYCLE_1_START ===
--- BASELINE ---
[MARK] 1775377063738299700 B_C1_BASELINE_END
[MARK] 1775377063739293739 B_C1_INTERVENTION_START
--- INTERVENTION ---
[INFO] timeout 5s env FIO_JOB=/home/observer/project/day20/scripts/day20_bgio.fio BURSTS=1 ON_SEC=5 OFF_SEC=0 bash /home/observer/project/day20/scripts/run_bursts.sh
Burst 1
bgio: (g=0): rw=write, bs=(R) 128KiB-128KiB, (W) 128KiB-128KiB, (T) 128KiB-128KiB, ioengine=libaio, iodepth=4
fio-3.39
Starting 1 process

fio: terminating on signal 15
Terminated

fio: terminating on signal 15

bgio: (groupid=0, jobs=1): err= 0: pid=14586: Sun Apr  5 11:17:48 2026
  write: IOPS=63, BW=8191KiB/s (8388kB/s)(37.9MiB/4735msec); 0 zone resets
    slat (nsec): min=23316, max=75724, avg=33729.37, stdev=5156.05
    clat (nsec): min=1056, max=8518, avg=3572.90, stdev=1256.21
     lat (nsec): min=24927, max=82428, avg=37302.26, stdev=6105.18
    clat percentiles (nsec):
     |  1.00th=[ 1192],  5.00th=[ 1384], 10.00th=[ 1560], 20.00th=[ 1976],
     | 30.00th=[ 3184], 40.00th=[ 3824], 50.00th=[ 4016], 60.00th=[ 4128],
     | 70.00th=[ 4320], 80.00th=[ 4512], 90.00th=[ 4640], 95.00th=[ 4896],
     | 99.00th=[ 6368], 99.50th=[ 8256], 99.90th=[ 8512], 99.95th=[ 8512],
     | 99.99th=[ 8512]
   bw (  KiB/s): min= 8192, max= 8448, per=100.00%, avg=8220.44, stdev=85.33, samples=9
   iops        : min=   64, max=   66, avg=64.22, stdev= 0.67, samples=9
  lat (usec)   : 2=20.13%, 4=29.70%, 10=50.17%
  cpu          : usr=0.15%, sys=0.15%, ctx=304, majf=0, minf=6
  IO depths    : 1=100.0%, 2=0.0%, 4=0.0%, 8=0.0%, 16=0.0%, 32=0.0%, >=64=0.0%
     submit    : 0=0.0%, 4=100.0%, 8=0.0%, 16=0.0%, 32=0.0%, 64=0.0%, >=64=0.0%
     complete  : 0=0.0%, 4=100.0%, 8=0.0%, 16=0.0%, 32=0.0%, 64=0.0%, >=64=0.0%
     issued rwts: total=0,303,0,0 short=0,0,0,0 dropped=0,0,0,0
     latency   : target=0, window=0, percentile=100.00%, depth=4

Run status group 0 (all jobs):
  WRITE: bw=8191KiB/s (8388kB/s), 8191KiB/s-8191KiB/s (8388kB/s-8388kB/s), io=37.9MiB (39.7MB), run=4735-4735msec
[MARK] 1775377068913638396 B_C1_INTERVENTION_END
[MARK] 1775377068914644157 B_C1_RECOVERY_R1_START
--- RECOVERY_R1 ---
[MARK] 1775377078917426799 B_C1_RECOVERY_R1_END
[MARK] 1775377078918388469 B_C1_RECOVERY_R2_START
--- RECOVERY_R2 ---
[INFO] timeout 15s env TARGET=/dev/shm/day20_retry_test BUDGET_MS=50 RETRIES=5 bash /home/observer/project/day20/scripts/retry_storm.sh
1775377078924970263 retry_storm_start TARGET=/dev/shm/day20_retry_test BUDGET_MS=50 RETRIES=5
[MARK] 1775377093922887369 B_C1_RECOVERY_R2_END
[MARK] 1775377093924084298 B_C1_POSTBASELINE_START
--- POST_BASELINE ---
[MARK] 1775377103926803370 B_C1_POSTBASELINE_END
=== CONDITION_B_CYCLE_1_END ===
[INFO] Day20 run complete: /home/observer/project/day20/runs/2026-04-05_111733_day20_B_storage_vs_retry
[INFO] Cleaning up...
