1772198839036424021 R2_IDLE_A seconds=60 actions=B
1772198899038313050 SKIP_PROBE_A seconds=60
1772198959040098855 R2_IDLE_B seconds=30 actions=B
1772198989043889111 PROBE_B_START program=low
1772198989053664957 PROBE_B_END program=low
1772198989256437690 PROBE_B_START program=low
1772198989266314128 PROBE_B_END program=low
1772198989469085677 PROBE_B_START program=low
1772198989479054763 PROBE_B_END program=low
1772198989681811571 PROBE_B_START program=low
1772198989692065639 PROBE_B_END program=low
1772198989894824372 PROBE_B_START program=low
1772198989904840607 PROBE_B_END program=low
1772198990107582600 PROBE_B_START program=low
1772198990117404723 PROBE_B_END program=low
1772198990320201457 PROBE_B_START program=low
1772198990330092617 PROBE_B_END program=low
1772198990532891017 PROBE_B_START program=low
1772198990542701289 PROBE_B_END program=low
1772198990745490134 PROBE_B_START program=low
1772198990755380331 PROBE_B_END program=low
1772198990958205083 PROBE_B_START program=low
1772198990968021614 PROBE_B_END program=low
1772198991170857755 PROBE_B_START program=low
1772198991180580397 PROBE_B_END program=low
1772198991383408427 PROBE_B_START program=low
1772198991393154439 PROBE_B_END program=low
1772198991595855932 PROBE_B_START program=low
1772198991605074165 PROBE_B_END program=low
1772198991808132344 PROBE_B_START program=low
1772198991818092486 PROBE_B_END program=low
1772198992020862627 PROBE_B_START program=low
1772198992030737583 PROBE_B_END program=low
1772198992233656280 PROBE_B_START program=low
1772198992243905904 PROBE_B_END program=low
1772198992446665730 PROBE_B_START program=low
1772198992456466927 PROBE_B_END program=low
1772198992659221661 PROBE_B_START program=low
1772198992669035951 PROBE_B_END program=low
1772198992871788185 PROBE_B_START program=low
1772198992880960826 PROBE_B_END program=low
1772198993083681948 PROBE_B_START program=low
1772198993093375219 PROBE_B_END program=low
1772198993296263768 PROBE_B_START program=low
1772198993305956113 PROBE_B_END program=low
1772198993508747421 PROBE_B_START program=low
1772198993518593119 PROBE_B_END program=low
1772198993721413278 PROBE_B_START program=low
1772198993731284439 PROBE_B_END program=low
1772198993934075728 PROBE_B_START program=low
1772198993943283869 PROBE_B_END program=low
1772198994145818991 PROBE_B_START program=low
1772198994154658336 PROBE_B_END program=low
1772198994357356477 PROBE_B_START program=low
1772198994367212267 PROBE_B_END program=low
1772198994569948445 PROBE_B_START program=low
1772198994579642457 PROBE_B_END program=low
1772198994782430302 PROBE_B_START program=low
1772198994792565555 PROBE_B_END program=low
1772198994995158159 PROBE_B_START program=low
1772198995003889670 PROBE_B_END program=low
1772198995206570125 PROBE_B_START program=low
1772198995216379360 PROBE_B_END program=low
1772198995419132279 PROBE_B_START program=low
1772198995428899587 PROBE_B_END program=low
1772198995631637376 PROBE_B_START program=low
1772198995641369981 PROBE_B_END program=low
1772198995844116715 PROBE_B_START program=low
1772198995853831634 PROBE_B_END program=low
1772198996056438035 PROBE_B_START program=low
1772198996065236342 PROBE_B_END program=low
1772198996267933279 PROBE_B_START program=low
1772198996277633439 PROBE_B_END program=low
1772198996480439581 PROBE_B_START program=low
1772198996490262908 PROBE_B_END program=low
1772198996693010160 PROBE_B_START program=low
1772198996702856931 PROBE_B_END program=low
1772198996905594647 PROBE_B_START program=low
1772198996915396900 PROBE_B_END program=low
1772198997118076467 PROBE_B_START program=low
1772198997127722942 PROBE_B_END program=low
1772198997330838139 PROBE_B_START program=low
1772198997340618762 PROBE_B_END program=low
1772198997543416292 PROBE_B_START program=low
1772198997553212064 PROBE_B_END program=low
1772198997755969649 PROBE_B_START program=low
1772198997765577717 PROBE_B_END program=low
1772198997968311691 PROBE_B_START program=low
1772198997978297019 PROBE_B_END program=low
1772198998181261679 PROBE_B_START program=low
1772198998191047894 PROBE_B_END program=low
1772198998393751461 PROBE_B_START program=low
1772198998403535733 PROBE_B_END program=low
1772198998606277078 PROBE_B_START program=low
1772198998616112849 PROBE_B_END program=low
1772198998818885120 PROBE_B_START program=low
1772198998828670929 PROBE_B_END program=low
1772198999031515329 PROBE_B_START program=low
1772198999041342101 PROBE_B_END program=low
1772198999244248853 PROBE_B_START program=low
1772198999254113440 PROBE_B_END program=low
1772198999456874451 PROBE_B_START program=low
1772198999466840427 PROBE_B_END program=low
1772198999669683846 PROBE_B_START program=low
1772198999680058785 PROBE_B_END program=low
1772198999882964074 PROBE_B_START program=low
1772198999892832105 PROBE_B_END program=low
1772199000095656617 PROBE_B_START program=low
1772199000104924369 PROBE_B_END program=low
1772199000307814381 PROBE_B_START program=low
1772199000317745782 PROBE_B_END program=low
1772199000520616664 PROBE_B_START program=low
1772199000530509436 PROBE_B_END program=low
1772199000733306726 PROBE_B_START program=low
1772199000743219016 PROBE_B_END program=low
1772199000946050787 PROBE_B_START program=low
1772199000955941817 PROBE_B_END program=low
1772199001158738811 PROBE_B_START program=low
1772199001168094767 PROBE_B_END program=low
1772199001370913908 PROBE_B_START program=low
1772199001380770698 PROBE_B_END program=low
1772199001583658655 PROBE_B_START program=low
1772199001593467908 PROBE_B_END program=low
1772199001796327827 PROBE_B_START program=low
1772199001806276173 PROBE_B_END program=low
1772199002009114425 PROBE_B_START program=low
1772199002019187234 PROBE_B_END program=low
1772199002221832875 PROBE_B_START program=low
1772199002230629460 PROBE_B_END program=low
1772199002433317009 PROBE_B_START program=low
1772199002443259095 PROBE_B_END program=low
1772199002646052200 PROBE_B_START program=low
1772199002655864842 PROBE_B_END program=low
1772199002858702057 PROBE_B_START program=low
1772199002868560273 PROBE_B_END program=low
1772199003071419970 PROBE_B_START program=low
1772199003081227983 PROBE_B_END program=low
1772199003283984550 PROBE_B_START program=low
1772199003293399858 PROBE_B_END program=low
1772199003496197444 PROBE_B_START program=low
1772199003506175215 PROBE_B_END program=low
1772199003709060190 PROBE_B_START program=low
1772199003718852721 PROBE_B_END program=low
1772199003921659233 PROBE_B_START program=low
1772199003931607893 PROBE_B_END program=low
1772199004134405146 PROBE_B_START program=low
1772199004144230714 PROBE_B_END program=low
1772199004347064874 PROBE_B_START program=low
1772199004356735497 PROBE_B_END program=low
1772199004559572731 PROBE_B_START program=low
1772199004569478781 PROBE_B_END program=low
1772199004772353774 PROBE_B_START program=low
1772199004782342305 PROBE_B_END program=low
1772199004985180298 PROBE_B_START program=low
1772199004995085718 PROBE_B_END program=low
1772199005197900730 PROBE_B_START program=low
1772199005208518891 PROBE_B_END program=low
1772199005411550848 PROBE_B_START program=low
1772199005421517509 PROBE_B_END program=low
1772199005624383558 PROBE_B_START program=low
1772199005634372533 PROBE_B_END program=low
1772199005837246823 PROBE_B_START program=low
1772199005847154594 PROBE_B_END program=low
1772199006049960884 PROBE_B_START program=low
1772199006059835322 PROBE_B_END program=low
1772199006263082427 PROBE_B_START program=low
1772199006273335514 PROBE_B_END program=low
1772199006476174119 PROBE_B_START program=low
1772199006486223261 PROBE_B_END program=low
1772199006689058421 PROBE_B_START program=low
1772199006699131656 PROBE_B_END program=low
1772199006901910557 PROBE_B_START program=low
1772199006911766217 PROBE_B_END program=low
1772199007114574637 PROBE_B_START program=low
1772199007124351667 PROBE_B_END program=low
1772199007327456087 PROBE_B_START program=low
1772199007336427524 PROBE_B_END program=low
1772199007539204851 PROBE_B_START program=low
1772199007549168030 PROBE_B_END program=low
1772199007751995931 PROBE_B_START program=low
1772199007761917091 PROBE_B_END program=low
1772199007964723381 PROBE_B_START program=low
1772199007974573357 PROBE_B_END program=low
1772199008177370276 PROBE_B_START program=low
1772199008187271955 PROBE_B_END program=low
1772199008390041967 PROBE_B_START program=low
1772199008399325886 PROBE_B_END program=low
1772199008602118694 PROBE_B_START program=low
1772199008612025577 PROBE_B_END program=low
1772199008814837219 PROBE_B_START program=low
1772199008824635916 PROBE_B_END program=low
1772199009027484002 PROBE_B_START program=low
1772199009037438941 PROBE_B_END program=low
1772199009240333527 PROBE_B_START program=low
1772199009250330965 PROBE_B_END program=low
1772199009453151644 PROBE_B_START program=low
1772199009462481304 PROBE_B_END program=low
1772199009665256131 PROBE_B_START program=low
1772199009675221069 PROBE_B_END program=low
1772199009878082674 PROBE_B_START program=low
1772199009887967742 PROBE_B_END program=low
1772199010090753068 PROBE_B_START program=low
1772199010100586747 PROBE_B_END program=low
1772199010303382593 PROBE_B_START program=low
1772199010313220716 PROBE_B_END program=low
1772199010515914154 PROBE_B_START program=low
1772199010524790202 PROBE_B_END program=low
1772199010727558511 PROBE_B_START program=low
1772199010737420356 PROBE_B_END program=low
1772199010940273109 PROBE_B_START program=low
1772199010950158381 PROBE_B_END program=low
1772199011153029726 PROBE_B_START program=low
1772199011163001942 PROBE_B_END program=low
1772199011365818417 PROBE_B_START program=low
1772199011375704096 PROBE_B_END program=low
1772199011578346960 PROBE_B_START program=low
1772199011588445399 PROBE_B_END program=low
1772199011791180522 PROBE_B_START program=low
1772199011801055164 PROBE_B_END program=low
1772199012003852065 PROBE_B_START program=low
1772199012013726818 PROBE_B_END program=low
1772199012216564849 PROBE_B_START program=low
1772199012226511157 PROBE_B_END program=low
1772199012429757207 PROBE_B_START program=low
1772199012440623313 PROBE_B_END program=low
1772199012643466307 PROBE_B_START program=low
1772199012653412282 PROBE_B_END program=low
1772199012856275406 PROBE_B_START program=low
1772199012866215548 PROBE_B_END program=low
1772199013069068171 PROBE_B_START program=low
1772199013078977572 PROBE_B_END program=low
1772199013281786103 PROBE_B_START program=low
1772199013291660986 PROBE_B_END program=low
1772199013494612424 PROBE_B_START program=low
1772199013504567714 PROBE_B_END program=low
1772199013707408467 PROBE_B_START program=low
1772199013717383924 PROBE_B_END program=low
1772199013920330937 PROBE_B_START program=low
1772199013930484634 PROBE_B_END program=low
1772199014133308665 PROBE_B_START program=low
1772199014143274159 PROBE_B_END program=low
1772199014346249616 PROBE_B_START program=low
1772199014356471499 PROBE_B_END program=low
1772199014559198678 PROBE_B_START program=low
1772199014568545949 PROBE_B_END program=low
1772199014771322369 PROBE_B_START program=low
1772199014781311585 PROBE_B_END program=low
1772199014984171912 PROBE_B_START program=low
1772199014994032591 PROBE_B_END program=low
1772199015196848251 PROBE_B_START program=low
1772199015206743504 PROBE_B_END program=low
1772199015409546424 PROBE_B_START program=low
1772199015419500492 PROBE_B_END program=low
1772199015622248838 PROBE_B_START program=low
1772199015631133293 PROBE_B_END program=low
1772199015833903602 PROBE_B_START program=low
1772199015843793447 PROBE_B_END program=low
1772199016046519571 PROBE_B_START program=low
1772199016055866619 PROBE_B_END program=low
1772199016258665854 PROBE_B_START program=low
1772199016268949922 PROBE_B_END program=low
1772199016471765768 PROBE_B_START program=low
1772199016481638521 PROBE_B_END program=low
1772199016684408793 PROBE_B_START program=low
1772199016693944027 PROBE_B_END program=low
1772199016896790798 PROBE_B_START program=low
1772199016906782514 PROBE_B_END program=low
1772199017109615916 PROBE_B_START program=low
1772199017119527132 PROBE_B_END program=low
1772199017322406311 PROBE_B_START program=low
1772199017332349157 PROBE_B_END program=low
1772199017535183076 PROBE_B_START program=low
1772199017545065070 PROBE_B_END program=low
1772199017747920620 PROBE_B_START program=low
1772199017757888151 PROBE_B_END program=low
1772199017960726959 PROBE_B_START program=low
1772199017970638416 PROBE_B_END program=low
1772199018173432743 PROBE_B_START program=low
1772199018183415811 PROBE_B_END program=low
1772199018386276787 PROBE_B_START program=low
1772199018396121077 PROBE_B_END program=low
1772199018599003404 PROBE_B_START program=low
1772199018609441232 PROBE_B_END program=low
1772199018812552060 PROBE_B_START program=low
1772199018822569202 PROBE_B_END program=low
1772199019025389955 PROBE_B_START program=low
1772199019035242097 PROBE_B_END program=low
1772199019238035720 PROBE_B_START program=low
1772199019247927937 PROBE_B_END program=low
1772199019450777875 PROBE_B_START program=low
1772199019460739721 PROBE_B_END program=low
1772199019667928405 PROBE_B_START program=low
1772199019678754456 PROBE_B_END program=low
1772199019881563228 PROBE_B_START program=low
1772199019891484666 PROBE_B_END program=low
1772199020094368271 PROBE_B_START program=low
1772199020104346006 PROBE_B_END program=low
1772199020307208592 PROBE_B_START program=low
1772199020317190531 PROBE_B_END program=low
1772199020520071747 PROBE_B_START program=low
1772199020529937518 PROBE_B_END program=low
1772199020732911865 PROBE_B_START program=low
1772199020742747506 PROBE_B_END program=low
1772199020945531223 PROBE_B_START program=low
1772199020955409883 PROBE_B_END program=low
1772199021158317433 PROBE_B_START program=low
1772199021168083815 PROBE_B_END program=low
1772199021371059884 PROBE_B_START program=low
1772199021380819692 PROBE_B_END program=low
1772199021583641760 PROBE_B_START program=low
1772199021593558810 PROBE_B_END program=low
1772199021796350896 PROBE_B_START program=low
1772199021805705667 PROBE_B_END program=low
1772199022008530902 PROBE_B_START program=low
1772199022018557840 PROBE_B_END program=low
1772199022221378316 PROBE_B_START program=low
1772199022231317513 PROBE_B_END program=low
1772199022434220119 PROBE_B_START program=low
1772199022444072131 PROBE_B_END program=low
1772199022647012403 PROBE_B_START program=low
1772199022656958452 PROBE_B_END program=low
1772199022859644039 PROBE_B_START program=low
1772199022868553328 PROBE_B_END program=low
1772199023071359359 PROBE_B_START program=low
1772199023081449001 PROBE_B_END program=low
1772199023284378588 PROBE_B_START program=low
1772199023294381563 PROBE_B_END program=low
1772199023497244706 PROBE_B_START program=low
1772199023507146699 PROBE_B_END program=low
1772199023709965638 PROBE_B_START program=low
1772199023719814521 PROBE_B_END program=low
1772199023922595996 PROBE_B_START program=low
1772199023932042008 PROBE_B_END program=low
1772199024134898613 PROBE_B_START program=low
1772199024144803089 PROBE_B_END program=low
1772199024347644990 PROBE_B_START program=low
1772199024357547502 PROBE_B_END program=low
1772199024560447978 PROBE_B_START program=low
1772199024570340953 PROBE_B_END program=low
1772199024773194762 PROBE_B_START program=low
1772199024783128423 PROBE_B_END program=low
1772199024985872139 PROBE_B_START program=low
1772199024995206003 PROBE_B_END program=low
1772199025197813997 PROBE_B_START program=low
1772199025207162619 PROBE_B_END program=low
1772199025409915762 PROBE_B_START program=low
1772199025419978978 PROBE_B_END program=low
1772199025622945065 PROBE_B_START program=low
1772199025633168652 PROBE_B_END program=low
1772199025836385757 PROBE_B_START program=low
1772199025847446901 PROBE_B_END program=low
1772199026050546340 PROBE_B_START program=low
1772199026060392649 PROBE_B_END program=low
1772199026263274680 PROBE_B_START program=low
1772199026273244377 PROBE_B_END program=low
1772199026476108872 PROBE_B_START program=low
1772199026486097255 PROBE_B_END program=low
1772199026689003378 PROBE_B_START program=low
1772199026698997335 PROBE_B_END program=low
1772199026901817811 PROBE_B_START program=low
1772199026911823194 PROBE_B_END program=low
1772199027114601614 PROBE_B_START program=low
1772199027124488663 PROBE_B_END program=low
1772199027327405491 PROBE_B_START program=low
1772199027337305578 PROBE_B_END program=low
1772199027540131831 PROBE_B_START program=low
1772199027549970640 PROBE_B_END program=low
1772199027752885819 PROBE_B_START program=low
1772199027762907832 PROBE_B_END program=low
1772199027966293253 PROBE_B_START program=low
1772199027975257967 PROBE_B_END program=low
1772199028178044073 PROBE_B_START program=low
1772199028187947344 PROBE_B_END program=low
1772199028391277136 PROBE_B_START program=low
1772199028401151963 PROBE_B_END program=low
1772199028603999309 PROBE_B_START program=low
1772199028613869155 PROBE_B_END program=low
1772199028816737797 PROBE_B_START program=low
1772199028826704772 PROBE_B_END program=low
1772199029029415711 PROBE_B_START program=low
1772199029038252333 PROBE_B_END program=low
1772199029240990216 PROBE_B_START program=low
1772199029250920673 PROBE_B_END program=low
1772199029453817519 PROBE_B_START program=low
1772199029463708809 PROBE_B_END program=low
1772199029666522045 PROBE_B_START program=low
1772199029676363094 PROBE_B_END program=low
1772199029879253829 PROBE_B_START program=low
1772199029889099860 PROBE_B_END program=low
1772199030091878076 PROBE_B_START program=low
1772199030101374533 PROBE_B_END program=low
1772199030304482046 PROBE_B_START program=low
1772199030314738614 PROBE_B_END program=low
1772199030517610905 PROBE_B_START program=low
1772199030527567121 PROBE_B_END program=low
1772199030730408078 PROBE_B_START program=low
1772199030740307480 PROBE_B_END program=low
1772199030943123715 PROBE_B_START program=low
1772199030953002894 PROBE_B_END program=low
1772199031155885981 PROBE_B_START program=low
1772199031165880290 PROBE_B_END program=low
1772199031368730228 PROBE_B_START program=low
1772199031378782445 PROBE_B_END program=low
1772199031581734328 PROBE_B_START program=low
1772199031591662063 PROBE_B_END program=low
1772199031794514835 PROBE_B_START program=low
1772199031804420699 PROBE_B_END program=low
1772199032007200268 PROBE_B_START program=low
1772199032016877409 PROBE_B_END program=low
1772199032219574663 PROBE_B_START program=low
1772199032228836693 PROBE_B_END program=low
1772199032431463576 PROBE_B_START program=low
1772199032440755106 PROBE_B_END program=low
1772199032643370193 PROBE_B_START program=low
1772199032652691001 PROBE_B_END program=low
1772199032855311847 PROBE_B_START program=low
1772199032864537729 PROBE_B_END program=low
1772199033067728575 PROBE_B_START program=low
1772199033078919256 PROBE_B_END program=low
1772199033281629102 PROBE_B_START program=low
1772199033290982373 PROBE_B_END program=low
1772199033493682590 PROBE_B_START program=low
1772199033503530380 PROBE_B_END program=low
1772199033706290744 PROBE_B_START program=low
1772199033716048942 PROBE_B_END program=low
1772199033918767325 PROBE_B_START program=low
1772199033928548948 PROBE_B_END program=low
1772199034131423665 PROBE_B_START program=low
1772199034141209400 PROBE_B_END program=low
1772199034343986024 PROBE_B_START program=low
1772199034353816203 PROBE_B_END program=low
1772199034556575623 PROBE_B_START program=low
1772199034566413209 PROBE_B_END program=low
1772199034769178722 PROBE_B_START program=low
1772199034779016309 PROBE_B_END program=low
1772199034981914803 PROBE_B_START program=low
1772199034992088075 PROBE_B_END program=low
1772199035195225070 PROBE_B_START program=low
1772199035204352841 PROBE_B_END program=low
1772199035407128409 PROBE_B_START program=low
1772199035417314607 PROBE_B_END program=low
1772199035620094676 PROBE_B_START program=low
1772199035629993410 PROBE_B_END program=low
1772199035832886109 PROBE_B_START program=low
1772199035842810917 PROBE_B_END program=low
1772199036045588004 PROBE_B_START program=low
1772199036055575110 PROBE_B_END program=low
1772199036258381678 PROBE_B_START program=low
1772199036267722282 PROBE_B_END program=low
1772199036470516370 PROBE_B_START program=low
1772199036480473845 PROBE_B_END program=low
1772199036683242691 PROBE_B_START program=low
1772199036692528240 PROBE_B_END program=low
1772199036895348846 PROBE_B_START program=low
1772199036905340451 PROBE_B_END program=low
1772199037108174205 PROBE_B_START program=low
1772199037118034309 PROBE_B_END program=low
1772199037320772248 PROBE_B_START program=low
1772199037330184390 PROBE_B_END program=low
1772199037532998885 PROBE_B_START program=low
1772199037543258231 PROBE_B_END program=low
1772199037746115114 PROBE_B_START program=low
1772199037755959275 PROBE_B_END program=low
1772199037958774306 PROBE_B_START program=low
1772199037968650226 PROBE_B_END program=low
1772199038171467258 PROBE_B_START program=low
1772199038181322918 PROBE_B_END program=low
1772199038384262265 PROBE_B_START program=low
1772199038394255648 PROBE_B_END program=low
1772199038597067179 PROBE_B_START program=low
1772199038607006599 PROBE_B_END program=low
1772199038809854020 PROBE_B_START program=low
1772199038819772162 PROBE_B_END program=low
1772199039022591138 PROBE_B_START program=low
1772199039032428687 PROBE_B_END program=low
1772199039235323811 PROBE_B_START program=low
1772199039245239102 PROBE_B_END program=low
1772199039448056670 PROBE_B_START program=low
1772199039457505608 PROBE_B_END program=low
1772199039660249158 PROBE_B_START program=low
1772199039669564151 PROBE_B_END program=low
1772199039872363627 PROBE_B_START program=low
1772199039882429788 PROBE_B_END program=low
1772199040085195505 PROBE_B_START program=low
1772199040095163351 PROBE_B_END program=low
1772199040298083401 PROBE_B_START program=low
1772199040307997636 PROBE_B_END program=low
1772199040510941427 PROBE_B_START program=low
1772199040520818143 PROBE_B_END program=low
1772199040723638601 PROBE_B_START program=low
1772199040733480280 PROBE_B_END program=low
1772199040936291534 PROBE_B_START program=low
1772199040946169639 PROBE_B_END program=low
1772199041149007226 PROBE_B_START program=low
1772199041158972257 PROBE_B_END program=low
1772199041361910326 PROBE_B_START program=low
1772199041371911301 PROBE_B_END program=low
1772199041574719740 PROBE_B_START program=low
1772199041584639901 PROBE_B_END program=low
1772199041787492729 PROBE_B_START program=low
1772199041797399797 PROBE_B_END program=low
1772199042000201495 PROBE_B_START program=low
1772199042010167749 PROBE_B_END program=low
1772199042213059873 PROBE_B_START program=low
1772199042223167682 PROBE_B_END program=low
1772199042425849251 PROBE_B_START program=low
1772199042435264300 PROBE_B_END program=low
1772199042638383035 PROBE_B_START program=low
1772199042648218029 PROBE_B_END program=low
1772199042851069265 PROBE_B_START program=low
1772199042860983185 PROBE_B_END program=low
1772199043063811920 PROBE_B_START program=low
1772199043073657599 PROBE_B_END program=low
1772199043276473520 PROBE_B_START program=low
1772199043286335014 PROBE_B_END program=low
1772199043488986064 PROBE_B_START program=low
1772199043497920001 PROBE_B_END program=low
1772199043700676551 PROBE_B_START program=low
1772199043710671545 PROBE_B_END program=low
1772199043913536577 PROBE_B_START program=low
1772199043923481478 PROBE_B_END program=low
1772199044126323751 PROBE_B_START program=low
1772199044136239671 PROBE_B_END program=low
1772199044339123499 PROBE_B_START program=low
1772199044349053048 PROBE_B_END program=low
1772199044551739469 PROBE_B_START program=low
1772199044561296166 PROBE_B_END program=low
1772199044764037772 PROBE_B_START program=low
1772199044773917414 PROBE_B_END program=low
1772199044976747575 PROBE_B_START program=low
1772199044986688032 PROBE_B_END program=low
1772199045189409972 PROBE_B_START program=low
1772199045198790428 PROBE_B_END program=low
1772199045401562515 PROBE_B_START program=low
1772199045411419028 PROBE_B_END program=low
1772199045614295837 PROBE_B_START program=low
1772199045624194850 PROBE_B_END program=low
1772199045827029289 PROBE_B_START program=low
1772199045836871579 PROBE_B_END program=low
1772199046039695518 PROBE_B_START program=low
1772199046049587531 PROBE_B_END program=low
1772199046252490581 PROBE_B_START program=low
1772199046262459668 PROBE_B_END program=low
1772199046465331311 PROBE_B_START program=low
1772199046475805583 PROBE_B_END program=low
1772199046678805097 PROBE_B_START program=low
1772199046688716906 PROBE_B_END program=low
1772199046891604771 PROBE_B_START program=low
1772199046901551839 PROBE_B_END program=low
1772199047104345556 PROBE_B_START program=low
1772199047114251124 PROBE_B_END program=low
1772199047317089045 PROBE_B_START program=low
1772199047326985632 PROBE_B_END program=low
1772199047530854313 PROBE_B_START program=low
1772199047540505288 PROBE_B_END program=low
1772199047743316394 PROBE_B_START program=low
1772199047753259258 PROBE_B_END program=low
1772199047956098957 PROBE_B_START program=low
1772199047965995155 PROBE_B_END program=low
1772199048168791816 PROBE_B_START program=low
1772199048178746569 PROBE_B_END program=low
1772199048381584527 PROBE_B_START program=low
1772199048391439651 PROBE_B_END program=low
1772199048594347850 PROBE_B_START program=low
1772199048604230177 PROBE_B_END program=low
1772199048807036838 PROBE_B_START program=low
1772199048816997740 PROBE_B_END program=low
1772199049019849920 R2_IDLE_C seconds=30 actions=B
1772199079021771434 SKIP_PROBE_C seconds=60
