1776149569419123004 22023401
1776149569441051332 21928328
1776149569462817678 21766346
1776149569484565208 21747530
1776149569506274443 21709235
1776149569527865159 21590716
1776149569549459967 21594808
1776149569571073442 21613475
1776149569592729639 21656197
1776149569614377558 21647919
1776149569636048367 21670809
1776149569657771972 21723605
1776149569679508669 21736697
1776149569701182459 21673790
1776149569722914712 21732253
1776149569744603335 21688623
1776149569766300014 21696679
1776149569788012545 21712531
1776149569809669705 21657160
1776149569831323365 21653660
1776149569852982137 21658772
1776149569874668742 21686605
1776149569896329309 21660567
1776149569918030340 21701031
1776149569939694333 21663993
1776149569961353327 21658994
1776149569983018302 21664975
1776149570004661222 21642920
1776149570026345252 21684030
1776149570048006209 21660957
1776149570069679166 21672957
1776149570091360252 21681086
1776149570113037246 21676994
1776149570134752406 21715160
1776149570156452677 21700271
1776149570178136042 21683365
1776149570199808887 21672845
1776149570221490029 21681142
1776149570243182449 21692420
1776149570264832887 21650438
1776149570286501232 21668345
1776149570308238763 21737531
1776149570329961497 21722734
1776149570351618158 21656661
1776149570373286781 21668623
1776149570395000145 21713364
1776149570416669954 21669809
1776149570438330595 21660641
1776149570459984237 21653642
1776149570481654083 21669846
1776149570503337521 21683438
1776149570525018237 21680716
1776149570546709434 21691197
1776149570568389743 21680309
1776149570590113625 21723882
1776149570611798212 21684587
1776149570633476094 21677882
1776149570655173588 21697494
1776149570676855785 21682197
1776149570698526094 21670309
1776149570720165754 21639660
1776149570741836711 21670957
1776149570763497408 21660697
1776149570785131828 21634420
1776149570806802155 21670327
1776149570828440778 21638623
1776149570850095512 21654734
1776149570871727673 21632161
1776149570893361759 21634086
1776149570915015493 21653734
1776149570936646024 21630531
1776149570958328666 21682642
1776149570979984511 21655845
1776149571001628042 21643531
1776149571023243554 21615512
1776149571044886084 21642530
1776149571066506874 21620790
1776149571088133201 21626327
1776149571109799584 21666383
1776149571131468392 21668808
1776149571153105960 21637568
1776149571174744176 21638216
1776149571196417948 21673772
1776149571218063423 21645475
1776149571239684694 21621271
1776149571261314669 21629975
1776149571282954774 21640105
1776149571304575971 21621197
1776149571326223317 21647346
1776149571347872181 21648864
1776149571369501378 21629197
1776149571391146724 21645346
1776149571412783458 21636734
1776149571434408378 21624920
1776149571456038334 21629956
1776149571477662921 21624587
1776149571499307488 21644567
1776149571520923556 21616068
1776149571542518068 21594512
1776149571564147988 21629920
1776149571585787870 21639882
1776149571607418901 21631031
1776149571629039913 21621012
1776149571650681314 21641401
1776149571672284937 21603623
1776149571693921838 21636901
1776149571715585591 21663753
1776149571737210585 21624994
1776149571758863560 21652975
1776149571780497832 21634272
1776149571802176122 21678290
1776149571823824300 21648178
1776149571845439924 21615624
1776149571867063103 21623179
1776149571888688837 21625734
1776149571910332942 21644105
1776149571931952546 21619604
1776149571953603207 21650661
1776149571975264034 21660827
1776149571996889713 21625679
1776149572018511891 21622178
1776149572040126552 21614661
1776149572061768916 21642364
1776149572083421613 21652697
1776149572105032718 21611105
1776149572126687286 21654568
1776149572148329909 21642623
1776149572169957996 21628087
1776149572191581008 21623012
1776149572213200668 21619660
1776149572234861106 21660438
1776149572256503915 21642809
1776149572278137075 21633160
1776149572299777958 21640883
1776149572321402396 21624438
1776149572343033556 21631160
1776149572364641772 21608216
1776149572386260081 21618309
1776149572407870074 21609993
1776149572429515698 21645624
1776149572451140506 21624808
1776149572472738704 21598198
1776149572494377327 21638623
1776149572515980802 21603475
1776149572537605407 21624605
1776149572559251456 21646049
1776149572580880672 21629216
1776149572602504573 21623901
1776149572624127622 21623049
1776149572645781635 21654013
1776149572667443036 21661401
1776149572689055141 21612105
1776149572710689764 21634623
1776149572732288684 21598920
1776149572753949029 21660345
1776149572775575190 21626161
1776149572797208683 21633493
1776149572818833992 21625309
1776149572840455041 21621049
1776149572862115016 21659975
1776149572883744362 21629346
1776149572905376707 21632345
1776149572927046442 21669735
1776149572948663528 21617086
1776149572970287244 21623716
1776149572991906960 21619716
1776149573013513454 21606494
1776149573035128262 21614808
1776149573056758719 21630457
1776149573078399009 21640290
1776149573100007281 21608272
1776149573121636719 21629438
1776149573143283509 21646790
1776149573164917762 21634253
1776149573186515496 21597734
1776149573208135620 21620124
1776149573229766428 21630808
1776149573251407348 21640920
1776149573273044305 21636957
1776149573294733428 21689123
1776149573316356403 21622975
1776149573337996731 21640328
1776149573359590150 21593419
1776149573381202866 21612716
1776149573402833619 21630753
1776149573424456335 21622716
1776149573446095496 21639161
1776149573467723212 21627716
1776149573489336724 21613512
1776149573510963143 21626419
1776149573532561896 21598753
1776149573554177205 21615309
1776149573575763902 21586697
1776149573597403433 21639531
1776149573619096483 21693050
1776149573640729180 21632697
1776149573662376859 21647679
1776149573684009631 21632772
1776149573705631754 21622123
1776149573727268192 21636438
1776149573748903908 21635716
1776149573770524458 21620550
1776149573792148025 21623567
1776149573813797056 21649031
1776149573835403180 21606124
1776149573857033340 21630160
1776149573878665667 21632327
1776149573900289253 21623586
1776149573921908192 21618939
1776149573943544778 21636586
1776149573965142086 21597308
1776149573986780988 21638902
1776149574008384907 21603919
1776149574030006494 21621587
1776149574051610413 21603919
1776149574073222222 21611809
1776149574094857512 21635290
1776149574116485413 21627901
1776149574138132037 21646624
1776149574159762290 21630253
1776149574181388932 21626642
1776149574203026481 21637549
1776149574224644438 21617957
1776149574246273950 21629512
1776149574267912018 21638068
1776149574289557290 21645272
1776149574311201802 21644512
1776149574332802629 21600827
1776149574354439216 21636587
1776149574376136914 21697698
1776149574397888852 21751938
1776149574419582254 21693402
1776149574441263951 21681697
1776149574462921445 21657494
1776149574484558087 21636642
1776149574506213044 21654957
1776149574527874204 21661160
1776149574549531050 21656846
1776149574571195026 21663976
1776149574592826075 21631049
1776149574614460235 21634160
1776149574636091081 21630846
1776149574657706668 21615587
1776149574679354087 21647419
1776149574700968100 21614013
1776149574722605908 21637808
1776149574744219143 21613235
1776149574765840822 21621679
1776149574787444612 21603790
1776149574809069161 21624549
1776149574830690840 21621679
1776149574852301445 21610605
1776149574873955569 21654124
1776149574895576155 21620586
1776149574917195908 21619753
1776149574938839772 21643864
1776149574960436322 21596550
1776149574982095223 21658901
1776149575003713772 21618549
1776149575025328840 21615068
1776149575046966742 21637902
1776149575068580235 21613493
1776149575090250804 21670569
1776149575111923242 21672438
1776149575133540402 21617160
1776149575155208396 21667994
1776149575176838094 21629698
1776149575198469681 21631587
1776149575220078360 21608679
1776149575241701187 21622827
1776149575263314532 21613345
1776149575284951026 21636494
1776149575306510557 21559531
1776149575328138718 21628161
1776149575349764619 21625901
1776149575371377057 21612438
1776149575392976866 21599809
1776149575414611230 21634364
1776149575436202946 21591716
1776149575457834347 21631401
1776149575479451267 21616920
1776149575501053057 21601790
1776149575522697699 21644642
1776149575544319693 21621994
1776149575565968632 21648939
1776149575587612681 21644049
1776149575609230842 21618161
1776149575630849391 21618549
1776149575652459496 21610105
1776149575674079175 21619679
1776149575695708669 21629494
1776149575717331941 21623272
1776149575738967638 21635697
1776149575760572688 21605050
1776149575782204959 21632271
1776149575803809435 21604476
1776149575825414151 21604716
1776149575847028737 21614586
1776149575868630120 21601383
1776149575890252151 21622031
1776149575911861774 21609623
1776149575933459768 21597994
1776149575955074058 21614290
1776149575976683052 21608994
1776149575998331861 21648809
1776149576019976651 21644790
1776149576041591664 21615013
1776149576063237972 21646308
1776149576084830800 21592828
1776149576106461831 21631031
1776149576128066436 21604605
1776149576149688189 21621753
1776149576171307979 21619790
1776149576192918102 21610123
1776149576214524652 21606550
1776149576236141961 21617309
1776149576257769510 21627549
1776149576279389041 21619531
1776149576301038998 21649957
1776149576322818029 21779031
1776149576344476005 21657976
1776149576366166184 21690179
1776149576387819826 21653642
1776149576409447043 21627217
1776149576431127407 21680364
1776149576452759456 21632049
1776149576474379450 21619994
1776149576495993518 21614068
1776149576517589901 21596383
1776149576539212691 21622790
1776149576560819593 21606902
1776149576582450790 21631197
1776149576604054006 21603216
1776149576625640741 21586735
1776149576647266142 21625401
1776149576668863229 21597087
1776149576690479389 21616160
1776149576712081994 21602605
1776149576733687766 21605772
1776149576755318686 21630920
1776149576776916143 21597457
1776149576798520396 21604253
1776149576820119186 21598790
1776149576841722254 21603068
1776149576863339656 21617402
1776149576884947464 21607808
1776149576906537347 21589883
1776149576928135267 21597920
1776149576949726057 21590790
1776149576971366329 21640272
1776149576992978878 21612549
1776149577014594261 21615383
1776149577036195885 21601624
1776149577057819619 21623734
1776149577079463965 21644346
1776149577101100848 21636883
1776149577122746879 21646031
1776149577144373651 21626772
1776149577166010978 21637327
1776149577187623843 21612865
1776149577209233133 21609290
1776149577230859016 21625883
1776149577252477102 21618086
1776149577274094763 21617661
1776149577295717368 21622605
1776149577317328418 21611050
1776149577338991486 21663068
1776149577360602943 21611457
1776149577382219585 21616642
1776149577403832912 21613327
1776149577425449091 21616179
1776149577447058937 21609846
1776149577468689005 21630068
1776149577490330018 21641013
1776149577512059364 21729346
1776149577533724117 21664753
1776149577555416908 21692791
1776149577577117643 21700735
1776149577598831359 21713716
1776149577620503576 21672217
1776149577642176921 21673345
1776149577663827267 21650346
1776149577685482502 21655235
1776149577707149904 21667402
1776149577728844213 21694309
1776149577750539225 21695012
1776149577772197145 21657920
1776149577793859306 21662161
1776149577815491411 21632105
1776149577837161646 21670235
1776149577858828899 21667253
1776149577880486301 21657402
1776149577902245795 21759494
1776149577923956771 21710976
1776149577945632561 21675790
1776149577967300389 21667828
1776149577988974809 21674420
1776149578010660729 21685920
1776149578032337390 21676661
1776149578054056347 21718957
1776149578075746249 21689902
1776149578097443613 21697364
1776149578119166848 21723235
1776149578140835287 21668439
1776149578162534022 21698735
1776149578184187201 21653179
1776149578205879084 21691883
1776149578227518856 21639772
1776149578249202017 21683161
1776149578270876400 21674383
1776149578292553005 21676605
1776149578314217222 21664217
1776149578335857864 21640642
1776149578357504691 21646827
1776149578379203575 21698884
1776149578400852846 21649271
1776149578422514878 21662032
1776149578444181613 21666735
1776149578465864422 21682809
1776149578487518786 21654364
1776149578509174984 21656198
1776149578530874608 21699624
1776149578552525546 21650938
1776149578574194429 21668883
1776149578595886850 21692421
1776149578617596862 21710012
1776149578639262375 21665513
1776149578660926388 21664013
1776149578682593863 21667475
1776149578704252969 21659106
1776149578725934981 21682012
1776149578747639235 21704254
1776149578769317451 21678216
1776149578791033538 21716087
1776149578812695958 21662420
1776149578834356045 21660087
1776149578856033428 21677383
1776149578877702292 21668864
1776149578899427065 21724773
1776149578921134985 21707920
1776149578942812960 21677975
1776149578964478029 21665069
1776149578986125634 21647605
1776149579007765350 21639716
1776149579029430048 21664698
1776149579051062246 21632198
1776149579072722259 21660013
1776149579094425383 21703124
1776149579116097155 21671772
1776149579137807853 21710698
1776149579159453384 21645531
1776149579181106730 21653346
1776149579202772502 21665772
1776149579224426959 21654457
1776149579246146953 21719994
1776149579267845966 21699013
1776149579289552220 21706254
1776149579311224066 21671846
1776149579332885579 21661513
1776149579354537017 21651438
1776149579376173585 21636568
1776149579397842857 21669272
1776149579419631870 21789013
1776149579441317476 21685606
1776149579462935655 21618179
1776149579484488779 21553124
1776149579506065180 21576401
1776149579527644619 21579439
1776149579549215168 21570549
1776149579570864051 21648883
1776149579592496416 21632365
1776149579614149003 21652587
1776149579635786182 21637179
1776149579657420158 21633976
1776149579679082411 21662253
1776149579700709738 21627327
1776149579722357270 21647532
1776149579744040838 21683568
1776149579765699332 21658494
1776149579787355938 21656606
1776149579808998302 21642364
1776149579830674278 21675976
1776149579852307365 21633087
1776149579873962081 21654716
1776149579895571149 21609068
1776149579917207143 21635994
1776149579938846693 21639550
1776149579960445094 21598401
1776149579982066329 21621235
1776149580003695398 21629069
1776149580025311355 21615957
1776149580046933664 21622309
1776149580068554065 21620401
1776149580090238726 21684661
1776149580111884072 21645346
1776149580133526492 21642420
1776149580155178802 21652310
1776149580176792462 21613660
1776149580198414420 21621958
1776149580220045025 21630605
1776149580241662112 21617087
1776149580263286161 21624049
1776149580284910859 21624698
1776149580306540039 21629180
1776149580328163311 21623272
1776149580349808231 21644920
1776149580371440392 21632161
1776149580393054904 21614512
1776149580414663565 21608661
1776149580436283152 21619587
1776149580457930442 21647290
1776149580479564807 21634365
1776149580501172153 21607346
1776149580522784277 21612124
1776149580544398734 21614457
1776149580566029543 21630809
1776149580587626574 21597031
1776149580609242420 21615846
1776149580630844488 21602068
1776149580652457316 21612828
1776149580674057588 21600272
1776149580695676508 21618920
1776149580717299335 21622827
1776149580738927589 21628254
1776149580760534064 21606475
1776149580782154447 21620383
1776149580803791145 21636698
1776149580825443325 21652180
1776149580847071800 21628475
1776149580868667980 21596180
1776149580890280548 21612568
1776149580911891024 21610476
1776149580933504999 21613975
1776149580955135864 21630865
1776149580976747117 21611253
1776149580998365426 21618309
1776149581019968754 21603328
1776149581041566970 21598216
1776149581063184057 21617087
1776149581084796866 21612809
1776149581106421434 21624568
1776149581128033595 21612161
1776149581149667182 21633587
1776149581171293639 21626457
1776149581192914967 21621328
1776149581214544424 21629457
1776149581236154900 21610476
1776149581257786357 21631457
1776149581279400629 21614272
1776149581301006512 21605883
1776149581322653562 21647050
1776149581344274408 21620846
1776149581365924551 21650143
1776149581387546545 21621994
1776149581409163983 21617438
1776149581430789552 21625569
1776149581452409565 21620013
1776149581474072966 21663401
1776149581495693424 21620458
1776149581517319881 21626457
1776149581538947245 21627364
1776149581560554628 21607383
1776149581582169623 21614995
1776149581603767191 21597568
1776149581625368185 21600994
1776149581647045661 21677476
1776149581668661581 21615920
1776149581690280261 21618680
1776149581711877218 21596957
1776149581733474934 21597716
1776149581755092299 21617365
1776149581776718386 21626087
1776149581798394380 21675994
1776149581820027985 21633605
1776149581841645128 21617143
1776149581863295011 21649883
1776149581884904487 21609476
1776149581906524222 21619735
1776149581928129438 21605216
1776149581949772284 21642846
1776149581971388908 21616624
1776149581993009624 21620716
1776149582014614174 21604550
1776149582036217965 21603791
1776149582057853052 21635087
1776149582079458287 21605235
1776149582101086559 21628272
1776149582122717053 21630494
1776149582144335251 21618198
1776149582165968505 21633254
1776149582187587055 21618550
1776149582209181993 21594938
1776149582230817988 21635995
1776149582252416815 21598827
1776149582274056569 21639754
1776149582295655044 21598475
1776149582317336724 21681680
1776149582339014607 21677883
1776149582360631972 21617365
1776149582382310133 21678161
1776149582403945683 21635550
1776149582425601326 21655643
1776149582447255950 21654624
1776149582468888648 21632698
1776149582490529086 21640438
1776149582512153396 21624310
1776149582533774557 21621161
1776149582555392366 21617809
1776149582577008675 21616309
1776149582598651447 21642772
1776149582620258904 21607457
1776149582641885195 21626291
1776149582663517578 21632383
1776149582685136906 21619328
1776149582706767585 21630679
1776149582728382968 21615383
1776149582750007037 21624069
1776149582771619661 21612624
1776149582793227859 21608198
1776149582814860371 21632512
1776149582836468069 21607698
1776149582858080434 21612365
1776149582879690817 21610383
1776149582901305071 21614254
1776149582922948158 21643087
1776149582944565226 21617068
1776149582966184257 21619031
1776149582987800011 21615754
1776149583009406542 21606531
1776149583031042722 21636180
1776149583052643364 21600642
1776149583074267951 21624587
1776149583095895686 21627735
1776149583117525847 21630161
1776149583139194971 21669124
1776149583160831781 21636810
1776149583182471220 21639439
1776149583204091121 21619901
1776149583225700301 21609180
1776149583247361980 21661679
1776149583268971641 21609661
1776149583290601154 21629513
1776149583312207278 21606124
1776149583333846588 21639310
1776149583355446989 21600401
1776149583377060502 21613513
1776149583398715052 21654550
1776149583420340398 21625346
1776149583441989467 21649069
1776149583463591850 21602383
1776149583485238493 21646643
1776149583506898506 21660013
1776149583528537370 21638864
1776149583550203087 21665717
1776149583571864378 21661291
1776149583593509261 21644883
1776149583615138274 21629013
1776149583636763861 21625587
1776149583658392059 21628198
1776149583680008442 21616383
1776149583701623622 21615180
1776149583723257024 21633402
1776149583744866092 21609068
1776149583766494012 21627920
1776149583788106303 21612291
1776149583809718390 21612087
1776149583831341218 21622828
1776149583852945027 21603809
1776149583874566984 21621957
1776149583896183423 21616439
1776149583917829306 21645883
1776149583939458115 21628809
1776149583961075906 21617791
1776149583982697234 21621328
1776149584004305376 21608142
1776149584025923315 21617939
1776149584047543587 21620272
1776149584069154285 21610698
1776149584090804743 21650458
1776149584112434589 21629846
1776149584134099010 21664421
1776149584155757060 21658050
1776149584177403258 21646198
1776149584199033734 21630476
1776149584220648913 21615179
1776149584242265408 21616495
1776149584263887161 21621753
1776149584285503897 21616736
1776149584307131854 21627957
1776149584328753848 21621994
1776149584350389454 21635606
1776149584371996078 21606624
1776149584393604702 21608624
1776149584415326956 21722254
1776149584437012765 21685809
1776149584458720204 21707439
1776149584480468273 21748069
1776149584502127434 21659161
1776149584523778058 21650624
1776149584545422386 21644328
1776149584567113436 21691050
1776149584588748079 21634643
1776149584610377759 21629680
1776149584632018142 21640383
1776149584653628136 21609994
1776149584675264149 21636013
1776149584696908625 21644476
1776149584718555157 21646532
1776149584740178429 21623272
1776149584761806535 21628106
1776149584783406844 21600309
1776149584805002023 21595179
1776149584826638073 21636050
1776149584848243642 21605569
1776149584869888673 21645031
1776149584891502779 21614106
1776149584913129977 21627198
1776149584934788805 21658828
1776149584956399633 21610828
1776149584978035683 21636050
1776149584999651770 21616087
1776149585021265208 21613438
1776149585042921370 21656162
1776149585064522975 21601605
1776149585086153451 21630476
1776149585107799409 21645958
1776149585129445514 21646105
1776149585151139898 21694384
1776149585172765929 21626031
1776149585194396331 21630402
1776149585216008492 21612161
1776149585237612283 21603791
1776149585259254241 21641958
1776149585280858976 21604735
1776149585302473396 21614420
1776149585324103224 21629828
1776149585345767219 21663995
1776149585367392695 21625476
1776149585389017800 21625105
1776149585410661906 21644106
1776149585432291937 21630031
1776149585453934913 21642976
1776149585475557093 21622180
1776149585497170254 21613161
1776149585518798138 21627884
1776149585540407243 21609105
1776149585562039145 21631902
1776149585583659306 21620161
1776149585605276190 21616884
1776149585626898240 21622050
1776149585648507864 21609624
1776149585670127803 21619939
1776149585691752649 21624846
1776149585713385625 21632976
1776149585735026675 21641050
1776149585756634355 21607680
1776149585778278609 21644254
1776149585799933233 21654624
1776149585821559079 21625846
1776149585843224574 21665495
1776149585864851735 21627161
1776149585886496544 21644809
1776149585908105039 21608495
1776149585929725274 21620235
1776149585951351824 21626550
1776149585972971707 21619883
1776149585994602813 21631106
1776149586016223641 21620828
1776149586037855598 21631957
1776149586059463630 21608032
1776149586081072532 21608902
1776149586102726137 21653605
1776149586124383762 21657625
1776149586146050867 21667105
1776149586167676881 21626014
1776149586189298523 21621642
1776149586210930203 21631680
1776149586232533679 21603476
1776149586254189229 21655550
1776149586275842464 21653235
1776149586297462348 21619884
1776149586319084176 21621828
1776149586340696041 21611865
1776149586362342813 21646772
1776149586384008715 21665902
1776149586405649228 21640513
1776149586427270075 21620847
1776149586448872977 21602902
1776149586470536230 21663253
1776149586492172632 21636402
1776149586513806257 21633625
1776149586535419103 21612846
1776149586557032672 21613569
1776149586578659462 21626790
1776149586600265605 21606143
1776149586621896155 21630550
1776149586643497242 21601087
1776149586665190478 21693236
1776149586686936936 21746458
1776149586708573949 21637013
1776149586730269517 21695568
1776149586751929494 21659977
1776149586773561877 21632383
1776149586795194446 21632569
1776149586816840996 21646550
1776149586838481564 21640568
1776149586860128355 21646791
1776149586881779424 21651069
1776149586903415770 21636346
1776149586925038469 21622699
1776149586946693445 21654976
1776149586968336884 21643439
1776149586990021527 21684643
1776149587011659244 21637717
1776149587033280516 21621272
1776149587054939640 21659124
1776149587076556690 21617050
1776149587098223259 21666569
1776149587119864124 21640865
1776149587141518489 21654365
1776149587163179595 21661106
1776149587184838293 21658698
1776149587206475621 21637328
1776149587228098486 21622865
1776149587249727277 21628791
1776149587271373290 21646013
1776149587293000915 21627625
1776149587314656465 21655550
1776149587336297423 21640958
1776149587357949547 21652124
1776149587379587560 21638013
1776149587401230499 21642939
1776149587422882586 21652087
1776149587444516766 21634180
1776149587466177724 21660958
1776149587487801293 21623569
1776149587509458158 21656865
1776149587531162615 21704457
1776149587552792480 21629865
1776149587574428660 21636180
1776149587596076877 21648217
1776149587617715205 21638328
1776149587639352255 21637050
1776149587660966824 21614569
1776149587682596800 21629976
1776149587704200757 21603957
1776149587725836937 21636180
1776149587747453210 21616273
1776149587769077297 21624087
1776149587790722514 21645217
1776149587812345231 21622717
1776149587833964670 21619439
1776149587855586886 21622216
1776149587877189307 21602421
1776149587898836561 21647254
1776149587920460000 21623439
1776149587942078476 21618476
1776149587963687193 21608717
1776149587985308187 21620994
1776149588006956312 21648125
1776149588028586288 21629976
1776149588050199708 21613420
1776149588071833981 21634273
1776149588093443846 21609865
1776149588115112378 21668532
1776149588136765372 21652994
1776149588158426571 21661199
1776149588180056436 21629865
1776149588201680857 21624421
1776149588223302166 21621309
1776149588244917679 21615513
1776149588266534655 21616976
1776149588288141687 21607032
1776149588309797682 21655995
1776149588331461510 21663828
1776149588353103375 21641865
1776149588374753444 21650069
1776149588396544365 21790921
1776149588418308249 21763884
1776149588439979966 21671717
1776149588461638738 21658772
1776149588483295270 21656532
1776149588504947709 21652439
1776149588526633185 21685476
1776149588548278384 21645199
1776149588569943323 21664939
1776149588591565447 21622124
1776149588613229479 21664032
1776149588634874159 21644680
1776149588656508635 21634476
1776149588678141445 21632810
1776149588699766662 21625217
1776149588721403897 21637235
1776149588743108429 21704532
1776149588764747016 21638587
1776149588786389622 21642606
1776149588808004043 21614421
1776149588829627685 21623642
1776149588851241032 21613347
1776149588872883415 21642383
1776149588894537410 21653995
1776149588916150442 21613032
1776149588937814103 21663661
1776149588959447246 21633143
1776149588981066963 21619717
1776149589002685735 21618772
1776149589024296026 21610291
1776149589045950503 21654477
1776149589067598442 21647939
1776149589089214363 21615921
1776149589110873376 21659013
1776149589132502037 21628661
1776149589154174977 21672940
1776149589175828008 21653031
1776149589197483762 21655754
1776149589219102387 21618625
1776149589240758048 21655661
1776149589262397173 21639125
1776149589284011816 21614643
1776149589305628958 21617142
1776149589327279768 21650810
1776149589348904689 21624921
1776149589370535887 21631198
1776149589392149882 21613995
1776149589413793858 21643976
1776149589435404575 21610717
1776149589457030570 21625995
1776149589478664213 21633643
1776149589500301485 21637272
1776149589522008906 21707421
1776149589543634678 21625772
1776149589565257284 21622606
1776149589586894075 21636791
1776149589608528515 21634440
1776149589630202898 21674383
1776149589651850652 21647754
1776149589673491184 21640532
1776149589695126846 21635662
1776149589716752451 21625605
1776149589738405613 21653162
1776149589760039552 21633939
1776149589781656973 21617421
1776149589803293116 21636143
1776149589824945814 21652698
1776149589846572383 21626569
1776149589868196915 21624532
1776149589889833391 21636476
1776149589911446052 21612661
1776149589933063103 21617051
1776149589954687468 21624365
1776149589976288759 21601291
1776149589997920939 21632180
1776149590019533341 21612402
1776149590041163836 21630495
1776149590062806886 21643050
1776149590084437307 21630421
1776149590106127950 21690643
1776149590127774463 21646513
1776149590149396458 21621995
1776149590171039638 21643180
1776149590192656799 21617161
1776149590214293313 21636514
1776149590235916493 21623180
1776149590257530765 21614272
1776149590279170278 21639513
1776149590300791310 21621032
1776149590322420638 21629328
1776149590344045522 21624884
1776149590365669147 21623625
1776149590387331993 21662846
1776149590408966229 21634236
1776149590430591946 21625717
1776149590452214015 21622069
1776149590473854787 21640772
1776149590495497541 21642754
1776149590517103444 21605903
1776149590538749327 21645883
1776149590560366655 21617328
1776149590582011946 21645291
1776149590603654571 21642625
1776149590625285029 21630458
1776149590646908783 21623754
1776149590668517685 21608902
1776149590690133087 21615402
1776149590711742656 21609569
1776149590733353817 21611161
1776149590754982016 21628199
1776149590776582251 21600235
1776149590798207913 21625662
1776149590819825000 21617087
1776149590841409921 21584921
1776149590863034730 21624809
1776149590884644114 21609384
1776149590906262590 21618476
1776149590927880696 21618106
1776149590949491228 21610532
1776149590971126056 21634828
1776149590992745810 21619754
1776149591014366953 21621143
1776149591035999133 21632180
1776149591057639054 21639921
1776149591079306067 21667013
1776149591100931655 21625588
1776149591122560279 21628624
1776149591144198811 21638532
1776149591165847825 21649014
1776149591187472171 21624346
1776149591209097981 21625810
1776149591230764198 21666217
1776149591252415008 21650810
1776149591274029780 21614772
1776149591295637127 21607347
1776149591317240529 21603402
1776149591338871061 21630532
1776149591360462389 21591328
1776149591382100347 21637958
1776149591403714731 21614384
1776149591425326078 21611347
1776149591446942776 21616698
1776149591468534086 21591310
1776149591490174506 21640420
1776149591511790205 21615699
1776149591533396515 21606310
1776149591555013287 21616772
1776149591576610449 21597162
1776149591598269740 21659291
1776149591619923235 21653495
1776149591641554044 21630809
1776149591663197613 21643569
1776149591684792793 21595180
1776149591706450214 21657421
1776149591728079950 21629736
1776149591749692352 21612402
1776149591771308977 21616625
1776149591792932453 21623476
1776149591814526466 21594013
1776149591836150405 21623939
1776149591857765456 21615051
1776149591879383969 21618513
1776149591900984982 21601013
1776149591922628200 21643218
1776149591944233954 21605754
1776149591965879652 21645698
1776149591987698333 21818681
1776149592009349217 21650884
1776149592030996637 21647420
1776149592052618725 21622088
1776149592074254257 21635532
1776149592095879067 21624810
1776149592117543228 21664161
1776149592139217871 21674643
1776149592160857422 21639551
1776149592182506287 21648865
1776149592204147153 21640866
1776149592225771555 21624402
1776149592247374068 21602513
1776149592268979711 21605643
1776149592290616058 21636347
1776149592312277683 21661625
1776149592333950826 21673143
1776149592355572117 21621291
1776149592377220760 21648643
1776149592398869940 21649180
1776149592420509287 21639347
1776149592442164856 21655569
1776149592463806129 21641273
1776149592485435809 21629680
1776149592507080156 21644347
1776149592528697521 21617365
1776149592550354460 21656939
1776149592571966992 21612532
1776149592593564228 21597236
1776149592615220723 21656495
1776149592636825347 21604624
1776149592658466916 21641569
1776149592680090634 21623718
1776149592701695665 21605031
1776149592723329401 21633736
1776149592744942192 21612791
1776149592766539002 21596810
1776149592788131386 21592384
1776149592809723918 21592532
1776149592831349079 21625161
1776149592852968944 21619865
1776149592874618736 21649792
1776149592896225545 21606809
1776149592917843040 21617495
1776149592939421979 21578939
1776149592961020789 21598810
1776149592982663062 21642273
1776149593004273297 21610235
1776149593025932422 21659125
1776149593047540899 21608477
1776149593069151875 21610976
1776149593090797796 21645921
1776149593112462180 21664384
1776149593134137193 21675013
1776149593155775781 21638588
1776149593177385813 21610032
1776149593199070271 21684458
1776149593220709729 21639458
1776149593242356743 21647014
1776149593264015238 21658495
1776149593285617584 21602346
1776149593307253302 21635718
1776149593328903926 21650624
1776149593350530847 21626921
1776149593372167120 21636273
1776149593393827930 21660810
1776149593415452925 21624995
1776149593437082920 21629995
1776149593458741915 21658995
1776149593480374002 21632087
1776149593501988256 21614254
1776149593523598029 21609773
1776149593545198691 21600662
1776149593566856538 21657847
1776149593588476199 21619661
1776149593610119268 21643069
1776149593631749708 21630440
1776149593653376295 21626587
1776149593675015124 21638829
1776149593696648915 21633791
1776149593718293706 21644791
1776149593739915664 21621958
1776149593761547344 21631680
1776149593783153247 21605903
1776149593804781242 21627995
1776149593826410088 21628846
1776149593848036991 21626903
1776149593869685504 21648513
1776149593891331129 21645625
1776149593912959346 21628217
1776149593934612119 21652773
1776149593956228725 21616606
1776149593977884146 21655421
1776149593999495159 21611013
1776149594021110321 21615162
1776149594042729149 21618828
1776149594064344922 21615773
1776149594085991177 21646255
1776149594107651301 21660124
1776149594129292426 21641125
1776149594150971977 21679551
1776149594172599361 21627384
1776149594194221411 21622050
1776149594215843499 21622088
1776149594237471864 21628365
1776149594259156545 21684681
1776149594280782780 21626235
1776149594302458924 21676144
1776149594324308104 21849180
1776149594345961377 21653273
1776149594367608946 21647569
1776149594389244497 21635551
1776149594411055678 21811181
