1771955876194503538 R2_IDLE_A seconds=60 actions=B_SKELETON
1771955936196509404 SKIP_PROBE_A seconds=60
1771955996198385240 R2_IDLE_B seconds=30 actions=B_SKELETON
1771956026202398522 PROBE_B_START program=low
1771956026205494691 PROBE_B_END program=low
1771956026408407656 PROBE_B_START program=low
1771956026411465528 PROBE_B_END program=low
1771956026614275122 PROBE_B_START program=low
1771956026617393513 PROBE_B_END program=low
1771956026820209459 PROBE_B_START program=low
1771956026823315979 PROBE_B_END program=low
1771956027026043870 PROBE_B_START program=low
1771956027029033798 PROBE_B_END program=low
1771956027231867114 PROBE_B_START program=low
1771956027234886783 PROBE_B_END program=low
1771956027437724136 PROBE_B_START program=low
1771956027440859694 PROBE_B_END program=low
1771956027643644325 PROBE_B_START program=low
1771956027646723271 PROBE_B_END program=low
1771956027849564884 PROBE_B_START program=low
1771956027852668682 PROBE_B_END program=low
1771956028055527721 PROBE_B_START program=low
1771956028058633111 PROBE_B_END program=low
1771956028261495076 PROBE_B_START program=low
1771956028264622800 PROBE_B_END program=low
1771956028467466746 PROBE_B_START program=low
1771956028470540563 PROBE_B_END program=low
1771956028673370731 PROBE_B_START program=low
1771956028676377937 PROBE_B_END program=low
1771956028879195198 PROBE_B_START program=low
1771956028882262773 PROBE_B_END program=low
1771956029085022719 PROBE_B_START program=low
1771956029087970814 PROBE_B_END program=low
1771956029290753352 PROBE_B_START program=low
1771956029293856150 PROBE_B_END program=low
1771956029496730356 PROBE_B_START program=low
1771956029499842839 PROBE_B_END program=low
1771956029702756637 PROBE_B_START program=low
1771956029705816027 PROBE_B_END program=low
1771956029908671140 PROBE_B_START program=low
1771956029911766642 PROBE_B_END program=low
1771956030114546366 PROBE_B_START program=low
1771956030117514701 PROBE_B_END program=low
1771956030320298332 PROBE_B_START program=low
1771956030323349074 PROBE_B_END program=low
1771956030526176039 PROBE_B_START program=low
1771956030529284041 PROBE_B_END program=low
1771956030732124301 PROBE_B_START program=low
1771956030735158192 PROBE_B_END program=low
1771956030937966212 PROBE_B_START program=low
1771956030941156640 PROBE_B_END program=low
1771956031143839586 PROBE_B_START program=low
1771956031146598050 PROBE_B_END program=low
1771956031349324329 PROBE_B_START program=low
1771956031352437701 PROBE_B_END program=low
1771956031555408277 PROBE_B_START program=low
1771956031558457742 PROBE_B_END program=low
1771956031761300817 PROBE_B_START program=low
1771956031764347356 PROBE_B_END program=low
1771956031967202357 PROBE_B_START program=low
1771956031970297637 PROBE_B_END program=low
1771956032172995879 PROBE_B_START program=low
1771956032175813306 PROBE_B_END program=low
1771956032378567919 PROBE_B_START program=low
1771956032381711421 PROBE_B_END program=low
1771956032584558996 PROBE_B_START program=low
1771956032587565942 PROBE_B_END program=low
1771956032790345851 PROBE_B_START program=low
1771956032793462631 PROBE_B_END program=low
1771956032996288428 PROBE_B_START program=low
1771956032999315800 PROBE_B_END program=low
1771956033202050468 PROBE_B_START program=low
1771956033205076970 PROBE_B_END program=low
1771956033408050953 PROBE_B_START program=low
1771956033411517584 PROBE_B_END program=low
1771956033614611456 PROBE_B_START program=low
1771956033617865625 PROBE_B_END program=low
1771956033820910145 PROBE_B_START program=low
1771956033824000757 PROBE_B_END program=low
1771956034026849574 PROBE_B_START program=low
1771956034029947890 PROBE_B_END program=low
1771956034232772391 PROBE_B_START program=low
1771956034235856634 PROBE_B_END program=low
1771956034438700505 PROBE_B_START program=low
1771956034441828563 PROBE_B_END program=low
1771956034644654916 PROBE_B_START program=low
1771956034647792492 PROBE_B_END program=low
1771956034850594067 PROBE_B_START program=low
1771956034853740643 PROBE_B_END program=low
1771956035056567107 PROBE_B_START program=low
1771956035059680831 PROBE_B_END program=low
1771956035262534925 PROBE_B_START program=low
1771956035265691982 PROBE_B_END program=low
1771956035468518965 PROBE_B_START program=low
1771956035471553040 PROBE_B_END program=low
1771956035674365079 PROBE_B_START program=low
1771956035677509784 PROBE_B_END program=low
1771956035880375619 PROBE_B_START program=low
1771956035883399065 PROBE_B_END program=low
1771956036086224122 PROBE_B_START program=low
1771956036089348716 PROBE_B_END program=low
1771956036292126661 PROBE_B_START program=low
1771956036295056496 PROBE_B_END program=low
1771956036497860608 PROBE_B_START program=low
1771956036500994481 PROBE_B_END program=low
1771956036703851593 PROBE_B_START program=low
1771956036706944483 PROBE_B_END program=low
1771956036909764966 PROBE_B_START program=low
1771956036912905116 PROBE_B_END program=low
1771956037115781635 PROBE_B_START program=low
1771956037118739229 PROBE_B_END program=low
1771956037321517990 PROBE_B_START program=low
1771956037324505584 PROBE_B_END program=low
1771956037527416863 PROBE_B_START program=low
1771956037530571161 PROBE_B_END program=low
1771956037733416829 PROBE_B_START program=low
1771956037736491182 PROBE_B_END program=low
1771956037939349572 PROBE_B_START program=low
1771956037942418055 PROBE_B_END program=low
1771956038145226871 PROBE_B_START program=low
1771956038148292539 PROBE_B_END program=low
1771956038351046318 PROBE_B_START program=low
1771956038354002949 PROBE_B_END program=low
1771956038556821487 PROBE_B_START program=low
1771956038560020748 PROBE_B_END program=low
1771956038762893194 PROBE_B_START program=low
1771956038766090640 PROBE_B_END program=low
1771956038969012567 PROBE_B_START program=low
1771956038972239846 PROBE_B_END program=low
1771956039175175347 PROBE_B_START program=low
1771956039178316590 PROBE_B_END program=low
1771956039381141998 PROBE_B_START program=low
1771956039384196333 PROBE_B_END program=low
1771956039587139204 PROBE_B_START program=low
1771956039590281151 PROBE_B_END program=low
1771956039793243318 PROBE_B_START program=low
1771956039796438987 PROBE_B_END program=low
1771956039999414876 PROBE_B_START program=low
1771956040002575360 PROBE_B_END program=low
1771956040205514453 PROBE_B_START program=low
1771956040208697825 PROBE_B_END program=low
1771956040411586085 PROBE_B_START program=low
1771956040414610457 PROBE_B_END program=low
1771956040617480977 PROBE_B_START program=low
1771956040620683738 PROBE_B_END program=low
1771956040823629664 PROBE_B_START program=low
1771956040826794240 PROBE_B_END program=low
1771956041029762575 PROBE_B_START program=low
1771956041032955761 PROBE_B_END program=low
1771956041235866873 PROBE_B_START program=low
1771956041239045912 PROBE_B_END program=low
1771956041441927579 PROBE_B_START program=low
1771956041444963007 PROBE_B_END program=low
1771956041647852841 PROBE_B_START program=low
1771956041651021269 PROBE_B_END program=low
1771956041853922936 PROBE_B_START program=low
1771956041857233549 PROBE_B_END program=low
1771956042060273735 PROBE_B_START program=low
1771956042063613515 PROBE_B_END program=low
1771956042266613515 PROBE_B_START program=low
1771956042269841351 PROBE_B_END program=low
1771956042472754259 PROBE_B_START program=low
1771956042475972779 PROBE_B_END program=low
1771956042678840372 PROBE_B_START program=low
1771956042682020263 PROBE_B_END program=low
1771956042884879115 PROBE_B_START program=low
1771956042888077654 PROBE_B_END program=low
1771956043090962155 PROBE_B_START program=low
1771956043094073564 PROBE_B_END program=low
1771956043296979565 PROBE_B_START program=low
1771956043300161918 PROBE_B_END program=low
1771956043503009715 PROBE_B_START program=low
1771956043505967531 PROBE_B_END program=low
1771956043708862217 PROBE_B_START program=low
1771956043712059515 PROBE_B_END program=low
1771956043914979979 PROBE_B_START program=low
1771956043918143203 PROBE_B_END program=low
1771956044121091648 PROBE_B_START program=low
1771956044124456020 PROBE_B_END program=low
1771956044327471058 PROBE_B_START program=low
1771956044330646337 PROBE_B_END program=low
1771956044533515153 PROBE_B_START program=low
1771956044536601025 PROBE_B_END program=low
1771956044739475507 PROBE_B_START program=low
1771956044742614731 PROBE_B_END program=low
1771956044945554194 PROBE_B_START program=low
1771956044948764085 PROBE_B_END program=low
1771956045151689807 PROBE_B_START program=low
1771956045154846957 PROBE_B_END program=low
1771956045357795439 PROBE_B_START program=low
1771956045360978774 PROBE_B_END program=low
1771956045563905164 PROBE_B_START program=low
1771956045567063388 PROBE_B_END program=low
1771956045769953684 PROBE_B_START program=low
1771956045773166723 PROBE_B_END program=low
1771956045976120113 PROBE_B_START program=low
1771956045979287762 PROBE_B_END program=low
1771956046182255485 PROBE_B_START program=low
1771956046185435413 PROBE_B_END program=low
1771956046388377302 PROBE_B_START program=low
1771956046391560063 PROBE_B_END program=low
1771956046594290489 PROBE_B_START program=low
1771956046597216861 PROBE_B_END program=low
1771956046800103565 PROBE_B_START program=low
1771956046803267048 PROBE_B_END program=low
1771956047006153030 PROBE_B_START program=low
1771956047009334939 PROBE_B_END program=low
1771956047212233421 PROBE_B_START program=low
1771956047215398238 PROBE_B_END program=low
1771956047418349923 PROBE_B_START program=low
1771956047421558962 PROBE_B_END program=low
1771956047624409111 PROBE_B_START program=low
1771956047627391779 PROBE_B_END program=low
1771956047830234594 PROBE_B_START program=low
1771956047833409392 PROBE_B_END program=low
1771956048036365022 PROBE_B_START program=low
1771956048039523042 PROBE_B_END program=low
1771956048242414024 PROBE_B_START program=low
1771956048245567618 PROBE_B_END program=low
1771956048448433841 PROBE_B_START program=low
1771956048451621731 PROBE_B_END program=low
1771956048654366861 PROBE_B_START program=low
1771956048657246233 PROBE_B_END program=low
1771956048860002474 PROBE_B_START program=low
1771956048863191438 PROBE_B_END program=low
1771956049066082735 PROBE_B_START program=low
1771956049069247644 PROBE_B_END program=low
1771956049272179107 PROBE_B_START program=low
1771956049275352313 PROBE_B_END program=low
1771956049478286535 PROBE_B_START program=low
1771956049481480648 PROBE_B_END program=low
1771956049684343278 PROBE_B_START program=low
1771956049687339483 PROBE_B_END program=low
1771956049890165594 PROBE_B_START program=low
1771956049893340985 PROBE_B_END program=low
1771956050096248207 PROBE_B_START program=low
1771956050099407042 PROBE_B_END program=low
1771956050302372968 PROBE_B_START program=low
1771956050305844007 PROBE_B_END program=low
1771956050508830526 PROBE_B_START program=low
1771956050512243139 PROBE_B_END program=low
1771956050714830009 PROBE_B_START program=low
1771956050717629233 PROBE_B_END program=low
1771956050920345955 PROBE_B_START program=low
1771956050923358364 PROBE_B_END program=low
1771956051126120679 PROBE_B_START program=low
1771956051129089662 PROBE_B_END program=low
1771956051331907236 PROBE_B_START program=low
1771956051334851201 PROBE_B_END program=low
1771956051537605960 PROBE_B_START program=low
1771956051540649073 PROBE_B_END program=low
1771956051743362313 PROBE_B_START program=low
1771956051746175537 PROBE_B_END program=low
1771956051948886592 PROBE_B_START program=low
1771956051951957353 PROBE_B_END program=low
1771956052154724020 PROBE_B_START program=low
1771956052157825837 PROBE_B_END program=low
1771956052360670022 PROBE_B_START program=low
1771956052363716653 PROBE_B_END program=low
1771956052566470931 PROBE_B_START program=low
1771956052569571747 PROBE_B_END program=low
1771956052772236043 PROBE_B_START program=low
1771956052774910841 PROBE_B_END program=low
1771956052977657600 PROBE_B_START program=low
1771956052980764454 PROBE_B_END program=low
1771956053183617064 PROBE_B_START program=low
1771956053186671270 PROBE_B_END program=low
1771956053389473066 PROBE_B_START program=low
1771956053392593457 PROBE_B_END program=low
1771956053595413105 PROBE_B_START program=low
1771956053598420828 PROBE_B_END program=low
1771956053801146624 PROBE_B_START program=low
1771956053804061441 PROBE_B_END program=low
1771956054006832404 PROBE_B_START program=low
1771956054009927257 PROBE_B_END program=low
1771956054212712201 PROBE_B_START program=low
1771956054215763555 PROBE_B_END program=low
1771956054418566703 PROBE_B_START program=low
1771956054421713704 PROBE_B_END program=low
1771956054624559574 PROBE_B_START program=low
1771956054627597965 PROBE_B_END program=low
1771956054830241983 PROBE_B_START program=low
1771956054833121133 PROBE_B_END program=low
1771956055035841966 PROBE_B_START program=low
1771956055038975764 PROBE_B_END program=low
1771956055241926264 PROBE_B_START program=low
1771956055245141321 PROBE_B_END program=low
1771956055448088228 PROBE_B_START program=low
1771956055451292915 PROBE_B_END program=low
1771956055654237507 PROBE_B_START program=low
1771956055657496750 PROBE_B_END program=low
1771956055860261583 PROBE_B_START program=low
1771956055863174029 PROBE_B_END program=low
1771956056065985732 PROBE_B_START program=low
1771956056069164141 PROBE_B_END program=low
1771956056272125734 PROBE_B_START program=low
1771956056275315902 PROBE_B_END program=low
1771956056478213772 PROBE_B_START program=low
1771956056481421940 PROBE_B_END program=low
1771956056684327773 PROBE_B_START program=low
1771956056687542627 PROBE_B_END program=low
1771956056890408719 PROBE_B_START program=low
1771956056893487165 PROBE_B_END program=low
1771956057096369387 PROBE_B_START program=low
1771956057099570204 PROBE_B_END program=low
1771956057302498870 PROBE_B_START program=low
1771956057305716946 PROBE_B_END program=low
1771956057508597371 PROBE_B_START program=low
1771956057511744206 PROBE_B_END program=low
1771956057714672484 PROBE_B_START program=low
1771956057717864763 PROBE_B_END program=low
1771956057920737448 PROBE_B_START program=low
1771956057923824579 PROBE_B_END program=low
1771956058126664967 PROBE_B_START program=low
1771956058129866858 PROBE_B_END program=low
1771956058332889858 PROBE_B_START program=low
1771956058336112693 PROBE_B_END program=low
1771956058539037285 PROBE_B_START program=low
1771956058542172787 PROBE_B_END program=low
1771956058745083193 PROBE_B_START program=low
1771956058748319121 PROBE_B_END program=low
1771956058951409621 PROBE_B_START program=low
1771956058954552808 PROBE_B_END program=low
1771956059157706085 PROBE_B_START program=low
1771956059161192772 PROBE_B_END program=low
1771956059364507068 PROBE_B_START program=low
1771956059367662070 PROBE_B_END program=low
1771956059570511106 PROBE_B_START program=low
1771956059573662200 PROBE_B_END program=low
1771956059776576644 PROBE_B_START program=low
1771956059779739683 PROBE_B_END program=low
1771956059982525516 PROBE_B_START program=low
1771956059985407758 PROBE_B_END program=low
1771956060188244331 PROBE_B_START program=low
1771956060191563500 PROBE_B_END program=low
1771956060394429018 PROBE_B_START program=low
1771956060397587927 PROBE_B_END program=low
1771956060600458722 PROBE_B_START program=low
1771956060603550280 PROBE_B_END program=low
1771956060806377372 PROBE_B_START program=low
1771956060809523429 PROBE_B_END program=low
1771956061012245798 PROBE_B_START program=low
1771956061015014633 PROBE_B_END program=low
1771956061217780855 PROBE_B_START program=low
1771956061220908393 PROBE_B_END program=low
1771956061423717170 PROBE_B_START program=low
1771956061426747672 PROBE_B_END program=low
1771956061629572227 PROBE_B_START program=low
1771956061632703229 PROBE_B_END program=low
1771956061835580468 PROBE_B_START program=low
1771956061838635248 PROBE_B_END program=low
1771956062041381803 PROBE_B_START program=low
1771956062044368860 PROBE_B_END program=low
1771956062247214470 PROBE_B_START program=low
1771956062250261212 PROBE_B_END program=low
1771956062453050508 PROBE_B_START program=low
1771956062456116065 PROBE_B_END program=low
1771956062658961101 PROBE_B_START program=low
1771956062661998047 PROBE_B_END program=low
1771956062864811676 PROBE_B_START program=low
1771956062868002400 PROBE_B_END program=low
1771956063070800140 PROBE_B_START program=low
1771956063073675049 PROBE_B_END program=low
1771956063276556770 PROBE_B_START program=low
1771956063279798328 PROBE_B_END program=low
1771956063482806975 PROBE_B_START program=low
1771956063485973495 PROBE_B_END program=low
1771956063688837828 PROBE_B_START program=low
1771956063692013644 PROBE_B_END program=low
1771956063894905236 PROBE_B_START program=low
1771956063898097700 PROBE_B_END program=low
1771956064100767940 PROBE_B_START program=low
1771956064103723331 PROBE_B_END program=low
1771956064306576089 PROBE_B_START program=low
1771956064309741461 PROBE_B_END program=low
1771956064512660164 PROBE_B_START program=low
1771956064515875814 PROBE_B_END program=low
1771956064718759202 PROBE_B_START program=low
1771956064721901814 PROBE_B_END program=low
1771956064924779054 PROBE_B_START program=low
1771956064927858185 PROBE_B_END program=low
1771956065130651925 PROBE_B_START program=low
1771956065133608797 PROBE_B_END program=low
1771956065336506648 PROBE_B_START program=low
1771956065339659502 PROBE_B_END program=low
1771956065542525723 PROBE_B_START program=low
1771956065545666447 PROBE_B_END program=low
1771956065748512260 PROBE_B_START program=low
1771956065751532910 PROBE_B_END program=low
1771956065954367761 PROBE_B_START program=low
1771956065957497892 PROBE_B_END program=low
1771956066160311447 PROBE_B_START program=low
1771956066163305374 PROBE_B_END program=low
1771956066366003614 PROBE_B_START program=low
1771956066369037541 PROBE_B_END program=low
1771956066571813429 PROBE_B_START program=low
1771956066574846616 PROBE_B_END program=low
1771956066777659041 PROBE_B_START program=low
1771956066780758579 PROBE_B_END program=low
1771956066983602189 PROBE_B_START program=low
1771956066986691506 PROBE_B_END program=low
1771956067189585968 PROBE_B_START program=low
1771956067192879636 PROBE_B_END program=low
1771956067395907857 PROBE_B_START program=low
1771956067399008840 PROBE_B_END program=low
1771956067601953543 PROBE_B_START program=low
1771956067605106582 PROBE_B_END program=low
1771956067807934969 PROBE_B_START program=low
1771956067811329934 PROBE_B_END program=low
1771956068014330692 PROBE_B_START program=low
1771956068017637750 PROBE_B_END program=low
1771956068220565841 PROBE_B_START program=low
1771956068223399694 PROBE_B_END program=low
1771956068426140212 PROBE_B_START program=low
1771956068429228324 PROBE_B_END program=low
1771956068632034434 PROBE_B_START program=low
1771956068635118862 PROBE_B_END program=low
1771956068837912805 PROBE_B_START program=low
1771956068841024233 PROBE_B_END program=low
1771956069043839787 PROBE_B_START program=low
1771956069046939992 PROBE_B_END program=low
1771956069249688824 PROBE_B_START program=low
1771956069252661400 PROBE_B_END program=low
1771956069455452713 PROBE_B_START program=low
1771956069458506511 PROBE_B_END program=low
1771956069661301973 PROBE_B_START program=low
1771956069664415104 PROBE_B_END program=low
1771956069867261917 PROBE_B_START program=low
1771956069870366567 PROBE_B_END program=low
1771956070073190325 PROBE_B_START program=low
1771956070076312012 PROBE_B_END program=low
1771956070278982603 PROBE_B_START program=low
1771956070281763512 PROBE_B_END program=low
1771956070484493251 PROBE_B_START program=low
1771956070487583216 PROBE_B_END program=low
1771956070690370937 PROBE_B_START program=low
1771956070693449124 PROBE_B_END program=low
1771956070896281678 PROBE_B_START program=low
1771956070899317235 PROBE_B_END program=low
1771956071102130789 PROBE_B_START program=low
1771956071105216142 PROBE_B_END program=low
1771956071307862456 PROBE_B_START program=low
1771956071310568568 PROBE_B_END program=low
1771956071513317845 PROBE_B_START program=low
1771956071516331716 PROBE_B_END program=low
1771956071719161752 PROBE_B_START program=low
1771956071722201828 PROBE_B_END program=low
1771956071924968548 PROBE_B_START program=low
1771956071928011809 PROBE_B_END program=low
1771956072130837604 PROBE_B_START program=low
1771956072133919958 PROBE_B_END program=low
1771956072336579308 PROBE_B_START program=low
1771956072339368050 PROBE_B_END program=low
1771956072542107197 PROBE_B_START program=low
1771956072545243106 PROBE_B_END program=low
1771956072748066160 PROBE_B_START program=low
1771956072751086235 PROBE_B_END program=low
1771956072953897400 PROBE_B_START program=low
1771956072957008161 PROBE_B_END program=low
1771956073159790141 PROBE_B_START program=low
1771956073162827921 PROBE_B_END program=low
1771956073365652271 PROBE_B_START program=low
1771956073368619587 PROBE_B_END program=low
1771956073571452789 PROBE_B_START program=low
1771956073574499661 PROBE_B_END program=low
1771956073777296289 PROBE_B_START program=low
1771956073780380106 PROBE_B_END program=low
1771956073983200030 PROBE_B_START program=low
1771956073986272087 PROBE_B_END program=low
1771956074189072252 PROBE_B_START program=low
1771956074192134383 PROBE_B_END program=low
1771956074395098956 PROBE_B_START program=low
1771956074398181606 PROBE_B_END program=low
1771956074600990956 PROBE_B_START program=low
1771956074604104143 PROBE_B_END program=low
1771956074806944919 PROBE_B_START program=low
1771956074810022883 PROBE_B_END program=low
1771956075012809993 PROBE_B_START program=low
1771956075015874272 PROBE_B_END program=low
1771956075218975715 PROBE_B_START program=low
1771956075222421902 PROBE_B_END program=low
1771956075425335789 PROBE_B_START program=low
1771956075428455920 PROBE_B_END program=low
1771956075631337159 PROBE_B_START program=low
1771956075634426439 PROBE_B_END program=low
1771956075837240585 PROBE_B_START program=low
1771956075840381031 PROBE_B_END program=low
1771956076043240826 PROBE_B_START program=low
1771956076046312105 PROBE_B_END program=low
1771956076249109529 PROBE_B_START program=low
1771956076252190105 PROBE_B_END program=low
1771956076455125603 PROBE_B_START program=low
1771956076458177846 PROBE_B_END program=low
1771956076660987696 PROBE_B_START program=low
1771956076664242216 PROBE_B_END program=low
1771956076867278529 PROBE_B_START program=low
1771956076870567105 PROBE_B_END program=low
1771956077073506807 PROBE_B_START program=low
1771956077076619790 PROBE_B_END program=low
1771956077279398269 PROBE_B_START program=low
1771956077282391790 PROBE_B_END program=low
1771956077484992899 PROBE_B_START program=low
1771956077487824956 PROBE_B_END program=low
1771956077690536639 PROBE_B_START program=low
1771956077693634437 PROBE_B_END program=low
1771956077896448176 PROBE_B_START program=low
1771956077899535881 PROBE_B_END program=low
1771956078102325435 PROBE_B_START program=low
1771956078105418084 PROBE_B_END program=low
1771956078308278731 PROBE_B_START program=low
1771956078311309732 PROBE_B_END program=low
1771956078514038137 PROBE_B_START program=low
1771956078516979546 PROBE_B_END program=low
1771956078719676989 PROBE_B_START program=low
1771956078722738509 PROBE_B_END program=low
1771956078925503377 PROBE_B_START program=low
1771956078928550101 PROBE_B_END program=low
1771956079131406229 PROBE_B_START program=low
1771956079134447305 PROBE_B_END program=low
1771956079337288506 PROBE_B_START program=low
1771956079340301304 PROBE_B_END program=low
1771956079543183654 PROBE_B_START program=low
1771956079546170489 PROBE_B_END program=low
1771956079748902598 PROBE_B_START program=low
1771956079752036544 PROBE_B_END program=low
1771956079954817931 PROBE_B_START program=low
1771956079957952210 PROBE_B_END program=low
1771956080160830079 PROBE_B_START program=low
1771956080164018728 PROBE_B_END program=low
1771956080366978893 PROBE_B_START program=low
1771956080370123043 PROBE_B_END program=low
1771956080573056467 PROBE_B_START program=low
1771956080576101431 PROBE_B_END program=low
1771956080778958670 PROBE_B_START program=low
1771956080782116949 PROBE_B_END program=low
1771956080985049206 PROBE_B_START program=low
1771956080988265319 PROBE_B_END program=low
1771956081191196280 PROBE_B_START program=low
1771956081194351726 PROBE_B_END program=low
1771956081397258206 PROBE_B_START program=low
1771956081400475429 PROBE_B_END program=low
1771956081603476168 PROBE_B_START program=low
1771956081606666466 PROBE_B_END program=low
1771956081809579464 PROBE_B_START program=low
1771956081812789669 PROBE_B_END program=low
1771956082015757760 PROBE_B_START program=low
1771956082018910521 PROBE_B_END program=low
1771956082221822148 PROBE_B_START program=low
1771956082224961094 PROBE_B_END program=low
1771956082427878740 PROBE_B_START program=low
1771956082431016557 PROBE_B_END program=low
1771956082633976406 PROBE_B_START program=low
1771956082637209278 PROBE_B_END program=low
1771956082840116165 PROBE_B_START program=low
1771956082843320426 PROBE_B_END program=low
1771956083046270702 PROBE_B_START program=low
1771956083049419685 PROBE_B_END program=low
1771956083252410664 PROBE_B_START program=low
1771956083255611740 PROBE_B_END program=low
1771956083458516404 PROBE_B_START program=low
1771956083461693943 PROBE_B_END program=low
1771956083664674700 PROBE_B_START program=low
1771956083667859628 PROBE_B_END program=low
1771956083870807366 PROBE_B_START program=low
1771956083873970349 PROBE_B_END program=low
1771956084076878032 PROBE_B_START program=low
1771956084080099386 PROBE_B_END program=low
1771956084283026272 PROBE_B_START program=low
1771956084286161885 PROBE_B_END program=low
1771956084489112086 PROBE_B_START program=low
1771956084492316625 PROBE_B_END program=low
1771956084695343900 PROBE_B_START program=low
1771956084698517921 PROBE_B_END program=low
1771956084901455381 PROBE_B_START program=low
1771956084904669383 PROBE_B_END program=low
1771956085107670862 PROBE_B_START program=low
1771956085111061123 PROBE_B_END program=low
1771956085314075176 PROBE_B_START program=low
1771956085317594567 PROBE_B_END program=low
1771956085520619528 PROBE_B_START program=low
1771956085523840215 PROBE_B_END program=low
1771956085726703342 PROBE_B_START program=low
1771956085729720992 PROBE_B_END program=low
1771956085932588896 PROBE_B_START program=low
1771956085935779454 PROBE_B_END program=low
1771956086138696914 R2_IDLE_C seconds=30 actions=B_SKELETON
1771956116140680119 SKIP_PROBE_C seconds=60
