1773129194125407071 103123079
1773129194227266330 101859259
1773129194329113367 101847037
1773129194430903274 101789907
1773129194532734107 101830833
1773129194634502439 101768332
1773129194736292439 101790000
1773129194838065809 101773370
1773129194939866790 101800981
1773129195041684586 101817796
1773129195143495716 101811130
1773129195245278457 101782741
1773129195347040105 101761648
1773129195448812975 101772870
1773129195550583383 101770408
1773129195652362364 101778981
1773129195754125364 101763000
1773129195855918013 101792649
1773129195957670476 101752463
1773129196059495402 101824926
1773129196161260644 101765242
1773129196262960996 101700352
1773129196364672552 101711556
1773129196466371404 101698852
1773129196568075146 101703742
1773129196669774554 101699408
1773129196771464498 101689944
1773129196873144147 101679649
1773129196974912555 101768408
1773129197076709371 101796816
1773129197178446558 101737187
1773129197280174207 101727649
1773129197381872116 101697909
1773129197483579450 101707334
1773129197585309711 101730261
1773129197687061008 101751297
1773129197788857528 101796520
1773129197890677919 101820391
1773129197992466809 101788890
1773129198094284682 101817873
1773129198196038962 101754280
1773129198297741297 101702335
1773129198399488910 101747613
1773129198501224060 101735150
1773129198602942747 101718687
1773129198704673934 101731187
1773129198806438085 101764151
1773129198908188920 101750835
1773129199009893033 101704113
1773129199111688776 101795743
1773129199213483890 101795114
1773129199315212893 101729003
1773129199416940284 101727391
1773129199518630731 101690447
1773129199620381419 101750688
1773129199722130940 101749521
1773129199823848906 101717966
1773129199925545668 101696762
1773129200027225022 101679354
1773129200129014581 101789559
1773129200230736510 101721929
1773129200332432272 101695762
1773129200434114386 101682114
1773129200535820667 101706281
1773129200637495392 101674725
1773129200739184007 101688615
1773129200840905621 101721614
1773129200942580902 101675281
1773129201044485461 101904559
1773129201146417633 101932172
1773129201248195044 101777411
1773129201349935011 101739967
1773129201451643811 101708800
1773129201553360130 101716319
1773129201655072893 101712763
1773129201756788933 101716040
1773129201858496586 101707653
1773129201960258201 101761615
1773129202062069557 101811356
1773129202163801691 101732134
1773129202265517233 101715542
1773129202367236848 101719615
1773129202468943964 101707116
1773129202570639931 101695967
1773129202672347547 101707616
1773129202774060014 101712467
1773129202875758556 101698542
1773129202977439782 101681226
1773129203079199491 101759709
1773129203180926866 101727375
1773129203282615982 101689116
1773129203384350006 101734024
1773129203486029678 101679672
1773129203587740534 101710856
1773129203689434410 101693876
1773129203791240323 101805913
1773129203893032439 101792116
1773129203994742296 101709857
1773129204096577154 101834858
1773129204200804559 104227405
1773129204302634176 101829617
1773129204404541961 101907785
1773129204506851302 102309341
1773129204608702938 101851636
1773129204712496841 103793903
1773129204814539700 102042859
1773129204916536170 101996470
1773129205018542103 102005933
1773129205120716222 102174119
1773129205222500506 101784284
1773129205324442106 101941600
1773129205439452389 115010283
1773129205542160177 102707788
1773129205643940202 101780025
1773129205746254729 102314527
1773129205848366311 102111582
1773129205950643283 102276972
1773129206053124200 102480917
1773129206155170190 102045990
1773129206257110550 101940360
1773129206358860427 101749877
1773129206460694546 101834119
1773129206568813431 108118885
1773129206670792364 101978933
1773129206772625779 101833415
1773129206874442620 101816841
1773129206976246127 101803507
1773129207078196932 101950805
1773129207180072366 101875434
1773129207281945800 101873434
1773129207383952365 102006565
1773129207486330745 102378380
1773129207588179679 101848934
1773129207690113577 101933898
1773129207792064974 101951397
1773129207893901130 101836156
1773129207995833842 101932712
1773129208097919463 102085621
1773129208200656846 102737383
1773129208302545781 101888935
1773129208404247900 101702119
1773129208506402317 102154417
1773129208608289271 101886954
1773129208710281299 101992028
1773129208812242882 101961583
1773129208914382632 102139750
1773129209016295938 101913306
1773129209118076651 101780713
1773129209219924808 101848157
1773129209321786262 101861454
1773129209423596327 101810065
1773129209525437262 101840935
1773129209627236678 101799416
1773129209729048317 101811639
1773129209831406162 102357845
1773129209933203430 101797268
1773129210034992236 101788806
1773129210136910302 101918066
1773129210238953016 102042714
1773129210340828359 101875343
1773129210442679406 101851047
1773129210544728602 102049196
1773129210646568001 101839399
1773129210748343566 101775565
1773129210850190428 101846862
1773129210952146198 101955770
1773129211054049616 101903418
1773129211156012478 101962862
1773129211257913434 101900956
1773129211442416209 184502775
1773129211544194794 101778585
1773129211772735565 228540771
1773129211874579298 101843733
1773129211976545586 101966288
1773129212078760469 102214883
1773129212181127890 102367421
1773129212283088179 101960289
1773129212384903172 101814993
1773129212486721368 101818196
1773129212589589198 102867830
1773129212691537191 101947993
1773129212793432665 101895474
1773129212895388195 101955530
1773129212997819375 102431180
1773129213099624368 101804993
1773129213201952234 102327866
1773129213304264470 102312236
1773129213406254889 101990419
1773129213508258013 102003124
1773129213610095580 101837567
1773129213711903629 101808049
1773129213813775955 101872326
1773129213916008598 102232643
1773129214017813888 101805290
1773129214119702696 101888808
1773129214221391393 101688697
1773129214323045886 101654493
1773129214424776417 101730531
1773129214526492095 101715678
1773129214628256181 101764086
1773129214730007156 101750975
1773129214831727538 101720382
1773129214933407790 101680252
1773129215035114450 101706660
1773129215136921259 101806809
1773129215238643642 101722383
1773129215340341784 101698142
1773129215442020333 101678549
1773129215543693586 101673253
1773129215645416265 101722679
1773129215747116147 101699882
1773129215848919956 101803809
1773129215950668154 101748198
1773129216052673630 102005476
1773129216154606033 101932403
1773129216256250509 101644476
1773129216357893706 101643197
1773129216459590312 101696606
1773129216561265547 101675235
1773129216662975671 101710124
1773129216764716776 101741105
1773129216866409548 101692772
1773129216968152524 101742976
1773129217069887464 101734940
1773129217171682255 101794791
1773129217273399935 101717680
1773129217375118338 101718403
1773129217476843073 101724735
1773129217578536013 101692940
1773129217680276230 101740217
1773129217782006632 101730402
1773129217883690609 101683977
1773129217985397955 101707346
1773129218087071636 101673681
1773129218188901428 101829792
1773129218290631998 101730570
1773129218392332475 101700477
1773129218494018470 101685995
1773129218595813244 101794774
1773129218697546332 101733088
1773129218799249457 101703125
1773129218900934489 101685032
1773129219002611781 101677292
1773129219104433222 101821441
1773129219206214792 101781570
1773129219307976437 101761645
1773129219409690470 101714033
1773129219511439485 101749015
1773129219613225425 101785940
1773129219714984236 101758811
1773129219816806677 101822441
1773129219918580192 101773515
1773129220020338800 101758608
1773129220122191723 101852923
1773129220223972738 101781015
1773129220325706864 101734126
1773129220427410176 101703312
1773129220529144358 101734182
1773129220630945484 101801126
1773129220732824519 101879035
1773129220834550608 101726089
1773129220936284956 101734348
1773129221038010583 101725627
1773129221139856784 101846201
1773129221241645152 101788368
1773129221343388816 101743664
1773129221445167202 101778386
1773129221546916422 101749220
1773129221648677919 101761497
1773129221750465916 101787997
1773129221852280673 101814757
1773129221954070837 101790164
1773129222056216188 102145351
1773129222158122131 101905943
1773129222259813629 101691498
1773129222361469645 101656016
1773129222463197235 101727590
1773129222564969048 101771813
1773129222666728768 101759720
1773129222768484729 101755961
1773129222870289764 101805035
1773129222972047725 101757961
1773129223073797427 101749702
1773129223175655944 101858517
1773129223277475702 101819758
1773129223379257238 101781536
1773129223480991421 101734183
1773129223582726623 101735202
1773129223684477159 101750536
1773129223786197231 101720072
1773129223887947156 101749925
1773129223989716339 101769183
1773129224091625691 101909352
1773129224193464523 101838832
1773129224295314023 101849500
1773129224397190541 101876518
1773129224499342356 102151815
1773129224601405653 102063297
1773129224703239374 101833721
1773129224805079133 101839759
1773129224906919725 101840592
1773129225008766242 101846517
1773129225110582409 101816167
1773129225212471076 101888667
1773129225314456613 101985537
1773129225416409984 101953371
1773129225518403003 101993019
1773129225620122298 101719295
1773129225721901909 101779611
1773129225823786168 101884259
1773129225925695743 101909575
1773129226027532261 101836518
1773129226129472058 101939797
1773129226231494652 102022594
1773129226333311578 101816926
1773129226435170208 101858630
1773129226536972745 101802537
1773129226638796524 101823779
1773129226740603264 101806740
1773129226842370524 101767260
1773129226944207895 101837371
1773129227046113747 101905852
1773129227148202694 102088947
1773129227249878231 101675537
1773129227351564472 101686241
1773129227453363195 101798723
1773129227555173547 101810352
1773129227657049308 101875761
1773129227758937901 101888593
1773129227860933681 101995780
1773129227962978775 102045094
1773129228066648506 103669731
1773129228169145881 102497375
1773129228270870678 101724797
1773129228372667161 101796483
1773129228474525310 101858149
1773129228576370719 101845409
1773129228678195646 101824927
1773129228780041278 101845632
1773129228881848964 101807686
1773129228983638447 101789483
1773129229085570356 101931909
1773129229187371266 101800910
1773129229289108674 101737408
1773129229390939695 101831021
1773129229492729956 101790261
1773129229594998515 102268559
1773129229696933573 101935058
1773129229798831705 101898132
1773129229900633096 101801391
1773129230002441468 101808372
1773129230104326989 101885521
1773129230206104732 101777743
1773129230307990271 101885539
1773129230409876830 101886559
1773129230511633702 101756872
1773129230613541705 101908003
1773129230715330485 101788780
1773129230817307099 101976614
1773129230919155694 101848595
1773129231021173679 102017985
1773129231123173312 101999633
1773129231225159612 101986300
1773129231327276709 102117097
1773129231429133397 101856688
1773129231530885400 101752003
1773129231632661791 101776391
1773129231734452664 101790873
1773129231836317686 101865022
1773129231938147337 101829651
1773129232039863469 101716132
1773129232142002511 102139042
1773129232244214775 102212264
1773129232346170650 101955875
1773129232448132172 101961522
1773129232550081935 101949763
1773129232652151310 102069375
1773129232753835387 101684077
1773129232855657205 101821818
1773129232957574802 101917597
1773129233059624510 102049708
1773129233161609533 101985023
1773129233263389111 101779578
1773129233365221652 101832541
1773129233467003285 101781633
1773129233568952715 101949430
1773129233670782812 101830097
1773129233772651631 101868819
1773129233874488357 101836726
1773129233976271139 101782782
1773129234078164569 101893430
1773129234179816851 101652282
1773129234281414150 101597299
1773129234383134803 101720653
1773129234484897158 101762355
1773129234586659107 101761949
1773129234688394852 101735745
1773129234790089652 101694800
1773129234891799248 101709596
1773129234993532475 101733227
1773129235095232571 101700096
1773129235197056613 101824042
1773129235298797655 101741042
1773129235400565826 101768171
1773129235502284923 101719097
1773129235604028872 101743949
1773129235705780247 101751375
1773129235807507863 101727616
1773129235909241534 101733671
1773129236010935446 101693912
1773129236112696692 101761246
1773129236214548160 101851468
1773129236316349888 101801728
1773129236418079448 101729560
1773129236519834731 101755283
1773129236621550736 101716005
1773129236723247130 101696394
1773129236824973357 101726227
1773129236926662436 101689079
1773129237028383811 101721375
1773129237130174132 101790321
1773129237232020101 101845969
1773129237333776847 101756746
1773129237435515741 101738894
1773129237537477581 101961840
1773129237639370458 101892877
1773129237741444502 102074044
1773129237843492583 102048081
1773129237945297885 101805302
1773129238046907779 101609894
1773129238148708507 101800728
1773129238250588458 101879951
1773129238352423853 101835395
1773129238454179674 101755821
1773129238555941588 101761914
1773129238657703538 101761950
1773129238759515730 101812192
1773129238861327069 101811339
1773129238963088613 101761544
1773129239064815878 101727265
1773129239166627255 101811377
1773129239268381928 101754673
1773129239370122472 101740544
1773129239471861090 101738618
1773129239573547448 101686358
1773129239675258084 101710636
1773129239777064035 101805951
1773129239878819227 101755192
1773129239980525548 101706321
1773129240082483130 101957582
1773129240184142044 101658914
1773129240285780050 101638006
1773129240387516242 101736192
1773129240489248027 101731785
1773129240590986719 101738692
1773129240692782430 101795711
1773129240794508307 101725877
1773129240896216166 101707859
1773129240997901173 101685007
1773129241099595717 101694544
1773129241201354928 101759211
1773129241303115380 101760452
1773129241404840795 101725415
1773129241506546154 101705359
1773129241608277383 101731229
1773129241710036650 101759267
1773129241811781435 101744785
1773129241913470387 101688952
1773129242015176191 101705804
1773129242116881143 101704952
1773129242218655040 101773897
1773129242320401288 101746248
1773129242422089074 101687786
1773129242523823619 101734545
1773129242625514126 101690507
1773129242727195856 101681730
1773129242828900457 101704601
1773129242930589983 101689526
1773129243032305620 101715637
1773129243134094055 101788435
1773129243235884989 101790934
1773129243337610960 101725971
1773129243439309154 101698194
1773129243541019458 101710304
1773129243642734967 101715509
1773129243744434660 101699693
1773129243846139242 101704582
1773129243947866306 101727064
1773129244049549055 101682749
