1778936167396853526 A_C1_BASELINE_START
1778936227398663466 A_C1_BASELINE_END
1778936227399553043 A_C1_INTERVENTION_START
1778936237401308318 A_C1_INTERVENTION_END
1778936237402189191 A_C1_RECOVERY_R1_START
1778936297403847780 A_C1_RECOVERY_R1_END
1778936297404755597 A_C1_RECOVERY_R2_START
1778936357406885470 A_C1_RECOVERY_R2_END
1778936357407628620 A_C1_POSTBASELINE_START
1778936417409452192 A_C1_POSTBASELINE_END
1778936417412465607 A_C2_BASELINE_START
1778936477414158997 A_C2_BASELINE_END
1778936477415055499 A_C2_INTERVENTION_START
1778936487416751090 A_C2_INTERVENTION_END
1778936487417637611 A_C2_RECOVERY_R1_START
1778936547419281240 A_C2_RECOVERY_R1_END
1778936547420154945 A_C2_RECOVERY_R2_START
1778936607421970440 A_C2_RECOVERY_R2_END
1778936607422606941 A_C2_POSTBASELINE_START
1778936667424080809 A_C2_POSTBASELINE_END
1778936667426989594 A_C3_BASELINE_START
1778936727428705088 A_C3_BASELINE_END
1778936727429674701 A_C3_INTERVENTION_START
1778936737431517277 A_C3_INTERVENTION_END
1778936737432419760 A_C3_RECOVERY_R1_START
1778936797434172485 A_C3_RECOVERY_R1_END
1778936797435221098 A_C3_RECOVERY_R2_START
1778936857437371579 A_C3_RECOVERY_R2_END
1778936857438128026 A_C3_POSTBASELINE_START
1778936917439713258 A_C3_POSTBASELINE_END
