1776931265138404558 12213074
1776931265150261557 11856999
1776931265161970538 11708981
1776931265173427667 11457129
1776931265185151481 11723814
1776931265196928628 11777147
1776931265208390368 11461740
1776931265219893126 11502758
1776931265231332218 11439092
1776931265243317032 11984814
1776931265254943902 11626870
1776931265266457030 11513128
1776931265278066770 11609740
1776931265289635251 11568481
1776931265301452547 11817296
1776931265313290750 11838203
1776931265324917749 11626999
1776931265336535433 11617684
1776931265348116988 11581555
1776931265359847913 11730925
1776931265371504616 11656703
1776931265383092615 11587999
1776931265394640410 11547795
1776931265406209687 11569277
1776931265417898983 11689296
1776931265429509297 11610314
1776931265441090759 11581462
1776931265452664591 11573832
1776931265464268979 11604388
1776931265475953275 11684296
1776931265487536126 11582851
1776931265499115847 11579721
1776931265510681772 11565925
1776931265522244271 11562499
1776931265534143345 11899074
1776931265545726233 11582888
1776931265557326473 11600240
1776931265568946101 11619628
1776931265580875305 11929204
1776931265592839749 11964444
1776931265604477063 11637314
1776931265616093303 11616240
1776931265627726080 11632777
1776931265639615450 11889370
1776931265651537801 11922351
1776931265663164152 11626351
1776931265674775614 11611462
1776931265686357910 11582296
1776931265698148613 11790703
1776931265709941594 11792981
1776931265721532482 11590888
1776931265733133351 11600869
1776931265744748924 11615573
1776931265756405183 11656259
1776931265768040960 11635777
1776931265779657496 11616536
1776931265791202291 11544795
1776931265802762438 11560147
1776931265814411771 11649333
1776931265825984955 11573184
1776931265837617251 11632296
1776931265849202194 11584943
1776931265860770601 11568407
1776931265872455082 11684481
1776931265884075099 11620017
1776931265895670395 11595296
1776931265907258412 11588017
1776931265919361208 12102796
1776931265931132226 11771018
1776931265942722633 11590407
1776931265954289965 11567332
1776931265965857538 11567573
1776931265977676667 11819129
1776931265989495111 11818444
1776931266001044073 11548962
1776931266012653536 11609463
1776931266024246090 11592554
1776931266036086942 11840852
1776931266047837719 11750777
1776931266059475422 11637703
1776931266071045958 11570536
1776931266082594142 11548184
1776931266094535179 11941037
1776931266106184308 11649129
1776931266117746641 11562333
1776931266129285936 11539295
1776931266140859602 11573666
1776931266152533564 11673962
1776931266164119767 11586203
1776931266175712692 11592925
1776931266187294340 11581648
1776931266198821228 11526888
1776931266210462134 11640906
1776931266222021096 11558962
1776931266233597466 11576370
1776931266245154965 11557499
1776931266256690057 11535092
1776931266268302408 11612351
1776931266279900314 11597906
1776931266291457999 11557685
1776931266303004183 11546184
1776931266314626368 11622185
1776931266326417200 11790832
1776931266338023385 11606185
1776931266349597069 11573684
1776931266361150735 11553666
1776931266372843864 11693129
1776931266384667845 11823981
1776931266396260733 11592888
1776931266407881306 11620573
1776931266419482546 11601240
1776931266431826436 12343890
1776931266443840232 12013796
1776931266455444916 11604684
1776931266467008823 11563907
1776931266478545970 11537147
1776931266490261969 11715999
1776931266502036561 11774592
1776931266513607820 11571259
1776931266525262634 11654814
1776931266536908318 11645684
1776931266548623059 11714741
1776931266560232021 11608962
1776931266571838576 11606555
1776931266583479093 11640517
1776931266595003333 11524240
1776931266606634055 11630722
1776931266618228628 11594573
1776931266629795497 11566869
1776931266641353145 11557648
1776931266652921144 11567999
1776931266664569347 11648203
1776931266676143179 11573832
1776931266687710271 11567092
1776931266699261178 11550907
1776931266710851066 11589888
1776931266722630806 11779740
1776931266734255398 11624592
1776931266745865342 11609944
1776931266757416656 11551314
1776931266769187877 11771221
1776931266781008080 11820203
1776931266792669080 11661000
1776931266804268764 11599684
1776931266815795356 11526592
1776931266827592244 11796888
1776931266839327521 11735277
1776931266850901113 11573592
1776931266862433760 11532647
1776931266873975167 11541407
1776931266885658074 11682907
1776931266897385314 11727240
1776931266908962924 11577610
1776931266920519701 11556777
1776931266932039404 11519703
1776931266943907922 11868518
1776931266955609773 11701851
1776931266967159347 11549574
1776931266978708901 11549554
1776931266990238567 11529666
1776931267001861011 11622444
1776931267013419899 11558888
1776931267024978694 11558795
1776931267036516582 11537888
1776931267048042822 11526240
1776931267059714266 11671444
1776931267071293525 11579259
1776931267082815765 11522240
1776931267094327449 11511684
1776931267105841652 11514203
1776931267117469762 11628110
1776931267129071688 11601926
1776931267140631094 11559406
1776931267152155871 11524777
1776931267163778185 11622314
1776931267175543259 11765074
1776931267187109851 11566592
1776931267198642072 11532221
1776931267210189164 11547092
1776931267222051497 11862333
1776931267233826960 11775463
1776931267245398811 11571851
1776931267256993588 11594777
1776931267268578161 11584573
1776931267280300216 11722055
1776931267292161346 11861130
1776931267303753697 11592351
1776931267315332437 11578740
1776931267326857473 11525036
1776931267339095288 12237815
1776931267350844510 11749222
1776931267362427139 11582629
1776931267373965379 11538240
1776931267385505767 11540388
1776931267397148248 11642481
1776931267408749154 11600906
1776931267420317098 11567944
1776931267431865468 11548370
1776931267443435060 11569592
1776931267455077281 11642221
1776931267466651336 11574055
1776931267478183168 11531832
1776931267489727834 11544666
1776931267501220852 11493018
1776931267512896092 11675240
1776931267524547406 11651314
1776931267536089091 11541685
1776931267547656368 11567277
1776931267559198274 11541906
1776931267570939663 11741389
1776931267582494107 11554444
1776931267594021013 11526906
1776931267605551735 11530722
1776931267617300753 11749018
1776931267629122549 11821796
1776931267640726548 11603999
1776931267652287288 11560740
1776931267663809454 11522166
1776931267675708157 11898703
1776931267687489323 11781166
1776931267699047526 11558203
1776931267710577340 11529814
1776931267722113580 11536240
1776931267733768024 11654444
1776931267745716320 11948296
1776931267757281338 11565018
1776931267768831411 11550073
1776931267780364114 11532703
1776931267792065410 11701296
1776931267803659835 11594425
1776931267815213575 11553740
1776931267826773723 11560148
1776931267838284740 11511017
1776931267849894536 11609796
1776931267861442887 11548351
1776931267872974201 11531314
1776931267884501589 11527388
1776931267896015366 11513777
1776931267907662106 11646740
1776931267919209365 11547259
1776931267930737401 11528036
1776931267942286641 11549240
1776931267953801825 11515184
1776931267965432973 11631148
1776931267977018546 11585573
1776931267988556823 11538277
1776931268000056637 11499814
1776931268011727581 11670944
1776931268023512340 11784759
1776931268035063691 11551351
1776931268046588820 11525129
1776931268058120319 11531499
1776931268069790708 11670389
1776931268081514318 11723610
1776931268093123670 11609352
1776931268104676336 11552666
1776931268116187353 11511017
1776931268127968594 11781241
1776931268139760482 11791888
1776931268151371482 11611000
1776931268162917426 11545944
1776931268174458832 11541406
1776931268186128832 11670000
1776931268197945980 11817148
1776931268209499775 11553795
1776931268221071071 11571296
1776931268232611459 11540388
1776931268244332218 11720759
1776931268255917217 11584999
1776931268267491235 11574018
1776931268279027420 11536185
1776931268290520549 11493129
1776931268302134937 11614388
1776931268313694177 11559240
1776931268325223417 11529240
1776931268336745324 11521907
1776931268348290786 11545462
1776931268359917841 11627055
1776931268371511192 11593351
1776931268383045766 11534574
1776931268394571154 11525388
1776931268406097764 11526610
1776931268417751560 11653796
1776931268429339559 11587999
1776931268440900910 11561351
1776931268452430484 11529574
1776931268464260706 11830222
1776931268476034594 11773888
1776931268487724446 11689852
1776931268499321241 11596795
1776931268510878370 11557129
1776931268522756574 11878204
1776931268534758592 12002018
1776931268546348851 11590259
1776931268557909850 11560999
1776931268569462628 11552778
1776931268581257146 11794518
1776931268593053331 11796185
1776931268604696960 11643629
1776931268616251829 11554869
1776931268627872403 11620574
1776931268639646329 11773926
1776931268651239587 11593258
1776931268662795383 11555796
1776931268674336789 11541406
1776931268685879011 11542222
1776931268697533029 11654018
1776931268709113621 11580592
1776931268720695009 11581388
1776931268732261897 11566888
1776931268743838119 11576222
1776931268755482767 11644648
1776931268767043970 11561203
1776931268778589469 11545499
1776931268790129616 11540147
1776931268801665449 11535833
1776931268813294393 11628944
1776931268824921244 11626851
1776931268836470003 11548759
1776931268848026743 11556740
1776931268859652576 11625833
1776931268871465075 11812499
1776931268883065575 11600500
1776931268894644593 11579018
1776931268906205685 11561092
1776931268917987166 11781481
1776931268929807425 11820259
1776931268941465276 11657851
1776931268953039313 11574037
1776931268964654590 11615277
1776931268976438312 11783722
1776931268988254126 11815814
1776931268999894033 11639907
1776931269011483088 11589055
1776931269023019291 11536203
1776931269034750735 11731444
1776931269046374957 11624222
1776931269057931753 11556796
1776931269069460104 11528351
1776931269081005955 11545851
1776931269092707510 11701555
1776931269104331306 11623796
1776931269115933435 11602129
1776931269127506435 11573000
1776931269139058397 11551962
1776931269150709526 11651129
1776931269162278415 11568889
1776931269173832655 11554240
1776931269185375932 11543277
1776931269196945098 11569166
1776931269208591727 11646629
1776931269220213153 11621426
1776931269231898282 11685129
1776931269243483541 11585259
1776931269255126781 11643240
1776931269266879540 11752759
1776931269278506780 11627240
1776931269290058613 11551833
1776931269301600187 11541574
1776931269313345946 11745759
1776931269325223427 11877481
1776931269336898056 11674629
1776931269348474907 11576851
1776931269360041018 11566111
1776931269371805407 11764389
1776931269383559092 11753685
1776931269395178758 11619666
1776931269406729016 11550258
1776931269418265349 11536333
1776931269429977441 11712092
1776931269441669293 11691852
1776931269453203700 11534407
1776931269464760514 11556814
1776931269476287680 11527166
1776931269487961272 11673592
1776931269499563253 11601981
1776931269511110697 11547444
1776931269522661604 11550907
1776931269534191529 11529925
1776931269545842158 11650629
1776931269557404602 11562444
1776931269568961620 11557018
1776931269580545120 11583500
1776931269592096212 11551092
1776931269603770193 11673981
1776931269615388414 11618221
1776931269626960766 11572352
1776931269638496006 11535240
1776931269650149802 11653796
1776931269661946876 11797074
1776931269673568579 11621703
1776931269685130615 11562036
1776931269696691318 11560703
1776931269708397077 11705759
1776931269720185855 11788778
1776931269731773077 11587222
1776931269743348669 11575592
1776931269754914538 11565869
1776931269766617705 11703167
1776931269778424816 11807111
1776931269790022648 11597832
1776931269801565518 11542870
1776931269813094666 11529148
1776931269824860758 11766092
1776931269836707073 11846315
1776931269848287683 11580610
1776931269859855998 11568315
1776931269871405404 11549406
1776931269883041811 11636407
1776931269894617533 11575722
1776931269906209884 11592351
1776931269917735828 11525944
1776931269929264957 11529129
1776931269940923735 11658778
1776931269952539771 11616036
1776931269964080067 11540296
1776931269975651825 11571758
1776931269987189769 11537944
1776931269998835102 11645333
1776931270010394954 11559852
1776931270021943009 11548055
1776931270033495564 11552555
1776931270045088193 11592629
1776931270056867674 11779481
1776931270068497007 11629333
1776931270080083192 11586185
1776931270091638154 11554962
1776931270103883877 12245723
1776931270115707081 11823204
1776931270127545914 11838833
1776931270139179636 11633722
1776931270150721117 11541481
1776931270162463969 11742852
1776931270174216802 11752833
1776931270185809598 11592796
1776931270197342708 11533110
1776931270208880059 11537351
1776931270220594856 11714797
1776931270232459004 11864148
1776931270244042059 11583055
1776931270255593151 11551092
1776931270267108761 11515610
1776931270278718724 11609963
1776931270290277242 11558518
1776931270301811297 11534055
1776931270313334093 11522796
1776931270324871481 11537388
1776931270336471777 11600296
1776931270348048591 11576814
1776931270359628276 11579685
1776931270371163127 11534851
1776931270382692405 11529278
1776931270394287682 11595277
1776931270405863293 11575611
1776931270417380866 11517573
1776931270428922347 11541481
1776931270440461365 11539018
1776931270452222809 11761444
1776931270463824013 11601204
1776931270475403327 11579314
1776931270486927456 11524129
1776931270498556067 11628611
1776931270510424752 11868685
1776931270522002826 11578074
1776931270533569010 11566184
1776931270545108954 11539944
1776931270556864028 11755074
1776931270568725343 11861315
1776931270580283306 11557963
1776931270591831935 11548629
1776931270603403601 11571666
1776931270615101378 11697777
1776931270626857638 11756260
1776931270638432878 11575240
1776931270649974933 11542055
1776931270661494784 11519851
1776931270673373006 11878222
1776931270685111154 11738148
1776931270696724524 11613370
1776931270708327802 11603278
1776931270719870449 11542647
1776931270731542375 11671926
1776931270743102171 11559796
1776931270754649226 11547055
1776931270766185966 11536740
1776931270777731243 11545277
1776931270789331206 11599963
1776931270800942372 11611166
1776931270812556575 11614203
1776931270824084149 11527574
1776931270835617593 11533444
1776931270847250092 11632499
1776931270858818759 11568667
1776931270870372314 11553555
1776931270881891295 11518981
1776931270893580776 11689481
1776931270905413628 11832852
1776931270917014164 11600536
1776931270928595201 11581037
1776931270940136256 11541055
1776931270951870311 11734055
1776931270963634496 11764185
1776931270975206292 11571796
1776931270986750569 11544277
1776931270998286717 11536148
1776931271010110569 11823852
1776931271021882254 11771685
1776931271033441605 11559351
1776931271045000327 11558722
1776931271056519216 11518889
1776931271068238438 11719222
1776931271080064641 11826203
1776931271091640549 11575908
1776931271103170548 11529999
1776931271114700955 11530407
1776931271126370436 11669481
1776931271137939640 11569204
1776931271149466250 11526610
1776931271161018842 11552592
1776931271172569509 11550667
1776931271184185842 11616333
1776931271195755693 11569851
1776931271207303082 11547389
1776931271218834322 11531240
1776931271230371118 11536796
1776931271242022562 11651444
1776931271253668395 11645833
1776931271265329562 11661167
1776931271276990080 11660518
1776931271288669228 11679148
1776931271300378394 11709166
1776931271312051116 11672722
1776931271323686857 11635741
1776931271335287560 11600703
1776931271347053597 11766037
1776931271358904394 11850797
1776931271370483078 11578684
1776931271382014782 11531704
1776931271393523800 11509018
1776931271405389337 11865537
1776931271417203115 11813778
1776931271428767836 11564721
1776931271440301317 11533481
1776931271451834261 11532944
1776931271463536502 11702241
1776931271475353391 11816889
1776931271486926261 11572870
1776931271498486186 11559925
1776931271510010556 11524370
1776931271521761612 11751056
1776931271533586167 11824555
1776931271545142519 11556352
1776931271556725352 11582833
1776931271568283037 11557685
1776931271579921944 11638907
1776931271591512666 11590722
1776931271603067480 11554814
1776931271614595331 11527851
1776931271626098812 11503481
1776931271637719905 11621093
1776931271649310053 11590148
1776931271660871404 11561351
1776931271672425200 11553796
1776931271684010940 11585740
1776931271695682940 11672000
1776931271707277681 11594741
1776931271718832513 11554832
1776931271730371846 11539333
1776931271741909087 11537241
1776931271753724716 11815629
1776931271765296031 11571315
1776931271776895253 11599222
1776931271788439863 11544610
1776931271800287530 11847667
1776931271812126141 11838611
1776931271823715974 11589833
1776931271835264640 11548666
1776931271846782288 11517648
1776931271858432732 11650444
1776931271870147751 11715019
1776931271881725473 11577722
1776931271893223417 11497944
1776931271904796675 11573258
1776931271916620027 11823352
1776931271928416879 11796852
1776931271940033101 11616222
1776931271951603582 11570481
1776931271963126008 11522426
1776931271975282990 12156982
1776931271986893249 11610259
1776931271998449896 11556647
1776931272010002914 11553018
1776931272021528210 11525296
1776931272033163488 11635278
1776931272044733284 11569796
1776931272056283358 11550074
1776931272067808524 11525166
1776931272079380005 11571481
1776931272091000172 11620167
1776931272102583616 11583444
1776931272114125690 11542074
1776931272125654208 11528518
1776931272137260430 11606222
1776931272148945522 11685092
1776931272160535559 11590037
1776931272172067170 11531611
1776931272183611262 11544092
1776931272195416096 11804834
1776931272207429337 12013241
1776931272219000892 11571555
1776931272230544206 11543314
1776931272242054243 11510037
1776931272253905354 11851111
1776931272265898429 11993075
1776931272277485058 11586629
1776931272289044484 11559426
1776931272300624761 11580277
1776931272312722040 12097279
1776931272324799281 12077241
1776931272336381207 11581926
1776931272347913928 11532721
1776931272359465539 11551611
1776931272371169373 11703834
1776931272382733854 11564481
1776931272394254872 11521018
1776931272405761890 11507018
1776931272417292501 11530611
1776931272428928538 11636037
1776931272440514963 11586425
1776931272452059481 11544518
1776931272463642518 11583037
1776931272475171018 11528500
1776931272486782962 11611944
1776931272498363814 11580852
1776931272509895721 11531907
1776931272521425128 11529407
1776931272532941183 11516055
1776931272544562312 11621129
1776931272556161683 11599371
1776931272567739016 11577333
1776931272579301108 11562092
1776931272590952626 11651518
1776931272602756052 11803426
1776931272614320052 11564000
1776931272625852829 11532777
1776931272637369366 11516537
1776931272649365478 11996112
1776931272661159885 11794407
1776931272672735033 11575148
1776931272684281236 11546203
1776931272695798606 11517370
1776931272707439995 11641389
1776931272719229588 11789593
1776931272730805532 11575944
1776931272742368643 11563111
1776931272753902161 11533518
1776931272765779661 11877500
1776931272777546402 11766741
1776931272789126142 11579740
1776931272800683605 11557463
1776931272812203401 11519796
1776931272823844753 11641352
1776931272835430937 11586184
1776931272846956437 11525500
1776931272858498789 11542352
1776931272870009362 11510573
1776931272881652640 11643278
1776931272893223121 11570481
1776931272904838584 11615463
1776931272916400935 11562351
1776931272927950157 11549222
1776931272939558916 11608759
1776931272951120268 11561352
1776931272962653249 11532981
1776931272974187138 11533889
1776931272985699785 11512647
1776931272997405304 11705519
1776931273008967989 11562685
1776931273020524655 11556666
1776931273032041933 11517278
1776931273043731118 11689185
1776931273055557377 11826259
1776931273067111747 11554370
1776931273078632006 11520259
1776931273090178932 11546926
1776931273101808117 11629185
1776931273113671988 11863871
1776931273125221969 11549981
1776931273136799339 11577370
1776931273148331506 11532167
1776931273160298377 11966871
1776931273172066136 11767759
1776931273183647636 11581500
1776931273195163006 11515370
1776931273206673635 11510629
1776931273218325431 11651796
1776931273229937135 11611704
1776931273241454283 11517148
1776931273252980079 11525796
1776931273264505282 11525203
1776931273276116467 11611185
1776931273287722986 11606519
1776931273299233578 11510592
1776931273310747356 11513778
1776931273322279503 11532147
1776931273333867800 11588297
1776931273345405003 11537203
1776931273356943558 11538555
1776931273368447336 11503778
1776931273379978743 11531407
1776931273391589724 11610981
1776931273403119872 11530148
1776931273414618946 11499074
1776931273426128983 11510037
1776931273437716186 11587203
1776931273449477557 11761371
1776931273461069205 11591648
1776931273472635704 11566499
1776931273484167371 11531667
1776931273495810260 11642889
1776931273507596945 11786685
1776931273519162130 11565185
1776931273530686648 11524518
1776931273542205129 11518481
1776931273554015074 11809945
1776931273565934815 11919741
1776931273577478871 11544056
1776931273589058944 11580073
1776931273600644926 11585982
1776931273612394704 11749778
1776931273624249056 11854352
1776931273635804111 11555055
1776931273647374759 11570648
1776931273658929499 11554740
1776931273670542314 11612815
1776931273682091629 11549315
1776931273693617351 11525722
1776931273705146425 11529074
1776931273716696184 11549759
1776931273728293980 11597796
1776931273739840979 11546999
1776931273751485276 11644297
1776931273763022535 11537259
1776931273774552534 11529999
1776931273786190590 11638056
1776931273797750293 11559703
1776931273809282701 11532408
1776931273820863960 11581259
1776931273832448793 11584833
1776931273844234811 11786018
1776931273855834589 11599778
1776931273867403293 11568704
1776931273878937718 11534425
1776931273890572755 11635037
1776931273902408922 11836167
1776931273914046885 11637963
1776931273925604570 11557685
1776931273937168329 11563759
1776931273948918033 11749704
1776931273960729589 11811556
1776931273972349644 11620055
1776931273983935977 11586333
1776931273995519921 11583944
1776931274007270088 11750167
1776931274019014477 11744389
1776931274030624348 11609871
1776931274042161070 11536722
1776931274053687144 11526074
1776931274065420736 11733592
1776931274076989051 11568315
1776931274088588792 11599741
1776931274100155273 11566481
1776931274111713254 11557981
1776931274123396884 11683630
1776931274134972014 11575130
1776931274146533310 11561296
1776931274158072439 11539129
1776931274169596087 11523648
1776931274181279087 11683000
1776931274192880902 11601815
1776931274204414217 11533315
1776931274215989643 11575426
1776931274227559198 11569555
1776931274239305661 11746463
1776931274250860105 11554444
1776931274262408865 11548760
1776931274273953939 11545074
1776931274285685457 11731518
1776931274297522680 11837223
1776931274309130254 11607574
1776931274320727957 11597703
1776931274332274642 11546685
1776931274344040328 11765686
1776931274355830587 11790259
1776931274367440532 11609945
1776931274379028254 11587722
1776931274390572532 11544278
1776931274402229180 11656648
1776931274414042587 11813407
1776931274425617476 11574889
1776931274437172772 11555296
1776931274448717346 11544574
1776931274460710199 11992853
1776931274472298439 11588240
1776931274483991310 11692871
1776931274495568088 11576778
1776931274507116236 11548148
1776931274518766773 11650537
1776931274530339865 11573092
1776931274541881809 11541944
1776931274553422328 11540519
1776931274564961809 11539481
1776931274576625550 11663741
1776931274588227142 11601592
1776931274599813402 11586260
1776931274611401790 11588388
1776931274622957957 11556167
1776931274634838013 11880056
1776931274646419161 11581148
1776931274657997476 11578315
1776931274669548716 11551240
1776931274681283624 11734908
1776931274693224069 11940445
1776931274704880587 11656518
1776931274716457828 11577241
1776931274728075809 11617981
1776931274739989847 11914038
1776931274751874366 11884519
1776931274763477458 11603092
1776931274775053310 11575852
1776931274786608032 11554722
1776931274798344162 11736130
1776931274810114514 11770352
1776931274821693532 11579018
1776931274833221440 11527908
1776931274844793865 11572425
1776931274856438143 11644278
1776931274868057625 11619482
1776931274879672106 11614481
1776931274891231125 11559019
1776931274902769791 11538666
1776931274914405106 11635315
1776931274925994939 11589833
1776931274937576698 11581759
1776931274949086180 11509482
1776931274960671698 11585518
1776931274972295476 11623778
1776931274983899920 11604444
1776931274995538513 11638593
1776931275007083013 11544500
1776931275018647439 11564426
1776931275030421383 11773944
1776931275042010828 11589445
1776931275053558624 11547796
1776931275065110883 11552259
1776931275076798291 11687408
1776931275088647402 11849111
1776931275100227310 11579908
1776931275111835680 11608370
1776931275123382773 11547093
1776931275135222792 11840019
1776931275146963329 11740537
1776931275158521829 11558500
1776931275170066773 11544944
1776931275181592884 11526111
1776931275193246588 11653704
1776931275205129329 11882741
1776931275216723700 11594371
1776931275228264089 11540389
1776931275239839774 11575685
1776931275251732200 11892426
1776931275263266978 11534778
1776931275274784237 11517259
1776931275286322756 11538519
1776931275297876867 11554111
1776931275309483737 11606870
1776931275321037348 11553611
1776931275332586700 11549352
1776931275344119607 11532907
1776931275355687292 11567685
1776931275367320607 11633315
1776931275378881070 11560463
1776931275390422033 11540963
1776931275401961922 11539889
1776931275413483700 11521778
1776931275425149848 11666148
1776931275436815237 11665389
1776931275448366107 11550870
1776931275459895459 11529352
1776931275471588237 11692778
1776931275483455886 11867649
1776931275495025089 11569203
1776931275506586867 11561778
1776931275518125052 11538185
1776931275529899164 11774112
1776931275541792794 11893630
1776931275553375220 11582426
1776931275564977757 11602537
1776931275576555516 11577759
1776931275588543535 11988019
1776931275600306684 11763149
1776931275611873072 11566388
1776931275623465998 11592926
1776931275634986480 11520482
1776931275646690628 11704148
1776931275658328239 11637611
1776931275669894221 11565982
1776931275681441999 11547778
1776931275693086425 11644426
1776931275704734221 11647796
1776931275716312906 11578685
1776931275727829184 11516278
1776931275739395536 11566352
1776931275750915795 11520259
1776931275762538906 11623111
1776931275774114147 11575241
1776931275785646110 11531963
1776931275797197628 11551518
1776931275808729776 11532148
1776931275820358443 11628667
1776931275831961554 11603111
1776931275843523424 11561870
1776931275855044165 11520741
1776931275866682480 11638315
1776931275878478943 11796463
1776931275890042480 11563537
1776931275901594851 11552371
1776931275913139832 11544981
1776931275925338592 12198760
1776931275937104667 11766075
1776931275948687093 11582426
1776931275960224889 11537796
1776931275971783481 11558592
1776931275983449093 11665612
1776931275995161111 11712018
1776931276006721704 11560593
1776931276018254019 11532315
1776931276029781482 11527463
1776931276041593612 11812130
1776931276053315168 11721556
1776931276064916686 11601518
1776931276076493872 11577186
1776931276088018705 11524833
1776931276099688853 11670148
1776931276111253483 11564630
1776931276122813187 11559704
1776931276134368909 11555722
1776931276145890742 11521833
1776931276157499965 11609223
1776931276169111483 11611518
1776931276180717539 11606056
1776931276192260447 11542908
1776931276203818317 11557870
1776931276215462206 11643889
1776931276227013391 11551185
1776931276238574151 11560760
1776931276250102576 11528425
1776931276261642873 11540297
1776931276273402818 11759945
1776931276285056799 11653981
1776931276296652874 11596075
1776931276308205799 11552925
1776931276319998781 11792982
1776931276331778726 11779945
1776931276343367504 11588778
1776931276354913893 11546389
1776931276366450486 11536593
1776931276378180375 11729889
1776931276389969912 11789537
1776931276401565320 11595408
1776931276413126116 11560796
1776931276424647968 11521852
1776931276436338265 11690297
1776931276448211302 11873037
1776931276459799839 11588537
1776931276471400562 11600723
1776931276482933840 11533278
1776931276494796859 11863019
1776931276506411007 11614148
1776931276517948785 11537778
1776931276529477285 11528500
1776931276541004081 11526796
1776931276552671766 11667685
1776931276564269174 11597408
1776931276575814933 11545759
1776931276587498971 11684038
1776931276599042119 11543148
1776931276610699712 11657593
1776931276622285323 11585611
1776931276633852138 11566815
1776931276645402786 11550648
1776931276656942915 11540129
1776931276668592712 11649797
1776931276680168805 11576093
1776931276691746805 11578000
1776931276703296675 11549870
1776931276714957509 11660834
1776931276726861306 11903797
1776931276738425954 11564648
1776931276749987621 11561667
1776931276761537324 11549703
1776931276773353010 11815686
1776931276785148936 11795926
1776931276796801862 11652926
1776931276808404196 11602334
1776931276819973381 11569185
1776931276831682326 11708945
1776931276843404122 11721796
1776931276854946067 11541945
1776931276866470548 11524481
1776931276877999141 11528593
1776931276889732956 11733815
1776931276901582086 11849130
1776931276913148142 11566056
1776931276924692475 11544333
1776931276936211346 11518871
1776931276947851253 11639907
1776931276959440661 11589408
1776931276970980753 11540092
1776931276982531272 11550519
1776931276994052994 11521722
1776931277005642550 11589556
1776931277017187957 11545407
1776931277028725624 11537667
1776931277040266976 11541352
1776931277051765847 11498871
1776931277063409680 11643833
1776931277074968791 11559111
1776931277086512662 11543871
1776931277098037569 11524907
1776931277109642440 11604871
1776931277121399126 11756686
1776931277132986478 11587352
1776931277144709441 11722963
1776931277156498682 11789241
1776931277168349368 11850686
1776931277180285387 11936019
1776931277192089610 11804223
1776931277204004055 11914445
1776931277215715759 11711704
1776931277227474501 11758742
1776931277239297075 11822574
1776931277250913927 11616852
1776931277262509131 11595204
1776931277274228132 11719001
1776931277286285392 12057260
1776931277298379782 12094390
1776931277310028004 11648222
1776931277321687764 11659760
1776931277333540005 11852241
1776931277345447802 11907797
1776931277357367877 11920075
1776931277369232637 11864760
1776931277380972508 11739871
1776931277392801638 11829130
1776931277404775639 11974001
1776931277417005603 12229964
1776931277428884474 11878871
1776931277441235031 12350557
1776931277453248291 12013260
1776931277465168829 11920538
1776931277477022348 11853519
1776931277488762552 11740204
1776931277500384793 11622241
1776931277512183090 11798297
1776931277524193369 12010279
1776931277535991332 11797963
1776931277547637332 11646000
1776931277559275277 11637945
1776931277571012426 11737149
1776931277582731371 11718945
1776931277594380630 11649259
1776931277606022945 11642315
1776931277617878057 11855112
1776931277629809039 11930982
1776931277641993818 12184779
1776931277653877430 11883612
1776931277665569912 11692482
1776931277677333079 11763167
1776931277689262487 11929408
1776931277701016913 11754426
1776931277712822284 11805371
1776931277724669489 11847205
1776931277736453656 11784167
1776931277748469953 12016297
1776931277760243398 11773445
1776931277771936491 11693093
1776931277783734658 11798167
1776931277795392362 11657704
1776931277807142140 11749778
1776931277819395679 12253539
1776931277831142105 11746426
1776931277842991717 11849612
1776931277855002384 12010667
1776931277867338867 12336483
1776931277879046016 11707149
1776931277890898442 11852426
1776931277902725647 11827205
1776931277914686258 11960611
1776931277926647796 11961538
1776931277938442315 11794519
1776931277950118223 11675908
1776931277961810279 11692056
1776931277973861187 12050908
1776931277985707910 11846723
1776931277997386262 11678352
1776931278009040392 11654130
1776931278020794485 11754093
1776931278032911820 12117335
1776931278044928284 12016464
1776931278056795914 11867630
1776931278068596600 11800686
1776931278080398878 11802278
1776931278092293342 11894464
1776931278104279788 11986446
1776931278115934232 11654444
1776931278127580659 11646427
1776931278139187918 11607259
1776931278150852530 11664612
1776931278162547938 11695408
1776931278174293586 11745648
1776931278185983383 11689797
1776931278197710180 11726797
1776931278209524218 11814038
1776931278221268533 11744315
1776931278232800792 11532259
1776931278244234996 11434204
1776931278255759922 11524926
1776931278267444534 11684612
1776931278279104627 11660093
1776931278290856127 11751500
1776931278302728647 11872520
1776931278315434834 12706187
1776931278327574354 12139520
1776931278339520817 11946463
1776931278351431929 11911112
1776931278363198022 11766093
1776931278375140542 11942520
1776931278387090783 11950241
1776931278398979562 11888779
1776931278410720785 11741223
1776931278422492378 11771593
1776931278434303453 11811075
1776931278446364602 12061149
1776931278458159973 11795371
1776931278469846621 11686648
1776931278481546066 11699445
1776931278493262308 11716242
1776931278505125605 11863297
1776931278516864383 11738778
1776931278528594995 11730612
1776931278540311884 11716889
1776931278552283663 11971779
1776931278564436090 12152427
1776931278576440220 12004130
1776931278588234851 11794631
1776931278600285703 12050852
1776931278612358686 12072983
1776931278624044964 11686278
1776931278635724465 11679501
1776931278647371576 11647111
1776931278659298484 11926908
1776931278671388356 12089872
1776931278683332820 11944464
1776931278695090394 11757574
1776931278706968488 11878094
1776931278719234193 12265705
1776931278731917454 12683261
1776931278743601862 11684408
1776931278755362029 11760167
1776931278767455864 12093835
1776931278779094882 11639018
1776931278791871996 12777114
1776931278803708700 11836704
1776931278815420349 11711649
1776931278827392072 11971723
1776931278839480147 12088075
1776931278851490833 12010686
1776931278863328686 11837853
1776931278874962612 11633926
1776931278887014169 12051557
1776931278898905725 11891556
1776931278911277634 12371909
1776931278922948431 11670797
1776931278934608820 11660389
1776931278946296931 11688111
1776931278958373673 12076742
1776931278970113322 11739649
1776931278981954693 11841371
1776931278993714916 11760223
1776931279005492583 11777667
1776931279017453232 11960649
1776931279029358029 11904797
1776931279041100437 11742408
1776931279052754623 11654186
1776931279064571939 11817316
1776931279076407106 11835167
1776931279088124922 11717816
1776931279099750940 11626018
1776931279111402645 11651705
1776931279122965960 11563315
1776931279134728349 11762389
1776931279146316924 11588575
1776931279157946350 11629426
1776931279169856740 11910390
1776931279181984704 12127964
1776931279193786668 11801964
1776931279205462557 11675889
1776931279217210743 11748186
1776931279228887151 11676408
1776931279240819837 11932686
1776931279252697116 11877279
1776931279264453116 11756000
1776931279276156098 11702982
1776931279288395452 12239354
1776931279300310286 11914834
1776931279312134694 11824408
1776931279324002602 11867908
1776931279335839585 11836983
1776931279347674493 11834908
1776931279359469734 11795241
1776931279371305142 11835408
1776931279383071791 11766649
1776931279394896218 11824427
1776931279407111460 12215242
1776931279419462165 12350705
1776931279431168833 11706668
1776931279442870685 11701852
1776931279454653741 11783056
1776931279466446686 11792945
1776931279478275243 11828557
1776931279489953762 11678519
1776931279501864152 11910390
1776931279513539634 11675482
1776931279525390023 11850389
1776931279537325709 11935686
1776931279549089691 11763982
1776931279560995581 11905890
1776931279572911304 11915723
1776931279585225361 12314057
1776931279597118455 11893094
1776931279609297160 12178705
1776931279620958420 11661260
1776931279632661513 11703093
1776931279644432921 11771408
1776931279656175051 11742130
1776931279668091960 11916909
1776931279679865090 11773130
1776931279691572294 11707204
1776931279703159498 11587204
1776931279714948647 11789149
1776931279726515388 11566741
1776931279738039666 11524278
1776931279749785000 11745334
1776931279761728742 11943742
1776931279773486798 11758056
1776931279785286114 11799316
1776931279797109429 11823315
1776931279808846782 11737353
1776931279820757282 11910500
1776931279832557913 11800631
1776931279844316599 11758686
1776931279855969118 11652519
1776931279867847748 11878630
1776931279879846434 11998686
1776931279891758361 11911927
1776931279903600806 11842445
1776931279915342251 11741445
1776931279927089585 11747334
1776931279938911271 11821686
1776931279950546679 11635408
1776931279962183569 11636890
1776931279973926847 11743278
1776931279985744218 11817371
1776931279997763219 12019001
1776931280009590331 11827112
1776931280021420573 11830242
1776931280033391222 11970649
1776931280045245445 11854223
1776931280057266261 12020816
1776931280069064947 11798686
1776931280080799948 11735001
1776931280092444745 11644797
1776931280104267597 11822852
1776931280115986654 11719057
1776931280128056229 12069575
1776931280139846878 11790649
1776931280151526452 11679574
1776931280163175990 11649538
1776931280175009639 11833649
1776931280186811992 11802353
1776931280198790030 11978038
1776931280210525549 11735519
1776931280222534513 12008964
1776931280234195366 11660853
1776931280245837218 11641852
1776931280257520978 11683760
1776931280269292034 11771056
1776931280281108183 11816149
1776931280292990203 11882020
1776931280304772611 11782408
1776931280316531186 11758575
1776931280328325816 11794630
1776931280340612040 12286224
1776931280352297966 11685926
1776931280364021671 11723705
1776931280375646264 11624593
1776931280387339616 11693352
1776931280399679192 12339576
1776931280411278415 11599223
1776931280423083008 11804593
1776931280434823139 11740131
1776931280447351455 12528316
1776931280459397494 12046039
1776931280471192161 11794667
1776931280483028255 11836094
1776931280494773089 11744834
1776931280506513571 11740482
1776931280518430720 11917149
1776931280530474851 12044131
1776931280542191500 11716649
1776931280553850204 11658704
1776931280565587834 11737630
1776931280577859262 12271428
1776931280589512911 11653649
1776931280601174152 11661241
1776931280613233190 12059038
1776931280625289173 12055983
1776931280637172711 11883538
1776931280649036934 11864223
1776931280660749990 11713056
1776931280672869029 12119039
1776931280684666233 11797204
1776931280696283474 11617241
1776931280707955086 11671612
1776931280719715513 11760427
1776931280731837125 12121612
1776931280744385109 12547984
1776931280756188850 11803741
1776931280767775073 11586223
1776931280779405462 11630389
1776931280790968926 11563464
1776931280802595778 11626852
1776931280814718057 12122279
1776931280826691095 11973038
1776931280838435929 11744834
1776931280850583523 12147594
1776931280862257913 11674390
1776931280873892173 11634260
1776931280885536451 11644278
1776931280897275396 11738945
1776931280909170934 11895538
1776931280920877027 11706093
1776931280932912936 12035909
1776931280944785752 11872816
1776931280956717401 11931649
1776931280968763402 12046001
1776931280980625570 11862168
1776931280992960497 12334927
1776931281004593813 11633316
1776931281016246961 11653148
1776931281028170574 11923613
1776931281039790630 11620056
1776931281051438612 11647982
1776931281063075242 11636630
1776931281074971447 11896205
1776931281086802170 11830723
1776931281098649097 11846927
1776931281110334931 11685834
1776931281122015876 11680945
1776931281133595469 11579593
1776931281148280512 14685043
1776931281159867772 11587260
1776931281171396883 11529111
1776931281183132125 11735242
1776931281195397645 12265520
1776931281207848814 12451169
1776931281219710778 11861964
1776931281231406519 11695741
1776931281243085927 11679408
1776931281255005854 11919927
1776931281266837948 11832094
1776931281278531893 11693945
1776931281290332653 11800760
1776931281302299580 11966927
1776931281314072285 11772705
1776931281325831267 11758982
1776931281337788176 11956909
1776931281349937881 12149705
1776931281361716622 11778741
1776931281373426697 11710075
1776931281385088291 11661594
1776931281396803106 11714815
1776931281408537607 11734501
1776931281420347867 11810260
1776931281432236164 11888297
1776931281443962758 11726594
1776931281455783555 11820797
1776931281467735297 11951742
1776931281480648411 12913114
1776931281492771171 12122760
1776931281504592635 11821464
1776931281516215562 11622927
1776931281527913692 11698130
1776931281539951694 12038002
1776931281552040473 12088779
1776931281563888103 11847630
1776931281575644845 11756742
1776931281587392790 11747945
1776931281599201810 11809020
1776931281610814995 11613185
1776931281622387811 11572816
1776931281634116682 11728871
1776931281645829127 11712445
1776931281657521109 11691982
1776931281669302073 11780964
1776931281680940407 11638334
1776931281692519278 11578871
1776931281704371927 11852649
1776931281716811744 12439817
1776931281728954116 12142372
1776931281740779228 11825112
1776931281752414821 11635593
1776931281764290285 11875464
1776931281776320879 12030594
1776931281788241991 11921112
1776931281800092436 11850445
1776931281811908326 11815890
1776931281824244550 12336224
1776931281836131181 11886631
1776931281847799922 11668741
1776931281859446997 11647075
1776931281871062183 11615186
1776931281882805665 11743482
1776931281894736388 11930723
1776931281906707779 11971391
1776931281918547298 11839519
1776931281930297799 11750501
1776931281942046763 11748964
1776931281953828004 11781241
1776931281965636579 11808575
1776931281977398802 11762223
1776931281989099729 11700927
1776931282000869285 11769556
1776931282012537879 11668594
1776931282024189102 11651223
1776931282035883288 11694186
1776931282047559937 11676649
1776931282059287512 11727575
1776931282070904623 11617111
1776931282082514050 11609427
1776931282094197958 11683908
1776931282105878181 11680223
1776931282117991127 12112946
1776931282129668035 11676908
1776931282141283888 11615853
1776931282152797666 11513778
1776931282164593093 11795427
1776931282176392687 11799594
1776931282187901687 11509000
1776931282199399614 11497927
1776931282210913762 11514148
1776931282222649393 11735631
1776931282234415301 11765908
1776931282246001765 11586464
1776931282257537043 11535278
1776931282269069506 11532463
1776931282280841841 11772335
1776931282292698249 11856408
1776931282304286880 11588631
1776931282315834658 11547778
1776931282327406862 11572204
1776931282339419938 12013076
1776931282351039235 11619297
1776931282362587235 11548000
1776931282374110439 11523204
1776931282385621995 11511556
1776931282397253848 11631853
1776931282408841460 11587612
1776931282420375220 11533760
1776931282431903331 11528111
1776931282443455924 11552593
1776931282455090481 11634557
1776931282466636407 11545926
1776931282478194908 11558501
1776931282489723353 11528445
1776931282501226224 11502871
1776931282512911687 11685463
1776931282524566151 11654464
1776931282536109985 11543834
1776931282547657874 11547889
1776931282559287912 11630038
1776931282571092895 11804983
1776931282582671303 11578408
1776931282594202988 11531685
1776931282605730174 11527186
1776931282617901028 12170854
1776931282629671547 11770519
1776931282641227937 11556390
1776931282652779474 11551537
1776931282664304419 11524945
1776931282676000068 11695649
1776931282687768847 11768779
1776931282699360329 11591482
1776931282710921070 11560741
1776931282722469367 11548297
1776931282734134072 11664705
1776931282746076943 11942871
1776931282757625647 11548704
1776931282769161315 11535668
1776931282780708871 11547556
1776931282792450946 11742075
1776931282804040002 11589056
1776931282815587743 11547741
1776931282827138577 11550834
1776931282838651041 11512464
1776931282850239486 11588445
1776931282861811338 11571852
1776931282873338857 11527519
1776931282884952080 11613223
1776931282896513747 11561667
1776931282908113804 11600057
1776931282919685119 11571315
1776931282931208657 11523538
1776931282942728824 11520167
1776931282954228417 11499593
1776931282965846825 11618408
1776931282977419844 11573019
1776931282988962197 11542353
1776931283000500808 11538611
1776931283012301717 11800909
1776931283024180625 11878908
1776931283035776774 11596149
1776931283047342997 11566223
1776931283058860035 11517038
1776931283070604777 11744742
1776931283082439685 11834908
1776931283094009964 11570279
1776931283105556520 11546556
1776931283117082983 11526463
1776931283129496911 12413928
1776931283141301320 11804409
1776931283152926821 11625501
1776931283164498099 11571278
1776931283176024044 11525945
1776931283187924712 11900668
1776931283199545917 11621205
1776931283211070177 11524260
1776931283222594029 11523852
1776931283234111622 11517593
1776931283245731456 11619834
1776931283257280883 11549427
1776931283268886458 11605575
1776931283280397384 11510926
1776931283291926792 11529408
1776931283303569552 11642760
1776931283315130275 11560723
1776931283326653480 11523205
1776931283338178443 11524963
1776931283349708536 11530093
1776931283361351278 11642742
1776931283372934945 11583667
1776931283384475761 11540816
1776931283396047021 11571260
1776931283407679818 11632797
1776931283419539819 11860001
1776931283431119690 11579871
1776931283442696061 11576371
1776931283454239617 11543556
1776931283466301767 12062150
1776931283478055675 11753908
1776931283489610158 11554483
1776931283501137695 11527537
1776931283512668585 11530890
1776931283524311789 11643204
1776931283536180328 11868539
1776931283547752532 11572204
1776931283559323403 11570871
1776931283570864330 11540927
1776931283582639294 11774964
1776931283594407721 11768427
1776931283605946943 11539222
1776931283617486814 11539871
1776931283629014723 11527909
1776931283640657927 11643204
1776931283652205705 11547778
1776931283663767336 11561631
1776931283675301336 11534000
1776931283686817967 11516631
1776931283698412690 11594723
1776931283709946838 11534148
1776931283721461839 11515001
1776931283733010692 11548853
1776931283744534433 11523741
1776931283756145915 11611482
1776931283767721286 11575371
1776931283779246194 11524908
1776931283790768158 11521964
1776931283802282177 11514019
1776931283813968067 11685890
1776931283825546475 11578408
1776931283837076494 11530019
1776931283848643421 11566927
1776931283860316551 11673130
1776931283872062200 11745649
1776931283883625516 11563316
1776931283895157628 11532112
1776931283906677832 11520204
1776931283918321870 11644038
1776931283930266501 11944631
1776931283941836353 11569852
1776931283953355483 11519130
1776931283964871725 11516242
1776931283976596170 11724445
1776931283988320227 11724057
1776931283999884950 11564723
1776931284011529117 11644167
1776931284023054766 11525649
1776931284034721045 11666279
1776931284046389194 11668149
1776931284057933213 11544019
1776931284069447380 11514167
1776931284080963659 11516279
1776931284092569752 11606093
1776931284104126198 11556446
1776931284115678624 11552426
1776931284127208551 11529927
1776931284138714144 11505593
1776931284150299145 11585001
1776931284161844757 11545612
1776931284173363758 11519001
1776931284184923943 11560185
1776931284196438240 11514297
1776931284208058112 11619872
1776931284219696372 11638260
1776931284231267539 11571167
1776931284242809966 11542427
1776931284254342244 11532278
1776931284266130116 11787872
1776931284277711154 11581038
1776931284289216266 11505112
1776931284300746322 11530056
1776931284312637601 11891279
1776931284324629454 11991853
1776931284336204770 11575316
1776931284347792141 11587371
1776931284359361735 11569594
1776931284371224106 11862371
1776931284382939107 11715001
1776931284394492941 11553834
1776931284406040349 11547408
1776931284417560424 11520075
1776931284429255814 11695390
1776931284441257742 12001928
1776931284452828965 11571223
1776931284464366780 11537815
1776931284475877355 11510575
1776931284487557282 11679927
1776931284499196005 11638723
1776931284510725469 11529464
1776931284522241747 11516278
1776931284533754674 11512927
1776931284545402934 11648260
1776931284557009712 11606778
1776931284568578769 11569057
1776931284580117899 11539130
1776931284591656067 11538168
1776931284603290790 11634723
1776931284614845679 11554889
1776931284626380884 11535205
1776931284637905310 11524426
1776931284649426274 11520964
1776931284661079775 11653501
1776931284672668517 11588742
1776931284684231499 11562982
1776931284695785370 11553871
1776931284707348223 11562853
1776931284718962816 11614593
1776931284730537317 11574501
1776931284742099706 11562389
1776931284753620318 11520612
1776931284765226541 11606223
1776931284776939653 11713112
1776931284788556988 11617335
1776931284800091711 11534723
1776931284811623989 11532278
1776931284823332990 11709001
1776931284835209566 11876576
1776931284846773307 11563741
1776931284858310234 11536927
1776931284869862642 11552408
1776931284881528939 11666297
1776931284893280848 11751909
1776931284904842367 11561519
1776931284916369016 11526649
1776931284927883998 11514982
1776931284939543517 11659519
1776931284951379037 11835520
1776931284962955890 11576853
1776931284974494131 11538241
1776931284985982836 11488705
1776931284998120948 12138112
1776931285009886838 11765890
1776931285021485451 11598613
1776931285033071692 11586241
1776931285044639063 11567371
1776931285056277305 11638242
1776931285067888751 11611446
1776931285079447085 11558334
1776931285090987011 11539926
1776931285102510234 11523223
1776931285114129309 11619075
1776931285125701588 11572279
1776931285137247904 11546316
1776931285148799757 11551853
1776931285160326128 11526371
1776931285171951184 11625056
1776931285183550852 11599668
1776931285195074890 11524038
1776931285206613205 11538315
1776931285218145484 11532279
1776931285229782096 11636612
1776931285241351523 11569427
1776931285252898264 11546741
1776931285264434654 11536390
1776931285275977210 11542556
1776931285287795693 11818483
1776931285299426916 11631223
1776931285310984195 11557279
1776931285322517011 11532816
1776931285334162456 11645445
1776931285345886291 11723835
1776931285357442717 11556426
1776931285369026848 11584131
1776931285380606108 11579260
1776931285392466239 11860131
1776931285404251537 11785298
1776931285415813871 11562334
1776931285427370464 11556593
1776931285438921169 11550705
1776931285450604522 11683353
1776931285462384301 11779779
1776931285473938579 11554278
1776931285485464728 11526149
1776931285497009840 11545112
1776931285508710712 11700872
1776931285520562583 11851871
1776931285532178399 11615816
1776931285543791826 11613427
1776931285555333142 11541316
1776931285567032050 11698908
1776931285578652514 11620464
1776931285590170219 11517705
1776931285601704775 11534556
1776931285613219202 11514427
1776931285624874814 11655612
1776931285636459741 11584927
1776931285648045982 11586241
1776931285659596853 11550871
1776931285671119243 11522390
1776931285682762170 11642927
1776931285694358245 11596075
1776931285705914079 11555834
1776931285717449395 11535316
1776931285728987081 11537686
1776931285740618397 11631316
1776931285752197490 11579093
1776931285763790028 11592538
1776931285775349418 11559390
1776931285786894511 11545093
1776931285798535568 11641057
1776931285810152050 11616482
1776931285821694884 11542834
1776931285833220941 11526057
1776931285844929979 11709038
1776931285856691406 11761427
1776931285868259388 11567982
1776931285879835111 11575723
1776931285891389557 11554446
1776931285903012706 11623149
1776931285914804670 11791964
1776931285926390782 11586112
1776931285937939079 11548297
1776931285949491487 11552408
1776931285961318526 11827039
1776931285973041971 11723445
1776931285984618194 11576223
1776931285996169584 11551390
1776931286007686511 11516927
1776931286019713587 12027076
1776931286031498514 11784927
1776931286043051533 11553019
1776931286054588275 11536742
1776931286066103183 11514908
1776931286077749147 11645964
1776931286089414760 11665613
1776931286100973798 11559038
1776931286112541521 11567723
1776931286124070670 11529149
1776931286135681060 11610390
1776931286147269579 11588519
1776931286158844747 11575168
1776931286170399600 11554853
1776931286181935712 11536112
1776931286193563805 11628093
1776931286205203158 11639353
1776931286216774474 11571316
1776931286228307253 11532779
1776931286239809198 11501945
1776931286251426292 11617094
1776931286263006404 11580112
1776931286274556164 11549760
1776931286286082795 11526631
1776931286297615925 11533130
1776931286309245556 11629631
1776931286320908298 11662742
1776931286332465539 11557241
1776931286344029448 11563909
1776931286355728690 11699242
1776931286367599376 11870686
1776931286379155470 11556094
1776931286390709526 11554056
1776931286402248990 11539464
1776931286413879917 11630927
1776931286425637770 11757853
1776931286437258605 11620835
1776931286448825050 11566445
1776931286460364069 11539019
1776931286472423256 12059187
1776931286484152961 11729705
1776931286495772870 11619909
1776931286507361741 11588871
1776931286518889094 11527353
1776931286530544965 11655871
1776931286542285948 11740983
1776931286553844931 11558983
1776931286565373487 11528556
1776931286576908321 11534834
1776931286588593341 11685020
1776931286600443379 11850038
1776931286612026584 11583205
1776931286623581696 11555112
1776931286635097493 11515797
1776931286646737791 11640298
1776931286658307329 11569538
1776931286669838885 11531556
1776931286681355756 11516871
1776931286692914072 11558316
1776931286704562110 11648038
1776931286716159815 11597705
1776931286727790297 11630482
1776931286739377724 11587427
1776931286750939781 11562057
1776931286762612560 11672779
1776931286774290042 11677482
1776931286785905618 11615576
1776931286797535989 11630371
1776931286809132731 11596742
1776931286820840399 11707668
1776931286832548178 11707779
1776931286844159734 11611556
1776931286855805569 11645835
1776931286867499236 11693667
1776931286879315034 11815798
1776931286890887239 11572205
1776931286902448073 11560834
1776931286913962741 11514668
1776931286925589131 11626390
1776931286937411632 11822501
1776931286949006633 11595001
1776931286960558004 11551371
1776931286972091394 11533390
1776931286983740228 11648834
1776931286995521804 11781576
1776931287007088694 11566890
1776931287018638658 11549964
1776931287030185622 11546964
1776931287041790901 11605279
1776931287053552383 11761482
1776931287065123310 11570927
1776931287076675960 11552650
1776931287088200127 11524167
1776931287099872777 11672650
1776931287111645704 11772927
1776931287123225168 11579464
1776931287134758984 11533816
