1772460911957565188 C1_BASELINE_START
1772460971959506937 C1_BASELINE_END
1772460971962667501 C1_INTERVENTION_START
1772461151967062587 C1_INTERVENTION_END
1772461151967962811 C1_RECOVERY_R1_START
1772461331969964931 C1_RECOVERY_R1_END
1772461331971056767 C1_RECOVERY_R2_START
1772461631169503268 C1_RECOVERY_R2_END
1772461631170504289 C1_POSTBASELINE_START
1772461691172450525 C1_POSTBASELINE_END
1772461691174786623 C2_BASELINE_START
1772461751177523031 C2_BASELINE_END
1772461751180835409 C2_INTERVENTION_START
1772461931186298170 C2_INTERVENTION_END
1772461931187296061 C2_RECOVERY_R1_START
1772462111189251721 C2_RECOVERY_R1_END
1772462111190261038 C2_RECOVERY_R2_START
1772462411204121708 C2_RECOVERY_R2_END
1772462411205236712 C2_POSTBASELINE_START
1772462471207232660 C2_POSTBASELINE_END
1772462471209525000 C3_BASELINE_START
1772462531211480987 C3_BASELINE_END
1772462531214769164 C3_INTERVENTION_START
1772462711219687260 C3_INTERVENTION_END
1772462711220685522 C3_RECOVERY_R1_START
1772462891222712308 C3_RECOVERY_R1_END
1772462891223768422 C3_RECOVERY_R2_START
1772463191111983322 C3_RECOVERY_R2_END
1772463191113041103 C3_POSTBASELINE_START
1772463251115027528 C3_POSTBASELINE_END
