1771445158640500888 R2_IDLE_A seconds=60 actions=B_SKELETON
1771445218642641505 SKIP_PROBE_A seconds=60
1771445278644625935 R2_IDLE_B seconds=30 actions=B_SKELETON
1771445308648813633 PROBE_B_START program=low
1771445308651955193 PROBE_B_END program=low
1771445308854869509 PROBE_B_START program=low
1771445308858036847 PROBE_B_END program=low
1771445309060980219 PROBE_B_START program=low
1771445309064161964 PROBE_B_END program=low
1771445309267133707 PROBE_B_START program=low
1771445309270371786 PROBE_B_END program=low
1771445309474330382 PROBE_B_START program=low
1771445309478943740 PROBE_B_END program=low
1771445309682205650 PROBE_B_START program=low
1771445309685452821 PROBE_B_END program=low
1771445309888489749 PROBE_B_START program=low
1771445309891749846 PROBE_B_END program=low
1771445310094686681 PROBE_B_START program=low
1771445310098003297 PROBE_B_END program=low
1771445310300981836 PROBE_B_START program=low
1771445310304222526 PROBE_B_END program=low
1771445310508121844 PROBE_B_START program=low
1771445310512690980 PROBE_B_END program=low
1771445310715941983 PROBE_B_START program=low
1771445310719224950 PROBE_B_END program=low
1771445310922164045 PROBE_B_START program=low
1771445310925438438 PROBE_B_END program=low
1771445311128434737 PROBE_B_START program=low
1771445311131694519 PROBE_B_END program=low
1771445311334659188 PROBE_B_START program=low
1771445311337925563 PROBE_B_END program=low
1771445311541707085 PROBE_B_START program=low
1771445311546135776 PROBE_B_END program=low
1771445311749316649 PROBE_B_START program=low
1771445311752558524 PROBE_B_END program=low
1771445311955540304 PROBE_B_START program=low
1771445311958855919 PROBE_B_END program=low
1771445312161858014 PROBE_B_START program=low
1771445312165068797 PROBE_B_END program=low
1771445312368071410 PROBE_B_START program=low
1771445312371375729 PROBE_B_END program=low
1771445312574739862 PROBE_B_START program=low
1771445312579378461 PROBE_B_END program=low
1771445312782870353 PROBE_B_START program=low
1771445312786167339 PROBE_B_END program=low
1771445312989254008 PROBE_B_START program=low
1771445312992544364 PROBE_B_END program=low
1771445313195612200 PROBE_B_START program=low
1771445313199074705 PROBE_B_END program=low
1771445313402070652 PROBE_B_START program=low
1771445313405457731 PROBE_B_END program=low
1771445313608484955 PROBE_B_START program=low
1771445313612934684 PROBE_B_END program=low
1771445313816191594 PROBE_B_START program=low
1771445313819325357 PROBE_B_END program=low
1771445314022275193 PROBE_B_START program=low
1771445314025628383 PROBE_B_END program=low
1771445314228727645 PROBE_B_START program=low
1771445314232027057 PROBE_B_END program=low
1771445314435104300 PROBE_B_START program=low
1771445314438469120 PROBE_B_END program=low
1771445314641637326 PROBE_B_START program=low
1771445314646349295 PROBE_B_END program=low
1771445314849867651 PROBE_B_START program=low
1771445314853187211 PROBE_B_END program=low
1771445315056182306 PROBE_B_START program=low
1771445315059423755 PROBE_B_END program=low
1771445315262448665 PROBE_B_START program=low
1771445315265764040 PROBE_B_END program=low
1771445315468833857 PROBE_B_START program=low
1771445315472108602 PROBE_B_END program=low
1771445315675186976 PROBE_B_START program=low
1771445315678655814 PROBE_B_END program=low
1771445315881944039 PROBE_B_START program=low
1771445315885249062 PROBE_B_END program=low
1771445316088267268 PROBE_B_START program=low
1771445316091544162 PROBE_B_END program=low
1771445316294559794 PROBE_B_START program=low
1771445316297883780 PROBE_B_END program=low
1771445316500880764 PROBE_B_START program=low
1771445316504123232 PROBE_B_END program=low
1771445316707145994 PROBE_B_START program=low
1771445316710460554 PROBE_B_END program=low
1771445316913487760 PROBE_B_START program=low
1771445316916866709 PROBE_B_END program=low
1771445317119897194 PROBE_B_START program=low
1771445317123140087 PROBE_B_END program=low
1771445317326111145 PROBE_B_START program=low
1771445317329432261 PROBE_B_END program=low
1771445317532458931 PROBE_B_START program=low
1771445317535710398 PROBE_B_END program=low
1771445317738713030 PROBE_B_START program=low
1771445317742033628 PROBE_B_END program=low
1771445317945026130 PROBE_B_START program=low
1771445317948378487 PROBE_B_END program=low
1771445318151365101 PROBE_B_START program=low
1771445318154655105 PROBE_B_END program=low
1771445318357690053 PROBE_B_START program=low
1771445318361042483 PROBE_B_END program=low
1771445318563986412 PROBE_B_START program=low
1771445318567218102 PROBE_B_END program=low
1771445318770297493 PROBE_B_START program=low
1771445318773603590 PROBE_B_END program=low
1771445318976764279 PROBE_B_START program=low
1771445318980112080 PROBE_B_END program=low
1771445319183172138 PROBE_B_START program=low
1771445319186499569 PROBE_B_END program=low
1771445319389534442 PROBE_B_START program=low
1771445319392860336 PROBE_B_END program=low
1771445319595842561 PROBE_B_START program=low
1771445319599189602 PROBE_B_END program=low
1771445319802198346 PROBE_B_START program=low
1771445319805510351 PROBE_B_END program=low
1771445320008578428 PROBE_B_START program=low
1771445320011794969 PROBE_B_END program=low
1771445320214822732 PROBE_B_START program=low
1771445320218198755 PROBE_B_END program=low
1771445320421350036 PROBE_B_START program=low
1771445320424662744 PROBE_B_END program=low
1771445320627728766 PROBE_B_START program=low
1771445320631020530 PROBE_B_END program=low
1771445320834084792 PROBE_B_START program=low
1771445320837404482 PROBE_B_END program=low
1771445321040329466 PROBE_B_START program=low
1771445321043417896 PROBE_B_END program=low
1771445321246375177 PROBE_B_START program=low
1771445321249691608 PROBE_B_END program=low
1771445321452708518 PROBE_B_START program=low
1771445321455998041 PROBE_B_END program=low
1771445321659031452 PROBE_B_START program=low
1771445321662378938 PROBE_B_END program=low
1771445321865426404 PROBE_B_START program=low
1771445321868731779 PROBE_B_END program=low
1771445322071655337 PROBE_B_START program=low
1771445322074802157 PROBE_B_END program=low
1771445322277843660 PROBE_B_START program=low
1771445322281121368 PROBE_B_END program=low
1771445322484151705 PROBE_B_START program=low
1771445322487552358 PROBE_B_END program=low
1771445322690944028 PROBE_B_START program=low
1771445322694589033 PROBE_B_END program=low
1771445322897960926 PROBE_B_START program=low
1771445322901185856 PROBE_B_END program=low
1771445323104105619 PROBE_B_START program=low
1771445323107321956 PROBE_B_END program=low
1771445323310279219 PROBE_B_START program=low
1771445323313438945 PROBE_B_END program=low
1771445323516348245 PROBE_B_START program=low
1771445323519576731 PROBE_B_END program=low
1771445323722493197 PROBE_B_START program=low
1771445323725731998 PROBE_B_END program=low
1771445323928706445 PROBE_B_START program=low
1771445323931889857 PROBE_B_END program=low
1771445324134873045 PROBE_B_START program=low
1771445324138040420 PROBE_B_END program=low
1771445324341029886 PROBE_B_START program=low
1771445324344298317 PROBE_B_END program=low
1771445324547232635 PROBE_B_START program=low
1771445324550465788 PROBE_B_END program=low
1771445324753412550 PROBE_B_START program=low
1771445324756539129 PROBE_B_END program=low
1771445324959469687 PROBE_B_START program=low
1771445324962756433 PROBE_B_END program=low
1771445325165720732 PROBE_B_START program=low
1771445325168858774 PROBE_B_END program=low
1771445325371748462 PROBE_B_START program=low
1771445325374950652 PROBE_B_END program=low
1771445325577852748 PROBE_B_START program=low
1771445325581114456 PROBE_B_END program=low
1771445325784100867 PROBE_B_START program=low
1771445325787329205 PROBE_B_END program=low
1771445325990189004 PROBE_B_START program=low
1771445325993477620 PROBE_B_END program=low
1771445326196478734 PROBE_B_START program=low
1771445326199780461 PROBE_B_END program=low
1771445326402728631 PROBE_B_START program=low
1771445326406048784 PROBE_B_END program=low
1771445326608989306 PROBE_B_START program=low
1771445326612214440 PROBE_B_END program=low
1771445326815194370 PROBE_B_START program=low
1771445326818492337 PROBE_B_END program=low
1771445327021508322 PROBE_B_START program=low
1771445327024670012 PROBE_B_END program=low
1771445327227655904 PROBE_B_START program=low
1771445327231015539 PROBE_B_END program=low
1771445327433964264 PROBE_B_START program=low
1771445327437226658 PROBE_B_END program=low
1771445327640179494 PROBE_B_START program=low
1771445327643430517 PROBE_B_END program=low
1771445327846342336 PROBE_B_START program=low
1771445327849606026 PROBE_B_END program=low
1771445328052571788 PROBE_B_START program=low
1771445328055812200 PROBE_B_END program=low
1771445328258726908 PROBE_B_START program=low
1771445328261884893 PROBE_B_END program=low
1771445328464832286 PROBE_B_START program=low
1771445328468006846 PROBE_B_END program=low
1771445328671170757 PROBE_B_START program=low
1771445328674340169 PROBE_B_END program=low
1771445328877247321 PROBE_B_START program=low
1771445328880420473 PROBE_B_END program=low
1771445329083330144 PROBE_B_START program=low
1771445329086587852 PROBE_B_END program=low
1771445329289423578 PROBE_B_START program=low
1771445329292371359 PROBE_B_END program=low
1771445329495207622 PROBE_B_START program=low
1771445329498453664 PROBE_B_END program=low
1771445329701438519 PROBE_B_START program=low
1771445329704577246 PROBE_B_END program=low
1771445329907524083 PROBE_B_START program=low
1771445329910824328 PROBE_B_END program=low
1771445330113722628 PROBE_B_START program=low
1771445330116860688 PROBE_B_END program=low
1771445330319647599 PROBE_B_START program=low
1771445330322660789 PROBE_B_END program=low
1771445330525549311 PROBE_B_START program=low
1771445330528696241 PROBE_B_END program=low
1771445330731632652 PROBE_B_START program=low
1771445330734937138 PROBE_B_END program=low
1771445330937858031 PROBE_B_START program=low
1771445330941084832 PROBE_B_END program=low
1771445331143946872 PROBE_B_START program=low
1771445331147587229 PROBE_B_END program=low
1771445331350786641 PROBE_B_START program=low
1771445331354362812 PROBE_B_END program=low
1771445331557525761 PROBE_B_START program=low
1771445331560799969 PROBE_B_END program=low
1771445331763866529 PROBE_B_START program=low
1771445331767149441 PROBE_B_END program=low
1771445331970133537 PROBE_B_START program=low
1771445331973473320 PROBE_B_END program=low
1771445332176502509 PROBE_B_START program=low
1771445332179738180 PROBE_B_END program=low
1771445332382755758 PROBE_B_START program=low
1771445332386143189 PROBE_B_END program=low
1771445332589134119 PROBE_B_START program=low
1771445332592453179 PROBE_B_END program=low
1771445332795471109 PROBE_B_START program=low
1771445332798735206 PROBE_B_END program=low
1771445333001794617 PROBE_B_START program=low
1771445333005134955 PROBE_B_END program=low
1771445333208143571 PROBE_B_START program=low
1771445333211414631 PROBE_B_END program=low
1771445333414475024 PROBE_B_START program=low
1771445333417814880 PROBE_B_END program=low
1771445333620817051 PROBE_B_START program=low
1771445333624077204 PROBE_B_END program=low
1771445333827183615 PROBE_B_START program=low
1771445333830557861 PROBE_B_END program=low
1771445334033576791 PROBE_B_START program=low
1771445334036890925 PROBE_B_END program=low
1771445334239824374 PROBE_B_START program=low
1771445334243219008 PROBE_B_END program=low
1771445334446232179 PROBE_B_START program=low
1771445334449561554 PROBE_B_END program=low
1771445334652656780 PROBE_B_START program=low
1771445334655918748 PROBE_B_END program=low
1771445334858936548 PROBE_B_START program=low
1771445334862266368 PROBE_B_END program=low
1771445335065247594 PROBE_B_START program=low
1771445335068565951 PROBE_B_END program=low
1771445335271632511 PROBE_B_START program=low
1771445335274929497 PROBE_B_END program=low
1771445335477909593 PROBE_B_START program=low
1771445335481040394 PROBE_B_END program=low
1771445335683962861 PROBE_B_START program=low
1771445335687218903 PROBE_B_END program=low
1771445335890243148 PROBE_B_START program=low
1771445335893581782 PROBE_B_END program=low
1771445336096644231 PROBE_B_START program=low
1771445336099917735 PROBE_B_END program=low
1771445336302985073 PROBE_B_START program=low
1771445336306285985 PROBE_B_END program=low
1771445336509296860 PROBE_B_START program=low
1771445336512365660 PROBE_B_END program=low
1771445336715289720 PROBE_B_START program=low
1771445336718641503 PROBE_B_END program=low
1771445336921757507 PROBE_B_START program=low
1771445336925056364 PROBE_B_END program=low
1771445337128069961 PROBE_B_START program=low
1771445337131375299 PROBE_B_END program=low
1771445337334389303 PROBE_B_START program=low
1771445337337742734 PROBE_B_END program=low
1771445337540595034 PROBE_B_START program=low
1771445337543606686 PROBE_B_END program=low
1771445337746530543 PROBE_B_START program=low
1771445337749844029 PROBE_B_END program=low
1771445337952913885 PROBE_B_START program=low
1771445337956195760 PROBE_B_END program=low
1771445338159234320 PROBE_B_START program=low
1771445338162557380 PROBE_B_END program=low
1771445338365621218 PROBE_B_START program=low
1771445338368916760 PROBE_B_END program=low
1771445338571805838 PROBE_B_START program=low
1771445338574847009 PROBE_B_END program=low
1771445338777860088 PROBE_B_START program=low
1771445338781208537 PROBE_B_END program=low
1771445338984256745 PROBE_B_START program=low
1771445338987557842 PROBE_B_END program=low
1771445339190576310 PROBE_B_START program=low
1771445339194479797 PROBE_B_END program=low
1771445339397734617 PROBE_B_START program=low
1771445339401157306 PROBE_B_END program=low
1771445339604053644 PROBE_B_START program=low
1771445339607103389 PROBE_B_END program=low
1771445339810089412 PROBE_B_START program=low
1771445339813378176 PROBE_B_END program=low
1771445340016433033 PROBE_B_START program=low
1771445340019708111 PROBE_B_END program=low
1771445340222702097 PROBE_B_START program=low
1771445340226049047 PROBE_B_END program=low
1771445340429059885 PROBE_B_START program=low
1771445340432402389 PROBE_B_END program=low
1771445340635433542 PROBE_B_START program=low
1771445340638761491 PROBE_B_END program=low
1771445340841838940 PROBE_B_START program=low
1771445340845140704 PROBE_B_END program=low
1771445341048139042 PROBE_B_START program=low
1771445341051399417 PROBE_B_END program=low
1771445341254445607 PROBE_B_START program=low
1771445341257773427 PROBE_B_END program=low
1771445341460826691 PROBE_B_START program=low
1771445341464119343 PROBE_B_END program=low
1771445341667158330 PROBE_B_START program=low
1771445341670520334 PROBE_B_END program=low
1771445341873542246 PROBE_B_START program=low
1771445341876867733 PROBE_B_END program=low
1771445342079864478 PROBE_B_START program=low
1771445342083210446 PROBE_B_END program=low
1771445342286205802 PROBE_B_START program=low
1771445342289548048 PROBE_B_END program=low
1771445342492613405 PROBE_B_START program=low
1771445342495911242 PROBE_B_END program=low
1771445342698850340 PROBE_B_START program=low
1771445342702017048 PROBE_B_END program=low
1771445342905131516 PROBE_B_START program=low
1771445342908474372 PROBE_B_END program=low
1771445343111444581 PROBE_B_START program=low
1771445343114736678 PROBE_B_END program=low
1771445343317688850 PROBE_B_START program=low
1771445343321001595 PROBE_B_END program=low
1771445343523975211 PROBE_B_START program=low
1771445343527196715 PROBE_B_END program=low
1771445343730145387 PROBE_B_START program=low
1771445343733337095 PROBE_B_END program=low
1771445343936295304 PROBE_B_START program=low
1771445343939546734 PROBE_B_END program=low
1771445344142556702 PROBE_B_START program=low
1771445344145881318 PROBE_B_END program=low
1771445344348947711 PROBE_B_START program=low
1771445344352227142 PROBE_B_END program=low
1771445344555320314 PROBE_B_START program=low
1771445344558661726 PROBE_B_END program=low
1771445344761686694 PROBE_B_START program=low
1771445344764921346 PROBE_B_END program=low
1771445344967867111 PROBE_B_START program=low
1771445344971202615 PROBE_B_END program=low
1771445345174226769 PROBE_B_START program=low
1771445345177603292 PROBE_B_END program=low
1771445345380583408 PROBE_B_START program=low
1771445345383881950 PROBE_B_END program=low
1771445345586840695 PROBE_B_START program=low
1771445345590159219 PROBE_B_END program=low
1771445345793072483 PROBE_B_START program=low
1771445345796075098 PROBE_B_END program=low
1771445345999108122 PROBE_B_START program=low
1771445346002415978 PROBE_B_END program=low
1771445346205394705 PROBE_B_START program=low
1771445346208707988 PROBE_B_END program=low
1771445346411725734 PROBE_B_START program=low
1771445346414998942 PROBE_B_END program=low
1771445346618065003 PROBE_B_START program=low
1771445346621354026 PROBE_B_END program=low
1771445346824179957 PROBE_B_START program=low
1771445346827181220 PROBE_B_END program=low
1771445347030144355 PROBE_B_START program=low
1771445347033516989 PROBE_B_END program=low
1771445347236768161 PROBE_B_START program=low
1771445347240513630 PROBE_B_END program=low
1771445347443874080 PROBE_B_START program=low
1771445347447172677 PROBE_B_END program=low
1771445347650127497 PROBE_B_START program=low
1771445347653423427 PROBE_B_END program=low
1771445347856349192 PROBE_B_START program=low
1771445347859453418 PROBE_B_END program=low
1771445348062303979 PROBE_B_START program=low
1771445348065594780 PROBE_B_END program=low
1771445348268550211 PROBE_B_START program=low
1771445348271831067 PROBE_B_END program=low
1771445348474867628 PROBE_B_START program=low
1771445348478185651 PROBE_B_END program=low
1771445348681180916 PROBE_B_START program=low
1771445348684482143 PROBE_B_END program=low
1771445348887458185 PROBE_B_START program=low
1771445348890770875 PROBE_B_END program=low
1771445349093873047 PROBE_B_START program=low
1771445349097157163 PROBE_B_END program=low
1771445349300156798 PROBE_B_START program=low
1771445349303442895 PROBE_B_END program=low
1771445349506537234 PROBE_B_START program=low
1771445349509866498 PROBE_B_END program=low
1771445349712871170 PROBE_B_START program=low
1771445349716139489 PROBE_B_END program=low
1771445349919265698 PROBE_B_START program=low
1771445349922588518 PROBE_B_END program=low
1771445350125611060 PROBE_B_START program=low
1771445350128925732 PROBE_B_END program=low
1771445350331950700 PROBE_B_START program=low
1771445350335246853 PROBE_B_END program=low
1771445350538319210 PROBE_B_START program=low
1771445350541694196 PROBE_B_END program=low
1771445350744750794 PROBE_B_START program=low
1771445350748048503 PROBE_B_END program=low
1771445350950995619 PROBE_B_START program=low
1771445350954153013 PROBE_B_END program=low
1771445351157171259 PROBE_B_START program=low
1771445351160543153 PROBE_B_END program=low
1771445351363546528 PROBE_B_START program=low
1771445351366839329 PROBE_B_END program=low
1771445351569868835 PROBE_B_START program=low
1771445351573180877 PROBE_B_END program=low
1771445351776226345 PROBE_B_START program=low
1771445351779461350 PROBE_B_END program=low
1771445351982503892 PROBE_B_START program=low
1771445351985691397 PROBE_B_END program=low
1771445352188752051 PROBE_B_START program=low
1771445352192034740 PROBE_B_END program=low
1771445352395067579 PROBE_B_START program=low
1771445352398395936 PROBE_B_END program=low
1771445352601383886 PROBE_B_START program=low
1771445352604733576 PROBE_B_END program=low
1771445352807803859 PROBE_B_START program=low
1771445352811113623 PROBE_B_END program=low
1771445353013945666 PROBE_B_START program=low
1771445353017044133 PROBE_B_END program=low
1771445353220081917 PROBE_B_START program=low
1771445353223377810 PROBE_B_END program=low
1771445353426403705 PROBE_B_START program=low
1771445353429742080 PROBE_B_END program=low
1771445353632750622 PROBE_B_START program=low
1771445353636104868 PROBE_B_END program=low
1771445353839208003 PROBE_B_START program=low
1771445353842524249 PROBE_B_END program=low
1771445354045502791 PROBE_B_START program=low
1771445354048660092 PROBE_B_END program=low
1771445354251663190 PROBE_B_START program=low
1771445354255057565 PROBE_B_END program=low
1771445354458174034 PROBE_B_START program=low
1771445354461542372 PROBE_B_END program=low
1771445354664607971 PROBE_B_START program=low
1771445354667929920 PROBE_B_END program=low
1771445354871004296 PROBE_B_START program=low
1771445354874315708 PROBE_B_END program=low
1771445355077290584 PROBE_B_START program=low
1771445355081028108 PROBE_B_END program=low
1771445355284384244 PROBE_B_START program=low
1771445355287812915 PROBE_B_END program=low
1771445355490783588 PROBE_B_START program=low
1771445355494091185 PROBE_B_END program=low
1771445355697068617 PROBE_B_START program=low
1771445355700352251 PROBE_B_END program=low
1771445355903427479 PROBE_B_START program=low
1771445355906703317 PROBE_B_END program=low
1771445356109748860 PROBE_B_START program=low
1771445356113165346 PROBE_B_END program=low
1771445356316141334 PROBE_B_START program=low
1771445356319397616 PROBE_B_END program=low
1771445356522418270 PROBE_B_START program=low
1771445356525796071 PROBE_B_END program=low
1771445356728796725 PROBE_B_START program=low
1771445356732045341 PROBE_B_END program=low
1771445356935077606 PROBE_B_START program=low
1771445356938463315 PROBE_B_END program=low
1771445357141467154 PROBE_B_START program=low
1771445357144782548 PROBE_B_END program=low
1771445357347725350 PROBE_B_START program=low
1771445357351038928 PROBE_B_END program=low
1771445357554031564 PROBE_B_START program=low
1771445357557390791 PROBE_B_END program=low
1771445357761485465 PROBE_B_START program=low
1771445357764651340 PROBE_B_END program=low
1771445357967653291 PROBE_B_START program=low
1771445357970945888 PROBE_B_END program=low
1771445358174110024 PROBE_B_START program=low
1771445358177446862 PROBE_B_END program=low
1771445358380506923 PROBE_B_START program=low
1771445358383832854 PROBE_B_END program=low
1771445358586854490 PROBE_B_START program=low
1771445358590191679 PROBE_B_END program=low
1771445358793240075 PROBE_B_START program=low
1771445358796583672 PROBE_B_END program=low
1771445358999543085 PROBE_B_START program=low
1771445359002932534 PROBE_B_END program=low
1771445359205836577 PROBE_B_START program=low
1771445359208907582 PROBE_B_END program=low
1771445359411868866 PROBE_B_START program=low
1771445359415190852 PROBE_B_END program=low
1771445359618173914 PROBE_B_START program=low
1771445359621499492 PROBE_B_END program=low
1771445359824551332 PROBE_B_START program=low
1771445359827823485 PROBE_B_END program=low
1771445360030874324 PROBE_B_START program=low
1771445360034159421 PROBE_B_END program=low
1771445360237034853 PROBE_B_START program=low
1771445360240059228 PROBE_B_END program=low
1771445360443024901 PROBE_B_START program=low
1771445360446359702 PROBE_B_END program=low
1771445360649336041 PROBE_B_START program=low
1771445360652700953 PROBE_B_END program=low
1771445360855727571 PROBE_B_START program=low
1771445360858985816 PROBE_B_END program=low
1771445361062012915 PROBE_B_START program=low
1771445361065338197 PROBE_B_END program=low
1771445361268368519 PROBE_B_START program=low
1771445361271522449 PROBE_B_END program=low
1771445361474568585 PROBE_B_START program=low
1771445361477884330 PROBE_B_END program=low
1771445361681005615 PROBE_B_START program=low
1771445361684256008 PROBE_B_END program=low
1771445361887335126 PROBE_B_START program=low
1771445361890692204 PROBE_B_END program=low
1771445362093813674 PROBE_B_START program=low
1771445362097130753 PROBE_B_END program=low
1771445362300000759 PROBE_B_START program=low
1771445362302974633 PROBE_B_END program=low
1771445362505989584 PROBE_B_START program=low
1771445362509316978 PROBE_B_END program=low
1771445362712380780 PROBE_B_START program=low
1771445362715707248 PROBE_B_END program=low
1771445362918743051 PROBE_B_START program=low
1771445362922132981 PROBE_B_END program=low
1771445363125446396 PROBE_B_START program=low
1771445363129271623 PROBE_B_END program=low
1771445363332310389 PROBE_B_START program=low
1771445363336059043 PROBE_B_END program=low
1771445363539403438 PROBE_B_START program=low
1771445363542612239 PROBE_B_END program=low
1771445363745540264 PROBE_B_START program=low
1771445363748672657 PROBE_B_END program=low
1771445363951572312 PROBE_B_START program=low
1771445363954794057 PROBE_B_END program=low
1771445364157745378 PROBE_B_START program=low
1771445364160946809 PROBE_B_END program=low
1771445364363759371 PROBE_B_START program=low
1771445364366937356 PROBE_B_END program=low
1771445364569999048 PROBE_B_START program=low
1771445364573475794 PROBE_B_END program=low
1771445364776458597 PROBE_B_START program=low
1771445364779940472 PROBE_B_END program=low
1771445364983439831 PROBE_B_START program=low
1771445364986709891 PROBE_B_END program=low
1771445365189685565 PROBE_B_START program=low
1771445365192860180 PROBE_B_END program=low
1771445365395621705 PROBE_B_START program=low
1771445365398623598 PROBE_B_END program=low
1771445365601527808 PROBE_B_START program=low
1771445365604739387 PROBE_B_END program=low
1771445365807724393 PROBE_B_START program=low
1771445365810958176 PROBE_B_END program=low
1771445366013840664 PROBE_B_START program=low
1771445366017107353 PROBE_B_END program=low
1771445366220037712 PROBE_B_START program=low
1771445366223223772 PROBE_B_END program=low
1771445366425986130 PROBE_B_START program=low
1771445366428905912 PROBE_B_END program=low
1771445366631805604 PROBE_B_START program=low
1771445366635087071 PROBE_B_END program=low
1771445366838084985 PROBE_B_START program=low
1771445366841377860 PROBE_B_END program=low
1771445367044361960 PROBE_B_START program=low
1771445367047569038 PROBE_B_END program=low
1771445367250510563 PROBE_B_START program=low
1771445367253676512 PROBE_B_END program=low
1771445367456536519 PROBE_B_START program=low
1771445367459600764 PROBE_B_END program=low
1771445367662453807 PROBE_B_START program=low
1771445367665668830 PROBE_B_END program=low
1771445367868612226 PROBE_B_START program=low
1771445367871793712 PROBE_B_END program=low
1771445368074814404 R2_IDLE_C seconds=30 actions=B_SKELETON
1771445398076859891 SKIP_PROBE_C seconds=60
