1771961805319373653 C1_BASELINE_START
1771961865321259034 C1_BASELINE_END
1771961865324417023 C1_INTERVENTION_START
1771962045328743980 C1_INTERVENTION_END
1771962045329638704 C1_RECOVERY_R1_START
1771962225331512769 C1_RECOVERY_R1_END
1771962225332566864 C1_RECOVERY_R2_START
1771962525192773774 C1_RECOVERY_R2_END
1771962525193711108 C1_POSTBASELINE_START
1771962585195534690 C1_POSTBASELINE_END
1771962585197733672 C2_BASELINE_START
1771962645199619387 C2_BASELINE_END
1771962645202812426 C2_INTERVENTION_START
1771962825207450165 C2_INTERVENTION_END
1771962825208397388 C2_RECOVERY_R1_START
1771963005210205806 C2_RECOVERY_R1_END
1771963005211212363 C2_RECOVERY_R2_START
1771963305200169015 C2_RECOVERY_R2_END
1771963305201124812 C2_POSTBASELINE_START
1771963365202968914 C2_POSTBASELINE_END
1771963365205201195 C3_BASELINE_START
1771963425207105746 C3_BASELINE_END
1771963425210341473 C3_INTERVENTION_START
1771963605214707645 C3_INTERVENTION_END
1771963605215687924 C3_RECOVERY_R1_START
1771963785217499221 C3_RECOVERY_R1_END
1771963785218506667 C3_RECOVERY_R2_START
1771964085154252122 C3_RECOVERY_R2_END
1771964085155198420 C3_POSTBASELINE_START
1771964145157079176 C3_POSTBASELINE_END
