1776680407960133907 A_C1_BASELINE_START
1776680467962440687 A_C1_BASELINE_END
1776680467963368931 A_C1_INTERVENTION_START
1776680477965095862 A_C1_INTERVENTION_END
1776680477966027755 A_C1_RECOVERY_R1_START
1776680537967767792 A_C1_RECOVERY_R1_END
1776680537968663166 A_C1_RECOVERY_R2_START
1776680597972174281 A_C1_RECOVERY_R2_END
1776680597973032025 A_C1_POSTBASELINE_START
1776680657974765015 A_C1_POSTBASELINE_END
1776680657977927657 A_C2_BASELINE_START
1776680717979675248 A_C2_BASELINE_END
1776680717980611992 A_C2_INTERVENTION_START
1776680727982333718 A_C2_INTERVENTION_END
1776680727983273999 A_C2_RECOVERY_R1_START
1776680787985034457 A_C2_RECOVERY_R1_END
1776680787985940534 A_C2_RECOVERY_R2_START
1776680847987891020 A_C2_RECOVERY_R2_END
1776680847988745690 A_C2_POSTBASELINE_START
1776680907990405786 A_C2_POSTBASELINE_END
1776680907993301927 A_C3_BASELINE_START
1776680967995024917 A_C3_BASELINE_END
1776680967995961976 A_C3_INTERVENTION_START
1776680977997828098 A_C3_INTERVENTION_END
1776680977998752213 A_C3_RECOVERY_R1_START
1776681038000576284 A_C3_RECOVERY_R1_END
1776681038001590732 A_C3_RECOVERY_R2_START
1776681098003552863 A_C3_RECOVERY_R2_END
1776681098004371829 A_C3_POSTBASELINE_START
1776681158006019068 A_C3_POSTBASELINE_END
