1772184899067269487 R2_IDLE_A seconds=60 actions=B
1772184959068669691 SKIP_PROBE_A seconds=60
1772185019069990677 R2_IDLE_B seconds=30 actions=B
1772185049072615756 PROBE_B_START program=low
1772185049094990816 PROBE_B_END program=low
1772185049298076377 PROBE_B_START program=low
1772185049321837588 PROBE_B_END program=low
1772185049523838332 PROBE_B_START program=low
1772185049592327200 PROBE_B_END program=low
1772185049794284166 PROBE_B_START program=low
1772185049910317844 PROBE_B_END program=low
1772185050112277569 PROBE_B_START program=low
1772185050216147762 PROBE_B_END program=low
1772185050418132487 PROBE_B_START program=low
1772185050533391960 PROBE_B_END program=low
1772185050735361500 PROBE_B_START program=low
1772185050966473632 PROBE_B_END program=low
1772185051168429839 PROBE_B_START program=low
1772185051209706471 PROBE_B_END program=low
1772185051412040994 PROBE_B_START program=low
1772185051434289961 PROBE_B_END program=low
1772185051636301149 PROBE_B_START program=low
1772185051657525744 PROBE_B_END program=low
1772185051859521007 PROBE_B_START program=low
1772185051881380307 PROBE_B_END program=low
1772185052083418810 PROBE_B_START program=low
1772185052104719035 PROBE_B_END program=low
1772185052306732649 PROBE_B_START program=low
1772185052328387912 PROBE_B_END program=low
1772185052530375508 PROBE_B_START program=low
1772185052551817159 PROBE_B_END program=low
1772185052753823810 PROBE_B_START program=low
1772185052775610184 PROBE_B_END program=low
1772185052977604539 PROBE_B_START program=low
1772185052998979653 PROBE_B_END program=low
1772185053200974360 PROBE_B_START program=low
1772185053222701419 PROBE_B_END program=low
1772185053424791070 PROBE_B_START program=low
1772185053446739852 PROBE_B_END program=low
1772185053648665818 PROBE_B_START program=low
1772185053670583247 PROBE_B_END program=low
1772185053872604103 PROBE_B_START program=low
1772185053894344032 PROBE_B_END program=low
1772185054096349406 PROBE_B_START program=low
1772185054117927890 PROBE_B_END program=low
1772185054319951264 PROBE_B_START program=low
1772185054341225822 PROBE_B_END program=low
1772185054543255344 PROBE_B_START program=low
1772185054580903895 PROBE_B_END program=low
1772185054782917991 PROBE_B_START program=low
1772185054804281882 PROBE_B_END program=low
1772185055006316738 PROBE_B_START program=low
1772185055027653537 PROBE_B_END program=low
1772185055229651577 PROBE_B_START program=low
1772185055251174450 PROBE_B_END program=low
1772185055453255269 PROBE_B_START program=low
1772185055474600364 PROBE_B_END program=low
1772185055676558293 PROBE_B_START program=low
1772185055744849919 PROBE_B_END program=low
1772185055946894701 PROBE_B_START program=low
1772185056033411472 PROBE_B_END program=low
1772185056235388660 PROBE_B_START program=low
1772185056323415564 PROBE_B_END program=low
1772185056525405790 PROBE_B_START program=low
1772185056616732570 PROBE_B_END program=low
1772185056818701166 PROBE_B_START program=low
1772185056895189992 PROBE_B_END program=low
1772185057097143181 PROBE_B_START program=low
1772185057118895147 PROBE_B_END program=low
1772185057320869965 PROBE_B_START program=low
1772185057342514413 PROBE_B_END program=low
1772185057544568953 PROBE_B_START program=low
1772185057565897456 PROBE_B_END program=low
1772185057767929181 PROBE_B_START program=low
1772185057791488873 PROBE_B_END program=low
1772185057993506839 PROBE_B_START program=low
1772185058015581899 PROBE_B_END program=low
1772185058217584606 PROBE_B_START program=low
1772185058238931368 PROBE_B_END program=low
1772185058440944834 PROBE_B_START program=low
1772185058464947638 PROBE_B_END program=low
1772185058666998123 PROBE_B_START program=low
1772185058688382218 PROBE_B_END program=low
1772185058890393351 PROBE_B_START program=low
1772185058957943754 PROBE_B_END program=low
1772185059159917850 PROBE_B_START program=low
1772185059247206030 PROBE_B_END program=low
1772185059449151051 PROBE_B_START program=low
1772185059538093790 PROBE_B_END program=low
1772185059740658183 PROBE_B_START program=low
1772185059826700435 PROBE_B_END program=low
1772185060028679105 PROBE_B_START program=low
1772185060101191554 PROBE_B_END program=low
1772185060303229650 PROBE_B_START program=low
1772185060325154950 PROBE_B_END program=low
1772185060527242435 PROBE_B_START program=low
1772185060549196327 PROBE_B_END program=low
1772185060751348942 PROBE_B_START program=low
1772185060772627815 PROBE_B_END program=low
1772185060974715189 PROBE_B_START program=low
1772185060996164432 PROBE_B_END program=low
1772185061198238065 PROBE_B_START program=low
1772185061219653827 PROBE_B_END program=low
1772185061421697331 PROBE_B_START program=low
1772185061443201296 PROBE_B_END program=low
1772185061645309726 PROBE_B_START program=low
1772185061667362007 PROBE_B_END program=low
1772185061869427085 PROBE_B_START program=low
1772185061890862532 PROBE_B_END program=low
1772185062092993110 PROBE_B_START program=low
1772185062237571507 PROBE_B_END program=low
1772185062439561306 PROBE_B_START program=low
1772185062563258220 PROBE_B_END program=low
1772185062765266168 PROBE_B_START program=low
1772185062871815532 PROBE_B_END program=low
1772185063073860739 PROBE_B_START program=low
1772185063166791670 PROBE_B_END program=low
1772185063368766081 PROBE_B_START program=low
1772185063451739253 PROBE_B_END program=low
1772185063653800201 PROBE_B_START program=low
1772185063675602649 PROBE_B_END program=low
1772185063877668041 PROBE_B_START program=low
1772185063899377377 PROBE_B_END program=low
1772185064101424473 PROBE_B_START program=low
1772185064122872161 PROBE_B_END program=low
1772185064324963702 PROBE_B_START program=low
1772185064347198650 PROBE_B_END program=low
1772185064549240654 PROBE_B_START program=low
1772185064570725786 PROBE_B_END program=low
1772185064772846864 PROBE_B_START program=low
1772185064795237516 PROBE_B_END program=low
1772185064997302964 PROBE_B_START program=low
1772185065018828115 PROBE_B_END program=low
1772185065220882952 PROBE_B_START program=low
1772185065242377195 PROBE_B_END program=low
1772185065444960792 PROBE_B_START program=low
1772185065552326805 PROBE_B_END program=low
1772185065754368383 PROBE_B_START program=low
1772185066072908324 PROBE_B_END program=low
1772185066274917327 PROBE_B_START program=low
1772185066457906851 PROBE_B_END program=low
1772185066659943299 PROBE_B_START program=low
1772185066748051554 PROBE_B_END program=low
1772185066950050076 PROBE_B_START program=low
1772185067039073148 PROBE_B_END program=low
1772185067241042244 PROBE_B_START program=low
1772185067265578012 PROBE_B_END program=low
1772185067467679552 PROBE_B_START program=low
1772185067489206833 PROBE_B_END program=low
1772185067691216929 PROBE_B_START program=low
1772185067718345127 PROBE_B_END program=low
1772185067920559112 PROBE_B_START program=low
1772185067942054985 PROBE_B_END program=low
1772185068144098692 PROBE_B_START program=low
1772185068165456435 PROBE_B_END program=low
1772185068367581198 PROBE_B_START program=low
1772185068389159016 PROBE_B_END program=low
1772185068591210593 PROBE_B_START program=low
1772185068612562855 PROBE_B_END program=low
1772185068814588969 PROBE_B_START program=low
1772185068835971250 PROBE_B_END program=low
1772185069038046253 PROBE_B_START program=low
1772185069106556435 PROBE_B_END program=low
1772185069308800865 PROBE_B_START program=low
1772185069399784070 PROBE_B_END program=low
1772185069601809629 PROBE_B_START program=low
1772185069688076048 PROBE_B_END program=low
1772185069890160607 PROBE_B_START program=low
1772185069978202677 PROBE_B_END program=low
1772185070180198421 PROBE_B_START program=low
1772185070256489359 PROBE_B_END program=low
1772185070458527825 PROBE_B_START program=low
1772185070480524051 PROBE_B_END program=low
1772185070682536684 PROBE_B_START program=low
1772185070704075168 PROBE_B_END program=low
1772185070906133782 PROBE_B_START program=low
1772185070927397211 PROBE_B_END program=low
1772185071129432362 PROBE_B_START program=low
1772185071151424255 PROBE_B_END program=low
1772185071353412036 PROBE_B_START program=low
1772185071374885705 PROBE_B_END program=low
1772185071576946097 PROBE_B_START program=low
1772185071598421192 PROBE_B_END program=low
1772185071800536677 PROBE_B_START program=low
1772185071822069143 PROBE_B_END program=low
1772185072024090091 PROBE_B_START program=low
1772185072045617334 PROBE_B_END program=low
1772185072247750079 PROBE_B_START program=low
1772185072316349280 PROBE_B_END program=low
1772185072518382024 PROBE_B_START program=low
1772185072604273571 PROBE_B_END program=low
1772185072806285537 PROBE_B_START program=low
1772185072891916381 PROBE_B_END program=low
1772185073093868717 PROBE_B_START program=low
1772185073179643580 PROBE_B_END program=low
1772185073381573138 PROBE_B_START program=low
1772185073463438845 PROBE_B_END program=low
1772185073665425497 PROBE_B_START program=low
1772185073687713575 PROBE_B_END program=low
1772185073889701745 PROBE_B_START program=low
1772185073911310785 PROBE_B_END program=low
1772185074113309140 PROBE_B_START program=low
1772185074134623642 PROBE_B_END program=low
1772185074336625534 PROBE_B_START program=low
1772185074358120333 PROBE_B_END program=low
1772185074560114355 PROBE_B_START program=low
1772185074581453894 PROBE_B_END program=low
1772185074783605157 PROBE_B_START program=low
1772185074805442938 PROBE_B_END program=low
1772185075007491645 PROBE_B_START program=low
1772185075028844185 PROBE_B_END program=low
1772185075230843281 PROBE_B_START program=low
1772185075252157098 PROBE_B_END program=low
1772185075454188545 PROBE_B_START program=low
1772185075522041597 PROBE_B_END program=low
1772185075723996026 PROBE_B_START program=low
1772185075819741684 PROBE_B_END program=low
1772185076021697299 PROBE_B_START program=low
1772185076255263990 PROBE_B_END program=low
1772185076457226697 PROBE_B_START program=low
1772185076575059007 PROBE_B_END program=low
1772185076777040177 PROBE_B_START program=low
1772185076865851286 PROBE_B_END program=low
1772185077067872529 PROBE_B_START program=low
1772185077109857866 PROBE_B_END program=low
1772185077311904592 PROBE_B_START program=low
1772185077335436283 PROBE_B_END program=low
1772185077537404213 PROBE_B_START program=low
1772185077558727326 PROBE_B_END program=low
1772185077760813274 PROBE_B_START program=low
1772185077782409721 PROBE_B_END program=low
1772185077984575354 PROBE_B_START program=low
1772185078005913505 PROBE_B_END program=low
1772185078207935693 PROBE_B_START program=low
1772185078229309659 PROBE_B_END program=low
1772185078431365458 PROBE_B_START program=low
1772185078452872757 PROBE_B_END program=low
1772185078654930483 PROBE_B_START program=low
1772185078676357356 PROBE_B_END program=low
1772185078878397729 PROBE_B_START program=low
1772185078950098491 PROBE_B_END program=low
1772185079152213069 PROBE_B_START program=low
1772185079241536123 PROBE_B_END program=low
1772185079443637552 PROBE_B_START program=low
1772185079531530678 PROBE_B_END program=low
1772185079733570977 PROBE_B_START program=low
1772185079819403284 PROBE_B_END program=low
1772185080021452880 PROBE_B_START program=low
1772185080100259303 PROBE_B_END program=low
1772185080302328918 PROBE_B_START program=low
1772185080324427570 PROBE_B_END program=low
1772185080526523925 PROBE_B_START program=low
1772185080548069872 PROBE_B_END program=low
1772185080750102320 PROBE_B_START program=low
1772185080771295581 PROBE_B_END program=low
1772185080973311288 PROBE_B_START program=low
1772185080995077347 PROBE_B_END program=low
1772185081197400776 PROBE_B_START program=low
1772185081218757853 PROBE_B_END program=low
1772185081420761245 PROBE_B_START program=low
1772185081442246766 PROBE_B_END program=low
1772185081644282584 PROBE_B_START program=low
1772185081665762235 PROBE_B_END program=low
1772185081867893294 PROBE_B_START program=low
1772185081889124185 PROBE_B_END program=low
1772185082091173040 PROBE_B_START program=low
1772185082159413981 PROBE_B_END program=low
1772185082361442447 PROBE_B_START program=low
1772185082446350734 PROBE_B_END program=low
1772185082648345755 PROBE_B_START program=low
1772185082735171971 PROBE_B_END program=low
1772185082937161474 PROBE_B_START program=low
1772185083022755651 PROBE_B_END program=low
1772185083224773358 PROBE_B_START program=low
1772185083302665520 PROBE_B_END program=low
1772185083504825394 PROBE_B_START program=low
1772185083526642194 PROBE_B_END program=low
1772185083728678086 PROBE_B_START program=low
1772185083750388126 PROBE_B_END program=low
1772185083952471537 PROBE_B_START program=low
1772185083973898484 PROBE_B_END program=low
1772185084175953376 PROBE_B_START program=low
1772185084229492549 PROBE_B_END program=low
1772185084431449718 PROBE_B_START program=low
1772185084476474302 PROBE_B_END program=low
1772185084678578509 PROBE_B_START program=low
1772185084773755314 PROBE_B_END program=low
1772185084975858891 PROBE_B_START program=low
1772185085072382700 PROBE_B_END program=low
1772185085274440295 PROBE_B_START program=low
1772185086508373762 PROBE_B_END program=low
1772185086710453950 PROBE_B_START program=low
1772185086783577770 PROBE_B_END program=low
1772185086985530903 PROBE_B_START program=low
1772185087074988679 PROBE_B_END program=low
1772185087276983479 PROBE_B_START program=low
1772185087365566124 PROBE_B_END program=low
1772185087567610960 PROBE_B_START program=low
1772185087658184276 PROBE_B_END program=low
1772185087860296057 PROBE_B_START program=low
1772185087936221049 PROBE_B_END program=low
1772185088138265923 PROBE_B_START program=low
1772185088160226056 PROBE_B_END program=low
1772185088362285948 PROBE_B_START program=low
1772185088384122766 PROBE_B_END program=low
1772185088586137806 PROBE_B_START program=low
1772185088607600920 PROBE_B_END program=low
1772185088809694738 PROBE_B_START program=low
1772185088831157815 PROBE_B_END program=low
1772185089033209188 PROBE_B_START program=low
1772185089054743820 PROBE_B_END program=low
1772185089256856194 PROBE_B_START program=low
1772185089278495549 PROBE_B_END program=low
1772185089480636367 PROBE_B_START program=low
1772185089502580093 PROBE_B_END program=low
1772185089704591799 PROBE_B_START program=low
1772185089726196265 PROBE_B_END program=low
1772185089928287213 PROBE_B_START program=low
1772185089998477694 PROBE_B_END program=low
1772185090201198699 PROBE_B_START program=low
1772185090295113872 PROBE_B_END program=low
1772185090497122357 PROBE_B_START program=low
1772185090582762311 PROBE_B_END program=low
1772185090784867185 PROBE_B_START program=low
1772185090869997953 PROBE_B_END program=low
1772185091072070105 PROBE_B_START program=low
1772185091147643393 PROBE_B_END program=low
1772185091349717377 PROBE_B_START program=low
1772185091371631418 PROBE_B_END program=low
1772185091573724402 PROBE_B_START program=low
1772185091595537239 PROBE_B_END program=low
1772185091797579001 PROBE_B_START program=low
1772185091870441747 PROBE_B_END program=low
1772185092072482843 PROBE_B_START program=low
1772185092163657752 PROBE_B_END program=low
1772185092365715033 PROBE_B_START program=low
1772185092463442825 PROBE_B_END program=low
1772185092665445476 PROBE_B_START program=low
1772185092764946697 PROBE_B_END program=low
1772185092966980996 PROBE_B_START program=low
1772185093185409474 PROBE_B_END program=low
1772185093387398106 PROBE_B_START program=low
1772185093848579644 PROBE_B_END program=low
1772185094050583499 PROBE_B_START program=low
1772185094446208619 PROBE_B_END program=low
1772185094648191103 PROBE_B_START program=low
1772185095043330296 PROBE_B_END program=low
1772185095245349873 PROBE_B_START program=low
1772185095381399254 PROBE_B_END program=low
1772185095583434702 PROBE_B_START program=low
1772185095604910890 PROBE_B_END program=low
1772185095806985152 PROBE_B_START program=low
1772185095828361525 PROBE_B_END program=low
1772185096030602010 PROBE_B_START program=low
1772185096052506698 PROBE_B_END program=low
1772185096254584794 PROBE_B_START program=low
1772185096276089556 PROBE_B_END program=low
1772185096478192541 PROBE_B_START program=low
1772185096499676988 PROBE_B_END program=low
1772185096701769269 PROBE_B_START program=low
1772185096775280127 PROBE_B_END program=low
1772185096977240907 PROBE_B_START program=low
1772185097066387776 PROBE_B_END program=low
1772185097268396186 PROBE_B_START program=low
1772185097356416793 PROBE_B_END program=low
1772185097558484000 PROBE_B_START program=low
1772185097649828595 PROBE_B_END program=low
1772185097851845172 PROBE_B_START program=low
1772185097904507176 PROBE_B_END program=low
1772185098106516939 PROBE_B_START program=low
1772185098128350386 PROBE_B_END program=low
1772185098330432093 PROBE_B_START program=low
1772185098352174411 PROBE_B_END program=low
1772185098554265470 PROBE_B_START program=low
1772185098577918217 PROBE_B_END program=low
1772185098779964627 PROBE_B_START program=low
1772185098801779557 PROBE_B_END program=low
1772185099003782411 PROBE_B_START program=low
1772185099025311488 PROBE_B_END program=low
1772185099227384991 PROBE_B_START program=low
1772185099248802290 PROBE_B_END program=low
1772185099450917534 PROBE_B_START program=low
1772185099472363333 PROBE_B_END program=low
1772185099674474614 PROBE_B_START program=low
1772185099695853079 PROBE_B_END program=low
1772185099897920323 PROBE_B_START program=low
1772185099968022545 PROBE_B_END program=low
1772185100170061881 PROBE_B_START program=low
1772185100260483271 PROBE_B_END program=low
1772185100462604014 PROBE_B_START program=low
1772185100550016843 PROBE_B_END program=low
1772185100752000790 PROBE_B_START program=low
1772185100835467592 PROBE_B_END program=low
1772185101037464410 PROBE_B_START program=low
1772185101111290935 PROBE_B_END program=low
1772185101313327735 PROBE_B_START program=low
1772185101335198756 PROBE_B_END program=low
1772185101537203278 PROBE_B_START program=low
1772185101558833818 PROBE_B_END program=low
1772185101760873006 PROBE_B_START program=low
1772185101782371453 PROBE_B_END program=low
1772185101984423123 PROBE_B_START program=low
1772185102005729495 PROBE_B_END program=low
1772185102207832535 PROBE_B_START program=low
1772185102229373853 PROBE_B_END program=low
1772185102431428282 PROBE_B_START program=low
1772185102453355119 PROBE_B_END program=low
1772185102655467418 PROBE_B_START program=low
1772185102676765698 PROBE_B_END program=low
1772185102878827331 PROBE_B_START program=low
1772185102900297926 PROBE_B_END program=low
1772185103102392336 PROBE_B_START program=low
1772185103172485096 PROBE_B_END program=low
1772185103374505932 PROBE_B_START program=low
1772185103465513007 PROBE_B_END program=low
1772185103667503195 PROBE_B_START program=low
1772185103756725416 PROBE_B_END program=low
1772185103958790900 PROBE_B_START program=low
1772185104055486116 PROBE_B_END program=low
1772185104257459396 PROBE_B_START program=low
1772185104341777904 PROBE_B_END program=low
1772185104543922129 PROBE_B_START program=low
1772185104565910985 PROBE_B_END program=low
1772185104768010414 PROBE_B_START program=low
1772185104789603454 PROBE_B_END program=low
1772185104991689420 PROBE_B_START program=low
1772185105013124848 PROBE_B_END program=low
1772185105215198573 PROBE_B_START program=low
1772185105236711132 PROBE_B_END program=low
1772185105438761431 PROBE_B_START program=low
1772185105460121785 PROBE_B_END program=low
1772185105662196455 PROBE_B_START program=low
1772185105683408772 PROBE_B_END program=low
1772185105885464367 PROBE_B_START program=low
1772185105906925129 PROBE_B_END program=low
1772185106108932317 PROBE_B_START program=low
1772185106130513227 PROBE_B_END program=low
1772185106332573767 PROBE_B_START program=low
1772185106402403804 PROBE_B_END program=low
1772185106604673918 PROBE_B_START program=low
1772185106827093699 PROBE_B_END program=low
1772185107029103850 PROBE_B_START program=low
1772185107612075613 PROBE_B_END program=low
1772185107814072745 PROBE_B_START program=low
1772185108275689153 PROBE_B_END program=low
1772185108477623415 PROBE_B_START program=low
1772185108938527878 PROBE_B_END program=low
1772185109140496066 R2_IDLE_C seconds=30 actions=B
1772185139141840406 SKIP_PROBE_C seconds=60
