1771964953398730303 R2_IDLE_A seconds=60 actions=B
1771965013400716984 SKIP_PROBE_A seconds=60
1771965073402568214 R2_IDLE_B seconds=30 actions=B
1771965103406510671 PROBE_B_START program=low
1771965103478567497 PROBE_B_END program=low
1771965103681484826 PROBE_B_START program=low
1771965103777700884 PROBE_B_END program=low
1771965103980568120 PROBE_B_START program=low
1771965104073816911 PROBE_B_END program=low
1771965104276555295 PROBE_B_START program=low
1771965104334857657 PROBE_B_END program=low
1771965104537646467 PROBE_B_START program=low
1771965104594757567 PROBE_B_END program=low
1771965104797716915 PROBE_B_START program=low
1771965104856124370 PROBE_B_END program=low
1771965105058987032 PROBE_B_START program=low
1771965105107681608 PROBE_B_END program=low
1771965105310578437 PROBE_B_START program=low
1771965105338147197 PROBE_B_END program=low
1771965105541207600 PROBE_B_START program=low
1771965105566890540 PROBE_B_END program=low
1771965105769848277 PROBE_B_START program=low
1771965105795286586 PROBE_B_END program=low
1771965105998238526 PROBE_B_START program=low
1771965106073172452 PROBE_B_END program=low
1771965106275869373 PROBE_B_START program=low
1771965106375736570 PROBE_B_END program=low
1771965106578649398 PROBE_B_START program=low
1771965106637956300 PROBE_B_END program=low
1771965106840921739 PROBE_B_START program=low
1771965106905194321 PROBE_B_END program=low
1771965107108141816 PROBE_B_START program=low
1771965107171488025 PROBE_B_END program=low
1771965107374298390 PROBE_B_START program=low
1771965107606491223 PROBE_B_END program=low
1771965107809412404 PROBE_B_START program=low
1771965107943968713 PROBE_B_END program=low
1771965108146827041 PROBE_B_START program=low
1771965108203606232 PROBE_B_END program=low
1771965108406454152 PROBE_B_START program=low
1771965108433310410 PROBE_B_END program=low
1771965108636229516 PROBE_B_START program=low
1771965108662819717 PROBE_B_END program=low
1771965108865714879 PROBE_B_START program=low
1771965108890884428 PROBE_B_END program=low
1771965109093893108 PROBE_B_START program=low
1771965109119504881 PROBE_B_END program=low
1771965109322468931 PROBE_B_START program=low
1771965109347287554 PROBE_B_END program=low
1771965109550344604 PROBE_B_START program=low
1771965109575703358 PROBE_B_END program=low
1771965109778585630 PROBE_B_START program=low
1771965109804252700 PROBE_B_END program=low
1771965110007219620 PROBE_B_START program=low
1771965110032736411 PROBE_B_END program=low
1771965110235796887 PROBE_B_START program=low
1771965110308314991 PROBE_B_END program=low
1771965110511338059 PROBE_B_START program=low
1771965110605053017 PROBE_B_END program=low
1771965110807973437 PROBE_B_START program=low
1771965110898415534 PROBE_B_END program=low
1771965111101367194 PROBE_B_START program=low
1771965111162189229 PROBE_B_END program=low
1771965111365280353 PROBE_B_START program=low
1771965111423850049 PROBE_B_END program=low
1771965111626688320 PROBE_B_START program=low
1771965111683693919 PROBE_B_END program=low
1771965111886696320 PROBE_B_START program=low
1771965111932322721 PROBE_B_END program=low
1771965112135250011 PROBE_B_START program=low
1771965112160752395 PROBE_B_END program=low
1771965112363917278 PROBE_B_START program=low
1771965112389539736 PROBE_B_END program=low
1771965112592568470 PROBE_B_START program=low
1771965112617952169 PROBE_B_END program=low
1771965112820800847 PROBE_B_START program=low
1771965112845657470 PROBE_B_END program=low
1771965113048583389 PROBE_B_START program=low
1771965113075561388 PROBE_B_END program=low
1771965113278552974 PROBE_B_START program=low
1771965113303492430 PROBE_B_END program=low
1771965113506302664 PROBE_B_START program=low
1771965113530112062 PROBE_B_END program=low
1771965113733285222 PROBE_B_START program=low
1771965113758855773 PROBE_B_END program=low
1771965113961703655 PROBE_B_START program=low
1771965113986577129 PROBE_B_END program=low
1771965114189500030 PROBE_B_START program=low
1771965114214210152 PROBE_B_END program=low
1771965114417988554 PROBE_B_START program=low
1771965114443666216 PROBE_B_END program=low
1771965114646610876 PROBE_B_START program=low
1771965114671454943 PROBE_B_END program=low
1771965114874272065 PROBE_B_START program=low
1771965114899120077 PROBE_B_END program=low
1771965115102001884 PROBE_B_START program=low
1771965115126760118 PROBE_B_END program=low
1771965115329667796 PROBE_B_START program=low
1771965115354495418 PROBE_B_END program=low
1771965115557291188 PROBE_B_START program=low
1771965115627643767 PROBE_B_END program=low
1771965115830479982 PROBE_B_START program=low
1771965115922845898 PROBE_B_END program=low
1771965116125697001 PROBE_B_START program=low
1771965116213358423 PROBE_B_END program=low
1771965116416193378 PROBE_B_START program=low
1771965116507065975 PROBE_B_END program=low
1771965116709865764 PROBE_B_START program=low
1771965116790675130 PROBE_B_END program=low
1771965116993590011 PROBE_B_START program=low
1771965117018690708 PROBE_B_END program=low
1771965117221570626 PROBE_B_START program=low
1771965117246630786 PROBE_B_END program=low
1771965117449620556 PROBE_B_START program=low
1771965117474541753 PROBE_B_END program=low
1771965117677411153 PROBE_B_START program=low
1771965117701845478 PROBE_B_END program=low
1771965117904687581 PROBE_B_START program=low
1771965117929709759 PROBE_B_END program=low
1771965118132833029 PROBE_B_START program=low
1771965118158285543 PROBE_B_END program=low
1771965118361258071 PROBE_B_START program=low
1771965118386204972 PROBE_B_END program=low
1771965118589303075 PROBE_B_START program=low
1771965118614245365 PROBE_B_END program=low
1771965118817230116 PROBE_B_START program=low
1771965118890977056 PROBE_B_END program=low
1771965119093800491 PROBE_B_START program=low
1771965119184387069 PROBE_B_END program=low
1771965119387292005 PROBE_B_START program=low
1771965119482716836 PROBE_B_END program=low
1771965119685483494 PROBE_B_START program=low
1771965119782974923 PROBE_B_END program=low
1771965119985813137 PROBE_B_START program=low
1771965120234453029 PROBE_B_END program=low
1771965120437647854 PROBE_B_START program=low
1771965120479639319 PROBE_B_END program=low
1771965120682686385 PROBE_B_START program=low
1771965120707455136 PROBE_B_END program=low
1771965120910238924 PROBE_B_START program=low
1771965120935239139 PROBE_B_END program=low
1771965121138157445 PROBE_B_START program=low
1771965121163107401 PROBE_B_END program=low
1771965121366108818 PROBE_B_START program=low
1771965121391065070 PROBE_B_END program=low
1771965121594055209 PROBE_B_START program=low
1771965121621045578 PROBE_B_END program=low
1771965121823975995 PROBE_B_START program=low
1771965121848999674 PROBE_B_END program=low
1771965122052013424 PROBE_B_START program=low
1771965122076913658 PROBE_B_END program=low
1771965122279909334 PROBE_B_START program=low
1771965122351063414 PROBE_B_END program=low
1771965122553984534 PROBE_B_START program=low
1771965122644339592 PROBE_B_END program=low
1771965122847208509 PROBE_B_START program=low
1771965122938989404 PROBE_B_END program=low
1771965123141929561 PROBE_B_START program=low
1771965123234751737 PROBE_B_END program=low
1771965123437727486 PROBE_B_START program=low
1771965123521646323 PROBE_B_END program=low
1771965123725253334 PROBE_B_START program=low
1771965123752985557 PROBE_B_END program=low
1771965123955976269 PROBE_B_START program=low
1771965123981042281 PROBE_B_END program=low
1771965124184006920 PROBE_B_START program=low
1771965124208912487 PROBE_B_END program=low
1771965124411863958 PROBE_B_START program=low
1771965124436799210 PROBE_B_END program=low
1771965124639829349 PROBE_B_START program=low
1771965124664727749 PROBE_B_END program=low
1771965124867613721 PROBE_B_START program=low
1771965124891510563 PROBE_B_END program=low
1771965125094387441 PROBE_B_START program=low
1771965125119390064 PROBE_B_END program=low
1771965125322397054 PROBE_B_START program=low
1771965125347298547 PROBE_B_END program=low
1771965125550244111 PROBE_B_START program=low
1771965125621674414 PROBE_B_END program=low
1771965125824457755 PROBE_B_START program=low
1771965125915450129 PROBE_B_END program=low
1771965126118356730 PROBE_B_START program=low
1771965126210153421 PROBE_B_END program=low
1771965126413215689 PROBE_B_START program=low
1771965126501254018 PROBE_B_END program=low
1771965126704237822 PROBE_B_START program=low
1771965126783776665 PROBE_B_END program=low
1771965126986689618 PROBE_B_START program=low
1771965127011966334 PROBE_B_END program=low
1771965127214963305 PROBE_B_START program=low
1771965127239831334 PROBE_B_END program=low
1771965127442680824 PROBE_B_START program=low
1771965127467607502 PROBE_B_END program=low
1771965127670632732 PROBE_B_START program=low
1771965127695530484 PROBE_B_END program=low
1771965127898478566 PROBE_B_START program=low
1771965127922996687 PROBE_B_END program=low
1771965128125947972 PROBE_B_START program=low
1771965128150950632 PROBE_B_END program=low
1771965128353959066 PROBE_B_START program=low
1771965128379202356 PROBE_B_END program=low
1771965128582160585 PROBE_B_START program=low
1771965128607106578 PROBE_B_END program=low
1771965128810069604 PROBE_B_START program=low
1771965128892773567 PROBE_B_END program=low
1771965129095686278 PROBE_B_START program=low
1771965129186005168 PROBE_B_END program=low
1771965129388962046 PROBE_B_START program=low
1771965129478278249 PROBE_B_END program=low
1771965129681244330 PROBE_B_START program=low
1771965129777037272 PROBE_B_END program=low
1771965129980054853 PROBE_B_START program=low
1771965130068225368 PROBE_B_END program=low
1771965130271080800 PROBE_B_START program=low
1771965130296354701 PROBE_B_END program=low
1771965130499387042 PROBE_B_START program=low
1771965130524397609 PROBE_B_END program=low
1771965130727351727 PROBE_B_START program=low
1771965130752170645 PROBE_B_END program=low
1771965130955258023 PROBE_B_START program=low
1771965130980285220 PROBE_B_END program=low
1771965131183301819 PROBE_B_START program=low
1771965131208188867 PROBE_B_END program=low
1771965131411217393 PROBE_B_START program=low
1771965131435922681 PROBE_B_END program=low
1771965131638864447 PROBE_B_START program=low
1771965131663831199 PROBE_B_END program=low
1771965131866791410 PROBE_B_START program=low
1771965131891882681 PROBE_B_END program=low
1771965132094827576 PROBE_B_START program=low
1771965132168388995 PROBE_B_END program=low
1771965132371340409 PROBE_B_START program=low
1771965132616105361 PROBE_B_END program=low
1771965132819048275 PROBE_B_START program=low
1771965132909055349 PROBE_B_END program=low
1771965133111795336 PROBE_B_START program=low
1771965133198765273 PROBE_B_END program=low
1771965133401700168 PROBE_B_START program=low
1771965133488859271 PROBE_B_END program=low
1771965133691939815 PROBE_B_START program=low
1771965133717244679 PROBE_B_END program=low
1771965133920207278 PROBE_B_START program=low
1771965133945213345 PROBE_B_END program=low
1771965134148130647 PROBE_B_START program=low
1771965134172435212 PROBE_B_END program=low
1771965134375518273 PROBE_B_START program=low
1771965134400538118 PROBE_B_END program=low
1771965134603398513 PROBE_B_START program=low
1771965134628806581 PROBE_B_END program=low
1771965134831746050 PROBE_B_START program=low
1771965134856716635 PROBE_B_END program=low
1771965135061078459 PROBE_B_START program=low
1771965135086016063 PROBE_B_END program=low
1771965135288972680 PROBE_B_START program=low
1771965135313894450 PROBE_B_END program=low
1771965135516867159 PROBE_B_START program=low
1771965135589527742 PROBE_B_END program=low
1771965135792407581 PROBE_B_START program=low
1771965135884700791 PROBE_B_END program=low
1771965136088077187 PROBE_B_START program=low
1771965136177313369 PROBE_B_END program=low
1771965136380132245 PROBE_B_START program=low
1771965136470644820 PROBE_B_END program=low
1771965136673481862 PROBE_B_START program=low
1771965136752604888 PROBE_B_END program=low
1771965136955476338 PROBE_B_START program=low
1771965136980632738 PROBE_B_END program=low
1771965137183409706 PROBE_B_START program=low
1771965137207168788 PROBE_B_END program=low
1771965137409990700 PROBE_B_START program=low
1771965137434833100 PROBE_B_END program=low
1771965137637762512 PROBE_B_START program=low
1771965137663083024 PROBE_B_END program=low
1771965137866017900 PROBE_B_START program=low
1771965137891005041 PROBE_B_END program=low
1771965138093873119 PROBE_B_START program=low
1771965138118686111 PROBE_B_END program=low
1771965138321590820 PROBE_B_START program=low
1771965138346777869 PROBE_B_END program=low
1771965138549708410 PROBE_B_START program=low
1771965138574500791 PROBE_B_END program=low
1771965138777375833 PROBE_B_START program=low
1771965138848801820 PROBE_B_END program=low
1771965139051716158 PROBE_B_START program=low
1771965139173088889 PROBE_B_END program=low
1771965139376158950 PROBE_B_START program=low
1771965139482489530 PROBE_B_END program=low
1771965139685357052 PROBE_B_START program=low
1771965139775746127 PROBE_B_END program=low
1771965139978569576 PROBE_B_START program=low
1771965140069779356 PROBE_B_END program=low
1771965140272704897 PROBE_B_START program=low
1771965140370754807 PROBE_B_END program=low
1771965140573628366 PROBE_B_START program=low
1771965140803087849 PROBE_B_END program=low
1771965141006022779 PROBE_B_START program=low
1771965141178999481 PROBE_B_END program=low
1771965141381965855 PROBE_B_START program=low
1771965141473183339 PROBE_B_END program=low
1771965141676087491 PROBE_B_START program=low
1771965141718554623 PROBE_B_END program=low
1771965141921568942 PROBE_B_START program=low
1771965141946562064 PROBE_B_END program=low
1771965142149551827 PROBE_B_START program=low
1771965142174474041 PROBE_B_END program=low
1771965142377436249 PROBE_B_START program=low
1771965142402105315 PROBE_B_END program=low
1771965142604947688 PROBE_B_START program=low
1771965142690856899 PROBE_B_END program=low
1771965142893953403 PROBE_B_START program=low
1771965142988710470 PROBE_B_END program=low
1771965143191693918 PROBE_B_START program=low
1771965143282764753 PROBE_B_END program=low
1771965143485639664 PROBE_B_START program=low
1771965143572388710 PROBE_B_END program=low
1771965143775323528 PROBE_B_START program=low
1771965143832464791 PROBE_B_END program=low
1771965144035412128 PROBE_B_START program=low
1771965144083913961 PROBE_B_END program=low
1771965144286856131 PROBE_B_START program=low
1771965144312041568 PROBE_B_END program=low
1771965144514933330 PROBE_B_START program=low
1771965144539304636 PROBE_B_END program=low
1771965144742207565 PROBE_B_START program=low
1771965144767312391 PROBE_B_END program=low
1771965144970212931 PROBE_B_START program=low
1771965144995208072 PROBE_B_END program=low
1771965145198139482 PROBE_B_START program=low
1771965145223038455 PROBE_B_END program=low
1771965145426061403 PROBE_B_START program=low
1771965145450872136 PROBE_B_END program=low
1771965145653678083 PROBE_B_START program=low
1771965145678673390 PROBE_B_END program=low
1771965145881618208 PROBE_B_START program=low
1771965145954888051 PROBE_B_END program=low
1771965146157806646 PROBE_B_START program=low
1771965146246898605 PROBE_B_END program=low
1771965146450056275 PROBE_B_START program=low
1771965146538601047 PROBE_B_END program=low
1771965146741483679 PROBE_B_START program=low
1771965146830630120 PROBE_B_END program=low
1771965147033515252 PROBE_B_START program=low
1771965147089980958 PROBE_B_END program=low
1771965147292880534 PROBE_B_START program=low
1771965147338232432 PROBE_B_END program=low
1771965147541161601 PROBE_B_START program=low
1771965147565612907 PROBE_B_END program=low
1771965147768379557 PROBE_B_START program=low
1771965147792720029 PROBE_B_END program=low
1771965147995614902 PROBE_B_START program=low
1771965148020582801 PROBE_B_END program=low
1771965148223569730 PROBE_B_START program=low
1771965148248435296 PROBE_B_END program=low
1771965148451516631 PROBE_B_START program=low
1771965148486257705 PROBE_B_END program=low
1771965148689242726 PROBE_B_START program=low
1771965148713135141 PROBE_B_END program=low
1771965148916028939 PROBE_B_START program=low
1771965148941086969 PROBE_B_END program=low
1771965149144065712 PROBE_B_START program=low
1771965149217827833 PROBE_B_END program=low
1771965149420738983 PROBE_B_START program=low
1771965149518992874 PROBE_B_END program=low
1771965149722091802 PROBE_B_START program=low
1771965149820470619 PROBE_B_END program=low
1771965150023662066 PROBE_B_START program=low
1771965150253129638 PROBE_B_END program=low
1771965150456058991 PROBE_B_START program=low
1771965150629285803 PROBE_B_END program=low
1771965150832167878 PROBE_B_START program=low
1771965150880820952 PROBE_B_END program=low
1771965151083750823 PROBE_B_START program=low
1771965151108815168 PROBE_B_END program=low
1771965151311855688 PROBE_B_START program=low
1771965151336727939 PROBE_B_END program=low
1771965151539654551 PROBE_B_START program=low
1771965151565514379 PROBE_B_END program=low
1771965151768626510 PROBE_B_START program=low
1771965151797961218 PROBE_B_END program=low
1771965152000926793 PROBE_B_START program=low
1771965152025961749 PROBE_B_END program=low
1771965152228945268 PROBE_B_START program=low
1771965152253765093 PROBE_B_END program=low
1771965152456644353 PROBE_B_START program=low
1771965152481565012 PROBE_B_END program=low
1771965152684510254 PROBE_B_START program=low
1771965152756023314 PROBE_B_END program=low
1771965152958972852 PROBE_B_START program=low
1771965153051382023 PROBE_B_END program=low
1771965153254344320 PROBE_B_START program=low
1771965153346388767 PROBE_B_END program=low
1771965153549298527 PROBE_B_START program=low
1771965153640724695 PROBE_B_END program=low
1771965153843620066 PROBE_B_START program=low
1771965153924236632 PROBE_B_END program=low
1771965154127134910 PROBE_B_START program=low
1771965154152409940 PROBE_B_END program=low
1771965154355373348 PROBE_B_START program=low
1771965154380414859 PROBE_B_END program=low
1771965154583418508 PROBE_B_START program=low
1771965154608319462 PROBE_B_END program=low
1771965154811362648 PROBE_B_START program=low
1771965154836446474 PROBE_B_END program=low
1771965155039449271 PROBE_B_START program=low
1771965155064478226 PROBE_B_END program=low
1771965155267410412 PROBE_B_START program=low
1771965155292276311 PROBE_B_END program=low
1771965155495286626 PROBE_B_START program=low
1771965155520436970 PROBE_B_END program=low
1771965155723508563 PROBE_B_START program=low
1771965155748050665 PROBE_B_END program=low
1771965155950979869 PROBE_B_START program=low
1771965156022865819 PROBE_B_END program=low
1771965156225742522 PROBE_B_START program=low
1771965156318515416 PROBE_B_END program=low
1771965156521820380 PROBE_B_START program=low
1771965156608946592 PROBE_B_END program=low
1771965156811921388 PROBE_B_START program=low
1771965156899907529 PROBE_B_END program=low
1771965157102752232 PROBE_B_START program=low
1771965157181504588 PROBE_B_END program=low
1771965157384388421 PROBE_B_START program=low
1771965157409704988 PROBE_B_END program=low
1771965157612753081 PROBE_B_START program=low
1771965157637760073 PROBE_B_END program=low
1771965157840817869 PROBE_B_START program=low
1771965157867332124 PROBE_B_END program=low
1771965158070270291 PROBE_B_START program=low
1771965158095311098 PROBE_B_END program=low
1771965158298266023 PROBE_B_START program=low
1771965158323239274 PROBE_B_END program=low
1771965158526187903 PROBE_B_START program=low
1771965158551097654 PROBE_B_END program=low
1771965158754060357 PROBE_B_START program=low
1771965158780174223 PROBE_B_END program=low
1771965158983442353 PROBE_B_START program=low
1771965159008523641 PROBE_B_END program=low
1771965159211556937 PROBE_B_START program=low
1771965159283518220 PROBE_B_END program=low
1771965159486422515 PROBE_B_START program=low
1771965159577701812 PROBE_B_END program=low
1771965159780914701 PROBE_B_START program=low
1771965159881030761 PROBE_B_END program=low
1771965160083952205 PROBE_B_START program=low
1771965160183023615 PROBE_B_END program=low
1771965160386025632 PROBE_B_START program=low
1771965160606778067 PROBE_B_END program=low
1771965160809751140 PROBE_B_START program=low
1771965160942105730 PROBE_B_END program=low
1771965161145012618 PROBE_B_START program=low
1771965161170154240 PROBE_B_END program=low
1771965161373186795 PROBE_B_START program=low
1771965161398264213 PROBE_B_END program=low
1771965161601199563 PROBE_B_START program=low
1771965161626168240 PROBE_B_END program=low
1771965161829161924 PROBE_B_START program=low
1771965161854045693 PROBE_B_END program=low
1771965162056964136 PROBE_B_START program=low
1771965162081525757 PROBE_B_END program=low
1771965162284455218 PROBE_B_START program=low
1771965162309474802 PROBE_B_END program=low
1771965162512395393 PROBE_B_START program=low
1771965162537390385 PROBE_B_END program=low
1771965162740414903 PROBE_B_START program=low
1771965162813450354 PROBE_B_END program=low
1771965163016271538 R2_IDLE_C seconds=30 actions=B
1771965193018127038 SKIP_PROBE_C seconds=60
