1771415252089662240 R2_IDLE_A seconds=60 actions=B_SKELETON
1771415312091679237 SKIP_PROBE_A seconds=60
1771415372093587711 R2_IDLE_B seconds=30 actions=B_SKELETON
1771415402097614339 PROBE_B_START program=low
1771415402100691270 PROBE_B_END program=low
1771415402303517631 PROBE_B_START program=low
1771415402306664137 PROBE_B_END program=low
1771415402509487554 PROBE_B_START program=low
1771415402512575504 PROBE_B_END program=low
1771415402715368643 PROBE_B_START program=low
1771415402718489594 PROBE_B_END program=low
1771415402921208677 PROBE_B_START program=low
1771415402923945663 PROBE_B_END program=low
1771415403126767154 PROBE_B_START program=low
1771415403129874642 PROBE_B_END program=low
1771415403332740503 PROBE_B_START program=low
1771415403336093157 PROBE_B_END program=low
1771415403539171556 PROBE_B_START program=low
1771415403542639840 PROBE_B_END program=low
1771415403745561517 PROBE_B_START program=low
1771415403748631726 PROBE_B_END program=low
1771415403951497272 PROBE_B_START program=low
1771415403954588112 PROBE_B_END program=low
1771415404157390899 PROBE_B_START program=low
1771415404160467849 PROBE_B_END program=low
1771415404363277210 PROBE_B_START program=low
1771415404366413105 PROBE_B_END program=low
1771415404569246244 PROBE_B_START program=low
1771415404572278546 PROBE_B_END program=low
1771415404775084685 PROBE_B_START program=low
1771415404778166950 PROBE_B_END program=low
1771415404981691997 PROBE_B_START program=low
1771415404984634651 PROBE_B_END program=low
1771415405187440049 PROBE_B_START program=low
1771415405190556296 PROBE_B_END program=low
1771415405393370824 PROBE_B_START program=low
1771415405396405866 PROBE_B_END program=low
1771415405599239950 PROBE_B_START program=low
1771415405602397789 PROBE_B_END program=low
1771415405805261595 PROBE_B_START program=low
1771415405808286675 PROBE_B_END program=low
1771415406011129517 PROBE_B_START program=low
1771415406014273690 PROBE_B_END program=low
1771415406217044995 PROBE_B_START program=low
1771415406220204242 PROBE_B_END program=low
1771415406423081918 PROBE_B_START program=low
1771415406426212165 PROBE_B_END program=low
1771415406629002044 PROBE_B_START program=low
1771415406632126735 PROBE_B_END program=low
1771415406834969374 PROBE_B_START program=low
1771415406838074473 PROBE_B_END program=low
1771415407040953075 PROBE_B_START program=low
1771415407044036599 PROBE_B_END program=low
1771415407246897164 PROBE_B_START program=low
1771415407250145059 PROBE_B_END program=low
1771415407453078865 PROBE_B_START program=low
1771415407456320501 PROBE_B_END program=low
1771415407659290769 PROBE_B_START program=low
1771415407662558016 PROBE_B_END program=low
1771415407865480415 PROBE_B_START program=low
1771415407868740958 PROBE_B_END program=low
1771415408071601560 PROBE_B_START program=low
1771415408074693121 PROBE_B_END program=low
1771415408277638742 PROBE_B_START program=low
1771415408280856859 PROBE_B_END program=low
1771415408483785850 PROBE_B_START program=low
1771415408487005560 PROBE_B_END program=low
1771415408689931365 PROBE_B_START program=low
1771415408693169909 PROBE_B_END program=low
1771415408896067862 PROBE_B_START program=low
1771415408899268628 PROBE_B_END program=low
1771415409102101878 PROBE_B_START program=low
1771415409105164958 PROBE_B_END program=low
1771415409308091800 PROBE_B_START program=low
1771415409311338455 PROBE_B_END program=low
1771415409514267742 PROBE_B_START program=low
1771415409517517841 PROBE_B_END program=low
1771415409720500535 PROBE_B_START program=low
1771415409723715486 PROBE_B_END program=low
1771415409926660514 PROBE_B_START program=low
1771415409929917464 PROBE_B_END program=low
1771415410132692159 PROBE_B_START program=low
1771415410135573960 PROBE_B_END program=low
1771415410338447933 PROBE_B_START program=low
1771415410341719920 PROBE_B_END program=low
1771415410544669004 PROBE_B_START program=low
1771415410547844399 PROBE_B_END program=low
1771415410750823668 PROBE_B_START program=low
1771415410754078415 PROBE_B_END program=low
1771415410957003757 PROBE_B_START program=low
1771415410960209708 PROBE_B_END program=low
1771415411163014865 PROBE_B_START program=low
1771415411166022241 PROBE_B_END program=low
1771415411368894010 PROBE_B_START program=low
1771415411372072090 PROBE_B_END program=low
1771415411574963377 PROBE_B_START program=low
1771415411578187253 PROBE_B_END program=low
1771415411781188522 PROBE_B_START program=low
1771415411784599232 PROBE_B_END program=low
1771415411987961687 PROBE_B_START program=low
1771415411991224415 PROBE_B_END program=low
1771415412193974813 PROBE_B_START program=low
1771415412196858523 PROBE_B_END program=low
1771415412399688162 PROBE_B_START program=low
1771415412402920149 PROBE_B_END program=low
1771415412605829992 PROBE_B_START program=low
1771415412609029238 PROBE_B_END program=low
1771415412811927952 PROBE_B_START program=low
1771415412815108772 PROBE_B_END program=low
1771415413017973745 PROBE_B_START program=low
1771415413021196214 PROBE_B_END program=low
1771415413223970890 PROBE_B_START program=low
1771415413226943099 PROBE_B_END program=low
1771415413429826330 PROBE_B_START program=low
1771415413433098077 PROBE_B_END program=low
1771415413636031920 PROBE_B_START program=low
1771415413639288500 PROBE_B_END program=low
1771415413842145658 PROBE_B_START program=low
1771415413845413238 PROBE_B_END program=low
1771415414048327173 PROBE_B_START program=low
1771415414051529253 PROBE_B_END program=low
1771415414254259855 PROBE_B_START program=low
1771415414257166953 PROBE_B_END program=low
1771415414459974203 PROBE_B_START program=low
1771415414463135931 PROBE_B_END program=low
1771415414666016570 PROBE_B_START program=low
1771415414669185076 PROBE_B_END program=low
1771415414872096678 PROBE_B_START program=low
1771415414875329018 PROBE_B_END program=low
1771415415078265453 PROBE_B_START program=low
1771415415081501126 PROBE_B_END program=low
1771415415284376246 PROBE_B_START program=low
1771415415287364974 PROBE_B_END program=low
1771415415490189650 PROBE_B_START program=low
1771415415493381674 PROBE_B_END program=low
1771415415696282054 PROBE_B_START program=low
1771415415699410171 PROBE_B_END program=low
1771415415902300106 PROBE_B_START program=low
1771415415905524409 PROBE_B_END program=low
1771415416108439992 PROBE_B_START program=low
1771415416111590868 PROBE_B_END program=low
1771415416314397452 PROBE_B_START program=low
1771415416317335253 PROBE_B_END program=low
1771415416520124818 PROBE_B_START program=low
1771415416523331732 PROBE_B_END program=low
1771415416726211241 PROBE_B_START program=low
1771415416729409488 PROBE_B_END program=low
1771415416932351312 PROBE_B_START program=low
1771415416935553373 PROBE_B_END program=low
1771415417138453031 PROBE_B_START program=low
1771415417141646463 PROBE_B_END program=low
1771415417344476861 PROBE_B_START program=low
1771415417347381181 PROBE_B_END program=low
1771415417550183579 PROBE_B_START program=low
1771415417553363382 PROBE_B_END program=low
1771415417756330817 PROBE_B_START program=low
1771415417759539693 PROBE_B_END program=low
1771415417962454332 PROBE_B_START program=low
1771415417965668857 PROBE_B_END program=low
1771415418168654829 PROBE_B_START program=low
1771415418171808409 PROBE_B_END program=low
1771415418374634993 PROBE_B_START program=low
1771415418377647498 PROBE_B_END program=low
1771415418580502915 PROBE_B_START program=low
1771415418583693458 PROBE_B_END program=low
1771415418786606282 PROBE_B_START program=low
1771415418789828325 PROBE_B_END program=low
1771415418992793464 PROBE_B_START program=low
1771415418996027989 PROBE_B_END program=low
1771415419198930406 PROBE_B_START program=low
1771415419202135523 PROBE_B_END program=low
1771415419404978902 PROBE_B_START program=low
1771415419408002667 PROBE_B_END program=low
1771415419610859991 PROBE_B_START program=low
1771415419614054257 PROBE_B_END program=low
1771415419817054507 PROBE_B_START program=low
1771415419820274994 PROBE_B_END program=low
1771415420023178689 PROBE_B_START program=low
1771415420026633918 PROBE_B_END program=low
1771415420229803927 PROBE_B_START program=low
1771415420233409434 PROBE_B_END program=low
1771415420436392944 PROBE_B_START program=low
1771415420439639820 PROBE_B_END program=low
1771415420642503848 PROBE_B_START program=low
1771415420645645465 PROBE_B_END program=low
1771415420848479622 PROBE_B_START program=low
1771415420851570665 PROBE_B_END program=low
1771415421054461674 PROBE_B_START program=low
1771415421057678810 PROBE_B_END program=low
1771415421260610134 PROBE_B_START program=low
1771415421263799788 PROBE_B_END program=low
1771415421466767520 PROBE_B_START program=low
1771415421469966637 PROBE_B_END program=low
1771415421672887239 PROBE_B_START program=low
1771415421676083004 PROBE_B_END program=low
1771415421879055736 PROBE_B_START program=low
1771415421882308187 PROBE_B_END program=low
1771415422085231029 PROBE_B_START program=low
1771415422088430035 PROBE_B_END program=low
1771415422291326767 PROBE_B_START program=low
1771415422294578347 PROBE_B_END program=low
1771415422497465986 PROBE_B_START program=low
1771415422500536936 PROBE_B_END program=low
1771415422703372464 PROBE_B_START program=low
1771415422706634562 PROBE_B_END program=low
1771415422909491886 PROBE_B_START program=low
1771415422912722726 PROBE_B_END program=low
1771415423115619550 PROBE_B_START program=low
1771415423118834408 PROBE_B_END program=low
1771415423321730991 PROBE_B_START program=low
1771415423324964775 PROBE_B_END program=low
1771415423527835858 PROBE_B_START program=low
1771415423530907160 PROBE_B_END program=low
1771415423733825670 PROBE_B_START program=low
1771415423737080250 PROBE_B_END program=low
1771415423939970611 PROBE_B_START program=low
1771415423943156117 PROBE_B_END program=low
1771415424146123034 PROBE_B_START program=low
1771415424149385632 PROBE_B_END program=low
1771415424352321586 PROBE_B_START program=low
1771415424355509426 PROBE_B_END program=low
1771415424558367750 PROBE_B_START program=low
1771415424561437922 PROBE_B_END program=low
1771415424764344802 PROBE_B_START program=low
1771415424767564067 PROBE_B_END program=low
1771415424970433002 PROBE_B_START program=low
1771415424973656434 PROBE_B_END program=low
1771415425176660407 PROBE_B_START program=low
1771415425179889172 PROBE_B_END program=low
1771415425382829052 PROBE_B_START program=low
1771415425386077798 PROBE_B_END program=low
1771415425588880956 PROBE_B_START program=low
1771415425591750720 PROBE_B_END program=low
1771415425794604970 PROBE_B_START program=low
1771415425797842773 PROBE_B_END program=low
1771415426000833745 PROBE_B_START program=low
1771415426004018584 PROBE_B_END program=low
1771415426206939223 PROBE_B_START program=low
1771415426210198563 PROBE_B_END program=low
1771415426413108553 PROBE_B_START program=low
1771415426416339893 PROBE_B_END program=low
1771415426619085920 PROBE_B_START program=low
1771415426621990629 PROBE_B_END program=low
1771415426824861065 PROBE_B_START program=low
1771415426827996644 PROBE_B_END program=low
1771415427030929320 PROBE_B_START program=low
1771415427034218401 PROBE_B_END program=low
1771415427237209595 PROBE_B_START program=low
1771415427240439287 PROBE_B_END program=low
1771415427443363000 PROBE_B_START program=low
1771415427446561635 PROBE_B_END program=low
1771415427649457681 PROBE_B_START program=low
1771415427652707373 PROBE_B_END program=low
1771415427855622826 PROBE_B_START program=low
1771415427858875036 PROBE_B_END program=low
1771415428061877583 PROBE_B_START program=low
1771415428065092274 PROBE_B_END program=low
1771415428268046135 PROBE_B_START program=low
1771415428271365789 PROBE_B_END program=low
1771415428474419743 PROBE_B_START program=low
1771415428477901231 PROBE_B_END program=low
1771415428680798019 PROBE_B_START program=low
1771415428683946321 PROBE_B_END program=low
1771415428886794089 PROBE_B_START program=low
1771415428889981243 PROBE_B_END program=low
1771415429092900882 PROBE_B_START program=low
1771415429096041740 PROBE_B_END program=low
1771415429298893805 PROBE_B_START program=low
1771415429302118551 PROBE_B_END program=low
1771415429505049875 PROBE_B_START program=low
1771415429508224067 PROBE_B_END program=low
1771415429711047835 PROBE_B_START program=low
1771415429714115970 PROBE_B_END program=low
1771415429916993850 PROBE_B_START program=low
1771415429920130522 PROBE_B_END program=low
1771415430123156310 PROBE_B_START program=low
1771415430126410445 PROBE_B_END program=low
1771415430329395770 PROBE_B_START program=low
1771415430332604424 PROBE_B_END program=low
1771415430535474396 PROBE_B_START program=low
1771415430538719494 PROBE_B_END program=low
1771415430741666263 PROBE_B_START program=low
1771415430744703676 PROBE_B_END program=low
1771415430947533500 PROBE_B_START program=low
1771415430950727895 PROBE_B_END program=low
1771415431153691923 PROBE_B_START program=low
1771415431156944818 PROBE_B_END program=low
1771415431359854975 PROBE_B_START program=low
1771415431363033833 PROBE_B_END program=low
1771415431565953194 PROBE_B_START program=low
1771415431569173645 PROBE_B_END program=low
1771415431771980061 PROBE_B_START program=low
1771415431774935900 PROBE_B_END program=low
1771415431977811279 PROBE_B_START program=low
1771415431981062860 PROBE_B_END program=low
1771415432184017313 PROBE_B_START program=low
1771415432187258671 PROBE_B_END program=low
1771415432390125792 PROBE_B_START program=low
1771415432393267094 PROBE_B_END program=low
1771415432596079769 PROBE_B_START program=low
1771415432599160960 PROBE_B_END program=low
1771415432801860803 PROBE_B_START program=low
1771415432804642956 PROBE_B_END program=low
1771415433007402928 PROBE_B_START program=low
1771415433010522767 PROBE_B_END program=low
1771415433213386054 PROBE_B_START program=low
1771415433216455893 PROBE_B_END program=low
1771415433419273976 PROBE_B_START program=low
1771415433422423704 PROBE_B_END program=low
1771415433625209121 PROBE_B_START program=low
1771415433628283663 PROBE_B_END program=low
1771415433831025006 PROBE_B_START program=low
1771415433834019678 PROBE_B_END program=low
1771415434036817335 PROBE_B_START program=low
1771415434039899841 PROBE_B_END program=low
1771415434242723294 PROBE_B_START program=low
1771415434245839356 PROBE_B_END program=low
1771415434448717587 PROBE_B_START program=low
1771415434451798833 PROBE_B_END program=low
1771415434654589991 PROBE_B_START program=low
1771415434657675256 PROBE_B_END program=low
1771415434860403950 PROBE_B_START program=low
1771415434863221603 PROBE_B_END program=low
1771415435065922297 PROBE_B_START program=low
1771415435068995655 PROBE_B_END program=low
1771415435271891331 PROBE_B_START program=low
1771415435275018911 PROBE_B_END program=low
1771415435477831308 PROBE_B_START program=low
1771415435480926777 PROBE_B_END program=low
1771415435683704175 PROBE_B_START program=low
1771415435686826440 PROBE_B_END program=low
1771415435889699338 PROBE_B_START program=low
1771415435892744159 PROBE_B_END program=low
1771415436095550149 PROBE_B_START program=low
1771415436098662599 PROBE_B_END program=low
1771415436301550905 PROBE_B_START program=low
1771415436304601651 PROBE_B_END program=low
1771415436507426105 PROBE_B_START program=low
1771415436510534129 PROBE_B_END program=low
1771415436713357027 PROBE_B_START program=low
1771415436716439311 PROBE_B_END program=low
1771415436919155282 PROBE_B_START program=low
1771415436922039769 PROBE_B_END program=low
1771415437125024056 PROBE_B_START program=low
1771415437128357063 PROBE_B_END program=low
1771415437331425535 PROBE_B_START program=low
1771415437334594133 PROBE_B_END program=low
1771415437537453902 PROBE_B_START program=low
1771415437540501833 PROBE_B_END program=low
1771415437743273491 PROBE_B_START program=low
1771415437746349163 PROBE_B_END program=low
1771415437949069339 PROBE_B_START program=low
1771415437951994622 PROBE_B_END program=low
1771415438154798464 PROBE_B_START program=low
1771415438158017359 PROBE_B_END program=low
1771415438360955424 PROBE_B_START program=low
1771415438364103319 PROBE_B_END program=low
1771415438566987309 PROBE_B_START program=low
1771415438570192167 PROBE_B_END program=low
1771415438773083861 PROBE_B_START program=low
1771415438776287886 PROBE_B_END program=low
1771415438979010302 PROBE_B_START program=low
1771415438981909011 PROBE_B_END program=low
1771415439184819039 PROBE_B_START program=low
1771415439188056100 PROBE_B_END program=low
1771415439390934369 PROBE_B_START program=low
1771415439394154116 PROBE_B_END program=low
1771415439597021625 PROBE_B_START program=low
1771415439600178131 PROBE_B_END program=low
1771415439803045640 PROBE_B_START program=low
1771415439806237109 PROBE_B_END program=low
1771415440009049284 PROBE_B_START program=low
1771415440012098882 PROBE_B_END program=low
1771415440214981206 PROBE_B_START program=low
1771415440218190268 PROBE_B_END program=low
1771415440421140388 PROBE_B_START program=low
1771415440424398876 PROBE_B_END program=low
1771415440627269737 PROBE_B_START program=low
1771415440630500669 PROBE_B_END program=low
1771415440833368548 PROBE_B_START program=low
1771415440836598073 PROBE_B_END program=low
1771415441039463100 PROBE_B_START program=low
1771415441042566773 PROBE_B_END program=low
1771415441245461856 PROBE_B_START program=low
1771415441248678084 PROBE_B_END program=low
1771415441451587538 PROBE_B_START program=low
1771415441454754859 PROBE_B_END program=low
1771415441657720423 PROBE_B_START program=low
1771415441660936541 PROBE_B_END program=low
1771415441863828198 PROBE_B_START program=low
1771415441867008870 PROBE_B_END program=low
1771415442069906176 PROBE_B_START program=low
1771415442072996052 PROBE_B_END program=low
1771415442275913302 PROBE_B_START program=low
1771415442279076678 PROBE_B_END program=low
1771415442481964483 PROBE_B_START program=low
1771415442485206323 PROBE_B_END program=low
1771415442688068999 PROBE_B_START program=low
1771415442691220097 PROBE_B_END program=low
1771415442894086625 PROBE_B_START program=low
1771415442897336520 PROBE_B_END program=low
1771415443100117714 PROBE_B_START program=low
1771415443102997812 PROBE_B_END program=low
1771415443305837321 PROBE_B_START program=low
1771415443309084438 PROBE_B_END program=low
1771415443511986762 PROBE_B_START program=low
1771415443515205508 PROBE_B_END program=low
1771415443718152147 PROBE_B_START program=low
1771415443721421005 PROBE_B_END program=low
1771415443924372459 PROBE_B_START program=low
1771415443927614854 PROBE_B_END program=low
1771415444130425104 PROBE_B_START program=low
1771415444133475683 PROBE_B_END program=low
1771415444336357637 PROBE_B_START program=low
1771415444339438624 PROBE_B_END program=low
1771415444542380300 PROBE_B_START program=low
1771415444545663528 PROBE_B_END program=low
1771415444748590760 PROBE_B_START program=low
1771415444751786877 PROBE_B_END program=low
1771415444954709812 PROBE_B_START program=low
1771415444957952429 PROBE_B_END program=low
1771415445160808216 PROBE_B_START program=low
1771415445163814018 PROBE_B_END program=low
1771415445366660749 PROBE_B_START program=low
1771415445369716384 PROBE_B_END program=low
1771415445572588227 PROBE_B_START program=low
1771415445576005733 PROBE_B_END program=low
1771415445779129168 PROBE_B_START program=low
1771415445782338860 PROBE_B_END program=low
1771415445985192739 PROBE_B_START program=low
1771415445988339819 PROBE_B_END program=low
1771415446191175124 PROBE_B_START program=low
1771415446194239611 PROBE_B_END program=low
1771415446397146472 PROBE_B_START program=low
1771415446400332645 PROBE_B_END program=low
1771415446603240135 PROBE_B_START program=low
1771415446606303419 PROBE_B_END program=low
1771415446809117761 PROBE_B_START program=low
1771415446812184971 PROBE_B_END program=low
1771415447015021887 PROBE_B_START program=low
1771415447017970300 PROBE_B_END program=low
1771415447220738494 PROBE_B_START program=low
1771415447223690333 PROBE_B_END program=low
1771415447426481175 PROBE_B_START program=low
1771415447429637459 PROBE_B_END program=low
1771415447632462782 PROBE_B_START program=low
1771415447635378603 PROBE_B_END program=low
1771415447838152778 PROBE_B_START program=low
1771415447841223284 PROBE_B_END program=low
1771415448044046404 PROBE_B_START program=low
1771415448047130484 PROBE_B_END program=low
1771415448249903493 PROBE_B_START program=low
1771415448252768535 PROBE_B_END program=low
1771415448455571636 PROBE_B_START program=low
1771415448458679883 PROBE_B_END program=low
1771415448661476429 PROBE_B_START program=low
1771415448664527435 PROBE_B_END program=low
1771415448867337758 PROBE_B_START program=low
1771415448870462764 PROBE_B_END program=low
1771415449073337032 PROBE_B_START program=low
1771415449076413946 PROBE_B_END program=low
1771415449279118121 PROBE_B_START program=low
1771415449281924034 PROBE_B_END program=low
1771415449484676820 PROBE_B_START program=low
1771415449487778289 PROBE_B_END program=low
1771415449690587502 PROBE_B_START program=low
1771415449693701452 PROBE_B_END program=low
1771415449896517479 PROBE_B_START program=low
1771415449899583170 PROBE_B_END program=low
1771415450102357364 PROBE_B_START program=low
1771415450105369814 PROBE_B_END program=low
1771415450308150082 PROBE_B_START program=low
1771415450311117439 PROBE_B_END program=low
1771415450513891282 PROBE_B_START program=low
1771415450516936787 PROBE_B_END program=low
1771415450719739204 PROBE_B_START program=low
1771415450722882580 PROBE_B_END program=low
1771415450925763015 PROBE_B_START program=low
1771415450928823687 PROBE_B_END program=low
1771415451131657252 PROBE_B_START program=low
1771415451134791683 PROBE_B_END program=low
1771415451337497951 PROBE_B_START program=low
1771415451340366994 PROBE_B_END program=low
1771415451543168262 PROBE_B_START program=low
1771415451546387768 PROBE_B_END program=low
1771415451749257406 PROBE_B_START program=low
1771415451752378968 PROBE_B_END program=low
1771415451955217273 PROBE_B_START program=low
1771415451958310557 PROBE_B_END program=low
1771415452161122195 PROBE_B_START program=low
1771415452164199071 PROBE_B_END program=low
1771415452367063488 PROBE_B_START program=low
1771415452370008456 PROBE_B_END program=low
1771415452572827965 PROBE_B_START program=low
1771415452575952304 PROBE_B_END program=low
1771415452778796239 PROBE_B_START program=low
1771415452782016097 PROBE_B_END program=low
1771415452984856550 PROBE_B_START program=low
1771415452987961871 PROBE_B_END program=low
1771415453190810380 PROBE_B_START program=low
1771415453193905793 PROBE_B_END program=low
1771415453396820617 PROBE_B_START program=low
1771415453399939345 PROBE_B_END program=low
1771415453602785465 PROBE_B_START program=low
1771415453605871304 PROBE_B_END program=low
1771415453808728424 PROBE_B_START program=low
1771415453811836800 PROBE_B_END program=low
1771415454014644698 PROBE_B_START program=low
1771415454017735111 PROBE_B_END program=low
1771415454220617046 PROBE_B_START program=low
1771415454223776144 PROBE_B_END program=low
1771415454426697079 PROBE_B_START program=low
1771415454429872400 PROBE_B_END program=low
1771415454632757853 PROBE_B_START program=low
1771415454635873544 PROBE_B_END program=low
1771415454838697961 PROBE_B_START program=low
1771415454841948282 PROBE_B_END program=low
1771415455044967272 PROBE_B_START program=low
1771415455048292927 PROBE_B_END program=low
1771415455251283788 PROBE_B_START program=low
1771415455254382368 PROBE_B_END program=low
1771415455457097191 PROBE_B_START program=low
1771415455459872863 PROBE_B_END program=low
1771415455662610186 PROBE_B_START program=low
1771415455665666081 PROBE_B_END program=low
1771415455868498794 PROBE_B_START program=low
1771415455871497225 PROBE_B_END program=low
1771415456074303567 PROBE_B_START program=low
1771415456077414110 PROBE_B_END program=low
1771415456280283786 PROBE_B_START program=low
1771415456283396717 PROBE_B_END program=low
1771415456486254689 PROBE_B_START program=low
1771415456489395047 PROBE_B_END program=low
1771415456692307519 PROBE_B_START program=low
1771415456695425247 PROBE_B_END program=low
1771415456898221311 PROBE_B_START program=low
1771415456901298706 PROBE_B_END program=low
1771415457104112474 PROBE_B_START program=low
1771415457107211702 PROBE_B_END program=low
1771415457310011470 PROBE_B_START program=low
1771415457312996661 PROBE_B_END program=low
1771415457515665503 PROBE_B_START program=low
1771415457518538082 PROBE_B_END program=low
1771415457721294443 PROBE_B_START program=low
1771415457724268893 PROBE_B_END program=low
1771415457927089920 PROBE_B_START program=low
1771415457930227981 PROBE_B_END program=low
1771415458132989120 PROBE_B_START program=low
1771415458136062422 PROBE_B_END program=low
1771415458338899764 PROBE_B_START program=low
1771415458341995714 PROBE_B_END program=low
1771415458544806223 PROBE_B_START program=low
1771415458547843451 PROBE_B_END program=low
1771415458750702960 PROBE_B_START program=low
1771415458753953392 PROBE_B_END program=low
1771415458956850678 PROBE_B_START program=low
1771415458960022758 PROBE_B_END program=low
1771415459162889027 PROBE_B_START program=low
1771415459166094310 PROBE_B_END program=low
1771415459369045634 PROBE_B_START program=low
1771415459372313492 PROBE_B_END program=low
1771415459575203612 PROBE_B_START program=low
1771415459578280266 PROBE_B_END program=low
1771415459781031904 PROBE_B_START program=low
1771415459784075447 PROBE_B_END program=low
1771415459986971271 PROBE_B_START program=low
1771415459990149555 PROBE_B_END program=low
1771415460193090230 PROBE_B_START program=low
1771415460196372329 PROBE_B_END program=low
1771415460399300153 PROBE_B_START program=low
1771415460402522122 PROBE_B_END program=low
1771415460605572779 PROBE_B_START program=low
1771415460608789582 PROBE_B_END program=low
1771415460811774739 PROBE_B_START program=low
1771415460815011319 PROBE_B_END program=low
1771415461017951846 PROBE_B_START program=low
1771415461021182575 PROBE_B_END program=low
1771415461224155269 PROBE_B_START program=low
1771415461227358590 PROBE_B_END program=low
1771415461430333302 PROBE_B_START program=low
1771415461433598568 PROBE_B_END program=low
1771415461636662170 PROBE_B_START program=low
1771415461639882824 PROBE_B_END program=low
1771415461842858592 PROBE_B_START program=low
1771415461846063302 PROBE_B_END program=low
1771415462049103070 R2_IDLE_C seconds=30 actions=B_SKELETON
1771415492051111115 SKIP_PROBE_C seconds=60
