1770653136476539414 101885283
1770653136578310938 101771524
1770653136680033888 101722950
1770653136781733338 101699450
1770653136883445381 101712043
1770653136985175423 101730042
1770653137086881799 101706376
1770653137188591434 101709635
1770653137290300661 101709227
1770653137392077315 101776654
1770653137493845913 101768598
1770653137595591511 101745598
1770653137697298960 101707449
1770653137798992040 101693080
1770653137900688804 101696764
1770653138002376384 101687580
1770653138104076037 101699653
1770653138205743505 101667468
1770653138307424417 101680912
1770653138409193497 101769080
1770653138510919502 101726005
1770653138612588859 101669357
1770653138714204086 101615227
1770653138815820536 101616450
1770653138917444189 101623653
1770653139019070676 101626487
1770653139120696255 101625579
1770653139222300130 101603875
1770653139323904135 101604005
1770653139425611381 101707246
1770653139527261534 101650153
1770653139628893317 101631783
1770653139730504210 101610893
1770653139832140215 101636005
1770653139933741183 101600968
1770653140035350855 101609672
1770653140136980341 101629486
1770653140238584531 101604190
1770653140340192851 101608320
1770653140441857393 101664542
1770653140543503972 101646579
1770653140645138736 101634764
1770653140746759074 101620338
1770653140848370246 101611172
1770653140949960510 101590264
1770653141051575866 101615356
1770653141153209612 101633746
1770653141254823357 101613745
1770653141356458955 101635598
1770653141458194645 101735690
1770653141559862261 101667616
1770653141661486858 101624597
1770653141763093955 101607097
1770653141864697941 101603986
1770653141966311039 101613098
1770653142067913432 101602393
1770653142169538548 101625116
1770653142271143423 101604875
1770653142372767761 101624338
1770653142474463710 101695949
1770653142576149011 101685301
1770653142677789238 101640227
1770653142779399187 101609949
1770653142881026099 101626912
1770653142982620955 101594856
1770653143084240016 101619061
1770653143185824224 101584208
1770653143287431914 101607690
1770653143389074214 101642300
