1776622334093166439 11932805
1776622334104877448 11711009
1776622334116625994 11748546
1776622334128250243 11624249
1776622334139853788 11603545
1776622334151420296 11566508
1776622334162940453 11520157
1776622334174431350 11490897
1776622334185964339 11532989
1776622334197462718 11498379
1776622334208981152 11518434
1776622334220502734 11521582
1776622334231997613 11494879
1776622334243547510 11549897
1776622334255093166 11545656
1776622334266683137 11589971
1776622334278244201 11561064
1776622334289860673 11616472
1776622334301463422 11602749
1776622334313074541 11611119
1776622334324682012 11607471
1776622334336257187 11575175
1776622334347830936 11573749
1776622334359417389 11586453
1776622334371021879 11604490
1776622334382587869 11565990
1776622334394191266 11603397
1776622334405810645 11619379
1776622334417386857 11576212
1776622334428962420 11575563
1776622334440559003 11596583
1776622334452119178 11560175
1776622334463686779 11567601
1776622334475281380 11594601
1776622334486856277 11574897
1776622334498409600 11553323
1776622334509977330 11567730
1776622334521563190 11585860
1776622334533133625 11570435
1776622334544770114 11636489
1776622334556349845 11579731
1776622334567868261 11518416
1776622334579358009 11489748
1776622334590859666 11501657
1776622334602335359 11475693
1776622334613859793 11524434
1776622334625365986 11506193
1776622334636824476 11458490
1776622334648408984 11584508
1776622334659948992 11540008
1776622334671520500 11571508
1776622334683106305 11585805
1776622334694785573 11679268
1776622334706414729 11629156
1776622334718027553 11612824
1776622334729620191 11592638
1776622334741183847 11563656
1776622334752783800 11599953
1776622334764406753 11622953
1776622334775965650 11558897
1776622334787543084 11577434
1776622334799113259 11570175
1776622334810674563 11561304
1776622334822243238 11568675
1776622334833819413 11576175
1776622334845391440 11572027
1776622334856910726 11519286
1776622334868441771 11531045
1776622334879922446 11480675
1776622334891408954 11486508
1776622334902913184 11504230
1776622334914387507 11474323
1776622334925842867 11455360
1776622334937297116 11454249
1776622334948839717 11542601
1776622334960423614 11583897
1776622334972018937 11595323
1776622334983605482 11586545
1776622334995156361 11550879
1776622335006742406 11586045
1776622335018315414 11573008
1776622335029917238 11601824
1776622335041524079 11606841
1776622335053084069 11559990
1776622335064672559 11588490
1776622335076251178 11578619
1776622335087827353 11576175
1776622335099402380 11575027
1776622335110958703 11556323
1776622335122555952 11597249
1776622335134136923 11580971
1776622335145712709 11575786
1776622335157308125 11595416
1776622335168881281 11573156
1776622335180502919 11621638
1776622335192069280 11566361
1776622335203641732 11572452
1776622335215224667 11582935
1776622335226777656 11552989
1776622335238349053 11571397
1776622335249969377 11620324
1776622335261488792 11519415
1776622335273030430 11541638
1776622335284560383 11529953
1776622335296034094 11473711
1776622335307489788 11455694
1776622335318946610 11456822
1776622335330423433 11476823
1776622335341899275 11475842
1776622335353364042 11464767
1776622335364830457 11466415
1776622335376299910 11469453
1776622335387780288 11480378
1776622335399361741 11581453
1776622335410910194 11548453
1776622335422385016 11474822
1776622335433874450 11489434
1776622335445344088 11469638
1776622335456847948 11503860
1776622335468423808 11575860
1776622335479958372 11534564
1776622335491490028 11531656
1776622335503031092 11541064
1776622335514576897 11545805
1776622335526133960 11557063
1776622335537684617 11550657
1776622335549242236 11557619
1776622335560802467 11560231
1776622335572381938 11579471
1776622335583943798 11561860
1776622335595492862 11549064
1776622335607038555 11545693
1776622335618583489 11544934
1776622335630141979 11558490
1776622335641711635 11569656
1776622335653245403 11533768
1776622335664835263 11589860
1776622335676412975 11577712
1776622335687966428 11553453
1776622335699508269 11541841
1776622335711062592 11554323
1776622335722630508 11567916
1776622335734225368 11594860
1776622335745793636 11568268
1776622335757343903 11550267
1776622335768917448 11573545
1776622335780482790 11565342
1776622335792055391 11572601
1776622335803621640 11566249
1776622335815178574 11556934
1776622335826718878 11540304
1776622335838240035 11521157
1776622335849798487 11558452
1776622335861344033 11545546
1776622335872874300 11530267
1776622335884450253 11575953
1776622335895995113 11544860
1776622335907534899 11539786
1776622335919080740 11545841
1776622335930630100 11549360
1776622335942187961 11557861
1776622335953736784 11548823
1776622335965259310 11522526
1776622335976741170 11481860
1776622335988207641 11466471
1776622335999688649 11481008
1776622336011169009 11480360
1776622336022634684 11465675
1776622336034095321 11460637
1776622336045587200 11491879
1776622336057050263 11463063
1776622336068588198 11537935
1776622336080123317 11535119
1776622336091673214 11549897
1776622336103227519 11554305
1776622336114775842 11548323
1776622336126321535 11545693
1776622336137919469 11597934
1776622336149489366 11569897
1776622336161063801 11574435
1776622336172654383 11590582
1776622336184190743 11536360
1776622336195746066 11555323
1776622336207288648 11542582
1776622336218842749 11554101
1776622336230386128 11543379
1776622336241956395 11570267
1776622336253546422 11590027
1776622336265096449 11550027
1776622336276656716 11560267
1776622336288207484 11550768
1776622336299745566 11538082
1776622336311282500 11536934
1776622336322818712 11536212
1776622336334352331 11533619
1776622336345872562 11520231
1776622336357403088 11530526
1776622336368927374 11524286
1776622336380484346 11556972
1776622336392018724 11534378
1776622336403578510 11559786
1776622336415148833 11570323
1776622336426688267 11539434
1776622336438255424 11567157
1776622336449808247 11552823
1776622336461345255 11537008
1776622336472895726 11550471
1776622336484453938 11558212
1776622336495989132 11535194
1776622336507533492 11544360
1776622336519083852 11550360
1776622336530626693 11542841
1776622336542165701 11539008
1776622336553709561 11543860
1776622336565255070 11545509
1776622336576799356 11544286
1776622336588352401 11553045
1776622336599902539 11550138
1776622336611452973 11550434
1776622336623012685 11559712
1776622336634557119 11544434
1776622336646114294 11557175
1776622336657667413 11553119
1776622336669233921 11566508
1776622336680784504 11550583
1776622336692361697 11577193
1776622336703906835 11545138
1776622336715459232 11552397
1776622336727016203 11556971
1776622336738579860 11563657
1776622336750138035 11558175
1776622336761704747 11566712
1776622336773271570 11566823
1776622336784801448 11529878
1776622336796387642 11586194
1776622336807924909 11537267
1776622336819471880 11546971
1776622336831012889 11541009
1776622336842557712 11544823
1776622336854096146 11538434
1776622336865664098 11567952
1776622336877208199 11544101
1776622336888758004 11549805
1776622336900307993 11549989
1776622336911859242 11551249
1776622336923416380 11557138
1776622336934965833 11549453
1776622336946503749 11537916
1776622336958071831 11568082
1776622336969653432 11581601
1776622336981201940 11548508
1776622336992761615 11559675
1776622337004324623 11563008
1776622337015853446 11528823
1776622337027392195 11538749
1776622337038912685 11520490
1776622337050460823 11548138
1776622337062008812 11547989
1776622337073581987 11573175
1776622337085146292 11564305
1776622337096694448 11548156
1776622337108228679 11534231
1776622337119803372 11574693
1776622337131371510 11568138
1776622337142919833 11548323
1776622337154467286 11547453
1776622337166006553 11539267
1776622337177562172 11555619
1776622337189111958 11549786
1776622337200674485 11562527
1776622337212265512 11591027
1776622337223819891 11554379
1776622337235368528 11548637
1776622337246902426 11533898
1776622337258424230 11521804
1776622337269972497 11548267
1776622337281560080 11587583
1776622337293101903 11541823
1776622337304652930 11551027
1776622337316205475 11552545
1776622337327761353 11555878
1776622337339321010 11559657
1776622337350869000 11547990
1776622337362433471 11564471
1776622337374010757 11577286
1776622337385583154 11572397
1776622337397137181 11554027
1776622337408702485 11565304
1776622337420244734 11542249
1776622337431766242 11521508
1776622337443294195 11527953
1776622337454835722 11541527
1776622337466371452 11535730
1776622337477930349 11558897
1776622337489501709 11571360
1776622337501039384 11537675
1776622337512574578 11535194
1776622337524107938 11533360
1776622337535638779 11530841
1776622337547177084 11538305
1776622337558703092 11526008
1776622337570236933 11533841
1776622337581763164 11526231
1776622337593231079 11467915
1776622337604692772 11461693
1776622337616147651 11454879
1776622337627615085 11467434
1776622337639097167 11482082
1776622337650560379 11463212
1776622337662024238 11463859
1776622337673460283 11436045
1776622337684991236 11530953
1776622337696577504 11586268
1776622337708141030 11563526
1776622337719683946 11542916
1776622337731216806 11532860
1776622337742756148 11539342
1776622337754306952 11550804
1776622337765914646 11607694
1776622337777483098 11568452
1776622337789050940 11567842
1776622337800616059 11565119
1776622337812164605 11548546
1776622337823703946 11539341
1776622337835253158 11549212
1776622337846805777 11552619
1776622337858334637 11528860
1776622337869892090 11557453
1776622337881437876 11545786
1776622337892993051 11555175
1776622337904544578 11551527
1776622337916075271 11530693
1776622337927607668 11532397
1776622337939157065 11549397
1776622337950701870 11544805
1776622337962248822 11546952
1776622337973801775 11552953
1776622337985337376 11535601
1776622337996898403 11561027
1776622338008533133 11634730
1776622338020155345 11622212
1776622338031768206 11612861
1776622338043333751 11565545
1776622338054911741 11577990
1776622338066554416 11642675
1776622338078151424 11597008
1776622338089746044 11594620
1776622338101315904 11569860
1776622338112938597 11622693
1776622338124526569 11587972
1776622338136109206 11582637
1776622338147697437 11588231
1776622338159275019 11577582
1776622338170875935 11600916
1776622338182453517 11577582
1776622338194063767 11610250
1776622338205726312 11662545
1776622338217312432 11586120
1776622338228904810 11592378
1776622338240502356 11597546
1776622338252067975 11565619
1776622338263647539 11579564
1776622338275224417 11576878
1776622338286797592 11573175
1776622338298407490 11609898
1776622338310007739 11600249
1776622338321588932 11581193
1776622338333176292 11587360
1776622338344817153 11640861
1776622338356411698 11594545
1776622338367991188 11579490
1776622338379544178 11552990
1776622338391157371 11613193
1776622338402733305 11575934
1776622338414301591 11568286
1776622338425873877 11572286
1776622338437439812 11565935
1776622338449047283 11607471
1776622338460676402 11629119
1776622338472257670 11581268
1776622338483821789 11564119
1776622338495404094 11582305
1776622338506965306 11561212
1776622338518539481 11574175
1776622338530154230 11614749
1776622338541745201 11590971
1776622338553319932 11574731
1776622338564909829 11589897
1776622338576480152 11570323
1776622338588093494 11613342
1776622338599674002 11580508
1776622338611247695 11573693
1776622338622807537 11559842
1776622338634371453 11563916
1776622338645940128 11568675
1776622338657525951 11585823
1776622338669131848 11605897
1776622338680745875 11614027
1776622338692347068 11601193
1776622338703928114 11581046
1776622338715492307 11564193
1776622338727099816 11607509
1776622338738713176 11613360
1776622338750287073 11573897
1776622338761898026 11610953
1776622338773484127 11586101
1776622338785077116 11592989
1776622338796661069 11583953
1776622338808277763 11616694
1776622338819853827 11576064
1776622338831425742 11571915
1776622338842990880 11565138
1776622338854558314 11567434
1776622338866125378 11567064
1776622338877707572 11582194
1776622338889272265 11564693
1776622338900898625 11626360
1776622338912510486 11611861
1776622338924077809 11567323
1776622338935635909 11558100
1776622338947211603 11575694
1776622338958780000 11568397
1776622338970351268 11571268
1776622338981943702 11592434
1776622338993617896 11674194
1776622339005190682 11572786
1776622339016760375 11569693
1776622339028336439 11576064
1776622339039939003 11602564
1776622339051504807 11565804
1776622339063084371 11579564
1776622339074648750 11564379
1776622339086220073 11571323
1776622339097843100 11623027
1776622339109426608 11583508
1776622339120993579 11566971
1776622339132561014 11567435
1776622339144090096 11529082
1776622339155640326 11550230
1776622339167205223 11564897
1776622339178755472 11550249
1776622339190300407 11544935
1776622339201880711 11580304
1776622339213439719 11559008
1776622339225009098 11569379
1776622339236598421 11589323
1776622339248138263 11539842
1776622339259673271 11535008
1776622339271216316 11543045
1776622339282764824 11548508
1776622339294315888 11551064
1776622339305866063 11550175
1776622339317416164 11550101
1776622339328957376 11541212
1776622339340515458 11558082
1776622339352050059 11534601
1776622339363597067 11547008
1776622339375151168 11554101
1776622339386703991 11552823
1776622339398242740 11538749
1776622339409791470 11548730
1776622339421345479 11554009
1776622339432914228 11568749
1776622339444465162 11550934
1776622339456011392 11546230
1776622339467543456 11532064
1776622339479086538 11543082
1776622339490618194 11531656
1776622339502161073 11542879
1776622339513720841 11559768
1776622339525274515 11553674
1776622339536830264 11555749
1776622339548404439 11574175
1776622339559948836 11544397
1776622339571500215 11551379
1776622339583043112 11542897
1776622339594565880 11522768
1776622339606125184 11559304
1776622339617698118 11572934
1776622339629244923 11546805
1776622339640784301 11539378
1776622339652344013 11559712
1776622339663889929 11545916
1776622339675423919 11533990
1776622339686974557 11550638
1776622339698516046 11541489
1776622339710046906 11530860
1776622339721624044 11577138
1776622339733176052 11552008
1776622339744734375 11558323
1776622339756253698 11519323
1776622339767786762 11533064
1776622339779316956 11530194
1776622339790853686 11536730
1776622339802396213 11542527
1776622339813925017 11528804
1776622339825395025 11470008
1776622339836869589 11474564
1776622339848338245 11468656
1776622339859804457 11466212
1776622339871247298 11442841
1776622339882707732 11460434
1776622339894180333 11472601
1776622339905710730 11530397
1776622339917246553 11535823
1776622339928833005 11586452
1776622339940393754 11560749
1776622339951950855 11557101
1776622339963480067 11529212
1776622339975017464 11537397
1776622339986563528 11546064
1776622339998088999 11525471
1776622340009666081 11577082
1776622340021210201 11544120
1776622340032758172 11547971
1776622340044322625 11564453
1776622340055878633 11556008
1776622340067421141 11542508
1776622340078957946 11536805
1776622340090490861 11532915
1776622340102056351 11565490
1776622340113614359 11558008
1776622340125152312 11537953
1776622340136724228 11571916
1776622340148276106 11551878
1776622340159820800 11544694
1776622340171362011 11541211
1776622340182901409 11539398
1776622340194454750 11553341
1776622340206021092 11566342
1776622340217574563 11553471
1776622340229123645 11549082
1776622340240702116 11578471
1776622340252240699 11538583
1776622340263816744 11576045
1776622340275352493 11535749
1776622340286893353 11540860
1776622340298418806 11525453
1776622340309932703 11513897
1776622340321392266 11459563
1776622340332845571 11453305
1776622340344337190 11491619
1776622340355793938 11456748
1776622340367238409 11444471
1776622340378687788 11449379
1776622340390154666 11466878
1776622340401626971 11472305
1776622340413104886 11477915
1776622340424664802 11559916
1776622340436186402 11521600
1776622340447703207 11516805
1776622340459247845 11544638
1776622340470772983 11525138
1776622340482311213 11538230
1776622340493854740 11543527
1776622340505394952 11540212
1776622340516952978 11558026
1776622340528525190 11572212
1776622340540076662 11551472
1776622340551627836 11551174
1776622340563172641 11544805
1776622340574708223 11535582
1776622340586252861 11544638
1776622340597806980 11554119
1776622340609370952 11563972
1776622340620942164 11571212
1776622340632509524 11567360
1776622340644040310 11530786
1776622340655583540 11543230
1776622340667145752 11562212
1776622340678682297 11536545
1776622340690234935 11552638
1776622340701795684 11560749
1776622340713354526 11558842
1776622340724928886 11574360
1776622340736485524 11556638
1776622340748026958 11541434
1776622340759556799 11529841
1776622340771086400 11529601
1776622340782645075 11558675
1776622340794188731 11543656
1776622340805734851 11546120
1776622340817275729 11540878
1776622340828834071 11558342
1776622340840402542 11568471
1776622340851941902 11539360
1776622340863465170 11523268
1776622340875001270 11536100
1776622340886554834 11553564
1776622340898107028 11552194
1776622340909659962 11552934
1776622340921207896 11547934
1776622340932767089 11559193
1776622340944341524 11574435
1776622340955884958 11543434
1776622340967423244 11538286
1776622340978949789 11526545
1776622340990486797 11537008
1776622341002069120 11582323
1776622341013652962 11583842
1776622341025194007 11541045
1776622341036747663 11553656
1776622341048329301 11581638
1776622341059851365 11522064
1776622341071377762 11526397
1776622341082914437 11536675
1776622341094451741 11537304
1776622341106019861 11568120
1776622341117602314 11582453
1776622341129158859 11556545
1776622341140719386 11560527
1776622341152244986 11525600
1776622341163780735 11535749
1776622341175319503 11538768
1776622341186854937 11535434
1776622341198395593 11540656
1776622341210029213 11633620
1776622341221648869 11619656
1776622341233197174 11548305
1776622341244741349 11544175
1776622341256265801 11524452
1776622341267795624 11529823
1776622341279340707 11545083
1776622341290886030 11545323
1776622341302426205 11540175
1776622341313995491 11569286
1776622341325538795 11543304
1776622341337063229 11524434
1776622341348619793 11556564
1776622341360161764 11541971
1776622341371696643 11534879
1776622341383225799 11529156
1776622341394799344 11573545
1776622341406440816 11641472
1776622341418038732 11597916
1776622341429601481 11562749
1776622341441143285 11541804
1776622341452718034 11574749
1776622341464252524 11534490
1776622341475785310 11532786
1776622341487345633 11560323
1776622341498882530 11536897
1776622341510407094 11524564
1776622341521964509 11557415
1776622341533457036 11492527
1776622341544930711 11473675
1776622341556465515 11534804
1776622341567972708 11507193
1776622341579470735 11498027
1776622341590986373 11515638
1776622341602487992 11501619
1776622341613988037 11500045
1776622341625579490 11591453
1776622341637133072 11553582
1776622341648715525 11582453
1776622341660344163 11628638
1776622341671973394 11629231
1776622341683548087 11574693
1776622341695122355 11574268
1776622341706689252 11566897
1776622341718250945 11561693
1776622341729875954 11625009
1776622341741449740 11573786
1776622341753050711 11600971
1776622341764672701 11621990
1776622341776246505 11573804
1776622341787807384 11560879
1776622341799384763 11577379
1776622341810996567 11611804
1776622341822583094 11586527
1776622341834164232 11581138
1776622341845745870 11581638
1776622341857336304 11590434
1776622341868932961 11596657
1776622341880560488 11627527
1776622341892143718 11583230
1776622341903766634 11622916
1776622341915357402 11590768
1776622341926919077 11561675
1776622341938475418 11556341
1776622341950038852 11563434
1776622341961615379 11576527
1776622341973191147 11575768
1776622341984772822 11581675
1776622341996410608 11637786
1776622342007992931 11582323
1776622342019572458 11579527
1776622342031144077 11571619
1776622342042772123 11628046
1776622342054355761 11583638
1776622342065940306 11584545
1776622342077503555 11563249
1776622342089083434 11579879
1776622342100706257 11622823
1776622342112270228 11563971
1776622342123846014 11575786
1776622342135451096 11605082
1776622342147041364 11590268
1776622342158613761 11572397
1776622342170171418 11557657
1776622342181773963 11602545
1776622342193346027 11572064
1776622342204942035 11596008
1776622342216535414 11593379
1776622342228145774 11610360
1776622342239746319 11600545
1776622342251331846 11585527
1776622342262909595 11577749
1776622342274515974 11606379
1776622342286096297 11580323
1776622342297677991 11581694
1776622342309236740 11558749
1776622342320800137 11563397
1776622342332378219 11578082
1776622342343931450 11553231
1776622342355496791 11565341
1776622342367059651 11562860
1776622342378677438 11617787
1776622342390237687 11560249
1776622342401827028 11589341
1776622342413390333 11563305
1776622342424991786 11601453
1776622342436603590 11611804
1776622342448180913 11577323
1776622342459789755 11608842
1776622342471367374 11577619
1776622342482949346 11581972
1776622342494513835 11564489
1776622342506081103 11567268
1776622342517700482 11619379
1776622342529286101 11585619
1776622342540851202 11565101
1776622342552431544 11580342
1776622342563993070 11561526
1776622342575543005 11549935
1776622342587112383 11569378
1776622342598724836 11612453
1776622342610295900 11571064
1776622342621902519 11606619
1776622342633482435 11579916
1776622342645093073 11610638
1776622342656713433 11620360
1776622342668271441 11558008
1776622342679831913 11560472
1776622342691441606 11609693
1776622342703031596 11589990
1776622342714588845 11557249
1776622342726154798 11565953
1776622342737771454 11616656
1776622342749354333 11582879
1776622342760988027 11633694
1776622342772598646 11610619
1776622342784165062 11566416
1776622342795726181 11561119
1776622342807281578 11555397
1776622342818853957 11572379
1776622342830448687 11594730
1776622342842048881 11600194
1776622342853657612 11608731
1776622342865220583 11562971
1776622342876813461 11592878
1776622342888401303 11587842
1776622342899962237 11560934
1776622342911534023 11571786
1776622342923159624 11625601
1776622342934729447 11569823
1776622342946304641 11575194
1776622342957928686 11624045
1776622342969570658 11641972
1776622342981144185 11573527
1776622342992734767 11590582
1776622343004309238 11574471
1776622343015875154 11565916
1776622343027434514 11559360
1776622343038987781 11553267
1776622343050551067 11563286
1776622343062153817 11602750
1776622343073764992 11611175
1776622343085338907 11573915
1776622343096912823 11573916
1776622343108483794 11570971
1776622343120040358 11556564
1776622343131614033 11573675
1776622343143177097 11563064
1776622343154728216 11551119
1776622343166285132 11556916
1776622343177861436 11576304
1776622343189430796 11569360
1776622343201046805 11616009
1776622343212674591 11627786
1776622343224250099 11575508
1776622343235816237 11566138
1776622343247395357 11579120
1776622343259024791 11629434
1776622343270595725 11570934
1776622343282189196 11593471
1776622343293759446 11570250
1776622343305332361 11572915
1776622343316906925 11574564
1776622343328523637 11616712
1776622343340092960 11569323
1776622343351658357 11565397
1776622343363220440 11562083
1776622343374784541 11564101
1776622343386375012 11590471
1776622343397946539 11571527
1776622343409542399 11595860
1776622343421110611 11568212
1776622343432696693 11586082
1776622343444314479 11617786
1776622343455884395 11569916
1776622343467445200 11560805
1776622343479001634 11556434
1776622343490579512 11577878
1776622343502145076 11565564
1776622343513741233 11596157
1776622343525314426 11573193
1776622343536904768 11590342
1776622343548502313 11597545
1776622343560061396 11559083
1776622343571612719 11551323
1776622343583164264 11551545
1776622343594735698 11571434
1776622343606302299 11566601
1776622343617926789 11624490
1776622343629518279 11591490
1776622343641073083 11554804
1776622343652653406 11580323
1776622343664265396 11611990
1776622343675840330 11574934
1776622343687412431 11572101
1776622343698970699 11558268
1776622343710532466 11561767
1776622343722106956 11574490
1776622343733691853 11584897
1776622343745268843 11576990
1776622343756864814 11595971
1776622343768466304 11601490
1776622343780023757 11557453
1776622343791590543 11566786
1776622343803151014 11560471
1776622343814721670 11570656
1776622343826282994 11561324
1776622343837864687 11581693
1776622343849483325 11618638
1776622343861062667 11579342
1776622343872654601 11591934
1776622343884217517 11562916
1776622343895815321 11597804
1776622343907388422 11573101
1776622343918963190 11574768
1776622343930508050 11544860
1776622343942065558 11557508
1776622343953659363 11593805
1776622343965244871 11585508
1776622343976820250 11575379
1776622343988477128 11656878
1776622344000032637 11555509
1776622344011618238 11585601
1776622344023169209 11550971
1776622344034727161 11557952
1776622344046344374 11617213
1776622344057920123 11575749
1776622344069483612 11563489
1776622344081069361 11585749
1776622344092723685 11654324
1776622344104325915 11602230
1776622344115927109 11601194
1776622344127503710 11576601
1776622344139049070 11545360
1776622344150606671 11557601
1776622344162154512 11547841
1776622344173695446 11540934
1776622344185240917 11545471
1776622344196801037 11560120
1776622344208351323 11550286
1776622344219889275 11537952
1776622344231433617 11544342
1776622344242968755 11535138
1776622344254484263 11515508
1776622344265971549 11487286
1776622344277448483 11476934
1776622344288952269 11503786
1776622344300442388 11490119
1776622344311909044 11466656
1776622344323375700 11466656
1776622344334843357 11467657
1776622344346301068 11457711
1776622344357816762 11515694
1776622344369354103 11537341
1776622344380896037 11541934
1776622344392471379 11575342
1776622344404009017 11537638
1776622344415540469 11531452
1776622344427058255 11517786
1776622344438586782 11528527
1776622344450110809 11524027
1776622344461655076 11544267
1776622344473185251 11530175
1776622344484722907 11537656
1776622344496266341 11543434
1776622344507809220 11542879
1776622344519338895 11529675
1776622344530891199 11552304
1776622344542429837 11538638
1776622344553986290 11556453
1776622344565543317 11557027
1776622344577080047 11536730
1776622344588631259 11551212
1776622344600219360 11588101
1776622344611793609 11574249
1776622344623342543 11548934
1776622344634894422 11551879
1776622344646440486 11546064
1776622344657996531 11556045
1776622344669569391 11572860
1776622344681119399 11550008
1776622344692669315 11549916
1776622344704228916 11559601
1776622344715767054 11538138
1776622344727308747 11541693
1776622344738851292 11542545
1776622344750379819 11528527
1776622344761945068 11565249
1776622344773489558 11544490
1776622344785042270 11552712
1776622344796595648 11553378
1776622344808156138 11560490
1776622344819696313 11540175
1776622344831226858 11530545
1776622344842762848 11535990
1776622344854304134 11541286
1776622344865852605 11548471
1776622344877400280 11547675
1776622344888959658 11559378
1776622344900498241 11538583
1776622344912042360 11544119
1776622344923581183 11538823
1776622344935135525 11554342
1776622344946680144 11544619
1776622344958267337 11587193
1776622344969831272 11563935
1776622344981388909 11557637
1776622344992944158 11555249
1776622345004545574 11601416
1776622345016084342 11538768
1776622345027628739 11544397
1776622345039168765 11540026
1776622345050717589 11548824
1776622345062241152 11523563
1776622345073789383 11548231
1776622345085329965 11540582
1776622345096874084 11544119
1776622345108469389 11595305
1776622345120017768 11548379
1776622345131544553 11526785
1776622345143089025 11544472
1776622345154614292 11525267
1776622345166109226 11494934
1776622345177607086 11497860
1776622345189081465 11474379
1776622345200581213 11499748
1776622345212069962 11488749
1776622345223567730 11497768
1776622345235011552 11443822
1776622345246468542 11456990
1776622345257944068 11475526
1776622345269431780 11487712
1776622345280981011 11549231
1776622345292562704 11581693
1776622345304105768 11543064
1776622345315640832 11535064
1776622345327189099 11548267
1776622345338722885 11533786
1776622345350253579 11530694
1776622345361821402 11567823
1776622345373351539 11530137
1776622345384882455 11530916
1776622345396454500 11572045
1776622345407996268 11541768
1776622345419546258 11549990
1776622345431105544 11559286
1776622345442656181 11550637
1776622345454234727 11578546
1776622345465794531 11559804
1776622345477328225 11533694
1776622345488873826 11545601
1776622345500463926 11590100
1776622345512009898 11545972
1776622345523589073 11579175
1776622345535152340 11563267
1776622345546688959 11536619
1776622345558246486 11557527
1776622345569811606 11565120
1776622345581373873 11562267
1776622345592935678 11561805
1776622345604507001 11571323
1776622345616070472 11563471
1776622345627612054 11541582
1776622345639149137 11537083
1776622345650686126 11536989
1776622345662236653 11550527
1776622345673781698 11545045
1776622345685316651 11534953
1776622345696837029 11520378
1776622345708397797 11560768
1776622345719932935 11535138
1776622345731462332 11529397
1776622345742998044 11535712
1776622345754540478 11542434
1776622345766079060 11538582
1776622345777628309 11549249
1776622345789149984 11521675
1776622345800709103 11559119
1776622345812250241 11541138
1776622345823825323 11575082
1776622345835380535 11555212
1776622345846939136 11558601
1776622345858477052 11537916
1776622345870061060 11584008
1776622345881648624 11587564
1776622345893220818 11572194
1776622345904777474 11556656
1776622345916343371 11565897
1776622345927923713 11580342
1776622345939485554 11561841
1776622345951014618 11529064
1776622345962568682 11554064
1776622345974117746 11549064
1776622345985694198 11576452
1776622345997233114 11538916
1776622346008790363 11557249
1776622346020373223 11582860
1776622346031969509 11596286
1776622346043520962 11551453
1776622346055078563 11557601
1776622346066631793 11553230
1776622346078186153 11554360
1776622346089768143 11581990
1776622346101298837 11530694
1776622346112830937 11532100
1776622346124421520 11590583
1776622346135959695 11538175
1776622346147499536 11539841
1776622346159029804 11530268
1776622346170567312 11537508
1776622346182074598 11507286
1776622346193545421 11470823
1776622346205001058 11455637
1776622346216495918 11494860
1776622346227960982 11465064
1776622346239436101 11475119
1776622346250917016 11480915
1776622346262389784 11472768
1776622346273912088 11522304
1776622346285464059 11551971
1776622346297016901 11552842
1776622346308567780 11550879
1776622346320106195 11538415
1776622346331658833 11552638
1776622346343220564 11561731
1776622346354778664 11558100
1776622346366318136 11539472
1776622346377915977 11597841
1776622346389464671 11548694
1776622346401024679 11560008
1776622346412601354 11576675
1776622346424139344 11537990
1776622346435684778 11545434
1776622346447219786 11535008
1776622346458758072 11538286
1776622346470307358 11549286
1776622346481866070 11558712
1776622346493421800 11555730
1776622346505023605 11601805
1776622346516591724 11568119
1776622346528148807 11557083
1776622346539713019 11564212
1776622346551263508 11550489
1776622346562814535 11551027
1776622346574331877 11517342
1776622346585903496 11571619
1776622346597454467 11550971
1776622346609003216 11548749
1776622346620561650 11558434
1776622346632102640 11540990
1776622346643642852 11540212
1776622346655171693 11528841
1776622346666709479 11537786
1776622346678268877 11559398
1776622346689846366 11577489
1776622346701396523 11550157
1776622346712935827 11539304
1776622346724549502 11613675
1776622346736085122 11535620
1776622346747633593 11548471
1776622346759170897 11537304
1776622346770698165 11527268
1776622346782246266 11548101
1776622346793800033 11553767
1776622346805362782 11562749
1776622346816900587 11537805
1776622346828490428 11589841
1776622346840036936 11546508
1776622346851594167 11557231
1776622346863141768 11547601
1776622346874675683 11533915
1776622346886235784 11560101
1776622346897797922 11562138
1776622346909336986 11539064
1776622346920862753 11525767
1776622346932430576 11567823
1776622346943978751 11548175
1776622346955532963 11554212
1776622346967087064 11554101
1776622346978627220 11540156
1776622346990164469 11537249
1776622347001714292 11549823
1776622347013269393 11555101
1776622347024840846 11571453
1776622347036404113 11563267
1776622347047950288 11546175
1776622347059495519 11545231
1776622347071035416 11539897
1776622347082568128 11532712
1776622347094118988 11550860
1776622347105663755 11544767
1776622347117193375 11529620
1776622347128784920 11591545
1776622347140341910 11556990
1776622347151889585 11547675
1776622347163414371 11524786
1776622347174946268 11531897
1776622347186426035 11479767
1776622347197910339 11484304
1776622347209393514 11483175
1776622347220859596 11466082
1776622347232352919 11493323
1776622347243813001 11460082
1776622347255286861 11473860
1776622347266745462 11458601
1776622347278221581 11476119
1776622347289772571 11550990
1776622347301328986 11556415
1776622347312899495 11570509
1776622347324459521 11560026
1776622347336003604 11544083
1776622347347538130 11534526
1776622347359089768 11551638
1776622347370643684 11553916
1776622347382239229 11595545
1776622347393814682 11575453
1776622347405421653 11606971
1776622347417011032 11589379
1776622347428619689 11608657
1776622347440172271 11552582
1776622347451710872 11538601
1776622347463263287 11552415
1776622347474797796 11534509
1776622347486343674 11545878
1776622347497888016 11544342
1776622347509434265 11546249
1776622347520977977 11543712
1776622347532541448 11563471
1776622347544086734 11545286
1776622347555616501 11529767
1776622347567177658 11561157
1776622347578712555 11534897
1776622347590238544 11525989
1776622347601775849 11537305
1776622347613302894 11527045
1776622347624841162 11538268
1776622347636384225 11543063
1776622347647928030 11543805
1776622347659471983 11543953
1776622347671009732 11537749
1776622347682550832 11541100
1776622347694104229 11553397
1776622347705664590 11560361
1776622347717193413 11528823
1776622347728751032 11557619
1776622347740306281 11555249
1776622347751855474 11549193
1776622347763419612 11564138
1776622347774950694 11531082
1776622347786478388 11527694
1776622347798032915 11554527
1776622347809584941 11552026
1776622347821120357 11535416
1776622347832671402 11551045
1776622347844225725 11554323
1776622347855758974 11533249
1776622347867304020 11545046
1776622347878858361 11554341
1776622347890390480 11532119
1776622347901951174 11560694
1776622347913499571 11548397
1776622347925032894 11533323
1776622347936582254 11549360
1776622347948101466 11519212
1776622347959633696 11532230
1776622347971150871 11517175
1776622347982684731 11533860
1776622347994186443 11501712
1776622348005659451 11473008
1776622348017133922 11474471
1776622348028610523 11476601
1776622348040089475 11478952
1776622348051548576 11459101
1776622348063007899 11459323
1776622348074453240 11445341
1776622348085918933 11465693
1776622348097442627 11523694
1776622348109019228 11576601
1776622348120601088 11581860
1776622348132145837 11544749
1776622348143682734 11536897
1776622348155215575 11532841
1776622348166745306 11529731
1776622348178267999 11522693
1776622348189832137 11564138
1776622348201395349 11563212
1776622348212963431 11568082
1776622348224537514 11574083
1776622348236076948 11539434
1776622348247615456 11538508
1776622348259155409 11539953
1776622348270701806 11546397
1776622348282274740 11572934
1776622348293844785 11570045
1776622348305389164 11544379
1776622348316924950 11535786
1776622348328482199 11557249
1776622348340019114 11536915
1776622348351559456 11540342
1776622348363089131 11529675
1776622348374627195 11538064
1776622348386181981 11554786
1776622348397731396 11549415
1776622348409297960 11566564
1776622348420868468 11570508
1776622348432436773 11568305
1776622348443991152 11554379
1776622348455530956 11539804
1776622348467069112 11538156
1776622348478611898 11542786
1776622348490168740 11556842
1776622348501734063 11565323
1776622348513293534 11559471
1776622348524826265 11532731
1776622348536385236 11558971
1776622348547929189 11543953
1776622348559482289 11553100
1776622348571030261 11547972
1776622348582586010 11555749
1776622348594158018 11572008
1776622348605712823 11554805
1776622348617253590 11540767
1776622348628786154 11532564
1776622348640329699 11543545
1776622348651881763 11552064
1776622348663431475 11549712
1776622348674975187 11543712
1776622348686521565 11546378
1776622348698065592 11544027
1776622348709679767 11614175
1776622348721280738 11600971
1776622348732866006 11585268
1776622348744486774 11620768
1776622348756063282 11576508
1776622348767658809 11595527
1776622348779231169 11572360
1776622348790793862 11562693
1776622348802365222 11571360
1776622348813972657 11607435
1776622348825560332 11587675
1776622348837177636 11617304
1776622348848756571 11578935
1776622348860341653 11585082
1776622348871895143 11553490
1776622348883458225 11563082
1776622348895037141 11578916
1776622348906603019 11565878
1776622348918171231 11568212
1776622348929736184 11564953
1776622348941305081 11568897
1776622348952929830 11624749
1776622348964544654 11614824
1776622348976153607 11608953
1776622348987729189 11575582
1776622348999305568 11576379
1776622349010869909 11564341
1776622349022428084 11558175
1776622349034018852 11590768
1776622349045620064 11601212
1776622349057179535 11559471
1776622349068834784 11655249
1776622349080444070 11609286
1776622349092100208 11656138
1776622349103734050 11633842
1776622349115296188 11562138
1776622349126897270 11601082
1776622349138479242 11581972
1776622349150056935 11577693
1776622349161606684 11549749
1776622349173135359 11528675
1776622349184710034 11574675
1776622349196242450 11532416
1776622349207745976 11503526
1776622349219209929 11463953
1776622349230672381 11462452
1776622349242151426 11479045
1776622349253611564 11460138
1776622349265061720 11450156
1776622349276549784 11488064
1776622349287987903 11438119
1776622349299471078 11483175
1776622349310965512 11494434
1776622349322509372 11543860
1776622349334112565 11603193
1776622349345693814 11581249
1776622349357245526 11551712
1776622349368817979 11572453
1776622349380362672 11544693
1776622349391897310 11534638
1776622349403466096 11568786
1776622349415024790 11558694
1776622349426574798 11550008
1776622349438116473 11541675
1776622349449674777 11558304
1776622349461229563 11554786
1776622349472852313 11622750
1776622349484445247 11592934
1776622349495999014 11553767
1776622349507544967 11545953
1776622349519093772 11548805
1776622349530631595 11537823
1776622349542178344 11546749
1776622349553729056 11550712
1776622349565262564 11533508
1776622349576812850 11550286
1776622349588386710 11573860
1776622349599928200 11541490
1776622349611452911 11524711
1776622349622998475 11545564
1776622349634537928 11539453
1776622349646076992 11539064
1776622349657634204 11557212
1776622349669176304 11542100
1776622349680739202 11562898
1776622349692287988 11548786
1776622349703830996 11543008
1776622349715377874 11546878
1776622349726923531 11545657
1776622349738458391 11534860
1776622349750041955 11583564
1776622349761598648 11556693
1776622349773149842 11551194
1776622349784704128 11554286
1776622349796232691 11528563
1776622349807788403 11555712
1776622349819317708 11529305
1776622349830860790 11543082
1776622349842399391 11538601
1776622349853944992 11545601
1776622349865473426 11528434
1776622349877013341 11539915
1776622349888552331 11538990
1776622349900091784 11539453
1776622349911601181 11509397
1776622349923055355 11454174
1776622349934519789 11464434
1776622349945992038 11472249
1776622349957449268 11457230
1776622349968938573 11489305
1776622349980400896 11462323
1776622349991858182 11457286
1776622350003316393 11458211
1776622350014760975 11444582
1776622350026301039 11540064
1776622350037835899 11534860
1776622350049313204 11477305
1776622350060768860 11455656
1776622350072244979 11476119
1776622350083695913 11450934
1776622350095143532 11447619
1776622350106608892 11465360
1776622350118116641 11507749
1776622350129665223 11548582
1776622350141212194 11546971
1776622350152760165 11547971
1776622350164317507 11557342
1776622350175872441 11554934
1776622350187431412 11558971
1776622350198974402 11542990
1776622350210553503 11579101
1776622350222089474 11535971
1776622350233652779 11563305
1776622350245187213 11534434
1776622350256749554 11562341
1776622350268286507 11536953
1776622350279850608 11564101
1776622350291406801 11556193
1776622350302966587 11559786
1776622350314461114 11494527
1776622350326001382 11540268
1776622350337624668 11623286
1776622350349200417 11575749
1776622350360775647 11575230
1776622350372338618 11562971
1776622350383870460 11531842
1776622350395417042 11546582
1776622350406965995 11548953
1776622350418511651 11545656
1776622350430070030 11558379
1776622350441626760 11556730
1776622350453160158 11533398
1776622350464712277 11552119
1776622350476258952 11546675
1776622350487804738 11545786
1776622350499339116 11534378
1776622350510867736 11528620
1776622350522409151 11541415
1776622350534028493 11619342
1776622350545601983 11573490
1776622350557127565 11525582
1776622350568681684 11554119
1776622350580212063 11530379
1776622350591735516 11523453
1776622350603269561 11534045
1776622350614804347 11534786
1776622350626342577 11538230
1776622350637899752 11557175
1776622350649439372 11539620
1776622350660970546 11531174
1776622350672525295 11554749
1776622350684057452 11532157
1776622350695598719 11541267
1776622350707122487 11523768
1776622350718647847 11525360
1776622350730176447 11528600
1776622350741720196 11543749
1776622350753252464 11532268
1776622350764796713 11544249
1776622350776353814 11557101
1776622350787904340 11550526
1776622350799462126 11557786
1776622350810983690 11521564
1776622350822515643 11531953
1776622350834057133 11541490
1776622350845612696 11555563
1776622350857142390 11529694
1776622350868704176 11561786
1776622350880255388 11551212
1776622350891781488 11526100
1776622350903316441 11534953
1776622350914842431 11525990
1776622350926371865 11529434
1776622350937904095 11532230
1776622350949443918 11539823
1776622350961009149 11565231
1776622350972545583 11536434
1776622350984098628 11553045
1776622350995650359 11551731
1776622351007197348 11546989
1776622351018739486 11542138
1776622351030271513 11532027
1776622351041846929 11575416
1776622351053391530 11544601
1776622351064929723 11538193
1776622351076520250 11590527
1776622351088062110 11541860
1776622351099604877 11542767
1776622351111126497 11521620
1776622351122662820 11536323
1776622351134171217 11508397
1776622351145639095 11467878
1776622351157099436 11460341
1776622351168558241 11458805
1776622351180015453 11457212
1776622351191467516 11452063
1776622351202937654 11470138
1776622351214427106 11489452
1776622351225943614 11516508
1776622351237479475 11535861
1776622351249067631 11588156
1776622351260641213 11573582
1776622351272184462 11543249
1776622351283717230 11532768
1776622351295263331 11546101
1776622351306810191 11546860
1776622351318343421 11533230
1776622351329895633 11552212
1776622351341433512 11537879
1776622351352996853 11563341
1776622351364577084 11580231
1776622351376110536 11533452
1776622351387638471 11527935
1776622351399151442 11512971
1776622351410673894 11522452
1776622351422210884 11536990
1776622351433730651 11519767
1776622351445199937 11469286
1776622351456716594 11516657
1776622351468199046 11482452
1776622351479661517 11462471
1776622351491105525 11444008
1776622351502555274 11449749
1776622351514011356 11456082
1776622351525461975 11450619
1776622351536991520 11529545
1776622351548552566 11561046
1776622351560085981 11533415
1776622351571612286 11526305
1776622351583156312 11544026
1776622351594689950 11533638
1776622351606231310 11541360
1776622351617778244 11546934
1776622351629310493 11532249
1776622351640848539 11538046
1776622351652422047 11573508
1776622351663965407 11543360
1776622351675508563 11543156
1776622351687038164 11529601
1776622351698589709 11551545
1776622351710103310 11513601
1776622351721646818 11543508
1776622351733173901 11527083
1776622351744712557 11538656
1776622351756245880 11533323
1776622351767788277 11542397
1776622351779343396 11555119
1776622351790870794 11527398
1776622351802411320 11540526
1776622351813944847 11533527
1776622351825493652 11548805
1776622351837027382 11533730
1776622351848565798 11538416
1776622351860093213 11527415
1776622351871615832 11522619
1776622351883151044 11535212
1776622351894668423 11517379
1776622351906225950 11557527
1776622351917784421 11558471
1776622351929318966 11534545
1776622351940814011 11495045
1776622351952358482 11544471
1776622351963907843 11549361
1776622351975437888 11530045
1776622351986967192 11529304
1776622351998500460 11533268
1776622352010102913 11602453
1776622352021683884 11580971
1776622352033233244 11549360
1776622352044813697 11580453
1776622352056383131 11569434
1776622352067944047 11560916
1776622352079477962 11533915
1776622352091016989 11539027
1776622352102572516 11555527
1776622352114123283 11550767
1776622352125666940 11543657
1776622352137198596 11531656
1776622352148727437 11528841
1776622352160272798 11545361
1776622352171802621 11529823
1776622352183319832 11517211
1776622352194861433 11541601
1776622352206416071 11554638
1776622352217999542 11583471
1776622352229563958 11564416
1776622352241109929 11545971
1776622352252654308 11544379
1776622352264196205 11541897
1776622352275721028 11524823
1776622352287258925 11537897
1776622352298800100 11541175
1776622352310325590 11525490
1776622352321870524 11544934
1776622352333418458 11547934
1776622352344964929 11546471
1776622352356515585 11550656
1776622352368065909 11550324
1776622352379600250 11534341
1776622352391138147 11537897
1776622352402674063 11535916
1776622352414214071 11540008
1776622352425765468 11551397
1776622352437315865 11550397
1776622352448869911 11554046
1776622352460431437 11561526
1776622352471977779 11546342
1776622352483536102 11558323
1776622352495088592 11552490
1776622352506628841 11540249
1776622352518167127 11538286
1776622352529738987 11571860
1776622352541277828 11538841
1776622352552832985 11555157
1776622352564433308 11600323
1776622352576043724 11610416
1776622352587660547 11616823
1776622352599203037 11542490
1776622352610772860 11569823
1776622352622411739 11638879
1776622352634014025 11602286
1776622352645600089 11586064
1776622352657176134 11576045
1776622352668865365 11689231
1776622352680509614 11644249
1776622352692099659 11590045
1776622352703659001 11559342
1776622352715223250 11564249
1776622352726785240 11561990
1776622352738335155 11549915
1776622352749902608 11567453
1776622352761515561 11612953
1776622352773090625 11575064
1776622352784664892 11574267
1776622352796219752 11554860
1776622352807777816 11558064
1776622352819351158 11573342
1776622352830926092 11574934
1776622352842493915 11567823
1776622352854059497 11565582
1776622352865644080 11584583
1776622352877225218 11581138
1776622352888796985 11571767
1776622352900430920 11633935
1776622352911995909 11564989
1776622352923551899 11555990
1776622352935114704 11562805
1776622352946666527 11551823
1776622352958237331 11570804
1776622352969817340 11580009
1776622352981384996 11567656
1776622352992990282 11605286
1776622353004594383 11604101
1776622353016166743 11572360
1776622353027730104 11563361
1776622353039300334 11570230
1776622353050869231 11568897
1776622353062424073 11554842
1776622353074055840 11631767
1776622353085687145 11631305
1776622353097265005 11577860
1776622353108854495 11589490
1776622353120448948 11594453
1776622353132059901 11610953
1776622353143633316 11573415
1776622353155188825 11555509
1776622353166753870 11565045
1776622353178324601 11570731
1776622353189898035 11573434
1776622353201452043 11554008
1776622353213001829 11549786
1776622353224602689 11600860
1776622353236176975 11574286
1776622353247739743 11562768
1776622353259292159 11552416
1776622353270874556 11582397
1776622353282424045 11549489
1776622353294010276 11586231
1776622353305596692 11586416
1776622353317220719 11624027
1776622353328791208 11570489
1776622353340377643 11586435
1776622353351920206 11542563
1776622353363482400 11562194
1776622353375084464 11602064
1776622353386646009 11561545
1776622353398273332 11627323
1776622353409888507 11615175
1776622353421464331 11575824
1776622353433065450 11601119
1776622353444656458 11591008
1776622353456289337 11632879
1776622353467856734 11567397
1776622353479422428 11565694
1776622353490978603 11556175
1776622353502570759 11592156
1776622353514203657 11632898
1776622353525787406 11583749
1776622353537357766 11570360
1776622353548992885 11635119
1776622353560597468 11604583
1776622353572158106 11560638
1776622353583708243 11550137
1776622353595302604 11594361
1776622353606861316 11558712
1776622353618431917 11570601
1776622353629981795 11549878
1776622353641556729 11574934
1776622353653126719 11569990
1776622353664761450 11634731
1776622353676346217 11584767
1776622353687948115 11601898
1776622353699499364 11551249
1776622353711061020 11561656
1776622353722601139 11540119
1776622353734165296 11564157
1776622353745734137 11568841
1776622353757289257 11555120
1776622353768867191 11577934
1776622353780513422 11646231
1776622353792085356 11571934
1776622353803648253 11562897
1776622353815210261 11562008
1776622353826825603 11615342
1776622353838386056 11560453
1776622353849976897 11590841
1776622353861552813 11575916
1776622353873126025 11573212
1776622353884733015 11606990
1776622353896307597 11574582
1776622353907883698 11576101
1776622353919481244 11597546
1776622353931038382 11557138
1776622353942594445 11556063
1776622353954155991 11561546
1776622353965723480 11567489
1776622353977281396 11557916
1776622353988837645 11556249
1776622354000401431 11563786
1776622354011983847 11582416
1776622354023539911 11556064
1776622354035092734 11552823
1776622354046642260 11549526
1776622354058244065 11601805
1776622354069834203 11590138
1776622354081385063 11550860
1776622354092946608 11561545
1776622354104540043 11593435
1776622354116097033 11556990
1776622354127661152 11564119
1776622354139246808 11585656
1776622354150823669 11576861
1776622354162354677 11531008
1776622354173907111 11552434
1776622354185440601 11533490
1776622354197019609 11579008
1776622354208569173 11549564
1776622354220118699 11549526
1776622354231650189 11531490
1776622354243185938 11535749
1776622354254739687 11553749
1776622354266247843 11508156
1776622354277813370 11565527
1776622354289362730 11549360
1776622354300915609 11552879
1776622354312469339 11553730
1776622354324017477 11548138
1776622354335557078 11539601
1776622354347114290 11557212
1776622354358652650 11538360
1776622354370198640 11545990
1776622354381759185 11560545
1776622354393293249 11534064
1776622354404841016 11547767
1776622354416407914 11566898
1776622354427950070 11542156
1776622354439487319 11537249
1776622354451020716 11533397
1776622354462569428 11548712
1776622354474093140 11523712
1776622354485666555 11573415
1776622354497228434 11561879
1776622354508772924 11544490
1776622354520323136 11550212
1776622354531890422 11567286
1776622354543442560 11552138
1776622354554990586 11548026
1776622354566509280 11518694
1776622354578057621 11548341
1776622354589608704 11551083
1776622354601133953 11525249
1776622354612680276 11546323
1776622354624221247 11540971
1776622354635745922 11524675
1776622354647265060 11519138
1776622354658787031 11521971
1776622354670305668 11518637
1776622354681761843 11456175
1776622354693216277 11454434
1776622354704689396 11473119
1776622354716156034 11466638
1776622354727610931 11454897
1776622354739069624 11458693
1776622354750535095 11465471
1776622354762066974 11531879
1776622354773628593 11561619
1776622354785167101 11538508
1776622354796709221 11542120
1776622354808274747 11565526
1776622354819810219 11535472
1776622354831355505 11545286
1776622354842902531 11547026
1776622354854453947 11551416
1776622354866050752 11596805
1776622354877639038 11588286
1776622354889184064 11545026
1776622354900756554 11572490
1776622354912316100 11559546
1776622354923853774 11537674
1776622354935381857 11528083
1776622354946933420 11551563
1776622354958489577 11556157
1776622354970041733 11552156
1776622354981591538 11549805
1776622354993137639 11546101
1776622355004744777 11607138
1776622355016282877 11538100
1776622355027820423 11537546
1776622355039365820 11545397
1776622355050918532 11552712
1776622355062477670 11559138
1776622355074020863 11543193
1776622355085589816 11568953
1776622355097135954 11546138
1776622355108730203 11594249
1776622355120266563 11536360
1776622355131804904 11538341
1776622355143340413 11535509
1776622355154889384 11548971
1776622355166406318 11516934
1776622355177921696 11515378
1776622355189410538 11488842
1776622355200899250 11488712
1776622355212415128 11515878
1776622355223876173 11461045
1776622355235322348 11446175
1776622355246791578 11469230
1776622355258254160 11462582
1776622355269772020 11517860
1776622355281321103 11549083
1776622355292860352 11539249
1776622355304436453 11576101
1776622355315984664 11548211
1776622355327524117 11539453
1776622355339065903 11541786
1776622355350611597 11545694
1776622355362136197 11524600
1776622355373684557 11548360
1776622355385226788 11542231
1776622355396802092 11575304
1776622355408347860 11545768
1776622355419887535 11539675
1776622355431419025 11531490
1776622355442955236 11536211
1776622355454495560 11540324
1776622355466054697 11559137
1776622355477604891 11550194
1776622355489151343 11546452
1776622355500698463 11547120
1776622355512233693 11535230
1776622355523771294 11537601
1776622355535293599 11522305
1776622355546840885 11547286
1776622355558383652 11542767
1776622355569941753 11558101
1776622355581492039 11550286
1776622355593046418 11554379
1776622355604585167 11538749
1776622355616138230 11553063
1776622355627669442 11531212
1776622355639202154 11532712
1776622355650721422 11519268
1776622355662237541 11516119
1776622355673782716 11545175
1776622355685324372 11541656
1776622355696840936 11516564
1776622355708398722 11557786
1776622355719940471 11541749
1776622355731479924 11539453
1776622355743021950 11542026
1776622355754544718 11522768
1776622355766121115 11576397
1776622355777676012 11554897
1776622355789213965 11537953
1776622355800780010 11566045
1776622355812355870 11575860
1776622355823906952 11551082
1776622355835443387 11536435
1776622355846970469 11527082
1776622355858524181 11553712
1776622355870060911 11536730
1776622355881625475 11564564
1776622355893159020 11533545
1776622355904722603 11563583
1776622355916268629 11546026
1776622355927796193 11527564
1776622355939335313 11539120
1776622355950903376 11568063
1776622355962444366 11540990
1776622355973984059 11539693
1776622355985556716 11572657
1776622355997089372 11532656
1776622356008642121 11552749
1776622356020151241 11509120
1776622356031689360 11538119
1776622356043219516 11530156
1776622356054754821 11535305
1776622356066292922 11538101
1776622356077814115 11521193
1776622356089292845 11478730
1776622356100765742 11472897
1776622356112225195 11459453
1776622356123680536 11455341
1776622356135123174 11442638
1776622356146585922 11462748
1776622356158033486 11447564
1776622356169485383 11451897
1776622356181023687 11538304
1776622356192605325 11581638
1776622356204171667 11566342
1776622356215716305 11544638
1776622356227271369 11555064
1776622356238807303 11535934
1776622356250324904 11517601
1776622356261869227 11544323
1776622356273410124 11540897
1776622356284946243 11536119
1776622356296486233 11539990
1776622356308024704 11538471
1776622356319561823 11537119
1776622356331096350 11534527
1776622356342635414 11539064
1776622356354164163 11528749
1776622356365725745 11561582
1776622356377293679 11567934
1776622356388862910 11569231
1776622356400508677 11645767
1776622356412134278 11625601
1776622356423745935 11611657
1776622356435320573 11574638
1776622356446889322 11568749
1776622356458536182 11646860
1776622356470117728 11581546
1776622356481698403 11580675
1776622356493261189 11562786
1776622356504853604 11592415
1776622356516510798 11657194
1776622356528075140 11564342
1776622356539661833 11586693
1776622356551259397 11597564
1776622356562843128 11583731
1776622356574428655 11585527
1776622356586027144 11598489
1776622356597653764 11626620
1776622356609280180 11626416
1776622356620862225 11582045
1776622356632466085 11603860
1776622356644025519 11559434
1776622356655613009 11587490
1776622356667186258 11573249
1776622356678773767 11587509
1776622356690385664 11611897
1776622356701989265 11603601
1776622356713562644 11573379
1776622356725136911 11574267
1776622356736737457 11600546
1776622356748320502 11583045
1776622356759893769 11573267
1776622356771463833 11570064
1776622356783020749 11556916
1776622356794596646 11575897
1776622356806165377 11568731
1776622356817751311 11585934
1776622356829362134 11610823
1776622356840964198 11602064
1776622356852543984 11579786
1776622356864110641 11566657
1776622356875671149 11560508
1776622356887237916 11566767
1776622356898800962 11563046
1776622356910361840 11560878
1776622356921983867 11622027
1776622356933563264 11579397
1776622356945127254 11563990
1776622356956714911 11587657
1776622356968280845 11565934
1776622356979851946 11571101
1776622356991412269 11560323
1776622357003052222 11639953
1776622357014670175 11617953
1776622357026236275 11566100
1776622357037825543 11589268
1776622357049402551 11577008
1776622357060977782 11575231
1776622357072589920 11612138
1776622357084162095 11572175
1776622357095722955 11560860
1776622357107287260 11564305
1776622357118880916 11593656
1776622357130447647 11566731
1776622357142026414 11578767
1776622357153670256 11643842
1776622357165233931 11563675
1776622357176830199 11596268
1776622357188437262 11607063
1776622357200055086 11617824
1776622357211669094 11614008
1776622357223246658 11577564
1776622357234817925 11571267
1776622357246428693 11610768
1776622357258017535 11588842
1776622357269606210 11588675
1776622357281159551 11553341
1776622357292732189 11572638
1776622357304351235 11619046
1776622357315930317 11579082
1776622357327485214 11554897
1776622357339053426 11568212
1776622357350604490 11551064
1776622357362161017 11556527
1776622357373732488 11571471
1776622357385331719 11599231
1776622357396916468 11584749
1776622357408534328 11617860
1776622357420095429 11561101
1776622357431668919 11573490
1776622357443278112 11609193
1776622357454833009 11554897
1776622357466392999 11559990
1776622357477991767 11598768
1776622357489616053 11624286
1776622357501171524 11555471
1776622357512724625 11553101
1776622357524362578 11637953
1776622357535939642 11577064
1776622357547515428 11575786
1776622357559061306 11545878
1776622357570629074 11567768
1776622357582199823 11570749
1776622357593803017 11603194
1776622357605380043 11577026
1776622357617005922 11625879
1776622357628631616 11625694
1776622357640204365 11572749
1776622357651752318 11547953
1776622357663328289 11575971
1776622357674891890 11563601
1776622357686448620 11556730
1776622357698028462 11579842
1776622357709669915 11641453
1776622357721242905 11572990
1776622357732830487 11587582
1776622357744429366 11598879
1776622357756059022 11629656
1776622357767645623 11586601
1776622357779206909 11561286
1776622357790772732 11565823
1776622357802354037 11581305
1776622357813948471 11594434
1776622357825667350 11718879
1776622357837325655 11658305
1776622357848938830 11613175
1776622357860595987 11657157
1776622357872177125 11581138
1776622357883748670 11571545
1776622357895319771 11571101
1776622357906887816 11568045
1776622357918460880 11573064
1776622357930072185 11611305
1776622357941714545 11642360
1776622357953302053 11587508
1776622357964892228 11590175
1776622357976473737 11581509
1776622357988085078 11611341
1776622357999656327 11571249
1776622358011222114 11565787
1776622358022771325 11549211
1776622358034345408 11574083
1776622358045939972 11594564
1776622358057502776 11562804
1776622358069115025 11612249
1776622358080695237 11580212
1776622358092314968 11619731
1776622358103876587 11561619
1776622358115449762 11573175
1776622358127038734 11588972
1776622358138613575 11574841
1776622358150194565 11580990
1776622358161782536 11587971
1776622358173394841 11612305
1776622358184987461 11592620
1776622358196614376 11626915
1776622358208192163 11577787
1776622358219778763 11586600
1776622358231383587 11604824
1776622358242957188 11573601
1776622358254529029 11571841
1776622358266116204 11587175
1776622358277720157 11603953
1776622358289284388 11564231
1776622358300881970 11597582
1776622358312515515 11633545
1776622358324085820 11570305
1776622358335670180 11584360
1776622358347237559 11567379
1776622358358812475 11574916
1776622358370413779 11601304
1776622358382043454 11629675
1776622358393687981 11644527
1776622358405318008 11630027
1776622358416937517 11619509
1776622358428548044 11610527
1776622358440124089 11576045
1776622358451740227 11616138
1776622358463329458 11589231
1776622358474912855 11583397
1776622358486474400 11561545
1776622358498067038 11592638
1776622358509650046 11583008
1776622358521218944 11568898
1776622358532826748 11607804
1776622358544455312 11628564
1776622358556018932 11563620
1776622358567586569 11567637
1776622358579144893 11558324
1776622358590684253 11539360
1776622358602241613 11557360
1776622358613821603 11579990
1776622358625395222 11573619
1776622358636999027 11603805
1776622358648591294 11592267
1776622358660156062 11564768
1776622358671744033 11587971
1776622358683350449 11606416
1776622358694913568 11563119
1776622358706491040 11577472
1776622358718052122 11561082
1776622358729653297 11601175
1776622358741224824 11571527
1776622358752797406 11572582
1776622358764381488 11584082
1776622358776005515 11624027
1776622358787573950 11568435
1776622358799144013 11570063
1776622358810706355 11562342
1776622358822239437 11533082
1776622358833815057 11575620
1776622358845382695 11567638
1776622358856993722 11611027
1776622358868562008 11568286
1776622358880141960 11579952
1776622358891704784 11562824
1776622358903275421 11570637
1776622358914888615 11613194
1776622358926467512 11578897
1776622358938058687 11591175
1776622358949648307 11589620
1776622358961218296 11569989
1776622358972884305 11666009
1776622358984494184 11609879
1776622358996054988 11560804
1776622359007629293 11574305
1776622359019224561 11595268
1776622359030800532 11575971
1776622359042355040 11554508
1776622359053928122 11573082
1776622359065475131 11547009
1776622359077039232 11564101
1776622359088638758 11599526
1776622359100423767 11785009
1776622359112068331 11644564
1776622359123637803 11569472
1776622359135126551 11488748
1776622359146585874 11459323
1776622359158065993 11480119
1776622359169552483 11486490
1776622359181002676 11450193
1776622359192486295 11483619
1776622359203952303 11466008
1776622359215485256 11532953
1776622359226995098 11509842
1776622359238549550 11554452
1776622359250121133 11571583
1776622359261687419 11566286
1776622359273231779 11544360
1776622359284805083 11573304
1776622359296367036 11561953
1776622359307919415 11552379
1776622359319472127 11552712
1776622359331011672 11539545
1776622359342556328 11544656
1776622359354098448 11542120
1776622359365662419 11563971
1776622359377226761 11564342
1776622359388824954 11598193
1776622359400400036 11575082
1776622359411964860 11564824
1776622359423516960 11552100
1776622359435063098 11546138
1776622359446624866 11561768
1776622359458179578 11554712
1776622359469741068 11561490
1776622359481270205 11529137
1776622359492805343 11535138
1776622359504362481 11557138
1776622359515897212 11534731
1776622359527431164 11533952
1776622359538956746 11525582
1776622359550492070 11535324
1776622359562030041 11537971
1776622359573711475 11681434
1776622359585585410 11873935
1776622359597232844 11647434
1776622359608865168 11632324
1776622359620476435 11611267
1776622359632007647 11531212
1776622359643483970 11476323
1776622359654971219 11487249
1776622359666426283 11455064
1776622359677952754 11526471
1776622359689436725 11483971
1776622359700907288 11470563
1776622359712384963 11477675
1776622359723873990 11489027
1776622359735464943 11590953
1776622359747017118 11552175
1776622359758590885 11573767
1776622359770152319 11561434
1776622359781734568 11582249
1776622359793300280 11565712
1776622359804848363 11548083
1776622359816423112 11574749
1776622359827971064 11547952
1776622359839533332 11562268
1776622359851065414 11532082
1776622359862617237 11551823
1776622359874175097 11557860
1776622359885740402 11565305
1776622359897311540 11571138
1776622359908872437 11560897
1776622359920453908 11581471
1776622359932000324 11546416
1776622359943547795 11547471
1776622359955090822 11543027
1776622359966630126 11539304
1776622359978187931 11557805
1776622359989735569 11547638
1776622360001291077 11555508
1776622360012824956 11533879
1776622360024404409 11579453
1776622360035963139 11558730
1776622360047495351 11532212
1776622360059040044 11544693
1776622360070581479 11541435
1776622360082134524 11553045
1776622360093700051 11565527
1776622360105298300 11598249
1776622360116829901 11531601
1776622360128360872 11530971
1776622360139815861 11454989
1776622360151285073 11469212
1776622360162746340 11461267
1776622360174212645 11466305
1776622360185691801 11479156
1776622360197244846 11553045
1776622360208762743 11517897
1776622360220224566 11461823
1776622360231749019 11524453
1776622360243299471 11550452
1776622360254845146 11545675
1776622360266368617 11523471
1776622360277910144 11541527
1776622360289430838 11520694
1776622360301002938 11572100
1776622360312557928 11554990
1776622360324072844 11514916
1776622360335634130 11561286
1776622360347155897 11521767
1776622360358697368 11541471
1776622360370239229 11541861
1776622360381791552 11552323
1776622360393329801 11538249
1776622360404858883 11529082
1776622360416406595 11547712
1776622360427961325 11554730
1776622360439497982 11536657
1776622360451034323 11536341
1776622360462571443 11537120
1776622360474123025 11551582
1776622360485695996 11572971
1776622360497241356 11545360
1776622360508826290 11584934
1776622360520381984 11555694
1776622360531924140 11542156
1776622360543493593 11569453
1776622360555022823 11529230
1776622360566576258 11553435
1776622360578164044 11587786
1776622360589744385 11580341
1776622360601284375 11539990
1776622360612824569 11540194
1776622360624382262 11557693
1776622360635906604 11524342
1776622360647429760 11523156
1776622360658966398 11536638
1776622360670527110 11560712
1776622360682115692 11588582
1776622360693687571 11571879
1776622360705221227 11533656
1776622360716791532 11570305
1776622360728364762 11573230
1776622360739894289 11529527
1776622360751426668 11532379
1776622360762969472 11542804
1776622360774522610 11553138
1776622360786050044 11527434
1776622360797624163 11574119
1776622360809179912 11555749
1776622360820736310 11556398
1776622360832290448 11554138
1776622360843838863 11548415
1776622360855381001 11542138
1776622360866934157 11553156
1776622360878447054 11512897
1776622360890043470 11596416
1776622360901622256 11578786
1776622360913161598 11539342
1776622360924739310 11577712
1776622360936276448 11537138
1776622360947798863 11522415
1776622360959334946 11536083
1776622360970881639 11546693
1776622360982408481 11526842
1776622360993988341 11579860
1776622361005560386 11572045
1776622361017096098 11535712
1776622361028650106 11554008
1776622361040201115 11551009
1776622361051723641 11522526
1776622361063250964 11527323
1776622361074776972 11526008
1776622361086292203 11515231
1776622361097857841 11565638
1776622361109387627 11529786
1776622361120936172 11548545
1776622361132488921 11552749
1776622361144031466 11542545
1776622361155573993 11542527
1776622361167123705 11549712
1776622361178660417 11536712
1776622361190271981 11611564
1776622361201829971 11557990
1776622361213394497 11564526
1776622361224943895 11549398
1776622361236597162 11653267
1776622361248171874 11574712
1776622361259728049 11556175
1776622361271319484 11591435
1776622361282894881 11575397
1776622361294450722 11555841
1776622361306041342 11590620
1776622361317710684 11669342
1776622361329288970 11578286
1776622361340894700 11605730
1776622361352484949 11590249
1776622361364068328 11583379
1776622361375677059 11608731
1776622361387232882 11555823
1776622361398816353 11583471
1776622361410423676 11607323
1776622361422020092 11596416
1776622361433599674 11579582
1776622361445178090 11578416
1776622361456827136 11649046
1776622361468433533 11606397
1776622361480007208 11573675
1776622361491568346 11561138
1776622361503151465 11583119
1776622361514716677 11565212
1776622361526317334 11600657
1776622361537912675 11595341
1776622361549536258 11623583
1776622361561114840 11578582
1776622361572676589 11561749
1776622361584229783 11553194
1776622361595788013 11558230
1776622361607345651 11557638
1776622361618904641 11558990
1776622361630484705 11580064
1776622361642093028 11608323
1776622361653679573 11586545
1776622361665260563 11580990
1776622361676861035 11600472
1776622361688479247 11618212
1776622361700065959 11586712
1776622361711654486 11588527
1776622361723214883 11560397
1776622361734784724 11569841
1776622361746359936 11575212
1776622361757966130 11606194
1776622361769557620 11591490
1776622361781136980 11579360
1776622361792771544 11634564
1776622361804412201 11640657
1776622361815984783 11572582
1776622361827548736 11563953
1776622361839106170 11557434
1776622361850723049 11616879
1776622361862294927 11571878
1776622361873933010 11638083
1776622361885554463 11621453
1776622361897138267 11583804
1776622361908715646 11577379
1776622361920345358 11629712
1776622361931919903 11574545
1776622361943481523 11561620
1776622361955040253 11558730
1776622361966619651 11579398
1776622361978195251 11575600
1776622361989770112 11574861
1776622362001331898 11561786
1776622362012902499 11570601
1776622362024538914 11636415
1776622362036099626 11560712
1776622362047662968 11563342
1776622362059234032 11571064
1776622362070807688 11573656
1776622362082372623 11564935
1776622362093953057 11580434
1776622362105550695 11597638
1776622362117109796 11559101
1776622362128690378 11580582
1776622362140240664 11550286
1776622362151809858 11569194
1776622362163414144 11604286
1776622362174981689 11567545
1776622362186520012 11538323
1776622362198094817 11574805
1776622362209686547 11591730
1776622362221250037 11563490
1776622362232845990 11595953
1776622362244506572 11660582
1776622362256094859 11588287
1776622362267660830 11565971
1776622362279207079 11546249
1776622362290771513 11564434
1776622362302391058 11619545
1776622362314010067 11619009
1776622362325622594 11612527
1776622362337232787 11610193
1776622362348832759 11599972
1776622362360406378 11573619
1776622362371975294 11568916
1776622362383579969 11604675
1776622362395154662 11574693
1776622362406728985 11574323
1776622362418289864 11560879
1776622362429877984 11588120
1776622362441450399 11572415
1776622362453034074 11583675
1776622362464621897 11587823
1776622362476233258 11611361
1776622362487811673 11578415
1776622362499368571 11556898
1776622362510933394 11564823
1776622362522494606 11561212
1776622362534076707 11582101
1776622362545646085 11569378
1776622362557224334 11578249
1776622362568848954 11624620
1776622362580448888 11599934
1776622362592018619 11569731
1776622362603581812 11563193
1776622362615187895 11606083
1776622362626756755 11568860
1776622362638325115 11568360
1776622362649883642 11558527
1776622362661469020 11585378
1776622362673047955 11578935
1776622362684636556 11588601
1776622362696206138 11569582
1776622362707821609 11615471
1776622362719392506 11570897
1776622362730967330 11574824
1776622362742523542 11556212
1776622362754099254 11575712
1776622362765662577 11563323
1776622362777231511 11568934
1776622362788804778 11573267
1776622362800378435 11573657
1776622362811933610 11555175
1776622362823494192 11560582
1776622362835045978 11551786
1776622362846653227 11607249
1776622362858243310 11590083
1776622362869841781 11598471
1776622362881393863 11552082
1776622362892972631 11578768
1776622362904550899 11578268
1776622362916105740 11554841
1776622362927663082 11557342
1776622362939229868 11566786
1776622362950828210 11598342
1776622362962408773 11580563
1776622362973977652 11568879
1776622362985549401 11571749
1776622362997118928 11569527
1776622363008725344 11606416
1776622363020319204 11593860
1776622363031923749 11604545
1776622363043495906 11572157
1776622363055057377 11561471
1776622363066615496 11558119
1776622363078176523 11561027
1776622363089793624 11617101
1776622363101417225 11623601
1776622363113015622 11598397
1776622363124594131 11578509
1776622363136185269 11591138
1776622363147741296 11556027
1776622363159318545 11577249
1776622363170918053 11599508
1776622363182500450 11582397
1776622363194120273 11619823
1776622363205733411 11613138
1776622363217290142 11556731
1776622363228896632 11606490
1776622363240484492 11587860
1776622363252048871 11564379
1776622363263638027 11589156
1776622363275216221 11578194
1776622363286781192 11564971
1776622363298350737 11569545
1776622363309980116 11629379
1776622363321577773 11597657
1776622363333151503 11573730
1776622363344740660 11589157
1776622363356315964 11575304
1776622363367907139 11591175
1776622363379464999 11557860
1776622363391028971 11563972
1776622363402631812 11602841
1776622363414210617 11578805
1776622363425785533 11574916
1776622363437334300 11548767
1776622363448896753 11562453
1776622363460465835 11569082
1776622363472035140 11569305
1776622363483598148 11563008
1776622363495211823 11613675
1776622363506775887 11564064
1776622363518339469 11563582
1776622363529900811 11561342
1776622363541526727 11625916
1776622363553083346 11556619
1776622363564672206 11588860
1776622363576229363 11557157
1776622363587801075 11571712
1776622363599353324 11552249
1776622363610916425 11563101
1776622363622486192 11569767
1776622363634089552 11603360
1776622363645675209 11585657
1776622363657253162 11577953
1776622363668818892 11565730
1776622363680425493 11606601
1776622363692027057 11601564
1776622363703586010 11558953
1776622363715154148 11568138
1776622363726690508 11536360
1776622363738265942 11575434
1776622363749856636 11590694
1776622363761420199 11563563
1776622363772993597 11573398
1776622363784602290 11608693
1776622363796169928 11567638
1776622363807727788 11557860
1776622363819295204 11567416
1776622363830854860 11559656
1776622363842419072 11564212
1776622363853992710 11573638
1776622363865578071 11585361
1776622363877203172 11625101
1776622363888798476 11595304
1776622363900396559 11598083
1776622363911953678 11557119
1776622363923508779 11555101
1776622363935050250 11541471
1776622363946629277 11579027
1776622363958227859 11598582
1776622363969799979 11572120
1776622363981355857 11555878
1776622363992924884 11569027
1776622364004550837 11625953
1776622364016117068 11566231
1776622364027675280 11558212
1776622364039246473 11571193
1776622364050812111 11565638
1776622364062400267 11588156
1776622364073972776 11572509
1776622364085549747 11576971
1776622364097154700 11604953
1776622364108737134 11582434
1776622364120320476 11583342
1776622364131883817 11563341
1776622364143441789 11557972
1776622364154996112 11554323
1776622364166555824 11559712
1776622364178160721 11604897
1776622364189744637 11583916
1776622364201343608 11598971
1776622364212902264 11558656
1776622364224483273 11581009
1776622364236047207 11563934
1776622364247607567 11560360
1776622364259162187 11554620
1776622364270724361 11562174
1776622364282249851 11525490
1776622364293806767 11556916
1776622364305360145 11553378
1776622364316909876 11549731
1776622364328485792 11575916
1776622364340034596 11548804
1776622364351565160 11530564
1776622364363106909 11541749
1776622364374657732 11550823
1776622364386217222 11559490
1776622364397774045 11556823
1776622364409325053 11551008
1776622364420850821 11525768
1776622364432417236 11566415
1776622364443952615 11535379
1776622364455492568 11539953
1776622364467040798 11548230
1776622364478559880 11519082
1776622364490117833 11557953
1776622364501699101 11581268
1776622364513264387 11565286
1776622364524838080 11573693
1776622364536389292 11551212
1776622364547931615 11542323
1776622364559482938 11551323
1776622364571032317 11549379
1776622364582568140 11535823
1776622364594121963 11553823
1776622364605718490 11596527
1776622364617265702 11547212
1776622364628809377 11543675
1776622364640369959 11560582
1776622364651912023 11542064
1776622364663456068 11544045
1776622364674998891 11542823
1776622364686547825 11548934
1776622364698083852 11536027
1776622364709656138 11572286
1776622364721185387 11529249
1776622364732740377 11554990
1776622364744281033 11540656
1776622364755817504 11536471
1776622364767364735 11547231
1776622364778909947 11545212
1776622364790439659 11529712
1776622364801987574 11547915
1776622364813527860 11540286
1776622364825063609 11535749
1776622364836617488 11553879
1776622364848138885 11521397
1776622364859674986 11536101
1776622364871248994 11574008
1776622364882831836 11582842
1776622364894399881 11568045
1776622364905954741 11554860
1776622364917500472 11545731
1776622364929055202 11554730
1776622364940620155 11564953
1776622364952158719 11538564
1776622364963699949 11541230
1776622364975254513 11554564
1776622364986790336 11535823
1776622364998333844 11543508
1776622365009909223 11575379
1776622365021477398 11568175
1776622365033044110 11566712
1776622365044594507 11550397
1776622365056129756 11535249
1776622365067662968 11533212
1776622365079201847 11538879
1776622365090773929 11572082
1776622365102323382 11549453
1776622365113881946 11558564
1776622365125453435 11571489
1776622365136982073 11528638
1776622365148554359 11572286
1776622365160080367 11526008
1776622365171628116 11547749
1776622365183181810 11553694
1776622365194751892 11570082
1776622365206280604 11528712
1776622365217841724 11561120
1776622365229373935 11532211
1776622365240892092 11518157
1776622365252460582 11568490
1776622365264010534 11549952
1776622365275555913 11545379
1776622365287098866 11542953
1776622365298624207 11525341
1776622365310169641 11545434
1776622365321729409 11559768
1776622365333281121 11551712
1776622365344798944 11517823
1776622365356349748 11550804
1776622365367879127 11529379
1776622365379413005 11533878
1776622365390950051 11537046
1776622365402562633 11612582
1776622365414209290 11646657
1776622365425772706 11563416
1776622365437323899 11551193
1776622365448903444 11579545
1776622365460475119 11571675
1776622365472013405 11538286
1776622365483543062 11529657
1776622365495092533 11549471
1776622365506627004 11534471
1776622365518172901 11545897
1776622365529737984 11565083
1776622365541279288 11541304
1776622365552826130 11546842
1776622365564361379 11535249
1776622365575912905 11551526
1776622365587458580 11545675
1776622365598986977 11528397
1776622365610525263 11538286
1776622365622068938 11543675
1776622365633604317 11535379
1776622365645132844 11528527
1776622365656684833 11551989
1776622365668240119 11555286
1776622365679786980 11546861
1776622365691340525 11553545
1776622365702870366 11529841
1776622365714405023 11534657
1776622365725964790 11559767
1776622365737495465 11530675
1776622365749042622 11547157
1776622365760608759 11566137
1776622365772151545 11542786
1776622365783695665 11544120
1776622365795244006 11548341
1776622365806791441 11547435
1776622365818321708 11530267
1776622365829846920 11525212
1776622365841369224 11522304
1776622365852886677 11517453
1776622365864444741 11558064
1776622365875984786 11540045
1776622365887522239 11537453
1776622365899066395 11544156
1776622365910583052 11516657
1776622365922100041 11516989
1776622365933646031 11545990
1776622365945189058 11543027
1776622365956719547 11530489
1776622365968258574 11539027
1776622365979799638 11541064
1776622365991330405 11530767
1776622366002852802 11522397
1776622366014388477 11535675
1776622366025931930 11543453
1776622366037468012 11536082
1776622366049042224 11574212
1776622366060596251 11554027
1776622366072133630 11537379
1776622366083664897 11531267
1776622366095208202 11543305
1776622366106757914 11549712
1776622366118286570 11528656
1776622366129821226 11534656
1776622366141354531 11533305
1776622366152889706 11535175
1776622366164439622 11549916
1776622366175994167 11554545
1776622366187543786 11549619
1776622366199075646 11531860
1776622366210624025 11548379
1776622366222199348 11575323
1776622366233776338 11576990
1776622366245322346 11546008
1776622366256844743 11522397
1776622366268401677 11556934
1776622366279952186 11550509
1776622366291494009 11541823
1776622366303038721 11544712
1776622366314582507 11543786
1776622366326131515 11549008
1776622366337682690 11551175
1776622366349210531 11527841
1776622366360756595 11546064
1776622366372301992 11545397
1776622366383839871 11537879
1776622366395412379 11572508
1776622366406956036 11543657
1776622366418505285 11549249
1776622366430059126 11553841
1776622366441612171 11553045
1776622366453141050 11528879
1776622366464707910 11566860
1776622366476234381 11526471
1776622366487753778 11519397
1776622366499277453 11523675
1776622366510781276 11503823
1776622366522192395 11411119
1776622366533647829 11455434
1776622366545091393 11443564
1776622366556565290 11473897
1776622366568019816 11454526
1776622366579471602 11451786
1776622366590931351 11459749
1776622366602393729 11462378
1776622366613938404 11544675
1776622366625521394 11582990
1776622366637070773 11549379
1776622366648632300 11561527
1776622366660171289 11538989
1776622366671719112 11547823
1776622366683254806 11535694
1776622366694786555 11531749
1776622366706328470 11541915
1776622366717874367 11545897
1776622366729417524 11543157
1776622366741009921 11592397
1776622366752559133 11549212
1776622366764095012 11535879
1776622366775641501 11546489
1776622366787195676 11554175
1776622366798738296 11542620
1776622366810264489 11526193
1776622366821856886 11592397
1776622366833424506 11567620
1776622366844968421 11543915
1776622366856562393 11593972
1776622366868105623 11543230
1776622366879640965 11535342
1776622366891190232 11549267
1776622366902741018 11550786
1776622366914248304 11507286
1776622366925821979 11573675
1776622366937366098 11544119
1776622366948923051 11556953
1776622366960471800 11548749
1776622366972009975 11538175
1776622366983558002 11548027
1776622366995100066 11542064
1776622367006641555 11541489
1776622367018196897 11555342
1776622367029777794 11580897
1776622367041314451 11536657
1776622367052845996 11531545
1776622367064470319 11624323
1776622367076045438 11575119
1776622367087617428 11571990
1776622367099229418 11611990
1776622367110829223 11599805
1776622367122411879 11582656
1776622367134015573 11603694
1776622367145640100 11624527
1776622367157214053 11573953
1776622367168812987 11598934
1776622367180428569 11615582
1776622367192043133 11614564
1776622367203662012 11618879
1776622367215244780 11582768
1776622367226826992 11582212
1776622367238443074 11616082
1776622367250020453 11577379
1776622367261600480 11580027
1776622367273170803 11570323
1776622367284751256 11580453
1776622367296334486 11583230
1776622367307884328 11549842
1776622367319454318 11569990
1776622367331059215 11604897
1776622367342625890 11566675
1776622367354213583 11587693
1776622367365781777 11568194
1776622367377331007 11549230
1776622367388913942 11582935
1776622367400500524 11586582
1776622367412069532 11569008
1776622367423658744 11589212
1776622367435238308 11579564
1776622367446813317 11575009
1776622367458373584 11560267
1776622367469997500 11623916
1776622367481590193 11592693
1776622367493156702 11566509
1776622367504753321 11596619
1776622367516357941 11604620
1776622367527930356 11572415
1776622367539486013 11555657
1776622367551061577 11575564
1776622367562675233 11613656
1776622367574233334 11558101
1776622367585804842 11571508
1776622367597367943 11563101
1776622367608940359 11572416
1776622367620575405 11635046
1776622367632145117 11569712
1776622367643708754 11563637
1776622367655279041 11570287
1776622367666827567 11548526
1776622367678382779 11555212
1776622367689961102 11578323
1776622367701562518 11601416
1776622367713144860 11582342
1776622367724755720 11610860
1776622367736346525 11590805
1776622367747918107 11571582
1776622367759475615 11557508
1776622367771057087 11581472
1776622367782635169 11578082
1776622367794212992 11577823
1776622367805824445 11611453
1776622367817439361 11614916
1776622367829035054 11595693
1776622367840613618 11578564
1776622367852183682 11570064
1776622367863741061 11557379
1776622367875303884 11562823
1776622367886897540 11593656
1776622367898464975 11567435
1776622367910036650 11571675
1776622367921605269 11568619
1776622367933217463 11612194
1776622367944824656 11607193
1776622367956411276 11586620
1776622367967967321 11556045
1776622367979530940 11563619
1776622367991099208 11568268
1776622368002657864 11558656
1776622368014228521 11570657
1776622368025868344 11639823
1776622368037450352 11582008
1776622368049044527 11594175
1776622368060649462 11604935
1776622368072222452 11572990
1776622368083775608 11553156
1776622368095336264 11560656
1776622368106897384 11561120
1776622368118492577 11595193
1776622368130060197 11567620
1776622368141654576 11594379
1776622368153212899 11558323
1776622368164840092 11627193
1776622368176428267 11588175
1776622368188005831 11577564
1776622368199562821 11556990
1776622368211135496 11572675
1776622368222716097 11580601
1776622368234239161 11523064
1776622368245843613 11604452
1776622368257465807 11622194
1776622368269061352 11595545
1776622368280680768 11619416
1776622368292234943 11554175
1776622368303820303 11585360
1776622368315420404 11600101
1776622368326990616 11570212
1776622368338583754 11593138
1776622368350211466 11627712
1776622368361814827 11603361
1776622368373399020 11584193
1776622368384981121 11582101
1776622368396610037 11628916
1776622368408223712 11613675
1776622368419791813 11568101
1776622368431350062 11558249
1776622368442925663 11575601
1776622368454508171 11582508
1776622368466071013 11562842
1776622368477668262 11597249
1776622368489264548 11596286
1776622368500864982 11600434
1776622368512439213 11574231
1776622368524003906 11564693
1776622368535580841 11576935
1776622368547140182 11559341
1776622368558692691 11552509
1776622368570239477 11546786
1776622368581814318 11574841
1776622368593389715 11575397
1776622368604987390 11597675
1776622368616587010 11599620
1776622368628193148 11606138
1776622368639763138 11569990
1776622368651336868 11573730
1776622368662888136 11551268
1776622368674453311 11565175
1776622368686035615 11582304
1776622368697617624 11582009
1776622368709171428 11553804
1776622368720770103 11598675
1776622368732364630 11594527
1776622368743944787 11580157
1776622368755500017 11555230
1776622368767066063 11566046
1776622368778637423 11571360
1776622368790209598 11572175
1776622368801843328 11633730
1776622368813473966 11630638
1776622368825070715 11596749
1776622368836662724 11592009
1776622368848212102 11549378
1776622368859826315 11614213
1776622368871421601 11595286
1776622368882999942 11578341
1776622368894562469 11562527
1776622368906124774 11562305
1776622368917704597 11579823
1776622368929256976 11552379
1776622368940832280 11575304
1776622368952474937 11642657
1776622368964032019 11557082
1776622368975586898 11554879
1776622368987139665 11552767
1776622368998750544 11610879
1776622369010326071 11575527
1776622369021904838 11578767
1776622369033461088 11556250
1776622369045066929 11605841
1776622369056669345 11602416
1776622369068232390 11563045
1776622369079781399 11549009
1776622369091356000 11574601
