1771485852186436411 R2_IDLE_A seconds=60 actions=B
1771485912188365329 SKIP_PROBE_A seconds=60
1771485972190137618 R2_IDLE_B seconds=30 actions=B
1771486002193818874 PROBE_B_START program=low
1771486002205530565 PROBE_B_END program=low
1771486002408364095 PROBE_B_START program=low
1771486002416615125 PROBE_B_END program=low
1771486002619303414 PROBE_B_START program=low
1771486002629107616 PROBE_B_END program=low
1771486002831777923 PROBE_B_START program=low
1771486002841859922 PROBE_B_END program=low
1771486003044567156 PROBE_B_START program=low
1771486003052856852 PROBE_B_END program=low
1771486003255536400 PROBE_B_START program=low
1771486003263281298 PROBE_B_END program=low
1771486003465989623 PROBE_B_START program=low
1771486003474133949 PROBE_B_END program=low
1771486003676832348 PROBE_B_START program=low
1771486003684549413 PROBE_B_END program=low
1771486003887232646 PROBE_B_START program=low
1771486003897092774 PROBE_B_END program=low
1771486004100063934 PROBE_B_START program=low
1771486004108458890 PROBE_B_END program=low
1771486004311167640 PROBE_B_START program=low
1771486004318707705 PROBE_B_END program=low
1771486004521420752 PROBE_B_START program=low
1771486004529733596 PROBE_B_END program=low
1771486004732436440 PROBE_B_START program=low
1771486004739898578 PROBE_B_END program=low
1771486004943359257 PROBE_B_START program=low
1771486004951290693 PROBE_B_END program=low
1771486005153991888 PROBE_B_START program=low
1771486005162614752 PROBE_B_END program=low
1771486005365266243 PROBE_B_START program=low
1771486005375508409 PROBE_B_END program=low
1771486005578186900 PROBE_B_START program=low
1771486005585623371 PROBE_B_END program=low
1771486005788293658 PROBE_B_START program=low
1771486005795810759 PROBE_B_END program=low
1771486005998581398 PROBE_B_START program=low
1771486006006821391 PROBE_B_END program=low
1771486006209530993 PROBE_B_START program=low
1771486006217172335 PROBE_B_END program=low
1771486006419840195 PROBE_B_START program=low
1771486006427993947 PROBE_B_END program=low
1771486006630701141 PROBE_B_START program=low
1771486006638447724 PROBE_B_END program=low
1771486006841149770 PROBE_B_START program=low
1771486006850161784 PROBE_B_END program=low
1771486007052946922 PROBE_B_START program=low
1771486007061396638 PROBE_B_END program=low
1771486007264070757 PROBE_B_START program=low
1771486007271652247 PROBE_B_END program=low
1771486007474321737 PROBE_B_START program=low
1771486007482764230 PROBE_B_END program=low
1771486007685468738 PROBE_B_START program=low
1771486007692807228 PROBE_B_END program=low
1771486007895479643 PROBE_B_START program=low
1771486007903169893 PROBE_B_END program=low
1771486008106168198 PROBE_B_START program=low
1771486008114809229 PROBE_B_END program=low
1771486008317450514 PROBE_B_START program=low
1771486008325061505 PROBE_B_END program=low
1771486008527744345 PROBE_B_START program=low
1771486008537952826 PROBE_B_END program=low
1771486008740617500 PROBE_B_START program=low
1771486008748205194 PROBE_B_END program=low
1771486008950860165 PROBE_B_START program=low
1771486008958370136 PROBE_B_END program=low
1771486009161014513 PROBE_B_START program=low
1771486009171475162 PROBE_B_END program=low
1771486009374131243 PROBE_B_START program=low
1771486009382381198 PROBE_B_END program=low
1771486009585056224 PROBE_B_START program=low
1771486009593202864 PROBE_B_END program=low
1771486009795878019 PROBE_B_START program=low
1771486009803575991 PROBE_B_END program=low
1771486010006253368 PROBE_B_START program=low
1771486010015655624 PROBE_B_END program=low
1771486010218223538 PROBE_B_START program=low
1771486010226281474 PROBE_B_END program=low
1771486010428984295 PROBE_B_START program=low
1771486010437225121 PROBE_B_END program=low
1771486010639971831 PROBE_B_START program=low
1771486010647847637 PROBE_B_END program=low
1771486010850572181 PROBE_B_START program=low
1771486010858322412 PROBE_B_END program=low
1771486011061201419 PROBE_B_START program=low
1771486011069021762 PROBE_B_END program=low
1771486011271796897 PROBE_B_START program=low
1771486011280057668 PROBE_B_END program=low
1771486011482895748 PROBE_B_START program=low
1771486011495786905 PROBE_B_END program=low
1771486011698521707 PROBE_B_START program=low
1771486011706157550 PROBE_B_END program=low
1771486011908919130 PROBE_B_START program=low
1771486011916458397 PROBE_B_END program=low
1771486012119202014 PROBE_B_START program=low
1771486012126879727 PROBE_B_END program=low
1771486012329695473 PROBE_B_START program=low
1771486012338152503 PROBE_B_END program=low
1771486012540910749 PROBE_B_START program=low
1771486012549219761 PROBE_B_END program=low
1771486012751951618 PROBE_B_START program=low
1771486012759505904 PROBE_B_END program=low
1771486012962252150 PROBE_B_START program=low
1771486012969799048 PROBE_B_END program=low
1771486013172520478 PROBE_B_START program=low
1771486013180145672 PROBE_B_END program=low
1771486013382893251 PROBE_B_START program=low
1771486013392905324 PROBE_B_END program=low
1771486013595718829 PROBE_B_START program=low
1771486013606400960 PROBE_B_END program=low
1771486013809358761 PROBE_B_START program=low
1771486013817341845 PROBE_B_END program=low
1771486014020068220 PROBE_B_START program=low
1771486014027579099 PROBE_B_END program=low
1771486014230871957 PROBE_B_START program=low
1771486014239334487 PROBE_B_END program=low
1771486014442067362 PROBE_B_START program=low
1771486014450396280 PROBE_B_END program=low
1771486014653120766 PROBE_B_START program=low
1771486014660883831 PROBE_B_END program=low
1771486014863647816 PROBE_B_START program=low
1771486014871145510 PROBE_B_END program=low
1771486015073897292 PROBE_B_START program=low
1771486015083516215 PROBE_B_END program=low
1771486015286331867 PROBE_B_START program=low
1771486015294642526 PROBE_B_END program=low
1771486015497472845 PROBE_B_START program=low
1771486015505236391 PROBE_B_END program=low
1771486015707932783 PROBE_B_START program=low
1771486015715571681 PROBE_B_END program=low
1771486015918422111 PROBE_B_START program=low
1771486015926142824 PROBE_B_END program=low
1771486016128862308 PROBE_B_START program=low
1771486016136463335 PROBE_B_END program=low
1771486016339301690 PROBE_B_START program=low
1771486016347930999 PROBE_B_END program=low
1771486016550751446 PROBE_B_START program=low
1771486016558534197 PROBE_B_END program=low
1771486016761310551 PROBE_B_START program=low
1771486016772121849 PROBE_B_END program=low
1771486016974885519 PROBE_B_START program=low
1771486016984468609 PROBE_B_END program=low
1771486017187206500 PROBE_B_START program=low
1771486017194748638 PROBE_B_END program=low
1771486017397400436 PROBE_B_START program=low
1771486017406698877 PROBE_B_END program=low
1771486017609402175 PROBE_B_START program=low
1771486017616934036 PROBE_B_END program=low
1771486017819651112 PROBE_B_START program=low
1771486017827500695 PROBE_B_END program=low
1771486018030248290 PROBE_B_START program=low
1771486018037737261 PROBE_B_END program=low
1771486018240454633 PROBE_B_START program=low
1771486018248279365 PROBE_B_END program=low
1771486018450873329 PROBE_B_START program=low
1771486018459479508 PROBE_B_END program=low
1771486018662201454 PROBE_B_START program=low
1771486018670020852 PROBE_B_END program=low
1771486018872761799 PROBE_B_START program=low
1771486018880324289 PROBE_B_END program=low
1771486019083043938 PROBE_B_START program=low
1771486019092551750 PROBE_B_END program=low
1771486019295301695 PROBE_B_START program=low
1771486019302851352 PROBE_B_END program=low
1771486019505521205 PROBE_B_START program=low
1771486019515378147 PROBE_B_END program=low
1771486019718129074 PROBE_B_START program=low
1771486019725713305 PROBE_B_END program=low
1771486019928455658 PROBE_B_START program=low
1771486019936309371 PROBE_B_END program=low
1771486020139043538 PROBE_B_START program=low
1771486020146655936 PROBE_B_END program=low
1771486020349423918 PROBE_B_START program=low
1771486020357254742 PROBE_B_END program=low
1771486020559903909 PROBE_B_START program=low
1771486020570724318 PROBE_B_END program=low
1771486020773455300 PROBE_B_START program=low
1771486020781047586 PROBE_B_END program=low
1771486020983766772 PROBE_B_START program=low
1771486020995604629 PROBE_B_END program=low
1771486021198335907 PROBE_B_START program=low
1771486021205887693 PROBE_B_END program=low
1771486021408620545 PROBE_B_START program=low
1771486021416389795 PROBE_B_END program=low
1771486021619216684 PROBE_B_START program=low
1771486021627328101 PROBE_B_END program=low
1771486021829954416 PROBE_B_START program=low
1771486021837650517 PROBE_B_END program=low
1771486022040394536 PROBE_B_START program=low
1771486022047987081 PROBE_B_END program=low
1771486022250738766 PROBE_B_START program=low
1771486022258652331 PROBE_B_END program=low
1771486022461431145 PROBE_B_START program=low
1771486022470040991 PROBE_B_END program=low
1771486022672850583 PROBE_B_START program=low
1771486022681272409 PROBE_B_END program=low
1771486022884029446 PROBE_B_START program=low
1771486022893435035 PROBE_B_END program=low
1771486023096116034 PROBE_B_START program=low
1771486023103837005 PROBE_B_END program=low
1771486023306569523 PROBE_B_START program=low
1771486023314158198 PROBE_B_END program=low
1771486023517762700 PROBE_B_START program=low
1771486023527050344 PROBE_B_END program=low
1771486023729859084 PROBE_B_START program=low
1771486023737982575 PROBE_B_END program=low
1771486023940695204 PROBE_B_START program=low
1771486023948468713 PROBE_B_END program=low
1771486024151122248 PROBE_B_START program=low
1771486024158542348 PROBE_B_END program=low
1771486024361237532 PROBE_B_START program=low
1771486024369042874 PROBE_B_END program=low
1771486024571944280 PROBE_B_START program=low
1771486024580740867 PROBE_B_END program=low
1771486024783470013 PROBE_B_START program=low
1771486024791146467 PROBE_B_END program=low
1771486024993832224 PROBE_B_START program=low
1771486025001235621 PROBE_B_END program=low
1771486025203935377 PROBE_B_START program=low
1771486025213408522 PROBE_B_END program=low
1771486025416303298 PROBE_B_START program=low
1771486025423804325 PROBE_B_END program=low
1771486025626293414 PROBE_B_START program=low
1771486025634354165 PROBE_B_END program=low
1771486025836940125 PROBE_B_START program=low
1771486025844339984 PROBE_B_END program=low
1771486026047005407 PROBE_B_START program=low
1771486026054637953 PROBE_B_END program=low
1771486026257328857 PROBE_B_START program=low
1771486026264802513 PROBE_B_END program=low
1771486026467481881 PROBE_B_START program=low
1771486026475149889 PROBE_B_END program=low
1771486026677703682 PROBE_B_START program=low
1771486026685588784 PROBE_B_END program=low
1771486026888172818 PROBE_B_START program=low
1771486026895990253 PROBE_B_END program=low
1771486027098648749 PROBE_B_START program=low
1771486027106124239 PROBE_B_END program=low
1771486027308788883 PROBE_B_START program=low
1771486027316577188 PROBE_B_END program=low
1771486027519238796 PROBE_B_START program=low
1771486027528403310 PROBE_B_END program=low
1771486027731172603 PROBE_B_START program=low
1771486027739592336 PROBE_B_END program=low
1771486027942265573 PROBE_B_START program=low
1771486027949675840 PROBE_B_END program=low
1771486028152349466 PROBE_B_START program=low
1771486028160008289 PROBE_B_END program=low
1771486028362711507 PROBE_B_START program=low
1771486028370260404 PROBE_B_END program=low
1771486028573109752 PROBE_B_START program=low
1771486028581464189 PROBE_B_END program=low
1771486028784072351 PROBE_B_START program=low
1771486028792007990 PROBE_B_END program=low
1771486028994612727 PROBE_B_START program=low
1771486029002388143 PROBE_B_END program=low
1771486029205064897 PROBE_B_START program=low
1771486029212445683 PROBE_B_END program=low
1771486029415102418 PROBE_B_START program=low
1771486029422843020 PROBE_B_END program=low
1771486029625541052 PROBE_B_START program=low
1771486029635017826 PROBE_B_END program=low
1771486029837683710 PROBE_B_START program=low
1771486029845932239 PROBE_B_END program=low
1771486030048577623 PROBE_B_START program=low
1771486030105945345 PROBE_B_END program=low
1771486030308669858 PROBE_B_START program=low
1771486030327163905 PROBE_B_END program=low
1771486030529846140 PROBE_B_START program=low
1771486030549121486 PROBE_B_END program=low
1771486030752447316 PROBE_B_START program=low
1771486030783796945 PROBE_B_END program=low
1771486030986381569 PROBE_B_START program=low
1771486031004914209 PROBE_B_END program=low
1771486031207606610 PROBE_B_START program=low
1771486031226626289 PROBE_B_END program=low
1771486031429343097 PROBE_B_START program=low
1771486031448305238 PROBE_B_END program=low
1771486031651438845 PROBE_B_START program=low
1771486031672784069 PROBE_B_END program=low
1771486031875466415 PROBE_B_START program=low
1771486031911143985 PROBE_B_END program=low
1771486032113877664 PROBE_B_START program=low
1771486032130393741 PROBE_B_END program=low
1771486032333219105 PROBE_B_START program=low
1771486032352441858 PROBE_B_END program=low
1771486032555192852 PROBE_B_START program=low
1771486032576609131 PROBE_B_END program=low
1771486032779414607 PROBE_B_START program=low
1771486032799053750 PROBE_B_END program=low
1771486033001873466 PROBE_B_START program=low
1771486033021284164 PROBE_B_END program=low
1771486033224006602 PROBE_B_START program=low
1771486033243044243 PROBE_B_END program=low
1771486033445806403 PROBE_B_START program=low
1771486033462988222 PROBE_B_END program=low
1771486033665738327 PROBE_B_START program=low
1771486033687015031 PROBE_B_END program=low
1771486033889684006 PROBE_B_START program=low
1771486033908517516 PROBE_B_END program=low
1771486034111185027 PROBE_B_START program=low
1771486034131859434 PROBE_B_END program=low
1771486034334699352 PROBE_B_START program=low
1771486034350991817 PROBE_B_END program=low
1771486034553722661 PROBE_B_START program=low
1771486034575545961 PROBE_B_END program=low
1771486034778264268 PROBE_B_START program=low
1771486034794637751 PROBE_B_END program=low
1771486034997272188 PROBE_B_START program=low
1771486035021020475 PROBE_B_END program=low
1771486035223710708 PROBE_B_START program=low
1771486035240572082 PROBE_B_END program=low
1771486035443361463 PROBE_B_START program=low
1771486035451680381 PROBE_B_END program=low
1771486035654401558 PROBE_B_START program=low
1771486035662951199 PROBE_B_END program=low
1771486035865694228 PROBE_B_START program=low
1771486035873308736 PROBE_B_END program=low
1771486036076006117 PROBE_B_START program=low
1771486036084267831 PROBE_B_END program=low
1771486036286989693 PROBE_B_START program=low
1771486036294712146 PROBE_B_END program=low
1771486036497446674 PROBE_B_START program=low
1771486036507704784 PROBE_B_END program=low
1771486036710458183 PROBE_B_START program=low
1771486036718420452 PROBE_B_END program=low
1771486036921302481 PROBE_B_START program=low
1771486036929001600 PROBE_B_END program=low
1771486037131740517 PROBE_B_START program=low
1771486037140245418 PROBE_B_END program=low
1771486037342972556 PROBE_B_START program=low
1771486037350604306 PROBE_B_END program=low
1771486037553397000 PROBE_B_START program=low
1771486037561900456 PROBE_B_END program=low
1771486037764630336 PROBE_B_START program=low
1771486037772460271 PROBE_B_END program=low
1771486037975660874 PROBE_B_START program=low
1771486037984227719 PROBE_B_END program=low
1771486038187102987 PROBE_B_START program=low
1771486038195468646 PROBE_B_END program=low
1771486038398254692 PROBE_B_START program=low
1771486038405927312 PROBE_B_END program=low
1771486038608736747 PROBE_B_START program=low
1771486038618999950 PROBE_B_END program=low
1771486038821769921 PROBE_B_START program=low
1771486038829365466 PROBE_B_END program=low
1771486039032175049 PROBE_B_START program=low
1771486039040664413 PROBE_B_END program=low
1771486039243428217 PROBE_B_START program=low
1771486039251040003 PROBE_B_END program=low
1771486039453791048 PROBE_B_START program=low
1771486039461603854 PROBE_B_END program=low
1771486039664370399 PROBE_B_START program=low
1771486039672975688 PROBE_B_END program=low
1771486039875752641 PROBE_B_START program=low
1771486039883512798 PROBE_B_END program=low
1771486040086108546 PROBE_B_START program=low
1771486040094126574 PROBE_B_END program=low
1771486040296831359 PROBE_B_START program=low
1771486040304484553 PROBE_B_END program=low
1771486040507221264 PROBE_B_START program=low
1771486040519627734 PROBE_B_END program=low
1771486040722363260 PROBE_B_START program=low
1771486040731929441 PROBE_B_END program=low
1771486040934695264 PROBE_B_START program=low
1771486040942321346 PROBE_B_END program=low
1771486041144931760 PROBE_B_START program=low
1771486041152982048 PROBE_B_END program=low
1771486041355645906 PROBE_B_START program=low
1771486041363501008 PROBE_B_END program=low
1771486041566285515 PROBE_B_START program=low
1771486041574741693 PROBE_B_END program=low
1771486041777518848 PROBE_B_START program=low
1771486041785244635 PROBE_B_END program=low
1771486041987936123 PROBE_B_START program=low
1771486041995580890 PROBE_B_END program=low
1771486042198337304 PROBE_B_START program=low
1771486042209210231 PROBE_B_END program=low
1771486042411824515 PROBE_B_START program=low
1771486042419466320 PROBE_B_END program=low
1771486042622646883 PROBE_B_START program=low
1771486042631022246 PROBE_B_END program=low
1771486042833734326 PROBE_B_START program=low
1771486042843279304 PROBE_B_END program=low
1771486043046028514 PROBE_B_START program=low
1771486043053693412 PROBE_B_END program=low
1771486043256293769 PROBE_B_START program=low
1771486043264330797 PROBE_B_END program=low
1771486043467031618 PROBE_B_START program=low
1771486043474643440 PROBE_B_END program=low
1771486043677405169 PROBE_B_START program=low
1771486043685848365 PROBE_B_END program=low
1771486043888559593 PROBE_B_START program=low
1771486043896298898 PROBE_B_END program=low
1771486044099007125 PROBE_B_START program=low
1771486044106684412 PROBE_B_END program=low
1771486044309265176 PROBE_B_START program=low
1771486044317258759 PROBE_B_END program=low
1771486044519977450 PROBE_B_START program=low
1771486044528352183 PROBE_B_END program=low
1771486044731072780 PROBE_B_START program=low
1771486044741164186 PROBE_B_END program=low
1771486044943892580 PROBE_B_START program=low
1771486044953631818 PROBE_B_END program=low
1771486045156382490 PROBE_B_START program=low
1771486045163910164 PROBE_B_END program=low
1771486045366652854 PROBE_B_START program=low
1771486045375357273 PROBE_B_END program=low
1771486045578128130 PROBE_B_START program=low
1771486045586648123 PROBE_B_END program=low
1771486045789416239 PROBE_B_START program=low
1771486045797337044 PROBE_B_END program=low
1771486046000075308 PROBE_B_START program=low
1771486046007811484 PROBE_B_END program=low
1771486046210546914 PROBE_B_START program=low
1771486046218485849 PROBE_B_END program=low
1771486046421250205 PROBE_B_START program=low
1771486046429548790 PROBE_B_END program=low
1771486046632359405 PROBE_B_START program=low
1771486046640882065 PROBE_B_END program=low
1771486046843650958 PROBE_B_START program=low
1771486046851309799 PROBE_B_END program=low
1771486047053996099 PROBE_B_START program=low
1771486047061804090 PROBE_B_END program=low
1771486047265028632 PROBE_B_START program=low
1771486047275611336 PROBE_B_END program=low
1771486047478422821 PROBE_B_START program=low
1771486047487002351 PROBE_B_END program=low
1771486047689723040 PROBE_B_START program=low
1771486047698215884 PROBE_B_END program=low
1771486047900986203 PROBE_B_START program=low
1771486047908959027 PROBE_B_END program=low
1771486048111717086 PROBE_B_START program=low
1771486048119703725 PROBE_B_END program=low
1771486048322622340 PROBE_B_START program=low
1771486048331415778 PROBE_B_END program=low
1771486048534227226 PROBE_B_START program=low
1771486048542650922 PROBE_B_END program=low
1771486048745395536 PROBE_B_START program=low
1771486048753249897 PROBE_B_END program=low
1771486048956023844 PROBE_B_START program=low
1771486048963722297 PROBE_B_END program=low
1771486049166473615 PROBE_B_START program=low
1771486049174259068 PROBE_B_END program=low
1771486049376983626 PROBE_B_START program=low
1771486049385235654 PROBE_B_END program=low
1771486049587905675 PROBE_B_START program=low
1771486049598164378 PROBE_B_END program=low
1771486049800968658 PROBE_B_START program=low
1771486049808488129 PROBE_B_END program=low
1771486050011228835 PROBE_B_START program=low
1771486050019161085 PROBE_B_END program=low
1771486050221901309 PROBE_B_START program=low
1771486050232919681 PROBE_B_END program=low
1771486050435739794 PROBE_B_START program=low
1771486050444250528 PROBE_B_END program=low
1771486050646966733 PROBE_B_START program=low
1771486050655599930 PROBE_B_END program=low
1771486050858311543 PROBE_B_START program=low
1771486050865951810 PROBE_B_END program=low
1771486051068748979 PROBE_B_START program=low
1771486051076882470 PROBE_B_END program=low
1771486051279575694 PROBE_B_START program=low
1771486051287053942 PROBE_B_END program=low
1771486051489585443 PROBE_B_START program=low
1771486051497746490 PROBE_B_END program=low
1771486051700371583 PROBE_B_START program=low
1771486051708779594 PROBE_B_END program=low
1771486051911444540 PROBE_B_START program=low
1771486051921165944 PROBE_B_END program=low
1771486052123817852 PROBE_B_START program=low
1771486052131442823 PROBE_B_END program=low
1771486052334113305 PROBE_B_START program=low
1771486052341768887 PROBE_B_END program=low
1771486052544399832 PROBE_B_START program=low
1771486052553313382 PROBE_B_END program=low
1771486052755935475 PROBE_B_START program=low
1771486052763690020 PROBE_B_END program=low
1771486052966359447 PROBE_B_START program=low
1771486052973904158 PROBE_B_END program=low
1771486053176582011 PROBE_B_START program=low
1771486053184420779 PROBE_B_END program=low
1771486053387113945 PROBE_B_START program=low
1771486053394741064 PROBE_B_END program=low
1771486053597406991 PROBE_B_START program=low
1771486053608733289 PROBE_B_END program=low
1771486053811380456 PROBE_B_START program=low
1771486053819324206 PROBE_B_END program=low
1771486054022102762 PROBE_B_START program=low
1771486054030050919 PROBE_B_END program=low
1771486054232787067 PROBE_B_START program=low
1771486054242092136 PROBE_B_END program=low
1771486054444807895 PROBE_B_START program=low
1771486054452317310 PROBE_B_END program=low
1771486054655025939 PROBE_B_START program=low
1771486054664071952 PROBE_B_END program=low
1771486054866751674 PROBE_B_START program=low
1771486054874293997 PROBE_B_END program=low
1771486055077019089 PROBE_B_START program=low
1771486055084654486 PROBE_B_END program=low
1771486055287364633 PROBE_B_START program=low
1771486055294923159 PROBE_B_END program=low
1771486055497606084 PROBE_B_START program=low
1771486055505191981 PROBE_B_END program=low
1771486055707900869 PROBE_B_START program=low
1771486055717007326 PROBE_B_END program=low
1771486055919710344 PROBE_B_START program=low
1771486055927251518 PROBE_B_END program=low
1771486056129947813 PROBE_B_START program=low
1771486056137514784 PROBE_B_END program=low
1771486056340175727 PROBE_B_START program=low
1771486056347704290 PROBE_B_END program=low
1771486056551098421 PROBE_B_START program=low
1771486056560581935 PROBE_B_END program=low
1771486056763431064 PROBE_B_START program=low
1771486056773523654 PROBE_B_END program=low
1771486056976421654 PROBE_B_START program=low
1771486056984011736 PROBE_B_END program=low
1771486057186767363 PROBE_B_START program=low
1771486057194598131 PROBE_B_END program=low
1771486057397366333 PROBE_B_START program=low
1771486057405047267 PROBE_B_END program=low
1771486057607885358 PROBE_B_START program=low
1771486057617553577 PROBE_B_END program=low
1771486057820396835 PROBE_B_START program=low
1771486057827967917 PROBE_B_END program=low
1771486058030730211 PROBE_B_START program=low
1771486058038402089 PROBE_B_END program=low
1771486058241119680 PROBE_B_START program=low
1771486058248702021 PROBE_B_END program=low
1771486058451449592 PROBE_B_START program=low
1771486058461725295 PROBE_B_END program=low
1771486058664599700 PROBE_B_START program=low
1771486058673788899 PROBE_B_END program=low
1771486058876582119 PROBE_B_START program=low
1771486058885936503 PROBE_B_END program=low
1771486059088673463 PROBE_B_START program=low
1771486059096370008 PROBE_B_END program=low
1771486059299115468 PROBE_B_START program=low
1771486059306931699 PROBE_B_END program=low
1771486059509662307 PROBE_B_START program=low
1771486059517354315 PROBE_B_END program=low
1771486059720466462 PROBE_B_START program=low
1771486059732860246 PROBE_B_END program=low
1771486059935576002 PROBE_B_START program=low
1771486059943455529 PROBE_B_END program=low
1771486060146173229 PROBE_B_START program=low
1771486060153839311 PROBE_B_END program=low
1771486060356572734 PROBE_B_START program=low
1771486060364494243 PROBE_B_END program=low
1771486060567311869 PROBE_B_START program=low
1771486060578435648 PROBE_B_END program=low
1771486060781100885 PROBE_B_START program=low
1771486060789423247 PROBE_B_END program=low
1771486060992149763 PROBE_B_START program=low
1771486061001627092 PROBE_B_END program=low
1771486061204378032 PROBE_B_START program=low
1771486061212122725 PROBE_B_END program=low
1771486061414880925 PROBE_B_START program=low
1771486061422853860 PROBE_B_END program=low
1771486061625632671 PROBE_B_START program=low
1771486061633288383 PROBE_B_END program=low
1771486061835912249 PROBE_B_START program=low
1771486061844154277 PROBE_B_END program=low
1771486062046887199 R2_IDLE_C seconds=30 actions=B
1771486092048843438 SKIP_PROBE_C seconds=60
