1770380055211409762 R2_IDLE_A seconds=60
1770380115215382187 PROBE_A_START program=LOW
1770380115257656438 PROBE_A_END program=LOW
1770380115460521463 PROBE_A_START program=LOW
1770380115472517238 PROBE_A_END program=LOW
1770380115675343467 PROBE_A_START program=LOW
1770380115686992056 PROBE_A_END program=LOW
1770380115889797508 PROBE_A_START program=LOW
1770380115901400041 PROBE_A_END program=LOW
1770380116104270510 PROBE_A_START program=LOW
1770380116116675157 PROBE_A_END program=LOW
1770380116319536570 PROBE_A_START program=LOW
1770380116331399234 PROBE_A_END program=LOW
1770380116534220388 PROBE_A_START program=LOW
1770380116546133755 PROBE_A_END program=LOW
1770380116748893483 PROBE_A_START program=LOW
1770380116760736332 PROBE_A_END program=LOW
1770380116963603078 PROBE_A_START program=LOW
1770380116975420390 PROBE_A_END program=LOW
1770380117178240839 PROBE_A_START program=LOW
1770380117190065132 PROBE_A_END program=LOW
1770380117392860748 PROBE_A_START program=LOW
1770380117404602448 PROBE_A_END program=LOW
1770380117607423064 PROBE_A_START program=LOW
1770380117619244560 PROBE_A_END program=LOW
1770380117822096454 PROBE_A_START program=LOW
1770380117833901117 PROBE_A_END program=LOW
1770380118036758104 PROBE_A_START program=LOW
1770380118049592140 PROBE_A_END program=LOW
1770380118252519607 PROBE_A_START program=LOW
1770380118264402808 PROBE_A_END program=LOW
1770380118467247645 PROBE_A_START program=LOW
1770380118479062586 PROBE_A_END program=LOW
1770380118681873719 PROBE_A_START program=LOW
1770380118693745012 PROBE_A_END program=LOW
1770380118896574812 PROBE_A_START program=LOW
1770380118908340531 PROBE_A_END program=LOW
1770380119111165034 PROBE_A_START program=LOW
1770380119122909882 PROBE_A_END program=LOW
1770380119325756662 PROBE_A_START program=LOW
1770380119337472825 PROBE_A_END program=LOW
1770380119540376569 PROBE_A_START program=LOW
1770380119552293584 PROBE_A_END program=LOW
1770380119755120087 PROBE_A_START program=LOW
1770380119766964194 PROBE_A_END program=LOW
1770380119969806049 PROBE_A_START program=LOW
1770380119981739194 PROBE_A_END program=LOW
1770380120184736640 PROBE_A_START program=LOW
1770380120196961342 PROBE_A_END program=LOW
1770380120399794806 PROBE_A_START program=LOW
1770380120411707581 PROBE_A_END program=LOW
1770380120614558693 PROBE_A_START program=LOW
1770380120626441727 PROBE_A_END program=LOW
1770380120829255747 PROBE_A_START program=LOW
1770380120841142262 PROBE_A_END program=LOW
1770380121043949949 PROBE_A_START program=LOW
1770380121055882260 PROBE_A_END program=LOW
1770380121258713705 PROBE_A_START program=LOW
1770380121270591961 PROBE_A_END program=LOW
1770380121473400072 PROBE_A_START program=LOW
1770380121485274088 PROBE_A_END program=LOW
1770380121688081125 PROBE_A_START program=LOW
1770380121699848010 PROBE_A_END program=LOW
1770380121902671325 PROBE_A_START program=LOW
1770380121914695193 PROBE_A_END program=LOW
1770380122117597711 PROBE_A_START program=LOW
1770380122129971413 PROBE_A_END program=LOW
1770380122332766968 PROBE_A_START program=LOW
1770380122344504908 PROBE_A_END program=LOW
1770380122547319648 PROBE_A_START program=LOW
1770380122559195886 PROBE_A_END program=LOW
1770380122762009866 PROBE_A_START program=LOW
1770380122773894770 PROBE_A_END program=LOW
1770380122976681029 PROBE_A_START program=LOW
1770380122988578692 PROBE_A_END program=LOW
1770380123191401061 PROBE_A_START program=LOW
1770380123203330243 PROBE_A_END program=LOW
1770380123406157537 PROBE_A_START program=LOW
1770380123417995237 PROBE_A_END program=LOW
1770380123620780161 PROBE_A_START program=LOW
1770380123632583343 PROBE_A_END program=LOW
1770380123835407989 PROBE_A_START program=LOW
1770380123847273838 PROBE_A_END program=LOW
1770380124050224910 PROBE_A_START program=LOW
1770380124062858631 PROBE_A_END program=LOW
1770380124265674091 PROBE_A_START program=LOW
1770380124277464421 PROBE_A_END program=LOW
1770380124480275844 PROBE_A_START program=LOW
1770380124492153007 PROBE_A_END program=LOW
1770380124694957985 PROBE_A_START program=LOW
1770380124706942741 PROBE_A_END program=LOW
1770380124909797202 PROBE_A_START program=LOW
1770380124921709124 PROBE_A_END program=LOW
1770380125124499620 PROBE_A_START program=LOW
1770380125136294080 PROBE_A_END program=LOW
1770380125339082983 PROBE_A_START program=LOW
1770380125350966942 PROBE_A_END program=LOW
1770380125553811753 PROBE_A_START program=LOW
1770380125565740380 PROBE_A_END program=LOW
1770380125768560431 PROBE_A_START program=LOW
1770380125780310409 PROBE_A_END program=LOW
1770380125983169183 PROBE_A_START program=LOW
1770380125995872626 PROBE_A_END program=LOW
1770380126198615547 PROBE_A_START program=LOW
1770380126210424580 PROBE_A_END program=LOW
1770380126413202075 PROBE_A_START program=LOW
1770380126425089682 PROBE_A_END program=LOW
1770380126627934140 PROBE_A_START program=LOW
1770380126639824507 PROBE_A_END program=LOW
1770380126842676910 PROBE_A_START program=LOW
1770380126854518035 PROBE_A_END program=LOW
1770380127057306049 PROBE_A_START program=LOW
1770380127069147341 PROBE_A_END program=LOW
1770380127272055613 PROBE_A_START program=LOW
1770380127283886035 PROBE_A_END program=LOW
1770380127486869808 PROBE_A_START program=LOW
1770380127498756267 PROBE_A_END program=LOW
1770380127701576539 PROBE_A_START program=LOW
1770380127713391590 PROBE_A_END program=LOW
1770380127916239788 PROBE_A_START program=LOW
1770380127928639897 PROBE_A_END program=LOW
1770380128131489316 PROBE_A_START program=LOW
1770380128143451924 PROBE_A_END program=LOW
1770380128346271380 PROBE_A_START program=LOW
1770380128358262006 PROBE_A_END program=LOW
1770380128561052980 PROBE_A_START program=LOW
1770380128572968810 PROBE_A_END program=LOW
1770380128775791155 PROBE_A_START program=LOW
1770380128787653947 PROBE_A_END program=LOW
1770380128990389477 PROBE_A_START program=LOW
1770380129002330788 PROBE_A_END program=LOW
1770380129205257077 PROBE_A_START program=LOW
1770380129217181147 PROBE_A_END program=LOW
1770380129420090991 PROBE_A_START program=LOW
1770380129431957358 PROBE_A_END program=LOW
1770380129634848479 PROBE_A_START program=LOW
1770380129646648494 PROBE_A_END program=LOW
1770380129849563838 PROBE_A_START program=LOW
1770380129861472501 PROBE_A_END program=LOW
1770380130064833697 PROBE_A_START program=LOW
1770380130076954824 PROBE_A_END program=LOW
1770380130279874056 PROBE_A_START program=LOW
1770380130291737311 PROBE_A_END program=LOW
1770380130494858858 PROBE_A_START program=LOW
1770380130507040226 PROBE_A_END program=LOW
1770380130709925106 PROBE_A_START program=LOW
1770380130721843954 PROBE_A_END program=LOW
1770380130924761000 PROBE_A_START program=LOW
1770380130936710700 PROBE_A_END program=LOW
1770380131139586246 PROBE_A_START program=LOW
1770380131151475668 PROBE_A_END program=LOW
1770380131354419381 PROBE_A_START program=LOW
1770380131366311155 PROBE_A_END program=LOW
1770380131569235052 PROBE_A_START program=LOW
1770380131581091622 PROBE_A_END program=LOW
1770380131783983520 PROBE_A_START program=LOW
1770380131796178535 PROBE_A_END program=LOW
1770380131999184025 PROBE_A_START program=LOW
1770380132011425763 PROBE_A_END program=LOW
1770380132214355604 PROBE_A_START program=LOW
1770380132226255137 PROBE_A_END program=LOW
1770380132429169978 PROBE_A_START program=LOW
1770380132441047974 PROBE_A_END program=LOW
1770380132643980852 PROBE_A_START program=LOW
1770380132655908700 PROBE_A_END program=LOW
1770380132858800726 PROBE_A_START program=LOW
1770380132870647111 PROBE_A_END program=LOW
1770380133073496118 PROBE_A_START program=LOW
1770380133085346373 PROBE_A_END program=LOW
1770380133288280658 PROBE_A_START program=LOW
1770380133300092653 PROBE_A_END program=LOW
1770380133502972178 PROBE_A_START program=LOW
1770380133515939270 PROBE_A_END program=LOW
1770380133718824999 PROBE_A_START program=LOW
1770380133730911643 PROBE_A_END program=LOW
1770380133933953150 PROBE_A_START program=LOW
1770380133946022647 PROBE_A_END program=LOW
1770380134148870782 PROBE_A_START program=LOW
1770380134160841945 PROBE_A_END program=LOW
1770380134363655061 PROBE_A_START program=LOW
1770380134375624687 PROBE_A_END program=LOW
1770380134578582656 PROBE_A_START program=LOW
1770380134590530207 PROBE_A_END program=LOW
1770380134793444120 PROBE_A_START program=LOW
1770380134805309579 PROBE_A_END program=LOW
1770380135008270474 PROBE_A_START program=LOW
1770380135020306173 PROBE_A_END program=LOW
1770380135223205400 PROBE_A_START program=LOW
1770380135235063896 PROBE_A_END program=LOW
1770380135437928530 PROBE_A_START program=LOW
1770380135449871285 PROBE_A_END program=LOW
1770380135652779642 PROBE_A_START program=LOW
1770380135664660230 PROBE_A_END program=LOW
1770380135867700846 PROBE_A_START program=LOW
1770380135879917732 PROBE_A_END program=LOW
1770380136082806310 PROBE_A_START program=LOW
1770380136094701565 PROBE_A_END program=LOW
1770380136297558494 PROBE_A_START program=LOW
1770380136309398712 PROBE_A_END program=LOW
1770380136512338123 PROBE_A_START program=LOW
1770380136525372844 PROBE_A_END program=LOW
1770380136728262088 PROBE_A_START program=LOW
1770380136740285770 PROBE_A_END program=LOW
1770380136943150829 PROBE_A_START program=LOW
1770380136955136843 PROBE_A_END program=LOW
1770380137158030327 PROBE_A_START program=LOW
1770380137169882934 PROBE_A_END program=LOW
1770380137372814566 PROBE_A_START program=LOW
1770380137384653303 PROBE_A_END program=LOW
1770380137587554990 PROBE_A_START program=LOW
1770380137599710450 PROBE_A_END program=LOW
1770380137802592952 PROBE_A_START program=LOW
1770380137814932190 PROBE_A_END program=LOW
1770380138017851248 PROBE_A_START program=LOW
1770380138029676966 PROBE_A_END program=LOW
1770380138232591319 PROBE_A_START program=LOW
1770380138244464166 PROBE_A_END program=LOW
1770380138447345279 PROBE_A_START program=LOW
1770380138459243997 PROBE_A_END program=LOW
1770380138662146517 PROBE_A_START program=LOW
1770380138674000031 PROBE_A_END program=LOW
1770380138876926255 PROBE_A_START program=LOW
1770380138888800898 PROBE_A_END program=LOW
1770380139091756215 PROBE_A_START program=LOW
1770380139104021581 PROBE_A_END program=LOW
1770380139306885378 PROBE_A_START program=LOW
1770380139318796429 PROBE_A_END program=LOW
1770380139521738856 PROBE_A_START program=LOW
1770380139535337467 PROBE_A_END program=LOW
1770380139738461765 PROBE_A_START program=LOW
1770380139750423686 PROBE_A_END program=LOW
1770380139953273576 PROBE_A_START program=LOW
1770380139965206812 PROBE_A_END program=LOW
1770380140168074830 PROBE_A_START program=LOW
1770380140179980937 PROBE_A_END program=LOW
1770380140382859862 PROBE_A_START program=LOW
1770380140394763710 PROBE_A_END program=LOW
1770380140597642543 PROBE_A_START program=LOW
1770380140609575075 PROBE_A_END program=LOW
1770380140812398537 PROBE_A_START program=LOW
1770380140823839254 PROBE_A_END program=LOW
1770380141026738957 PROBE_A_START program=LOW
1770380141038561749 PROBE_A_END program=LOW
1770380141241490247 PROBE_A_START program=LOW
1770380141253390724 PROBE_A_END program=LOW
1770380141456332445 PROBE_A_START program=LOW
1770380141468626349 PROBE_A_END program=LOW
1770380141671634052 PROBE_A_START program=LOW
1770380141683602584 PROBE_A_END program=LOW
1770380141886500712 PROBE_A_START program=LOW
1770380141898501078 PROBE_A_END program=LOW
1770380142101379391 PROBE_A_START program=LOW
1770380142113188238 PROBE_A_END program=LOW
1770380142316100829 PROBE_A_START program=LOW
1770380142328002972 PROBE_A_END program=LOW
1770380142530932766 PROBE_A_START program=LOW
1770380142544080283 PROBE_A_END program=LOW
1770380142746902595 PROBE_A_START program=LOW
1770380142758757276 PROBE_A_END program=LOW
1770380142961552236 PROBE_A_START program=LOW
1770380142973393565 PROBE_A_END program=LOW
1770380143176298932 PROBE_A_START program=LOW
1770380143188211705 PROBE_A_END program=LOW
1770380143391021997 PROBE_A_START program=LOW
1770380143402946048 PROBE_A_END program=LOW
1770380143605753211 PROBE_A_START program=LOW
1770380143618121653 PROBE_A_END program=LOW
1770380143820869389 PROBE_A_START program=LOW
1770380143832733014 PROBE_A_END program=LOW
1770380144035542807 PROBE_A_START program=LOW
1770380144047548728 PROBE_A_END program=LOW
1770380144250280353 PROBE_A_START program=LOW
1770380144261669847 PROBE_A_END program=LOW
1770380144464349416 PROBE_A_START program=LOW
1770380144475786336 PROBE_A_END program=LOW
1770380144678449053 PROBE_A_START program=LOW
1770380144689888844 PROBE_A_END program=LOW
1770380144892665709 PROBE_A_START program=LOW
1770380144904591723 PROBE_A_END program=LOW
1770380145107525829 PROBE_A_START program=LOW
1770380145119439917 PROBE_A_END program=LOW
1770380145322325930 PROBE_A_START program=LOW
1770380145334215870 PROBE_A_END program=LOW
1770380145536964790 PROBE_A_START program=LOW
1770380145549844306 PROBE_A_END program=LOW
1770380145752794468 PROBE_A_START program=LOW
1770380145764656796 PROBE_A_END program=LOW
1770380145967499161 PROBE_A_START program=LOW
1770380145979313656 PROBE_A_END program=LOW
1770380146182129076 PROBE_A_START program=LOW
1770380146193984256 PROBE_A_END program=LOW
1770380146396778564 PROBE_A_START program=LOW
1770380146408677726 PROBE_A_END program=LOW
1770380146611504590 PROBE_A_START program=LOW
1770380146623430881 PROBE_A_END program=LOW
1770380146826278430 PROBE_A_START program=LOW
1770380146838156463 PROBE_A_END program=LOW
1770380147040967789 PROBE_A_START program=LOW
1770380147052842062 PROBE_A_END program=LOW
1770380147255655202 PROBE_A_START program=LOW
1770380147267559049 PROBE_A_END program=LOW
1770380147470380820 PROBE_A_START program=LOW
1770380147482859557 PROBE_A_END program=LOW
1770380147685600920 PROBE_A_START program=LOW
1770380147697447155 PROBE_A_END program=LOW
1770380147900277203 PROBE_A_START program=LOW
1770380147912148143 PROBE_A_END program=LOW
1770380148115142802 PROBE_A_START program=LOW
1770380148127040964 PROBE_A_END program=LOW
1770380148329900307 PROBE_A_START program=LOW
1770380148341976136 PROBE_A_END program=LOW
1770380148544808850 PROBE_A_START program=LOW
1770380148556609215 PROBE_A_END program=LOW
1770380148759464466 PROBE_A_START program=LOW
1770380148771431480 PROBE_A_END program=LOW
1770380148974280934 PROBE_A_START program=LOW
1770380148986274170 PROBE_A_END program=LOW
1770380149189137050 PROBE_A_START program=LOW
1770380149201032656 PROBE_A_END program=LOW
1770380149403805294 PROBE_A_START program=LOW
1770380149416039309 PROBE_A_END program=LOW
1770380149619078744 PROBE_A_START program=LOW
1770380149631179036 PROBE_A_END program=LOW
1770380149834050397 PROBE_A_START program=LOW
1770380149845949244 PROBE_A_END program=LOW
1770380150048792105 PROBE_A_START program=LOW
1770380150060574136 PROBE_A_END program=LOW
1770380150263500978 PROBE_A_START program=LOW
1770380150275420751 PROBE_A_END program=LOW
1770380150478355093 PROBE_A_START program=LOW
1770380150490396995 PROBE_A_END program=LOW
1770380150693364171 PROBE_A_START program=LOW
1770380150705297258 PROBE_A_END program=LOW
1770380150908192192 PROBE_A_START program=LOW
1770380150920120687 PROBE_A_END program=LOW
1770380151123045955 PROBE_A_START program=LOW
1770380151134918190 PROBE_A_END program=LOW
1770380151337815142 PROBE_A_START program=LOW
1770380151349853859 PROBE_A_END program=LOW
1770380151552873330 PROBE_A_START program=LOW
1770380151564977881 PROBE_A_END program=LOW
1770380151767885592 PROBE_A_START program=LOW
1770380151779766402 PROBE_A_END program=LOW
1770380151982643631 PROBE_A_START program=LOW
1770380151994593367 PROBE_A_END program=LOW
1770380152197531855 PROBE_A_START program=LOW
1770380152209370702 PROBE_A_END program=LOW
1770380152412292653 PROBE_A_START program=LOW
1770380152424227425 PROBE_A_END program=LOW
1770380152627141580 PROBE_A_START program=LOW
1770380152639175945 PROBE_A_END program=LOW
1770380152849447083 PROBE_A_START program=LOW
1770380152861298448 PROBE_A_END program=LOW
1770380153064133602 PROBE_A_START program=LOW
1770380153076021023 PROBE_A_END program=LOW
1770380153278840306 PROBE_A_START program=LOW
1770380153291561821 PROBE_A_END program=LOW
1770380153494470308 PROBE_A_START program=LOW
1770380153506344136 PROBE_A_END program=LOW
1770380153709158660 PROBE_A_START program=LOW
1770380153721046358 PROBE_A_END program=LOW
1770380153923859604 PROBE_A_START program=LOW
1770380153935724025 PROBE_A_END program=LOW
1770380154138464455 PROBE_A_START program=LOW
1770380154150398154 PROBE_A_END program=LOW
1770380154353192084 PROBE_A_START program=LOW
1770380154365045356 PROBE_A_END program=LOW
1770380154567895583 PROBE_A_START program=LOW
1770380154580562024 PROBE_A_END program=LOW
1770380154783381380 PROBE_A_START program=LOW
1770380154795192986 PROBE_A_END program=LOW
1770380154998017490 PROBE_A_START program=LOW
1770380155009865559 PROBE_A_END program=LOW
1770380155212558691 PROBE_A_START program=LOW
1770380155225089447 PROBE_A_END program=LOW
1770380155428003006 PROBE_A_START program=LOW
1770380155439837149 PROBE_A_END program=LOW
1770380155642649282 PROBE_A_START program=LOW
1770380155654553999 PROBE_A_END program=LOW
1770380155857357872 PROBE_A_START program=LOW
1770380155869234497 PROBE_A_END program=LOW
1770380156072054074 PROBE_A_START program=LOW
1770380156083846235 PROBE_A_END program=LOW
1770380156286644459 PROBE_A_START program=LOW
1770380156298451565 PROBE_A_END program=LOW
1770380156501285104 PROBE_A_START program=LOW
1770380156513135117 PROBE_A_END program=LOW
1770380156716018490 PROBE_A_START program=LOW
1770380156727868836 PROBE_A_END program=LOW
1770380156930753154 PROBE_A_START program=LOW
1770380156942673241 PROBE_A_END program=LOW
1770380157145576169 PROBE_A_START program=LOW
1770380157157620497 PROBE_A_END program=LOW
1770380157360635018 PROBE_A_START program=LOW
1770380157372644902 PROBE_A_END program=LOW
1770380157575536348 PROBE_A_START program=LOW
1770380157587652676 PROBE_A_END program=LOW
1770380157790707215 PROBE_A_START program=LOW
1770380157802682025 PROBE_A_END program=LOW
1770380158005606045 PROBE_A_START program=LOW
1770380158017517318 PROBE_A_END program=LOW
1770380158220397115 PROBE_A_START program=LOW
1770380158232224757 PROBE_A_END program=LOW
1770380158435101813 PROBE_A_START program=LOW
1770380158447062234 PROBE_A_END program=LOW
1770380158649980142 PROBE_A_START program=LOW
1770380158661898063 PROBE_A_END program=LOW
1770380158864827249 PROBE_A_START program=LOW
1770380158876649224 PROBE_A_END program=LOW
1770380159079500243 PROBE_A_START program=LOW
1770380159092076258 PROBE_A_END program=LOW
1770380159294978499 PROBE_A_START program=LOW
1770380159307191642 PROBE_A_END program=LOW
1770380159509951716 PROBE_A_START program=LOW
1770380159521410987 PROBE_A_END program=LOW
1770380159724237283 PROBE_A_START program=LOW
1770380159736041869 PROBE_A_END program=LOW
1770380159938899814 PROBE_A_START program=LOW
1770380159950773678 PROBE_A_END program=LOW
1770380160153574844 PROBE_A_START program=LOW
1770380160165310505 PROBE_A_END program=LOW
1770380160368072336 PROBE_A_START program=LOW
1770380160379384218 PROBE_A_END program=LOW
1770380160582166420 PROBE_A_START program=LOW
1770380160594079267 PROBE_A_END program=LOW
1770380160796910469 PROBE_A_START program=LOW
1770380160808859334 PROBE_A_END program=LOW
1770380161011661925 PROBE_A_START program=LOW
1770380161023699494 PROBE_A_END program=LOW
1770380161226631252 PROBE_A_START program=LOW
1770380161238915451 PROBE_A_END program=LOW
1770380161441742300 PROBE_A_START program=LOW
1770380161453596831 PROBE_A_END program=LOW
1770380161656314829 PROBE_A_START program=LOW
1770380161667740396 PROBE_A_END program=LOW
1770380161870504024 PROBE_A_START program=LOW
1770380161882241666 PROBE_A_END program=LOW
1770380162085051496 PROBE_A_START program=LOW
1770380162096992657 PROBE_A_END program=LOW
1770380162299843210 PROBE_A_START program=LOW
1770380162311581445 PROBE_A_END program=LOW
1770380162514415053 PROBE_A_START program=LOW
1770380162526348936 PROBE_A_END program=LOW
1770380162729144544 PROBE_A_START program=LOW
1770380162741023575 PROBE_A_END program=LOW
1770380162943853720 PROBE_A_START program=LOW
1770380162955849104 PROBE_A_END program=LOW
1770380163158762544 PROBE_A_START program=LOW
1770380163171667467 PROBE_A_END program=LOW
1770380163374483223 PROBE_A_START program=LOW
1770380163386389032 PROBE_A_END program=LOW
1770380163589162324 PROBE_A_START program=LOW
1770380163601071670 PROBE_A_END program=LOW
1770380163803877758 PROBE_A_START program=LOW
1770380163815741456 PROBE_A_END program=LOW
1770380164018480119 PROBE_A_START program=LOW
1770380164030544484 PROBE_A_END program=LOW
1770380164233510035 PROBE_A_START program=LOW
1770380164245507011 PROBE_A_END program=LOW
1770380164448502413 PROBE_A_START program=LOW
1770380164460313815 PROBE_A_END program=LOW
1770380164663203440 PROBE_A_START program=LOW
1770380164675155360 PROBE_A_END program=LOW
1770380164878038503 PROBE_A_START program=LOW
1770380164889872775 PROBE_A_END program=LOW
1770380165092851011 PROBE_A_START program=LOW
1770380165105524896 PROBE_A_END program=LOW
1770380165308443909 PROBE_A_START program=LOW
1770380165320392477 PROBE_A_END program=LOW
1770380165523276546 PROBE_A_START program=LOW
1770380165535317225 PROBE_A_END program=LOW
1770380165738224849 PROBE_A_START program=LOW
1770380165750121751 PROBE_A_END program=LOW
1770380165953059208 PROBE_A_START program=LOW
1770380165964914536 PROBE_A_END program=LOW
1770380166167814752 PROBE_A_START program=LOW
1770380166179766542 PROBE_A_END program=LOW
1770380166382702647 PROBE_A_START program=LOW
1770380166394533974 PROBE_A_END program=LOW
1770380166597411467 PROBE_A_START program=LOW
1770380166609307610 PROBE_A_END program=LOW
1770380166812208547 PROBE_A_START program=LOW
1770380166824169690 PROBE_A_END program=LOW
1770380167027141184 PROBE_A_START program=LOW
1770380167040246403 PROBE_A_END program=LOW
1770380167243102414 PROBE_A_START program=LOW
1770380167255042186 PROBE_A_END program=LOW
1770380167457929382 PROBE_A_START program=LOW
1770380167469901025 PROBE_A_END program=LOW
1770380167672755110 PROBE_A_START program=LOW
1770380167684642474 PROBE_A_END program=LOW
1770380167887561855 PROBE_A_START program=LOW
1770380167899452961 PROBE_A_END program=LOW
1770380168102356379 PROBE_A_START program=LOW
1770380168114247410 PROBE_A_END program=LOW
1770380168317154216 PROBE_A_START program=LOW
1770380168329052266 PROBE_A_END program=LOW
1770380168531961591 PROBE_A_START program=LOW
1770380168543893178 PROBE_A_END program=LOW
1770380168746812132 PROBE_A_START program=LOW
1770380168758748756 PROBE_A_END program=LOW
1770380168961725433 PROBE_A_START program=LOW
1770380168974360410 PROBE_A_END program=LOW
1770380169177257087 PROBE_A_START program=LOW
1770380169189326081 PROBE_A_END program=LOW
1770380169392237924 PROBE_A_START program=LOW
1770380169404033065 PROBE_A_END program=LOW
1770380169606968056 PROBE_A_START program=LOW
1770380169618858735 PROBE_A_END program=LOW
1770380169821766393 PROBE_A_START program=LOW
1770380169833615201 PROBE_A_END program=LOW
1770380170036569433 PROBE_A_START program=LOW
1770380170048379871 PROBE_A_END program=LOW
1770380170251273009 PROBE_A_START program=LOW
1770380170263094521 PROBE_A_END program=LOW
1770380170465962011 PROBE_A_START program=LOW
1770380170477913116 PROBE_A_END program=LOW
1770380170680819940 PROBE_A_START program=LOW
1770380170692704433 PROBE_A_END program=LOW
1770380170895597553 PROBE_A_START program=LOW
1770380170908236401 PROBE_A_END program=LOW
1770380171111086519 PROBE_A_START program=LOW
1770380171122901569 PROBE_A_END program=LOW
1770380171325770965 PROBE_A_START program=LOW
1770380171337680940 PROBE_A_END program=LOW
1770380171540610763 PROBE_A_START program=LOW
1770380171552482312 PROBE_A_END program=LOW
1770380171755425727 PROBE_A_START program=LOW
1770380171767320573 PROBE_A_END program=LOW
1770380171970202191 PROBE_A_START program=LOW
1770380171982046981 PROBE_A_END program=LOW
1770380172184968414 PROBE_A_START program=LOW
1770380172196832908 PROBE_A_END program=LOW
1770380172399665303 PROBE_A_START program=LOW
1770380172411540834 PROBE_A_END program=LOW
1770380172614442378 PROBE_A_START program=LOW
1770380172626279334 PROBE_A_END program=LOW
1770380172829044211 PROBE_A_START program=LOW
1770380172841307298 PROBE_A_END program=LOW
1770380173044060471 PROBE_A_START program=LOW
1770380173055407778 PROBE_A_END program=LOW
1770380173258336914 PROBE_A_START program=LOW
1770380173270360074 PROBE_A_END program=LOW
1770380173473124710 PROBE_A_START program=LOW
1770380173484964018 PROBE_A_END program=LOW
1770380173687788320 PROBE_A_START program=LOW
1770380173699614721 PROBE_A_END program=LOW
1770380173902459689 PROBE_A_START program=LOW
1770380173914348424 PROBE_A_END program=LOW
1770380174117070854 PROBE_A_START program=LOW
1770380174128859126 PROBE_A_END program=LOW
1770380174331566352 PROBE_A_START program=LOW
1770380174342969252 PROBE_A_END program=LOW
1770380174545766961 PROBE_A_START program=LOW
1770380174557587991 PROBE_A_END program=LOW
1770380174760412848 PROBE_A_START program=LOW
1770380174772696713 PROBE_A_END program=LOW
1770380174975606699 PROBE_A_START program=LOW
1770380174987591841 PROBE_A_END program=LOW
1770380175190460771 R2_IDLE_B seconds=30
1770380205194379552 PROBE_B_START program=LOW
1770380205250910876 PROBE_B_END program=LOW
1770380205453774133 PROBE_B_START program=LOW
1770380205510059216 PROBE_B_END program=LOW
1770380205712852917 PROBE_B_START program=LOW
1770380205767754385 PROBE_B_END program=LOW
1770380205970593494 PROBE_B_START program=LOW
1770380206025113943 PROBE_B_END program=LOW
1770380206227910718 PROBE_B_START program=LOW
1770380206281987998 PROBE_B_END program=LOW
1770380206484817421 PROBE_B_START program=LOW
1770380206587616692 PROBE_B_END program=LOW
1770380206790424004 PROBE_B_START program=LOW
1770380206844167265 PROBE_B_END program=LOW
1770380207046943095 PROBE_B_START program=LOW
1770380207099799077 PROBE_B_END program=LOW
1770380207302622517 PROBE_B_START program=LOW
1770380207355934796 PROBE_B_END program=LOW
1770380207558719533 PROBE_B_START program=LOW
1770380207611462680 PROBE_B_END program=LOW
1770380207814355158 PROBE_B_START program=LOW
1770380207867470048 PROBE_B_END program=LOW
1770380208070294507 PROBE_B_START program=LOW
1770380208122444782 PROBE_B_END program=LOW
1770380208325267037 PROBE_B_START program=LOW
1770380208379265151 PROBE_B_END program=LOW
1770380208582074628 PROBE_B_START program=LOW
1770380208633943273 PROBE_B_END program=LOW
1770380208836873546 PROBE_B_START program=LOW
1770380208889010748 PROBE_B_END program=LOW
1770380209091987355 PROBE_B_START program=LOW
1770380209144289908 PROBE_B_END program=LOW
1770380209347225255 PROBE_B_START program=LOW
1770380209399357141 PROBE_B_END program=LOW
1770380209602233710 PROBE_B_START program=LOW
1770380209655432340 PROBE_B_END program=LOW
1770380209858324243 PROBE_B_START program=LOW
1770380209923266808 PROBE_B_END program=LOW
1770380210126179173 PROBE_B_START program=LOW
1770380210183122405 PROBE_B_END program=LOW
1770380210385985325 PROBE_B_START program=LOW
1770380210438278804 PROBE_B_END program=LOW
1770380210641169706 PROBE_B_START program=LOW
1770380210693513129 PROBE_B_END program=LOW
1770380210896373753 PROBE_B_START program=LOW
1770380210945937522 PROBE_B_END program=LOW
1770380211148951479 PROBE_B_START program=LOW
1770380211247551256 PROBE_B_END program=LOW
1770380211450386564 PROBE_B_START program=LOW
1770380211499675221 PROBE_B_END program=LOW
1770380211702489973 PROBE_B_START program=LOW
1770380211755071694 PROBE_B_END program=LOW
1770380211957940224 PROBE_B_START program=LOW
1770380212009984481 PROBE_B_END program=LOW
1770380212212783047 PROBE_B_START program=LOW
1770380212266175047 PROBE_B_END program=LOW
1770380212469040299 PROBE_B_START program=LOW
1770380212518565567 PROBE_B_END program=LOW
1770380212721385616 PROBE_B_START program=LOW
1770380212775345135 PROBE_B_END program=LOW
1770380212978235869 PROBE_B_START program=LOW
1770380213031259164 PROBE_B_END program=LOW
1770380213234094341 PROBE_B_START program=LOW
1770380213287905287 PROBE_B_END program=LOW
1770380213490834871 PROBE_B_START program=LOW
1770380213542746016 PROBE_B_END program=LOW
1770380213745578730 PROBE_B_START program=LOW
1770380213802675905 PROBE_B_END program=LOW
1770380214005566841 PROBE_B_START program=LOW
1770380214059968492 PROBE_B_END program=LOW
1770380214262816131 PROBE_B_START program=LOW
1770380214318946156 PROBE_B_END program=LOW
1770380214521830184 PROBE_B_START program=LOW
1770380214574994627 PROBE_B_END program=LOW
1770380214777817730 PROBE_B_START program=LOW
1770380214837037855 PROBE_B_END program=LOW
1770380215039907290 PROBE_B_START program=LOW
1770380215095673499 PROBE_B_END program=LOW
1770380215298585804 PROBE_B_START program=LOW
1770380215596371987 PROBE_B_END program=LOW
1770380215799276718 PROBE_B_START program=LOW
1770380215852334550 PROBE_B_END program=LOW
1770380216055253356 PROBE_B_START program=LOW
1770380216108254206 PROBE_B_END program=LOW
1770380216311148510 PROBE_B_START program=LOW
1770380216363721952 PROBE_B_END program=LOW
1770380216566630886 PROBE_B_START program=LOW
1770380216622316798 PROBE_B_END program=LOW
1770380216825219695 PROBE_B_START program=LOW
1770380216880614181 PROBE_B_END program=LOW
1770380217083533689 PROBE_B_START program=LOW
1770380217136390353 PROBE_B_END program=LOW
1770380217339309231 PROBE_B_START program=LOW
1770380217393997474 PROBE_B_END program=LOW
1770380217596868074 PROBE_B_START program=LOW
1770380217649669387 PROBE_B_END program=LOW
1770380217852558950 PROBE_B_START program=LOW
1770380217907860565 PROBE_B_END program=LOW
1770380218110813609 PROBE_B_START program=LOW
1770380218163374217 PROBE_B_END program=LOW
1770380218366212427 PROBE_B_START program=LOW
1770380218419481889 PROBE_B_END program=LOW
1770380218622258525 PROBE_B_START program=LOW
1770380218676183581 PROBE_B_END program=LOW
1770380218879021254 PROBE_B_START program=LOW
1770380218934378054 PROBE_B_END program=LOW
1770380219137244968 PROBE_B_START program=LOW
1770380219190296502 PROBE_B_END program=LOW
1770380219393148768 PROBE_B_START program=LOW
1770380219446992675 PROBE_B_END program=LOW
1770380219649772421 PROBE_B_START program=LOW
1770380219702620993 PROBE_B_END program=LOW
1770380219905567406 PROBE_B_START program=LOW
1770380219961232818 PROBE_B_END program=LOW
1770380220164093694 PROBE_B_START program=LOW
1770380220195971567 PROBE_B_END program=LOW
1770380220398858702 PROBE_B_START program=LOW
1770380220497846958 PROBE_B_END program=LOW
1770380220700619722 PROBE_B_START program=LOW
1770380220773739953 PROBE_B_END program=LOW
1770380220976796662 PROBE_B_START program=LOW
1770380221039781184 PROBE_B_END program=LOW
1770380221242719411 PROBE_B_START program=LOW
1770380221294451886 PROBE_B_END program=LOW
1770380221497331095 PROBE_B_START program=LOW
1770380221552146930 PROBE_B_END program=LOW
1770380221755062342 PROBE_B_START program=LOW
1770380221807111411 PROBE_B_END program=LOW
1770380222010017638 PROBE_B_START program=LOW
1770380222062771153 PROBE_B_END program=LOW
1770380222265724712 PROBE_B_START program=LOW
1770380222318281505 PROBE_B_END program=LOW
1770380222521147861 PROBE_B_START program=LOW
1770380222575142805 PROBE_B_END program=LOW
1770380222778056216 PROBE_B_START program=LOW
1770380222832545513 PROBE_B_END program=LOW
1770380223035402517 PROBE_B_START program=LOW
1770380223089773313 PROBE_B_END program=LOW
1770380223292681187 PROBE_B_START program=LOW
1770380223324475281 PROBE_B_END program=LOW
1770380223527290747 PROBE_B_START program=LOW
1770380223561177624 PROBE_B_END program=LOW
1770380223764085109 PROBE_B_START program=LOW
1770380223797980875 PROBE_B_END program=LOW
1770380224000832489 PROBE_B_START program=LOW
1770380224093511081 PROBE_B_END program=LOW
1770380224296380379 PROBE_B_START program=LOW
1770380224368760867 PROBE_B_END program=LOW
1770380224571564869 PROBE_B_START program=LOW
1770380224645115785 PROBE_B_END program=LOW
1770380224847989732 PROBE_B_START program=LOW
1770380224929093629 PROBE_B_END program=LOW
1770380225132052835 PROBE_B_START program=LOW
1770380225198793420 PROBE_B_END program=LOW
1770380225401683866 PROBE_B_START program=LOW
1770380225503565609 PROBE_B_END program=LOW
1770380225706454944 PROBE_B_START program=LOW
1770380225761582631 PROBE_B_END program=LOW
1770380225964402484 PROBE_B_START program=LOW
1770380226213035075 PROBE_B_END program=LOW
1770380226415887521 PROBE_B_START program=LOW
1770380226474445216 PROBE_B_END program=LOW
1770380226677261439 PROBE_B_START program=LOW
1770380226734263408 PROBE_B_END program=LOW
1770380226937207723 PROBE_B_START program=LOW
1770380226993627061 PROBE_B_END program=LOW
1770380227196473506 PROBE_B_START program=LOW
1770380227263448295 PROBE_B_END program=LOW
1770380227466362869 PROBE_B_START program=LOW
1770380227612113826 PROBE_B_END program=LOW
1770380227815059030 PROBE_B_START program=LOW
1770380227890094431 PROBE_B_END program=LOW
1770380228093064894 PROBE_B_START program=LOW
1770380228169044111 PROBE_B_END program=LOW
1770380228371965907 PROBE_B_START program=LOW
1770380228491292209 PROBE_B_END program=LOW
1770380228694150745 PROBE_B_START program=LOW
1770380228748811190 PROBE_B_END program=LOW
1770380228951624282 PROBE_B_START program=LOW
1770380229007214413 PROBE_B_END program=LOW
1770380229210201264 PROBE_B_START program=LOW
1770380229265302636 PROBE_B_END program=LOW
1770380229468229616 PROBE_B_START program=LOW
1770380229525625919 PROBE_B_END program=LOW
1770380229728468417 PROBE_B_START program=LOW
1770380229784762643 PROBE_B_END program=LOW
1770380229987625105 PROBE_B_START program=LOW
1770380230045125760 PROBE_B_END program=LOW
1770380230248010258 PROBE_B_START program=LOW
1770380230301190569 PROBE_B_END program=LOW
1770380230504114956 PROBE_B_START program=LOW
1770380230557204859 PROBE_B_END program=LOW
1770380230760053857 PROBE_B_START program=LOW
1770380230814287689 PROBE_B_END program=LOW
1770380231017128021 PROBE_B_START program=LOW
1770380231071847557 PROBE_B_END program=LOW
1770380231274682332 PROBE_B_START program=LOW
1770380231330213352 PROBE_B_END program=LOW
1770380231533131090 PROBE_B_START program=LOW
1770380231585739270 PROBE_B_END program=LOW
1770380231788564564 PROBE_B_START program=LOW
1770380231844227029 PROBE_B_END program=LOW
1770380232047141804 PROBE_B_START program=LOW
1770380232099188538 PROBE_B_END program=LOW
1770380232302007127 PROBE_B_START program=LOW
1770380232403265403 PROBE_B_END program=LOW
1770380232606129955 PROBE_B_START program=LOW
1770380232658162911 PROBE_B_END program=LOW
1770380232861071723 PROBE_B_START program=LOW
1770380232916218686 PROBE_B_END program=LOW
1770380233119098145 PROBE_B_START program=LOW
1770380233220301106 PROBE_B_END program=LOW
1770380233423111972 PROBE_B_START program=LOW
1770380233477860823 PROBE_B_END program=LOW
1770380233680755041 PROBE_B_START program=LOW
1770380233733953204 PROBE_B_END program=LOW
1770380233936825644 PROBE_B_START program=LOW
1770380233992307664 PROBE_B_END program=LOW
1770380234195229178 PROBE_B_START program=LOW
1770380234249636565 PROBE_B_END program=LOW
1770380234452482338 PROBE_B_START program=LOW
1770380234508472933 PROBE_B_END program=LOW
1770380234711360317 PROBE_B_START program=LOW
1770380234766892151 PROBE_B_END program=LOW
1770380234969811924 PROBE_B_START program=LOW
1770380235028042135 PROBE_B_END program=LOW
1770380235230922519 PROBE_B_START program=LOW
1770380235285249480 PROBE_B_END program=LOW
1770380235488117011 PROBE_B_START program=LOW
1770380235543687753 PROBE_B_END program=LOW
1770380235746497340 PROBE_B_START program=LOW
1770380235805858609 PROBE_B_END program=LOW
1770380236008814215 PROBE_B_START program=LOW
1770380236112568329 PROBE_B_END program=LOW
1770380236315402063 PROBE_B_START program=LOW
1770380236374110330 PROBE_B_END program=LOW
1770380236576950287 PROBE_B_START program=LOW
1770380236829380397 PROBE_B_END program=LOW
1770380237032225577 PROBE_B_START program=LOW
1770380237090304490 PROBE_B_END program=LOW
1770380237293121483 PROBE_B_START program=LOW
1770380237343989473 PROBE_B_END program=LOW
1770380237546912429 PROBE_B_START program=LOW
1770380237604131637 PROBE_B_END program=LOW
1770380237806978723 PROBE_B_START program=LOW
1770380237859978273 PROBE_B_END program=LOW
1770380238062936155 PROBE_B_START program=LOW
1770380238118645563 PROBE_B_END program=LOW
1770380238321453130 PROBE_B_START program=LOW
1770380238374631754 PROBE_B_END program=LOW
1770380238577520580 PROBE_B_START program=LOW
1770380238632185337 PROBE_B_END program=LOW
1770380238835342757 PROBE_B_START program=LOW
1770380238890377422 PROBE_B_END program=LOW
1770380239093235452 PROBE_B_START program=LOW
1770380239149012712 PROBE_B_END program=LOW
1770380239351936593 PROBE_B_START program=LOW
1770380239406778628 PROBE_B_END program=LOW
1770380239609576527 PROBE_B_START program=LOW
1770380239666983068 PROBE_B_END program=LOW
1770380239869903338 PROBE_B_START program=LOW
1770380239995159983 PROBE_B_END program=LOW
1770380240198001992 PROBE_B_START program=LOW
1770380240254577624 PROBE_B_END program=LOW
1770380240457360930 PROBE_B_START program=LOW
1770380240513121893 PROBE_B_END program=LOW
1770380240715908107 PROBE_B_START program=LOW
1770380240771008846 PROBE_B_END program=LOW
1770380240973930671 PROBE_B_START program=LOW
1770380241029136059 PROBE_B_END program=LOW
1770380241232150309 PROBE_B_START program=LOW
1770380241286733232 PROBE_B_END program=LOW
1770380241489623093 PROBE_B_START program=LOW
1770380241543423793 PROBE_B_END program=LOW
1770380241746315246 PROBE_B_START program=LOW
1770380241801953728 PROBE_B_END program=LOW
1770380242004912367 PROBE_B_START program=LOW
1770380242062344037 PROBE_B_END program=LOW
1770380242265135342 PROBE_B_START program=LOW
1770380242322528771 PROBE_B_END program=LOW
1770380242525459595 PROBE_B_START program=LOW
1770380242578022643 PROBE_B_END program=LOW
1770380242780795096 PROBE_B_START program=LOW
1770380242836313928 PROBE_B_END program=LOW
1770380243039227511 PROBE_B_START program=LOW
1770380243092249634 PROBE_B_END program=LOW
1770380243295089753 PROBE_B_START program=LOW
1770380243355446356 PROBE_B_END program=LOW
1770380243558325752 PROBE_B_START program=LOW
1770380243618372447 PROBE_B_END program=LOW
1770380243821228307 PROBE_B_START program=LOW
1770380243878498347 PROBE_B_END program=LOW
1770380244081360336 PROBE_B_START program=LOW
1770380244139963102 PROBE_B_END program=LOW
1770380244342772701 PROBE_B_START program=LOW
1770380244451914732 PROBE_B_END program=LOW
1770380244654788165 PROBE_B_START program=LOW
1770380244706628933 PROBE_B_END program=LOW
1770380244909412533 PROBE_B_START program=LOW
1770380244966212646 PROBE_B_END program=LOW
1770380245169118930 PROBE_B_START program=LOW
1770380245224013613 PROBE_B_END program=LOW
1770380245426917027 PROBE_B_START program=LOW
1770380245481537820 PROBE_B_END program=LOW
1770380245684500364 PROBE_B_START program=LOW
1770380245741896311 PROBE_B_END program=LOW
1770380245944692947 PROBE_B_START program=LOW
1770380245999015814 PROBE_B_END program=LOW
1770380246201932431 PROBE_B_START program=LOW
1770380246257943412 PROBE_B_END program=LOW
1770380246460846196 PROBE_B_START program=LOW
1770380246515256229 PROBE_B_END program=LOW
1770380246718202920 PROBE_B_START program=LOW
1770380246775366515 PROBE_B_END program=LOW
1770380246978198465 PROBE_B_START program=LOW
1770380247032139053 PROBE_B_END program=LOW
1770380247235080114 PROBE_B_START program=LOW
1770380247294166417 PROBE_B_END program=LOW
1770380247497051459 PROBE_B_START program=LOW
1770380247552782347 PROBE_B_END program=LOW
1770380247755579556 PROBE_B_START program=LOW
1770380247815149360 PROBE_B_END program=LOW
1770380248018102309 PROBE_B_START program=LOW
1770380248081849253 PROBE_B_END program=LOW
1770380248287997765 PROBE_B_START program=LOW
1770380248356751905 PROBE_B_END program=LOW
1770380248559576465 PROBE_B_START program=LOW
1770380248620504235 PROBE_B_END program=LOW
1770380248823376443 PROBE_B_START program=LOW
1770380250645306504 PROBE_B_END program=LOW
1770380250848204304 PROBE_B_START program=LOW
1770380251603108185 PROBE_B_END program=LOW
1770380251805948613 PROBE_B_START program=LOW
1770380251887282393 PROBE_B_END program=LOW
1770380252090311154 PROBE_B_START program=LOW
1770380252148986493 PROBE_B_END program=LOW
1770380252351948995 PROBE_B_START program=LOW
1770380252410625944 PROBE_B_END program=LOW
1770380252613492409 PROBE_B_START program=LOW
1770380252866332229 PROBE_B_END program=LOW
1770380253069201990 PROBE_B_START program=LOW
1770380253123900060 PROBE_B_END program=LOW
1770380253326773172 PROBE_B_START program=LOW
1770380253386301345 PROBE_B_END program=LOW
1770380253589210254 PROBE_B_START program=LOW
1770380253643027655 PROBE_B_END program=LOW
1770380253845859138 PROBE_B_START program=LOW
1770380253900397966 PROBE_B_END program=LOW
1770380254103338523 PROBE_B_START program=LOW
1770380254160508746 PROBE_B_END program=LOW
1770380254363360802 PROBE_B_START program=LOW
1770380254418813818 PROBE_B_END program=LOW
1770380254621804912 PROBE_B_START program=LOW
1770380254677151964 PROBE_B_END program=LOW
1770380254880003483 PROBE_B_START program=LOW
1770380254915550435 PROBE_B_END program=LOW
1770380255118514546 PROBE_B_START program=LOW
1770380255151652659 PROBE_B_END program=LOW
1770380255354442122 PROBE_B_START program=LOW
1770380255388597996 PROBE_B_END program=LOW
1770380255591504570 PROBE_B_START program=LOW
1770380255691372724 PROBE_B_END program=LOW
1770380255894236169 PROBE_B_START program=LOW
1770380255972496292 PROBE_B_END program=LOW
1770380256175353439 PROBE_B_START program=LOW
1770380256250464407 PROBE_B_END program=LOW
1770380256453362332 PROBE_B_START program=LOW
1770380256533288922 PROBE_B_END program=LOW
1770380256736190458 PROBE_B_START program=LOW
1770380256791594307 PROBE_B_END program=LOW
1770380256994469269 PROBE_B_START program=LOW
1770380257049430913 PROBE_B_END program=LOW
1770380257252376486 PROBE_B_START program=LOW
1770380257307185351 PROBE_B_END program=LOW
1770380257510007998 PROBE_B_START program=LOW
1770380257566287737 PROBE_B_END program=LOW
1770380257769173051 PROBE_B_START program=LOW
1770380257825937921 PROBE_B_END program=LOW
1770380258028792845 PROBE_B_START program=LOW
1770380258063080331 PROBE_B_END program=LOW
1770380258266029755 PROBE_B_START program=LOW
1770380258302198726 PROBE_B_END program=LOW
1770380258505375947 PROBE_B_START program=LOW
1770380258602823817 PROBE_B_END program=LOW
1770380258805686518 PROBE_B_START program=LOW
1770380258879189704 PROBE_B_END program=LOW
1770380259082130702 PROBE_B_START program=LOW
1770380259161010215 PROBE_B_END program=LOW
1770380259363848064 PROBE_B_START program=LOW
1770380259420494766 PROBE_B_END program=LOW
1770380259623393153 PROBE_B_START program=LOW
1770380259677446479 PROBE_B_END program=LOW
1770380259880353569 PROBE_B_START program=LOW
1770380259934443266 PROBE_B_END program=LOW
1770380260137298689 PROBE_B_START program=LOW
1770380260238942420 PROBE_B_END program=LOW
1770380260442061880 PROBE_B_START program=LOW
1770380260496386114 PROBE_B_END program=LOW
1770380260699239611 PROBE_B_START program=LOW
1770380260754577514 PROBE_B_END program=LOW
1770380260957348400 PROBE_B_START program=LOW
1770380261016017089 PROBE_B_END program=LOW
1770380261218855659 PROBE_B_START program=LOW
1770380261277772459 PROBE_B_END program=LOW
1770380261480545418 PROBE_B_START program=LOW
1770380261536597434 PROBE_B_END program=LOW
1770380261739308726 PROBE_B_START program=LOW
1770380261798371897 PROBE_B_END program=LOW
1770380262001165374 PROBE_B_START program=LOW
1770380262067851062 PROBE_B_END program=LOW
1770380262270666280 PROBE_B_START program=LOW
1770380262331815603 PROBE_B_END program=LOW
1770380262534655802 PROBE_B_START program=LOW
1770380262592145080 PROBE_B_END program=LOW
1770380262794907150 PROBE_B_START program=LOW
1770380262852677966 PROBE_B_END program=LOW
1770380263055537461 PROBE_B_START program=LOW
1770380263306082527 PROBE_B_END program=LOW
1770380263508852670 PROBE_B_START program=LOW
1770380263564398684 PROBE_B_END program=LOW
1770380263767257790 PROBE_B_START program=LOW
1770380263821190153 PROBE_B_END program=LOW
1770380264023965184 PROBE_B_START program=LOW
1770380264079025198 PROBE_B_END program=LOW
1770380264281881525 PROBE_B_START program=LOW
1770380264337918652 PROBE_B_END program=LOW
1770380264540666664 PROBE_B_START program=LOW
1770380264637670457 PROBE_B_END program=LOW
1770380264840445099 PROBE_B_START program=LOW
1770380264900035086 PROBE_B_END program=LOW
1770380265102956635 R2_IDLE_C seconds=30
1770380295107031222 PROBE_C_START program=LOW
1770380295109615468 PROBE_C_END program=LOW
1770380295312405204 PROBE_C_START program=LOW
1770380295315029506 PROBE_C_END program=LOW
1770380295517862667 PROBE_C_START program=LOW
1770380295520460136 PROBE_C_END program=LOW
1770380295723284334 PROBE_C_START program=LOW
1770380295725829507 PROBE_C_END program=LOW
1770380295928605427 PROBE_C_START program=LOW
1770380295931232859 PROBE_C_END program=LOW
1770380296134082965 PROBE_C_START program=LOW
1770380296136649600 PROBE_C_END program=LOW
1770380296339446650 PROBE_C_START program=LOW
1770380296342031711 PROBE_C_END program=LOW
1770380296544809613 PROBE_C_START program=LOW
1770380296547429526 PROBE_C_END program=LOW
1770380296750249669 PROBE_C_START program=LOW
1770380296752811915 PROBE_C_END program=LOW
1770380296955610576 PROBE_C_START program=LOW
1770380296958209526 PROBE_C_END program=LOW
1770380297161024446 PROBE_C_START program=LOW
1770380297163626785 PROBE_C_END program=LOW
1770380297366446594 PROBE_C_START program=LOW
1770380297369024155 PROBE_C_END program=LOW
1770380297571804482 PROBE_C_START program=LOW
1770380297574419302 PROBE_C_END program=LOW
1770380297777201574 PROBE_C_START program=LOW
1770380297779943858 PROBE_C_END program=LOW
1770380297982918241 PROBE_C_START program=LOW
1770380297985782302 PROBE_C_END program=LOW
1770380298189192167 PROBE_C_START program=LOW
1770380298191802043 PROBE_C_END program=LOW
1770380298394612592 PROBE_C_START program=LOW
1770380298397175931 PROBE_C_END program=LOW
1770380298599913165 PROBE_C_START program=LOW
1770380298602390522 PROBE_C_END program=LOW
1770380298805096590 PROBE_C_START program=LOW
1770380298807592428 PROBE_C_END program=LOW
1770380299010318681 PROBE_C_START program=LOW
1770380299012797316 PROBE_C_END program=LOW
1770380299215602734 PROBE_C_START program=LOW
1770380299218226999 PROBE_C_END program=LOW
1770380299421057529 PROBE_C_START program=LOW
1770380299423699424 PROBE_C_END program=LOW
1770380299626551546 PROBE_C_START program=LOW
1770380299629187997 PROBE_C_END program=LOW
1770380299832018415 PROBE_C_START program=LOW
1770380299834631069 PROBE_C_END program=LOW
1770380300037538358 PROBE_C_START program=LOW
1770380300040143957 PROBE_C_END program=LOW
1770380300242966004 PROBE_C_START program=LOW
1770380300245540862 PROBE_C_END program=LOW
1770380300448398428 PROBE_C_START program=LOW
1770380300451017304 PROBE_C_END program=LOW
1770380300653863463 PROBE_C_START program=LOW
1770380300656474191 PROBE_C_END program=LOW
1770380300859336183 PROBE_C_START program=LOW
1770380300861977319 PROBE_C_END program=LOW
1770380301064824756 PROBE_C_START program=LOW
1770380301067421539 PROBE_C_END program=LOW
1770380301270277253 PROBE_C_START program=LOW
1770380301272876833 PROBE_C_END program=LOW
1770380301475774806 PROBE_C_START program=LOW
1770380301478404719 PROBE_C_END program=LOW
1770380301681230155 PROBE_C_START program=LOW
1770380301683846846 PROBE_C_END program=LOW
1770380301886695856 PROBE_C_START program=LOW
1770380301889257158 PROBE_C_END program=LOW
1770380302092208428 PROBE_C_START program=LOW
1770380302094817211 PROBE_C_END program=LOW
1770380302297644499 PROBE_C_START program=LOW
1770380302300245356 PROBE_C_END program=LOW
1770380302503117107 PROBE_C_START program=LOW
1770380302505762890 PROBE_C_END program=LOW
1770380302708640715 PROBE_C_START program=LOW
1770380302711293202 PROBE_C_END program=LOW
1770380302914153582 PROBE_C_START program=LOW
1770380302916777273 PROBE_C_END program=LOW
1770380303119631468 PROBE_C_START program=LOW
1770380303122263103 PROBE_C_END program=LOW
1770380303325120742 PROBE_C_START program=LOW
1770380303327753025 PROBE_C_END program=LOW
1770380303530604850 PROBE_C_START program=LOW
1770380303533230281 PROBE_C_END program=LOW
1770380303736101735 PROBE_C_START program=LOW
1770380303738732963 PROBE_C_END program=LOW
1770380303941570713 PROBE_C_START program=LOW
1770380303944218329 PROBE_C_END program=LOW
1770380304147090135 PROBE_C_START program=LOW
1770380304149722918 PROBE_C_END program=LOW
1770380304352612723 PROBE_C_START program=LOW
1770380304355235766 PROBE_C_END program=LOW
1770380304558089664 PROBE_C_START program=LOW
1770380304560655984 PROBE_C_END program=LOW
1770380304763501363 PROBE_C_START program=LOW
1770380304766139869 PROBE_C_END program=LOW
1770380304968961378 PROBE_C_START program=LOW
1770380304971615217 PROBE_C_END program=LOW
1770380305174480966 PROBE_C_START program=LOW
1770380305177068286 PROBE_C_END program=LOW
1770380305379903887 PROBE_C_START program=LOW
1770380305382517948 PROBE_C_END program=LOW
1770380305585392475 PROBE_C_START program=LOW
1770380305588030666 PROBE_C_END program=LOW
1770380305790901044 PROBE_C_START program=LOW
1770380305793531568 PROBE_C_END program=LOW
1770380305996437355 PROBE_C_START program=LOW
1770380305999061953 PROBE_C_END program=LOW
1770380306201957461 PROBE_C_START program=LOW
1770380306204541374 PROBE_C_END program=LOW
1770380306407417215 PROBE_C_START program=LOW
1770380306410035072 PROBE_C_END program=LOW
1770380306612898876 PROBE_C_START program=LOW
1770380306615536530 PROBE_C_END program=LOW
1770380306818377241 PROBE_C_START program=LOW
1770380306820971636 PROBE_C_END program=LOW
1770380307023854403 PROBE_C_START program=LOW
1770380307026469168 PROBE_C_END program=LOW
1770380307229336508 PROBE_C_START program=LOW
1770380307231986847 PROBE_C_END program=LOW
1770380307434875040 PROBE_C_START program=LOW
1770380307437484416 PROBE_C_END program=LOW
1770380307640355442 PROBE_C_START program=LOW
1770380307642979095 PROBE_C_END program=LOW
1770380307845871491 PROBE_C_START program=LOW
1770380307848473330 PROBE_C_END program=LOW
1770380308051374893 PROBE_C_START program=LOW
1770380308054003288 PROBE_C_END program=LOW
1770380308256835350 PROBE_C_START program=LOW
1770380308259450503 PROBE_C_END program=LOW
1770380308462310732 PROBE_C_START program=LOW
1770380308464926942 PROBE_C_END program=LOW
1770380308667825615 PROBE_C_START program=LOW
1770380308670528417 PROBE_C_END program=LOW
1770380308873569350 PROBE_C_START program=LOW
1770380308876392690 PROBE_C_END program=LOW
1770380309079415808 PROBE_C_START program=LOW
1770380309082011480 PROBE_C_END program=LOW
1770380309284854227 PROBE_C_START program=LOW
1770380309287471954 PROBE_C_END program=LOW
1770380309490344053 PROBE_C_START program=LOW
1770380309492935188 PROBE_C_END program=LOW
1770380309695798287 PROBE_C_START program=LOW
1770380309698416348 PROBE_C_END program=LOW
1770380309901233466 PROBE_C_START program=LOW
1770380309903815638 PROBE_C_END program=LOW
1770380310106644384 PROBE_C_START program=LOW
1770380310109245427 PROBE_C_END program=LOW
1770380310312066692 PROBE_C_START program=LOW
1770380310314650086 PROBE_C_END program=LOW
1770380310517513944 PROBE_C_START program=LOW
1770380310520111783 PROBE_C_END program=LOW
1770380310722935122 PROBE_C_START program=LOW
1770380310725486701 PROBE_C_END program=LOW
1770380310928378614 PROBE_C_START program=LOW
1770380310931053342 PROBE_C_END program=LOW
1770380311133913181 PROBE_C_START program=LOW
1770380311136494872 PROBE_C_END program=LOW
1770380311339382210 PROBE_C_START program=LOW
1770380311341950401 PROBE_C_END program=LOW
1770380311544746239 PROBE_C_START program=LOW
1770380311547368115 PROBE_C_END program=LOW
1770380311750212583 PROBE_C_START program=LOW
1770380311752810144 PROBE_C_END program=LOW
1770380311955710353 PROBE_C_START program=LOW
1770380311958358951 PROBE_C_END program=LOW
1770380312161205975 PROBE_C_START program=LOW
1770380312163819499 PROBE_C_END program=LOW
1770380312366679022 PROBE_C_START program=LOW
1770380312369288583 PROBE_C_END program=LOW
1770380312572119143 PROBE_C_START program=LOW
1770380312574755223 PROBE_C_END program=LOW
1770380312777582690 PROBE_C_START program=LOW
1770380312780166140 PROBE_C_END program=LOW
1770380312983081830 PROBE_C_START program=LOW
1770380312985721280 PROBE_C_END program=LOW
1770380313188628396 PROBE_C_START program=LOW
1770380313191268809 PROBE_C_END program=LOW
1770380313394163554 PROBE_C_START program=LOW
1770380313396781004 PROBE_C_END program=LOW
1770380313599643971 PROBE_C_START program=LOW
1770380313602268810 PROBE_C_END program=LOW
1770380313805094666 PROBE_C_START program=LOW
1770380313807738931 PROBE_C_END program=LOW
1770380314010828676 PROBE_C_START program=LOW
1770380314013406552 PROBE_C_END program=LOW
1770380314216277944 PROBE_C_START program=LOW
1770380314218932802 PROBE_C_END program=LOW
1770380314421839287 PROBE_C_START program=LOW
1770380314424430737 PROBE_C_END program=LOW
1770380314627312241 PROBE_C_START program=LOW
1770380314629961672 PROBE_C_END program=LOW
1770380314832822806 PROBE_C_START program=LOW
1770380314835474885 PROBE_C_END program=LOW
1770380315038349241 PROBE_C_START program=LOW
1770380315040978413 PROBE_C_END program=LOW
1770380315243852972 PROBE_C_START program=LOW
1770380315246462366 PROBE_C_END program=LOW
1770380315449354684 PROBE_C_START program=LOW
1770380315451998264 PROBE_C_END program=LOW
1770380315654845656 PROBE_C_START program=LOW
1770380315657402198 PROBE_C_END program=LOW
1770380315860283109 PROBE_C_START program=LOW
1770380315862908300 PROBE_C_END program=LOW
1770380316065863099 PROBE_C_START program=LOW
1770380316068734901 PROBE_C_END program=LOW
1770380316271651719 PROBE_C_START program=LOW
1770380316274285854 PROBE_C_END program=LOW
1770380316477100320 PROBE_C_START program=LOW
1770380316479725325 PROBE_C_END program=LOW
1770380316682605772 PROBE_C_START program=LOW
1770380316685210908 PROBE_C_END program=LOW
1770380316888096225 PROBE_C_START program=LOW
1770380316890710657 PROBE_C_END program=LOW
1770380317093591159 PROBE_C_START program=LOW
1770380317096193202 PROBE_C_END program=LOW
1770380317298997944 PROBE_C_START program=LOW
1770380317301549987 PROBE_C_END program=LOW
1770380317504402915 PROBE_C_START program=LOW
1770380317507053754 PROBE_C_END program=LOW
1770380317709957127 PROBE_C_START program=LOW
1770380317712539095 PROBE_C_END program=LOW
1770380317915370116 PROBE_C_START program=LOW
1770380317918004288 PROBE_C_END program=LOW
1770380318120880660 PROBE_C_START program=LOW
1770380318123472814 PROBE_C_END program=LOW
1770380318326308927 PROBE_C_START program=LOW
1770380318328900784 PROBE_C_END program=LOW
1770380318531673174 PROBE_C_START program=LOW
1770380318534295846 PROBE_C_END program=LOW
1770380318737139755 PROBE_C_START program=LOW
1770380318739764354 PROBE_C_END program=LOW
1770380318942670429 PROBE_C_START program=LOW
1770380318945301305 PROBE_C_END program=LOW
1770380319148276825 PROBE_C_START program=LOW
1770380319150926275 PROBE_C_END program=LOW
1770380319353809314 PROBE_C_START program=LOW
1770380319356366319 PROBE_C_END program=LOW
1770380319559299802 PROBE_C_START program=LOW
1770380319562170826 PROBE_C_END program=LOW
1770380319765216717 PROBE_C_START program=LOW
1770380319768022001 PROBE_C_END program=LOW
1770380319971031539 PROBE_C_START program=LOW
1770380319973612470 PROBE_C_END program=LOW
1770380320176426638 PROBE_C_START program=LOW
1770380320179049199 PROBE_C_END program=LOW
1770380320381906125 PROBE_C_START program=LOW
1770380320384512779 PROBE_C_END program=LOW
1770380320587357854 PROBE_C_START program=LOW
1770380320589975952 PROBE_C_END program=LOW
1770380320792755545 PROBE_C_START program=LOW
1770380320795367180 PROBE_C_END program=LOW
1770380320998181662 PROBE_C_START program=LOW
1770380321000751279 PROBE_C_END program=LOW
1770380321203581779 PROBE_C_START program=LOW
1770380321206172673 PROBE_C_END program=LOW
1770380321409001025 PROBE_C_START program=LOW
1770380321411591234 PROBE_C_END program=LOW
1770380321614443234 PROBE_C_START program=LOW
1770380321617042980 PROBE_C_END program=LOW
1770380321819863258 PROBE_C_START program=LOW
1770380321822467579 PROBE_C_END program=LOW
1770380322025269857 PROBE_C_START program=LOW
1770380322027911325 PROBE_C_END program=LOW
1770380322230761380 PROBE_C_START program=LOW
1770380322233381238 PROBE_C_END program=LOW
1770380322436231515 PROBE_C_START program=LOW
1770380322438854539 PROBE_C_END program=LOW
1770380322641681039 PROBE_C_START program=LOW
1770380322644294340 PROBE_C_END program=LOW
1770380322847175155 PROBE_C_START program=LOW
1770380322849824105 PROBE_C_END program=LOW
1770380323052713475 PROBE_C_START program=LOW
1770380323055347462 PROBE_C_END program=LOW
1770380323258216721 PROBE_C_START program=LOW
1770380323260826226 PROBE_C_END program=LOW
1770380323463702466 PROBE_C_START program=LOW
1770380323466326286 PROBE_C_END program=LOW
1770380323669150304 PROBE_C_START program=LOW
1770380323671785347 PROBE_C_END program=LOW
1770380323874659401 PROBE_C_START program=LOW
1770380323877268203 PROBE_C_END program=LOW
1770380324080072258 PROBE_C_START program=LOW
1770380324082625948 PROBE_C_END program=LOW
1770380324285435910 PROBE_C_START program=LOW
1770380324288025360 PROBE_C_END program=LOW
1770380324490845192 PROBE_C_START program=LOW
1770380324493402401 PROBE_C_END program=LOW
1770380324696165770 PROBE_C_START program=LOW
1770380324698700312 PROBE_C_END program=LOW
1770380324901503514 PROBE_C_START program=LOW
1770380324904090501 PROBE_C_END program=LOW
1770380325106948888 PROBE_C_START program=LOW
1770380325109510505 PROBE_C_END program=LOW
1770380325312306855 PROBE_C_START program=LOW
1770380325314909008 PROBE_C_END program=LOW
1770380325517688155 PROBE_C_START program=LOW
1770380325520255327 PROBE_C_END program=LOW
1770380325723038547 PROBE_C_START program=LOW
1770380325725602664 PROBE_C_END program=LOW
1770380325928392625 PROBE_C_START program=LOW
1770380325931025945 PROBE_C_END program=LOW
1770380326133825313 PROBE_C_START program=LOW
1770380326136397930 PROBE_C_END program=LOW
1770380326339194594 PROBE_C_START program=LOW
1770380326341780210 PROBE_C_END program=LOW
1770380326544556152 PROBE_C_START program=LOW
1770380326547149139 PROBE_C_END program=LOW
1770380326749966730 PROBE_C_START program=LOW
1770380326752522902 PROBE_C_END program=LOW
1770380326955344307 PROBE_C_START program=LOW
1770380326957934442 PROBE_C_END program=LOW
1770380327160724180 PROBE_C_START program=LOW
1770380327163314167 PROBE_C_END program=LOW
1770380327366132053 PROBE_C_START program=LOW
1770380327368691836 PROBE_C_END program=LOW
1770380327571475518 PROBE_C_START program=LOW
1770380327574068505 PROBE_C_END program=LOW
1770380327776837761 PROBE_C_START program=LOW
1770380327779433711 PROBE_C_END program=LOW
1770380327982232764 PROBE_C_START program=LOW
1770380327984816436 PROBE_C_END program=LOW
1770380328187634951 PROBE_C_START program=LOW
1770380328190218512 PROBE_C_END program=LOW
1770380328393003009 PROBE_C_START program=LOW
1770380328395625662 PROBE_C_END program=LOW
1770380328598442585 PROBE_C_START program=LOW
1770380328601006813 PROBE_C_END program=LOW
1770380328803805717 PROBE_C_START program=LOW
1770380328806398944 PROBE_C_END program=LOW
1770380329009202515 PROBE_C_START program=LOW
1770380329011812447 PROBE_C_END program=LOW
1770380329214600424 PROBE_C_START program=LOW
1770380329217133226 PROBE_C_END program=LOW
1770380329419886148 PROBE_C_START program=LOW
1770380329422502042 PROBE_C_END program=LOW
1770380329625265112 PROBE_C_START program=LOW
1770380329627848192 PROBE_C_END program=LOW
1770380329830636021 PROBE_C_START program=LOW
1770380329833192082 PROBE_C_END program=LOW
1770380330035968541 PROBE_C_START program=LOW
1770380330038572732 PROBE_C_END program=LOW
1770380330241522413 PROBE_C_START program=LOW
1770380330244180974 PROBE_C_END program=LOW
1770380330447013859 PROBE_C_START program=LOW
1770380330449597327 PROBE_C_END program=LOW
1770380330652526860 PROBE_C_START program=LOW
1770380330655182773 PROBE_C_END program=LOW
1770380330858181140 PROBE_C_START program=LOW
1770380330860985275 PROBE_C_END program=LOW
1770380331064077753 PROBE_C_START program=LOW
1770380331066721110 PROBE_C_END program=LOW
1770380331269605606 PROBE_C_START program=LOW
1770380331272210963 PROBE_C_END program=LOW
1770380331475043643 PROBE_C_START program=LOW
1770380331477604278 PROBE_C_END program=LOW
1770380331680452014 PROBE_C_START program=LOW
1770380331683023983 PROBE_C_END program=LOW
1770380331885869978 PROBE_C_START program=LOW
1770380331888454761 PROBE_C_END program=LOW
1770380332091334053 PROBE_C_START program=LOW
1770380332093958114 PROBE_C_END program=LOW
1770380332296814016 PROBE_C_START program=LOW
1770380332299419670 PROBE_C_END program=LOW
1770380332502236572 PROBE_C_START program=LOW
1770380332504826300 PROBE_C_END program=LOW
1770380332707641498 PROBE_C_START program=LOW
1770380332710275707 PROBE_C_END program=LOW
1770380332913091924 PROBE_C_START program=LOW
1770380332915718208 PROBE_C_END program=LOW
1770380333118693814 PROBE_C_START program=LOW
1770380333121514505 PROBE_C_END program=LOW
1770380333324388647 PROBE_C_START program=LOW
1770380333327014597 PROBE_C_END program=LOW
1770380333529861443 PROBE_C_START program=LOW
1770380333532448134 PROBE_C_END program=LOW
1770380333735259202 PROBE_C_START program=LOW
1770380333737885300 PROBE_C_END program=LOW
1770380333940724258 PROBE_C_START program=LOW
1770380333943364078 PROBE_C_END program=LOW
1770380334146225720 PROBE_C_START program=LOW
1770380334148850059 PROBE_C_END program=LOW
1770380334351649349 PROBE_C_START program=LOW
1770380334354230373 PROBE_C_END program=LOW
1770380334556995941 PROBE_C_START program=LOW
1770380334559606613 PROBE_C_END program=LOW
1770380334762391607 PROBE_C_START program=LOW
1770380334764956242 PROBE_C_END program=LOW
1770380334967753550 PROBE_C_START program=LOW
1770380334970315185 PROBE_C_END program=LOW
1770380335173108827 PROBE_C_START program=LOW
1770380335175712610 PROBE_C_END program=LOW
1770380335378421640 PROBE_C_START program=LOW
1770380335380989701 PROBE_C_END program=LOW
1770380335583796565 PROBE_C_START program=LOW
1770380335586361756 PROBE_C_END program=LOW
1770380335789126693 PROBE_C_START program=LOW
1770380335791718013 PROBE_C_END program=LOW
1770380335994507099 PROBE_C_START program=LOW
1770380335997055216 PROBE_C_END program=LOW
1770380336199852283 PROBE_C_START program=LOW
1770380336202431288 PROBE_C_END program=LOW
1770380336405228818 PROBE_C_START program=LOW
1770380336407820916 PROBE_C_END program=LOW
1770380336610613224 PROBE_C_START program=LOW
1770380336613155155 PROBE_C_END program=LOW
1770380336815923574 PROBE_C_START program=LOW
1770380336818526024 PROBE_C_END program=LOW
1770380337021301665 PROBE_C_START program=LOW
1770380337023914892 PROBE_C_END program=LOW
1770380337226743237 PROBE_C_START program=LOW
1770380337229301760 PROBE_C_END program=LOW
1770380337432067716 PROBE_C_START program=LOW
1770380337434662166 PROBE_C_END program=LOW
1770380337637452658 PROBE_C_START program=LOW
1770380337639995626 PROBE_C_END program=LOW
1770380337842798878 PROBE_C_START program=LOW
1770380337845344180 PROBE_C_END program=LOW
1770380338048107061 PROBE_C_START program=LOW
1770380338050755844 PROBE_C_END program=LOW
1770380338253566836 PROBE_C_START program=LOW
1770380338256153193 PROBE_C_END program=LOW
1770380338458961315 PROBE_C_START program=LOW
1770380338461499783 PROBE_C_END program=LOW
1770380338664248201 PROBE_C_START program=LOW
1770380338666829632 PROBE_C_END program=LOW
1770380338869625124 PROBE_C_START program=LOW
1770380338872210722 PROBE_C_END program=LOW
1770380339075039381 PROBE_C_START program=LOW
1770380339077580960 PROBE_C_END program=LOW
1770380339280402192 PROBE_C_START program=LOW
1770380339283144013 PROBE_C_END program=LOW
1770380339485936782 PROBE_C_START program=LOW
1770380339488487732 PROBE_C_END program=LOW
1770380339691262668 PROBE_C_START program=LOW
1770380339693846951 PROBE_C_END program=LOW
1770380339896609368 PROBE_C_START program=LOW
1770380339899198892 PROBE_C_END program=LOW
1770380340102016846 PROBE_C_START program=LOW
1770380340104605481 PROBE_C_END program=LOW
1770380340307422621 PROBE_C_START program=LOW
1770380340309995478 PROBE_C_END program=LOW
1770380340512760487 PROBE_C_START program=LOW
1770380340515355141 PROBE_C_END program=LOW
1770380340718165095 PROBE_C_START program=LOW
1770380340720741174 PROBE_C_END program=LOW
1770380340923555036 PROBE_C_START program=LOW
1770380340926127652 PROBE_C_END program=LOW
1770380341128953939 PROBE_C_START program=LOW
1770380341131592056 PROBE_C_END program=LOW
1770380341334422398 PROBE_C_START program=LOW
1770380341336985885 PROBE_C_END program=LOW
1770380341539785061 PROBE_C_START program=LOW
1770380341542355955 PROBE_C_END program=LOW
1770380341745157298 PROBE_C_START program=LOW
1770380341747763655 PROBE_C_END program=LOW
1770380341950634368 PROBE_C_START program=LOW
1770380341953210021 PROBE_C_END program=LOW
1770380342156111642 PROBE_C_START program=LOW
1770380342159184740 PROBE_C_END program=LOW
1770380342362210639 PROBE_C_START program=LOW
1770380342364993107 PROBE_C_END program=LOW
1770380342567935542 PROBE_C_START program=LOW
1770380342570456325 PROBE_C_END program=LOW
1770380342773171167 PROBE_C_START program=LOW
1770380342775726765 PROBE_C_END program=LOW
1770380342978526588 PROBE_C_START program=LOW
1770380342981092390 PROBE_C_END program=LOW
1770380343183893565 PROBE_C_START program=LOW
1770380343186479792 PROBE_C_END program=LOW
1770380343389247319 PROBE_C_START program=LOW
1770380343391788399 PROBE_C_END program=LOW
1770380343594635333 PROBE_C_START program=LOW
1770380343597199264 PROBE_C_END program=LOW
1770380343799949198 PROBE_C_START program=LOW
1770380343802493407 PROBE_C_END program=LOW
1770380344005249397 PROBE_C_START program=LOW
1770380344007853198 PROBE_C_END program=LOW
1770380344210660595 PROBE_C_START program=LOW
1770380344213126304 PROBE_C_END program=LOW
1770380344415858163 PROBE_C_START program=LOW
1770380344418451354 PROBE_C_END program=LOW
1770380344621231121 PROBE_C_START program=LOW
1770380344623832719 PROBE_C_END program=LOW
1770380344826607541 PROBE_C_START program=LOW
1770380344829173787 PROBE_C_END program=LOW
1770380345031958814 PROBE_C_START program=LOW
1770380345034467411 PROBE_C_END program=LOW
1770380345237220011 PROBE_C_START program=LOW
1770380345239798220 PROBE_C_END program=LOW
1770380345442501098 PROBE_C_START program=LOW
1770380345445058047 PROBE_C_END program=LOW
1770380345647848333 PROBE_C_START program=LOW
1770380345650395282 PROBE_C_END program=LOW
1770380345853163419 PROBE_C_START program=LOW
1770380345855755147 PROBE_C_END program=LOW
1770380346058501154 PROBE_C_START program=LOW
1770380346061073381 PROBE_C_END program=LOW
1770380346263908536 PROBE_C_START program=LOW
1770380346266497171 PROBE_C_END program=LOW
1770380346469401475 PROBE_C_START program=LOW
1770380346472033684 PROBE_C_END program=LOW
1770380346674902469 PROBE_C_START program=LOW
1770380346677511659 PROBE_C_END program=LOW
1770380346880362351 PROBE_C_START program=LOW
1770380346882987357 PROBE_C_END program=LOW
1770380347085825401 PROBE_C_START program=LOW
1770380347088429314 PROBE_C_END program=LOW
1770380347291357135 PROBE_C_START program=LOW
1770380347293970863 PROBE_C_END program=LOW
1770380347496790240 PROBE_C_START program=LOW
1770380347499421078 PROBE_C_END program=LOW
1770380347702278603 PROBE_C_START program=LOW
1770380347704865146 PROBE_C_END program=LOW
1770380347907713782 PROBE_C_START program=LOW
1770380347910351991 PROBE_C_END program=LOW
1770380348113235349 PROBE_C_START program=LOW
1770380348115836095 PROBE_C_END program=LOW
1770380348318694898 PROBE_C_START program=LOW
1770380348321292440 PROBE_C_END program=LOW
1770380348524173946 PROBE_C_START program=LOW
1770380348526822285 PROBE_C_END program=LOW
1770380348729642236 PROBE_C_START program=LOW
1770380348732237500 PROBE_C_END program=LOW
1770380348935113766 PROBE_C_START program=LOW
1770380348937733475 PROBE_C_END program=LOW
1770380349140677833 PROBE_C_START program=LOW
1770380349143335560 PROBE_C_END program=LOW
1770380349346198381 PROBE_C_START program=LOW
1770380349348783460 PROBE_C_END program=LOW
1770380349551657947 PROBE_C_START program=LOW
1770380349554286156 PROBE_C_END program=LOW
1770380349757100588 PROBE_C_START program=LOW
1770380349759727149 PROBE_C_END program=LOW
1770380349962621636 PROBE_C_START program=LOW
1770380349965234271 PROBE_C_END program=LOW
1770380350168114980 PROBE_C_START program=LOW
1770380350171238968 PROBE_C_END program=LOW
1770380350374188937 PROBE_C_START program=LOW
1770380350376776220 PROBE_C_END program=LOW
1770380350579644299 PROBE_C_START program=LOW
1770380350582270767 PROBE_C_END program=LOW
1770380350785091921 PROBE_C_START program=LOW
1770380350787724148 PROBE_C_END program=LOW
1770380350990640561 PROBE_C_START program=LOW
1770380350993276715 PROBE_C_END program=LOW
1770380351196167831 PROBE_C_START program=LOW
1770380351198782947 PROBE_C_END program=LOW
1770380351401593526 PROBE_C_START program=LOW
1770380351404185327 PROBE_C_END program=LOW
1770380351607030980 PROBE_C_START program=LOW
1770380351609628282 PROBE_C_END program=LOW
1770380351812487972 PROBE_C_START program=LOW
1770380351815112959 PROBE_C_END program=LOW
1770380352017947778 PROBE_C_START program=LOW
1770380352020570284 PROBE_C_END program=LOW
1770380352223383936 PROBE_C_START program=LOW
1770380352226024812 PROBE_C_END program=LOW
1770380352428974039 PROBE_C_START program=LOW
1770380352431634915 PROBE_C_END program=LOW
1770380352634540678 PROBE_C_START program=LOW
1770380352637111850 PROBE_C_END program=LOW
1770380352839943651 PROBE_C_START program=LOW
1770380352842522193 PROBE_C_END program=LOW
1770380353045343383 PROBE_C_START program=LOW
1770380353048397630 PROBE_C_END program=LOW
1770380353251464060 PROBE_C_START program=LOW
1770380353254316399 PROBE_C_END program=LOW
1770380353457274792 PROBE_C_START program=LOW
1770380353459910316 PROBE_C_END program=LOW
1770380353663018561 PROBE_C_START program=LOW
1770380353665601011 PROBE_C_END program=LOW
1770380353868157773 PROBE_C_START program=LOW
1770380353870298167 PROBE_C_END program=LOW
1770380354072677040 PROBE_C_START program=LOW
1770380354074829637 PROBE_C_END program=LOW
1770380354277350399 PROBE_C_START program=LOW
1770380354279749534 PROBE_C_END program=LOW
1770380354482176795 PROBE_C_START program=LOW
1770380354484073447 PROBE_C_END program=LOW
1770380354686221672 PROBE_C_START program=LOW
1770380354688102990 PROBE_C_END program=LOW
1770380354890194937 PROBE_C_START program=LOW
1770380354892073922 PROBE_C_END program=LOW
