[INFO] Starting Day20 run: 2026-04-05_201702_day20_C_storage_vs_retry
[INFO] CONDITION=C
[INFO] BASE_DIR=/home/observer/project/day20
[INFO] RUN_DIR=/home/observer/project/day20/runs/2026-04-05_201702_day20_C_storage_vs_retry
[INFO] BGIO_FILE=/home/observer/project/day20/scripts/day20_bgio.fio
[INFO] RETRY_TARGET=/home/observer/project/day20/workdir/retry_test
[INFO] RETRIES=5 BUDGET_MS=50
[INFO] ENABLE_INTERVENTION_IO=0
[INFO] N_CYCLES=3 BASELINE_SEC=60 INTERVENTION_SEC=10 R1_SEC=60 R2_SEC=60 POST_SEC=60 HEARTBEAT_HZ=50
[INFO] Heartbeat PID: 45247
[MARK] 1775409422042544776 C_C1_BASELINE_START
=== CONDITION_C_CYCLE_1_START ===
--- BASELINE ---
[MARK] 1775409482046950647 C_C1_BASELINE_END
[MARK] 1775409482047965252 C_C1_INTERVENTION_START
--- INTERVENTION ---
[INFO] Intervention IO disabled for CONDITION=C
[MARK] 1775409492051818424 C_C1_INTERVENTION_END
[MARK] 1775409492052769843 C_C1_RECOVERY_R1_START
--- RECOVERY_R1 ---
[MARK] 1775409552055597215 C_C1_RECOVERY_R1_END
[MARK] 1775409552056576504 C_C1_RECOVERY_R2_START
--- RECOVERY_R2 ---
[INFO] timeout 60s env TARGET=/home/observer/project/day20/workdir/retry_test BUDGET_MS=50 RETRIES=5 bash /home/observer/project/day20/scripts/retry_storm.sh
1775409552062640427 retry_storm_start TARGET=/home/observer/project/day20/workdir/retry_test BUDGET_MS=50 RETRIES=5
1775409557503324808 dt_ms=143 retries=5
1775409562086451704 dt_ms=53 retries=5
1775409564667077457 dt_ms=55 retries=5
1775409567223736743 dt_ms=177 retries=5
1775409574657051726 dt_ms=52 retries=5
1775409575634773993 dt_ms=199 retries=5
1775409576089147666 dt_ms=63 retries=5
1775409578062852083 dt_ms=55 retries=5
1775409584845993981 dt_ms=58 retries=5
1775409585598077782 dt_ms=179 retries=5
1775409586541278181 dt_ms=52 retries=5
1775409592582593158 dt_ms=52 retries=5
1775409594021104563 dt_ms=211 retries=5
1775409602417237286 dt_ms=63 retries=5
1775409603544898223 dt_ms=326 retries=5
[MARK] 1775409612060793299 C_C1_RECOVERY_R2_END
[MARK] 1775409612061679458 C_C1_POSTBASELINE_START
--- POST_BASELINE ---
[MARK] 1775409672064469530 C_C1_POSTBASELINE_END
=== CONDITION_C_CYCLE_1_END ===
[MARK] 1775409672066547258 C_C2_BASELINE_START
=== CONDITION_C_CYCLE_2_START ===
--- BASELINE ---
[MARK] 1775409732070375130 C_C2_BASELINE_END
[MARK] 1775409732071425545 C_C2_INTERVENTION_START
--- INTERVENTION ---
[INFO] Intervention IO disabled for CONDITION=C
[MARK] 1775409742075262875 C_C2_INTERVENTION_END
[MARK] 1775409742076263125 C_C2_RECOVERY_R1_START
--- RECOVERY_R1 ---
[MARK] 1775409802079444063 C_C2_RECOVERY_R1_END
[MARK] 1775409802080486149 C_C2_RECOVERY_R2_START
--- RECOVERY_R2 ---
[INFO] timeout 60s env TARGET=/home/observer/project/day20/workdir/retry_test BUDGET_MS=50 RETRIES=5 bash /home/observer/project/day20/scripts/retry_storm.sh
1775409802087005513 retry_storm_start TARGET=/home/observer/project/day20/workdir/retry_test BUDGET_MS=50 RETRIES=5
1775409802953719582 dt_ms=186 retries=5
1775409811339122844 dt_ms=196 retries=5
1775409811728600279 dt_ms=51 retries=5
1775409818436957301 dt_ms=64 retries=5
1775409819229700185 dt_ms=433 retries=5
1775409822262345294 dt_ms=142 retries=5
1775409831895565836 dt_ms=182 retries=5
1775409835610479527 dt_ms=58 retries=5
1775409836270861768 dt_ms=65 retries=5
1775409840612523610 dt_ms=184 retries=5
1775409841554018363 dt_ms=59 retries=5
1775409842039627562 dt_ms=52 retries=5
1775409852079911021 dt_ms=181 retries=5
1775409855157546510 dt_ms=59 retries=5
1775409859170907082 dt_ms=66 retries=5
1775409860429378059 dt_ms=366 retries=5
[MARK] 1775409862084894363 C_C2_RECOVERY_R2_END
[MARK] 1775409862085832084 C_C2_POSTBASELINE_START
--- POST_BASELINE ---
[MARK] 1775409922088741368 C_C2_POSTBASELINE_END
=== CONDITION_C_CYCLE_2_END ===
[MARK] 1775409922091013236 C_C3_BASELINE_START
=== CONDITION_C_CYCLE_3_START ===
--- BASELINE ---
[MARK] 1775409982094854554 C_C3_BASELINE_END
[MARK] 1775409982095977723 C_C3_INTERVENTION_START
--- INTERVENTION ---
[INFO] Intervention IO disabled for CONDITION=C
[MARK] 1775409992099994632 C_C3_INTERVENTION_END
[MARK] 1775409992100985618 C_C3_RECOVERY_R1_START
--- RECOVERY_R1 ---
[MARK] 1775410052103814491 C_C3_RECOVERY_R1_END
[MARK] 1775410052104855849 C_C3_RECOVERY_R2_START
--- RECOVERY_R2 ---
[INFO] timeout 60s env TARGET=/home/observer/project/day20/workdir/retry_test BUDGET_MS=50 RETRIES=5 bash /home/observer/project/day20/scripts/retry_storm.sh
1775410052111082571 retry_storm_start TARGET=/home/observer/project/day20/workdir/retry_test BUDGET_MS=50 RETRIES=5
1775410057859017433 dt_ms=57 retries=5
1775410058512070624 dt_ms=179 retries=5
1775410059814935101 dt_ms=54 retries=5
1775410061137563596 dt_ms=53 retries=5
1775410069503379505 dt_ms=199 retries=5
1775410073648099477 dt_ms=62 retries=5
1775410074112074370 dt_ms=75 retries=5
1775410078117168040 dt_ms=183 retries=5
1775410086903994513 dt_ms=182 retries=5
1775410089347001893 dt_ms=55 retries=5
1775410089715998033 dt_ms=261 retries=5
1775410093060637664 dt_ms=56 retries=5
1775410097686161649 dt_ms=182 retries=5
1775410098074216064 dt_ms=63 retries=5
1775410106330688528 dt_ms=202 retries=5
[MARK] 1775410112109006705 C_C3_RECOVERY_R2_END
[MARK] 1775410112109968881 C_C3_POSTBASELINE_START
--- POST_BASELINE ---
[MARK] 1775410172113288808 C_C3_POSTBASELINE_END
=== CONDITION_C_CYCLE_3_END ===
[INFO] Day20 run complete: /home/observer/project/day20/runs/2026-04-05_201702_day20_C_storage_vs_retry
[INFO] Cleaning up...
