1773324797540593278 C1_BASELINE_START
1773324857542498803 C1_BASELINE_END
1773324857545643402 C1_INTERVENTION_START
1773325037549996672 C1_INTERVENTION_END
1773325037550886063 C1_RECOVERY_R1_START
1773325217552664815 C1_RECOVERY_R1_END
1773325217553735281 C1_RECOVERY_R2_START
1773325517347161566 C1_RECOVERY_R2_END
1773325517347768567 C1_POSTBASELINE_START
1773325577349356146 C1_POSTBASELINE_END
1773325577351483078 C2_BASELINE_START
1773325637353388085 C2_BASELINE_END
1773325637356437112 C2_INTERVENTION_START
1773325817360688076 C2_INTERVENTION_END
1773325817361608356 C2_RECOVERY_R1_START
1773325997363373848 C2_RECOVERY_R1_END
1773325997364318518 C2_RECOVERY_R2_START
1773326297442972656 C2_RECOVERY_R2_END
1773326297443595103 C2_POSTBASELINE_START
1773326357445198585 C2_POSTBASELINE_END
1773326357447394813 C3_BASELINE_START
1773326417449271748 C3_BASELINE_END
1773326417452454884 C3_INTERVENTION_START
1773326597456942541 C3_INTERVENTION_END
1773326597457906169 C3_RECOVERY_R1_START
1773326777459769633 C3_RECOVERY_R1_END
1773326777460766244 C3_RECOVERY_R2_START
1773327077327103179 C3_RECOVERY_R2_END
1773327077327713734 C3_POSTBASELINE_START
1773327137329294552 C3_POSTBASELINE_END
