1771409178543102782 R2_IDLE_A seconds=60 actions=B_SKELETON
1771409238545060211 SKIP_PROBE_A seconds=60
1771409298546938807 R2_IDLE_B seconds=30 actions=B_SKELETON
1771409328550965928 PROBE_B_START program=low
1771409328554026508 PROBE_B_END program=low
1771409328756828506 PROBE_B_START program=low
1771409328759885271 PROBE_B_END program=low
1771409328962694843 PROBE_B_START program=low
1771409328965780923 PROBE_B_END program=low
1771409329168620551 PROBE_B_START program=low
1771409329171711390 PROBE_B_END program=low
1771409329374514795 PROBE_B_START program=low
1771409329377802395 PROBE_B_END program=low
1771409329580791207 PROBE_B_START program=low
1771409329584077029 PROBE_B_END program=low
1771409329786990693 PROBE_B_START program=low
1771409329790020533 PROBE_B_END program=low
1771409329992790105 PROBE_B_START program=low
1771409329995843777 PROBE_B_END program=low
1771409330198634368 PROBE_B_START program=low
1771409330201647281 PROBE_B_END program=low
1771409330404523983 PROBE_B_START program=low
1771409330407533989 PROBE_B_END program=low
1771409330610339376 PROBE_B_START program=low
1771409330613367715 PROBE_B_END program=low
1771409330816152083 PROBE_B_START program=low
1771409330819162885 PROBE_B_END program=low
1771409331021975661 PROBE_B_START program=low
1771409331025042760 PROBE_B_END program=low
1771409331227834813 PROBE_B_START program=low
1771409331230964041 PROBE_B_END program=low
1771409331433681632 PROBE_B_START program=low
1771409331436562934 PROBE_B_END program=low
1771409331639332098 PROBE_B_START program=low
1771409331642454475 PROBE_B_END program=low
1771409331845248435 PROBE_B_START program=low
1771409331848314478 PROBE_B_END program=low
1771409332051092087 PROBE_B_START program=low
1771409332054193075 PROBE_B_END program=low
1771409332256970591 PROBE_B_START program=low
1771409332260036468 PROBE_B_END program=low
1771409332462820576 PROBE_B_START program=low
1771409332465801101 PROBE_B_END program=low
1771409332668571265 PROBE_B_START program=low
1771409332671637623 PROBE_B_END program=low
1771409332874443825 PROBE_B_START program=low
1771409332877527553 PROBE_B_END program=low
1771409333080361014 PROBE_B_START program=low
1771409333083395446 PROBE_B_END program=low
1771409333286156221 PROBE_B_START program=low
1771409333289235098 PROBE_B_END program=low
1771409333491857391 PROBE_B_START program=low
1771409333494668897 PROBE_B_END program=low
1771409333697396246 PROBE_B_START program=low
1771409333700480771 PROBE_B_END program=low
1771409333903278528 PROBE_B_START program=low
1771409333906397571 PROBE_B_END program=low
1771409334109214810 PROBE_B_START program=low
1771409334112254205 PROBE_B_END program=low
1771409334315052758 PROBE_B_START program=low
1771409334318186431 PROBE_B_END program=low
1771409334520855466 PROBE_B_START program=low
1771409334523656082 PROBE_B_END program=low
1771409334726407858 PROBE_B_START program=low
1771409334729540864 PROBE_B_END program=low
1771409334932361288 PROBE_B_START program=low
1771409334935443034 PROBE_B_END program=low
1771409335138217847 PROBE_B_START program=low
1771409335141381372 PROBE_B_END program=low
1771409335344207944 PROBE_B_START program=low
1771409335347332339 PROBE_B_END program=low
1771409335549969058 PROBE_B_START program=low
1771409335552805601 PROBE_B_END program=low
1771409335755542691 PROBE_B_START program=low
1771409335758677827 PROBE_B_END program=low
1771409335961498825 PROBE_B_START program=low
1771409335964539609 PROBE_B_END program=low
1771409336167336736 PROBE_B_START program=low
1771409336170471316 PROBE_B_END program=low
1771409336373321814 PROBE_B_START program=low
1771409336376357746 PROBE_B_END program=low
1771409336579024095 PROBE_B_START program=low
1771409336581851953 PROBE_B_END program=low
1771409336784675525 PROBE_B_START program=low
1771409336787758994 PROBE_B_END program=low
1771409336990555251 PROBE_B_START program=low
1771409336993628646 PROBE_B_END program=low
1771409337196474792 PROBE_B_START program=low
1771409337199595057 PROBE_B_END program=low
1771409337402421462 PROBE_B_START program=low
1771409337405495376 PROBE_B_END program=low
1771409337608187910 PROBE_B_START program=low
1771409337611073398 PROBE_B_END program=low
1771409337813818451 PROBE_B_START program=low
1771409337816854568 PROBE_B_END program=low
1771409338019657584 PROBE_B_START program=low
1771409338022841924 PROBE_B_END program=low
1771409338225753588 PROBE_B_START program=low
1771409338228868576 PROBE_B_END program=low
1771409338431881685 PROBE_B_START program=low
1771409338435406878 PROBE_B_END program=low
1771409338638392894 PROBE_B_START program=low
1771409338641624326 PROBE_B_END program=low
1771409338844533565 PROBE_B_START program=low
1771409338847697571 PROBE_B_END program=low
1771409339050564495 PROBE_B_START program=low
1771409339053751613 PROBE_B_END program=low
1771409339256605092 PROBE_B_START program=low
1771409339259780432 PROBE_B_END program=low
1771409339462637688 PROBE_B_START program=low
1771409339465808639 PROBE_B_END program=low
1771409339668710211 PROBE_B_START program=low
1771409339671716532 PROBE_B_END program=low
1771409339874609511 PROBE_B_START program=low
1771409339877766407 PROBE_B_END program=low
1771409340080668201 PROBE_B_START program=low
1771409340083817781 PROBE_B_END program=low
1771409340286679020 PROBE_B_START program=low
1771409340289920248 PROBE_B_END program=low
1771409340492831691 PROBE_B_START program=low
1771409340496017067 PROBE_B_END program=low
1771409340698900806 PROBE_B_START program=low
1771409340702012608 PROBE_B_END program=low
1771409340904882866 PROBE_B_START program=low
1771409340908023094 PROBE_B_END program=low
1771409341110931814 PROBE_B_START program=low
1771409341114149432 PROBE_B_END program=low
1771409341317035504 PROBE_B_START program=low
1771409341320180269 PROBE_B_END program=low
1771409341523082489 PROBE_B_START program=low
1771409341526302070 PROBE_B_END program=low
1771409341729072475 PROBE_B_START program=low
1771409341731959017 PROBE_B_END program=low
1771409341934743367 PROBE_B_START program=low
1771409341937963466 PROBE_B_END program=low
1771409342140894464 PROBE_B_START program=low
1771409342144073063 PROBE_B_END program=low
1771409342346983264 PROBE_B_START program=low
1771409342350190511 PROBE_B_END program=low
1771409342553070917 PROBE_B_START program=low
1771409342556305645 PROBE_B_END program=low
1771409342759082606 PROBE_B_START program=low
1771409342762091149 PROBE_B_END program=low
1771409342964890813 PROBE_B_START program=low
1771409342967995745 PROBE_B_END program=low
1771409343170825039 PROBE_B_START program=low
1771409343173989509 PROBE_B_END program=low
1771409343376871914 PROBE_B_START program=low
1771409343380023198 PROBE_B_END program=low
1771409343582861103 PROBE_B_START program=low
1771409343586016572 PROBE_B_END program=low
1771409343788738829 PROBE_B_START program=low
1771409343791629798 PROBE_B_END program=low
1771409343994374128 PROBE_B_START program=low
1771409343997489024 PROBE_B_END program=low
1771409344200348132 PROBE_B_START program=low
1771409344203497324 PROBE_B_END program=low
1771409344406427711 PROBE_B_START program=low
1771409344409560587 PROBE_B_END program=low
1771409344612402752 PROBE_B_START program=low
1771409344615532554 PROBE_B_END program=low
1771409344818192829 PROBE_B_START program=low
1771409344821079261 PROBE_B_END program=low
1771409345023805851 PROBE_B_START program=low
1771409345026945172 PROBE_B_END program=low
1771409345229811707 PROBE_B_START program=low
1771409345232901750 PROBE_B_END program=low
1771409345435720655 PROBE_B_START program=low
1771409345438858717 PROBE_B_END program=low
1771409345641703881 PROBE_B_START program=low
1771409345644739647 PROBE_B_END program=low
1771409345847637996 PROBE_B_START program=low
1771409345850859132 PROBE_B_END program=low
1771409346053738426 PROBE_B_START program=low
1771409346056786988 PROBE_B_END program=low
1771409346259583245 PROBE_B_START program=low
1771409346262717307 PROBE_B_END program=low
1771409346465523082 PROBE_B_START program=low
1771409346468581884 PROBE_B_END program=low
1771409346671395104 PROBE_B_START program=low
1771409346674519481 PROBE_B_END program=low
1771409346877463349 PROBE_B_START program=low
1771409346880624781 PROBE_B_END program=low
1771409347083453075 PROBE_B_START program=low
1771409347086734119 PROBE_B_END program=low
1771409347289739691 PROBE_B_START program=low
1771409347292983919 PROBE_B_END program=low
1771409347495904010 PROBE_B_START program=low
1771409347499013572 PROBE_B_END program=low
1771409347701827310 PROBE_B_START program=low
1771409347704951150 PROBE_B_END program=low
1771409347907600980 PROBE_B_START program=low
1771409347910453023 PROBE_B_END program=low
1771409348113179428 PROBE_B_START program=low
1771409348116201267 PROBE_B_END program=low
1771409348319026635 PROBE_B_START program=low
1771409348322155530 PROBE_B_END program=low
1771409348525018972 PROBE_B_START program=low
1771409348528122867 PROBE_B_END program=low
1771409348730939402 PROBE_B_START program=low
1771409348734071334 PROBE_B_END program=low
1771409348936771109 PROBE_B_START program=low
1771409348939612671 PROBE_B_END program=low
1771409349142369298 PROBE_B_START program=low
1771409349145400156 PROBE_B_END program=low
1771409349348203987 PROBE_B_START program=low
1771409349351287289 PROBE_B_END program=low
1771409349554086175 PROBE_B_START program=low
1771409349557233811 PROBE_B_END program=low
1771409349760045476 PROBE_B_START program=low
1771409349763179889 PROBE_B_END program=low
1771409349965873109 PROBE_B_START program=low
1771409349968809985 PROBE_B_END program=low
1771409350171650501 PROBE_B_START program=low
1771409350174887637 PROBE_B_END program=low
1771409350377939265 PROBE_B_START program=low
1771409350381179346 PROBE_B_END program=low
1771409350584125306 PROBE_B_START program=low
1771409350587316424 PROBE_B_END program=low
1771409350790210181 PROBE_B_START program=low
1771409350793423872 PROBE_B_END program=low
1771409350996212333 PROBE_B_START program=low
1771409350999136005 PROBE_B_END program=low
1771409351201983707 PROBE_B_START program=low
1771409351205263528 PROBE_B_END program=low
1771409351408125081 PROBE_B_START program=low
1771409351411310310 PROBE_B_END program=low
1771409351614218900 PROBE_B_START program=low
1771409351617418092 PROBE_B_END program=low
1771409351820378219 PROBE_B_START program=low
1771409351823529318 PROBE_B_END program=low
1771409352026484094 PROBE_B_START program=low
1771409352029707378 PROBE_B_END program=low
1771409352232648579 PROBE_B_START program=low
1771409352235825512 PROBE_B_END program=low
1771409352438685398 PROBE_B_START program=low
1771409352441902905 PROBE_B_END program=low
1771409352644852643 PROBE_B_START program=low
1771409352647983390 PROBE_B_END program=low
1771409352850912351 PROBE_B_START program=low
1771409352854130580 PROBE_B_END program=low
1771409353057065281 PROBE_B_START program=low
1771409353060142232 PROBE_B_END program=low
1771409353263126507 PROBE_B_START program=low
1771409353266354569 PROBE_B_END program=low
1771409353469290067 PROBE_B_START program=low
1771409353472480981 PROBE_B_END program=low
1771409353675381682 PROBE_B_START program=low
1771409353678596559 PROBE_B_END program=low
1771409353881512001 PROBE_B_START program=low
1771409353884655433 PROBE_B_END program=low
1771409354087675561 PROBE_B_START program=low
1771409354090902586 PROBE_B_END program=low
1771409354293890177 PROBE_B_START program=low
1771409354297101739 PROBE_B_END program=low
1771409354500025755 PROBE_B_START program=low
1771409354503256187 PROBE_B_END program=low
1771409354706206463 PROBE_B_START program=low
1771409354709468117 PROBE_B_END program=low
1771409354912382578 PROBE_B_START program=low
1771409354915576158 PROBE_B_END program=low
1771409355118603916 PROBE_B_START program=low
1771409355121804885 PROBE_B_END program=low
1771409355324755623 PROBE_B_START program=low
1771409355327935963 PROBE_B_END program=low
1771409355530898517 PROBE_B_START program=low
1771409355534303931 PROBE_B_END program=low
1771409355737384651 PROBE_B_START program=low
1771409355740612398 PROBE_B_END program=low
1771409355943500081 PROBE_B_START program=low
1771409355946494124 PROBE_B_END program=low
1771409356149128343 PROBE_B_START program=low
1771409356151857830 PROBE_B_END program=low
1771409356354516142 PROBE_B_START program=low
1771409356357456852 PROBE_B_END program=low
1771409356560254664 PROBE_B_START program=low
1771409356563312189 PROBE_B_END program=low
1771409356766096390 PROBE_B_START program=low
1771409356769181915 PROBE_B_END program=low
1771409356971936560 PROBE_B_START program=low
1771409356974982455 PROBE_B_END program=low
1771409357177909008 PROBE_B_START program=low
1771409357181064311 PROBE_B_END program=low
1771409357383874049 PROBE_B_START program=low
1771409357387011000 PROBE_B_END program=low
1771409357589870405 PROBE_B_START program=low
1771409357592952022 PROBE_B_END program=low
1771409357795751334 PROBE_B_START program=low
1771409357798874452 PROBE_B_END program=low
1771409358001634338 PROBE_B_START program=low
1771409358004702326 PROBE_B_END program=low
1771409358207336712 PROBE_B_START program=low
1771409358210202329 PROBE_B_END program=low
1771409358412923678 PROBE_B_START program=low
1771409358415949665 PROBE_B_END program=low
1771409358618714107 PROBE_B_START program=low
1771409358621815798 PROBE_B_END program=low
1771409358824642351 PROBE_B_START program=low
1771409358827690635 PROBE_B_END program=low
1771409359030456799 PROBE_B_START program=low
1771409359033519213 PROBE_B_END program=low
1771409359236169673 PROBE_B_START program=low
1771409359239005919 PROBE_B_END program=low
1771409359441708731 PROBE_B_START program=low
1771409359444726737 PROBE_B_END program=low
1771409359647509439 PROBE_B_START program=low
1771409359650652334 PROBE_B_END program=low
1771409359853428887 PROBE_B_START program=low
1771409359856504152 PROBE_B_END program=low
1771409360059267464 PROBE_B_START program=low
1771409360062379970 PROBE_B_END program=low
1771409360265302301 PROBE_B_START program=low
1771409360268411048 PROBE_B_END program=low
1771409360471121823 PROBE_B_START program=low
1771409360474103681 PROBE_B_END program=low
1771409360676911957 PROBE_B_START program=low
1771409360679946426 PROBE_B_END program=low
1771409360882768256 PROBE_B_START program=low
1771409360885864725 PROBE_B_END program=low
1771409361088722742 PROBE_B_START program=low
1771409361091820637 PROBE_B_END program=low
1771409361294705542 PROBE_B_START program=low
1771409361297882622 PROBE_B_END program=low
1771409361500765175 PROBE_B_START program=low
1771409361503862848 PROBE_B_END program=low
1771409361706680642 PROBE_B_START program=low
1771409361709828833 PROBE_B_END program=low
1771409361912671164 PROBE_B_START program=low
1771409361915802448 PROBE_B_END program=low
1771409362118577334 PROBE_B_START program=low
1771409362121682822 PROBE_B_END program=low
1771409362324634746 PROBE_B_START program=low
1771409362327739196 PROBE_B_END program=low
1771409362530585786 PROBE_B_START program=low
1771409362533692515 PROBE_B_END program=low
1771409362736570772 PROBE_B_START program=low
1771409362739612685 PROBE_B_END program=low
1771409362942411812 PROBE_B_START program=low
1771409362945507707 PROBE_B_END program=low
1771409363148363853 PROBE_B_START program=low
1771409363151430563 PROBE_B_END program=low
1771409363354311894 PROBE_B_START program=low
1771409363357467622 PROBE_B_END program=low
1771409363560346083 PROBE_B_START program=low
1771409363563472163 PROBE_B_END program=low
1771409363766309883 PROBE_B_START program=low
1771409363769404000 PROBE_B_END program=low
1771409363972273720 PROBE_B_START program=low
1771409363975392818 PROBE_B_END program=low
1771409364178205649 PROBE_B_START program=low
1771409364181295303 PROBE_B_END program=low
1771409364384261968 PROBE_B_START program=low
1771409364387371196 PROBE_B_END program=low
1771409364590042045 PROBE_B_START program=low
1771409364593235033 PROBE_B_END program=low
1771409364796312939 PROBE_B_START program=low
1771409364799400315 PROBE_B_END program=low
1771409365002206387 PROBE_B_START program=low
1771409365005185800 PROBE_B_END program=low
1771409365207950779 PROBE_B_START program=low
1771409365211041970 PROBE_B_END program=low
1771409365413647911 PROBE_B_START program=low
1771409365416429361 PROBE_B_END program=low
1771409365619132285 PROBE_B_START program=low
1771409365622296050 PROBE_B_END program=low
1771409365825154085 PROBE_B_START program=low
1771409365828208165 PROBE_B_END program=low
1771409366031115681 PROBE_B_START program=low
1771409366034254021 PROBE_B_END program=low
1771409366237113759 PROBE_B_START program=low
1771409366240193061 PROBE_B_END program=low
1771409366443091225 PROBE_B_START program=low
1771409366445992824 PROBE_B_END program=low
1771409366648828155 PROBE_B_START program=low
1771409366651962216 PROBE_B_END program=low
1771409366854758621 PROBE_B_START program=low
1771409366857889479 PROBE_B_END program=low
1771409367060707180 PROBE_B_START program=low
1771409367063781872 PROBE_B_END program=low
1771409367266539369 PROBE_B_START program=low
1771409367269628708 PROBE_B_END program=low
1771409367472437650 PROBE_B_START program=low
1771409367475387452 PROBE_B_END program=low
1771409367678149635 PROBE_B_START program=low
1771409367681257400 PROBE_B_END program=low
1771409367884063972 PROBE_B_START program=low
1771409367887147978 PROBE_B_END program=low
1771409368089923012 PROBE_B_START program=low
1771409368093048482 PROBE_B_END program=low
1771409368295867386 PROBE_B_START program=low
1771409368298957411 PROBE_B_END program=low
1771409368501864760 PROBE_B_START program=low
1771409368505024174 PROBE_B_END program=low
1771409368707851394 PROBE_B_START program=low
1771409368710979882 PROBE_B_END program=low
1771409368913760027 PROBE_B_START program=low
1771409368916828089 PROBE_B_END program=low
1771409369119641179 PROBE_B_START program=low
1771409369122756444 PROBE_B_END program=low
1771409369325555682 PROBE_B_START program=low
1771409369328612318 PROBE_B_END program=low
1771409369531513371 PROBE_B_START program=low
1771409369534666303 PROBE_B_END program=low
1771409369737488004 PROBE_B_START program=low
1771409369740534770 PROBE_B_END program=low
1771409369943292174 PROBE_B_START program=low
1771409369946407292 PROBE_B_END program=low
1771409370149217752 PROBE_B_START program=low
1771409370152259888 PROBE_B_END program=low
1771409370355083848 PROBE_B_START program=low
1771409370358205150 PROBE_B_END program=low
1771409370561152333 PROBE_B_START program=low
1771409370564276562 PROBE_B_END program=low
1771409370767100041 PROBE_B_START program=low
1771409370770233806 PROBE_B_END program=low
1771409370972976303 PROBE_B_START program=low
1771409370976059291 PROBE_B_END program=low
1771409371178900733 PROBE_B_START program=low
1771409371182095239 PROBE_B_END program=low
1771409371384927162 PROBE_B_START program=low
1771409371387997928 PROBE_B_END program=low
1771409371590858981 PROBE_B_START program=low
1771409371593974987 PROBE_B_END program=low
1771409371796836077 PROBE_B_START program=low
1771409371799926991 PROBE_B_END program=low
1771409372002734821 PROBE_B_START program=low
1771409372005835457 PROBE_B_END program=low
1771409372208728714 PROBE_B_START program=low
1771409372211857590 PROBE_B_END program=low
1771409372414671829 PROBE_B_START program=low
1771409372417790113 PROBE_B_END program=low
1771409372620701684 PROBE_B_START program=low
1771409372623820764 PROBE_B_END program=low
1771409372826632965 PROBE_B_START program=low
1771409372829756435 PROBE_B_END program=low
1771409373032601654 PROBE_B_START program=low
1771409373035704142 PROBE_B_END program=low
1771409373238516361 PROBE_B_START program=low
1771409373241720683 PROBE_B_END program=low
1771409373444877273 PROBE_B_START program=low
1771409373448257447 PROBE_B_END program=low
1771409373651398241 PROBE_B_START program=low
1771409373654331710 PROBE_B_END program=low
1771409373857122837 PROBE_B_START program=low
1771409373860253584 PROBE_B_END program=low
1771409374063144211 PROBE_B_START program=low
1771409374066368662 PROBE_B_END program=low
1771409374269240733 PROBE_B_START program=low
1771409374272462925 PROBE_B_END program=low
1771409374475326996 PROBE_B_START program=low
1771409374478553966 PROBE_B_END program=low
1771409374681445500 PROBE_B_START program=low
1771409374684525747 PROBE_B_END program=low
1771409374887436874 PROBE_B_START program=low
1771409374890660121 PROBE_B_END program=low
1771409375093549767 PROBE_B_START program=low
1771409375096725459 PROBE_B_END program=low
1771409375299633012 PROBE_B_START program=low
1771409375302806592 PROBE_B_END program=low
1771409375505685367 PROBE_B_START program=low
1771409375508931485 PROBE_B_END program=low
1771409375711892223 PROBE_B_START program=low
1771409375715092933 PROBE_B_END program=low
1771409375918034005 PROBE_B_START program=low
1771409375921234307 PROBE_B_END program=low
1771409376124137120 PROBE_B_START program=low
1771409376127261811 PROBE_B_END program=low
1771409376330140160 PROBE_B_START program=low
1771409376333310556 PROBE_B_END program=low
1771409376536210516 PROBE_B_START program=low
1771409376539386115 PROBE_B_END program=low
1771409376742539780 PROBE_B_START program=low
1771409376745788397 PROBE_B_END program=low
1771409376948754710 PROBE_B_START program=low
1771409376951940346 PROBE_B_END program=low
1771409377154812102 PROBE_B_START program=low
1771409377158022646 PROBE_B_END program=low
1771409377360906180 PROBE_B_START program=low
1771409377364063983 PROBE_B_END program=low
1771409377566971202 PROBE_B_START program=low
1771409377570223505 PROBE_B_END program=low
1771409377773639059 PROBE_B_START program=low
1771409377776954529 PROBE_B_END program=low
1771409377979816137 PROBE_B_START program=low
1771409377983014421 PROBE_B_END program=low
1771409378185985178 PROBE_B_START program=low
1771409378189199166 PROBE_B_END program=low
1771409378392134886 PROBE_B_START program=low
1771409378395322096 PROBE_B_END program=low
1771409378598217945 PROBE_B_START program=low
1771409378601421859 PROBE_B_END program=low
1771409378804524209 PROBE_B_START program=low
1771409378808590013 PROBE_B_END program=low
1771409379011544566 PROBE_B_START program=low
1771409379014759054 PROBE_B_END program=low
1771409379217651774 PROBE_B_START program=low
1771409379220930206 PROBE_B_END program=low
1771409379423856278 PROBE_B_START program=low
1771409379427055210 PROBE_B_END program=low
1771409379629930059 PROBE_B_START program=low
1771409379633128418 PROBE_B_END program=low
1771409379836091693 PROBE_B_START program=low
1771409379839707552 PROBE_B_END program=low
1771409380042640642 PROBE_B_START program=low
1771409380045862334 PROBE_B_END program=low
1771409380248855424 PROBE_B_START program=low
1771409380252023393 PROBE_B_END program=low
1771409380455057632 PROBE_B_START program=low
1771409380458318842 PROBE_B_END program=low
1771409380661250228 PROBE_B_START program=low
1771409380664469531 PROBE_B_END program=low
1771409380867400232 PROBE_B_START program=low
1771409380870981202 PROBE_B_END program=low
1771409381073938459 PROBE_B_START program=low
1771409381077151039 PROBE_B_END program=low
1771409381280076426 PROBE_B_START program=low
1771409381283553099 PROBE_B_END program=low
1771409381486622134 PROBE_B_START program=low
1771409381489995696 PROBE_B_END program=low
1771409381692994416 PROBE_B_START program=low
1771409381696195200 PROBE_B_END program=low
1771409381899107290 PROBE_B_START program=low
1771409381902293315 PROBE_B_END program=low
1771409382105311368 PROBE_B_START program=low
1771409382108228393 PROBE_B_END program=low
1771409382311059186 PROBE_B_START program=low
1771409382314237841 PROBE_B_END program=low
1771409382517150894 PROBE_B_START program=low
1771409382520401845 PROBE_B_END program=low
1771409382723267361 PROBE_B_START program=low
1771409382726452719 PROBE_B_END program=low
1771409382930303218 PROBE_B_START program=low
1771409382933636114 PROBE_B_END program=low
1771409383136601111 PROBE_B_START program=low
1771409383139766470 PROBE_B_END program=low
1771409383342644726 PROBE_B_START program=low
1771409383345858492 PROBE_B_END program=low
1771409383548806378 PROBE_B_START program=low
1771409383552024977 PROBE_B_END program=low
1771409383755015678 PROBE_B_START program=low
1771409383758225611 PROBE_B_END program=low
1771409383961210590 PROBE_B_START program=low
1771409383964434763 PROBE_B_END program=low
1771409384167257649 PROBE_B_START program=low
1771409384170166562 PROBE_B_END program=low
1771409384373045356 PROBE_B_START program=low
1771409384376278751 PROBE_B_END program=low
1771409384579225934 PROBE_B_START program=low
1771409384582448811 PROBE_B_END program=low
1771409384785356752 PROBE_B_START program=low
1771409384788515796 PROBE_B_END program=low
1771409384991528201 PROBE_B_START program=low
1771409384994771041 PROBE_B_END program=low
1771409385197705964 PROBE_B_START program=low
1771409385200924952 PROBE_B_END program=low
1771409385403844727 PROBE_B_START program=low
1771409385407106548 PROBE_B_END program=low
1771409385609977805 PROBE_B_START program=low
1771409385613182700 PROBE_B_END program=low
1771409385816047679 PROBE_B_START program=low
1771409385819240333 PROBE_B_END program=low
1771409386022409683 PROBE_B_START program=low
1771409386025621227 PROBE_B_END program=low
1771409386228567743 PROBE_B_START program=low
1771409386231767119 PROBE_B_END program=low
1771409386434792339 PROBE_B_START program=low
1771409386438015660 PROBE_B_END program=low
1771409386641007936 PROBE_B_START program=low
1771409386644216961 PROBE_B_END program=low
1771409386847142606 PROBE_B_START program=low
1771409386850334946 PROBE_B_END program=low
1771409387053522611 PROBE_B_START program=low
1771409387056784802 PROBE_B_END program=low
1771409387259635651 PROBE_B_START program=low
1771409387262697176 PROBE_B_END program=low
1771409387465611618 PROBE_B_START program=low
1771409387468813494 PROBE_B_END program=low
1771409387671727992 PROBE_B_START program=low
1771409387674920332 PROBE_B_END program=low
1771409387877814773 PROBE_B_START program=low
1771409387881046095 PROBE_B_END program=low
1771409388084321037 R2_IDLE_C seconds=30 actions=B_SKELETON
1771409418086582398 SKIP_PROBE_C seconds=60
