1771024829043377414 R2_IDLE_A seconds=60 actions=A
1771024889046886160 PROBE_A_START program=low
1771024889057912955 PROBE_A_END program=low
1771024889260535501 PROBE_A_START program=low
1771024889273062888 PROBE_A_END program=low
1771024889475849212 PROBE_A_START program=low
1771024889487798655 PROBE_A_END program=low
1771024889690477627 PROBE_A_START program=low
1771024889702443311 PROBE_A_END program=low
1771024889905137301 PROBE_A_START program=low
1771024889917015948 PROBE_A_END program=low
1771024890119631365 PROBE_A_START program=low
1771024890131079974 PROBE_A_END program=low
1771024890333723447 PROBE_A_START program=low
1771024890345599853 PROBE_A_END program=low
1771024890548297122 PROBE_A_START program=low
1771024890561237583 PROBE_A_END program=low
1771024890763874019 PROBE_A_START program=low
1771024890775775925 PROBE_A_END program=low
1771024890978446824 PROBE_A_START program=low
1771024890990296174 PROBE_A_END program=low
1771024891192929499 PROBE_A_START program=low
1771024891204276813 PROBE_A_END program=low
1771024891406890879 PROBE_A_START program=low
1771024891419399544 PROBE_A_END program=low
1771024891622102369 PROBE_A_START program=low
1771024891633970646 PROBE_A_END program=low
1771024891836646564 PROBE_A_START program=low
1771024891848650006 PROBE_A_END program=low
1771024892051463480 PROBE_A_START program=low
1771024892064741627 PROBE_A_END program=low
1771024892267453286 PROBE_A_START program=low
1771024892279283933 PROBE_A_END program=low
1771024892481956777 PROBE_A_START program=low
1771024892493843368 PROBE_A_END program=low
1771024892696526694 PROBE_A_START program=low
1771024892708390026 PROBE_A_END program=low
1771024892911061982 PROBE_A_START program=low
1771024892922875740 PROBE_A_END program=low
1771024893125622140 PROBE_A_START program=low
1771024893137434046 PROBE_A_END program=low
1771024893340150114 PROBE_A_START program=low
1771024893352972760 PROBE_A_END program=low
1771024893555631587 PROBE_A_START program=low
1771024893567528919 PROBE_A_END program=low
1771024893770581764 PROBE_A_START program=low
1771024893782451559 PROBE_A_END program=low
1771024893985163108 PROBE_A_START program=low
1771024893996981551 PROBE_A_END program=low
1771024894199579360 PROBE_A_START program=low
1771024894210972359 PROBE_A_END program=low
1771024894413709575 PROBE_A_START program=low
1771024894425644611 PROBE_A_END program=low
1771024894628494753 PROBE_A_START program=low
1771024894640418973 PROBE_A_END program=low
1771024894843163486 PROBE_A_START program=low
1771024894855106411 PROBE_A_END program=low
1771024895057865609 PROBE_A_START program=low
1771024895069763848 PROBE_A_END program=low
1771024895272383954 PROBE_A_START program=low
1771024895283691768 PROBE_A_END program=low
1771024895486500263 PROBE_A_START program=low
1771024895498803206 PROBE_A_END program=low
1771024895701576682 PROBE_A_START program=low
1771024895713514940 PROBE_A_END program=low
1771024895916254953 PROBE_A_START program=low
1771024895928142581 PROBE_A_END program=low
1771024896130875077 PROBE_A_START program=low
1771024896142792335 PROBE_A_END program=low
1771024896345548497 PROBE_A_START program=low
1771024896357549162 PROBE_A_END program=low
1771024896560311973 PROBE_A_START program=low
1771024896572210230 PROBE_A_END program=low
1771024896774969578 PROBE_A_START program=low
1771024896786947095 PROBE_A_END program=low
1771024896989709165 PROBE_A_START program=low
1771024897001717941 PROBE_A_END program=low
1771024897204929919 PROBE_A_START program=low
1771024897217066603 PROBE_A_END program=low
1771024897419993877 PROBE_A_START program=low
1771024897432383968 PROBE_A_END program=low
1771024897635140557 PROBE_A_START program=low
1771024897651884592 PROBE_A_END program=low
1771024897854566773 PROBE_A_START program=low
1771024897866440142 PROBE_A_END program=low
1771024898069131398 PROBE_A_START program=low
1771024898080967452 PROBE_A_END program=low
1771024898283651097 PROBE_A_START program=low
1771024898295085133 PROBE_A_END program=low
1771024898497729945 PROBE_A_START program=low
1771024898509537851 PROBE_A_END program=low
1771024898712237644 PROBE_A_START program=low
1771024898724017421 PROBE_A_END program=low
1771024898926671103 PROBE_A_START program=low
1771024898938626713 PROBE_A_END program=low
1771024899141332433 PROBE_A_START program=low
1771024899153505524 PROBE_A_END program=low
1771024899356626170 PROBE_A_START program=low
1771024899368459243 PROBE_A_END program=low
1771024899571050259 PROBE_A_START program=low
1771024899582916887 PROBE_A_END program=low
1771024899785603311 PROBE_A_START program=low
1771024899797462958 PROBE_A_END program=low
1771024900000134789 PROBE_A_START program=low
1771024900012037621 PROBE_A_END program=low
1771024900214700619 PROBE_A_START program=low
1771024900226631618 PROBE_A_END program=low
1771024900429181302 PROBE_A_START program=low
1771024900440251652 PROBE_A_END program=low
1771024900642848743 PROBE_A_START program=low
1771024900654728927 PROBE_A_END program=low
1771024900857461852 PROBE_A_START program=low
1771024900869381184 PROBE_A_END program=low
1771024901072094960 PROBE_A_START program=low
1771024901084005366 PROBE_A_END program=low
1771024901286654977 PROBE_A_START program=low
1771024901299428605 PROBE_A_END program=low
1771024901502072215 PROBE_A_START program=low
1771024901513865603 PROBE_A_END program=low
1771024901716544731 PROBE_A_START program=low
1771024901728442304 PROBE_A_END program=low
1771024901931099840 PROBE_A_START program=low
1771024901942921136 PROBE_A_END program=low
1771024902145571746 PROBE_A_START program=low
1771024902157333393 PROBE_A_END program=low
1771024902361070930 PROBE_A_START program=low
1771024902375113466 PROBE_A_END program=low
1771024902577876151 PROBE_A_START program=low
1771024902589725113 PROBE_A_END program=low
1771024902792405927 PROBE_A_START program=low
1771024902804284333 PROBE_A_END program=low
1771024903006948055 PROBE_A_START program=low
1771024903018837851 PROBE_A_END program=low
1771024903221590832 PROBE_A_START program=low
1771024903234481498 PROBE_A_END program=low
1771024903437244535 PROBE_A_START program=low
1771024903448374942 PROBE_A_END program=low
1771024903651043961 PROBE_A_START program=low
1771024903662992071 PROBE_A_END program=low
1771024903865797479 PROBE_A_START program=low
1771024903877610589 PROBE_A_END program=low
1771024904080317201 PROBE_A_START program=low
1771024904092203218 PROBE_A_END program=low
1771024904294931886 PROBE_A_START program=low
1771024904306770385 PROBE_A_END program=low
1771024904509371960 PROBE_A_START program=low
1771024904520471459 PROBE_A_END program=low
1771024904723083627 PROBE_A_START program=low
1771024904734533163 PROBE_A_END program=low
1771024904937264868 PROBE_A_START program=low
1771024904949105867 PROBE_A_END program=low
1771024905151906813 PROBE_A_START program=low
1771024905163789941 PROBE_A_END program=low
1771024905366807295 PROBE_A_START program=low
1771024905379351201 PROBE_A_END program=low
1771024905582080388 PROBE_A_START program=low
1771024905593503906 PROBE_A_END program=low
1771024905796282167 PROBE_A_START program=low
1771024905808238759 PROBE_A_END program=low
1771024906011003557 PROBE_A_START program=low
1771024906022930111 PROBE_A_END program=low
1771024906225710040 PROBE_A_START program=low
1771024906237590835 PROBE_A_END program=low
1771024906440330578 PROBE_A_START program=low
1771024906452223448 PROBE_A_END program=low
1771024906654862339 PROBE_A_START program=low
1771024906666294338 PROBE_A_END program=low
1771024906868860896 PROBE_A_START program=low
1771024906880289895 PROBE_A_END program=low
1771024907083007769 PROBE_A_START program=low
1771024907094868360 PROBE_A_END program=low
1771024907297648493 PROBE_A_START program=low
1771024907310328640 PROBE_A_END program=low
1771024907513198403 PROBE_A_START program=low
1771024907528491957 PROBE_A_END program=low
1771024907731430608 PROBE_A_START program=low
1771024907743548867 PROBE_A_END program=low
1771024907946203148 PROBE_A_START program=low
1771024907958090387 PROBE_A_END program=low
1771024908160749169 PROBE_A_START program=low
1771024908172670594 PROBE_A_END program=low
1771024908375345376 PROBE_A_START program=low
1771024908387281041 PROBE_A_END program=low
1771024908590009027 PROBE_A_START program=low
1771024908602095563 PROBE_A_END program=low
1771024908804804974 PROBE_A_START program=low
1771024908816771584 PROBE_A_END program=low
1771024909019459236 PROBE_A_START program=low
1771024909031410976 PROBE_A_END program=low
1771024909234089333 PROBE_A_START program=low
1771024909246817258 PROBE_A_END program=low
1771024909449504170 PROBE_A_START program=low
1771024909461501391 PROBE_A_END program=low
1771024909664114062 PROBE_A_START program=low
1771024909675566413 PROBE_A_END program=low
1771024909878191622 PROBE_A_START program=low
1771024909890166065 PROBE_A_END program=low
1771024910092812848 PROBE_A_START program=low
1771024910104657791 PROBE_A_END program=low
1771024910307351223 PROBE_A_START program=low
1771024910319255000 PROBE_A_END program=low
1771024910521921338 PROBE_A_START program=low
1771024910533799930 PROBE_A_END program=low
1771024910736364602 PROBE_A_START program=low
1771024910747440194 PROBE_A_END program=low
1771024910950031310 PROBE_A_START program=low
1771024910961879346 PROBE_A_END program=low
1771024911164589241 PROBE_A_START program=low
1771024911177518092 PROBE_A_END program=low
1771024911380469042 PROBE_A_START program=low
1771024911392454764 PROBE_A_END program=low
1771024911595091825 PROBE_A_START program=low
1771024911606978954 PROBE_A_END program=low
1771024911809675904 PROBE_A_START program=low
1771024911821620237 PROBE_A_END program=low
1771024912024283465 PROBE_A_START program=low
1771024912036254742 PROBE_A_END program=low
1771024912238890916 PROBE_A_START program=low
1771024912250729341 PROBE_A_END program=low
1771024912453396810 PROBE_A_START program=low
1771024912465175328 PROBE_A_END program=low
1771024912667803168 PROBE_A_START program=low
1771024912679686260 PROBE_A_END program=low
1771024912882469618 PROBE_A_START program=low
1771024912893941284 PROBE_A_END program=low
1771024913096573384 PROBE_A_START program=low
1771024913108414717 PROBE_A_END program=low
1771024913311191594 PROBE_A_START program=low
1771024913323768093 PROBE_A_END program=low
1771024913526402508 PROBE_A_START program=low
1771024913538249507 PROBE_A_END program=low
1771024913743923644 PROBE_A_START program=low
1771024913756095403 PROBE_A_END program=low
1771024913958768836 PROBE_A_START program=low
1771024913970672317 PROBE_A_END program=low
1771024914173335714 PROBE_A_START program=low
1771024914185206805 PROBE_A_END program=low
1771024914387839943 PROBE_A_START program=low
1771024914399672368 PROBE_A_END program=low
1771024914602300821 PROBE_A_START program=low
1771024914614148931 PROBE_A_END program=low
1771024914816912884 PROBE_A_START program=low
1771024914828779253 PROBE_A_END program=low
1771024915031442446 PROBE_A_START program=low
1771024915043466261 PROBE_A_END program=low
1771024915246166658 PROBE_A_START program=low
1771024915258546139 PROBE_A_END program=low
1771024915461217333 PROBE_A_START program=low
1771024915473270369 PROBE_A_END program=low
1771024915675963508 PROBE_A_START program=low
1771024915687921100 PROBE_A_END program=low
1771024915890497608 PROBE_A_START program=low
1771024915901894071 PROBE_A_END program=low
1771024916104497857 PROBE_A_START program=low
1771024916116505597 PROBE_A_END program=low
1771024916319185903 PROBE_A_START program=low
1771024916330970995 PROBE_A_END program=low
1771024916533632300 PROBE_A_START program=low
1771024916545497726 PROBE_A_END program=low
1771024916748220420 PROBE_A_START program=low
1771024916760212679 PROBE_A_END program=low
1771024916962842262 PROBE_A_START program=low
1771024916974324021 PROBE_A_END program=low
1771024917176929679 PROBE_A_START program=low
1771024917189440197 PROBE_A_END program=low
1771024917392083577 PROBE_A_START program=low
1771024917403961688 PROBE_A_END program=low
1771024917606606661 PROBE_A_START program=low
1771024917618498938 PROBE_A_END program=low
1771024917821199152 PROBE_A_START program=low
1771024917832982633 PROBE_A_END program=low
1771024918035671347 PROBE_A_START program=low
1771024918047588550 PROBE_A_END program=low
1771024918250263079 PROBE_A_START program=low
1771024918262198301 PROBE_A_END program=low
1771024918464866034 PROBE_A_START program=low
1771024918476723255 PROBE_A_END program=low
1771024918679434673 PROBE_A_START program=low
1771024918691397062 PROBE_A_END program=low
1771024918896953980 PROBE_A_START program=low
1771024918910234238 PROBE_A_END program=low
1771024919112877527 PROBE_A_START program=low
1771024919125730360 PROBE_A_END program=low
1771024919328421908 PROBE_A_START program=low
1771024919340421056 PROBE_A_END program=low
1771024919543072290 PROBE_A_START program=low
1771024919554948678 PROBE_A_END program=low
1771024919757604023 PROBE_A_START program=low
1771024919769503319 PROBE_A_END program=low
1771024919972191645 PROBE_A_START program=low
1771024919983635348 PROBE_A_END program=low
1771024920186271249 PROBE_A_START program=low
1771024920198130989 PROBE_A_END program=low
1771024920400816408 PROBE_A_START program=low
1771024920412729556 PROBE_A_END program=low
1771024920615448716 PROBE_A_START program=low
1771024920627455494 PROBE_A_END program=low
1771024920830142061 PROBE_A_START program=low
1771024920841910079 PROBE_A_END program=low
1771024921044603295 PROBE_A_START program=low
1771024921056190517 PROBE_A_END program=low
1771024921258809252 PROBE_A_START program=low
1771024921271879548 PROBE_A_END program=low
1771024921474559431 PROBE_A_START program=low
1771024921486548579 PROBE_A_END program=low
1771024921689262832 PROBE_A_START program=low
1771024921701194795 PROBE_A_END program=low
1771024921903819826 PROBE_A_START program=low
1771024921915633399 PROBE_A_END program=low
1771024922118252098 PROBE_A_START program=low
1771024922129641375 PROBE_A_END program=low
1771024922332201870 PROBE_A_START program=low
1771024922343692240 PROBE_A_END program=low
1771024922546335716 PROBE_A_START program=low
1771024922558122197 PROBE_A_END program=low
1771024922760775970 PROBE_A_START program=low
1771024922772666007 PROBE_A_END program=low
1771024922975342279 PROBE_A_START program=low
1771024922987246538 PROBE_A_END program=low
1771024923189789015 PROBE_A_START program=low
1771024923201907533 PROBE_A_END program=low
1771024923404573269 PROBE_A_START program=low
1771024923416464658 PROBE_A_END program=low
1771024923619134061 PROBE_A_START program=low
1771024923631107912 PROBE_A_END program=low
1771024923833793723 PROBE_A_START program=low
1771024923845773352 PROBE_A_END program=low
1771024924049169403 PROBE_A_START program=low
1771024924062104736 PROBE_A_END program=low
1771024924264820917 PROBE_A_START program=low
1771024924276613195 PROBE_A_END program=low
1771024924479316562 PROBE_A_START program=low
1771024924491194061 PROBE_A_END program=low
1771024924693863557 PROBE_A_START program=low
1771024924705726353 PROBE_A_END program=low
1771024924908401164 PROBE_A_START program=low
1771024924920257627 PROBE_A_END program=low
1771024925122986235 PROBE_A_START program=low
1771024925135355697 PROBE_A_END program=low
1771024925338121583 PROBE_A_START program=low
1771024925350191490 PROBE_A_END program=low
1771024925552866894 PROBE_A_START program=low
1771024925564768579 PROBE_A_END program=low
1771024925767462798 PROBE_A_START program=low
1771024925779399965 PROBE_A_END program=low
1771024925982063462 PROBE_A_START program=low
1771024925993930017 PROBE_A_END program=low
1771024926196459699 PROBE_A_START program=low
1771024926207526607 PROBE_A_END program=low
1771024926410025771 PROBE_A_START program=low
1771024926421402382 PROBE_A_END program=low
1771024926624027379 PROBE_A_START program=low
1771024926635912620 PROBE_A_END program=low
1771024926838621191 PROBE_A_START program=low
1771024926850370154 PROBE_A_END program=low
1771024927053075763 PROBE_A_START program=low
1771024927065008763 PROBE_A_END program=low
1771024927267565224 PROBE_A_START program=low
1771024927279892872 PROBE_A_END program=low
1771024927482566573 PROBE_A_START program=low
1771024927494519055 PROBE_A_END program=low
1771024927697228127 PROBE_A_START program=low
1771024927709115201 PROBE_A_END program=low
1771024927911774051 PROBE_A_START program=low
1771024927923640421 PROBE_A_END program=low
1771024928126318734 PROBE_A_START program=low
1771024928138129401 PROBE_A_END program=low
1771024928340633974 PROBE_A_START program=low
1771024928351673548 PROBE_A_END program=low
1771024928554284102 PROBE_A_START program=low
1771024928566105121 PROBE_A_END program=low
1771024928768814601 PROBE_A_START program=low
1771024928780642564 PROBE_A_END program=low
1771024928983342840 PROBE_A_START program=low
1771024928995203673 PROBE_A_END program=low
1771024929198218340 PROBE_A_START program=low
1771024929214319969 PROBE_A_END program=low
1771024929417038598 PROBE_A_START program=low
1771024929428848005 PROBE_A_END program=low
1771024929631551709 PROBE_A_START program=low
1771024929643538690 PROBE_A_END program=low
1771024929846280060 PROBE_A_START program=low
1771024929858238134 PROBE_A_END program=low
1771024930060912207 PROBE_A_START program=low
1771024930072854874 PROBE_A_END program=low
1771024930275626522 PROBE_A_START program=low
1771024930287768985 PROBE_A_END program=low
1771024930490412948 PROBE_A_START program=low
1771024930502243059 PROBE_A_END program=low
1771024930704915726 PROBE_A_START program=low
1771024930716787782 PROBE_A_END program=low
1771024930919494856 PROBE_A_START program=low
1771024930931381430 PROBE_A_END program=low
1771024931134061986 PROBE_A_START program=low
1771024931146165393 PROBE_A_END program=low
1771024931348913449 PROBE_A_START program=low
1771024931361042598 PROBE_A_END program=low
1771024931563686006 PROBE_A_START program=low
1771024931575679691 PROBE_A_END program=low
1771024931778379155 PROBE_A_START program=low
1771024931790328247 PROBE_A_END program=low
1771024931992976396 PROBE_A_START program=low
1771024932004734192 PROBE_A_END program=low
1771024932207374527 PROBE_A_START program=low
1771024932219346564 PROBE_A_END program=low
1771024932421867825 PROBE_A_START program=low
1771024932432997880 PROBE_A_END program=low
1771024932635589919 PROBE_A_START program=low
1771024932647426326 PROBE_A_END program=low
1771024932850141902 PROBE_A_START program=low
1771024932861970068 PROBE_A_END program=low
1771024933064628866 PROBE_A_START program=low
1771024933076422107 PROBE_A_END program=low
1771024933279078480 PROBE_A_START program=low
1771024933291757183 PROBE_A_END program=low
1771024933494236537 PROBE_A_START program=low
1771024933505269241 PROBE_A_END program=low
1771024933707867391 PROBE_A_START program=low
1771024933719807151 PROBE_A_END program=low
1771024933922426523 PROBE_A_START program=low
1771024933934434319 PROBE_A_END program=low
1771024934137164692 PROBE_A_START program=low
1771024934148966026 PROBE_A_END program=low
1771024934351637176 PROBE_A_START program=low
1771024934363570380 PROBE_A_END program=low
1771024934566473975 PROBE_A_START program=low
1771024934578408124 PROBE_A_END program=low
1771024934781129145 PROBE_A_START program=low
1771024934792975145 PROBE_A_END program=low
1771024934995559907 PROBE_A_START program=low
1771024935007077370 PROBE_A_END program=low
1771024935209737077 PROBE_A_START program=low
1771024935221968059 PROBE_A_END program=low
1771024935424946710 PROBE_A_START program=low
1771024935437716747 PROBE_A_END program=low
1771024935640326492 PROBE_A_START program=low
1771024935652225344 PROBE_A_END program=low
1771024935854999828 PROBE_A_START program=low
1771024935866967662 PROBE_A_END program=low
1771024936069618017 PROBE_A_START program=low
1771024936081475480 PROBE_A_END program=low
1771024936284172299 PROBE_A_START program=low
1771024936296108170 PROBE_A_END program=low
1771024936498848081 PROBE_A_START program=low
1771024936510763563 PROBE_A_END program=low
1771024936713475104 PROBE_A_START program=low
1771024936725359382 PROBE_A_END program=low
1771024936928033737 PROBE_A_START program=low
1771024936939970497 PROBE_A_END program=low
1771024937142619187 PROBE_A_START program=low
1771024937154524557 PROBE_A_END program=low
1771024937357429765 PROBE_A_START program=low
1771024937370038414 PROBE_A_END program=low
1771024937572571456 PROBE_A_START program=low
1771024937583588030 PROBE_A_END program=low
1771024937786196405 PROBE_A_START program=low
1771024937798029312 PROBE_A_END program=low
1771024938000721187 PROBE_A_START program=low
1771024938012536243 PROBE_A_END program=low
1771024938215234489 PROBE_A_START program=low
1771024938227103304 PROBE_A_END program=low
1771024938429848402 PROBE_A_START program=low
1771024938441756699 PROBE_A_END program=low
1771024938644329889 PROBE_A_START program=low
1771024938655341464 PROBE_A_END program=low
1771024938857909247 PROBE_A_START program=low
1771024938869690636 PROBE_A_END program=low
1771024939072368030 PROBE_A_START program=low
1771024939084250864 PROBE_A_END program=low
1771024939286898444 PROBE_A_START program=low
1771024939299417185 PROBE_A_END program=low
1771024939502229302 PROBE_A_START program=low
1771024939514068432 PROBE_A_END program=low
1771024939716878382 PROBE_A_START program=low
1771024939728716660 PROBE_A_END program=low
1771024939931486259 PROBE_A_START program=low
1771024939943441666 PROBE_A_END program=low
1771024940146195525 PROBE_A_START program=low
1771024940158114006 PROBE_A_END program=low
1771024940360834069 PROBE_A_START program=low
1771024940372744273 PROBE_A_END program=low
1771024940575715798 PROBE_A_START program=low
1771024940587783261 PROBE_A_END program=low
1771024940790605175 PROBE_A_START program=low
1771024940802567231 PROBE_A_END program=low
1771024941005393645 PROBE_A_START program=low
1771024941017466238 PROBE_A_END program=low
1771024941220271115 PROBE_A_START program=low
1771024941232742394 PROBE_A_END program=low
1771024941435801197 PROBE_A_START program=low
1771024941447753883 PROBE_A_END program=low
1771024941650423668 PROBE_A_START program=low
1771024941661585631 PROBE_A_END program=low
1771024941864330360 PROBE_A_START program=low
1771024941876299953 PROBE_A_END program=low
1771024942079004738 PROBE_A_START program=low
1771024942090833128 PROBE_A_END program=low
1771024942293597432 PROBE_A_START program=low
1771024942305603451 PROBE_A_END program=low
1771024942508251422 PROBE_A_START program=low
1771024942519741626 PROBE_A_END program=low
1771024942722342633 PROBE_A_START program=low
1771024942733920708 PROBE_A_END program=low
1771024942936655642 PROBE_A_START program=low
1771024942948545346 PROBE_A_END program=low
1771024943151243021 PROBE_A_START program=low
1771024943163189540 PROBE_A_END program=low
1771024943366041196 PROBE_A_START program=low
1771024943378554123 PROBE_A_END program=low
1771024943581295113 PROBE_A_START program=low
1771024943593233169 PROBE_A_END program=low
1771024943795976140 PROBE_A_START program=low
1771024943807482881 PROBE_A_END program=low
1771024944010211964 PROBE_A_START program=low
1771024944022323020 PROBE_A_END program=low
1771024944225076770 PROBE_A_START program=low
1771024944237014011 PROBE_A_END program=low
1771024944439783520 PROBE_A_START program=low
1771024944451728910 PROBE_A_END program=low
1771024944654523048 PROBE_A_START program=low
1771024944666466216 PROBE_A_END program=low
1771024944869133539 PROBE_A_START program=low
1771024944880269577 PROBE_A_END program=low
1771024945082928123 PROBE_A_START program=low
1771024945094926420 PROBE_A_END program=low
1771024945297712485 PROBE_A_START program=low
1771024945310900134 PROBE_A_END program=low
1771024945513661218 PROBE_A_START program=low
1771024945525630645 PROBE_A_END program=low
1771024945728827339 PROBE_A_START program=low
1771024945743412673 PROBE_A_END program=low
1771024945946210757 PROBE_A_START program=low
1771024945958147387 PROBE_A_END program=low
1771024946160860101 PROBE_A_START program=low
1771024946172754324 PROBE_A_END program=low
1771024946375512816 PROBE_A_START program=low
1771024946387431650 PROBE_A_END program=low
1771024946590210901 PROBE_A_START program=low
1771024946602172735 PROBE_A_END program=low
1771024946805007097 PROBE_A_START program=low
1771024946816985950 PROBE_A_END program=low
1771024947019763053 PROBE_A_START program=low
1771024947031716220 PROBE_A_END program=low
1771024947234479768 PROBE_A_START program=low
1771024947247611417 PROBE_A_END program=low
1771024947450363705 PROBE_A_START program=low
1771024947462341947 PROBE_A_END program=low
1771024947665099976 PROBE_A_START program=low
1771024947677055588 PROBE_A_END program=low
1771024947879737044 PROBE_A_START program=low
1771024947891310192 PROBE_A_END program=low
1771024948094021814 PROBE_A_START program=low
1771024948105927408 PROBE_A_END program=low
1771024948308698605 PROBE_A_START program=low
1771024948320700827 PROBE_A_END program=low
1771024948523464154 PROBE_A_START program=low
1771024948535383025 PROBE_A_END program=low
1771024948738143370 PROBE_A_START program=low
1771024948750186741 PROBE_A_END program=low
1771024948952826827 PROBE_A_START program=low
1771024948963827031 PROBE_A_END program=low
1771024949166446839 R2_IDLE_B seconds=30 actions=A
1771024979168364584 SKIP_PROBE_B seconds=60
1771025039170245418 R2_IDLE_C seconds=30 actions=A
1771025069172133514 SKIP_PROBE_C seconds=60
