1771439632299551940 R2_IDLE_A seconds=60 actions=B
1771439692301522758 SKIP_PROBE_A seconds=60
1771439752303287337 R2_IDLE_B seconds=30 actions=B
1771439782307062027 PROBE_B_START program=low
1771439782379974633 PROBE_B_END program=low
1771439782582680646 PROBE_B_START program=low
1771439782681098703 PROBE_B_END program=low
1771439782883757457 PROBE_B_START program=low
1771439782980655808 PROBE_B_END program=low
1771439783183350006 PROBE_B_START program=low
1771439783285174069 PROBE_B_END program=low
1771439783487979434 PROBE_B_START program=low
1771439783574629360 PROBE_B_END program=low
1771439783777419725 PROBE_B_START program=low
1771439783802603453 PROBE_B_END program=low
1771439784005316559 PROBE_B_START program=low
1771439784030010768 PROBE_B_END program=low
1771439784232783244 PROBE_B_START program=low
1771439784257410508 PROBE_B_END program=low
1771439784460173354 PROBE_B_START program=low
1771439784484862860 PROBE_B_END program=low
1771439784687605206 PROBE_B_START program=low
1771439784713174027 PROBE_B_END program=low
1771439784916027633 PROBE_B_START program=low
1771439784941107306 PROBE_B_END program=low
1771439785143820485 PROBE_B_START program=low
1771439785168001453 PROBE_B_END program=low
1771439785370711669 PROBE_B_START program=low
1771439785397581364 PROBE_B_END program=low
1771439785600315654 PROBE_B_START program=low
1771439785625168660 PROBE_B_END program=low
1771439785827881488 PROBE_B_START program=low
1771439785852749030 PROBE_B_END program=low
1771439786055468469 PROBE_B_START program=low
1771439786080122382 PROBE_B_END program=low
1771439786282861987 PROBE_B_START program=low
1771439786353664182 PROBE_B_END program=low
1771439786556317343 PROBE_B_START program=low
1771439786655678661 PROBE_B_END program=low
1771439786858340137 PROBE_B_START program=low
1771439787111552514 PROBE_B_END program=low
1771439787314074120 PROBE_B_START program=low
1771439787401260139 PROBE_B_END program=low
1771439787603924041 PROBE_B_START program=low
1771439787693617509 PROBE_B_END program=low
1771439787896296596 PROBE_B_START program=low
1771439787947091331 PROBE_B_END program=low
1771439788149846196 PROBE_B_START program=low
1771439788175362388 PROBE_B_END program=low
1771439788378502198 PROBE_B_START program=low
1771439788402985332 PROBE_B_END program=low
1771439788605722605 PROBE_B_START program=low
1771439788630330517 PROBE_B_END program=low
1771439788833081789 PROBE_B_START program=low
1771439788857816924 PROBE_B_END program=low
1771439789060531511 PROBE_B_START program=low
1771439789085215776 PROBE_B_END program=low
1771439789288170715 PROBE_B_START program=low
1771439789312537090 PROBE_B_END program=low
1771439789515256103 PROBE_B_START program=low
1771439789539416274 PROBE_B_END program=low
1771439789742212065 PROBE_B_START program=low
1771439789812282907 PROBE_B_END program=low
1771439790015080216 PROBE_B_START program=low
1771439790105787297 PROBE_B_END program=low
1771439790308620996 PROBE_B_START program=low
1771439790398037667 PROBE_B_END program=low
1771439790600822384 PROBE_B_START program=low
1771439790686901975 PROBE_B_END program=low
1771439790889667600 PROBE_B_START program=low
1771439790976669989 PROBE_B_END program=low
1771439791179435039 PROBE_B_START program=low
1771439791204388119 PROBE_B_END program=low
1771439791407060243 PROBE_B_START program=low
1771439791430918080 PROBE_B_END program=low
1771439791633786093 PROBE_B_START program=low
1771439791658595025 PROBE_B_END program=low
1771439791861412668 PROBE_B_START program=low
1771439791886271340 PROBE_B_END program=low
1771439792089140038 PROBE_B_START program=low
1771439792113961044 PROBE_B_END program=low
1771439792316941816 PROBE_B_START program=low
1771439792341919470 PROBE_B_END program=low
1771439792544713798 PROBE_B_START program=low
1771439792569581322 PROBE_B_END program=low
1771439792772376983 PROBE_B_START program=low
1771439792797231952 PROBE_B_END program=low
1771439793000090687 PROBE_B_START program=low
1771439793070762938 PROBE_B_END program=low
1771439793273485229 PROBE_B_START program=low
1771439793361356749 PROBE_B_END program=low
1771439793564131410 PROBE_B_START program=low
1771439793650156465 PROBE_B_END program=low
1771439793853072682 PROBE_B_START program=low
1771439793939301959 PROBE_B_END program=low
1771439794142054435 PROBE_B_START program=low
1771439794225118651 PROBE_B_END program=low
1771439794427787034 PROBE_B_START program=low
1771439794451993390 PROBE_B_END program=low
1771439794654651218 PROBE_B_START program=low
1771439794678328240 PROBE_B_END program=low
1771439794881060105 PROBE_B_START program=low
1771439794905740444 PROBE_B_END program=low
1771439795108436475 PROBE_B_START program=low
1771439795133233054 PROBE_B_END program=low
1771439795336093234 PROBE_B_START program=low
1771439795360883647 PROBE_B_END program=low
1771439795563675494 PROBE_B_START program=low
1771439795587909702 PROBE_B_END program=low
1771439795790719104 PROBE_B_START program=low
1771439795817788113 PROBE_B_END program=low
1771439796020537089 PROBE_B_START program=low
1771439796091150136 PROBE_B_END program=low
1771439796293986075 PROBE_B_START program=low
1771439796392847725 PROBE_B_END program=low
1771439796595500812 PROBE_B_START program=low
1771439796689488028 PROBE_B_END program=low
1771439796892187134 PROBE_B_START program=low
1771439797123190751 PROBE_B_END program=low
1771439797325934042 PROBE_B_START program=low
1771439797416523937 PROBE_B_END program=low
1771439797619200654 PROBE_B_START program=low
1771439797673717358 PROBE_B_END program=low
1771439797876535353 PROBE_B_START program=low
1771439797901157451 PROBE_B_END program=low
1771439798103851779 PROBE_B_START program=low
1771439798174109139 PROBE_B_END program=low
1771439798376911004 PROBE_B_START program=low
1771439798465327081 PROBE_B_END program=low
1771439798668092002 PROBE_B_START program=low
1771439798755935948 PROBE_B_END program=low
1771439798958767554 PROBE_B_START program=low
1771439799047742280 PROBE_B_END program=low
1771439799250509812 PROBE_B_START program=low
1771439799335698624 PROBE_B_END program=low
1771439799538557064 PROBE_B_START program=low
1771439799565403758 PROBE_B_END program=low
1771439799768222900 PROBE_B_START program=low
1771439799792955480 PROBE_B_END program=low
1771439799995774623 PROBE_B_START program=low
1771439800020562720 PROBE_B_END program=low
1771439800223344493 PROBE_B_START program=low
1771439800248313943 PROBE_B_END program=low
1771439800451102178 PROBE_B_START program=low
1771439800475876536 PROBE_B_END program=low
1771439800678643160 PROBE_B_START program=low
1771439800702774145 PROBE_B_END program=low
1771439800905519214 PROBE_B_START program=low
1771439800930251534 PROBE_B_END program=low
1771439801133079436 PROBE_B_START program=low
1771439801157746941 PROBE_B_END program=low
1771439801360555733 PROBE_B_START program=low
1771439801431377076 PROBE_B_END program=low
1771439801634248848 PROBE_B_START program=low
1771439801724075409 PROBE_B_END program=low
1771439801926777552 PROBE_B_START program=low
1771439802013490589 PROBE_B_END program=low
1771439802216338602 PROBE_B_START program=low
1771439802302470157 PROBE_B_END program=low
1771439802505236003 PROBE_B_START program=low
1771439802587722107 PROBE_B_END program=low
1771439802790525139 PROBE_B_START program=low
1771439802815270903 PROBE_B_END program=low
1771439803018063565 PROBE_B_START program=low
1771439803042783477 PROBE_B_END program=low
1771439803245589546 PROBE_B_START program=low
1771439803270495348 PROBE_B_END program=low
1771439803473325954 PROBE_B_START program=low
1771439803497982107 PROBE_B_END program=low
1771439803700668342 PROBE_B_START program=low
1771439803724419549 PROBE_B_END program=low
1771439803927127470 PROBE_B_START program=low
1771439803951856846 PROBE_B_END program=low
1771439804154672766 PROBE_B_START program=low
1771439804179532364 PROBE_B_END program=low
1771439804382410822 PROBE_B_START program=low
1771439804407046957 PROBE_B_END program=low
1771439804609806877 PROBE_B_START program=low
1771439804680563813 PROBE_B_END program=low
1771439804883466252 PROBE_B_START program=low
1771439804972398460 PROBE_B_END program=low
1771439805175175973 PROBE_B_START program=low
1771439805270352173 PROBE_B_END program=low
1771439805473104760 PROBE_B_START program=low
1771439805571025909 PROBE_B_END program=low
1771439805773780959 PROBE_B_START program=low
1771439806000796958 PROBE_B_END program=low
1771439806203590175 PROBE_B_START program=low
1771439806631801036 PROBE_B_END program=low
1771439806834551975 PROBE_B_START program=low
1771439807237859238 PROBE_B_END program=low
1771439807440681603 PROBE_B_START program=low
1771439807840885269 PROBE_B_END program=low
1771439808043651263 PROBE_B_START program=low
1771439808452381554 PROBE_B_END program=low
1771439808655169179 PROBE_B_START program=low
1771439808705852914 PROBE_B_END program=low
1771439808908642519 PROBE_B_START program=low
1771439808932424782 PROBE_B_END program=low
1771439809135116166 PROBE_B_START program=low
1771439809159728967 PROBE_B_END program=low
1771439809362530813 PROBE_B_START program=low
1771439809387275893 PROBE_B_END program=low
1771439809590042276 PROBE_B_START program=low
1771439809662692067 PROBE_B_END program=low
1771439809865705951 PROBE_B_START program=low
1771439809964284397 PROBE_B_END program=low
1771439810167062392 PROBE_B_START program=low
1771439810256299822 PROBE_B_END program=low
1771439810459399743 PROBE_B_START program=low
1771439810548860952 PROBE_B_END program=low
1771439810751667095 PROBE_B_START program=low
1771439810827666613 PROBE_B_END program=low
1771439811030354034 PROBE_B_START program=low
1771439811054554038 PROBE_B_END program=low
1771439811257363274 PROBE_B_START program=low
1771439811282148020 PROBE_B_END program=low
1771439811484926977 PROBE_B_START program=low
1771439811509612945 PROBE_B_END program=low
1771439811712385662 PROBE_B_START program=low
1771439811737127408 PROBE_B_END program=low
1771439811939953681 PROBE_B_START program=low
1771439811964277463 PROBE_B_END program=low
1771439812166997161 PROBE_B_START program=low
1771439812191766037 PROBE_B_END program=low
1771439812394717865 PROBE_B_START program=low
1771439812419585723 PROBE_B_END program=low
1771439812622450458 PROBE_B_START program=low
1771439812647190889 PROBE_B_END program=low
1771439812850090921 PROBE_B_START program=low
1771439812920366893 PROBE_B_END program=low
1771439813123159758 PROBE_B_START program=low
1771439813210966223 PROBE_B_END program=low
1771439813413856477 PROBE_B_START program=low
1771439813502157776 PROBE_B_END program=low
1771439813705092271 PROBE_B_START program=low
1771439813789234489 PROBE_B_END program=low
1771439813992529781 PROBE_B_START program=low
1771439814073409919 PROBE_B_END program=low
1771439814276128284 PROBE_B_START program=low
1771439814301039067 PROBE_B_END program=low
1771439814503870618 PROBE_B_START program=low
1771439814574728665 PROBE_B_END program=low
1771439814777458993 PROBE_B_START program=low
1771439814867791073 PROBE_B_END program=low
1771439815070410549 PROBE_B_START program=low
1771439815159903239 PROBE_B_END program=low
1771439815362685641 PROBE_B_START program=low
1771439815459953381 PROBE_B_END program=low
1771439815662680635 PROBE_B_START program=low
1771439815750824174 PROBE_B_END program=low
1771439815953690984 PROBE_B_START program=low
1771439815978716879 PROBE_B_END program=low
1771439816181568577 PROBE_B_START program=low
1771439816208336234 PROBE_B_END program=low
1771439816411168932 PROBE_B_START program=low
1771439816436188568 PROBE_B_END program=low
1771439816639030377 PROBE_B_START program=low
1771439816663921735 PROBE_B_END program=low
1771439816866797285 PROBE_B_START program=low
1771439816891618698 PROBE_B_END program=low
1771439817094246822 PROBE_B_START program=low
1771439817118402659 PROBE_B_END program=low
1771439817321154654 PROBE_B_START program=low
1771439817346029808 PROBE_B_END program=low
1771439817548724969 PROBE_B_START program=low
1771439817573546715 PROBE_B_END program=low
1771439817776318006 PROBE_B_START program=low
1771439817846989404 PROBE_B_END program=low
1771439818049670547 PROBE_B_START program=low
1771439818274342709 PROBE_B_END program=low
1771439818477054926 PROBE_B_START program=low
1771439818567208709 PROBE_B_END program=low
1771439818769876167 PROBE_B_START program=low
1771439818857310723 PROBE_B_END program=low
1771439819059974385 PROBE_B_START program=low
1771439819149526278 PROBE_B_END program=low
1771439819352751348 PROBE_B_START program=low
1771439819412008523 PROBE_B_END program=low
1771439819614633629 PROBE_B_START program=low
1771439819639034578 PROBE_B_END program=low
1771439819841773443 PROBE_B_START program=low
1771439819866401096 PROBE_B_END program=low
1771439820069114665 PROBE_B_START program=low
1771439820094352171 PROBE_B_END program=low
1771439820297194258 PROBE_B_START program=low
1771439820322048708 PROBE_B_END program=low
1771439820524821943 PROBE_B_START program=low
1771439820549681727 PROBE_B_END program=low
1771439820752466092 PROBE_B_START program=low
1771439820777006282 PROBE_B_END program=low
1771439820979648795 PROBE_B_START program=low
1771439821004627930 PROBE_B_END program=low
1771439821207400332 PROBE_B_START program=low
1771439821279636030 PROBE_B_END program=low
1771439821482527524 PROBE_B_START program=low
1771439821574889442 PROBE_B_END program=low
1771439821777869362 PROBE_B_START program=low
1771439821867251997 PROBE_B_END program=low
1771439822069967676 PROBE_B_START program=low
1771439822161605296 PROBE_B_END program=low
1771439822364397939 PROBE_B_START program=low
1771439822441291515 PROBE_B_END program=low
1771439822643950898 PROBE_B_START program=low
1771439822668695366 PROBE_B_END program=low
1771439822871472250 PROBE_B_START program=low
1771439822896310181 PROBE_B_END program=low
1771439823099097028 PROBE_B_START program=low
1771439823123884607 PROBE_B_END program=low
1771439823326558231 PROBE_B_START program=low
1771439823351417959 PROBE_B_END program=low
1771439823554208713 PROBE_B_START program=low
1771439823578974940 PROBE_B_END program=low
1771439823781751509 PROBE_B_START program=low
1771439823806442162 PROBE_B_END program=low
1771439824009256194 PROBE_B_START program=low
1771439824033979107 PROBE_B_END program=low
1771439824236670916 PROBE_B_START program=low
1771439824261515107 PROBE_B_END program=low
1771439824464197416 PROBE_B_START program=low
1771439824536357706 PROBE_B_END program=low
1771439824739434294 PROBE_B_START program=low
1771439824829144243 PROBE_B_END program=low
1771439825031891942 PROBE_B_START program=low
1771439825119972814 PROBE_B_END program=low
1771439825322686031 PROBE_B_START program=low
1771439825412765574 PROBE_B_END program=low
1771439825615435031 PROBE_B_START program=low
1771439825703506460 PROBE_B_END program=low
1771439825906187510 PROBE_B_START program=low
1771439825930924089 PROBE_B_END program=low
1771439826133689602 PROBE_B_START program=low
1771439826158587571 PROBE_B_END program=low
1771439826361348843 PROBE_B_START program=low
1771439826387999741 PROBE_B_END program=low
1771439826590522901 PROBE_B_START program=low
1771439826614312498 PROBE_B_END program=low
1771439826816990233 PROBE_B_START program=low
1771439826841685127 PROBE_B_END program=low
1771439827044498677 PROBE_B_START program=low
1771439827069438998 PROBE_B_END program=low
1771439827272230344 PROBE_B_START program=low
1771439827297005164 PROBE_B_END program=low
1771439827499735529 PROBE_B_START program=low
1771439827524783183 PROBE_B_END program=low
1771439827727530215 PROBE_B_START program=low
1771439827798307558 PROBE_B_END program=low
1771439828001148442 PROBE_B_START program=low
1771439828101086427 PROBE_B_END program=low
1771439828303752644 PROBE_B_START program=low
1771439828533046943 PROBE_B_END program=low
1771439828735711327 PROBE_B_START program=low
1771439828824497830 PROBE_B_END program=low
1771439829027150306 PROBE_B_START program=low
1771439829118203962 PROBE_B_END program=low
1771439829320910475 PROBE_B_START program=low
1771439829388503479 PROBE_B_END program=low
1771439829591123270 PROBE_B_START program=low
1771439829614953070 PROBE_B_END program=low
1771439829817668083 PROBE_B_START program=low
1771439829842290477 PROBE_B_END program=low
1771439830045116990 PROBE_B_START program=low
1771439830069684477 PROBE_B_END program=low
1771439830272463731 PROBE_B_START program=low
1771439830297376995 PROBE_B_END program=low
1771439830500054305 PROBE_B_START program=low
1771439830524828217 PROBE_B_END program=low
1771439830727543082 PROBE_B_START program=low
1771439830752213736 PROBE_B_END program=low
1771439830954985786 PROBE_B_START program=low
1771439830979718272 PROBE_B_END program=low
1771439831182513786 PROBE_B_START program=low
1771439831253364444 PROBE_B_END program=low
1771439831455999475 PROBE_B_START program=low
1771439831548846912 PROBE_B_END program=low
1771439831751583332 PROBE_B_START program=low
1771439831841693412 PROBE_B_END program=low
1771439832044538407 PROBE_B_START program=low
1771439832134109986 PROBE_B_END program=low
1771439832336827314 PROBE_B_START program=low
1771439832416552950 PROBE_B_END program=low
1771439832619356723 PROBE_B_START program=low
1771439832644759247 PROBE_B_END program=low
1771439832847763539 PROBE_B_START program=low
1771439832872493396 PROBE_B_END program=low
1771439833075235687 PROBE_B_START program=low
1771439833100012525 PROBE_B_END program=low
1771439833302892168 PROBE_B_START program=low
1771439833327872359 PROBE_B_END program=low
1771439833530793465 PROBE_B_START program=low
1771439833557941956 PROBE_B_END program=low
1771439833760897210 PROBE_B_START program=low
1771439833786022476 PROBE_B_END program=low
1771439833988973045 PROBE_B_START program=low
1771439834013893346 PROBE_B_END program=low
1771439834216785212 PROBE_B_START program=low
1771439834241627495 PROBE_B_END program=low
1771439834444565379 PROBE_B_START program=low
1771439834514622424 PROBE_B_END program=low
1771439834717750327 PROBE_B_START program=low
1771439834812205340 PROBE_B_END program=low
1771439835014963317 PROBE_B_START program=low
1771439835103535986 PROBE_B_END program=low
1771439835306357500 PROBE_B_START program=low
1771439835395593597 PROBE_B_END program=low
1771439835598334054 PROBE_B_START program=low
1771439835680675565 PROBE_B_END program=low
1771439835883312615 PROBE_B_START program=low
1771439835907316971 PROBE_B_END program=low
1771439836110061373 PROBE_B_START program=low
1771439836135090490 PROBE_B_END program=low
1771439836337901522 PROBE_B_START program=low
1771439836362760953 PROBE_B_END program=low
1771439836565642466 PROBE_B_START program=low
1771439836592427642 PROBE_B_END program=low
1771439836798327697 PROBE_B_START program=low
1771439836823733963 PROBE_B_END program=low
1771439837026604439 PROBE_B_START program=low
1771439837051384056 PROBE_B_END program=low
1771439837254210958 PROBE_B_START program=low
1771439837279290297 PROBE_B_END program=low
1771439837482078829 PROBE_B_START program=low
1771439837506861649 PROBE_B_END program=low
1771439837709748496 PROBE_B_START program=low
1771439837780802636 PROBE_B_END program=low
1771439837983602390 PROBE_B_START program=low
1771439838082774763 PROBE_B_END program=low
1771439838285539035 PROBE_B_START program=low
1771439838386417022 PROBE_B_END program=low
1771439838589244054 PROBE_B_START program=low
1771439838794182627 PROBE_B_END program=low
1771439838996733140 PROBE_B_START program=low
1771439839173548164 PROBE_B_END program=low
1771439839376274362 PROBE_B_START program=low
1771439839444688812 PROBE_B_END program=low
1771439839647669659 PROBE_B_START program=low
1771439839672806295 PROBE_B_END program=low
1771439839875917049 PROBE_B_START program=low
1771439839901440037 PROBE_B_END program=low
1771439840104012199 PROBE_B_START program=low
1771439840127796739 PROBE_B_END program=low
1771439840330626789 PROBE_B_START program=low
1771439840355513258 PROBE_B_END program=low
1771439840558322716 PROBE_B_START program=low
1771439840583445888 PROBE_B_END program=low
1771439840786120827 PROBE_B_START program=low
1771439840810919888 PROBE_B_END program=low
1771439841013645883 PROBE_B_START program=low
1771439841038003980 PROBE_B_END program=low
1771439841240957086 PROBE_B_START program=low
1771439841312282930 PROBE_B_END program=low
1771439841515094091 PROBE_B_START program=low
1771439841608043972 PROBE_B_END program=low
1771439841810824652 PROBE_B_START program=low
1771439841902678383 PROBE_B_END program=low
1771439842105567600 R2_IDLE_C seconds=30 actions=B
1771439872107428503 SKIP_PROBE_C seconds=60
