1772183339348869752 R2_IDLE_A seconds=60 actions=B
1772183399350301048 SKIP_PROBE_A seconds=60
1772183459351667920 R2_IDLE_B seconds=30 actions=B
1772183489354511463 PROBE_B_START program=low
1772183489377459891 PROBE_B_END program=low
1772183489580431788 PROBE_B_START program=low
1772183489606431909 PROBE_B_END program=low
1772183489808495860 PROBE_B_START program=low
1772183489830666730 PROBE_B_END program=low
1772183490032785385 PROBE_B_START program=low
1772183490054888792 PROBE_B_END program=low
1772183490256951965 PROBE_B_START program=low
1772183490278888445 PROBE_B_END program=low
1772183490480978711 PROBE_B_START program=low
1772183490502907673 PROBE_B_END program=low
1772183490704984772 PROBE_B_START program=low
1772183490726820401 PROBE_B_END program=low
1772183490928868518 PROBE_B_START program=low
1772183490950413701 PROBE_B_END program=low
1772183491152537892 PROBE_B_START program=low
1772183491174546299 PROBE_B_END program=low
1772183491376610842 PROBE_B_START program=low
1772183491445662552 PROBE_B_END program=low
1772183491647781465 PROBE_B_START program=low
1772183491682684664 PROBE_B_END program=low
1772183491884766651 PROBE_B_START program=low
1772183491909696325 PROBE_B_END program=low
1772183492111790164 PROBE_B_START program=low
1772183492185286236 PROBE_B_END program=low
1772183492387362705 PROBE_B_START program=low
1772183492494013250 PROBE_B_END program=low
1772183492696100903 PROBE_B_START program=low
1772183492799561847 PROBE_B_END program=low
1772183493001640260 PROBE_B_START program=low
1772183493094011288 PROBE_B_END program=low
1772183493296063589 PROBE_B_START program=low
1772183493349119462 PROBE_B_END program=low
1772183493551250931 PROBE_B_START program=low
1772183493575812381 PROBE_B_END program=low
1772183493777907127 PROBE_B_START program=low
1772183493802559541 PROBE_B_END program=low
1772183494004670657 PROBE_B_START program=low
1772183494029231644 PROBE_B_END program=low
1772183494231329872 PROBE_B_START program=low
1772183494256028452 PROBE_B_END program=low
1772183494458152068 PROBE_B_START program=low
1772183494482765185 PROBE_B_END program=low
1772183494685393988 PROBE_B_START program=low
1772183494711033719 PROBE_B_END program=low
1772183494913132853 PROBE_B_START program=low
1772183494937289395 PROBE_B_END program=low
1772183495139416067 PROBE_B_START program=low
1772183495160731305 PROBE_B_END program=low
1772183495362852829 PROBE_B_START program=low
1772183495383914029 PROBE_B_END program=low
1772183495586057682 PROBE_B_START program=low
1772183495607541792 PROBE_B_END program=low
1772183495809664370 PROBE_B_START program=low
1772183495831077831 PROBE_B_END program=low
1772183496033191429 PROBE_B_START program=low
1772183496054470334 PROBE_B_END program=low
1772183496256602986 PROBE_B_START program=low
1772183496278082429 PROBE_B_END program=low
1772183496480235582 PROBE_B_START program=low
1772183496547968732 PROBE_B_END program=low
1772183496750186256 PROBE_B_START program=low
1772183496845712976 PROBE_B_END program=low
1772183497047834313 PROBE_B_START program=low
1772183497131398207 PROBE_B_END program=low
1772183497333482859 PROBE_B_START program=low
1772183497423577381 PROBE_B_END program=low
1772183497625645033 PROBE_B_START program=low
1772183497704668119 PROBE_B_END program=low
1772183497906806105 PROBE_B_START program=low
1772183497928333825 PROBE_B_END program=low
1772183498130429144 PROBE_B_START program=low
1772183498151716827 PROBE_B_END program=low
1772183498353834664 PROBE_B_START program=low
1772183498375263106 PROBE_B_END program=low
1772183498577375759 PROBE_B_START program=low
1772183498598688478 PROBE_B_END program=low
1772183498800855964 PROBE_B_START program=low
1772183498822368073 PROBE_B_END program=low
1772183499024495948 PROBE_B_START program=low
1772183499045877982 PROBE_B_END program=low
1772183499247990264 PROBE_B_START program=low
1772183499269134631 PROBE_B_END program=low
1772183499471277172 PROBE_B_START program=low
1772183499492836541 PROBE_B_END program=low
1772183499695033897 PROBE_B_START program=low
1772183499764417273 PROBE_B_END program=low
1772183499966442110 PROBE_B_START program=low
1772183500234114258 PROBE_B_END program=low
1772183500436181077 PROBE_B_START program=low
1772183500570766060 PROBE_B_END program=low
1772183500772875675 PROBE_B_START program=low
1772183500858322239 PROBE_B_END program=low
1772183501060427502 PROBE_B_START program=low
1772183501146712884 PROBE_B_END program=low
1772183501348788868 PROBE_B_START program=low
1772183501370554552 PROBE_B_END program=low
1772183501572676981 PROBE_B_START program=low
1772183501594047571 PROBE_B_END program=low
1772183501796350519 PROBE_B_START program=low
1772183501817934481 PROBE_B_END program=low
1772183502020040928 PROBE_B_START program=low
1772183502041354129 PROBE_B_END program=low
1772183502243564059 PROBE_B_START program=low
1772183502264861908 PROBE_B_END program=low
1772183502467000578 PROBE_B_START program=low
1772183502488318594 PROBE_B_END program=low
1772183502690446078 PROBE_B_START program=low
1772183502711799039 PROBE_B_END program=low
1772183502913994097 PROBE_B_START program=low
1772183502935279835 PROBE_B_END program=low
1772183503137366060 PROBE_B_START program=low
1772183503205435767 PROBE_B_END program=low
1772183503407582955 PROBE_B_START program=low
1772183503501360484 PROBE_B_END program=low
1772183503703389598 PROBE_B_START program=low
1772183503789117144 PROBE_B_END program=low
1772183503991269073 PROBE_B_START program=low
1772183504075230245 PROBE_B_END program=low
1772183504277318895 PROBE_B_START program=low
1772183504358066800 PROBE_B_END program=low
1772183504560152709 PROBE_B_START program=low
1772183504581919041 PROBE_B_END program=low
1772183504784069285 PROBE_B_START program=low
1772183504805461319 PROBE_B_END program=low
1772183505007616988 PROBE_B_START program=low
1772183505028809134 PROBE_B_END program=low
1772183505230906451 PROBE_B_START program=low
1772183505252159985 PROBE_B_END program=low
1772183505454347284 PROBE_B_START program=low
1772183505475792837 PROBE_B_END program=low
1772183505677916969 PROBE_B_START program=low
1772183505699345559 PROBE_B_END program=low
1772183505901411246 PROBE_B_START program=low
1772183505922822836 PROBE_B_END program=low
1772183506124946875 PROBE_B_START program=low
1772183506146216836 PROBE_B_END program=low
1772183506348339652 PROBE_B_START program=low
1772183506417387231 PROBE_B_END program=low
1772183506619592067 PROBE_B_START program=low
1772183506702964515 PROBE_B_END program=low
1772183506904995127 PROBE_B_START program=low
1772183506987987685 PROBE_B_END program=low
1772183507190003001 PROBE_B_START program=low
1772183507273049634 PROBE_B_END program=low
1772183507475221691 PROBE_B_START program=low
1772183507561355405 PROBE_B_END program=low
1772183507763453721 PROBE_B_START program=low
1772183507785187405 PROBE_B_END program=low
1772183507990582451 PROBE_B_START program=low
1772183508015079809 PROBE_B_END program=low
1772183508217072328 PROBE_B_START program=low
1772183508238300103 PROBE_B_END program=low
1772183508440419678 PROBE_B_START program=low
1772183508461792676 PROBE_B_END program=low
1772183508663937992 PROBE_B_START program=low
1772183508685105137 PROBE_B_END program=low
1772183508887244287 PROBE_B_START program=low
1772183508908292413 PROBE_B_END program=low
1772183509110760897 PROBE_B_START program=low
1772183509132104283 PROBE_B_END program=low
1772183509334178099 PROBE_B_START program=low
1772183509355421448 PROBE_B_END program=low
1772183509557525004 PROBE_B_START program=low
1772183509625632377 PROBE_B_END program=low
1772183509827741711 PROBE_B_START program=low
1772183509921528796 PROBE_B_END program=low
1772183510123838779 PROBE_B_START program=low
1772183510377757445 PROBE_B_END program=low
1772183510579825575 PROBE_B_START program=low
1772183510784531564 PROBE_B_END program=low
1772183510986582065 PROBE_B_START program=low
1772183511071221867 PROBE_B_END program=low
1772183511273296182 PROBE_B_START program=low
1772183511294996329 PROBE_B_END program=low
1772183511497122700 PROBE_B_START program=low
1772183511518551475 PROBE_B_END program=low
1772183511720697105 PROBE_B_START program=low
1772183511741936621 PROBE_B_END program=low
1772183511944119066 PROBE_B_START program=low
1772183511965454841 PROBE_B_END program=low
1772183512167522582 PROBE_B_START program=low
1772183512188768635 PROBE_B_END program=low
1772183512390897154 PROBE_B_START program=low
1772183512412127391 PROBE_B_END program=low
1772183512614263336 PROBE_B_START program=low
1772183512635687649 PROBE_B_END program=low
1772183512837822112 PROBE_B_START program=low
1772183512859174443 PROBE_B_END program=low
1772183513061344313 PROBE_B_START program=low
1772183513130285188 PROBE_B_END program=low
1772183513332449188 PROBE_B_START program=low
1772183513418574882 PROBE_B_END program=low
1772183513620730475 PROBE_B_START program=low
1772183513709947363 PROBE_B_END program=low
1772183513912103659 PROBE_B_START program=low
1772183513996120367 PROBE_B_END program=low
1772183514198263959 PROBE_B_START program=low
1772183514278270954 PROBE_B_END program=low
1772183514480419805 PROBE_B_START program=low
1772183514502371415 PROBE_B_END program=low
1772183514704465970 PROBE_B_START program=low
1772183514728077381 PROBE_B_END program=low
1772183514930227269 PROBE_B_START program=low
1772183514952639269 PROBE_B_END program=low
1772183515155746308 PROBE_B_START program=low
1772183515178728069 PROBE_B_END program=low
1772183515380890383 PROBE_B_START program=low
1772183515404841794 PROBE_B_END program=low
1772183515606904349 PROBE_B_START program=low
1772183515628266736 PROBE_B_END program=low
1772183515830398254 PROBE_B_START program=low
1772183515851983103 PROBE_B_END program=low
1772183516054109658 PROBE_B_START program=low
1772183516075536119 PROBE_B_END program=low
1772183516277683877 PROBE_B_START program=low
1772183516299030263 PROBE_B_END program=low
1772183516501167967 PROBE_B_START program=low
1772183516522482112 PROBE_B_END program=low
1772183516724534611 PROBE_B_START program=low
1772183516745612107 PROBE_B_END program=low
1772183516947765588 PROBE_B_START program=low
1772183516969180197 PROBE_B_END program=low
1772183517171268492 PROBE_B_START program=low
1772183517192693378 PROBE_B_END program=low
1772183517394798618 PROBE_B_START program=low
1772183517416018763 PROBE_B_END program=low
1772183517618184077 PROBE_B_START program=low
1772183517686334875 PROBE_B_END program=low
1772183517888432133 PROBE_B_START program=low
1772183517973423195 PROBE_B_END program=low
1772183518175570490 PROBE_B_START program=low
1772183518257517192 PROBE_B_END program=low
1772183518459700062 PROBE_B_START program=low
1772183518549098764 PROBE_B_END program=low
1772183518751243763 PROBE_B_START program=low
1772183518870920206 PROBE_B_END program=low
1772183519072976853 PROBE_B_START program=low
1772183519167457771 PROBE_B_END program=low
1772183519369594881 PROBE_B_START program=low
1772183519464639356 PROBE_B_END program=low
1772183519666842577 PROBE_B_START program=low
1772183519915225060 PROBE_B_END program=low
1772183520117325336 PROBE_B_START program=low
1772183520317926831 PROBE_B_END program=low
1772183520520116792 PROBE_B_START program=low
1772183520541694827 PROBE_B_END program=low
1772183520743912529 PROBE_B_START program=low
1772183520812565661 PROBE_B_END program=low
1772183521014694067 PROBE_B_START program=low
1772183521104361343 PROBE_B_END program=low
1772183521306525508 PROBE_B_START program=low
1772183521397916196 PROBE_B_END program=low
1772183521600070046 PROBE_B_START program=low
1772183521689737101 PROBE_B_END program=low
1772183521891924580 PROBE_B_START program=low
1772183521967612193 PROBE_B_END program=low
1772183522169745709 PROBE_B_START program=low
1772183522194942104 PROBE_B_END program=low
1772183522397140306 PROBE_B_START program=low
1772183522418952915 PROBE_B_END program=low
1772183522621183210 PROBE_B_START program=low
1772183522642866245 PROBE_B_END program=low
1772183522844970224 PROBE_B_START program=low
1772183522866737037 PROBE_B_END program=low
1772183523068872497 PROBE_B_START program=low
1772183523090497458 PROBE_B_END program=low
1772183523292673882 PROBE_B_START program=low
1772183523314673954 PROBE_B_END program=low
1772183523516975193 PROBE_B_START program=low
1772183523538656376 PROBE_B_END program=low
1772183523740776910 PROBE_B_START program=low
1772183523762437242 PROBE_B_END program=low
1772183523964603036 PROBE_B_START program=low
1772183524035379913 PROBE_B_END program=low
1772183524237577003 PROBE_B_START program=low
1772183524328953302 PROBE_B_END program=low
1772183524531092355 PROBE_B_START program=low
1772183524615602267 PROBE_B_END program=low
1772183524817754246 PROBE_B_START program=low
1772183524902365250 PROBE_B_END program=low
1772183525104452766 PROBE_B_START program=low
1772183525180071118 PROBE_B_END program=low
1772183525382237393 PROBE_B_START program=low
1772183525404312059 PROBE_B_END program=low
1772183525606476056 PROBE_B_START program=low
1772183525628469054 PROBE_B_END program=low
1772183525830689663 PROBE_B_START program=low
1772183525852362031 PROBE_B_END program=low
1772183526054560991 PROBE_B_START program=low
1772183526075954025 PROBE_B_END program=low
1772183526278098577 PROBE_B_START program=low
1772183526299753760 PROBE_B_END program=low
1772183526501924905 PROBE_B_START program=low
1772183526523595292 PROBE_B_END program=low
1772183526725762566 PROBE_B_START program=low
1772183526747253860 PROBE_B_END program=low
1772183526949369301 PROBE_B_START program=low
1772183526971045262 PROBE_B_END program=low
1772183527173211166 PROBE_B_START program=low
1772183527241455111 PROBE_B_END program=low
1772183527443681645 PROBE_B_START program=low
1772183527532953476 PROBE_B_END program=low
1772183527735106176 PROBE_B_START program=low
1772183527827516070 PROBE_B_END program=low
1772183528029659936 PROBE_B_START program=low
1772183528124499466 PROBE_B_END program=low
1772183528326623480 PROBE_B_START program=low
1772183528575661092 PROBE_B_END program=low
1772183528777774514 PROBE_B_START program=low
1772183528999680207 PROBE_B_END program=low
1772183529201783907 PROBE_B_START program=low
1772183529223589979 PROBE_B_END program=low
1772183529425764493 PROBE_B_START program=low
1772183529447400195 PROBE_B_END program=low
1772183529649479524 PROBE_B_START program=low
1772183529671083410 PROBE_B_END program=low
1772183529873283869 PROBE_B_START program=low
1772183529895084830 PROBE_B_END program=low
1772183530097264937 PROBE_B_START program=low
1772183530118985565 PROBE_B_END program=low
1772183530321135061 PROBE_B_START program=low
1772183530342701354 PROBE_B_END program=low
1772183530544874128 PROBE_B_START program=low
1772183530566827219 PROBE_B_END program=low
1772183530769027029 PROBE_B_START program=low
1772183530838119717 PROBE_B_END program=low
1772183531040317584 PROBE_B_START program=low
1772183531129448506 PROBE_B_END program=low
1772183531331573242 PROBE_B_START program=low
1772183531420373682 PROBE_B_END program=low
1772183531622606493 PROBE_B_START program=low
1772183531712022156 PROBE_B_END program=low
1772183531914211559 PROBE_B_START program=low
1772183531995512314 PROBE_B_END program=low
1772183532197635161 PROBE_B_START program=low
1772183532219916957 PROBE_B_END program=low
1772183532422105323 PROBE_B_START program=low
1772183532443836265 PROBE_B_END program=low
1772183532646101520 PROBE_B_START program=low
1772183532667782165 PROBE_B_END program=low
1772183532869987883 PROBE_B_START program=low
1772183532891516695 PROBE_B_END program=low
1772183533093694153 PROBE_B_START program=low
1772183533115259373 PROBE_B_END program=low
1772183533317453127 PROBE_B_START program=low
1772183533339176440 PROBE_B_END program=low
1772183533541551102 PROBE_B_START program=low
1772183533563167710 PROBE_B_END program=low
1772183533765325576 PROBE_B_START program=low
1772183533787145685 PROBE_B_END program=low
1772183533989286384 PROBE_B_START program=low
1772183534059032832 PROBE_B_END program=low
1772183534261095105 PROBE_B_START program=low
1772183534350956325 PROBE_B_END program=low
1772183534553062134 PROBE_B_START program=low
1772183534641227239 PROBE_B_END program=low
1772183534843583345 PROBE_B_START program=low
1772183534929335740 PROBE_B_END program=low
1772183535131435420 PROBE_B_START program=low
1772183535206093936 PROBE_B_END program=low
1772183535408230782 PROBE_B_START program=low
1772183535430219058 PROBE_B_END program=low
1772183535632413627 PROBE_B_START program=low
1772183535656011463 PROBE_B_END program=low
1772183535858202180 PROBE_B_START program=low
1772183535879939881 PROBE_B_END program=low
1772183536082114320 PROBE_B_START program=low
1772183536106913344 PROBE_B_END program=low
1772183536309058505 PROBE_B_START program=low
1772183536330608557 PROBE_B_END program=low
1772183536532861904 PROBE_B_START program=low
1772183536554595605 PROBE_B_END program=low
1772183536756808581 PROBE_B_START program=low
1772183536778385152 PROBE_B_END program=low
1772183536980522165 PROBE_B_START program=low
1772183537002452941 PROBE_B_END program=low
1772183537204603435 PROBE_B_START program=low
1772183537273366159 PROBE_B_END program=low
1772183537475493134 PROBE_B_START program=low
1772183537564360944 PROBE_B_END program=low
1772183537766457401 PROBE_B_START program=low
1772183537852184833 PROBE_B_END program=low
1772183538054342790 PROBE_B_START program=low
1772183538147206572 PROBE_B_END program=low
1772183538349351862 PROBE_B_START program=low
1772183538432317102 PROBE_B_END program=low
1772183538634411466 PROBE_B_START program=low
1772183538656439075 PROBE_B_END program=low
1772183538858614699 PROBE_B_START program=low
1772183538880284418 PROBE_B_END program=low
1772183539082794135 PROBE_B_START program=low
1772183539104631300 PROBE_B_END program=low
1772183539306770590 PROBE_B_START program=low
1772183539328386383 PROBE_B_END program=low
1772183539530545340 PROBE_B_START program=low
1772183539553906693 PROBE_B_END program=low
1772183539756583669 PROBE_B_START program=low
1772183539779693874 PROBE_B_END program=low
1772183539981844664 PROBE_B_START program=low
1772183540003381661 PROBE_B_END program=low
1772183540205443617 PROBE_B_START program=low
1772183540227041225 PROBE_B_END program=low
1772183540429221848 PROBE_B_START program=low
1772183540497395126 PROBE_B_END program=low
1772183540699582786 PROBE_B_START program=low
1772183540945999850 PROBE_B_END program=low
1772183541148078306 PROBE_B_START program=low
1772183541341879168 PROBE_B_END program=low
1772183541543957438 PROBE_B_START program=low
1772183541635626384 PROBE_B_END program=low
1772183541837683970 PROBE_B_START program=low
1772183541923446772 PROBE_B_END program=low
1772183542125488486 PROBE_B_START program=low
1772183542147733707 PROBE_B_END program=low
1772183542349838904 PROBE_B_START program=low
1772183542371733902 PROBE_B_END program=low
1772183542573853209 PROBE_B_START program=low
1772183542595395336 PROBE_B_END program=low
1772183542797540032 PROBE_B_START program=low
1772183542819030844 PROBE_B_END program=low
1772183543021206504 PROBE_B_START program=low
1772183543042937668 PROBE_B_END program=low
1772183543245046253 PROBE_B_START program=low
1772183543266564046 PROBE_B_END program=low
1772183543468678890 PROBE_B_START program=low
1772183543490159331 PROBE_B_END program=low
1772183543692263194 PROBE_B_START program=low
1772183543713868099 PROBE_B_END program=low
1772183543916046869 PROBE_B_START program=low
1772183543985186519 PROBE_B_END program=low
1772183544187312049 PROBE_B_START program=low
1772183544278459085 PROBE_B_END program=low
1772183544480561078 PROBE_B_START program=low
1772183544566388935 PROBE_B_END program=low
1772183544768436446 PROBE_B_START program=low
1772183544858287479 PROBE_B_END program=low
1772183545060396694 PROBE_B_START program=low
1772183545135054301 PROBE_B_END program=low
1772183545337183571 PROBE_B_START program=low
1772183545359054310 PROBE_B_END program=low
1772183545561278598 PROBE_B_START program=low
1772183545583411652 PROBE_B_END program=low
1772183545785547292 PROBE_B_START program=low
1772183545809259683 PROBE_B_END program=low
1772183546011785899 PROBE_B_START program=low
1772183546033460007 PROBE_B_END program=low
1772183546235588888 PROBE_B_START program=low
1772183546257256051 PROBE_B_END program=low
1772183546459469173 PROBE_B_START program=low
1772183546480980077 PROBE_B_END program=low
1772183546683137458 PROBE_B_START program=low
1772183546704827974 PROBE_B_END program=low
1772183546906966651 PROBE_B_START program=low
1772183546928616166 PROBE_B_END program=low
1772183547130824806 PROBE_B_START program=low
1772183547199203714 PROBE_B_END program=low
1772183547401274205 PROBE_B_START program=low
1772183547487359451 PROBE_B_END program=low
1772183547689474887 PROBE_B_START program=low
1772183547777791102 PROBE_B_END program=low
1772183547979969668 PROBE_B_START program=low
1772183548070266832 PROBE_B_END program=low
1772183548272393157 PROBE_B_START program=low
1772183548353066501 PROBE_B_END program=low
1772183548555194103 PROBE_B_START program=low
1772183548578926994 PROBE_B_END program=low
1772183548781121560 PROBE_B_START program=low
1772183548802927020 PROBE_B_END program=low
1772183549005109697 R2_IDLE_C seconds=30 actions=B
1772183579006546524 SKIP_PROBE_C seconds=60
