start_ts=1767865203485707615
FANDIR=/sys/devices/platform/cooling_fan/hwmon/hwmon2
format: ts temp throttled pwm_en pwm rpm
1767865203488579593 temp=46.6'C throttled=0x0 pwm_en=2 pwm=0 rpm=0
1767865204500879795 temp=46.6'C throttled=0x0 pwm_en=2 pwm=0 rpm=0
1767865205511229377 temp=47.2'C throttled=0x0 pwm_en=2 pwm=0 rpm=0
1767865206522471247 temp=47.2'C throttled=0x0 pwm_en=2 pwm=0 rpm=0
1767865207532705422 temp=47.2'C throttled=0x0 pwm_en=2 pwm=0 rpm=0
1767865208543029049 temp=47.7'C throttled=0x0 pwm_en=2 pwm=0 rpm=0
1767865209553377307 temp=47.7'C throttled=0x0 pwm_en=2 pwm=0 rpm=0
1767865210563619252 temp=47.2'C throttled=0x0 pwm_en=2 pwm=0 rpm=0
1767865211574021832 temp=47.2'C throttled=0x0 pwm_en=2 pwm=0 rpm=0
1767865212584324915 temp=47.7'C throttled=0x0 pwm_en=2 pwm=0 rpm=0
1767865213594538251 temp=46.6'C throttled=0x0 pwm_en=2 pwm=0 rpm=0
1767865214604763889 temp=47.2'C throttled=0x0 pwm_en=2 pwm=0 rpm=0
1767865215614988395 temp=47.7'C throttled=0x0 pwm_en=2 pwm=0 rpm=0
1767865216625237553 temp=48.3'C throttled=0x0 pwm_en=2 pwm=0 rpm=0
1767865217635611870 temp=48.3'C throttled=0x0 pwm_en=2 pwm=0 rpm=0
1767865218645885910 temp=47.2'C throttled=0x0 pwm_en=2 pwm=0 rpm=0
1767865219656076362 temp=48.3'C throttled=0x0 pwm_en=2 pwm=0 rpm=0
1767865220667042467 temp=47.7'C throttled=0x0 pwm_en=2 pwm=0 rpm=0
1767865221677334432 temp=48.3'C throttled=0x0 pwm_en=2 pwm=0 rpm=0
1767865222687631963 temp=47.7'C throttled=0x0 pwm_en=2 pwm=0 rpm=0
1767865223697814673 temp=47.7'C throttled=0x0 pwm_en=2 pwm=0 rpm=0
1767865224708193143 temp=48.3'C throttled=0x0 pwm_en=2 pwm=0 rpm=0
1767865225718912032 temp=48.3'C throttled=0x0 pwm_en=2 pwm=0 rpm=0
1767865226730452317 temp=48.3'C throttled=0x0 pwm_en=2 pwm=0 rpm=0
1767865227741854242 temp=48.3'C throttled=0x0 pwm_en=2 pwm=0 rpm=0
1767865228753302725 temp=47.7'C throttled=0x0 pwm_en=2 pwm=0 rpm=0
1767865229764666654 temp=49.4'C throttled=0x0 pwm_en=2 pwm=0 rpm=0
1767865230776204207 temp=48.8'C throttled=0x0 pwm_en=2 pwm=0 rpm=0
1767865231787651771 temp=48.3'C throttled=0x0 pwm_en=2 pwm=0 rpm=0
1767865232799125021 temp=48.8'C throttled=0x0 pwm_en=2 pwm=0 rpm=0
1767865233810535966 temp=48.8'C throttled=0x0 pwm_en=2 pwm=0 rpm=0
1767865234821946909 temp=48.3'C throttled=0x0 pwm_en=2 pwm=0 rpm=0
1767865235832447355 temp=48.3'C throttled=0x0 pwm_en=2 pwm=0 rpm=0
1767865236843796084 temp=48.8'C throttled=0x0 pwm_en=2 pwm=0 rpm=0
1767865237855191431 temp=48.3'C throttled=0x0 pwm_en=2 pwm=0 rpm=0
1767865238866630482 temp=48.8'C throttled=0x0 pwm_en=2 pwm=0 rpm=0
1767865239878002538 temp=48.8'C throttled=0x0 pwm_en=2 pwm=0 rpm=0
1767865240889518129 temp=48.8'C throttled=0x0 pwm_en=2 pwm=0 rpm=0
1767865241900972603 temp=48.3'C throttled=0x0 pwm_en=2 pwm=0 rpm=0
1767865242912335664 temp=49.4'C throttled=0x0 pwm_en=2 pwm=0 rpm=0
1767865243923967195 temp=49.4'C throttled=0x0 pwm_en=2 pwm=0 rpm=0
1767865244935545659 temp=48.8'C throttled=0x0 pwm_en=2 pwm=0 rpm=0
1767865245946923238 temp=49.9'C throttled=0x0 pwm_en=2 pwm=0 rpm=0
1767865246958372447 temp=48.3'C throttled=0x0 pwm_en=2 pwm=0 rpm=0
1767865247969716415 temp=49.4'C throttled=0x0 pwm_en=2 pwm=0 rpm=0
1767865248981151212 temp=49.4'C throttled=0x0 pwm_en=2 pwm=0 rpm=0
1767865249992964278 temp=48.8'C throttled=0x0 pwm_en=2 pwm=0 rpm=0
1767865251004287358 temp=49.4'C throttled=0x0 pwm_en=2 pwm=0 rpm=0
1767865252015628318 temp=48.8'C throttled=0x0 pwm_en=2 pwm=0 rpm=0
1767865253026939228 temp=48.3'C throttled=0x0 pwm_en=2 pwm=0 rpm=0
1767865254038353491 temp=49.9'C throttled=0x0 pwm_en=2 pwm=0 rpm=0
1767865255050410292 temp=49.4'C throttled=0x0 pwm_en=2 pwm=0 rpm=0
1767865256061797801 temp=48.8'C throttled=0x0 pwm_en=2 pwm=0 rpm=0
1767865257073176716 temp=50.5'C throttled=0x0 pwm_en=2 pwm=0 rpm=0
1767865258084620869 temp=49.4'C throttled=0x0 pwm_en=2 pwm=0 rpm=0
1767865259096023592 temp=49.4'C throttled=0x0 pwm_en=2 pwm=75 rpm=14
1767865260108154673 temp=48.8'C throttled=0x0 pwm_en=2 pwm=75 rpm=1643
1767865261119504642 temp=49.4'C throttled=0x0 pwm_en=2 pwm=75 rpm=1693
1767865262130916842 temp=48.8'C throttled=0x0 pwm_en=2 pwm=75 rpm=1698
1767865263142365289 temp=49.4'C throttled=0x0 pwm_en=2 pwm=75 rpm=1698
1767865264253954366 temp=49.4'C throttled=0x0 pwm_en=2 pwm=75 rpm=1696
1767865265264415540 temp=49.4'C throttled=0x0 pwm_en=2 pwm=75 rpm=1697
1767865266274714089 temp=47.7'C throttled=0x0 pwm_en=2 pwm=75 rpm=1697
1767865267284997066 temp=48.8'C throttled=0x0 pwm_en=2 pwm=75 rpm=1697
1767865268295321747 temp=48.8'C throttled=0x0 pwm_en=2 pwm=75 rpm=1696
1767865269307119678 temp=48.3'C throttled=0x0 pwm_en=2 pwm=75 rpm=1697
1767865270318389833 temp=48.3'C throttled=0x0 pwm_en=2 pwm=75 rpm=1697
1767865271329720912 temp=48.3'C throttled=0x0 pwm_en=2 pwm=75 rpm=1698
1767865272341051505 temp=47.7'C throttled=0x0 pwm_en=2 pwm=75 rpm=1697
1767865273352200095 temp=46.6'C throttled=0x0 pwm_en=2 pwm=75 rpm=1699
1767865274363944083 temp=48.3'C throttled=0x0 pwm_en=2 pwm=75 rpm=1700
1767865275375099457 temp=49.4'C throttled=0x0 pwm_en=2 pwm=75 rpm=1699
1767865276386328064 temp=46.6'C throttled=0x0 pwm_en=2 pwm=75 rpm=1700
1767865277397514014 temp=48.3'C throttled=0x0 pwm_en=2 pwm=75 rpm=1699
1767865278408855176 temp=47.7'C throttled=0x0 pwm_en=2 pwm=75 rpm=1702
1767865279420055439 temp=47.7'C throttled=0x0 pwm_en=2 pwm=75 rpm=1701
1767865280431252174 temp=48.3'C throttled=0x0 pwm_en=2 pwm=75 rpm=1702
1767865281442421618 temp=48.8'C throttled=0x0 pwm_en=2 pwm=75 rpm=1703
1767865282453581346 temp=47.7'C throttled=0x0 pwm_en=2 pwm=75 rpm=1702
1767865283464838796 temp=47.7'C throttled=0x0 pwm_en=2 pwm=75 rpm=1703
1767865284476046278 temp=47.2'C throttled=0x0 pwm_en=2 pwm=75 rpm=1706
1767865285488244378 temp=47.2'C throttled=0x0 pwm_en=2 pwm=75 rpm=1705
1767865286499400698 temp=47.2'C throttled=0x0 pwm_en=2 pwm=75 rpm=1705
1767865287510574546 temp=47.7'C throttled=0x0 pwm_en=2 pwm=75 rpm=1707
1767865288521820902 temp=47.7'C throttled=0x0 pwm_en=2 pwm=75 rpm=1707
1767865289532995355 temp=46.1'C throttled=0x0 pwm_en=2 pwm=75 rpm=1707
1767865290545164441 temp=47.2'C throttled=0x0 pwm_en=2 pwm=75 rpm=1709
1767865291556443865 temp=47.7'C throttled=0x0 pwm_en=2 pwm=75 rpm=1708
1767865292567683253 temp=47.2'C throttled=0x0 pwm_en=2 pwm=75 rpm=1710
1767865293578948239 temp=46.6'C throttled=0x0 pwm_en=2 pwm=75 rpm=1710
1767865294590226491 temp=47.7'C throttled=0x0 pwm_en=2 pwm=75 rpm=1713
1767865295601671169 temp=46.6'C throttled=0x0 pwm_en=2 pwm=75 rpm=1713
1767865296612940801 temp=47.2'C throttled=0x0 pwm_en=2 pwm=75 rpm=1711
1767865297623581387 temp=46.6'C throttled=0x0 pwm_en=2 pwm=75 rpm=1714
1767865298635152363 temp=45.5'C throttled=0x0 pwm_en=2 pwm=75 rpm=1714
1767865299646405073 temp=47.2'C throttled=0x0 pwm_en=2 pwm=75 rpm=1713
1767865300658648813 temp=47.2'C throttled=0x0 pwm_en=2 pwm=75 rpm=1715
1767865301669879301 temp=46.6'C throttled=0x0 pwm_en=2 pwm=75 rpm=1715
1767865302681074272 temp=47.2'C throttled=0x0 pwm_en=2 pwm=75 rpm=1715
1767865303692864284 temp=47.7'C throttled=0x0 pwm_en=2 pwm=75 rpm=1716
1767865304704095507 temp=46.1'C throttled=0x0 pwm_en=2 pwm=75 rpm=1715
1767865305715486176 temp=46.1'C throttled=0x0 pwm_en=2 pwm=75 rpm=1716
1767865306726821958 temp=47.2'C throttled=0x0 pwm_en=2 pwm=75 rpm=1718
1767865307738199987 temp=47.2'C throttled=0x0 pwm_en=2 pwm=75 rpm=1719
1767865308749816671 temp=46.6'C throttled=0x0 pwm_en=2 pwm=75 rpm=1718
1767865309761037596 temp=46.6'C throttled=0x0 pwm_en=2 pwm=75 rpm=1718
1767865310773241388 temp=46.6'C throttled=0x0 pwm_en=2 pwm=75 rpm=1719
1767865311784545937 temp=46.6'C throttled=0x0 pwm_en=2 pwm=75 rpm=1719
1767865312795765481 temp=46.6'C throttled=0x0 pwm_en=2 pwm=75 rpm=1719
1767865313807485952 temp=47.7'C throttled=0x0 pwm_en=2 pwm=75 rpm=1720
1767865314818751789 temp=46.1'C throttled=0x0 pwm_en=2 pwm=75 rpm=1722
1767865315831283157 temp=46.6'C throttled=0x0 pwm_en=2 pwm=75 rpm=1721
1767865316842510274 temp=45.0'C throttled=0x0 pwm_en=2 pwm=75 rpm=1721
1767865317853743841 temp=46.6'C throttled=0x0 pwm_en=2 pwm=75 rpm=1722
1767865318865742061 temp=46.1'C throttled=0x0 pwm_en=2 pwm=75 rpm=1724
1767865319876912508 temp=46.1'C throttled=0x0 pwm_en=2 pwm=75 rpm=1724
1767865320888128329 temp=46.6'C throttled=0x0 pwm_en=2 pwm=75 rpm=1723
1767865321899476845 temp=46.1'C throttled=0x0 pwm_en=2 pwm=75 rpm=1722
1767865322910737456 temp=46.6'C throttled=0x0 pwm_en=2 pwm=75 rpm=1722
1767865323921989938 temp=47.7'C throttled=0x0 pwm_en=2 pwm=0 rpm=1715
1767865324930819856 temp=47.2'C throttled=0x0 pwm_en=2 pwm=0 rpm=0
1767865325939794617 temp=47.7'C throttled=0x0 pwm_en=2 pwm=0 rpm=0
1767865326948773148 temp=48.3'C throttled=0x0 pwm_en=2 pwm=0 rpm=0
1767865327957843029 temp=47.2'C throttled=0x0 pwm_en=2 pwm=0 rpm=0
1767865328967152955 temp=48.3'C throttled=0x0 pwm_en=2 pwm=0 rpm=0
1767865329977786211 temp=47.7'C throttled=0x0 pwm_en=2 pwm=0 rpm=0
1767865330989468889 temp=47.2'C throttled=0x0 pwm_en=2 pwm=0 rpm=0
1767865332000745463 temp=47.2'C throttled=0x0 pwm_en=2 pwm=0 rpm=0
1767865333012364397 temp=47.7'C throttled=0x0 pwm_en=2 pwm=0 rpm=0
1767865334024586997 temp=47.2'C throttled=0x0 pwm_en=2 pwm=0 rpm=0
1767865335036446176 temp=47.2'C throttled=0x0 pwm_en=2 pwm=0 rpm=0
1767865336048186018 temp=47.7'C throttled=0x0 pwm_en=2 pwm=0 rpm=0
1767865337059486319 temp=47.7'C throttled=0x0 pwm_en=2 pwm=0 rpm=0
1767865338071328563 temp=48.3'C throttled=0x0 pwm_en=2 pwm=0 rpm=0
1767865339083021503 temp=48.8'C throttled=0x0 pwm_en=2 pwm=0 rpm=0
1767865340094808758 temp=48.3'C throttled=0x0 pwm_en=2 pwm=0 rpm=0
1767865341106479328 temp=47.7'C throttled=0x0 pwm_en=2 pwm=0 rpm=0
1767865342118302538 temp=47.7'C throttled=0x0 pwm_en=2 pwm=0 rpm=0
1767865343130711084 temp=48.8'C throttled=0x0 pwm_en=2 pwm=0 rpm=0
1767865344145720650 temp=48.3'C throttled=0x0 pwm_en=2 pwm=0 rpm=0
1767865345257763625 temp=47.7'C throttled=0x0 pwm_en=2 pwm=0 rpm=0
1767865346268410770 temp=50.5'C throttled=0x0 pwm_en=2 pwm=0 rpm=0
1767865347278929313 temp=49.4'C throttled=0x0 pwm_en=2 pwm=0 rpm=0
1767865348289696207 temp=48.8'C throttled=0x0 pwm_en=2 pwm=0 rpm=0
1767865349300441489 temp=48.3'C throttled=0x0 pwm_en=2 pwm=0 rpm=0
1767865350312426589 temp=48.3'C throttled=0x0 pwm_en=2 pwm=0 rpm=0
1767865351324284138 temp=48.3'C throttled=0x0 pwm_en=2 pwm=0 rpm=0
1767865352336342812 temp=48.3'C throttled=0x0 pwm_en=2 pwm=0 rpm=0
1767865353347599155 temp=47.2'C throttled=0x0 pwm_en=2 pwm=0 rpm=0
1767865354358904369 temp=49.9'C throttled=0x0 pwm_en=2 pwm=0 rpm=0
1767865355370576683 temp=49.4'C throttled=0x0 pwm_en=2 pwm=0 rpm=0
1767865356382460932 temp=49.4'C throttled=0x0 pwm_en=2 pwm=0 rpm=0
1767865357394053946 temp=49.4'C throttled=0x0 pwm_en=2 pwm=0 rpm=0
1767865358405809363 temp=49.4'C throttled=0x0 pwm_en=2 pwm=0 rpm=0
1767865359417597335 temp=49.4'C throttled=0x0 pwm_en=2 pwm=0 rpm=0
1767865360429530957 temp=49.4'C throttled=0x0 pwm_en=2 pwm=0 rpm=0
1767865361441480103 temp=49.4'C throttled=0x0 pwm_en=2 pwm=0 rpm=0
1767865362453373199 temp=49.4'C throttled=0x0 pwm_en=2 pwm=0 rpm=0
1767865363465303695 temp=49.9'C throttled=0x0 pwm_en=2 pwm=0 rpm=0
1767865364477113796 temp=51.6'C throttled=0x0 pwm_en=2 pwm=0 rpm=0
1767865365488901375 temp=49.4'C throttled=0x0 pwm_en=2 pwm=0 rpm=0
1767865366500576140 temp=49.4'C throttled=0x0 pwm_en=2 pwm=75 rpm=22
1767865367511471863 temp=49.4'C throttled=0x0 pwm_en=2 pwm=75 rpm=1613
1767865368523352233 temp=49.4'C throttled=0x0 pwm_en=2 pwm=75 rpm=1671
1767865369534665311 temp=49.9'C throttled=0x0 pwm_en=2 pwm=75 rpm=1673
1767865370546261977 temp=48.8'C throttled=0x0 pwm_en=2 pwm=75 rpm=1674
1767865371557604638 temp=49.9'C throttled=0x0 pwm_en=2 pwm=75 rpm=1675
1767865372568931354 temp=48.8'C throttled=0x0 pwm_en=2 pwm=75 rpm=1675
1767865373580327924 temp=49.9'C throttled=0x0 pwm_en=2 pwm=75 rpm=1675
1767865374592795824 temp=49.4'C throttled=0x0 pwm_en=2 pwm=75 rpm=1675
1767865375604634169 temp=49.4'C throttled=0x0 pwm_en=2 pwm=75 rpm=1675
1767865376616552210 temp=48.8'C throttled=0x0 pwm_en=2 pwm=75 rpm=1675
1767865377628257094 temp=49.4'C throttled=0x0 pwm_en=2 pwm=75 rpm=1675
1767865378640056901 temp=48.8'C throttled=0x0 pwm_en=2 pwm=75 rpm=1676
1767865379651866299 temp=49.4'C throttled=0x0 pwm_en=2 pwm=75 rpm=1678
1767865380663799420 temp=48.8'C throttled=0x0 pwm_en=2 pwm=75 rpm=1678
1767865381675529895 temp=49.4'C throttled=0x0 pwm_en=2 pwm=75 rpm=1678
1767865382688140828 temp=48.8'C throttled=0x0 pwm_en=2 pwm=75 rpm=1679
1767865383700249708 temp=47.7'C throttled=0x0 pwm_en=2 pwm=75 rpm=1679
1767865384711016734 temp=48.3'C throttled=0x0 pwm_en=2 pwm=75 rpm=1680
1767865385722902504 temp=48.3'C throttled=0x0 pwm_en=2 pwm=75 rpm=1680
1767865386733586501 temp=48.3'C throttled=0x0 pwm_en=2 pwm=75 rpm=1681
1767865387744801519 temp=48.8'C throttled=0x0 pwm_en=2 pwm=75 rpm=1680
1767865388755791960 temp=48.8'C throttled=0x0 pwm_en=2 pwm=75 rpm=1681
1767865389766961257 temp=48.8'C throttled=0x0 pwm_en=2 pwm=75 rpm=1682
1767865390778074428 temp=48.3'C throttled=0x0 pwm_en=2 pwm=75 rpm=1684
1767865391789034289 temp=48.8'C throttled=0x0 pwm_en=2 pwm=75 rpm=1685
1767865392799418228 temp=49.4'C throttled=0x0 pwm_en=2 pwm=75 rpm=1686
1767865393810776536 temp=48.8'C throttled=0x0 pwm_en=2 pwm=75 rpm=1686
1767865394822323450 temp=48.8'C throttled=0x0 pwm_en=2 pwm=75 rpm=1687
1767865395833803284 temp=48.8'C throttled=0x0 pwm_en=2 pwm=75 rpm=1690
1767865397231776844 temp=48.8'C throttled=0x0 pwm_en=2 pwm=75 rpm=1691
1767865398242708831 temp=47.2'C throttled=0x0 pwm_en=2 pwm=75 rpm=1691
1767865399253465910 temp=48.3'C throttled=0x0 pwm_en=2 pwm=75 rpm=1691
1767865400264385642 temp=48.8'C throttled=0x0 pwm_en=2 pwm=75 rpm=1693
1767865401275559806 temp=48.3'C throttled=0x0 pwm_en=2 pwm=75 rpm=1693
1767865402286477104 temp=47.7'C throttled=0x0 pwm_en=2 pwm=75 rpm=1693
1767865403297531930 temp=48.3'C throttled=0x0 pwm_en=2 pwm=75 rpm=1694
1767865404308485968 temp=47.7'C throttled=0x0 pwm_en=2 pwm=75 rpm=1696
1767865405319350796 temp=48.8'C throttled=0x0 pwm_en=2 pwm=75 rpm=1695
1767865406329969097 temp=47.7'C throttled=0x0 pwm_en=2 pwm=75 rpm=1696
1767865407340424894 temp=48.3'C throttled=0x0 pwm_en=2 pwm=75 rpm=1696
1767865408350933910 temp=48.8'C throttled=0x0 pwm_en=2 pwm=75 rpm=1696
1767865409361399759 temp=48.3'C throttled=0x0 pwm_en=2 pwm=75 rpm=1698
1767865410372064757 temp=48.3'C throttled=0x0 pwm_en=2 pwm=75 rpm=1698
1767865411382453811 temp=47.7'C throttled=0x0 pwm_en=2 pwm=75 rpm=1700
1767865412393664096 temp=48.3'C throttled=0x0 pwm_en=2 pwm=75 rpm=1701
1767865413404833570 temp=47.7'C throttled=0x0 pwm_en=2 pwm=75 rpm=1700
1767865414416184144 temp=48.8'C throttled=0x0 pwm_en=2 pwm=75 rpm=1702
1767865415427687929 temp=47.7'C throttled=0x0 pwm_en=2 pwm=75 rpm=1702
1767865416439606040 temp=47.7'C throttled=0x0 pwm_en=2 pwm=75 rpm=1702
1767865417450332600 temp=48.3'C throttled=0x0 pwm_en=2 pwm=75 rpm=1702
1767865418461041875 temp=47.7'C throttled=0x0 pwm_en=2 pwm=75 rpm=1705
1767865419472647037 temp=47.7'C throttled=0x0 pwm_en=2 pwm=75 rpm=1704
1767865420483352579 temp=48.3'C throttled=0x0 pwm_en=2 pwm=75 rpm=1706
1767865421493951581 temp=48.3'C throttled=0x0 pwm_en=2 pwm=75 rpm=1705
1767865422504771618 temp=47.7'C throttled=0x0 pwm_en=2 pwm=75 rpm=1707
1767865423515538080 temp=47.7'C throttled=0x0 pwm_en=2 pwm=75 rpm=1705
1767865424526287598 temp=48.8'C throttled=0x0 pwm_en=2 pwm=75 rpm=1706
1767865425536788987 temp=47.7'C throttled=0x0 pwm_en=2 pwm=75 rpm=1707
1767865426547621621 temp=47.7'C throttled=0x0 pwm_en=2 pwm=75 rpm=1709
1767865427558399128 temp=47.7'C throttled=0x0 pwm_en=2 pwm=75 rpm=1709
1767865428569124900 temp=47.7'C throttled=0x0 pwm_en=2 pwm=75 rpm=1709
1767865429579894141 temp=47.2'C throttled=0x0 pwm_en=2 pwm=75 rpm=1710
1767865430590277183 temp=47.7'C throttled=0x0 pwm_en=2 pwm=75 rpm=1709
1767865431600619826 temp=47.2'C throttled=0x0 pwm_en=2 pwm=75 rpm=1710
1767865432610868718 temp=47.7'C throttled=0x0 pwm_en=2 pwm=75 rpm=1710
1767865433621108529 temp=47.7'C throttled=0x0 pwm_en=2 pwm=75 rpm=1710
1767865434631681703 temp=46.6'C throttled=0x0 pwm_en=2 pwm=75 rpm=1710
1767865435642472965 temp=47.7'C throttled=0x0 pwm_en=2 pwm=75 rpm=1710
1767865436654423762 temp=47.2'C throttled=0x0 pwm_en=2 pwm=75 rpm=1710
1767865437666331981 temp=47.7'C throttled=0x0 pwm_en=2 pwm=75 rpm=1708
1767865438678131918 temp=47.2'C throttled=0x0 pwm_en=2 pwm=75 rpm=1709
1767865439690084631 temp=46.1'C throttled=0x0 pwm_en=2 pwm=75 rpm=1710
1767865440701787286 temp=46.6'C throttled=0x0 pwm_en=2 pwm=75 rpm=1709
1767865441712397677 temp=47.2'C throttled=0x0 pwm_en=2 pwm=75 rpm=1710
1767865442722821363 temp=47.7'C throttled=0x0 pwm_en=2 pwm=75 rpm=1709
1767865443733775682 temp=47.7'C throttled=0x0 pwm_en=2 pwm=75 rpm=1710
1767865444744768392 temp=47.2'C throttled=0x0 pwm_en=2 pwm=75 rpm=1708
1767865445755385382 temp=47.7'C throttled=0x0 pwm_en=2 pwm=75 rpm=1709
1767865446766116857 temp=47.2'C throttled=0x0 pwm_en=2 pwm=75 rpm=1711
1767865447776732521 temp=47.2'C throttled=0x0 pwm_en=2 pwm=75 rpm=1710
1767865448787253208 temp=47.7'C throttled=0x0 pwm_en=2 pwm=75 rpm=1712
1767865449798213181 temp=47.2'C throttled=0x0 pwm_en=2 pwm=75 rpm=1712
1767865450809230957 temp=47.7'C throttled=0x0 pwm_en=2 pwm=75 rpm=1712
1767865451819649979 temp=47.2'C throttled=0x0 pwm_en=2 pwm=75 rpm=1713
1767865452830511067 temp=47.7'C throttled=0x0 pwm_en=2 pwm=75 rpm=1712
1767865453840758644 temp=46.6'C throttled=0x0 pwm_en=2 pwm=75 rpm=1714
1767865454851039823 temp=47.7'C throttled=0x0 pwm_en=2 pwm=75 rpm=1714
1767865455862567886 temp=47.7'C throttled=0x0 pwm_en=2 pwm=75 rpm=1713
1767865458252622953 temp=48.3'C throttled=0x0 pwm_en=2 pwm=75 rpm=1714
1767865459263319293 temp=46.6'C throttled=0x0 pwm_en=2 pwm=75 rpm=1713
1767865460274160074 temp=47.7'C throttled=0x0 pwm_en=2 pwm=75 rpm=1713
1767865461285128276 temp=47.7'C throttled=0x0 pwm_en=2 pwm=75 rpm=1715
1767865462296455457 temp=47.2'C throttled=0x0 pwm_en=2 pwm=75 rpm=1714
1767865463307345763 temp=47.7'C throttled=0x0 pwm_en=2 pwm=75 rpm=1716
1767865464317900993 temp=47.7'C throttled=0x0 pwm_en=2 pwm=75 rpm=1716
1767865465328603276 temp=46.6'C throttled=0x0 pwm_en=2 pwm=75 rpm=1715
1767865466339394966 temp=47.7'C throttled=0x0 pwm_en=2 pwm=75 rpm=1715
1767865467350242007 temp=47.7'C throttled=0x0 pwm_en=2 pwm=75 rpm=1717
1767865468360670455 temp=47.2'C throttled=0x0 pwm_en=2 pwm=75 rpm=1718
1767865469371489738 temp=48.3'C throttled=0x0 pwm_en=2 pwm=75 rpm=1716
1767865470382610319 temp=47.2'C throttled=0x0 pwm_en=2 pwm=75 rpm=1718
1767865471393843328 temp=47.2'C throttled=0x0 pwm_en=2 pwm=75 rpm=1716
1767865472504682644 temp=47.2'C throttled=0x0 pwm_en=2 pwm=75 rpm=1718
1767865473598891329 temp=47.2'C throttled=0x0 pwm_en=2 pwm=75 rpm=1715
1767865474609242802 temp=46.6'C throttled=0x0 pwm_en=2 pwm=75 rpm=1716
1767865475619638038 temp=47.2'C throttled=0x0 pwm_en=2 pwm=75 rpm=1717
1767865476630035149 temp=47.2'C throttled=0x0 pwm_en=2 pwm=75 rpm=1716
1767865477640417265 temp=47.2'C throttled=0x0 pwm_en=2 pwm=75 rpm=1715
1767865478650842387 temp=47.2'C throttled=0x0 pwm_en=2 pwm=75 rpm=1716
1767865479661691293 temp=47.7'C throttled=0x0 pwm_en=2 pwm=75 rpm=1716
1767865480672336132 temp=46.6'C throttled=0x0 pwm_en=2 pwm=75 rpm=1715
1767865481683031959 temp=47.2'C throttled=0x0 pwm_en=2 pwm=75 rpm=1715
1767865482693759405 temp=47.2'C throttled=0x0 pwm_en=2 pwm=75 rpm=1715
1767865483704383192 temp=47.2'C throttled=0x0 pwm_en=2 pwm=75 rpm=1714
1767865484715013062 temp=47.2'C throttled=0x0 pwm_en=2 pwm=75 rpm=1715
1767865485725756385 temp=47.2'C throttled=0x0 pwm_en=2 pwm=75 rpm=1714
1767865486738600610 temp=47.7'C throttled=0x0 pwm_en=2 pwm=75 rpm=1714
1767865487750407806 temp=46.6'C throttled=0x0 pwm_en=2 pwm=75 rpm=1715
1767865488762222753 temp=47.2'C throttled=0x0 pwm_en=2 pwm=75 rpm=1715
1767865489773701766 temp=47.2'C throttled=0x0 pwm_en=2 pwm=75 rpm=1714
1767865490785070678 temp=46.6'C throttled=0x0 pwm_en=2 pwm=75 rpm=1714
1767865491796240990 temp=47.2'C throttled=0x0 pwm_en=2 pwm=75 rpm=1714
1767865492807509259 temp=47.2'C throttled=0x0 pwm_en=2 pwm=75 rpm=1713
1767865493818801299 temp=47.7'C throttled=0x0 pwm_en=2 pwm=75 rpm=1714
1767865494830377056 temp=47.2'C throttled=0x0 pwm_en=2 pwm=75 rpm=1714
1767865495842221901 temp=46.6'C throttled=0x0 pwm_en=2 pwm=75 rpm=1713
1767865496854129851 temp=47.2'C throttled=0x0 pwm_en=2 pwm=75 rpm=1714
1767865497866095427 temp=47.2'C throttled=0x0 pwm_en=2 pwm=75 rpm=1713
1767865498879199240 temp=47.2'C throttled=0x0 pwm_en=2 pwm=75 rpm=1712
1767865499890985826 temp=47.2'C throttled=0x0 pwm_en=2 pwm=75 rpm=1712
1767865500902244444 temp=47.2'C throttled=0x0 pwm_en=2 pwm=75 rpm=1712
1767865501914143189 temp=47.7'C throttled=0x0 pwm_en=2 pwm=75 rpm=1713
1767865502925901708 temp=47.2'C throttled=0x0 pwm_en=2 pwm=75 rpm=1712
1767865503937632262 temp=47.2'C throttled=0x0 pwm_en=2 pwm=75 rpm=1710
1767865504949670944 temp=47.2'C throttled=0x0 pwm_en=2 pwm=75 rpm=1711
1767865505961447179 temp=46.6'C throttled=0x0 pwm_en=2 pwm=75 rpm=1710
1767865506973452876 temp=46.1'C throttled=0x0 pwm_en=2 pwm=75 rpm=1709
1767865507985167941 temp=47.2'C throttled=0x0 pwm_en=2 pwm=75 rpm=1711
1767865508997000784 temp=46.6'C throttled=0x0 pwm_en=2 pwm=75 rpm=1709
1767865510010489164 temp=46.6'C throttled=0x0 pwm_en=2 pwm=75 rpm=1710
1767865511022097634 temp=46.1'C throttled=0x0 pwm_en=2 pwm=75 rpm=1709
1767865512033811438 temp=47.2'C throttled=0x0 pwm_en=2 pwm=75 rpm=1709
1767865513045606853 temp=46.6'C throttled=0x0 pwm_en=2 pwm=75 rpm=1708
1767865514057082379 temp=46.6'C throttled=0x0 pwm_en=2 pwm=75 rpm=1707
1767865515068415924 temp=46.1'C throttled=0x0 pwm_en=2 pwm=75 rpm=1708
1767865516079697286 temp=46.6'C throttled=0x0 pwm_en=2 pwm=75 rpm=1707
1767865517091008259 temp=46.6'C throttled=0x0 pwm_en=2 pwm=75 rpm=1707
1767865518102371290 temp=45.0'C throttled=0x0 pwm_en=2 pwm=75 rpm=1707
1767865519115695769 temp=47.2'C throttled=0x0 pwm_en=2 pwm=75 rpm=1709
1767865520127542694 temp=46.1'C throttled=0x0 pwm_en=2 pwm=75 rpm=1707
1767865521138419693 temp=45.0'C throttled=0x0 pwm_en=2 pwm=75 rpm=1707
1767865522148991251 temp=47.2'C throttled=0x0 pwm_en=2 pwm=75 rpm=1706
1767865523159873664 temp=47.2'C throttled=0x0 pwm_en=2 pwm=75 rpm=1706
1767865524171718173 temp=46.6'C throttled=0x0 pwm_en=2 pwm=75 rpm=1706
1767865525183389760 temp=47.2'C throttled=0x0 pwm_en=2 pwm=75 rpm=1705
1767865526194994924 temp=46.6'C throttled=0x0 pwm_en=2 pwm=75 rpm=1707
1767865527206568555 temp=46.6'C throttled=0x0 pwm_en=2 pwm=75 rpm=1707
1767865528218717969 temp=46.6'C throttled=0x0 pwm_en=2 pwm=75 rpm=1704
1767865529230717738 temp=46.6'C throttled=0x0 pwm_en=2 pwm=75 rpm=1706
1767865530242525698 temp=46.6'C throttled=0x0 pwm_en=2 pwm=75 rpm=1706
1767865531254400661 temp=46.6'C throttled=0x0 pwm_en=2 pwm=75 rpm=1704
1767865532266049741 temp=46.6'C throttled=0x0 pwm_en=2 pwm=75 rpm=1705
1767865533277403696 temp=46.6'C throttled=0x0 pwm_en=2 pwm=75 rpm=1705
1767865534288813676 temp=47.2'C throttled=0x0 pwm_en=2 pwm=75 rpm=1706
1767865535300328660 temp=48.3'C throttled=0x0 pwm_en=2 pwm=75 rpm=1706
1767865536311590910 temp=47.2'C throttled=0x0 pwm_en=2 pwm=75 rpm=1705
1767865537322838592 temp=46.1'C throttled=0x0 pwm_en=2 pwm=75 rpm=1704
1767865538333305506 temp=46.6'C throttled=0x0 pwm_en=2 pwm=75 rpm=1705
1767865539345107599 temp=46.1'C throttled=0x0 pwm_en=2 pwm=75 rpm=1704
1767865540356439478 temp=46.1'C throttled=0x0 pwm_en=2 pwm=75 rpm=1706
1767865541368076899 temp=46.6'C throttled=0x0 pwm_en=2 pwm=75 rpm=1707
1767865542480797578 temp=46.6'C throttled=0x0 pwm_en=2 pwm=75 rpm=1704
1767865543491429245 temp=46.1'C throttled=0x0 pwm_en=2 pwm=75 rpm=1704
1767865544502360380 temp=47.2'C throttled=0x0 pwm_en=2 pwm=75 rpm=1704
1767865545513292928 temp=46.6'C throttled=0x0 pwm_en=2 pwm=75 rpm=1706
1767865546524167833 temp=47.2'C throttled=0x0 pwm_en=2 pwm=75 rpm=1705
1767865547534763246 temp=46.6'C throttled=0x0 pwm_en=2 pwm=75 rpm=1706
1767865548545466014 temp=46.6'C throttled=0x0 pwm_en=2 pwm=75 rpm=1705
1767865549556407508 temp=47.2'C throttled=0x0 pwm_en=2 pwm=75 rpm=1705
1767865550567188785 temp=46.6'C throttled=0x0 pwm_en=2 pwm=75 rpm=1706
1767865551577459494 temp=47.7'C throttled=0x0 pwm_en=2 pwm=75 rpm=1704
1767865552587906669 temp=46.6'C throttled=0x0 pwm_en=2 pwm=75 rpm=1706
1767865553599141454 temp=47.2'C throttled=0x0 pwm_en=2 pwm=75 rpm=1705
1767865554609548284 temp=46.6'C throttled=0x0 pwm_en=2 pwm=75 rpm=1706
1767865555619955986 temp=47.2'C throttled=0x0 pwm_en=2 pwm=75 rpm=1706
1767865556630483449 temp=47.2'C throttled=0x0 pwm_en=2 pwm=75 rpm=1707
1767865557641374820 temp=46.6'C throttled=0x0 pwm_en=2 pwm=75 rpm=1705
1767865558652186971 temp=46.1'C throttled=0x0 pwm_en=2 pwm=75 rpm=1708
1767865559662990141 temp=46.6'C throttled=0x0 pwm_en=2 pwm=75 rpm=1706
1767865560673741424 temp=47.2'C throttled=0x0 pwm_en=2 pwm=75 rpm=1708
1767865561684644411 temp=47.2'C throttled=0x0 pwm_en=2 pwm=75 rpm=1706
1767865562695556157 temp=46.6'C throttled=0x0 pwm_en=2 pwm=75 rpm=1707
1767865563706516051 temp=46.1'C throttled=0x0 pwm_en=2 pwm=75 rpm=1707
1767865564717594648 temp=46.6'C throttled=0x0 pwm_en=2 pwm=75 rpm=1708
1767865565728736189 temp=47.2'C throttled=0x0 pwm_en=2 pwm=75 rpm=1706
1767865566740641596 temp=46.6'C throttled=0x0 pwm_en=2 pwm=75 rpm=1706
1767865567751411101 temp=46.6'C throttled=0x0 pwm_en=2 pwm=75 rpm=1708
1767865568762101419 temp=46.6'C throttled=0x0 pwm_en=2 pwm=75 rpm=1706
1767865569772489811 temp=46.6'C throttled=0x0 pwm_en=2 pwm=75 rpm=1707
1767865570783587790 temp=46.1'C throttled=0x0 pwm_en=2 pwm=75 rpm=1706
1767865571794388251 temp=46.6'C throttled=0x0 pwm_en=2 pwm=75 rpm=1708
1767865572805165616 temp=46.6'C throttled=0x0 pwm_en=2 pwm=75 rpm=1705
1767865573815818313 temp=46.1'C throttled=0x0 pwm_en=2 pwm=75 rpm=1708
1767865574826994226 temp=46.6'C throttled=0x0 pwm_en=2 pwm=75 rpm=1706
1767865575837286233 temp=46.1'C throttled=0x0 pwm_en=2 pwm=75 rpm=1707
1767865576847638607 temp=46.1'C throttled=0x0 pwm_en=2 pwm=75 rpm=1706
1767865577857889255 temp=46.6'C throttled=0x0 pwm_en=2 pwm=75 rpm=1708
1767865578869603040 temp=47.2'C throttled=0x0 pwm_en=2 pwm=75 rpm=1707
1767865579881477913 temp=46.1'C throttled=0x0 pwm_en=2 pwm=75 rpm=1707
1767865580893362078 temp=47.2'C throttled=0x0 pwm_en=2 pwm=75 rpm=1707
1767865581905274571 temp=46.6'C throttled=0x0 pwm_en=2 pwm=75 rpm=1706
1767865582917375596 temp=45.0'C throttled=0x0 pwm_en=2 pwm=75 rpm=1707
1767865583929332541 temp=46.6'C throttled=0x0 pwm_en=2 pwm=75 rpm=1706
1767865584940882558 temp=46.1'C throttled=0x0 pwm_en=2 pwm=75 rpm=1708
1767865585952740308 temp=47.2'C throttled=0x0 pwm_en=2 pwm=75 rpm=1707
1767865586964611681 temp=46.6'C throttled=0x0 pwm_en=2 pwm=75 rpm=1707
1767865587976405604 temp=46.1'C throttled=0x0 pwm_en=2 pwm=75 rpm=1707
1767865588988748815 temp=46.6'C throttled=0x0 pwm_en=2 pwm=75 rpm=1707
1767865590000723298 temp=46.1'C throttled=0x0 pwm_en=2 pwm=75 rpm=1708
1767865591012669163 temp=46.6'C throttled=0x0 pwm_en=2 pwm=75 rpm=1708
1767865592024798466 temp=46.6'C throttled=0x0 pwm_en=2 pwm=75 rpm=1709
1767865593036308652 temp=46.6'C throttled=0x0 pwm_en=2 pwm=75 rpm=1708
1767865594047564424 temp=46.6'C throttled=0x0 pwm_en=2 pwm=75 rpm=1710
1767865595058807374 temp=46.1'C throttled=0x0 pwm_en=2 pwm=75 rpm=1709
1767865596070125556 temp=46.6'C throttled=0x0 pwm_en=2 pwm=75 rpm=1710
1767865597081489785 temp=46.6'C throttled=0x0 pwm_en=2 pwm=75 rpm=1710
1767865598093469336 temp=47.2'C throttled=0x0 pwm_en=2 pwm=75 rpm=1708
1767865599105269120 temp=46.6'C throttled=0x0 pwm_en=2 pwm=75 rpm=1710
1767865600116894969 temp=46.6'C throttled=0x0 pwm_en=2 pwm=75 rpm=1708
1767865601128530550 temp=46.6'C throttled=0x0 pwm_en=2 pwm=75 rpm=1710
1767865602139498495 temp=46.6'C throttled=0x0 pwm_en=2 pwm=75 rpm=1709
1767865603151827943 temp=46.1'C throttled=0x0 pwm_en=2 pwm=75 rpm=1711
1767865604163526754 temp=46.1'C throttled=0x0 pwm_en=2 pwm=75 rpm=1711
1767865605175267314 temp=46.1'C throttled=0x0 pwm_en=2 pwm=75 rpm=1710
1767865606187449935 temp=46.6'C throttled=0x0 pwm_en=2 pwm=75 rpm=1710
1767865607199075790 temp=46.6'C throttled=0x0 pwm_en=2 pwm=75 rpm=1709
1767865608210890651 temp=45.5'C throttled=0x0 pwm_en=2 pwm=75 rpm=1710
1767865609221432173 temp=46.6'C throttled=0x0 pwm_en=2 pwm=75 rpm=1710
1767865610233037902 temp=46.1'C throttled=0x0 pwm_en=2 pwm=75 rpm=1709
1767865611244583120 temp=46.6'C throttled=0x0 pwm_en=2 pwm=75 rpm=1711
1767865612256538139 temp=46.6'C throttled=0x0 pwm_en=2 pwm=75 rpm=1710
1767865613267903927 temp=46.6'C throttled=0x0 pwm_en=2 pwm=75 rpm=1711
1767865614279139722 temp=46.1'C throttled=0x0 pwm_en=2 pwm=75 rpm=1711
1767865615290482485 temp=46.1'C throttled=0x0 pwm_en=2 pwm=75 rpm=1709
1767865616301809588 temp=47.2'C throttled=0x0 pwm_en=2 pwm=75 rpm=1711
1767865617313917880 temp=46.6'C throttled=0x0 pwm_en=2 pwm=75 rpm=1709
1767865618325558475 temp=46.6'C throttled=0x0 pwm_en=2 pwm=75 rpm=1710
1767865619337254705 temp=46.6'C throttled=0x0 pwm_en=2 pwm=75 rpm=1709
1767865620349185625 temp=46.6'C throttled=0x0 pwm_en=2 pwm=75 rpm=1710
1767865621360640144 temp=45.0'C throttled=0x0 pwm_en=2 pwm=75 rpm=1710
1767865622372305427 temp=46.6'C throttled=0x0 pwm_en=2 pwm=0 rpm=1709
1767865623383600105 temp=46.6'C throttled=0x0 pwm_en=2 pwm=0 rpm=0
1767865624395267416 temp=46.6'C throttled=0x0 pwm_en=2 pwm=0 rpm=0
1767865625406850417 temp=47.2'C throttled=0x0 pwm_en=2 pwm=0 rpm=0
1767865626418546255 temp=46.6'C throttled=0x0 pwm_en=2 pwm=0 rpm=0
1767865627430294560 temp=47.2'C throttled=0x0 pwm_en=2 pwm=0 rpm=0
1767865628440973242 temp=46.1'C throttled=0x0 pwm_en=2 pwm=0 rpm=0
1767865629554083948 temp=47.7'C throttled=0x0 pwm_en=2 pwm=0 rpm=0
1767865630565249138 temp=46.6'C throttled=0x0 pwm_en=2 pwm=0 rpm=0
1767865631575617631 temp=46.6'C throttled=0x0 pwm_en=2 pwm=0 rpm=0
1767865632585919794 temp=47.2'C throttled=0x0 pwm_en=2 pwm=0 rpm=0
1767865633596799829 temp=47.2'C throttled=0x0 pwm_en=2 pwm=0 rpm=0
1767865634607474848 temp=47.2'C throttled=0x0 pwm_en=2 pwm=0 rpm=0
1767865635619250885 temp=47.7'C throttled=0x0 pwm_en=2 pwm=0 rpm=0
1767865636631142850 temp=47.7'C throttled=0x0 pwm_en=2 pwm=0 rpm=0
1767865637642854503 temp=48.8'C throttled=0x0 pwm_en=2 pwm=0 rpm=0
1767865638654914898 temp=47.7'C throttled=0x0 pwm_en=2 pwm=0 rpm=0
1767865639666800980 temp=47.7'C throttled=0x0 pwm_en=2 pwm=0 rpm=0
1767865640679059989 temp=48.3'C throttled=0x0 pwm_en=2 pwm=0 rpm=0
1767865641690524929 temp=47.7'C throttled=0x0 pwm_en=2 pwm=0 rpm=0
1767865642701970148 temp=48.3'C throttled=0x0 pwm_en=2 pwm=0 rpm=0
1767865643713864755 temp=48.8'C throttled=0x0 pwm_en=2 pwm=0 rpm=0
1767865644725774994 temp=48.3'C throttled=0x0 pwm_en=2 pwm=0 rpm=0
1767865645737554585 temp=49.4'C throttled=0x0 pwm_en=2 pwm=0 rpm=0
1767865646749609288 temp=48.8'C throttled=0x0 pwm_en=2 pwm=0 rpm=0
1767865647761391197 temp=48.3'C throttled=0x0 pwm_en=2 pwm=0 rpm=0
1767865648772972421 temp=47.7'C throttled=0x0 pwm_en=2 pwm=0 rpm=0
1767865649783653982 temp=48.3'C throttled=0x0 pwm_en=2 pwm=0 rpm=0
1767865650794988004 temp=49.4'C throttled=0x0 pwm_en=2 pwm=0 rpm=0
1767865651806469341 temp=48.8'C throttled=0x0 pwm_en=2 pwm=0 rpm=0
1767865652817880159 temp=50.5'C throttled=0x0 pwm_en=2 pwm=0 rpm=0
1767865654080556142 temp=48.8'C throttled=0x0 pwm_en=2 pwm=0 rpm=0
1767865655091325929 temp=48.8'C throttled=0x0 pwm_en=2 pwm=0 rpm=0
1767865656101897735 temp=49.4'C throttled=0x0 pwm_en=2 pwm=0 rpm=0
1767865657112863614 temp=49.4'C throttled=0x0 pwm_en=2 pwm=0 rpm=0
1767865658123703510 temp=49.4'C throttled=0x0 pwm_en=2 pwm=0 rpm=0
1767865659134365147 temp=49.9'C throttled=0x0 pwm_en=2 pwm=0 rpm=0
1767865660146150964 temp=49.4'C throttled=0x0 pwm_en=2 pwm=0 rpm=0
1767865661157731596 temp=49.9'C throttled=0x0 pwm_en=2 pwm=0 rpm=0
1767865662169562633 temp=49.4'C throttled=0x0 pwm_en=2 pwm=0 rpm=0
1767865663181813298 temp=49.9'C throttled=0x0 pwm_en=2 pwm=0 rpm=0
1767865664192627464 temp=49.4'C throttled=0x0 pwm_en=2 pwm=0 rpm=0
1767865665204014054 temp=50.5'C throttled=0x0 pwm_en=2 pwm=0 rpm=0
1767865666215879806 temp=49.9'C throttled=0x0 pwm_en=2 pwm=75 rpm=1226
1767865667227333188 temp=48.8'C throttled=0x0 pwm_en=2 pwm=75 rpm=1650
1767865668239246511 temp=49.4'C throttled=0x0 pwm_en=2 pwm=75 rpm=1659
1767865669250520351 temp=49.4'C throttled=0x0 pwm_en=2 pwm=75 rpm=1659
1767865670261887486 temp=49.4'C throttled=0x0 pwm_en=2 pwm=75 rpm=1659
1767865671273264469 temp=49.9'C throttled=0x0 pwm_en=2 pwm=75 rpm=1659
1767865672284960727 temp=49.4'C throttled=0x0 pwm_en=2 pwm=75 rpm=1657
1767865673395957962 temp=49.9'C throttled=0x0 pwm_en=2 pwm=75 rpm=1659
1767865674406701089 temp=48.8'C throttled=0x0 pwm_en=2 pwm=75 rpm=1658
1767865675417412343 temp=48.3'C throttled=0x0 pwm_en=2 pwm=75 rpm=1658
1767865676428021390 temp=49.4'C throttled=0x0 pwm_en=2 pwm=75 rpm=1660
1767865677438801359 temp=49.4'C throttled=0x0 pwm_en=2 pwm=75 rpm=1660
1767865678450493544 temp=48.8'C throttled=0x0 pwm_en=2 pwm=75 rpm=1661
1767865679462101041 temp=49.4'C throttled=0x0 pwm_en=2 pwm=75 rpm=1659
1767865680473561202 temp=48.8'C throttled=0x0 pwm_en=2 pwm=75 rpm=1661
1767865681485828783 temp=48.3'C throttled=0x0 pwm_en=2 pwm=75 rpm=1661
1767865682497520842 temp=48.8'C throttled=0x0 pwm_en=2 pwm=75 rpm=1663
1767865683509366213 temp=48.8'C throttled=0x0 pwm_en=2 pwm=75 rpm=1663
1767865684520136582 temp=48.8'C throttled=0x0 pwm_en=2 pwm=75 rpm=1665
1767865685530762724 temp=49.4'C throttled=0x0 pwm_en=2 pwm=75 rpm=1666
1767865686541542585 temp=48.8'C throttled=0x0 pwm_en=2 pwm=75 rpm=1666
1767865687553344772 temp=49.4'C throttled=0x0 pwm_en=2 pwm=75 rpm=1666
1767865688565174880 temp=48.8'C throttled=0x0 pwm_en=2 pwm=75 rpm=1668
1767865689576779928 temp=48.3'C throttled=0x0 pwm_en=2 pwm=75 rpm=1670
1767865690589514710 temp=49.4'C throttled=0x0 pwm_en=2 pwm=75 rpm=1671
1767865691601018564 temp=48.3'C throttled=0x0 pwm_en=2 pwm=75 rpm=1672
1767865692612610857 temp=48.8'C throttled=0x0 pwm_en=2 pwm=75 rpm=1674
1767865693624011071 temp=48.3'C throttled=0x0 pwm_en=2 pwm=75 rpm=1675
1767865694635372244 temp=48.3'C throttled=0x0 pwm_en=2 pwm=75 rpm=1676
1767865695646716004 temp=48.8'C throttled=0x0 pwm_en=2 pwm=75 rpm=1676
1767865696657981017 temp=47.7'C throttled=0x0 pwm_en=2 pwm=75 rpm=1677
1767865697669860283 temp=47.7'C throttled=0x0 pwm_en=2 pwm=75 rpm=1679
1767865698681910284 temp=49.4'C throttled=0x0 pwm_en=2 pwm=75 rpm=1678
1767865699693530614 temp=48.3'C throttled=0x0 pwm_en=2 pwm=75 rpm=1679
1767865700705159067 temp=48.3'C throttled=0x0 pwm_en=2 pwm=75 rpm=1680
1767865701716825218 temp=48.3'C throttled=0x0 pwm_en=2 pwm=75 rpm=1681
1767865702728478882 temp=48.3'C throttled=0x0 pwm_en=2 pwm=75 rpm=1683
1767865703740374928 temp=48.8'C throttled=0x0 pwm_en=2 pwm=75 rpm=1685
1767865704751258081 temp=47.7'C throttled=0x0 pwm_en=2 pwm=75 rpm=1685
1767865705762026283 temp=48.3'C throttled=0x0 pwm_en=2 pwm=75 rpm=1686
1767865706772866868 temp=47.7'C throttled=0x0 pwm_en=2 pwm=75 rpm=1686
1767865707784409334 temp=48.3'C throttled=0x0 pwm_en=2 pwm=75 rpm=1687
1767865708795451479 temp=47.2'C throttled=0x0 pwm_en=2 pwm=75 rpm=1689
1767865709806294933 temp=48.3'C throttled=0x0 pwm_en=2 pwm=75 rpm=1689
1767865710816924918 temp=47.7'C throttled=0x0 pwm_en=2 pwm=75 rpm=1689
1767865711827587988 temp=47.7'C throttled=0x0 pwm_en=2 pwm=75 rpm=1690
1767865712838884180 temp=48.3'C throttled=0x0 pwm_en=2 pwm=75 rpm=1693
1767865713850268068 temp=48.3'C throttled=0x0 pwm_en=2 pwm=75 rpm=1692
1767865714861623023 temp=48.3'C throttled=0x0 pwm_en=2 pwm=75 rpm=1692
1767865715872953230 temp=48.3'C throttled=0x0 pwm_en=2 pwm=75 rpm=1694
1767865716884338652 temp=47.7'C throttled=0x0 pwm_en=2 pwm=75 rpm=1693
1767865717896542399 temp=48.3'C throttled=0x0 pwm_en=2 pwm=75 rpm=1694
1767865718908257861 temp=47.7'C throttled=0x0 pwm_en=2 pwm=75 rpm=1696
1767865719920186259 temp=48.8'C throttled=0x0 pwm_en=2 pwm=75 rpm=1696
1767865720931885558 temp=47.7'C throttled=0x0 pwm_en=2 pwm=75 rpm=1696
1767865721943812441 temp=46.6'C throttled=0x0 pwm_en=2 pwm=75 rpm=1698
1767865722955640187 temp=46.6'C throttled=0x0 pwm_en=2 pwm=75 rpm=1696
1767865723967384036 temp=47.7'C throttled=0x0 pwm_en=2 pwm=75 rpm=1696
1767865725079017327 temp=47.7'C throttled=0x0 pwm_en=2 pwm=75 rpm=1698
1767865726089551775 temp=47.7'C throttled=0x0 pwm_en=2 pwm=75 rpm=1698
1767865727100911935 temp=48.8'C throttled=0x0 pwm_en=2 pwm=75 rpm=1701
1767865728111515200 temp=48.8'C throttled=0x0 pwm_en=2 pwm=75 rpm=1701
1767865729122292863 temp=48.3'C throttled=0x0 pwm_en=2 pwm=75 rpm=1701
1767865730132879592 temp=48.3'C throttled=0x0 pwm_en=2 pwm=75 rpm=1704
1767865731143601886 temp=47.7'C throttled=0x0 pwm_en=2 pwm=75 rpm=1702
1767865732153914654 temp=47.7'C throttled=0x0 pwm_en=2 pwm=75 rpm=1704
1767865733165233597 temp=48.3'C throttled=0x0 pwm_en=2 pwm=75 rpm=1703
1767865734176552531 temp=47.2'C throttled=0x0 pwm_en=2 pwm=75 rpm=1705
1767865735188045456 temp=46.6'C throttled=0x0 pwm_en=2 pwm=75 rpm=1704
1767865736200198222 temp=46.6'C throttled=0x0 pwm_en=2 pwm=75 rpm=1707
1767865737210752131 temp=47.7'C throttled=0x0 pwm_en=2 pwm=75 rpm=1706
1767865738222362510 temp=48.3'C throttled=0x0 pwm_en=2 pwm=75 rpm=1708
1767865739233965880 temp=47.7'C throttled=0x0 pwm_en=2 pwm=75 rpm=1707
1767865740245740204 temp=47.7'C throttled=0x0 pwm_en=2 pwm=75 rpm=1709
1767865741257673907 temp=48.3'C throttled=0x0 pwm_en=2 pwm=75 rpm=1710
1767865742269245101 temp=48.3'C throttled=0x0 pwm_en=2 pwm=75 rpm=1708
1767865743280998897 temp=47.7'C throttled=0x0 pwm_en=2 pwm=75 rpm=1711
1767865744292668924 temp=47.7'C throttled=0x0 pwm_en=2 pwm=75 rpm=1709
1767865745304160442 temp=47.7'C throttled=0x0 pwm_en=2 pwm=75 rpm=1711
1767865746315910764 temp=47.7'C throttled=0x0 pwm_en=2 pwm=75 rpm=1710
1767865747329090241 temp=48.8'C throttled=0x0 pwm_en=2 pwm=75 rpm=1712
1767865748441877181 temp=47.7'C throttled=0x0 pwm_en=2 pwm=75 rpm=1712
1767865749452796180 temp=47.7'C throttled=0x0 pwm_en=2 pwm=75 rpm=1711
1767865750465821240 temp=46.6'C throttled=0x0 pwm_en=2 pwm=75 rpm=1713
1767865751477472422 temp=46.6'C throttled=0x0 pwm_en=2 pwm=75 rpm=1712
1767865752489161427 temp=47.2'C throttled=0x0 pwm_en=2 pwm=75 rpm=1712
1767865753500945718 temp=47.7'C throttled=0x0 pwm_en=2 pwm=75 rpm=1714
1767865754512480907 temp=47.7'C throttled=0x0 pwm_en=2 pwm=75 rpm=1714
1767865755523762345 temp=48.8'C throttled=0x0 pwm_en=2 pwm=75 rpm=1715
1767865756535013828 temp=47.7'C throttled=0x0 pwm_en=2 pwm=75 rpm=1715
1767865757546274653 temp=47.7'C throttled=0x0 pwm_en=2 pwm=75 rpm=1713
1767865758557642967 temp=49.4'C throttled=0x0 pwm_en=2 pwm=75 rpm=1715
1767865759568954438 temp=47.2'C throttled=0x0 pwm_en=2 pwm=75 rpm=1715
1767865760580977878 temp=47.7'C throttled=0x0 pwm_en=2 pwm=75 rpm=1715
1767865761592723049 temp=49.4'C throttled=0x0 pwm_en=2 pwm=75 rpm=1715
1767865762604594820 temp=47.2'C throttled=0x0 pwm_en=2 pwm=75 rpm=1716
1767865763615340138 temp=46.1'C throttled=0x0 pwm_en=2 pwm=75 rpm=1715
1767865764626868944 temp=47.7'C throttled=0x0 pwm_en=2 pwm=75 rpm=1717
1767865765637509444 temp=47.7'C throttled=0x0 pwm_en=2 pwm=75 rpm=1718
1767865766649250338 temp=47.2'C throttled=0x0 pwm_en=2 pwm=75 rpm=1717
1767865767661181833 temp=47.7'C throttled=0x0 pwm_en=2 pwm=75 rpm=1717
1767865768676286385 temp=49.4'C throttled=0x0 pwm_en=2 pwm=75 rpm=1719
1767865769688084061 temp=46.6'C throttled=0x0 pwm_en=2 pwm=75 rpm=1719
1767865770698598080 temp=47.2'C throttled=0x0 pwm_en=2 pwm=75 rpm=1718
1767865771710326901 temp=47.7'C throttled=0x0 pwm_en=2 pwm=75 rpm=1719
1767865772722105858 temp=47.7'C throttled=0x0 pwm_en=2 pwm=75 rpm=1719
1767865773733736693 temp=47.7'C throttled=0x0 pwm_en=2 pwm=75 rpm=1718
1767865774745499943 temp=47.2'C throttled=0x0 pwm_en=2 pwm=75 rpm=1716
1767865775756938792 temp=46.6'C throttled=0x0 pwm_en=2 pwm=75 rpm=1719
1767865776768201501 temp=47.7'C throttled=0x0 pwm_en=2 pwm=75 rpm=1719
1767865777779478402 temp=47.7'C throttled=0x0 pwm_en=2 pwm=75 rpm=1718
1767865778790861087 temp=47.7'C throttled=0x0 pwm_en=2 pwm=75 rpm=1718
1767865779802651853 temp=47.2'C throttled=0x0 pwm_en=2 pwm=75 rpm=1720
1767865780814456477 temp=47.7'C throttled=0x0 pwm_en=2 pwm=75 rpm=1719
1767865781826158164 temp=47.7'C throttled=0x0 pwm_en=2 pwm=75 rpm=1719
1767865782838065413 temp=47.7'C throttled=0x0 pwm_en=2 pwm=75 rpm=1719
1767865783849657243 temp=47.7'C throttled=0x0 pwm_en=2 pwm=75 rpm=1721
1767865784861171301 temp=47.7'C throttled=0x0 pwm_en=2 pwm=75 rpm=1721
1767865785872847755 temp=47.7'C throttled=0x0 pwm_en=2 pwm=75 rpm=1719
1767865786884709826 temp=47.2'C throttled=0x0 pwm_en=2 pwm=75 rpm=1720
1767865787896845367 temp=47.7'C throttled=0x0 pwm_en=2 pwm=75 rpm=1721
1767865788908494081 temp=46.6'C throttled=0x0 pwm_en=2 pwm=75 rpm=1718
1767865790021314079 temp=47.2'C throttled=0x0 pwm_en=2 pwm=75 rpm=1720
1767865791032252251 temp=47.2'C throttled=0x0 pwm_en=2 pwm=75 rpm=1721
1767865792043493356 temp=47.2'C throttled=0x0 pwm_en=2 pwm=75 rpm=1721
1767865793054256764 temp=47.2'C throttled=0x0 pwm_en=2 pwm=75 rpm=1719
1767865794064898289 temp=47.7'C throttled=0x0 pwm_en=2 pwm=75 rpm=1719
1767865795075259542 temp=47.2'C throttled=0x0 pwm_en=2 pwm=75 rpm=1721
1767865796085518987 temp=47.2'C throttled=0x0 pwm_en=2 pwm=75 rpm=1721
1767865797095967679 temp=46.6'C throttled=0x0 pwm_en=2 pwm=75 rpm=1719
1767865798106298135 temp=47.2'C throttled=0x0 pwm_en=2 pwm=75 rpm=1720
1767865799117676059 temp=47.7'C throttled=0x0 pwm_en=2 pwm=75 rpm=1721
1767865800129219471 temp=47.2'C throttled=0x0 pwm_en=2 pwm=75 rpm=1721
1767865801141020369 temp=47.2'C throttled=0x0 pwm_en=2 pwm=75 rpm=1719
1767865802153074495 temp=46.6'C throttled=0x0 pwm_en=2 pwm=75 rpm=1720
1767865803165115996 temp=47.7'C throttled=0x0 pwm_en=2 pwm=75 rpm=1722
1767865804176810227 temp=47.7'C throttled=0x0 pwm_en=2 pwm=75 rpm=1722
1767865805188502240 temp=47.7'C throttled=0x0 pwm_en=2 pwm=75 rpm=1722
1767865806200773647 temp=47.2'C throttled=0x0 pwm_en=2 pwm=75 rpm=1720
1767865807212575968 temp=46.6'C throttled=0x0 pwm_en=2 pwm=75 rpm=1722
1767865808224462276 temp=47.2'C throttled=0x0 pwm_en=2 pwm=75 rpm=1722
1767865809236080219 temp=47.7'C throttled=0x0 pwm_en=2 pwm=75 rpm=1720
1767865810247797667 temp=47.2'C throttled=0x0 pwm_en=2 pwm=75 rpm=1720
1767865811258535641 temp=46.1'C throttled=0x0 pwm_en=2 pwm=75 rpm=1720
1767865812270209896 temp=46.6'C throttled=0x0 pwm_en=2 pwm=75 rpm=1721
1767865813281834305 temp=46.6'C throttled=0x0 pwm_en=2 pwm=75 rpm=1721
1767865814640417629 temp=46.6'C throttled=0x0 pwm_en=2 pwm=75 rpm=1722
1767865815650730478 temp=47.7'C throttled=0x0 pwm_en=2 pwm=75 rpm=1720
1767865816661097368 temp=46.1'C throttled=0x0 pwm_en=2 pwm=75 rpm=1721
1767865817671506412 temp=47.7'C throttled=0x0 pwm_en=2 pwm=75 rpm=1722
1767865818681917868 temp=46.6'C throttled=0x0 pwm_en=2 pwm=75 rpm=1722
1767865819692526422 temp=46.6'C throttled=0x0 pwm_en=2 pwm=75 rpm=1721
1767865820703206999 temp=47.2'C throttled=0x0 pwm_en=2 pwm=75 rpm=1720
1767865821713878377 temp=47.7'C throttled=0x0 pwm_en=2 pwm=75 rpm=1720
1767865822724525316 temp=46.1'C throttled=0x0 pwm_en=2 pwm=75 rpm=1720
1767865823735706296 temp=46.6'C throttled=0x0 pwm_en=2 pwm=75 rpm=1718
1767865824746470522 temp=47.2'C throttled=0x0 pwm_en=2 pwm=75 rpm=1719
1767865825757249993 temp=47.7'C throttled=0x0 pwm_en=2 pwm=75 rpm=1720
1767865826768011599 temp=47.2'C throttled=0x0 pwm_en=2 pwm=75 rpm=1720
1767865827778675154 temp=47.7'C throttled=0x0 pwm_en=2 pwm=75 rpm=1719
1767865828789477028 temp=47.2'C throttled=0x0 pwm_en=2 pwm=75 rpm=1719
1767865829800292333 temp=47.2'C throttled=0x0 pwm_en=2 pwm=75 rpm=1720
1767865830811050384 temp=47.2'C throttled=0x0 pwm_en=2 pwm=75 rpm=1721
1767865831821916105 temp=46.6'C throttled=0x0 pwm_en=2 pwm=75 rpm=1719
1767865832833280015 temp=47.2'C throttled=0x0 pwm_en=2 pwm=75 rpm=1719
1767865833843753543 temp=47.2'C throttled=0x0 pwm_en=2 pwm=75 rpm=1720
1767865834854258778 temp=46.6'C throttled=0x0 pwm_en=2 pwm=75 rpm=1720
1767865835864526388 temp=46.6'C throttled=0x0 pwm_en=2 pwm=75 rpm=1718
1767865836874997539 temp=46.6'C throttled=0x0 pwm_en=2 pwm=75 rpm=1718
1767865837887126193 temp=46.6'C throttled=0x0 pwm_en=2 pwm=75 rpm=1720
1767865838898806944 temp=46.6'C throttled=0x0 pwm_en=2 pwm=75 rpm=1719
1767865839910465496 temp=46.6'C throttled=0x0 pwm_en=2 pwm=75 rpm=1718
1767865840922098534 temp=47.7'C throttled=0x0 pwm_en=2 pwm=75 rpm=1719
1767865841933862520 temp=46.1'C throttled=0x0 pwm_en=2 pwm=75 rpm=1720
1767865842945923639 temp=46.6'C throttled=0x0 pwm_en=2 pwm=75 rpm=1720
1767865843957546134 temp=47.2'C throttled=0x0 pwm_en=2 pwm=75 rpm=1718
1767865844968095782 temp=47.2'C throttled=0x0 pwm_en=2 pwm=75 rpm=1720
1767865846079691425 temp=47.2'C throttled=0x0 pwm_en=2 pwm=75 rpm=1719
1767865847091038692 temp=46.6'C throttled=0x0 pwm_en=2 pwm=75 rpm=1718
1767865848101515464 temp=47.2'C throttled=0x0 pwm_en=2 pwm=75 rpm=1717
1767865849112186869 temp=46.1'C throttled=0x0 pwm_en=2 pwm=75 rpm=1719
1767865850122694463 temp=46.6'C throttled=0x0 pwm_en=2 pwm=75 rpm=1718
1767865851133333432 temp=45.5'C throttled=0x0 pwm_en=2 pwm=75 rpm=1718
1767865852144979088 temp=46.6'C throttled=0x0 pwm_en=2 pwm=75 rpm=1719
1767865853155565916 temp=46.1'C throttled=0x0 pwm_en=2 pwm=75 rpm=1719
1767865854165965156 temp=47.2'C throttled=0x0 pwm_en=2 pwm=75 rpm=1718
1767865855177258861 temp=47.2'C throttled=0x0 pwm_en=2 pwm=75 rpm=1718
1767865856188886144 temp=47.2'C throttled=0x0 pwm_en=2 pwm=75 rpm=1719
1767865857200209172 temp=46.6'C throttled=0x0 pwm_en=2 pwm=75 rpm=1719
1767865858211459518 temp=46.6'C throttled=0x0 pwm_en=2 pwm=75 rpm=1718
1767865859223037460 temp=46.6'C throttled=0x0 pwm_en=2 pwm=75 rpm=1718
1767865860234627961 temp=47.2'C throttled=0x0 pwm_en=2 pwm=75 rpm=1719
1767865861246820040 temp=47.2'C throttled=0x0 pwm_en=2 pwm=75 rpm=1717
1767865862258323067 temp=46.6'C throttled=0x0 pwm_en=2 pwm=75 rpm=1717
1767865863270000301 temp=46.6'C throttled=0x0 pwm_en=2 pwm=75 rpm=1719
1767865864281715094 temp=46.1'C throttled=0x0 pwm_en=2 pwm=75 rpm=1719
1767865865293423261 temp=47.2'C throttled=0x0 pwm_en=2 pwm=75 rpm=1718
1767865866305286135 temp=47.2'C throttled=0x0 pwm_en=2 pwm=75 rpm=1718
1767865867316983772 temp=47.2'C throttled=0x0 pwm_en=2 pwm=75 rpm=1719
1767865868328523190 temp=46.6'C throttled=0x0 pwm_en=2 pwm=75 rpm=1719
1767865869339304372 temp=47.2'C throttled=0x0 pwm_en=2 pwm=75 rpm=1719
1767865870351194445 temp=46.6'C throttled=0x0 pwm_en=2 pwm=75 rpm=1720
1767865871362962484 temp=46.6'C throttled=0x0 pwm_en=2 pwm=75 rpm=1720
1767865872374734582 temp=47.2'C throttled=0x0 pwm_en=2 pwm=75 rpm=1719
1767865873386342425 temp=47.2'C throttled=0x0 pwm_en=2 pwm=75 rpm=1719
1767865874398119807 temp=46.6'C throttled=0x0 pwm_en=2 pwm=75 rpm=1718
1767865875409920619 temp=46.6'C throttled=0x0 pwm_en=2 pwm=75 rpm=1720
1767865876421490767 temp=47.7'C throttled=0x0 pwm_en=2 pwm=75 rpm=1718
1767865877433037215 temp=46.1'C throttled=0x0 pwm_en=2 pwm=75 rpm=1719
1767865878444475888 temp=46.1'C throttled=0x0 pwm_en=2 pwm=75 rpm=1720
1767865879635878372 temp=47.2'C throttled=0x0 pwm_en=2 pwm=75 rpm=1719
1767865880646686331 temp=47.2'C throttled=0x0 pwm_en=2 pwm=75 rpm=1720
1767865881657385034 temp=46.6'C throttled=0x0 pwm_en=2 pwm=75 rpm=1720
1767865882668100869 temp=46.6'C throttled=0x0 pwm_en=2 pwm=75 rpm=1719
1767865883678871744 temp=46.1'C throttled=0x0 pwm_en=2 pwm=75 rpm=1719
1767865884690729343 temp=46.6'C throttled=0x0 pwm_en=2 pwm=75 rpm=1719
1767865885702415964 temp=47.2'C throttled=0x0 pwm_en=2 pwm=75 rpm=1720
1767865886714090644 temp=47.7'C throttled=0x0 pwm_en=2 pwm=75 rpm=1720
1767865887726060974 temp=46.6'C throttled=0x0 pwm_en=2 pwm=75 rpm=1719
1767865888737658919 temp=46.6'C throttled=0x0 pwm_en=2 pwm=75 rpm=1719
1767865889749348903 temp=47.7'C throttled=0x0 pwm_en=2 pwm=75 rpm=1719
1767865890761149131 temp=46.6'C throttled=0x0 pwm_en=2 pwm=75 rpm=1718
1767865891773170121 temp=46.6'C throttled=0x0 pwm_en=2 pwm=75 rpm=1717
1767865892784781799 temp=46.6'C throttled=0x0 pwm_en=2 pwm=75 rpm=1719
1767865893796632795 temp=47.2'C throttled=0x0 pwm_en=2 pwm=75 rpm=1719
1767865894808209849 temp=46.6'C throttled=0x0 pwm_en=2 pwm=75 rpm=1717
1767865895819516499 temp=46.1'C throttled=0x0 pwm_en=2 pwm=75 rpm=1717
1767865896830756930 temp=46.6'C throttled=0x0 pwm_en=2 pwm=75 rpm=1718
1767865897842088733 temp=46.6'C throttled=0x0 pwm_en=2 pwm=75 rpm=1717
1767865898853411872 temp=46.6'C throttled=0x0 pwm_en=2 pwm=75 rpm=1717
1767865899864799015 temp=46.6'C throttled=0x0 pwm_en=2 pwm=75 rpm=1718
1767865900876547752 temp=47.2'C throttled=0x0 pwm_en=2 pwm=75 rpm=1718
1767865901888588287 temp=47.2'C throttled=0x0 pwm_en=2 pwm=75 rpm=1717
1767865902900210085 temp=46.1'C throttled=0x0 pwm_en=2 pwm=0 rpm=0
1767865903911658367 temp=47.2'C throttled=0x0 pwm_en=2 pwm=0 rpm=0
1767865904923362466 temp=47.2'C throttled=0x0 pwm_en=2 pwm=0 rpm=0
1767865905934946568 temp=46.6'C throttled=0x0 pwm_en=2 pwm=0 rpm=0
1767865906947533320 temp=46.6'C throttled=0x0 pwm_en=2 pwm=0 rpm=0
1767865907959304556 temp=46.6'C throttled=0x0 pwm_en=2 pwm=0 rpm=0
1767865908971175536 temp=47.7'C throttled=0x0 pwm_en=2 pwm=0 rpm=0
1767865909982805148 temp=47.2'C throttled=0x0 pwm_en=2 pwm=0 rpm=0
1767865910994622669 temp=47.7'C throttled=0x0 pwm_en=2 pwm=0 rpm=0
1767865912006473656 temp=47.2'C throttled=0x0 pwm_en=2 pwm=0 rpm=0
1767865913018020664 temp=47.7'C throttled=0x0 pwm_en=2 pwm=0 rpm=0
1767865914130774817 temp=47.7'C throttled=0x0 pwm_en=2 pwm=0 rpm=0
1767865915242099825 temp=47.7'C throttled=0x0 pwm_en=2 pwm=0 rpm=0
1767865916253338026 temp=47.7'C throttled=0x0 pwm_en=2 pwm=0 rpm=0
1767865917263690675 temp=47.7'C throttled=0x0 pwm_en=2 pwm=0 rpm=0
1767865918274023419 temp=47.7'C throttled=0x0 pwm_en=2 pwm=0 rpm=0
1767865919284295665 temp=48.3'C throttled=0x0 pwm_en=2 pwm=0 rpm=0
1767865920294516061 temp=48.3'C throttled=0x0 pwm_en=2 pwm=0 rpm=0
1767865921304934442 temp=48.3'C throttled=0x0 pwm_en=2 pwm=0 rpm=0
1767865922316596137 temp=48.3'C throttled=0x0 pwm_en=2 pwm=0 rpm=0
1767865923328269984 temp=47.7'C throttled=0x0 pwm_en=2 pwm=0 rpm=0
1767865924340073406 temp=48.8'C throttled=0x0 pwm_en=2 pwm=0 rpm=0
1767865925351406479 temp=48.3'C throttled=0x0 pwm_en=2 pwm=0 rpm=0
1767865926362656721 temp=48.8'C throttled=0x0 pwm_en=2 pwm=0 rpm=0
1767865927373800595 temp=49.4'C throttled=0x0 pwm_en=2 pwm=0 rpm=0
1767865928385041064 temp=48.8'C throttled=0x0 pwm_en=2 pwm=0 rpm=0
1767865929396246294 temp=48.3'C throttled=0x0 pwm_en=2 pwm=0 rpm=0
1767865930408064600 temp=49.4'C throttled=0x0 pwm_en=2 pwm=0 rpm=0
1767865931419269686 temp=48.8'C throttled=0x0 pwm_en=2 pwm=0 rpm=0
1767865932430488904 temp=48.3'C throttled=0x0 pwm_en=2 pwm=0 rpm=0
1767865933441706531 temp=49.4'C throttled=0x0 pwm_en=2 pwm=0 rpm=0
1767865934452933845 temp=48.8'C throttled=0x0 pwm_en=2 pwm=0 rpm=0
1767865935464997957 temp=48.3'C throttled=0x0 pwm_en=2 pwm=0 rpm=0
1767865936476191183 temp=49.4'C throttled=0x0 pwm_en=2 pwm=0 rpm=0
1767865937487485911 temp=49.4'C throttled=0x0 pwm_en=2 pwm=0 rpm=0
1767865938498628918 temp=50.5'C throttled=0x0 pwm_en=2 pwm=0 rpm=0
1767865939509953854 temp=49.4'C throttled=0x0 pwm_en=2 pwm=0 rpm=0
1767865940521610717 temp=49.4'C throttled=0x0 pwm_en=2 pwm=0 rpm=0
1767865941532834174 temp=49.9'C throttled=0x0 pwm_en=2 pwm=0 rpm=0
1767865942543989116 temp=49.9'C throttled=0x0 pwm_en=2 pwm=0 rpm=0
1767865943555125707 temp=49.9'C throttled=0x0 pwm_en=2 pwm=0 rpm=0
1767865944566379652 temp=49.4'C throttled=0x0 pwm_en=2 pwm=0 rpm=0
1767865945577616154 temp=48.8'C throttled=0x0 pwm_en=2 pwm=0 rpm=0
1767865946588929529 temp=48.8'C throttled=0x0 pwm_en=2 pwm=0 rpm=0
1767865947699745019 temp=48.8'C throttled=0x0 pwm_en=2 pwm=75 rpm=20
1767865948710562638 temp=49.4'C throttled=0x0 pwm_en=2 pwm=75 rpm=1643
1767865949721009167 temp=49.4'C throttled=0x0 pwm_en=2 pwm=75 rpm=1656
1767865950731363013 temp=49.4'C throttled=0x0 pwm_en=2 pwm=75 rpm=1656
1767865951741579176 temp=48.8'C throttled=0x0 pwm_en=2 pwm=75 rpm=1657
1767865952752855265 temp=48.8'C throttled=0x0 pwm_en=2 pwm=75 rpm=1657
1767865953764082541 temp=49.4'C throttled=0x0 pwm_en=2 pwm=75 rpm=1654
1767865954776114633 temp=49.9'C throttled=0x0 pwm_en=2 pwm=75 rpm=1655
1767865955787304302 temp=49.4'C throttled=0x0 pwm_en=2 pwm=75 rpm=1657
1767865956798523750 temp=48.8'C throttled=0x0 pwm_en=2 pwm=75 rpm=1657
1767865957809706255 temp=48.8'C throttled=0x0 pwm_en=2 pwm=75 rpm=1655
1767865958820966873 temp=49.4'C throttled=0x0 pwm_en=2 pwm=75 rpm=1656
1767865959832336141 temp=48.8'C throttled=0x0 pwm_en=2 pwm=75 rpm=1655
1767865960843533800 temp=48.3'C throttled=0x0 pwm_en=2 pwm=75 rpm=1655
1767865961854717886 temp=47.2'C throttled=0x0 pwm_en=2 pwm=75 rpm=1657
1767865962865977270 temp=48.3'C throttled=0x0 pwm_en=2 pwm=75 rpm=1658
1767865963877141211 temp=48.8'C throttled=0x0 pwm_en=2 pwm=75 rpm=1658
1767865964888512209 temp=48.3'C throttled=0x0 pwm_en=2 pwm=75 rpm=1658
1767865965899760283 temp=48.8'C throttled=0x0 pwm_en=2 pwm=75 rpm=1658
1767865966910912710 temp=47.7'C throttled=0x0 pwm_en=2 pwm=75 rpm=1660
1767865967922233509 temp=47.7'C throttled=0x0 pwm_en=2 pwm=75 rpm=1661
1767865968933648625 temp=48.3'C throttled=0x0 pwm_en=2 pwm=75 rpm=1661
1767865969945057501 temp=48.3'C throttled=0x0 pwm_en=2 pwm=75 rpm=1662
1767865970956426157 temp=48.3'C throttled=0x0 pwm_en=2 pwm=75 rpm=1664
1767865971967804388 temp=47.2'C throttled=0x0 pwm_en=2 pwm=75 rpm=1664
1767865972979185435 temp=47.7'C throttled=0x0 pwm_en=2 pwm=75 rpm=1665
1767865973990779707 temp=47.2'C throttled=0x0 pwm_en=2 pwm=75 rpm=1666
1767865975002126016 temp=47.2'C throttled=0x0 pwm_en=2 pwm=75 rpm=1665
1767865976013474494 temp=47.7'C throttled=0x0 pwm_en=2 pwm=75 rpm=1666
1767865977024853140 temp=47.7'C throttled=0x0 pwm_en=2 pwm=75 rpm=1669
1767865978036186010 temp=47.7'C throttled=0x0 pwm_en=2 pwm=75 rpm=1670
1767865979048087973 temp=47.2'C throttled=0x0 pwm_en=2 pwm=75 rpm=1671
1767865980058468162 temp=47.2'C throttled=0x0 pwm_en=2 pwm=75 rpm=1672
1767865981069898573 temp=47.2'C throttled=0x0 pwm_en=2 pwm=75 rpm=1672
1767865982080276208 temp=47.2'C throttled=0x0 pwm_en=2 pwm=75 rpm=1674
1767865983091625585 temp=47.7'C throttled=0x0 pwm_en=2 pwm=75 rpm=1674
1767865984103446888 temp=46.6'C throttled=0x0 pwm_en=2 pwm=75 rpm=1674
1767865985114737398 temp=47.7'C throttled=0x0 pwm_en=2 pwm=75 rpm=1675
1767865986126273056 temp=47.7'C throttled=0x0 pwm_en=2 pwm=75 rpm=1675
1767865987137629698 temp=47.7'C throttled=0x0 pwm_en=2 pwm=75 rpm=1676
1767865988149034618 temp=47.2'C throttled=0x0 pwm_en=2 pwm=75 rpm=1678
1767865989160400744 temp=47.7'C throttled=0x0 pwm_en=2 pwm=75 rpm=1677
1767865990171746186 temp=47.2'C throttled=0x0 pwm_en=2 pwm=75 rpm=1678
1767865991183186962 temp=47.2'C throttled=0x0 pwm_en=2 pwm=75 rpm=1677
1767865992194509980 temp=46.6'C throttled=0x0 pwm_en=2 pwm=75 rpm=1678
1767865993205890185 temp=47.2'C throttled=0x0 pwm_en=2 pwm=75 rpm=1679
1767865994217302095 temp=46.6'C throttled=0x0 pwm_en=2 pwm=75 rpm=1679
1767865995228689117 temp=47.2'C throttled=0x0 pwm_en=2 pwm=75 rpm=1680
1767865996240076178 temp=46.6'C throttled=0x0 pwm_en=2 pwm=75 rpm=1681
1767865997251599591 temp=47.2'C throttled=0x0 pwm_en=2 pwm=75 rpm=1683
1767865998263088543 temp=47.2'C throttled=0x0 pwm_en=2 pwm=75 rpm=1683
1767865999274525570 temp=47.7'C throttled=0x0 pwm_en=2 pwm=75 rpm=1684
1767866000285858154 temp=47.2'C throttled=0x0 pwm_en=2 pwm=75 rpm=1684
1767866001297248665 temp=46.1'C throttled=0x0 pwm_en=2 pwm=75 rpm=1684
1767866002308619085 temp=46.1'C throttled=0x0 pwm_en=2 pwm=75 rpm=1686
1767866003320278690 temp=46.1'C throttled=0x0 pwm_en=2 pwm=75 rpm=1687
1767866004331580242 temp=46.6'C throttled=0x0 pwm_en=2 pwm=75 rpm=1687
1767866005343022869 temp=46.1'C throttled=0x0 pwm_en=2 pwm=75 rpm=1687
1767866006354456293 temp=46.6'C throttled=0x0 pwm_en=2 pwm=75 rpm=1687
1767866007365862700 temp=46.1'C throttled=0x0 pwm_en=2 pwm=75 rpm=1688
1767866008377803867 temp=46.1'C throttled=0x0 pwm_en=2 pwm=75 rpm=1690
1767866009389240962 temp=46.6'C throttled=0x0 pwm_en=2 pwm=75 rpm=1689
1767866010399675947 temp=46.6'C throttled=0x0 pwm_en=2 pwm=75 rpm=1689
1767866011410992155 temp=46.6'C throttled=0x0 pwm_en=2 pwm=75 rpm=1690
1767866012421346383 temp=46.6'C throttled=0x0 pwm_en=2 pwm=75 rpm=1690
1767866013432830482 temp=46.6'C throttled=0x0 pwm_en=2 pwm=75 rpm=1691
1767866014444124508 temp=45.0'C throttled=0x0 pwm_en=2 pwm=75 rpm=1690
1767866015455569720 temp=46.1'C throttled=0x0 pwm_en=2 pwm=75 rpm=1692
1767866016466951100 temp=46.1'C throttled=0x0 pwm_en=2 pwm=75 rpm=1693
1767866017478431277 temp=47.2'C throttled=0x0 pwm_en=2 pwm=75 rpm=1692
1767866018589576263 temp=46.6'C throttled=0x0 pwm_en=2 pwm=75 rpm=1693
1767866019600037295 temp=47.2'C throttled=0x0 pwm_en=2 pwm=0 rpm=0
1767866020610479791 temp=46.1'C throttled=0x0 pwm_en=2 pwm=0 rpm=0
1767866021620885621 temp=46.6'C throttled=0x0 pwm_en=2 pwm=0 rpm=0
1767866022631795841 temp=46.6'C throttled=0x0 pwm_en=2 pwm=0 rpm=0
1767866023642163229 temp=46.6'C throttled=0x0 pwm_en=2 pwm=0 rpm=0
1767866024652502174 temp=45.5'C throttled=0x0 pwm_en=2 pwm=0 rpm=0
1767866025662873157 temp=46.6'C throttled=0x0 pwm_en=2 pwm=0 rpm=0
1767866026673129307 temp=47.2'C throttled=0x0 pwm_en=2 pwm=0 rpm=0
1767866027683513884 temp=46.6'C throttled=0x0 pwm_en=2 pwm=0 rpm=0
1767866028693837073 temp=47.2'C throttled=0x0 pwm_en=2 pwm=0 rpm=0
1767866029704280541 temp=46.6'C throttled=0x0 pwm_en=2 pwm=0 rpm=0
1767866030714700436 temp=47.7'C throttled=0x0 pwm_en=2 pwm=0 rpm=0
1767866031725135573 temp=46.6'C throttled=0x0 pwm_en=2 pwm=0 rpm=0
1767866032735675784 temp=47.2'C throttled=0x0 pwm_en=2 pwm=0 rpm=0
1767866033746046756 temp=48.3'C throttled=0x0 pwm_en=2 pwm=0 rpm=0
1767866034756454228 temp=46.6'C throttled=0x0 pwm_en=2 pwm=0 rpm=0
1767866035766923739 temp=46.6'C throttled=0x0 pwm_en=2 pwm=0 rpm=0
1767866036777983769 temp=47.7'C throttled=0x0 pwm_en=2 pwm=0 rpm=0
1767866037788381355 temp=47.2'C throttled=0x0 pwm_en=2 pwm=0 rpm=0
1767866038798762146 temp=47.2'C throttled=0x0 pwm_en=2 pwm=0 rpm=0
1767866039809182623 temp=47.7'C throttled=0x0 pwm_en=2 pwm=0 rpm=0
1767866040819606490 temp=47.2'C throttled=0x0 pwm_en=2 pwm=0 rpm=0
1767866041829983210 temp=47.2'C throttled=0x0 pwm_en=2 pwm=0 rpm=0
1767866042840418190 temp=47.2'C throttled=0x0 pwm_en=2 pwm=0 rpm=0
1767866043850748763 temp=47.2'C throttled=0x0 pwm_en=2 pwm=0 rpm=0
