[INFO] Starting Day20 run: 2026-04-05_111425_day20_A_storage_vs_retry
[INFO] CONDITION=A
[INFO] BASE_DIR=/home/observer/project/day20
[INFO] RUN_DIR=/home/observer/project/day20/runs/2026-04-05_111425_day20_A_storage_vs_retry
[INFO] BGIO_FILE=/home/observer/project/day20/scripts/day20_bgio.fio
[INFO] RETRY_TARGET=/home/observer/project/day20/workdir/retry_test
[INFO] RETRIES=5 BUDGET_MS=50
[INFO] N_CYCLES=1 BASELINE_SEC=10 INTERVENTION_SEC=5 R1_SEC=10 R2_SEC=15 POST_SEC=10 HEARTBEAT_HZ=50
[INFO] Heartbeat PID: 1306
[MARK] 1775376865966748480 A_C1_BASELINE_START
=== CONDITION_A_CYCLE_1_START ===
--- BASELINE ---
[MARK] 1775376875971099502 A_C1_BASELINE_END
[MARK] 1775376875972114524 A_C1_INTERVENTION_START
--- INTERVENTION ---
[INFO] timeout 5s env FIO_JOB=/home/observer/project/day20/scripts/day20_bgio.fio BURSTS=1 ON_SEC=5 OFF_SEC=0 bash /home/observer/project/day20/scripts/run_bursts.sh
Burst 1
bgio: (g=0): rw=write, bs=(R) 128KiB-128KiB, (W) 128KiB-128KiB, (T) 128KiB-128KiB, ioengine=libaio, iodepth=4
fio-3.39
Starting 1 process
bgio: Laying out IO file (1 file / 64MiB)

fio: terminating on signal 15
Terminated

fio: terminating on signal 15

bgio: (groupid=0, jobs=1): err= 0: pid=2310: Sun Apr  5 11:14:41 2026
  write: IOPS=63, BW=8191KiB/s (8387kB/s)(35.2MiB/4407msec); 0 zone resets
    slat (nsec): min=32279, max=59038, avg=41446.77, stdev=4259.21
    clat (nsec): min=1092, max=7352, avg=4437.49, stdev=1486.74
     lat (nsec): min=34352, max=63612, avg=45884.26, stdev=5438.11
    clat percentiles (nsec):
     |  1.00th=[ 1256],  5.00th=[ 1496], 10.00th=[ 1704], 20.00th=[ 2448],
     | 30.00th=[ 4704], 40.00th=[ 4896], 50.00th=[ 5024], 60.00th=[ 5216],
     | 70.00th=[ 5344], 80.00th=[ 5472], 90.00th=[ 5600], 95.00th=[ 5792],
     | 99.00th=[ 6688], 99.50th=[ 7008], 99.90th=[ 7328], 99.95th=[ 7328],
     | 99.99th=[ 7328]
   bw (  KiB/s): min= 8192, max= 8448, per=100.00%, avg=8224.00, stdev=90.51, samples=8
   iops        : min=   64, max=   66, avg=64.25, stdev= 0.71, samples=8
  lat (usec)   : 2=15.25%, 4=8.16%, 10=76.60%
  cpu          : usr=0.11%, sys=0.23%, ctx=282, majf=0, minf=6
  IO depths    : 1=100.0%, 2=0.0%, 4=0.0%, 8=0.0%, 16=0.0%, 32=0.0%, >=64=0.0%
     submit    : 0=0.0%, 4=100.0%, 8=0.0%, 16=0.0%, 32=0.0%, 64=0.0%, >=64=0.0%
     complete  : 0=0.0%, 4=100.0%, 8=0.0%, 16=0.0%, 32=0.0%, 64=0.0%, >=64=0.0%
     issued rwts: total=0,282,0,0 short=0,0,0,0 dropped=0,0,0,0
     latency   : target=0, window=0, percentile=100.00%, depth=4

Run status group 0 (all jobs):
  WRITE: bw=8191KiB/s (8387kB/s), 8191KiB/s-8191KiB/s (8387kB/s-8387kB/s), io=35.2MiB (37.0MB), run=4407-4407msec
[MARK] 1775376881107665481 A_C1_INTERVENTION_END
[MARK] 1775376881108406262 A_C1_RECOVERY_R1_START
--- RECOVERY_R1 ---
[MARK] 1775376891110790650 A_C1_RECOVERY_R1_END
[MARK] 1775376891111766654 A_C1_RECOVERY_R2_START
--- RECOVERY_R2 ---
[INFO] timeout 15s env TARGET=/home/observer/project/day20/workdir/retry_test BUDGET_MS=50 RETRIES=5 bash /home/observer/project/day20/scripts/retry_storm.sh
1775376891117832659 retry_storm_start TARGET=/home/observer/project/day20/workdir/retry_test BUDGET_MS=50 RETRIES=5
1775376894400168666 dt_ms=54 retries=5
1775376895052278105 dt_ms=296 retries=5
1775376902197993046 dt_ms=143 retries=5
1775376904288821204 dt_ms=178 retries=5
[MARK] 1775376906115820615 A_C1_RECOVERY_R2_END
[MARK] 1775376906117436881 A_C1_POSTBASELINE_START
--- POST_BASELINE ---
[MARK] 1775376916120302658 A_C1_POSTBASELINE_END
=== CONDITION_A_CYCLE_1_END ===
[INFO] Day20 run complete: /home/observer/project/day20/runs/2026-04-05_111425_day20_A_storage_vs_retry
[INFO] Cleaning up...
