1772200399081720606 R2_IDLE_A seconds=60 actions=B
1772200459083632887 SKIP_PROBE_A seconds=60
1772200519085435933 R2_IDLE_B seconds=30 actions=B
1772200549089230670 PROBE_B_START program=low
1772200549099089322 PROBE_B_END program=low
1772200549301820837 PROBE_B_START program=low
1772200549311674396 PROBE_B_END program=low
1772200549514408096 PROBE_B_START program=low
1772200549524249007 PROBE_B_END program=low
1772200549727016707 PROBE_B_START program=low
1772200549736879303 PROBE_B_END program=low
1772200549939481539 PROBE_B_START program=low
1772200549948397004 PROBE_B_END program=low
1772200550151177167 PROBE_B_START program=low
1772200550161128930 PROBE_B_END program=low
1772200550363954481 PROBE_B_START program=low
1772200550373825856 PROBE_B_END program=low
1772200550576625111 PROBE_B_START program=low
1772200550586440448 PROBE_B_END program=low
1772200550789157573 PROBE_B_START program=low
1772200550799034929 PROBE_B_END program=low
1772200551001781073 PROBE_B_START program=low
1772200551011652651 PROBE_B_END program=low
1772200551214456480 PROBE_B_START program=low
1772200551224345687 PROBE_B_END program=low
1772200551427130035 PROBE_B_START program=low
1772200551436956131 PROBE_B_END program=low
1772200551639671052 PROBE_B_START program=low
1772200551649455037 PROBE_B_END program=low
1772200551852596608 PROBE_B_START program=low
1772200551864132523 PROBE_B_END program=low
1772200552066960667 PROBE_B_START program=low
1772200552076770856 PROBE_B_END program=low
1772200552279524832 PROBE_B_START program=low
1772200552289264373 PROBE_B_END program=low
1772200552492035794 PROBE_B_START program=low
1772200552502094632 PROBE_B_END program=low
1772200552704902535 PROBE_B_START program=low
1772200552714875705 PROBE_B_END program=low
1772200552917714090 PROBE_B_START program=low
1772200552927227463 PROBE_B_END program=low
1772200553130029384 PROBE_B_START program=low
1772200553139956518 PROBE_B_END program=low
1772200553342796124 PROBE_B_START program=low
1772200553352792184 PROBE_B_END program=low
1772200553555620772 PROBE_B_START program=low
1772200553565578553 PROBE_B_END program=low
1772200553768317882 PROBE_B_START program=low
1772200553778158163 PROBE_B_END program=low
1772200553980889992 PROBE_B_START program=low
1772200553990235068 PROBE_B_END program=low
1772200554192986156 PROBE_B_START program=low
1772200554202817974 PROBE_B_END program=low
1772200554405547562 PROBE_B_START program=low
1772200554415506417 PROBE_B_END program=low
1772200554618289672 PROBE_B_START program=low
1772200554628116472 PROBE_B_END program=low
1772200554830848929 PROBE_B_START program=low
1772200554840648877 PROBE_B_END program=low
1772200555043505835 PROBE_B_START program=low
1772200555053346802 PROBE_B_END program=low
1772200555256003408 PROBE_B_START program=low
1772200555265847448 PROBE_B_END program=low
1772200555468609147 PROBE_B_START program=low
1772200555478465243 PROBE_B_END program=low
1772200555681187349 PROBE_B_START program=low
1772200555691030889 PROBE_B_END program=low
1772200555893726514 PROBE_B_START program=low
1772200555903542980 PROBE_B_END program=low
1772200556106161085 PROBE_B_START program=low
1772200556114977216 PROBE_B_END program=low
1772200556317642729 PROBE_B_START program=low
1772200556327466955 PROBE_B_END program=low
1772200556530198431 PROBE_B_START program=low
1772200556539977638 PROBE_B_END program=low
1772200556742678521 PROBE_B_START program=low
1772200556752619840 PROBE_B_END program=low
1772200556955415538 PROBE_B_START program=low
1772200556965345561 PROBE_B_END program=low
1772200557168069944 PROBE_B_START program=low
1772200557177029853 PROBE_B_END program=low
1772200557379839180 PROBE_B_START program=low
1772200557389818573 PROBE_B_END program=low
1772200557592804772 PROBE_B_START program=low
1772200557602772202 PROBE_B_END program=low
1772200557805582862 PROBE_B_START program=low
1772200557815433181 PROBE_B_END program=low
1772200558018266046 PROBE_B_START program=low
1772200558028147586 PROBE_B_END program=low
1772200558230975636 PROBE_B_START program=low
1772200558240905696 PROBE_B_END program=low
1772200558443793782 PROBE_B_START program=low
1772200558453746157 PROBE_B_END program=low
1772200558656647558 PROBE_B_START program=low
1772200558666574192 PROBE_B_END program=low
1772200558869329001 PROBE_B_START program=low
1772200558879208967 PROBE_B_END program=low
1772200559082455740 PROBE_B_START program=low
1772200559092978041 PROBE_B_END program=low
1772200559295766369 PROBE_B_START program=low
1772200559305622428 PROBE_B_END program=low
1772200559508417440 PROBE_B_START program=low
1772200559518261296 PROBE_B_END program=low
1772200559720997771 PROBE_B_START program=low
1772200559730874701 PROBE_B_END program=low
1772200559933718380 PROBE_B_START program=low
1772200559943572124 PROBE_B_END program=low
1772200560146234506 PROBE_B_START program=low
1772200560155012230 PROBE_B_END program=low
1772200560357700390 PROBE_B_START program=low
1772200560367523208 PROBE_B_END program=low
1772200560570261405 PROBE_B_START program=low
1772200560580045353 PROBE_B_END program=low
1772200560782806588 PROBE_B_START program=low
1772200560792527572 PROBE_B_END program=low
1772200560995294881 PROBE_B_START program=low
1772200561005110625 PROBE_B_END program=low
1772200561207863859 PROBE_B_START program=low
1772200561217221658 PROBE_B_END program=low
1772200561419871873 PROBE_B_START program=low
1772200561429159468 PROBE_B_END program=low
1772200561631975480 PROBE_B_START program=low
1772200561641810817 PROBE_B_END program=low
1772200561844636162 PROBE_B_START program=low
1772200561854534110 PROBE_B_END program=low
1772200562057384641 PROBE_B_START program=low
1772200562067291515 PROBE_B_END program=low
1772200562270252990 PROBE_B_START program=low
1772200562279465992 PROBE_B_END program=low
1772200562482269393 PROBE_B_START program=low
1772200562492179656 PROBE_B_END program=low
1772200562695053593 PROBE_B_START program=low
1772200562704971838 PROBE_B_END program=low
1772200562907774053 PROBE_B_START program=low
1772200562917555038 PROBE_B_END program=low
1772200563120363180 PROBE_B_START program=low
1772200563130221424 PROBE_B_END program=low
1772200563332923583 PROBE_B_START program=low
1772200563341923992 PROBE_B_END program=low
1772200563544724671 PROBE_B_START program=low
1772200563554579341 PROBE_B_END program=low
1772200563757431297 PROBE_B_START program=low
1772200563767402541 PROBE_B_END program=low
1772200563970254423 PROBE_B_START program=low
1772200563980159075 PROBE_B_END program=low
1772200564183000494 PROBE_B_START program=low
1772200564192831905 PROBE_B_END program=low
1772200564395562657 PROBE_B_START program=low
1772200564404921067 PROBE_B_END program=low
1772200564607733800 PROBE_B_START program=low
1772200564617702786 PROBE_B_END program=low
1772200564820809723 PROBE_B_START program=low
1772200564830732505 PROBE_B_END program=low
1772200565033570090 PROBE_B_START program=low
1772200565043455538 PROBE_B_END program=low
1772200565246347624 PROBE_B_START program=low
1772200565256283924 PROBE_B_END program=low
1772200565459141824 PROBE_B_START program=low
1772200565469019087 PROBE_B_END program=low
1772200565671828857 PROBE_B_START program=low
1772200565681689786 PROBE_B_END program=low
1772200565884575557 PROBE_B_START program=low
1772200565894527913 PROBE_B_END program=low
1772200566097360257 PROBE_B_START program=low
1772200566107339427 PROBE_B_END program=low
1772200566310596365 PROBE_B_START program=low
1772200566328843610 PROBE_B_END program=low
1772200566531783399 PROBE_B_START program=low
1772200566541740865 PROBE_B_END program=low
1772200566744595691 PROBE_B_START program=low
1772200566754552269 PROBE_B_END program=low
1772200566957475447 PROBE_B_START program=low
1772200566967452080 PROBE_B_END program=low
1772200567170294258 PROBE_B_START program=low
1772200567180166058 PROBE_B_END program=low
1772200567382842883 PROBE_B_START program=low
1772200567391782644 PROBE_B_END program=low
1772200567594529746 PROBE_B_START program=low
1772200567604396102 PROBE_B_END program=low
1772200567807236779 PROBE_B_START program=low
1772200567817120135 PROBE_B_END program=low
1772200568019978719 PROBE_B_START program=low
1772200568029874816 PROBE_B_END program=low
1772200568232741326 PROBE_B_START program=low
1772200568242652126 PROBE_B_END program=low
1772200568445474488 PROBE_B_START program=low
1772200568454873028 PROBE_B_END program=low
1772200568657631872 PROBE_B_START program=low
1772200568667559246 PROBE_B_END program=low
1772200568870434108 PROBE_B_START program=low
1772200568880370945 PROBE_B_END program=low
1772200569083184029 PROBE_B_START program=low
1772200569093226163 PROBE_B_END program=low
1772200569296118136 PROBE_B_START program=low
1772200569306659438 PROBE_B_END program=low
1772200569509343781 PROBE_B_START program=low
1772200569518767283 PROBE_B_END program=low
1772200569721617553 PROBE_B_START program=low
1772200569731581612 PROBE_B_END program=low
1772200569934411808 PROBE_B_START program=low
1772200569944328330 PROBE_B_END program=low
1772200570147142284 PROBE_B_START program=low
1772200570157015417 PROBE_B_END program=low
1772200570359863446 PROBE_B_START program=low
1772200570369790839 PROBE_B_END program=low
1772200570572540219 PROBE_B_START program=low
1772200570581457276 PROBE_B_END program=low
1772200570784213008 PROBE_B_START program=low
1772200570794074048 PROBE_B_END program=low
1772200570996895484 PROBE_B_START program=low
1772200571006769210 PROBE_B_END program=low
1772200571209602849 PROBE_B_START program=low
1772200571219453649 PROBE_B_END program=low
1772200571422298048 PROBE_B_START program=low
1772200571432146625 PROBE_B_END program=low
1772200571634891190 PROBE_B_START program=low
1772200571644805361 PROBE_B_END program=low
1772200571847527259 PROBE_B_START program=low
1772200571857475948 PROBE_B_END program=low
1772200572060341569 PROBE_B_START program=low
1772200572070312684 PROBE_B_END program=low
1772200572273189471 PROBE_B_START program=low
1772200572283126142 PROBE_B_END program=low
1772200572485955966 PROBE_B_START program=low
1772200572496547397 PROBE_B_END program=low
1772200572699729333 PROBE_B_START program=low
1772200572709598022 PROBE_B_END program=low
1772200572912311346 PROBE_B_START program=low
1772200572921608848 PROBE_B_END program=low
1772200573124320894 PROBE_B_START program=low
1772200573133700527 PROBE_B_END program=low
1772200573336425813 PROBE_B_START program=low
1772200573345787649 PROBE_B_END program=low
1772200573548716547 PROBE_B_START program=low
1772200573559275904 PROBE_B_END program=low
1772200573762118525 PROBE_B_START program=low
1772200573772023251 PROBE_B_END program=low
1772200573974806852 PROBE_B_START program=low
1772200573984867060 PROBE_B_END program=low
1772200574187696217 PROBE_B_START program=low
1772200574197621462 PROBE_B_END program=low
1772200574400443193 PROBE_B_START program=low
1772200574410383400 PROBE_B_END program=low
1772200574613098317 PROBE_B_START program=low
1772200574622066466 PROBE_B_END program=low
1772200574824823234 PROBE_B_START program=low
1772200574834826923 PROBE_B_END program=low
1772200575037665507 PROBE_B_START program=low
1772200575047572695 PROBE_B_END program=low
1772200575250461408 PROBE_B_START program=low
1772200575260310523 PROBE_B_END program=low
1772200575463136865 PROBE_B_START program=low
1772200575473163035 PROBE_B_END program=low
1772200575675981063 PROBE_B_START program=low
1772200575685389695 PROBE_B_END program=low
1772200575888203592 PROBE_B_START program=low
1772200575898199911 PROBE_B_END program=low
1772200576101018772 PROBE_B_START program=low
1772200576110920516 PROBE_B_END program=low
1772200576313711654 PROBE_B_START program=low
1772200576324264493 PROBE_B_END program=low
1772200576527104872 PROBE_B_START program=low
1772200576537067727 PROBE_B_END program=low
1772200576739874069 PROBE_B_START program=low
1772200576749286997 PROBE_B_END program=low
1772200576952059117 PROBE_B_START program=low
1772200576962040213 PROBE_B_END program=low
1772200577164864148 PROBE_B_START program=low
1772200577174807281 PROBE_B_END program=low
1772200577377646049 PROBE_B_START program=low
1772200577387557386 PROBE_B_END program=low
1772200577590439727 PROBE_B_START program=low
1772200577600357527 PROBE_B_END program=low
1772200577803008869 PROBE_B_START program=low
1772200577811896166 PROBE_B_END program=low
1772200578014726990 PROBE_B_START program=low
1772200578024690660 PROBE_B_END program=low
1772200578227556187 PROBE_B_START program=low
1772200578237490320 PROBE_B_END program=low
1772200578440347384 PROBE_B_START program=low
1772200578450280036 PROBE_B_END program=low
1772200578653160507 PROBE_B_START program=low
1772200578663195751 PROBE_B_END program=low
1772200578866060297 PROBE_B_START program=low
1772200578875937059 PROBE_B_END program=low
1772200579078795031 PROBE_B_START program=low
1772200579088702942 PROBE_B_END program=low
1772200579291519727 PROBE_B_START program=low
1772200579301390342 PROBE_B_END program=low
1772200579504239146 PROBE_B_START program=low
1772200579514092520 PROBE_B_END program=low
1772200579717212195 PROBE_B_START program=low
1772200579727931201 PROBE_B_END program=low
1772200579930782116 PROBE_B_START program=low
1772200579940727398 PROBE_B_END program=low
1772200580143593850 PROBE_B_START program=low
1772200580153533131 PROBE_B_END program=low
1772200580356387750 PROBE_B_START program=low
1772200580366369106 PROBE_B_END program=low
1772200580569224151 PROBE_B_START program=low
1772200580579217247 PROBE_B_END program=low
1772200580782156310 PROBE_B_START program=low
1772200580792114073 PROBE_B_END program=low
1772200580994952285 PROBE_B_START program=low
1772200581005077307 PROBE_B_END program=low
1772200581207964408 PROBE_B_START program=low
1772200581217957374 PROBE_B_END program=low
1772200581420818900 PROBE_B_START program=low
1772200581430828756 PROBE_B_END program=low
1772200581633635486 PROBE_B_START program=low
1772200581643588971 PROBE_B_END program=low
1772200581846306256 PROBE_B_START program=low
1772200581855263109 PROBE_B_END program=low
1772200582058074654 PROBE_B_START program=low
1772200582067964009 PROBE_B_END program=low
1772200582270825350 PROBE_B_START program=low
1772200582280728761 PROBE_B_END program=low
1772200582483562935 PROBE_B_START program=low
1772200582493478123 PROBE_B_END program=low
1772200582696331705 PROBE_B_START program=low
1772200582706351449 PROBE_B_END program=low
1772200582909163105 PROBE_B_START program=low
1772200582918609737 PROBE_B_END program=low
1772200583121392522 PROBE_B_START program=low
1772200583131342803 PROBE_B_END program=low
1772200583334234440 PROBE_B_START program=low
1772200583344379722 PROBE_B_END program=low
1772200583547383803 PROBE_B_START program=low
1772200583557602659 PROBE_B_END program=low
1772200583760481685 PROBE_B_START program=low
1772200583770539930 PROBE_B_END program=low
1772200583973392826 PROBE_B_START program=low
1772200583982940162 PROBE_B_END program=low
1772200584185620483 PROBE_B_START program=low
1772200584195054004 PROBE_B_END program=low
1772200584397865289 PROBE_B_START program=low
1772200584407759348 PROBE_B_END program=low
1772200584610661799 PROBE_B_START program=low
1772200584620646377 PROBE_B_END program=low
1772200584823556588 PROBE_B_START program=low
1772200584833451239 PROBE_B_END program=low
1772200585036220691 PROBE_B_START program=low
1772200585045704434 PROBE_B_END program=low
1772200585248495274 PROBE_B_START program=low
1772200585257927739 PROBE_B_END program=low
1772200585460799728 PROBE_B_START program=low
1772200585470849065 PROBE_B_END program=low
1772200585673708701 PROBE_B_START program=low
1772200585683735927 PROBE_B_END program=low
1772200585886652712 PROBE_B_START program=low
1772200585896966790 PROBE_B_END program=low
1772200586099868260 PROBE_B_START program=low
1772200586109861578 PROBE_B_END program=low
1772200586312777307 PROBE_B_START program=low
1772200586322738329 PROBE_B_END program=low
1772200586525556391 PROBE_B_START program=low
1772200586535555932 PROBE_B_END program=low
1772200586738405161 PROBE_B_START program=low
1772200586748324146 PROBE_B_END program=low
1772200586951353134 PROBE_B_START program=low
1772200586961549768 PROBE_B_END program=low
1772200587164441700 PROBE_B_START program=low
1772200587174431593 PROBE_B_END program=low
1772200587377710415 PROBE_B_START program=low
1772200587387675140 PROBE_B_END program=low
1772200587590569795 PROBE_B_START program=low
1772200587600551910 PROBE_B_END program=low
1772200587803412305 PROBE_B_START program=low
1772200587813385253 PROBE_B_END program=low
1772200588016300037 PROBE_B_START program=low
1772200588026601412 PROBE_B_END program=low
1772200588229637566 PROBE_B_START program=low
1772200588239746441 PROBE_B_END program=low
1772200588442620114 PROBE_B_START program=low
1772200588452610562 PROBE_B_END program=low
1772200588655472586 PROBE_B_START program=low
1772200588665412812 PROBE_B_END program=low
1772200588868286318 PROBE_B_START program=low
1772200588878324118 PROBE_B_END program=low
1772200589081073457 PROBE_B_START program=low
1772200589090507108 PROBE_B_END program=low
1772200589293403354 PROBE_B_START program=low
1772200589303304580 PROBE_B_END program=low
1772200589506194271 PROBE_B_START program=low
1772200589516134516 PROBE_B_END program=low
1772200589719005170 PROBE_B_START program=low
1772200589728950173 PROBE_B_END program=low
1772200589931800957 PROBE_B_START program=low
1772200589941807349 PROBE_B_END program=low
1772200590144691633 PROBE_B_START program=low
1772200590154172117 PROBE_B_END program=low
1772200590356934437 PROBE_B_START program=low
1772200590366833811 PROBE_B_END program=low
1772200590569712409 PROBE_B_START program=low
1772200590579922487 PROBE_B_END program=low
1772200590782699141 PROBE_B_START program=low
1772200590792128125 PROBE_B_END program=low
1772200590994964149 PROBE_B_START program=low
1772200591004760115 PROBE_B_END program=low
1772200591207495676 PROBE_B_START program=low
1772200591216956826 PROBE_B_END program=low
1772200591419787998 PROBE_B_START program=low
1772200591429685020 PROBE_B_END program=low
1772200591632582193 PROBE_B_START program=low
1772200591642588585 PROBE_B_END program=low
1772200591845370664 PROBE_B_START program=low
1772200591855301761 PROBE_B_END program=low
1772200592058179062 PROBE_B_START program=low
1772200592068017436 PROBE_B_END program=low
1772200592270824589 PROBE_B_START program=low
1772200592280271092 PROBE_B_END program=low
1772200592483141837 PROBE_B_START program=low
1772200592493061600 PROBE_B_END program=low
1772200592695908902 PROBE_B_START program=low
1772200592705892850 PROBE_B_END program=low
1772200592908776559 PROBE_B_START program=low
1772200592918901581 PROBE_B_END program=low
1772200593121772364 PROBE_B_START program=low
1772200593132446684 PROBE_B_END program=low
1772200593335636338 PROBE_B_START program=low
1772200593345638453 PROBE_B_END program=low
1772200593548474217 PROBE_B_START program=low
1772200593558424998 PROBE_B_END program=low
1772200593761231577 PROBE_B_START program=low
1772200593771176025 PROBE_B_END program=low
1772200593974081012 PROBE_B_START program=low
1772200593984073349 PROBE_B_END program=low
1772200594187890318 PROBE_B_START program=low
1772200594198625490 PROBE_B_END program=low
1772200594401485847 PROBE_B_START program=low
1772200594411442054 PROBE_B_END program=low
1772200594614305448 PROBE_B_START program=low
1772200594624311396 PROBE_B_END program=low
1772200594827123308 PROBE_B_START program=low
1772200594836946293 PROBE_B_END program=low
1772200595039750316 PROBE_B_START program=low
1772200595049618708 PROBE_B_END program=low
1772200595252550546 PROBE_B_START program=low
1772200595262283179 PROBE_B_END program=low
1772200595464984239 PROBE_B_START program=low
1772200595474835168 PROBE_B_END program=low
1772200595677605580 PROBE_B_START program=low
1772200595687502657 PROBE_B_END program=low
1772200595890265810 PROBE_B_START program=low
1772200595899916072 PROBE_B_END program=low
1772200596102623594 PROBE_B_START program=low
1772200596112480042 PROBE_B_END program=low
1772200596315095583 PROBE_B_START program=low
1772200596323937436 PROBE_B_END program=low
1772200596526646866 PROBE_B_START program=low
1772200596536479943 PROBE_B_END program=low
1772200596739251503 PROBE_B_START program=low
1772200596749052913 PROBE_B_END program=low
1772200596951848177 PROBE_B_START program=low
1772200596961654995 PROBE_B_END program=low
1772200597164454925 PROBE_B_START program=low
1772200597174311150 PROBE_B_END program=low
1772200597377035617 PROBE_B_START program=low
1772200597386481619 PROBE_B_END program=low
1772200597589239068 PROBE_B_START program=low
1772200597599435664 PROBE_B_END program=low
1772200597802401854 PROBE_B_START program=low
1772200597812733358 PROBE_B_END program=low
1772200598015506492 PROBE_B_START program=low
1772200598025365828 PROBE_B_END program=low
1772200598228156851 PROBE_B_START program=low
1772200598237921372 PROBE_B_END program=low
1772200598440638376 PROBE_B_START program=low
1772200598449933137 PROBE_B_END program=low
1772200598652576659 PROBE_B_START program=low
1772200598661877754 PROBE_B_END program=low
1772200598864633943 PROBE_B_START program=low
1772200598874495557 PROBE_B_END program=low
1772200599077285505 PROBE_B_START program=low
1772200599087185564 PROBE_B_END program=low
1772200599289914919 PROBE_B_START program=low
1772200599299821441 PROBE_B_END program=low
1772200599502669056 PROBE_B_START program=low
1772200599512502948 PROBE_B_END program=low
1772200599715493804 PROBE_B_START program=low
1772200599725217918 PROBE_B_END program=low
1772200599927924736 PROBE_B_START program=low
1772200599937848851 PROBE_B_END program=low
1772200600140622391 PROBE_B_START program=low
1772200600150655988 PROBE_B_END program=low
1772200600353952455 PROBE_B_START program=low
1772200600365549518 PROBE_B_END program=low
1772200600568618614 PROBE_B_START program=low
1772200600578706581 PROBE_B_END program=low
1772200600781562066 PROBE_B_START program=low
1772200600791574088 PROBE_B_END program=low
1772200600994433240 PROBE_B_START program=low
1772200601004343169 PROBE_B_END program=low
1772200601207216395 PROBE_B_START program=low
1772200601217148046 PROBE_B_END program=low
1772200601420065587 PROBE_B_START program=low
1772200601430148368 PROBE_B_END program=low
1772200601633051334 PROBE_B_START program=low
1772200601642970690 PROBE_B_END program=low
1772200601845845100 PROBE_B_START program=low
1772200601855831919 PROBE_B_END program=low
1772200602058724626 PROBE_B_START program=low
1772200602068624037 PROBE_B_END program=low
1772200602271500429 PROBE_B_START program=low
1772200602281422339 PROBE_B_END program=low
1772200602484463843 PROBE_B_START program=low
1772200602494368087 PROBE_B_END program=low
1772200602696995830 PROBE_B_START program=low
1772200602706402462 PROBE_B_END program=low
1772200602909154502 PROBE_B_START program=low
1772200602919113376 PROBE_B_END program=low
1772200603121917990 PROBE_B_START program=low
1772200603131822086 PROBE_B_END program=low
1772200603334711329 PROBE_B_START program=low
1772200603344681499 PROBE_B_END program=low
1772200603547449743 PROBE_B_START program=low
1772200603556883153 PROBE_B_END program=low
1772200603759738878 PROBE_B_START program=low
1772200603769729492 PROBE_B_END program=low
1772200603972658958 PROBE_B_START program=low
1772200603982684499 PROBE_B_END program=low
1772200604185567631 PROBE_B_START program=low
1772200604195533709 PROBE_B_END program=low
1772200604398371193 PROBE_B_START program=low
1772200604408304048 PROBE_B_END program=low
1772200604610978513 PROBE_B_START program=low
1772200604619929422 PROBE_B_END program=low
1772200604822648276 PROBE_B_START program=low
1772200604832185593 PROBE_B_END program=low
1772200605034895003 PROBE_B_START program=low
1772200605044258246 PROBE_B_END program=low
1772200605247056545 PROBE_B_START program=low
1772200605257087622 PROBE_B_END program=low
1772200605459985032 PROBE_B_START program=low
1772200605470005906 PROBE_B_END program=low
1772200605672776075 PROBE_B_START program=low
1772200605682258522 PROBE_B_END program=low
1772200605885131765 PROBE_B_START program=low
1772200605895101398 PROBE_B_END program=low
1772200606097934901 PROBE_B_START program=low
1772200606108060867 PROBE_B_END program=low
1772200606310915759 PROBE_B_START program=low
1772200606320764817 PROBE_B_END program=low
1772200606523685283 PROBE_B_START program=low
1772200606533636212 PROBE_B_END program=low
1772200606736436584 PROBE_B_START program=low
1772200606745923865 PROBE_B_END program=low
1772200606948813589 PROBE_B_START program=low
1772200606958871815 PROBE_B_END program=low
1772200607161740873 PROBE_B_START program=low
1772200607172015506 PROBE_B_END program=low
1772200607375108694 PROBE_B_START program=low
1772200607385225290 PROBE_B_END program=low
1772200607588878739 PROBE_B_START program=low
1772200607603079344 PROBE_B_END program=low
1772200607805953957 PROBE_B_START program=low
1772200607815885720 PROBE_B_END program=low
1772200608018767870 PROBE_B_START program=low
1772200608028783781 PROBE_B_END program=low
1772200608231659338 PROBE_B_START program=low
1772200608241669120 PROBE_B_END program=low
1772200608444499751 PROBE_B_START program=low
1772200608454546514 PROBE_B_END program=low
1772200608657538053 PROBE_B_START program=low
1772200608667794372 PROBE_B_END program=low
1772200608870694189 PROBE_B_START program=low
1772200608880611266 PROBE_B_END program=low
1772200609083534064 R2_IDLE_C seconds=30 actions=B
1772200639085969343 SKIP_PROBE_C seconds=60
