1772709052075836772 C1_BASELINE_START
1772709112077805459 C1_BASELINE_END
1772709112091901399 C1_INTERVENTION_START
1772709292096180808 C1_INTERVENTION_END
1772709292097106586 C1_RECOVERY_R1_START
1772709472098988957 C1_RECOVERY_R1_END
1772709472100036551 C1_RECOVERY_R2_START
1772709772670309931 C1_RECOVERY_R2_END
1772709772671269599 C1_POSTBASELINE_START
1772709832673151618 C1_POSTBASELINE_END
1772709832675441196 C2_BASELINE_START
1772709892677460903 C2_BASELINE_END
1772709892680970056 C2_INTERVENTION_START
1772710072686729491 C2_INTERVENTION_END
1772710072687724677 C2_RECOVERY_R1_START
1772710252689681440 C2_RECOVERY_R1_END
1772710252690732498 C2_RECOVERY_R2_START
1772710552059228516 C2_RECOVERY_R2_END
1772710552062676855 C2_POSTBASELINE_START
1772710612064682067 C2_POSTBASELINE_END
1772710612066956996 C3_BASELINE_START
1772710672068938986 C3_BASELINE_END
1772710672072280066 C3_INTERVENTION_START
1772710852077372950 C3_INTERVENTION_END
1772710852078335545 C3_RECOVERY_R1_START
1772711032080246774 C3_RECOVERY_R1_END
1772711032081274646 C3_RECOVERY_R2_START
1772711332224822558 C3_RECOVERY_R2_END
1772711332225889153 C3_POSTBASELINE_START
1772711392227851373 C3_POSTBASELINE_END
