1771962225337193873 R2_IDLE_A seconds=60 actions=B
1771962285339062051 SKIP_PROBE_A seconds=60
1771962345340869118 R2_IDLE_B seconds=30 actions=B
1771962375344892302 PROBE_B_START program=low
1771962375360640776 PROBE_B_END program=low
1771962375563501960 PROBE_B_START program=low
1771962375571046179 PROBE_B_END program=low
1771962375773856807 PROBE_B_START program=low
1771962375781567081 PROBE_B_END program=low
1771962375984361950 PROBE_B_START program=low
1771962375991932317 PROBE_B_END program=low
1771962376194579983 PROBE_B_START program=low
1771962376206411200 PROBE_B_END program=low
1771962376409180274 PROBE_B_START program=low
1771962376416732215 PROBE_B_END program=low
1771962376619662010 PROBE_B_START program=low
1771962376627852229 PROBE_B_END program=low
1771962376830698895 PROBE_B_START program=low
1771962376838174818 PROBE_B_END program=low
1771962377040992762 PROBE_B_START program=low
1771962377048617999 PROBE_B_END program=low
1771962377251489055 PROBE_B_START program=low
1771962377264617345 PROBE_B_END program=low
1771962377467501142 PROBE_B_START program=low
1771962377475103286 PROBE_B_END program=low
1771962377677923935 PROBE_B_START program=low
1771962377685580135 PROBE_B_END program=low
1771962377888439765 PROBE_B_START program=low
1771962377896018410 PROBE_B_END program=low
1771962378099437706 PROBE_B_START program=low
1771962378107692166 PROBE_B_END program=low
1771962378310572870 PROBE_B_START program=low
1771962378319721644 PROBE_B_END program=low
1771962378522568405 PROBE_B_START program=low
1771962378530097012 PROBE_B_END program=low
1771962378732904347 PROBE_B_START program=low
1771962378740617732 PROBE_B_END program=low
1771962378943463196 PROBE_B_START program=low
1771962378951085952 PROBE_B_END program=low
1771962379153948083 PROBE_B_START program=low
1771962379164342338 PROBE_B_END program=low
1771962379367262858 PROBE_B_START program=low
1771962379376336410 PROBE_B_END program=low
1771962379579213819 PROBE_B_START program=low
1771962379586629001 PROBE_B_END program=low
1771962379789455966 PROBE_B_START program=low
1771962379797233111 PROBE_B_END program=low
1771962380000069113 PROBE_B_START program=low
1771962380007646572 PROBE_B_END program=low
1771962380210339279 PROBE_B_START program=low
1771962380219020941 PROBE_B_END program=low
1771962380421820352 PROBE_B_START program=low
1771962380429495533 PROBE_B_END program=low
1771962380632355962 PROBE_B_START program=low
1771962380639924903 PROBE_B_END program=low
1771962380842712980 PROBE_B_START program=low
1771962380850334958 PROBE_B_END program=low
1771962381053132720 PROBE_B_START program=low
1771962381060728291 PROBE_B_END program=low
1771962381263571906 PROBE_B_START program=low
1771962381274450141 PROBE_B_END program=low
1771962381477167941 PROBE_B_START program=low
1771962381484776642 PROBE_B_END program=low
1771962381687603904 PROBE_B_START program=low
1771962381695226994 PROBE_B_END program=low
1771962381898047627 PROBE_B_START program=low
1771962381905646401 PROBE_B_END program=low
1771962382108504998 PROBE_B_START program=low
1771962382116058531 PROBE_B_END program=low
1771962382319039369 PROBE_B_START program=low
1771962382330883234 PROBE_B_END program=low
1771962382533638590 PROBE_B_START program=low
1771962382541251346 PROBE_B_END program=low
1771962382744107073 PROBE_B_START program=low
1771962382752000477 PROBE_B_END program=low
1771962382954787296 PROBE_B_START program=low
1771962382962647996 PROBE_B_END program=low
1771962383165442668 PROBE_B_START program=low
1771962383172937609 PROBE_B_END program=low
1771962383375552744 PROBE_B_START program=low
1771962383385072907 PROBE_B_END program=low
1771962383587850801 PROBE_B_START program=low
1771962383595482390 PROBE_B_END program=low
1771962383798297932 PROBE_B_START program=low
1771962383805879244 PROBE_B_END program=low
1771962384008747860 PROBE_B_START program=low
1771962384016526301 PROBE_B_END program=low
1771962384219415677 PROBE_B_START program=low
1771962384227713822 PROBE_B_END program=low
1771962384430507328 PROBE_B_START program=low
1771962384438642157 PROBE_B_END program=low
1771962384641462460 PROBE_B_START program=low
1771962384651607178 PROBE_B_END program=low
1771962384854470517 PROBE_B_START program=low
1771962384862128439 PROBE_B_END program=low
1771962385065021501 PROBE_B_START program=low
1771962385072233424 PROBE_B_END program=low
1771962385275420579 PROBE_B_START program=low
1771962385283868205 PROBE_B_END program=low
1771962385486744563 PROBE_B_START program=low
1771962385496538911 PROBE_B_END program=low
1771962385699432306 PROBE_B_START program=low
1771962385707205192 PROBE_B_END program=low
1771962385910128310 PROBE_B_START program=low
1771962385917879473 PROBE_B_END program=low
1771962386120761258 PROBE_B_START program=low
1771962386128441995 PROBE_B_END program=low
1771962386331436577 PROBE_B_START program=low
1771962386339954814 PROBE_B_END program=low
1771962386542904914 PROBE_B_START program=low
1771962386551189985 PROBE_B_END program=low
1771962386754143159 PROBE_B_START program=low
1771962386762165489 PROBE_B_END program=low
1771962386965053552 PROBE_B_START program=low
1771962386972717456 PROBE_B_END program=low
1771962387175598445 PROBE_B_START program=low
1771962387183230220 PROBE_B_END program=low
1771962387386554876 PROBE_B_START program=low
1771962387400028093 PROBE_B_END program=low
1771962387603043212 PROBE_B_START program=low
1771962387611437912 PROBE_B_END program=low
1771962387814330032 PROBE_B_START program=low
1771962387822282677 PROBE_B_END program=low
1771962388025171351 PROBE_B_START program=low
1771962388034686107 PROBE_B_END program=low
1771962388237683745 PROBE_B_START program=low
1771962388246124427 PROBE_B_END program=low
1771962388449052788 PROBE_B_START program=low
1771962388457452914 PROBE_B_END program=low
1771962388660353016 PROBE_B_START program=low
1771962388668097661 PROBE_B_END program=low
1771962388870970336 PROBE_B_START program=low
1771962388878627444 PROBE_B_END program=low
1771962389081526528 PROBE_B_START program=low
1771962389089230635 PROBE_B_END program=low
1771962389292170812 PROBE_B_START program=low
1771962389300687642 PROBE_B_END program=low
1771962389503710948 PROBE_B_START program=low
1771962389512020685 PROBE_B_END program=low
1771962389714952713 PROBE_B_START program=low
1771962389722730877 PROBE_B_END program=low
1771962389925614294 PROBE_B_START program=low
1771962389933266569 PROBE_B_END program=low
1771962390136168042 PROBE_B_START program=low
1771962390144045317 PROBE_B_END program=low
1771962390346965586 PROBE_B_START program=low
1771962390357409582 PROBE_B_END program=low
1771962390560461611 PROBE_B_START program=low
1771962390568307145 PROBE_B_END program=low
1771962390771579600 PROBE_B_START program=low
1771962390779468023 PROBE_B_END program=low
1771962390982336200 PROBE_B_START program=low
1771962390990066030 PROBE_B_END program=low
1771962391192931541 PROBE_B_START program=low
1771962391203312463 PROBE_B_END program=low
1771962391406275252 PROBE_B_START program=low
1771962391414615582 PROBE_B_END program=low
1771962391617405890 PROBE_B_START program=low
1771962391625741016 PROBE_B_END program=low
1771962391828603768 PROBE_B_START program=low
1771962391836243728 PROBE_B_END program=low
1771962392039148554 PROBE_B_START program=low
1771962392046859385 PROBE_B_END program=low
1771962392249754286 PROBE_B_START program=low
1771962392258183764 PROBE_B_END program=low
1771962392461087906 PROBE_B_START program=low
1771962392468934365 PROBE_B_END program=low
1771962392671655470 PROBE_B_START program=low
1771962392681321596 PROBE_B_END program=low
1771962392884100071 PROBE_B_START program=low
1771962392891737772 PROBE_B_END program=low
1771962393094557062 PROBE_B_START program=low
1771962393102224059 PROBE_B_END program=low
1771962393305138943 PROBE_B_START program=low
1771962393313674550 PROBE_B_END program=low
1771962393516608396 PROBE_B_START program=low
1771962393524722504 PROBE_B_END program=low
1771962393727607314 PROBE_B_START program=low
1771962393738489809 PROBE_B_END program=low
1771962393941337618 PROBE_B_START program=low
1771962393948959430 PROBE_B_END program=low
1771962394151819666 PROBE_B_START program=low
1771962394161865329 PROBE_B_END program=low
1771962394364720509 PROBE_B_START program=low
1771962394372932302 PROBE_B_END program=low
1771962394575727853 PROBE_B_START program=low
1771962394583465906 PROBE_B_END program=low
1771962394786332771 PROBE_B_START program=low
1771962394795809212 PROBE_B_END program=low
1771962394998646022 PROBE_B_START program=low
1771962395006244815 PROBE_B_END program=low
1771962395209093348 PROBE_B_START program=low
1771962395217002345 PROBE_B_END program=low
1771962395419867637 PROBE_B_START program=low
1771962395428129745 PROBE_B_END program=low
1771962395631002130 PROBE_B_START program=low
1771962395640016552 PROBE_B_END program=low
1771962395843457474 PROBE_B_START program=low
1771962395851514027 PROBE_B_END program=low
1771962396054303134 PROBE_B_START program=low
1771962396062083705 PROBE_B_END program=low
1771962396264918868 PROBE_B_START program=low
1771962396274022883 PROBE_B_END program=low
1771962396476868825 PROBE_B_START program=low
1771962396484569266 PROBE_B_END program=low
1771962396688952540 PROBE_B_START program=low
1771962396696522704 PROBE_B_END program=low
1771962396899422200 PROBE_B_START program=low
1771962396907500845 PROBE_B_END program=low
1771962397110315380 PROBE_B_START program=low
1771962397117957543 PROBE_B_END program=low
1771962397320800671 PROBE_B_START program=low
1771962397330884389 PROBE_B_END program=low
1771962397533758442 PROBE_B_START program=low
1771962397541490735 PROBE_B_END program=low
1771962397744544011 PROBE_B_START program=low
1771962397752907841 PROBE_B_END program=low
1771962397955874338 PROBE_B_START program=low
1771962397963677224 PROBE_B_END program=low
1771962398166575944 PROBE_B_START program=low
1771962398174272775 PROBE_B_END program=low
1771962398377200347 PROBE_B_START program=low
1771962398385570455 PROBE_B_END program=low
1771962398588431416 PROBE_B_START program=low
1771962398596339839 PROBE_B_END program=low
1771962398799319356 PROBE_B_START program=low
1771962398807685871 PROBE_B_END program=low
1771962399010572907 PROBE_B_START program=low
1771962399018422848 PROBE_B_END program=low
1771962399221452143 PROBE_B_START program=low
1771962399229248307 PROBE_B_END program=low
1771962399432132380 PROBE_B_START program=low
1771962399440566007 PROBE_B_END program=low
1771962399643430469 PROBE_B_START program=low
1771962399651130929 PROBE_B_END program=low
1771962399853958261 PROBE_B_START program=low
1771962399862217147 PROBE_B_END program=low
1771962400065063183 PROBE_B_START program=low
1771962400074581828 PROBE_B_END program=low
1771962400277536846 PROBE_B_START program=low
1771962400286139713 PROBE_B_END program=low
1771962400489035158 PROBE_B_START program=low
1771962400496805284 PROBE_B_END program=low
1771962400699759469 PROBE_B_START program=low
1771962400707334559 PROBE_B_END program=low
1771962400910076059 PROBE_B_START program=low
1771962400918201778 PROBE_B_END program=low
1771962401121031075 PROBE_B_START program=low
1771962401128711979 PROBE_B_END program=low
1771962401331695276 PROBE_B_START program=low
1771962401340103199 PROBE_B_END program=low
1771962401542965422 PROBE_B_START program=low
1771962401550628419 PROBE_B_END program=low
1771962401753545308 PROBE_B_START program=low
1771962401761109306 PROBE_B_END program=low
1771962401963990103 PROBE_B_START program=low
1771962401972722599 PROBE_B_END program=low
1771962402175627415 PROBE_B_START program=low
1771962402183253579 PROBE_B_END program=low
1771962402386181321 PROBE_B_START program=low
1771962402394606855 PROBE_B_END program=low
1771962402597551671 PROBE_B_START program=low
1771962402605249872 PROBE_B_END program=low
1771962402808191059 PROBE_B_START program=low
1771962402817551167 PROBE_B_END program=low
1771962403020510223 PROBE_B_START program=low
1771962403029062072 PROBE_B_END program=low
1771962403231985611 PROBE_B_START program=low
1771962403239666220 PROBE_B_END program=low
1771962403442651944 PROBE_B_START program=low
1771962403451101700 PROBE_B_END program=low
1771962403654014573 PROBE_B_START program=low
1771962403661886385 PROBE_B_END program=low
1771962403864783257 PROBE_B_START program=low
1771962403874063050 PROBE_B_END program=low
1771962404076927645 PROBE_B_START program=low
1771962404088250585 PROBE_B_END program=low
1771962404291103496 PROBE_B_START program=low
1771962404299396845 PROBE_B_END program=low
1771962404502355922 PROBE_B_START program=low
1771962404510233493 PROBE_B_END program=low
1771962404713167922 PROBE_B_START program=low
1771962404720222975 PROBE_B_END program=low
1771962404923300200 PROBE_B_START program=low
1771962404937651009 PROBE_B_END program=low
1771962405140851050 PROBE_B_START program=low
1771962405149239491 PROBE_B_END program=low
1771962405352150865 PROBE_B_START program=low
1771962405360836455 PROBE_B_END program=low
1771962405563809606 PROBE_B_START program=low
1771962405571380363 PROBE_B_END program=low
1771962405774350404 PROBE_B_START program=low
1771962405782088382 PROBE_B_END program=low
1771962405987830829 PROBE_B_START program=low
1771962405996304456 PROBE_B_END program=low
1771962406199204442 PROBE_B_START program=low
1771962406206908402 PROBE_B_END program=low
1771962406409811221 PROBE_B_START program=low
1771962406418267589 PROBE_B_END program=low
1771962406621183149 PROBE_B_START program=low
1771962406628898442 PROBE_B_END program=low
1771962406831833780 PROBE_B_START program=low
1771962406839574055 PROBE_B_END program=low
1771962407042590374 PROBE_B_START program=low
1771962407051110520 PROBE_B_END program=low
1771962407254027006 PROBE_B_START program=low
1771962407261511559 PROBE_B_END program=low
1771962407464380268 PROBE_B_START program=low
1771962407473043247 PROBE_B_END program=low
1771962407675975881 PROBE_B_START program=low
1771962407685455656 PROBE_B_END program=low
1771962407888386439 PROBE_B_START program=low
1771962407896086288 PROBE_B_END program=low
1771962408098873071 PROBE_B_START program=low
1771962408106840717 PROBE_B_END program=low
1771962408309677630 PROBE_B_START program=low
1771962408318195960 PROBE_B_END program=low
1771962408521118373 PROBE_B_START program=low
1771962408528719871 PROBE_B_END program=low
1771962408731585303 PROBE_B_START program=low
1771962408739562263 PROBE_B_END program=low
1771962408942497306 PROBE_B_START program=low
1771962408950239007 PROBE_B_END program=low
1771962409152981680 PROBE_B_START program=low
1771962409160910140 PROBE_B_END program=low
1771962409363786425 PROBE_B_START program=low
1771962409372235589 PROBE_B_END program=low
1771962409575302225 PROBE_B_START program=low
1771962409582874963 PROBE_B_END program=low
1771962409785749173 PROBE_B_START program=low
1771962409793579856 PROBE_B_END program=low
1771962409996477474 PROBE_B_START program=low
1771962410004167915 PROBE_B_END program=low
1771962410206939589 PROBE_B_START program=low
1771962410215152828 PROBE_B_END program=low
1771962410418158742 PROBE_B_START program=low
1771962410429161868 PROBE_B_END program=low
1771962410632053820 PROBE_B_START program=low
1771962410639729873 PROBE_B_END program=low
1771962410842663343 PROBE_B_START program=low
1771962410850323896 PROBE_B_END program=low
1771962411053215496 PROBE_B_START program=low
1771962411060890938 PROBE_B_END program=low
1771962411263759724 PROBE_B_START program=low
1771962411272934406 PROBE_B_END program=low
1771962411475713692 PROBE_B_START program=low
1771962411484034523 PROBE_B_END program=low
1771962411686891235 PROBE_B_START program=low
1771962411694572047 PROBE_B_END program=low
1771962411897402129 PROBE_B_START program=low
1771962411904986256 PROBE_B_END program=low
1771962412107838487 PROBE_B_START program=low
1771962412115529540 PROBE_B_END program=low
1771962412318182457 PROBE_B_START program=low
1771962412326973361 PROBE_B_END program=low
1771962412529730426 PROBE_B_START program=low
1771962412537207516 PROBE_B_END program=low
1771962412740082117 PROBE_B_START program=low
1771962412747898152 PROBE_B_END program=low
1771962412950716290 PROBE_B_START program=low
1771962412958216862 PROBE_B_END program=low
1771962413161039223 PROBE_B_START program=low
1771962413170445757 PROBE_B_END program=low
1771962413373621822 PROBE_B_START program=low
1771962413384301430 PROBE_B_END program=low
1771962413587164514 PROBE_B_START program=low
1771962413594778919 PROBE_B_END program=low
1771962413797569891 PROBE_B_START program=low
1771962413805229129 PROBE_B_END program=low
1771962414008064361 PROBE_B_START program=low
1771962414015542618 PROBE_B_END program=low
1771962414218767351 PROBE_B_START program=low
1771962414227747644 PROBE_B_END program=low
1771962414430801228 PROBE_B_START program=low
1771962414439774355 PROBE_B_END program=low
1771962414642596366 PROBE_B_START program=low
1771962414650229530 PROBE_B_END program=low
1771962414853110540 PROBE_B_START program=low
1771962414860805297 PROBE_B_END program=low
1771962415063691474 PROBE_B_START program=low
1771962415071390361 PROBE_B_END program=low
1771962415274381687 PROBE_B_START program=low
1771962415285859220 PROBE_B_END program=low
1771962415488774490 PROBE_B_START program=low
1771962415498864154 PROBE_B_END program=low
1771962415701765147 PROBE_B_START program=low
1771962415709689422 PROBE_B_END program=low
1771962415912609637 PROBE_B_START program=low
1771962415919832597 PROBE_B_END program=low
1771962416122839720 PROBE_B_START program=low
1771962416130412106 PROBE_B_END program=low
1771962416333137452 PROBE_B_START program=low
1771962416342013541 PROBE_B_END program=low
1771962416544862609 PROBE_B_START program=low
1771962416552515736 PROBE_B_END program=low
1771962416755381489 PROBE_B_START program=low
1771962416763047375 PROBE_B_END program=low
1771962416965950424 PROBE_B_START program=low
1771962416973767125 PROBE_B_END program=low
1771962417176658341 PROBE_B_START program=low
1771962417184209339 PROBE_B_END program=low
1771962417387078981 PROBE_B_START program=low
1771962417396251997 PROBE_B_END program=low
1771962417599181695 PROBE_B_START program=low
1771962417606829581 PROBE_B_END program=low
1771962417809793112 PROBE_B_START program=low
1771962417817499999 PROBE_B_END program=low
1771962418020419956 PROBE_B_START program=low
1771962418028176102 PROBE_B_END program=low
1771962418231125319 PROBE_B_START program=low
1771962418238699020 PROBE_B_END program=low
1771962418441582978 PROBE_B_START program=low
1771962418452521253 PROBE_B_END program=low
1771962418655273229 PROBE_B_START program=low
1771962418662676967 PROBE_B_END program=low
1771962418865558370 PROBE_B_START program=low
1771962418873417330 PROBE_B_END program=low
1771962419076378047 PROBE_B_START program=low
1771962419086467322 PROBE_B_END program=low
1771962419289386410 PROBE_B_START program=low
1771962419297230964 PROBE_B_END program=low
1771962419500096866 PROBE_B_START program=low
1771962419509079290 PROBE_B_END program=low
1771962419711917193 PROBE_B_START program=low
1771962419719576190 PROBE_B_END program=low
1771962419922485649 PROBE_B_START program=low
1771962419930149943 PROBE_B_END program=low
1771962420133061976 PROBE_B_START program=low
1771962420140903529 PROBE_B_END program=low
1771962420343817155 PROBE_B_START program=low
1771962420352140967 PROBE_B_END program=low
1771962420555197204 PROBE_B_START program=low
1771962420609716855 PROBE_B_END program=low
1771962420812743148 PROBE_B_START program=low
1771962420831734586 PROBE_B_END program=low
1771962421034690786 PROBE_B_START program=low
1771962421054007707 PROBE_B_END program=low
1771962421256952926 PROBE_B_START program=low
1771962421274869050 PROBE_B_END program=low
1771962421477915436 PROBE_B_START program=low
1771962421500863411 PROBE_B_END program=low
1771962421703831538 PROBE_B_START program=low
1771962421721326162 PROBE_B_END program=low
1771962421924268400 PROBE_B_START program=low
1771962421942114024 PROBE_B_END program=low
1771962422145023355 PROBE_B_START program=low
1771962422163380313 PROBE_B_END program=low
1771962422366337811 PROBE_B_START program=low
1771962422514807676 PROBE_B_END program=low
1771962422717753618 PROBE_B_START program=low
1771962422781404915 PROBE_B_END program=low
1771962422984357338 PROBE_B_START program=low
1771962423000504889 PROBE_B_END program=low
1771962423203395962 PROBE_B_START program=low
1771962423219779050 PROBE_B_END program=low
1771962423422759881 PROBE_B_START program=low
1771962423456571335 PROBE_B_END program=low
1771962423659406370 PROBE_B_START program=low
1771962423677980902 PROBE_B_END program=low
1771962423880825197 PROBE_B_START program=low
1771962423897669025 PROBE_B_END program=low
1771962424100614506 PROBE_B_START program=low
1771962424119455667 PROBE_B_END program=low
1771962424322396296 PROBE_B_START program=low
1771962424339056884 PROBE_B_END program=low
1771962424541968698 PROBE_B_START program=low
1771962424558890860 PROBE_B_END program=low
1771962424762003044 PROBE_B_START program=low
1771962424780871187 PROBE_B_END program=low
1771962424983737908 PROBE_B_START program=low
1771962425000230089 PROBE_B_END program=low
1771962425203102107 PROBE_B_START program=low
1771962425219677103 PROBE_B_END program=low
1771962425422639029 PROBE_B_START program=low
1771962425439231061 PROBE_B_END program=low
1771962425642213857 PROBE_B_START program=low
1771962425661493685 PROBE_B_END program=low
1771962425864389352 PROBE_B_START program=low
1771962425880962162 PROBE_B_END program=low
1771962426083837681 PROBE_B_START program=low
1771962426102603509 PROBE_B_END program=low
1771962426305488343 PROBE_B_START program=low
1771962426319837876 PROBE_B_END program=low
1771962426522712155 PROBE_B_START program=low
1771962426532285708 PROBE_B_END program=low
1771962426734980468 PROBE_B_START program=low
1771962426745335039 PROBE_B_END program=low
1771962426948146428 PROBE_B_START program=low
1771962426955913723 PROBE_B_END program=low
1771962427158741261 PROBE_B_START program=low
1771962427166301259 PROBE_B_END program=low
1771962427369159408 PROBE_B_START program=low
1771962427377301925 PROBE_B_END program=low
1771962427580224352 PROBE_B_START program=low
1771962427587897831 PROBE_B_END program=low
1771962427790603111 PROBE_B_START program=low
1771962427798532886 PROBE_B_END program=low
1771962428001296702 PROBE_B_START program=low
1771962428009094756 PROBE_B_END program=low
1771962428211972295 PROBE_B_START program=low
1771962428219767478 PROBE_B_END program=low
1771962428422845851 PROBE_B_START program=low
1771962428430636367 PROBE_B_END program=low
1771962428633503276 PROBE_B_START program=low
1771962428643052052 PROBE_B_END program=low
1771962428845906202 PROBE_B_START program=low
1771962428854306107 PROBE_B_END program=low
1771962429057194535 PROBE_B_START program=low
1771962429065085292 PROBE_B_END program=low
1771962429267930462 PROBE_B_START program=low
1771962429275444627 PROBE_B_END program=low
1771962429478259130 PROBE_B_START program=low
1771962429485974609 PROBE_B_END program=low
1771962429688775353 PROBE_B_START program=low
1771962429696374776 PROBE_B_END program=low
1771962429899249798 PROBE_B_START program=low
1771962429907660129 PROBE_B_END program=low
1771962430110501873 PROBE_B_START program=low
1771962430118182667 PROBE_B_END program=low
1771962430321020263 PROBE_B_START program=low
1771962430329000724 PROBE_B_END program=low
1771962430532036691 PROBE_B_START program=low
1771962430539691059 PROBE_B_END program=low
1771962430742902933 PROBE_B_START program=low
1771962430752597282 PROBE_B_END program=low
1771962430955632878 PROBE_B_START program=low
1771962430964017876 PROBE_B_END program=low
1771962431166878380 PROBE_B_START program=low
1771962431176311841 PROBE_B_END program=low
1771962431379216234 PROBE_B_START program=low
1771962431387014787 PROBE_B_END program=low
1771962431589849551 PROBE_B_START program=low
1771962431597532382 PROBE_B_END program=low
1771962431800641664 PROBE_B_START program=low
1771962431808285125 PROBE_B_END program=low
1771962432011196556 PROBE_B_START program=low
1771962432019751942 PROBE_B_END program=low
1771962432222672132 PROBE_B_START program=low
1771962432230289927 PROBE_B_END program=low
1771962432433188895 PROBE_B_START program=low
1771962432441214708 PROBE_B_END program=low
1771962432644160231 PROBE_B_START program=low
1771962432651905933 PROBE_B_END program=low
1771962432854901234 PROBE_B_START program=low
1771962432863358380 PROBE_B_END program=low
1771962433066311404 PROBE_B_START program=low
1771962433078668716 PROBE_B_END program=low
1771962433281664406 PROBE_B_START program=low
1771962433289468349 PROBE_B_END program=low
1771962433492371836 PROBE_B_START program=low
1771962433502533000 PROBE_B_END program=low
1771962433705417487 PROBE_B_START program=low
1771962433713210171 PROBE_B_END program=low
1771962433916205639 PROBE_B_START program=low
1771962433925595118 PROBE_B_END program=low
1771962434128470625 PROBE_B_START program=low
1771962434136160771 PROBE_B_END program=low
1771962434339061555 PROBE_B_START program=low
1771962434348052423 PROBE_B_END program=low
1771962434551000744 PROBE_B_START program=low
1771962434558738224 PROBE_B_END program=low
1771962434761594267 PROBE_B_START program=low
1771962434769250914 PROBE_B_END program=low
1771962434972158198 PROBE_B_START program=low
1771962434980529548 PROBE_B_END program=low
1771962435183456833 R2_IDLE_C seconds=30 actions=B
1771962465185445151 SKIP_PROBE_C seconds=60
