1771410929224639595 R2_IDLE_A seconds=60 actions=B_SKELETON
1771410989226590464 SKIP_PROBE_A seconds=60
1771411049228473365 R2_IDLE_B seconds=30 actions=B_SKELETON
1771411079232522771 PROBE_B_START program=low
1771411079235574128 PROBE_B_END program=low
1771411079438406376 PROBE_B_START program=low
1771411079441535029 PROBE_B_END program=low
1771411079644409352 PROBE_B_START program=low
1771411079647562802 PROBE_B_END program=low
1771411079850424865 PROBE_B_START program=low
1771411079853553018 PROBE_B_END program=low
1771411080056352675 PROBE_B_START program=low
1771411080059300253 PROBE_B_END program=low
1771411080262117206 PROBE_B_START program=low
1771411080265266988 PROBE_B_END program=low
1771411080468119811 PROBE_B_START program=low
1771411080471252353 PROBE_B_END program=low
1771411080674237565 PROBE_B_START program=low
1771411080677771385 PROBE_B_END program=low
1771411080880925265 PROBE_B_START program=low
1771411080884018325 PROBE_B_END program=low
1771411081086809574 PROBE_B_START program=low
1771411081089825911 PROBE_B_END program=low
1771411081292610401 PROBE_B_START program=low
1771411081295541572 PROBE_B_END program=low
1771411081498352395 PROBE_B_START program=low
1771411081501380178 PROBE_B_END program=low
1771411081704191371 PROBE_B_START program=low
1771411081707319061 PROBE_B_END program=low
1771411081910142162 PROBE_B_START program=low
1771411081913173074 PROBE_B_END program=low
1771411082115992823 PROBE_B_START program=low
1771411082119039290 PROBE_B_END program=low
1771411082321862688 PROBE_B_START program=low
1771411082324966989 PROBE_B_END program=low
1771411082527797627 PROBE_B_START program=low
1771411082530899946 PROBE_B_END program=low
1771411082733750621 PROBE_B_START program=low
1771411082736889978 PROBE_B_END program=low
1771411082939716912 PROBE_B_START program=low
1771411082942850805 PROBE_B_END program=low
1771411083145745499 PROBE_B_START program=low
1771411083148794244 PROBE_B_END program=low
1771411083351604956 PROBE_B_START program=low
1771411083354745609 PROBE_B_END program=low
1771411083557603618 PROBE_B_START program=low
1771411083560611400 PROBE_B_END program=low
1771411083763427427 PROBE_B_START program=low
1771411083766542098 PROBE_B_END program=low
1771411083969406014 PROBE_B_START program=low
1771411083972442963 PROBE_B_END program=low
1771411084175285768 PROBE_B_START program=low
1771411084178429569 PROBE_B_END program=low
1771411084381315114 PROBE_B_START program=low
1771411084384445693 PROBE_B_END program=low
1771411084587278202 PROBE_B_START program=low
1771411084590354725 PROBE_B_END program=low
1771411084793206455 PROBE_B_START program=low
1771411084796225052 PROBE_B_END program=low
1771411084999087505 PROBE_B_START program=low
1771411085002206899 PROBE_B_END program=low
1771411085204949074 PROBE_B_START program=low
1771411085207876967 PROBE_B_END program=low
1771411085410679365 PROBE_B_START program=low
1771411085413793147 PROBE_B_END program=low
1771411085616660267 PROBE_B_START program=low
1771411085619750068 PROBE_B_END program=low
1771411085822576613 PROBE_B_START program=low
1771411085825679099 PROBE_B_END program=low
1771411086028531700 PROBE_B_START program=low
1771411086031570761 PROBE_B_END program=low
1771411086234242621 PROBE_B_START program=low
1771411086237154625 PROBE_B_END program=low
1771411086439939096 PROBE_B_START program=low
1771411086443037953 PROBE_B_END program=low
1771411086646016739 PROBE_B_START program=low
1771411086649237633 PROBE_B_END program=low
1771411086852141234 PROBE_B_START program=low
1771411086855344980 PROBE_B_END program=low
1771411087058334748 PROBE_B_START program=low
1771411087061522253 PROBE_B_END program=low
1771411087264355854 PROBE_B_START program=low
1771411087267207377 PROBE_B_END program=low
1771411087470104608 PROBE_B_START program=low
1771411087473272927 PROBE_B_END program=low
1771411087676163862 PROBE_B_START program=low
1771411087679305570 PROBE_B_END program=low
1771411087882263097 PROBE_B_START program=low
1771411087885511491 PROBE_B_END program=low
1771411088088515537 PROBE_B_START program=low
1771411088091721412 PROBE_B_END program=low
1771411088294466847 PROBE_B_START program=low
1771411088297400073 PROBE_B_END program=low
1771411088500288860 PROBE_B_START program=low
1771411088503485346 PROBE_B_END program=low
1771411088706416188 PROBE_B_START program=low
1771411088709652730 PROBE_B_END program=low
1771411088912613554 PROBE_B_START program=low
1771411088915843114 PROBE_B_END program=low
1771411089118739382 PROBE_B_START program=low
1771411089121986609 PROBE_B_END program=low
1771411089324806081 PROBE_B_START program=low
1771411089328106864 PROBE_B_END program=low
1771411089531194835 PROBE_B_START program=low
1771411089534549840 PROBE_B_END program=low
1771411089737842554 PROBE_B_START program=low
1771411089741035058 PROBE_B_END program=low
1771411089943947771 PROBE_B_START program=low
1771411089947161239 PROBE_B_END program=low
1771411090150117636 PROBE_B_START program=low
1771411090153379937 PROBE_B_END program=low
1771411090356420447 PROBE_B_START program=low
1771411090359602414 PROBE_B_END program=low
1771411090562600923 PROBE_B_START program=low
1771411090565833928 PROBE_B_END program=low
1771411090768776344 PROBE_B_START program=low
1771411090771932645 PROBE_B_END program=low
1771411090974846654 PROBE_B_START program=low
1771411090978035529 PROBE_B_END program=low
1771411091180989520 PROBE_B_START program=low
1771411091184210950 PROBE_B_END program=low
1771411091387194219 PROBE_B_START program=low
1771411091390414464 PROBE_B_END program=low
1771411091593335306 PROBE_B_START program=low
1771411091596562570 PROBE_B_END program=low
1771411091799425153 PROBE_B_START program=low
1771411091802616417 PROBE_B_END program=low
1771411092005501074 PROBE_B_START program=low
1771411092008693098 PROBE_B_END program=low
1771411092211613255 PROBE_B_START program=low
1771411092214820352 PROBE_B_END program=low
1771411092417629453 PROBE_B_START program=low
1771411092420711384 PROBE_B_END program=low
1771411092623548133 PROBE_B_START program=low
1771411092626722323 PROBE_B_END program=low
1771411092829610369 PROBE_B_START program=low
1771411092832794893 PROBE_B_END program=low
1771411093035664901 PROBE_B_START program=low
1771411093038860666 PROBE_B_END program=low
1771411093241802786 PROBE_B_START program=low
1771411093245009105 PROBE_B_END program=low
1771411093447887522 PROBE_B_START program=low
1771411093450929008 PROBE_B_END program=low
1771411093653776016 PROBE_B_START program=low
1771411093656954669 PROBE_B_END program=low
1771411093859870123 PROBE_B_START program=low
1771411093863057128 PROBE_B_END program=low
1771411094066005451 PROBE_B_START program=low
1771411094069163326 PROBE_B_END program=low
1771411094272107835 PROBE_B_START program=low
1771411094275349100 PROBE_B_END program=low
1771411094478222627 PROBE_B_START program=low
1771411094481348798 PROBE_B_END program=low
1771411094684221474 PROBE_B_START program=low
1771411094687422775 PROBE_B_END program=low
1771411094890370117 PROBE_B_START program=low
1771411094893623845 PROBE_B_END program=low
1771411095096564168 PROBE_B_START program=low
1771411095099739303 PROBE_B_END program=low
1771411095302692460 PROBE_B_START program=low
1771411095305909613 PROBE_B_END program=low
1771411095508713214 PROBE_B_START program=low
1771411095511622941 PROBE_B_END program=low
1771411095714464543 PROBE_B_START program=low
1771411095717732196 PROBE_B_END program=low
1771411095920670205 PROBE_B_START program=low
1771411095923889950 PROBE_B_END program=low
1771411096126794718 PROBE_B_START program=low
1771411096130001871 PROBE_B_END program=low
1771411096332905158 PROBE_B_START program=low
1771411096336065589 PROBE_B_END program=low
1771411096538990135 PROBE_B_START program=low
1771411096542025158 PROBE_B_END program=low
1771411096744932556 PROBE_B_START program=low
1771411096748124098 PROBE_B_END program=low
1771411096951050329 PROBE_B_START program=low
1771411096954258852 PROBE_B_END program=low
1771411097157224084 PROBE_B_START program=low
1771411097160398570 PROBE_B_END program=low
1771411097363351746 PROBE_B_START program=low
1771411097366539436 PROBE_B_END program=low
1771411097569503964 PROBE_B_START program=low
1771411097573056062 PROBE_B_END program=low
1771411097776216330 PROBE_B_START program=low
1771411097779450928 PROBE_B_END program=low
1771411097982340455 PROBE_B_START program=low
1771411097985560219 PROBE_B_END program=low
1771411098188494673 PROBE_B_START program=low
1771411098191689048 PROBE_B_END program=low
1771411098394598243 PROBE_B_START program=low
1771411098397838322 PROBE_B_END program=low
1771411098600781720 PROBE_B_START program=low
1771411098604017058 PROBE_B_END program=low
1771411098806951752 PROBE_B_START program=low
1771411098810174368 PROBE_B_END program=low
1771411099013120396 PROBE_B_START program=low
1771411099016287456 PROBE_B_END program=low
1771411099219221706 PROBE_B_START program=low
1771411099222458304 PROBE_B_END program=low
1771411099425366850 PROBE_B_START program=low
1771411099428593540 PROBE_B_END program=low
1771411099631417364 PROBE_B_START program=low
1771411099634464757 PROBE_B_END program=low
1771411099837293562 PROBE_B_START program=low
1771411099840534771 PROBE_B_END program=low
1771411100043616743 PROBE_B_START program=low
1771411100046902971 PROBE_B_END program=low
1771411100249872924 PROBE_B_START program=low
1771411100253094188 PROBE_B_END program=low
1771411100455980975 PROBE_B_START program=low
1771411100459109425 PROBE_B_END program=low
1771411100661882304 PROBE_B_START program=low
1771411100664869549 PROBE_B_END program=low
1771411100867713355 PROBE_B_START program=low
1771411100870895026 PROBE_B_END program=low
1771411101073814813 PROBE_B_START program=low
1771411101077025892 PROBE_B_END program=low
1771411101279932938 PROBE_B_START program=low
1771411101283123647 PROBE_B_END program=low
1771411101486034971 PROBE_B_START program=low
1771411101489263494 PROBE_B_END program=low
1771411101692009559 PROBE_B_START program=low
1771411101694882471 PROBE_B_END program=low
1771411101897753702 PROBE_B_START program=low
1771411101900892651 PROBE_B_END program=low
1771411102103849679 PROBE_B_START program=low
1771411102107061258 PROBE_B_END program=low
1771411102310019230 PROBE_B_START program=low
1771411102313250069 PROBE_B_END program=low
1771411102516156485 PROBE_B_START program=low
1771411102519331564 PROBE_B_END program=low
1771411102722127203 PROBE_B_START program=low
1771411102725058152 PROBE_B_END program=low
1771411102927961402 PROBE_B_START program=low
1771411102931126018 PROBE_B_END program=low
1771411103134054064 PROBE_B_START program=low
1771411103137237143 PROBE_B_END program=low
1771411103340186893 PROBE_B_START program=low
1771411103343373731 PROBE_B_END program=low
1771411103546241203 PROBE_B_START program=low
1771411103549442449 PROBE_B_END program=low
1771411103752379699 PROBE_B_START program=low
1771411103755370833 PROBE_B_END program=low
1771411103958243231 PROBE_B_START program=low
1771411103961443144 PROBE_B_END program=low
1771411104164385431 PROBE_B_START program=low
1771411104167568510 PROBE_B_END program=low
1771411104370483630 PROBE_B_START program=low
1771411104373703024 PROBE_B_END program=low
1771411104576635718 PROBE_B_START program=low
1771411104579801020 PROBE_B_END program=low
1771411104782618825 PROBE_B_START program=low
1771411104785560922 PROBE_B_END program=low
1771411104988425450 PROBE_B_START program=low
1771411104991610010 PROBE_B_END program=low
1771411105194572612 PROBE_B_START program=low
1771411105197781747 PROBE_B_END program=low
1771411105400777738 PROBE_B_START program=low
1771411105403989058 PROBE_B_END program=low
1771411105606983400 PROBE_B_START program=low
1771411105610470980 PROBE_B_END program=low
1771411105813442471 PROBE_B_START program=low
1771411105816825865 PROBE_B_END program=low
1771411106019761689 PROBE_B_START program=low
1771411106022960823 PROBE_B_END program=low
1771411106225840333 PROBE_B_START program=low
1771411106229029634 PROBE_B_END program=low
1771411106431855384 PROBE_B_START program=low
1771411106435034278 PROBE_B_END program=low
1771411106637964343 PROBE_B_START program=low
1771411106641186644 PROBE_B_END program=low
1771411106844050394 PROBE_B_START program=low
1771411106847019510 PROBE_B_END program=low
1771411107049871538 PROBE_B_START program=low
1771411107053076802 PROBE_B_END program=low
1771411107256007867 PROBE_B_START program=low
1771411107259238575 PROBE_B_END program=low
1771411107462118251 PROBE_B_START program=low
1771411107465357571 PROBE_B_END program=low
1771411107668273636 PROBE_B_START program=low
1771411107671483604 PROBE_B_END program=low
1771411107874400743 PROBE_B_START program=low
1771411107877465896 PROBE_B_END program=low
1771411108080320109 PROBE_B_START program=low
1771411108083462632 PROBE_B_END program=low
1771411108286428642 PROBE_B_START program=low
1771411108289624388 PROBE_B_END program=low
1771411108492531879 PROBE_B_START program=low
1771411108495712087 PROBE_B_END program=low
1771411108698612393 PROBE_B_START program=low
1771411108701804435 PROBE_B_END program=low
1771411108904575444 PROBE_B_START program=low
1771411108907442022 PROBE_B_END program=low
1771411109110291550 PROBE_B_START program=low
1771411109113485833 PROBE_B_END program=low
1771411109316361417 PROBE_B_START program=low
1771411109319480495 PROBE_B_END program=low
1771411109522432412 PROBE_B_START program=low
1771411109525639010 PROBE_B_END program=low
1771411109728561131 PROBE_B_START program=low
1771411109731664469 PROBE_B_END program=low
1771411109934448293 PROBE_B_START program=low
1771411109937406353 PROBE_B_END program=low
1771411110140336696 PROBE_B_START program=low
1771411110143484367 PROBE_B_END program=low
1771411110346431803 PROBE_B_START program=low
1771411110349654178 PROBE_B_END program=low
1771411110552578854 PROBE_B_START program=low
1771411110555777285 PROBE_B_END program=low
1771411110758684017 PROBE_B_START program=low
1771411110761930744 PROBE_B_END program=low
1771411110964689272 PROBE_B_START program=low
1771411110967628795 PROBE_B_END program=low
1771411111170485082 PROBE_B_START program=low
1771411111173701383 PROBE_B_END program=low
1771411111376664652 PROBE_B_START program=low
1771411111379832676 PROBE_B_END program=low
1771411111582753463 PROBE_B_START program=low
1771411111585994116 PROBE_B_END program=low
1771411111788879367 PROBE_B_START program=low
1771411111792092297 PROBE_B_END program=low
1771411111994938048 PROBE_B_START program=low
1771411111997858219 PROBE_B_END program=low
1771411112200750932 PROBE_B_START program=low
1771411112203946844 PROBE_B_END program=low
1771411112406908836 PROBE_B_START program=low
1771411112410101600 PROBE_B_END program=low
1771411112613059609 PROBE_B_START program=low
1771411112616252540 PROBE_B_END program=low
1771411112819185494 PROBE_B_START program=low
1771411112822373610 PROBE_B_END program=low
1771411113025135175 PROBE_B_START program=low
1771411113028055643 PROBE_B_END program=low
1771411113230901838 PROBE_B_START program=low
1771411113234165917 PROBE_B_END program=low
1771411113437102315 PROBE_B_START program=low
1771411113440322413 PROBE_B_END program=low
1771411113643260793 PROBE_B_START program=low
1771411113646475946 PROBE_B_END program=low
1771411113849387863 PROBE_B_START program=low
1771411113852640923 PROBE_B_END program=low
1771411114055497989 PROBE_B_START program=low
1771411114058467104 PROBE_B_END program=low
1771411114261553466 PROBE_B_START program=low
1771411114265038879 PROBE_B_END program=low
1771411114468119982 PROBE_B_START program=low
1771411114471287579 PROBE_B_END program=low
1771411114674216644 PROBE_B_START program=low
1771411114677479353 PROBE_B_END program=low
1771411114880388066 PROBE_B_START program=low
1771411114883599830 PROBE_B_END program=low
1771411115086813878 PROBE_B_START program=low
1771411115089941401 PROBE_B_END program=low
1771411115292831337 PROBE_B_START program=low
1771411115296010934 PROBE_B_END program=low
1771411115498892888 PROBE_B_START program=low
1771411115502107856 PROBE_B_END program=low
1771411115704982255 PROBE_B_START program=low
1771411115708164982 PROBE_B_END program=low
1771411115911053288 PROBE_B_START program=low
1771411115914246515 PROBE_B_END program=low
1771411116116970895 PROBE_B_START program=low
1771411116119862362 PROBE_B_END program=low
1771411116322711742 PROBE_B_START program=low
1771411116325910747 PROBE_B_END program=low
1771411116528833683 PROBE_B_START program=low
1771411116531937132 PROBE_B_END program=low
1771411116734858438 PROBE_B_START program=low
1771411116738040480 PROBE_B_END program=low
1771411116940915934 PROBE_B_START program=low
1771411116944062272 PROBE_B_END program=low
1771411117146845930 PROBE_B_START program=low
1771411117149751638 PROBE_B_END program=low
1771411117352615833 PROBE_B_START program=low
1771411117355780672 PROBE_B_END program=low
1771411117558654070 PROBE_B_START program=low
1771411117561915742 PROBE_B_END program=low
1771411117764879826 PROBE_B_START program=low
1771411117768069405 PROBE_B_END program=low
1771411117971031507 PROBE_B_START program=low
1771411117974220920 PROBE_B_END program=low
1771411118176985152 PROBE_B_START program=low
1771411118179897156 PROBE_B_END program=low
1771411118382727666 PROBE_B_START program=low
1771411118385961689 PROBE_B_END program=low
1771411118588866570 PROBE_B_START program=low
1771411118592047037 PROBE_B_END program=low
1771411118794975177 PROBE_B_START program=low
1771411118798153274 PROBE_B_END program=low
1771411119001085877 PROBE_B_START program=low
1771411119004300141 PROBE_B_END program=low
1771411119207150818 PROBE_B_START program=low
1771411119210227748 PROBE_B_END program=low
1771411119413135999 PROBE_B_START program=low
1771411119416302337 PROBE_B_END program=low
1771411119619163014 PROBE_B_START program=low
1771411119622330315 PROBE_B_END program=low
1771411119825157917 PROBE_B_START program=low
1771411119828372885 PROBE_B_END program=low
1771411120031296988 PROBE_B_START program=low
1771411120034463474 PROBE_B_END program=low
1771411120237320187 PROBE_B_START program=low
1771411120240404896 PROBE_B_END program=low
1771411120443311221 PROBE_B_START program=low
1771411120446549040 PROBE_B_END program=low
1771411120649477125 PROBE_B_START program=low
1771411120652662148 PROBE_B_END program=low
1771411120855597713 PROBE_B_START program=low
1771411120858794903 PROBE_B_END program=low
1771411121061741914 PROBE_B_START program=low
1771411121064926641 PROBE_B_END program=low
1771411121267862132 PROBE_B_START program=low
1771411121270943729 PROBE_B_END program=low
1771411121473680961 PROBE_B_START program=low
1771411121476747355 PROBE_B_END program=low
1771411121679603291 PROBE_B_START program=low
1771411121682806240 PROBE_B_END program=low
1771411121885750232 PROBE_B_START program=low
1771411121888953033 PROBE_B_END program=low
1771411122091918636 PROBE_B_START program=low
1771411122095076159 PROBE_B_END program=low
1771411122297991873 PROBE_B_START program=low
1771411122301163063 PROBE_B_END program=low
1771411122503938295 PROBE_B_START program=low
1771411122507090522 PROBE_B_END program=low
1771411122710126588 PROBE_B_START program=low
1771411122713491352 PROBE_B_END program=low
1771411122916492529 PROBE_B_START program=low
1771411122919741441 PROBE_B_END program=low
1771411123122594637 PROBE_B_START program=low
1771411123125776808 PROBE_B_END program=low
1771411123328589133 PROBE_B_START program=low
1771411123331556211 PROBE_B_END program=low
1771411123534372462 PROBE_B_START program=low
1771411123537561300 PROBE_B_END program=low
1771411123740531051 PROBE_B_START program=low
1771411123743670778 PROBE_B_END program=low
1771411123946591807 PROBE_B_START program=low
1771411123949796478 PROBE_B_END program=low
1771411124152776470 PROBE_B_START program=low
1771411124155969086 PROBE_B_END program=low
1771411124358769967 PROBE_B_START program=low
1771411124361728471 PROBE_B_END program=low
1771411124564574981 PROBE_B_START program=low
1771411124567734875 PROBE_B_END program=low
1771411124770605218 PROBE_B_START program=low
1771411124773831186 PROBE_B_END program=low
1771411124976730196 PROBE_B_START program=low
1771411124979865831 PROBE_B_END program=low
1771411125182838637 PROBE_B_START program=low
1771411125186091327 PROBE_B_END program=low
1771411125389008301 PROBE_B_START program=low
1771411125392049416 PROBE_B_END program=low
1771411125594974112 PROBE_B_START program=low
1771411125598150616 PROBE_B_END program=low
1771411125801059738 PROBE_B_START program=low
1771411125804228631 PROBE_B_END program=low
1771411126007198531 PROBE_B_START program=low
1771411126010377758 PROBE_B_END program=low
1771411126213267638 PROBE_B_START program=low
1771411126216439254 PROBE_B_END program=low
1771411126419261672 PROBE_B_START program=low
1771411126422327176 PROBE_B_END program=low
1771411126625162798 PROBE_B_START program=low
1771411126628295617 PROBE_B_END program=low
1771411126831173331 PROBE_B_START program=low
1771411126834405003 PROBE_B_END program=low
1771411127037291383 PROBE_B_START program=low
1771411127040456277 PROBE_B_END program=low
1771411127243410269 PROBE_B_START program=low
1771411127246567422 PROBE_B_END program=low
1771411127449404988 PROBE_B_START program=low
1771411127452463122 PROBE_B_END program=low
1771411127655397725 PROBE_B_START program=low
1771411127658614359 PROBE_B_END program=low
1771411127861573370 PROBE_B_START program=low
1771411127864783671 PROBE_B_END program=low
1771411128067720107 PROBE_B_START program=low
1771411128070922686 PROBE_B_END program=low
1771411128273866530 PROBE_B_START program=low
1771411128277123349 PROBE_B_END program=low
1771411128479876471 PROBE_B_START program=low
1771411128482777531 PROBE_B_END program=low
1771411128685557985 PROBE_B_START program=low
1771411128688626323 PROBE_B_END program=low
1771411128891470278 PROBE_B_START program=low
1771411128894606746 PROBE_B_END program=low
1771411129097414126 PROBE_B_START program=low
1771411129100447871 PROBE_B_END program=low
1771411129303291363 PROBE_B_START program=low
1771411129306460850 PROBE_B_END program=low
1771411129509235915 PROBE_B_START program=low
1771411129512142438 PROBE_B_END program=low
1771411129714904337 PROBE_B_START program=low
1771411129718006546 PROBE_B_END program=low
1771411129920839482 PROBE_B_START program=low
1771411129923900857 PROBE_B_END program=low
1771411130126683015 PROBE_B_START program=low
1771411130129737409 PROBE_B_END program=low
1771411130332688808 PROBE_B_START program=low
1771411130335783535 PROBE_B_END program=low
1771411130538692693 PROBE_B_START program=low
1771411130541854180 PROBE_B_END program=low
1771411130744519430 PROBE_B_START program=low
1771411130747303546 PROBE_B_END program=low
1771411130950040723 PROBE_B_START program=low
1771411130953164264 PROBE_B_END program=low
1771411131156025719 PROBE_B_START program=low
1771411131159376335 PROBE_B_END program=low
1771411131362397661 PROBE_B_START program=low
1771411131365815870 PROBE_B_END program=low
1771411131568837158 PROBE_B_START program=low
1771411131571799866 PROBE_B_END program=low
1771411131774551710 PROBE_B_START program=low
1771411131777620141 PROBE_B_END program=low
1771411131980416910 PROBE_B_START program=low
1771411131983467359 PROBE_B_END program=low
1771411132186221036 PROBE_B_START program=low
1771411132189290041 PROBE_B_END program=low
1771411132392108718 PROBE_B_START program=low
1771411132395170907 PROBE_B_END program=low
1771411132597802510 PROBE_B_START program=low
1771411132600576422 PROBE_B_END program=low
1771411132803306136 PROBE_B_START program=low
1771411132806402085 PROBE_B_END program=low
1771411133009205780 PROBE_B_START program=low
1771411133012217433 PROBE_B_END program=low
1771411133215067499 PROBE_B_START program=low
1771411133218170782 PROBE_B_END program=low
1771411133420989718 PROBE_B_START program=low
1771411133424016148 PROBE_B_END program=low
1771411133626788288 PROBE_B_START program=low
1771411133629713145 PROBE_B_END program=low
1771411133832490822 PROBE_B_START program=low
1771411133835556771 PROBE_B_END program=low
1771411134038331596 PROBE_B_START program=low
1771411134041403619 PROBE_B_END program=low
1771411134244252000 PROBE_B_START program=low
1771411134247331949 PROBE_B_END program=low
1771411134450157626 PROBE_B_START program=low
1771411134453369076 PROBE_B_END program=low
1771411134656142604 PROBE_B_START program=low
1771411134659024424 PROBE_B_END program=low
1771411134861817879 PROBE_B_START program=low
1771411134865051420 PROBE_B_END program=low
1771411135067944338 PROBE_B_START program=low
1771411135071100806 PROBE_B_END program=low
1771411135274092965 PROBE_B_START program=low
1771411135277320988 PROBE_B_END program=low
1771411135480334555 PROBE_B_START program=low
1771411135483473448 PROBE_B_END program=low
1771411135686322218 PROBE_B_START program=low
1771411135689255482 PROBE_B_END program=low
1771411135892069826 PROBE_B_START program=low
1771411135895259942 PROBE_B_END program=low
1771411136098190434 PROBE_B_START program=low
1771411136101431457 PROBE_B_END program=low
1771411136304372616 PROBE_B_START program=low
1771411136307526417 PROBE_B_END program=low
1771411136510453002 PROBE_B_START program=low
1771411136513650284 PROBE_B_END program=low
1771411136716602999 PROBE_B_START program=low
1771411136719628374 PROBE_B_END program=low
1771411136922538181 PROBE_B_START program=low
1771411136925755241 PROBE_B_END program=low
1771411137128704974 PROBE_B_START program=low
1771411137131879720 PROBE_B_END program=low
1771411137334847101 PROBE_B_START program=low
1771411137338106958 PROBE_B_END program=low
1771411137541053080 PROBE_B_START program=low
1771411137544212936 PROBE_B_END program=low
1771411137747236836 PROBE_B_START program=low
1771411137750498674 PROBE_B_END program=low
1771411137953392352 PROBE_B_START program=low
1771411137956462041 PROBE_B_END program=low
1771411138159331700 PROBE_B_START program=low
1771411138162494816 PROBE_B_END program=low
1771411138365431531 PROBE_B_START program=low
1771411138368633980 PROBE_B_END program=low
1771411138571600380 PROBE_B_START program=low
1771411138574818829 PROBE_B_END program=low
1771411138777806284 PROBE_B_START program=low
1771411138781037011 PROBE_B_END program=low
1771411138983978930 PROBE_B_START program=low
1771411138987143064 PROBE_B_END program=low
1771411139190098667 R2_IDLE_C seconds=30 actions=B_SKELETON
1771411169192121339 SKIP_PROBE_C seconds=60
