1771416032081524313 R2_IDLE_A seconds=60 actions=B_SKELETON
1771416092083354915 SKIP_PROBE_A seconds=60
1771416152085090203 R2_IDLE_B seconds=30 actions=B_SKELETON
1771416182088848308 PROBE_B_START program=low
1771416182091687810 PROBE_B_END program=low
1771416182294330635 PROBE_B_START program=low
1771416182297293656 PROBE_B_END program=low
1771416182499925869 PROBE_B_START program=low
1771416182502801964 PROBE_B_END program=low
1771416182705428381 PROBE_B_START program=low
1771416182708257161 PROBE_B_END program=low
1771416182910776967 PROBE_B_START program=low
1771416182913427210 PROBE_B_END program=low
1771416183116041109 PROBE_B_START program=low
1771416183118959926 PROBE_B_END program=low
1771416183321653510 PROBE_B_START program=low
1771416183324569475 PROBE_B_END program=low
1771416183527251763 PROBE_B_START program=low
1771416183530204376 PROBE_B_END program=low
1771416183732872497 PROBE_B_START program=low
1771416183735770777 PROBE_B_END program=low
1771416183938392065 PROBE_B_START program=low
1771416183941215549 PROBE_B_END program=low
1771416184143800540 PROBE_B_START program=low
1771416184146750543 PROBE_B_END program=low
1771416184349369831 PROBE_B_START program=low
1771416184352174277 PROBE_B_END program=low
1771416184554855528 PROBE_B_START program=low
1771416184557756827 PROBE_B_END program=low
1771416184760445781 PROBE_B_START program=low
1771416184763343895 PROBE_B_END program=low
1771416184965913257 PROBE_B_START program=low
1771416184968615833 PROBE_B_END program=low
1771416185171240084 PROBE_B_START program=low
1771416185174152994 PROBE_B_END program=low
1771416185376801078 PROBE_B_START program=low
1771416185379678247 PROBE_B_END program=low
1771416185582301610 PROBE_B_START program=low
1771416185585222927 PROBE_B_END program=low
1771416185787831233 PROBE_B_START program=low
1771416185790753791 PROBE_B_END program=low
1771416185993403431 PROBE_B_START program=low
1771416185996129063 PROBE_B_END program=low
1771416186198738222 PROBE_B_START program=low
1771416186201680354 PROBE_B_END program=low
1771416186404337957 PROBE_B_START program=low
1771416186407333719 PROBE_B_END program=low
1771416186609990748 PROBE_B_START program=low
1771416186612763121 PROBE_B_END program=low
1771416186815413557 PROBE_B_START program=low
1771416186818314319 PROBE_B_END program=low
1771416187020883441 PROBE_B_START program=low
1771416187023672739 PROBE_B_END program=low
1771416187226280009 PROBE_B_START program=low
1771416187229200049 PROBE_B_END program=low
1771416187431868949 PROBE_B_START program=low
1771416187434783210 PROBE_B_END program=low
1771416187637728962 PROBE_B_START program=low
1771416187640864057 PROBE_B_END program=low
1771416187843704031 PROBE_B_START program=low
1771416187846608404 PROBE_B_END program=low
1771416188049602934 PROBE_B_START program=low
1771416188052332899 PROBE_B_END program=low
1771416188254960577 PROBE_B_START program=low
1771416188257849524 PROBE_B_END program=low
1771416188460471461 PROBE_B_START program=low
1771416188463288944 PROBE_B_END program=low
1771416188665885604 PROBE_B_START program=low
1771416188668734476 PROBE_B_END program=low
1771416188871344747 PROBE_B_START program=low
1771416188874237934 PROBE_B_END program=low
1771416189076743890 PROBE_B_START program=low
1771416189079389892 PROBE_B_END program=low
1771416189281964589 PROBE_B_START program=low
1771416189284837109 PROBE_B_END program=low
1771416189487444825 PROBE_B_START program=low
1771416189490217549 PROBE_B_END program=low
1771416189692826746 PROBE_B_START program=low
1771416189695661526 PROBE_B_END program=low
1771416189898276556 PROBE_B_START program=low
1771416189901131502 PROBE_B_END program=low
1771416190103670699 PROBE_B_START program=low
1771416190106277701 PROBE_B_END program=low
1771416190308815102 PROBE_B_START program=low
1771416190311649919 PROBE_B_END program=low
1771416190514287782 PROBE_B_START program=low
1771416190517142062 PROBE_B_END program=low
1771416190719771667 PROBE_B_START program=low
1771416190722661632 PROBE_B_END program=low
1771416190925307588 PROBE_B_START program=low
1771416190928143479 PROBE_B_END program=low
1771416191130685102 PROBE_B_START program=low
1771416191133328197 PROBE_B_END program=low
1771416191335895764 PROBE_B_START program=low
1771416191338816841 PROBE_B_END program=low
1771416191541487001 PROBE_B_START program=low
1771416191544314744 PROBE_B_END program=low
1771416191746962700 PROBE_B_START program=low
1771416191749825184 PROBE_B_END program=low
1771416191952451770 PROBE_B_START program=low
1771416191955297161 PROBE_B_END program=low
1771416192157793710 PROBE_B_START program=low
1771416192160424342 PROBE_B_END program=low
1771416192362985558 PROBE_B_START program=low
1771416192365912042 PROBE_B_END program=low
1771416192568580017 PROBE_B_START program=low
1771416192571464223 PROBE_B_END program=low
1771416192774015698 PROBE_B_START program=low
1771416192776881200 PROBE_B_END program=low
1771416192979520972 PROBE_B_START program=low
1771416192982388419 PROBE_B_END program=low
1771416193184952913 PROBE_B_START program=low
1771416193187652470 PROBE_B_END program=low
1771416193390231742 PROBE_B_START program=low
1771416193393139133 PROBE_B_END program=low
1771416193595786942 PROBE_B_START program=low
1771416193598723926 PROBE_B_END program=low
1771416193801422623 PROBE_B_START program=low
1771416193804205792 PROBE_B_END program=low
1771416194006849249 PROBE_B_START program=low
1771416194009766474 PROBE_B_END program=low
1771416194212468264 PROBE_B_START program=low
1771416194215228063 PROBE_B_END program=low
1771416194417801613 PROBE_B_START program=low
1771416194420663615 PROBE_B_END program=low
1771416194623323591 PROBE_B_START program=low
1771416194626218334 PROBE_B_END program=low
1771416194828887495 PROBE_B_START program=low
1771416194831764886 PROBE_B_END program=low
1771416195034382158 PROBE_B_START program=low
1771416195037255364 PROBE_B_END program=low
1771416195239894025 PROBE_B_START program=low
1771416195242685620 PROBE_B_END program=low
1771416195445187170 PROBE_B_START program=low
1771416195447870246 PROBE_B_END program=low
1771416195650445259 PROBE_B_START program=low
1771416195653330669 PROBE_B_END program=low
1771416195855964719 PROBE_B_START program=low
1771416195858857758 PROBE_B_END program=low
1771416196061543456 PROBE_B_START program=low
1771416196064383421 PROBE_B_END program=low
1771416196267110546 PROBE_B_START program=low
1771416196270021456 PROBE_B_END program=low
1771416196472721858 PROBE_B_START program=low
1771416196475626804 PROBE_B_END program=low
1771416196678251929 PROBE_B_START program=low
1771416196681176690 PROBE_B_END program=low
1771416196883825333 PROBE_B_START program=low
1771416196886780558 PROBE_B_END program=low
1771416197089422127 PROBE_B_START program=low
1771416197092278666 PROBE_B_END program=low
1771416197295061143 PROBE_B_START program=low
1771416197297954756 PROBE_B_END program=low
1771416197500570233 PROBE_B_START program=low
1771416197503403327 PROBE_B_END program=low
1771416197706043045 PROBE_B_START program=low
1771416197708972195 PROBE_B_END program=low
1771416197911717283 PROBE_B_START program=low
1771416197914780489 PROBE_B_END program=low
1771416198117506484 PROBE_B_START program=low
1771416198120475375 PROBE_B_END program=low
1771416198323300056 PROBE_B_START program=low
1771416198326303762 PROBE_B_END program=low
1771416198529176535 PROBE_B_START program=low
1771416198532506556 PROBE_B_END program=low
1771416198735419348 PROBE_B_START program=low
1771416198738554962 PROBE_B_END program=low
1771416198941327605 PROBE_B_START program=low
1771416198944315385 PROBE_B_END program=low
1771416199147042473 PROBE_B_START program=low
1771416199149999754 PROBE_B_END program=low
1771416199352615045 PROBE_B_START program=low
1771416199355362677 PROBE_B_END program=low
1771416199558029395 PROBE_B_START program=low
1771416199561072749 PROBE_B_END program=low
1771416199763853560 PROBE_B_START program=low
1771416199766872747 PROBE_B_END program=low
1771416199969644058 PROBE_B_START program=low
1771416199972682486 PROBE_B_END program=low
1771416200175381741 PROBE_B_START program=low
1771416200178350021 PROBE_B_END program=low
1771416200380964647 PROBE_B_START program=low
1771416200383688167 PROBE_B_END program=low
1771416200586302422 PROBE_B_START program=low
1771416200589321943 PROBE_B_END program=low
1771416200792076717 PROBE_B_START program=low
1771416200795096960 PROBE_B_END program=low
1771416200997779271 PROBE_B_START program=low
1771416201000783569 PROBE_B_END program=low
1771416201203481565 PROBE_B_START program=low
1771416201206425253 PROBE_B_END program=low
1771416201409076786 PROBE_B_START program=low
1771416201411908158 PROBE_B_END program=low
1771416201614563599 PROBE_B_START program=low
1771416201617584009 PROBE_B_END program=low
1771416201820215653 PROBE_B_START program=low
1771416201823066044 PROBE_B_END program=low
1771416202025639429 PROBE_B_START program=low
1771416202028480579 PROBE_B_END program=low
1771416202231121353 PROBE_B_START program=low
1771416202234033578 PROBE_B_END program=low
1771416202436805370 PROBE_B_START program=low
1771416202439738984 PROBE_B_END program=low
1771416202642583703 PROBE_B_START program=low
1771416202645474927 PROBE_B_END program=low
1771416202848126109 PROBE_B_START program=low
1771416202851027166 PROBE_B_END program=low
1771416203053651552 PROBE_B_START program=low
1771416203056508350 PROBE_B_END program=low
1771416203259174699 PROBE_B_START program=low
1771416203262076423 PROBE_B_END program=low
1771416203464782642 PROBE_B_START program=low
1771416203467632181 PROBE_B_END program=low
1771416203670312363 PROBE_B_START program=low
1771416203673235736 PROBE_B_END program=low
1771416203875878417 PROBE_B_START program=low
1771416203878820864 PROBE_B_END program=low
1771416204081477435 PROBE_B_START program=low
1771416204084304641 PROBE_B_END program=low
1771416204286948267 PROBE_B_START program=low
1771416204289944066 PROBE_B_END program=low
1771416204492705248 PROBE_B_START program=low
1771416204495573287 PROBE_B_END program=low
1771416204698226488 PROBE_B_START program=low
1771416204701152916 PROBE_B_END program=low
1771416204903811653 PROBE_B_START program=low
1771416204906780785 PROBE_B_END program=low
1771416205109452653 PROBE_B_START program=low
1771416205112293285 PROBE_B_END program=low
1771416205314956430 PROBE_B_START program=low
1771416205317922895 PROBE_B_END program=low
1771416205520688077 PROBE_B_START program=low
1771416205523593135 PROBE_B_END program=low
1771416205726234391 PROBE_B_START program=low
1771416205729167375 PROBE_B_END program=low
1771416205931774631 PROBE_B_START program=low
1771416205934739208 PROBE_B_END program=low
1771416206137382612 PROBE_B_START program=low
1771416206140224392 PROBE_B_END program=low
1771416206342902279 PROBE_B_START program=low
1771416206345823892 PROBE_B_END program=low
1771416206548558001 PROBE_B_START program=low
1771416206551428966 PROBE_B_END program=low
1771416206754041463 PROBE_B_START program=low
1771416206756893188 PROBE_B_END program=low
1771416206959532685 PROBE_B_START program=low
1771416206962478261 PROBE_B_END program=low
1771416207165124499 PROBE_B_START program=low
1771416207167934594 PROBE_B_END program=low
1771416207370553906 PROBE_B_START program=low
1771416207373445650 PROBE_B_END program=low
1771416207576133221 PROBE_B_START program=low
1771416207579024372 PROBE_B_END program=low
1771416207781638628 PROBE_B_START program=low
1771416207784525649 PROBE_B_END program=low
1771416207987180110 PROBE_B_START program=low
1771416207990097686 PROBE_B_END program=low
1771416208192781739 PROBE_B_START program=low
1771416208195686834 PROBE_B_END program=low
1771416208398428184 PROBE_B_START program=low
1771416208401308223 PROBE_B_END program=low
1771416208604154629 PROBE_B_START program=low
1771416208608367817 PROBE_B_END program=low
1771416208811172722 PROBE_B_START program=low
1771416208814461114 PROBE_B_END program=low
1771416209017255556 PROBE_B_START program=low
1771416209020040207 PROBE_B_END program=low
1771416209222666353 PROBE_B_START program=low
1771416209225561559 PROBE_B_END program=low
1771416209428186723 PROBE_B_START program=low
1771416209430972096 PROBE_B_END program=low
1771416209633527853 PROBE_B_START program=low
1771416209636313152 PROBE_B_END program=low
1771416209838837650 PROBE_B_START program=low
1771416209841497856 PROBE_B_END program=low
1771416210044065113 PROBE_B_START program=low
1771416210046885596 PROBE_B_END program=low
1771416210249500983 PROBE_B_START program=low
1771416210252334004 PROBE_B_END program=low
1771416210454915873 PROBE_B_START program=low
1771416210457771042 PROBE_B_END program=low
1771416210662298764 PROBE_B_START program=low
1771416210665728581 PROBE_B_END program=low
1771416210868432376 PROBE_B_START program=low
1771416210871194989 PROBE_B_END program=low
1771416211073774969 PROBE_B_START program=low
1771416211076612749 PROBE_B_END program=low
1771416211279227822 PROBE_B_START program=low
1771416211282153046 PROBE_B_END program=low
1771416211484775859 PROBE_B_START program=low
1771416211487662399 PROBE_B_END program=low
1771416211691309380 PROBE_B_START program=low
1771416211694458845 PROBE_B_END program=low
1771416211897157214 PROBE_B_START program=low
1771416211900011605 PROBE_B_END program=low
1771416212102614048 PROBE_B_START program=low
1771416212105504939 PROBE_B_END program=low
1771416212308154734 PROBE_B_START program=low
1771416212311036885 PROBE_B_END program=low
1771416212513659680 PROBE_B_START program=low
1771416212516477978 PROBE_B_END program=low
1771416212719662515 PROBE_B_START program=low
1771416212723312703 PROBE_B_END program=low
1771416212926182831 PROBE_B_START program=low
1771416212929103297 PROBE_B_END program=low
1771416213131767462 PROBE_B_START program=low
1771416213134667150 PROBE_B_END program=low
1771416213337277649 PROBE_B_START program=low
1771416213340091466 PROBE_B_END program=low
1771416213542708168 PROBE_B_START program=low
1771416213545629023 PROBE_B_END program=low
1771416213748849855 PROBE_B_START program=low
1771416213752448673 PROBE_B_END program=low
1771416213955212968 PROBE_B_START program=low
1771416213958106545 PROBE_B_END program=low
1771416214160745766 PROBE_B_START program=low
1771416214163608935 PROBE_B_END program=low
1771416214366232342 PROBE_B_START program=low
1771416214369172529 PROBE_B_END program=low
1771416214571816288 PROBE_B_START program=low
1771416214574701438 PROBE_B_END program=low
1771416214777773549 PROBE_B_START program=low
1771416214781617793 PROBE_B_END program=low
1771416214984476144 PROBE_B_START program=low
1771416214987347924 PROBE_B_END program=low
1771416215189969053 PROBE_B_START program=low
1771416215192873241 PROBE_B_END program=low
1771416215395489796 PROBE_B_START program=low
1771416215398416261 PROBE_B_END program=low
1771416215601038871 PROBE_B_START program=low
1771416215603902596 PROBE_B_END program=low
1771416215806516947 PROBE_B_START program=low
1771416215809937728 PROBE_B_END program=low
1771416216012983339 PROBE_B_START program=low
1771416216015876841 PROBE_B_END program=low
1771416216218505304 PROBE_B_START program=low
1771416216221464658 PROBE_B_END program=low
1771416216424118954 PROBE_B_START program=low
1771416216427007938 PROBE_B_END program=low
1771416216629646530 PROBE_B_START program=low
1771416216632516977 PROBE_B_END program=low
1771416216835158310 PROBE_B_START program=low
1771416216838063701 PROBE_B_END program=low
1771416217040657479 PROBE_B_START program=low
1771416217043389444 PROBE_B_END program=low
1771416217245980425 PROBE_B_START program=low
1771416217248817798 PROBE_B_END program=low
1771416217451425372 PROBE_B_START program=low
1771416217454310670 PROBE_B_END program=low
1771416217656972726 PROBE_B_START program=low
1771416217659836117 PROBE_B_END program=low
1771416217862461876 PROBE_B_START program=low
1771416217865357027 PROBE_B_END program=low
1771416218067857823 PROBE_B_START program=low
1771416218070514677 PROBE_B_END program=low
1771416218273057862 PROBE_B_START program=low
1771416218275885531 PROBE_B_END program=low
1771416218478580661 PROBE_B_START program=low
1771416218481780108 PROBE_B_END program=low
1771416218684612275 PROBE_B_START program=low
1771416218688066889 PROBE_B_END program=low
1771416218890862408 PROBE_B_START program=low
1771416218893648762 PROBE_B_END program=low
1771416219096354836 PROBE_B_START program=low
1771416219099206709 PROBE_B_END program=low
1771416219301823469 PROBE_B_START program=low
1771416219304596137 PROBE_B_END program=low
1771416219507201193 PROBE_B_START program=low
1771416219510090788 PROBE_B_END program=low
1771416219712766104 PROBE_B_START program=low
1771416219715576773 PROBE_B_END program=low
1771416219918223551 PROBE_B_START program=low
1771416219921099460 PROBE_B_END program=low
1771416220123758442 PROBE_B_START program=low
1771416220126689463 PROBE_B_END program=low
1771416220329341168 PROBE_B_START program=low
1771416220332173485 PROBE_B_END program=low
1771416220534846059 PROBE_B_START program=low
1771416220537779432 PROBE_B_END program=low
1771416220740476081 PROBE_B_START program=low
1771416220743353287 PROBE_B_END program=low
1771416220945940992 PROBE_B_START program=low
1771416220948800809 PROBE_B_END program=low
1771416221151467772 PROBE_B_START program=low
1771416221154407127 PROBE_B_END program=low
1771416221356971016 PROBE_B_START program=low
1771416221359812685 PROBE_B_END program=low
1771416221562402890 PROBE_B_START program=low
1771416221565257874 PROBE_B_END program=low
1771416221767889116 PROBE_B_START program=low
1771416221770773673 PROBE_B_END program=low
1771416221973386878 PROBE_B_START program=low
1771416221976224547 PROBE_B_END program=low
1771416222178939844 PROBE_B_START program=low
1771416222181850976 PROBE_B_END program=low
1771416222384521052 PROBE_B_START program=low
1771416222387397221 PROBE_B_END program=low
1771416222590031314 PROBE_B_START program=low
1771416222592874002 PROBE_B_END program=low
1771416222795503207 PROBE_B_START program=low
1771416222798406579 PROBE_B_END program=low
1771416223001055803 PROBE_B_START program=low
1771416223003842953 PROBE_B_END program=low
1771416223206556862 PROBE_B_START program=low
1771416223209534105 PROBE_B_END program=low
1771416223412128662 PROBE_B_START program=low
1771416223415038090 PROBE_B_END program=low
1771416223617664388 PROBE_B_START program=low
1771416223620547631 PROBE_B_END program=low
1771416223823188466 PROBE_B_START program=low
1771416223826081320 PROBE_B_END program=low
1771416224028840895 PROBE_B_START program=low
1771416224031810028 PROBE_B_END program=low
1771416224234512307 PROBE_B_START program=low
1771416224237449032 PROBE_B_END program=low
1771416224440153904 PROBE_B_START program=low
1771416224443116073 PROBE_B_END program=low
1771416224645854426 PROBE_B_START program=low
1771416224648857762 PROBE_B_END program=low
1771416224851557838 PROBE_B_START program=low
1771416224854497803 PROBE_B_END program=low
1771416225057231323 PROBE_B_START program=low
1771416225060185400 PROBE_B_END program=low
1771416225262792642 PROBE_B_START program=low
1771416225265533478 PROBE_B_END program=low
1771416225468170184 PROBE_B_START program=low
1771416225471100242 PROBE_B_END program=low
1771416225673837929 PROBE_B_START program=low
1771416225676843598 PROBE_B_END program=low
1771416225879567285 PROBE_B_START program=low
1771416225882538732 PROBE_B_END program=low
1771416226085211085 PROBE_B_START program=low
1771416226088162125 PROBE_B_END program=low
1771416226290753460 PROBE_B_START program=low
1771416226293511759 PROBE_B_END program=low
1771416226496149557 PROBE_B_START program=low
1771416226499128411 PROBE_B_END program=low
1771416226701850340 PROBE_B_START program=low
1771416226704870416 PROBE_B_END program=low
1771416226907549066 PROBE_B_START program=low
1771416226910569050 PROBE_B_END program=low
1771416227113257497 PROBE_B_START program=low
1771416227116181573 PROBE_B_END program=low
1771416227318755205 PROBE_B_START program=low
1771416227321555411 PROBE_B_END program=low
1771416227524261080 PROBE_B_START program=low
1771416227527208731 PROBE_B_END program=low
1771416227730007104 PROBE_B_START program=low
1771416227733025514 PROBE_B_END program=low
1771416227935741886 PROBE_B_START program=low
1771416227938770537 PROBE_B_END program=low
1771416228141541854 PROBE_B_START program=low
1771416228144544394 PROBE_B_END program=low
1771416228347112711 PROBE_B_START program=low
1771416228349854769 PROBE_B_END program=low
1771416228552494568 PROBE_B_START program=low
1771416228555461441 PROBE_B_END program=low
1771416228758191351 PROBE_B_START program=low
1771416228761838132 PROBE_B_END program=low
1771416228964759931 PROBE_B_START program=low
1771416228967906304 PROBE_B_END program=low
1771416229170687010 PROBE_B_START program=low
1771416229173653994 PROBE_B_END program=low
1771416229376505090 PROBE_B_START program=low
1771416229379481111 PROBE_B_END program=low
1771416229582173391 PROBE_B_START program=low
1771416229585206764 PROBE_B_END program=low
1771416229787886341 PROBE_B_START program=low
1771416229790881158 PROBE_B_END program=low
1771416229993572031 PROBE_B_START program=low
1771416229996654330 PROBE_B_END program=low
1771416230199350463 PROBE_B_START program=low
1771416230202392706 PROBE_B_END program=low
1771416230405151246 PROBE_B_START program=low
1771416230408001508 PROBE_B_END program=low
1771416230610709715 PROBE_B_START program=low
1771416230613698847 PROBE_B_END program=low
1771416230816508257 PROBE_B_START program=low
1771416230819491038 PROBE_B_END program=low
1771416231022212152 PROBE_B_START program=low
1771416231025219376 PROBE_B_END program=low
1771416231227892195 PROBE_B_START program=low
1771416231230872919 PROBE_B_END program=low
1771416231433520922 PROBE_B_START program=low
1771416231436345980 PROBE_B_END program=low
1771416231639041335 PROBE_B_START program=low
1771416231642093245 PROBE_B_END program=low
1771416231844855897 PROBE_B_START program=low
1771416231847805085 PROBE_B_END program=low
1771416232050487903 PROBE_B_START program=low
1771416232053483738 PROBE_B_END program=low
1771416232256266205 PROBE_B_START program=low
1771416232259283837 PROBE_B_END program=low
1771416232461936581 PROBE_B_START program=low
1771416232464761343 PROBE_B_END program=low
1771416232667426680 PROBE_B_START program=low
1771416232670383071 PROBE_B_END program=low
1771416232873147612 PROBE_B_START program=low
1771416232876128873 PROBE_B_END program=low
1771416233078896359 PROBE_B_START program=low
1771416233081937083 PROBE_B_END program=low
1771416233284696680 PROBE_B_START program=low
1771416233287721386 PROBE_B_END program=low
1771416233490452538 PROBE_B_START program=low
1771416233493465226 PROBE_B_END program=low
1771416233696176766 PROBE_B_START program=low
1771416233699093806 PROBE_B_END program=low
1771416233901786995 PROBE_B_START program=low
1771416233904805812 PROBE_B_END program=low
1771416234107541483 PROBE_B_START program=low
1771416234110534170 PROBE_B_END program=low
1771416234313202285 PROBE_B_START program=low
1771416234316181492 PROBE_B_END program=low
1771416234518843292 PROBE_B_START program=low
1771416234521695090 PROBE_B_END program=low
1771416234724379872 PROBE_B_START program=low
1771416234727349727 PROBE_B_END program=low
1771416234930117508 PROBE_B_START program=low
1771416234933156770 PROBE_B_END program=low
1771416235135894848 PROBE_B_START program=low
1771416235138879684 PROBE_B_END program=low
1771416235341629300 PROBE_B_START program=low
1771416235344660524 PROBE_B_END program=low
1771416235547295936 PROBE_B_START program=low
1771416235550120161 PROBE_B_END program=low
1771416235752914498 PROBE_B_START program=low
1771416235755910186 PROBE_B_END program=low
1771416235958651005 PROBE_B_START program=low
1771416235961683822 PROBE_B_END program=low
1771416236164401290 PROBE_B_START program=low
1771416236167408070 PROBE_B_END program=low
1771416236370096297 PROBE_B_START program=low
1771416236373055799 PROBE_B_END program=low
1771416236575699489 PROBE_B_START program=low
1771416236578553973 PROBE_B_END program=low
1771416236781220829 PROBE_B_START program=low
1771416236784204905 PROBE_B_END program=low
1771416236986913613 PROBE_B_START program=low
1771416236989970560 PROBE_B_END program=low
1771416237192760639 PROBE_B_START program=low
1771416237195759846 PROBE_B_END program=low
1771416237398477498 PROBE_B_START program=low
1771416237401509168 PROBE_B_END program=low
1771416237604256506 PROBE_B_START program=low
1771416237607046138 PROBE_B_END program=low
1771416237809781883 PROBE_B_START program=low
1771416237812807534 PROBE_B_END program=low
1771416238015514242 PROBE_B_START program=low
1771416238018465911 PROBE_B_END program=low
1771416238221175842 PROBE_B_START program=low
1771416238224134882 PROBE_B_END program=low
1771416238426951127 PROBE_B_START program=low
1771416238430089334 PROBE_B_END program=low
1771416238632929153 PROBE_B_START program=low
1771416238636032212 PROBE_B_END program=low
1771416238839300976 PROBE_B_START program=low
1771416238842332534 PROBE_B_END program=low
1771416239045082373 PROBE_B_START program=low
1771416239048067283 PROBE_B_END program=low
1771416239250835936 PROBE_B_START program=low
1771416239253821272 PROBE_B_END program=low
1771416239456540721 PROBE_B_START program=low
1771416239459537909 PROBE_B_END program=low
1771416239662201729 PROBE_B_START program=low
1771416239665054324 PROBE_B_END program=low
1771416239867789755 PROBE_B_START program=low
1771416239870834591 PROBE_B_END program=low
1771416240073537522 PROBE_B_START program=low
1771416240076535006 PROBE_B_END program=low
1771416240279254974 PROBE_B_START program=low
1771416240282285125 PROBE_B_END program=low
1771416240485017334 PROBE_B_START program=low
1771416240488016226 PROBE_B_END program=low
1771416240690639268 PROBE_B_START program=low
1771416240693418178 PROBE_B_END program=low
1771416240896072813 PROBE_B_START program=low
1771416240899067889 PROBE_B_END program=low
1771416241101742654 PROBE_B_START program=low
1771416241104779657 PROBE_B_END program=low
1771416241307482422 PROBE_B_START program=low
1771416241310483906 PROBE_B_END program=low
1771416241513217596 PROBE_B_START program=low
1771416241516198654 PROBE_B_END program=low
1771416241718829382 PROBE_B_START program=low
1771416241721604255 PROBE_B_END program=low
1771416241924291890 PROBE_B_START program=low
1771416241927274800 PROBE_B_END program=low
1771416242130044898 R2_IDLE_C seconds=30 actions=B_SKELETON
1771416272131948320 SKIP_PROBE_C seconds=60
