1775466227791022377 23399447
1775466227812682551 21660174
1775466227834295856 21613305
1775466227855843937 21548081
1775466227877507871 21663934
1775466227899195713 21687842
1775466227920843980 21648267
1775466227942496266 21652286
1775466227964158422 21662156
1775466227985814967 21656545
1775466228007450457 21635490
1775466228029086538 21636081
1775466228050698916 21612378
1775466228072340850 21641934
1775466228094001339 21660489
1775466228115632125 21630786
1775466228137266595 21634470
1775466228158885807 21619212
1775466228180528222 21642415
1775466228202187415 21659193
1775466228223805997 21618582
1775466228245435004 21629007
1775466228267081420 21646416
1775466228288694279 21612859
1775466228310328250 21633971
1775466228331963905 21635655
1775466228353575024 21611119
1775466228375215661 21640637
1775466228396846132 21630471
1775466228418487269 21641137
1775466228440102110 21614841
1775466228461784470 21682360
1775466228483408219 21623749
1775466228505057578 21649359
1775466228526706290 21648712
1775466228548351298 21645008
1775466228569995935 21644637
1775466228591624424 21628489
1775466228613248821 21624397
1775466228634879588 21630767
1775466228656622392 21742804
1775466228678328919 21706527
1775466228699957797 21628878
1775466228721568934 21611137
1775466228743174312 21605378
1775466228764772690 21598378
1775466228786456420 21683730
1775466228808095465 21639045
1775466228829780177 21684712
1775466228851404833 21624656
1775466228872999247 21594414
1775466228894595107 21595860
1775466228916210651 21615544
1775466228937837678 21627027
1775466228959444926 21607248
1775466228981100489 21655563
1775466229002717682 21617193
1775466229024315319 21597637
1775466229045913122 21597803
1775466229067503759 21590637
1775466229089077433 21573674
1775466229110661125 21583692
1775466229132237262 21576137
1775466229153850547 21613285
1775466229175456610 21606063
1775466229197044265 21587655
1775466229218666476 21622211
1775466229240284002 21617526
1775466229261878194 21594192
1775466229283496146 21617952
1775466229305076042 21579896
1775466229326692642 21616600
1775466229348274427 21581785
1775466229369888490 21614063
1775466229391470682 21582192
1775466229413050041 21579359
1775466229434638030 21587989
1775466229456208370 21570340
1775466229477797822 21589452
1775466229499388236 21590414
1775466229520975132 21586896
1775466229542577232 21602100
1775466229564146239 21569007
1775466229585739376 21593137
1775466229607326365 21586989
1775466229628917150 21590785
1775466229650539027 21621877
1775466229672145868 21606841
1775466229693733912 21588044
1775466229715319586 21585674
1775466229736915204 21595618
1775466229758553452 21638248
1775466229780153237 21599785
1775466229801746041 21592804
1775466229823318215 21572174
1775466229844887888 21569673
1775466229866471377 21583489
1775466229888046328 21574951
1775466229909628928 21582600
1775466229931207898 21578970
1775466229952784072 21576174
1775466229974378412 21594340
1775466229995973790 21595378
1775466230017552852 21579062
1775466230039135619 21582767
1775466230060710533 21574914
1775466230082302447 21591914
1775466230103870658 21568211
1775466230125484517 21613859
1775466230147066764 21582247
1775466230168649919 21583155
1775466230190234648 21584729
1775466230211822174 21587526
1775466230233428403 21606229
1775466230255013410 21585007
1775466230276601195 21587785
1775466230298178517 21577322
1775466230319758338 21579821
1775466230341361253 21602915
1775466230362964908 21603655
1775466230384732286 21767378
1775466230406499554 21767268
1775466230428102802 21603248
1775466230449723624 21620822
1775466230471307131 21583507
1775466230492885360 21578229
1775466230514469348 21583988
1775466230536055799 21586451
1775466230557634695 21578896
1775466230579208276 21573581
1775466230600800098 21591822
1775466230622394383 21594285
1775466230643988945 21594562
1775466230665609749 21620804
1775466230687189052 21579303
1775466230708771929 21582877
1775466230730357566 21585637
1775466230751919461 21561895
1775466230773518709 21599248
1775466230795108308 21589599
1775466230816692186 21583878
1775466230838286415 21594229
1775466230859872533 21586118
1775466230881483429 21610896
1775466230903086973 21603544
1775466230924661795 21574822
1775466230946283339 21621544
1775466230967853957 21570618
1775466230989450760 21596803
1775466231011049508 21598748
1775466231032636403 21586895
1775466231054230521 21594118
1775466231075814102 21583581
1775466231097410090 21595988
1775466231118999338 21589248
1775466231140572585 21573247
1775466231162161203 21588618
1775466231183729284 21568081
1775466231205311235 21581951
1775466231226874463 21563228
1775466231248467804 21593341
1775466231270023458 21555654
1775466231291584428 21560970
1775466231313178546 21594118
1775466231334767867 21589321
1775466231356341744 21573877
1775466231377907306 21565562
1775466231399475961 21568655
1775466231421038097 21562136
1775466231442615826 21577729
1775466231464191129 21575303
1775466231485793710 21602581
1775466231507358939 21565229
1775466231528931686 21572747
1775466231550552767 21621081
1775466231572135125 21582358
1775466231593727947 21592822
1775466231615288861 21560914
1775466231636844275 21555414
1775466231658406485 21562210
1775466231679978325 21571840
1775466231701575443 21597118
1775466231723150394 21574951
1775466231744734141 21583747
1775466231766342704 21608563
1775466231787916840 21574136
1775466231809502495 21585655
1775466231831081779 21579284
1775466231852643564 21561785
1775466231874229885 21586321
1775466231895926374 21696489
1775466231917614196 21687822
1775466231939234222 21620026
1775466231960859692 21625470
1775466231982500792 21641100
1775466232004090446 21589654
1775466232025665194 21574748
1775466232047239237 21574043
1775466232068833781 21594544
1775466232090418861 21585080
1775466232112012812 21593951
1775466232133622393 21609581
1775466232155216733 21594340
1775466232176778535 21561802
1775466232198373524 21594989
1775466232219950845 21577321
1775466232241543074 21592229
1775466232263128506 21585432
1775466232284709679 21581173
1775466232306314093 21604414
1775466232327881062 21566969
1775466232349469773 21588711
1775466232371050205 21580432
1775466232392617082 21566877
1775466232414234959 21617877
1775466232435811854 21576895
1775466232457428805 21616951
1775466232479017942 21589137
1775466232500604448 21586506
1775466232522229510 21625062
1775466232543808239 21578729
1775466232565425950 21617711
1775466232587028734 21602784
1775466232608606574 21577840
1775466232630208414 21601840
1775466232651784605 21576191
1775466232673371278 21586673
1775466232694946933 21575655
1775466232716542217 21595284
1775466232738174354 21632137
1775466232759757786 21583432
1775466232781391200 21633414
1775466232802993929 21602729
1775466232824600547 21606618
1775466232846189646 21589099
1775466232867759041 21569395
1775466232889364233 21605192
1775466232910993629 21629396
1775466232932601765 21608136
1775466232954219291 21617526
1775466232975895353 21676062
1775466232997545379 21650026
1775466233019121126 21575747
1775466233040723391 21602265
1775466233062324861 21601470
1775466233083924775 21599914
1775466233105528577 21603802
1775466233127103621 21575044
1775466233148685016 21581395
1775466233170277522 21592506
1775466233191858751 21581229
1775466233213447053 21588302
1775466233235028708 21581655
1775466233256600103 21571395
1775466233278214109 21614006
1775466233299792912 21578803
1775466233321378844 21585932
1775466233342952610 21573766
1775466233364529912 21577302
1775466233386135733 21605821
1775466233407724721 21588988
1775466233429326246 21601525
1775466233450920549 21594303
1775466233472500611 21580062
1775466233494100432 21599821
1775466233515683123 21582691
1775466233537250129 21567006
1775466233558839506 21589377
1775466233580424624 21585118
1775466233602030130 21605506
1775466233623621544 21591414
1775466233645205087 21583543
1775466233666794890 21589803
1775466233688375600 21580710
1775466233709979310 21603710
1775466233731559964 21580654
1775466233753167748 21607784
1775466233774759014 21591266
1775466233796341946 21582932
1775466233817942379 21600433
1775466233839533533 21591154
1775466233861108762 21575229
1775466233882686138 21577376
1775466233904273552 21587414
1775466233925890947 21617395
1775466233947457435 21566488
1775466233969068571 21611136
1775466233990705300 21636729
1775466234012302991 21597691
1775466234033907257 21604266
1775466234055510393 21603136
1775466234077104695 21594302
1775466234098693794 21589099
1775466234120284448 21590654
1775466234141866528 21582080
1775466234163446164 21579636
1775466234185009689 21563525
1775466234206629065 21619376
1775466234228204720 21575655
1775466234249830485 21625765
1775466234271446195 21615710
1775466234293013905 21567710
1775466234314616856 21602951
1775466234336185528 21568672
1775466234357803035 21617507
1775466234379396707 21593672
1775466234400991602 21594895
1775466234422569146 21577544
1775466234444125114 21555968
1775466234465706454 21581340
1775466234487286034 21579580
1775466234508856892 21570858
1775466234530460398 21603506
1775466234552033645 21573247
1775466234573611929 21578284
1775466234595190990 21579061
1775466234616794052 21603062
1775466234638461207 21667155
1775466234660048898 21587691
1775466234681650275 21601377
1775466234703239800 21589525
1775466234724817583 21577783
1775466234746391497 21573914
1775466234768000948 21609451
1775466234789637065 21636117
1775466234811232442 21595377
1775466234832813911 21581469
1775466234854402102 21588191
1775466234875977627 21575525
1775466234897563725 21586098
1775466234919139102 21575377
1775466234940716811 21577709
1775466234962302392 21585581
1775466234983859231 21556839
1775466235005449737 21590506
1775466235027050799 21601062
1775466235048620564 21569765
1775466235070221144 21600580
1775466235091792983 21571839
1775466235113387933 21594950
1775466235134970106 21582173
1775466235156551630 21581524
1775466235178138766 21587136
1775466235199721105 21582339
1775466235221328352 21607247
1775466235242916932 21588580
1775466235264501734 21584802
1775466235286073925 21572191
1775466235307649005 21575080
1775466235329217567 21568562
1775466235350810073 21592506
1775466235372383819 21573746
1775466235393957529 21573710
1775466235415544516 21586987
1775466235437121485 21576969
1775466235458690120 21568635
1775466235480266089 21575969
1775466235501848095 21582006
1775466235523490268 21642173
1775466235545152219 21661951
1775466235566804318 21652099
1775466235588442954 21638636
1775466235610044515 21601561
1775466235631686985 21642470
1775466235653336417 21649432
1775466235674989461 21653044
1775466235696652634 21663173
1775466235718334529 21681895
1775466235739984573 21650044
1775466235761659375 21674802
1775466235783322697 21663322
1775466235804990166 21667469
1775466235826664339 21674173
1775466235848317364 21653025
1775466235870005816 21688452
1775466235891660322 21654506
1775466235913314865 21654543
1775466235934981168 21666303
1775466235956643878 21662710
1775466235978318589 21674711
1775466235999979688 21661099
1775466236021657287 21677599
1775466236043308904 21651617
1775466236064965318 21656414
1775466236086639694 21674376
1775466236108295849 21656155
1775466236129973929 21678080
1775466236151621436 21647507
1775466236173308275 21686839
1775466236194967467 21659192
1775466236216629936 21662469
1775466236238302109 21672173
1775466236259943856 21641747
1775466236281609751 21665895
1775466236303254794 21645043
1775466236324918930 21664136
1775466236346604881 21685951
1775466236368280443 21675562
1775466236389941375 21660932
1775466236411592678 21651303
1775466236433254666 21661988
1775466236454947339 21692673
1775466236476612753 21665414
1775466236498293666 21680913
1775466236519951136 21657470
1775466236541628364 21677228
1775466236563276037 21647673
1775466236584892302 21616265
1775466236606575290 21682988
1775466236628242760 21667470
1775466236649917451 21674691
1775466236671546568 21629117
1775466236693151741 21605173
1775466236714751987 21600246
1775466236736344141 21592154
1775466236757958629 21614488
1775466236779524560 21565931
1775466236801127159 21602599
1775466236822731202 21604043
1775466236844305430 21574228
1775466236865893213 21587783
1775466236887468848 21575635
1775466236909041687 21572839
1775466236930639082 21597395
1775466236952232773 21593691
1775466236973849187 21616414
1775466236995452637 21603450
1775466237017048624 21595987
1775466237038654130 21605506
1775466237060238043 21583913
1775466237081826863 21588820
1775466237103428110 21601247
1775466237125025337 21597227
1775466237146618102 21592765
1775466237168199812 21581710
1775466237189833503 21633691
1775466237211441768 21608265
1775466237233022736 21580968
1775466237254616168 21593432
1775466237276224951 21608783
1775466237297816735 21591784
1775466237319395481 21578746
1775466237340964709 21569228
1775466237362551066 21586357
1775466237384122553 21571487
1775466237405747670 21625117
1775466237427366842 21619172
1775466237448940904 21574062
1775466237470594521 21653617
1775466237492177360 21582839
1775466237513841569 21664209
1775466237535499650 21658081
1775466237557088118 21588468
1775466237578678920 21590802
1775466237600264703 21585783
1775466237621847450 21582747
1775466237643395751 21548301
1775466237664985294 21589543
1775466237686567503 21582209
1775466237708163972 21596469
1775466237729755237 21591265
1775466237751345927 21590690
1775466237773042841 21696914
1775466237795320092 22277251
1775466237817014580 21694488
1775466237838662105 21647525
1775466237860251333 21589228
1775466237881835135 21583802
1775466237903397455 21562320
1775466237924992257 21594802
1775466237946597059 21604802
1775466237968168157 21571098
1775466237989759699 21591542
1775466238011340131 21580432
1775466238032953173 21613042
1775466238054578661 21625488
1775466238076165296 21586635
1775466238097757079 21591783
1775466238119326455 21569376
1775466238140904682 21578227
1775466238162571521 21666839
1775466238184171620 21600099
1775466238205777977 21606357
1775466238227398353 21620376
1775466238248993284 21594931
1775466238270585660 21592376
1775466238292165054 21579394
1775466238313754930 21589876
1775466238335321584 21566654
1775466238356889163 21567579
1775466238378479557 21590394
1775466238400067341 21587784
1775466238421655420 21588079
1775466238443245611 21590191
1775466238464856783 21611172
1775466238486451251 21594468
1775466238508027035 21575784
1775466238529610503 21583468
1775466238551188564 21578061
1775466238572758014 21569450
1775466238594341000 21582986
1775466238615909895 21568895
1775466238637468937 21559042
1775466238659045368 21576431
1775466238680617096 21571728
1775466238702228064 21610968
1775466238723812125 21584061
1775466238745397612 21585487
1775466238766990173 21592561
1775466238788573234 21583061
1775466238810183462 21610228
1775466238831756949 21573487
1775466238853343954 21587005
1775466238874943978 21600024
1775466238896518391 21574413
1775466238918127544 21609153
1775466238939711754 21584210
1775466238961301185 21589431
1775466238983082729 21781544
1775466239004726161 21643432
1775466239026338814 21612653
1775466239047930042 21591228
1775466239069518417 21588375
1775466239091103145 21584728
1775466239112692409 21589264
1775466239134297452 21605043
1775466239155886568 21589116
1775466239177481684 21595116
1775466239199078060 21596376
1775466239220670640 21592580
1775466239242298312 21627672
1775466239263948151 21649839
1775466239285556341 21608190
1775466239307137050 21580709
1775466239328717093 21580043
1775466239350315968 21598875
1775466239371885955 21569987
1775466239393501164 21615209
1775466239415086336 21585172
1775466239436648989 21562653
1775466239458232902 21583913
1775466239479816870 21583968
1775466239501399209 21582339
1775466239522974603 21575394
1775466239544551960 21577357
1775466239566165409 21613449
1775466239587738378 21572969
1775466239609355050 21616672
1775466239630948592 21593542
1775466239652521949 21573357
1775466239674118491 21596542
1775466239695685348 21566857
1775466239717239261 21553913
1775466239738847322 21608061
1775466239760417734 21570412
1775466239782019314 21601580
1775466239803593449 21574135
1775466239825147361 21553912
1775466239846732218 21584857
1775466239868306482 21574264
1775466239889880173 21573691
1775466239911463104 21582931
1775466239933037683 21574579
1775466239954630670 21592987
1775466239976201212 21570542
1775466239997805866 21604654
1775466240019365685 21559819
1775466240040942042 21576357
1775466240062527140 21585098
1775466240084109849 21582709
1775466240105694169 21584320
1775466240127278581 21584412
1775466240148858771 21580190
1775466240170448165 21589394
1775466240192029874 21581709
1775466240213638268 21608394
1775466240235214329 21576061
1775466240256791278 21576949
1775466240278383561 21592283
1775466240299953585 21570024
1775466240321555960 21602375
1775466240343133521 21577561
1775466240364685766 21552245
1775466240386281179 21595413
1775466240407833425 21552246
1775466240429403096 21569671
1775466240450966601 21563505
1775466240472528791 21562190
1775466240494115278 21586487
1775466240515678468 21563190
1775466240537241769 21563301
1775466240558847923 21606154
1775466240580408724 21560801
1775466240601971266 21562542
1775466240623537456 21566190
1775466240645110461 21573005
1775466240666676577 21566116
1775466240688250545 21573968
1775466240709870532 21619987
1775466240731471722 21601190
1775466240753073968 21602246
1775466240774694455 21620487
1775466240796271849 21577394
1775466240817863576 21591727
1775466240839452563 21588987
1775466240861042235 21589672
1775466240882638203 21595968
1775466240904248893 21610690
1775466240925840120 21591227
1775466240947432885 21592765
1775466240969031927 21599042
1775466240990619803 21587876
1775466241012191733 21571930
1775466241033782183 21590450
1775466241055349651 21567468
1775466241076935804 21586153
1775466241098527475 21591671
1775466241120113647 21586172
1775466241141699930 21586283
1775466241163281972 21582042
1775466241184851032 21569060
1775466241206447296 21596264
1775466241228023542 21576246
1775466241249612973 21589431
1775466241271206163 21593190
1775466241292785001 21578838
1775466241314366839 21581838
1775466241335934529 21567690
1775466241357515571 21581042
1775466241379087687 21572116
1775466241400652322 21564635
1775466241422239771 21587449
1775466241443804350 21564579
1775466241465389392 21585042
1775466241486951434 21562042
1775466241508512550 21561116
1775466241530048221 21535671
1775466241551617966 21569745
1775466241573156397 21538431
1775466241594740680 21584283
1775466241616312925 21572245
1775466241637895060 21582135
1775466241659463824 21568764
1775466241681036440 21572616
1775466241702636723 21600283
1775466241724292672 21655949
1775466241745953659 21660987
1775466241767579572 21625913
1775466241789226337 21646765
1775466241810913990 21687653
1775466241832573477 21659487
1775466241854213464 21639987
1775466241875831192 21617728
1775466241897460400 21629208
1775466241919133610 21673210
1775466241940790949 21657339
1775466241962460232 21669283
1775466241984123534 21663302
1775466242005842280 21718746
1775466242027508156 21665876
1775466242049176847 21668691
1775466242070846907 21670060
1775466242092489931 21643024
1775466242114174326 21684395
1775466242135823368 21649042
1775466242157494577 21671209
1775466242179134230 21639653
1775466242200806828 21672598
1775466242222488815 21681987
1775466242244108061 21619246
1775466242265744733 21636672
1775466242287378497 21633764
1775466242309000669 21622172
1775466242330636600 21635931
1775466242352250272 21613672
1775466242373864554 21614282
1775466242395475633 21611079
1775466242417073379 21597746
1775466242438700217 21626838
1775466242460315074 21614857
1775466242481935561 21620487
1775466242503597085 21661524
1775466242525256238 21659153
1775466242546928688 21672450
1775466242568559934 21631246
1775466242590231698 21671764
1775466242611876907 21645209
1775466242633575524 21698617
1775466242655219418 21643894
1775466242676881238 21661820
1775466242698512225 21630987
1775466242720158489 21646264
1775466242741793180 21634691
1775466242763426370 21633190
1775466242785193006 21766636
1775466242806947197 21754191
1775466242828571924 21624727
1775466242850244689 21672765
1775466242871894657 21649968
1775466242893518143 21623486
1775466242915116759 21598616
1775466242936699135 21582376
1775466242958302269 21603134
1775466242979892459 21590190
1775466243001517520 21625061
1775466243023125432 21607912
1775466243044721159 21595727
1775466243066361442 21640283
1775466243087953891 21592449
1775466243109544525 21590634
1775466243131131345 21586820
1775466243152766164 21634819
1775466243174417170 21651006
1775466243196018434 21601264
1775466243217614864 21596430
1775466243239198776 21583912
1775466243260770133 21571357
1775466243282371971 21601838
1775466243303963735 21591764
1775466243325578388 21614653
1775466243347186596 21608208
1775466243368756841 21570245
1775466243390357328 21600487
1775466243411945073 21587745
1775466243433528596 21583523
1775466243455115564 21586968
1775466243476694105 21578541
1775466243498291203 21597098
1775466243519877022 21585819
1775466243541452953 21575931
1775466243563041735 21588782
1775466243584622703 21580968
1775466243606212856 21590153
1775466243627787397 21574541
1775466243649383217 21595820
1775466243670955147 21571930
1775466243692531670 21576523
1775466243714120675 21589005
1775466243735686716 21566041
1775466243757289999 21603283
1775466243778944912 21654913
1775466243800561620 21616708
1775466243822204755 21643135
1775466243843799593 21594838
1775466243865419598 21620005
1775466243887023677 21604079
1775466243908616959 21593282
1775466243930222686 21605727
1775466243951807728 21585042
1775466243973398362 21590634
1775466243994981126 21582764
1775466244016561056 21579930
1775466244038181320 21620264
1775466244059759492 21578172
1775466244081374718 21615226
1775466244102979890 21605172
1775466244124570413 21590523
1775466244146169232 21598819
1775466244167740292 21571060
1775466244189372686 21632394
1775466244210967876 21595190
1775466244232537787 21569911
1775466244254155070 21617283
1775466244275724352 21569282
1775466244297308912 21584560
1775466244318880287 21571375
1775466244340458699 21578412
1775466244362055796 21597097
1775466244383621486 21565690
1775466244405187379 21565893
1775466244426775328 21587949
1775466244448351388 21576060
1775466244469929577 21578189
1775466244491504137 21574560
1775466244513088790 21584653
1775466244534675350 21586560
1775466244556257743 21582393
1775466244577824433 21566690
1775466244599394197 21569764
1775466244620962979 21568782
1775466244642613354 21650375
1775466244664222581 21609227
1775466244685841475 21618894
1775466244707440201 21598726
1775466244729020224 21580023
1775466244750662044 21641820
1775466244772270604 21608560
1775466244793907276 21636672
1775466244815529355 21622079
1775466244837121841 21592486
1775466244858741716 21619875
1775466244880345313 21603597
1775466244901941836 21596523
1775466244923524989 21583153
1775466244945100623 21575634
1775466244966733498 21632875
1775466244988363299 21629801
1775466245009979174 21615875
1775466245031576753 21597579
1775466245053165424 21588671
1775466245074768169 21602745
1775466245096347562 21579393
1775466245117931104 21583542
1775466245139501386 21570282
1775466245161099224 21597838
1775466245182694932 21595708
1775466245204275436 21580504
1775466245225856811 21581375
1775466245247435111 21578300
1775466245269029264 21594153
1775466245290633694 21604430
1775466245312214014 21580320
1775466245333811370 21597356
1775466245355398226 21586856
1775466245376994379 21596153
1775466245398592235 21597856
1775466245420166776 21574541
1775466245441756873 21590097
1775466245463351415 21594542
1775466245484931882 21580467
1775466245506577183 21645301
1775466245528164910 21587727
1775466245549812192 21647282
1775466245571428827 21616635
1775466245593020294 21591467
1775466245614621798 21601504
1775466245636227451 21605653
1775466245657830196 21602745
1775466245679428330 21598134
1775466245701026094 21597764
1775466245722627024 21600930
1775466245744205140 21578116
1775466245765810811 21605671
1775466245787418464 21607653
1775466245809041950 21623486
1775466245830636417 21594467
1775466245852240885 21604468
1775466245873846278 21605393
1775466245895426819 21580541
1775466245916994824 21568005
1775466245938586606 21591782
1775466245960163869 21577263
1775466245981755855 21591986
1775466246003328526 21572671
1775466246024899068 21570542
1775466246046535905 21636837
1775466246068121687 21585782
1775466246089719562 21597875
1775466246111310678 21591116
1775466246132886737 21576059
1775466246154494686 21607949
1775466246176059320 21564634
1775466246197712806 21653486
1775466246219349422 21636616
1775466246240936852 21587430
1775466246262537134 21600282
1775466246284123064 21585930
1775466246305732457 21609393
1775466246327322703 21590246
1775466246348909707 21587004
1775466246370551341 21641634
1775466246392159049 21607708
1775466246413775128 21616079
1775466246435369632 21594504
1775466246456945173 21575541
1775466246478533511 21588338
1775466246500120330 21586819
1775466246521755038 21634708
1775466246543345172 21590134
1775466246564921398 21576226
1775466246586561718 21640320
1775466246608170074 21608356
1775466246629767597 21597523
1775466246651353823 21586226
1775466246672936883 21583060
1775466246694522073 21585190
1775466246716084503 21562430
1775466246737681285 21596782
1775466246759253289 21572004
1775466246780841034 21587745
1775466246802484150 21643116
1775466246824089784 21605634
1775466246845693825 21604041
1775466246867263477 21569652
1775466246888840222 21576745
1775466246910453115 21612893
1775466246932036120 21583005
1775466246953619513 21583393
1775466246975197147 21577634
1775466246996765336 21568189
1775466247018368229 21602893
1775466247039935455 21567226
1775466247061524922 21589467
1775466247083107945 21583023
1775466247104690616 21582671
1775466247126269564 21578948
1775466247147836939 21567375
1775466247169434498 21597559
1775466247191021484 21586986
1775466247212591692 21570208
1775466247234177140 21585448
1775466247255749533 21572393
1775466247277343852 21594319
1775466247298916523 21572671
1775466247320486582 21570059
1775466247342049660 21563078
1775466247363626276 21576616
1775466247385191761 21565485
1775466247406802210 21610449
1775466247428377732 21575522
1775466247449959644 21581912
1775466247471531259 21571615
1775466247493110541 21579282
1775466247514698100 21587559
1775466247536283086 21584986
1775466247557861664 21578578
1775466247579407983 21546319
1775466247600974376 21566393
1775466247622590510 21616134
1775466247644166199 21575689
1775466247665735629 21569430
1775466247687302429 21566800
1775466247708871359 21568930
1775466247730450604 21579245
1775466247752021275 21570671
1775466247773625353 21604078
1775466247795216857 21591504
1775466247816814509 21597652
1775466247838407588 21593079
1775466247859969314 21561726
1775466247881588540 21619226
1775466247903206989 21618449
1775466247924776475 21569486
1775466247946360516 21584041
1775466247967931390 21570874
1775466247989522320 21590930
1775466248011112917 21590597
1775466248032694291 21581374
1775466248054280425 21586134
1775466248075851521 21571096
1775466248097436396 21584875
1775466248119005011 21568615
1775466248140558033 21553022
1775466248162181556 21623523
1775466248183743337 21561781
1775466248205339397 21596060
1775466248226940975 21601578
1775466248248519146 21578171
1775466248270157113 21637967
1775466248291749895 21592782
1775466248313327917 21578022
1775466248334919144 21591227
1775466248356504592 21585448
1775466248378048225 21543633
1775466248399645248 21597023
1775466248421238678 21593430
1775466248442852089 21613411
1775466248464459297 21607208
1775466248486065468 21606171
1775466248507642694 21577226
1775466248529220680 21577986
1775466248550810202 21589522
1775466248572394336 21584134
1775466248593982784 21588448
1775466248615559177 21576393
1775466248637143755 21584578
1775466248658740889 21597134
1775466248680327967 21587078
1775466248701928027 21600060
1775466248723501993 21573966
1775466248745090664 21588671
1775466248766684705 21594041
1775466248788294006 21609301
1775466248809921417 21627411
1775466248831533847 21612430
1775466248853125259 21591412
1775466248874725467 21600208
1775466248896306193 21580726
1775466248917910345 21604152
1775466248939491164 21580819
1775466248961079483 21588319
1775466248982672431 21592948
1775466249004272102 21599671
1775466249025902754 21630652
1775466249047523647 21620893
1775466249069108873 21585226
1775466249090695303 21586430
1775466249112271381 21576078
1775466249133902700 21631319
1775466249155517649 21614949
1775466249177109356 21591707
1775466249198702212 21592856
1775466249220275660 21573448
1775466249241866423 21590763
1775466249263443038 21576615
1775466249285018801 21575763
1775466249306586157 21567356
1775466249328183439 21597282
1775466249349825850 21642411
1775466249371422336 21596486
1775466249393018988 21596652
1775466249414631196 21612208
1775466249436226829 21595633
1775466249457869500 21642671
1775466249479472282 21602782
1775466249501044619 21572337
1775466249522621012 21576393
1775466249544195516 21574504
1775466249565840909 21645393
1775466249587463524 21622615
1775466249609081880 21618356
1775466249630667865 21585985
1775466249652250795 21582930
1775466249673831206 21580411
1775466249695392395 21561189
1775466249716972677 21580282
1775466249738562533 21589856
1775466249760117888 21555355
1775466249781756152 21638264
1775466249803367248 21611096
1775466249824954382 21587134
1775466249846551793 21597411
1775466249868120649 21568856
1775466249889712393 21591744
1775466249911289156 21576763
1775466249932858642 21569486
1775466249954447646 21589004
1775466249976025798 21578152
1775466249997616320 21590522
1775466250019178083 21561763
1775466250040751068 21572985
1775466250062337924 21586856
1775466250083910983 21573059
1775466250105504116 21593133
1775466250127083120 21579004
1775466250148655809 21572689
1775466250170246239 21590430
1775466250191813427 21567188
1775466250213406376 21592949
1775466250234984083 21577707
1775466250256573179 21589096
1775466250278169757 21596578
1775466250299741113 21571356
1775466250321327135 21586022
1775466250342908065 21580930
1775466250364490143 21582078
1775466250386052202 21562059
1775466250407627076 21574874
1775466250429191765 21564689
1775466250450784250 21592485
1775466250472375457 21591207
1775466250493986850 21611393
1775466250515575632 21588782
1775466250537161598 21585966
1775466250558731435 21569837
1775466250580324513 21593078
1775466250601925388 21600875
1775466250623493187 21567799
1775466250645096080 21602893
1775466250666680640 21584560
1775466250688279625 21598985
1775466250709862499 21582874
1775466250731440280 21577781
1775466250753002266 21561986
1775466250774596769 21594503
1775466250796190755 21593986
1775466250817823185 21632430
1775466250839447781 21624596
1775466250861013174 21565393
1775466250882607252 21594078
1775466250904187663 21580411
1775466250925783833 21596170
1775466250947369689 21585856
1775466250969027230 21657541
1775466250990685086 21657856
1775466251012299127 21614041
1775466251033901538 21602411
1775466251055482616 21581078
1775466251077063509 21580893
1775466251098641642 21578133
1775466251120205608 21563966
1775466251141848668 21643060
1775466251163461838 21613170
1775466251185049361 21587523
1775466251206646753 21597392
1775466251228224498 21577745
1775466251249819649 21595151
1775466251271400190 21580541
1775466251292960675 21560485
1775466251314546456 21585781
1775466251336121071 21574615
1775466251357819224 21698153
1775466251379483321 21664097
1775466251401067676 21584355
1775466251422647291 21579615
1775466251444258998 21611707
1775466251465851280 21592282
1775466251487432413 21581133
1775466251509012991 21580578
1775466251530590235 21577244
1775466251552171053 21580818
1775466251573748335 21577282
1775466251595317283 21568948
1775466251616860064 21542781
1775466251638444086 21584022
1775466251659998312 21554226
1775466251681583093 21584781
1775466251703158041 21574948
1775466251724726600 21568559
1775466251746303363 21576763
1775466251767900608 21597245
1775466251789519482 21618874
1775466251811120948 21601466
1775466251832692730 21571782
1775466251854278882 21586152
1775466251875862867 21583985
1775466251897432555 21569688
1775466251919003577 21571022
1775466251940566025 21562448
1775466251962173788 21607763
1775466251983731940 21558152
1775466252005325092 21593152
1775466252026900725 21575633
1775466252048478506 21577781
1775466252070084195 21605689
1775466252091658791 21574596
1775466252113240276 21581485
1775466252134815132 21574856
1775466252156383709 21568577
1775466252177987046 21603337
1775466252199570753 21583707
1775466252221139201 21568448
1775466252242712742 21573541
1775466252264282245 21569503
1775466252285900675 21618430
1775466252307525382 21624707
1775466252329095849 21570467
1775466252350701112 21605263
1775466252372291560 21590448
1775466252393902008 21610448
1775466252415495326 21593318
1775466252437061811 21566485
1775466252458663259 21601448
1775466252480239929 21576670
1775466252501874248 21634319
1775466252523481215 21606967
1775466252545065477 21584262
1775466252566666944 21601467
1775466252588242577 21575633
1775466252609825618 21583041
1775466252631392269 21566651
1775466252652969291 21577022
1775466252674578017 21608726
1775466252696151391 21573374
1775466252717723968 21572577
1775466252739292842 21568874
1775466252760857827 21564985
1775466252782662721 21804894
1775466252804595838 21933117
1775466252826507270 21911432
1775466252848490424 21983154
1775466252870373652 21883228
1775466252892217250 21843598
1775466252914051755 21834505
1775466252935601962 21550207
1775466252957113225 21511263
1775466252978912859 21799634
1775466253000540271 21627412
1775466253022131626 21591355
1775466253043776871 21645245
1775466253065215114 21438243
1775466253087111045 21895931
1775466253108686586 21575541
1775466253130181144 21494558
1775466253151631258 21450114
1775466253173104149 21472891
1775466253194638115 21533966
1775466253216093840 21455725
1775466253237627232 21533392
1775466253259246310 21619078
1775466253280695331 21449021
1775466253302194908 21499577
1775466253323711373 21516465
1775466253345344118 21632745
1775466253366889103 21544985
1775466253388712348 21823245
1775466253410254296 21541948
1775466253431758132 21503836
1775466253453313172 21555040
1775466253474774694 21461522
1775466253496316493 21541799
1775466253517955904 21639411
1775466253539471555 21515651
1775466253560908521 21436966
1775466253582515524 21607003
1775466253604287010 21771486
1775466253625705050 21418040
1775466253647176756 21471706
1775466253668796463 21619707
1775466253690469616 21673153
1775466253712082841 21613225
1775466253733897421 21814580
1775466253755503720 21606299
1775466253776992520 21488800
1775466253798514523 21522003
1775466253820269953 21755430
1775466253841793808 21523855
1775466253863370774 21576966
1775466253884854277 21483503
1775466253906547189 21692912
1775466253928034914 21487725
1775466253949634361 21599447
1775466253971187531 21553170
1775466253992784072 21596541
1775466254014742245 21958173
1775466254036272970 21530725
1775466254057922862 21649892
1775466254079484514 21561652
1775466254100994683 21510169
1775466254122593668 21598985
1775466254144164282 21570614
1775466254165907546 21743264
1775466254187445716 21538170
1775466254209022941 21577225
1775466254230598556 21575615
1775466254252120633 21522077
1775466254273794007 21673374
1775466254295586660 21792653
1775466254317063144 21476484
1775466254338612295 21549151
1775466254360097409 21485114
1775466254381544282 21446873
1775466254403103840 21559558
1775466254424629436 21525596
1775466254446208532 21579096
1775466254467776442 21567910
1775466254489243371 21466929
1775466254510808467 21565096
1775466254532298228 21489761
1775466254553853491 21555263
1775466254575331123 21477632
1775466254597055609 21724486
1775466254618693261 21637652
1775466254640261801 21568540
1775466254661835508 21573707
1775466254683346955 21511447
1775466254704947162 21600207
1775466254726975909 22028747
1775466254748462190 21486281
1775466254770061082 21598892
1775466254791561752 21500670
1775466254813063625 21501873
1775466254834797166 21733541
1775466254856508281 21711115
1775466254878115303 21607022
1775466254899684307 21569004
1775466254921364255 21679948
1775466254943088296 21724041
1775466254964689226 21600930
1775466254986226858 21537632
1775466255007861899 21635041
1775466255029413643 21551744
1775466255051075054 21661411
1775466255072818429 21743375
1775466255094335154 21516725
1775466255115961528 21626374
1775466255137529660 21568132
1775466255159186368 21656708
1775466255180759371 21573003
1775466255202365615 21606244
1775466255223903766 21538151
1775466255245577289 21673523
1775466255267094458 21517169
1775466255288600109 21505651
1775466255310218723 21618614
1775466255331806227 21587504
1775466255353401989 21595762
1775466255374928418 21526429
1775466255396525180 21596762
1775466255417997701 21472521
1775466255439540315 21542614
1775466255461094930 21554615
1775466255482899379 21804449
1775466255504515697 21616318
1775466255526033348 21517651
1775466255547529665 21496317
1775466255568985186 21455521
1775466255590560245 21575059
1775466255612393268 21833023
1775466255634023865 21630597
1775466255655482904 21459039
1775466255676931110 21448206
1775466255698524261 21593151
1775466255720115357 21591096
1775466255741717268 21601911
1775466255763559458 21842190
1775466255785055127 21495669
1775466255806923170 21868043
1775466255828406172 21483002
1775466255849923897 21517725
1775466255871615253 21691356
1775466255893209312 21594059
1775466255915070521 21861209
1775466255936597375 21526854
1775466255958206823 21609448
1775466255979848697 21641874
1775466256001513127 21664430
1775466256023018444 21505317
1775466256044742782 21724338
1775466256066208673 21465891
1775466256087687805 21479132
1775466256109206641 21518836
1775466256130980923 21774282
1775466256152436203 21455280
1775466256173959169 21522966
1775466256195436171 21477002
1775466256216911952 21475781
1775466256238593992 21682040
1775466256260050921 21456929
1775466256281554775 21503854
1775466256303059592 21504817
1775466256324561984 21502392
1775466256346243173 21681189
1775466256367895232 21652059
1775466256389543624 21648392
1775466256411415685 21872061
1775466256432897984 21482299
1775466256454458820 21560836
1775466256475978601 21519781
1775466256497475233 21496632
1775466256519000698 21525465
1775466256540499108 21498410
1775466256562010370 21511262
1775466256583547058 21536688
1775466256605015561 21468503
1775466256626535026 21519465
1775466256648019825 21484799
1775466256669481346 21461521
1775466256691019293 21537947
1775466256712608074 21588781
1775466256734316985 21708911
1775466256756062027 21745042
1775466256777779494 21717467
1775466256799350960 21571466
1775466256821032260 21681300
1775466256842706541 21674281
1775466256864355508 21648967
1775466256886064049 21708541
1775466256907740627 21676578
1775466256929435464 21694837
1775466256950996522 21561058
1775466256972682952 21686430
1775466256994372530 21689578
1775466257015968663 21596133
1775466257037664315 21695652
1775466257059195577 21531262
1775466257080666061 21470484
1775466257102326601 21660540
1775466257123968975 21642374
1775466257145619423 21650448
1775466257167122981 21503558
1775466257188630335 21507354
1775466257210427655 21797320
1775466257231889898 21462243
1775466257253472790 21582892
1775466257275066552 21593762
1775466257296543091 21476539
1775466257318044760 21501669
1775466257339556300 21511540
1775466257361078617 21522317
1775466257382768158 21689541
1775466257404245049 21476891
1775466257425864256 21619207
1775466257447600705 21736449
1775466257469111356 21510651
1775466257490542487 21431131
1775466257512102620 21560133
1775466257533726345 21623725
1775466257555315700 21589355
1775466257576933037 21617337
1775466257598459928 21526891
1775466257619966227 21506299
1775466257641522063 21555836
1775466257663362605 21840542
1775466257684970830 21608225
1775466257706573556 21602726
1775466257728346542 21772986
1775466257749878507 21531965
1775466257771394195 21515688
1775466257792884290 21490095
1775466257814555368 21671078
1775466257836109963 21554595
1775466257857742781 21632818
1775466257879344636 21601855
1775466257900909232 21564596
1775466257922650329 21741097
1775466257944487463 21837134
1775466257966372394 21884931
1775466257988486308 22113914
1775466258010707353 22221045
1775466258032421542 21714189
1775466258054334751 21913209
1775466258076006421 21671670
1775466258097849407 21842986
1775466258119887469 22038062
1775466258142001809 22114340
1775466258163691961 21690152
1775466258185438669 21746708
1775466258207299081 21860412
1775466258229112437 21813356
1775466258251089165 21976728
1775466258273092023 22002858
1775466258295010473 21918450
1775466258316923126 21912653
1775466258338618315 21695189
1775466258360283263 21664948
1775466258381950229 21666966
1775466258403722900 21772671
1775466258425330422 21607522
1775466258446828054 21497632
1775466258468280093 21452039
1775466258489824466 21544373
1775466258511468729 21644263
1775466258533062972 21594243
1775466258554743939 21680967
1775466258576250423 21506484
1775466258597833518 21583095
1775466258619386984 21553466
1775466258641106488 21719504
1775466258662664009 21557521
1775466258684235253 21571244
1775466258705908201 21672948
1775466258727817817 21909616
1775466258749329542 21511725
1775466258770842433 21512891
1775466258792332232 21489799
1775466258813893494 21561262
1775466258835461126 21567632
1775466258856935054 21473928
1775466258878494224 21559170
1775466258899979467 21485243
1775466258921610266 21630799
1775466258943438734 21828468
1775466258965057848 21619114
1775466258986720648 21662800
1775466259008298170 21577522
1775466259029920969 21622799
1775466259051411193 21490224
1775466259072953455 21542262
1775466259094527458 21574003
1775466259116015294 21487836
1775466259137666741 21651447
1775466259159149447 21482706
1775466259180690228 21540781
1775466259202601233 21911005
1775466259224128161 21526928
1775466259245639719 21511558
1775466259267248129 21608410
1775466259288835651 21587522
1775466259310347357 21511706
1775466259331804729 21457372
1775466259353322417 21517688
1775466259374889197 21566780
1775466259396387070 21497873
1775466259418110092 21723022
1775466259439604039 21493947
1775466259461129523 21525484
1775466259482743952 21614429
1775466259504229843 21485891
1775466259525744382 21514539
1775466259547261200 21516818
1775466259568727813 21466613
1775466259590354186 21626373
1775466259611878226 21524040
1775466259633398950 21520724
1775466259654803489 21404539
1775466259676357121 21553632
1775466259697923087 21565966
1775466259719421293 21498206
1775466259740959462 21538169
1775466259762723837 21764375
1775466259784209617 21485780
1775466259805957454 21747837
1775466259827487419 21529965
1775466259849033737 21546318
1775466259870768093 21734356
1775466259892278910 21510817
1775466259914101174 21822264
1775466259935612306 21511132
1775466259957234624 21622318
1775466259978801071 21566447
1775466260000333295 21532224
1775466260022102170 21768875
1775466260043786970 21684800
1775466260065325694 21538724
1775466260086858382 21532688
1775466260108305902 21447520
1775466260129812201 21506299
1775466260151327129 21514928
1775466260172778112 21450983
1775466260194298096 21519984
1775466260215770061 21471965
1775466260237367564 21597503
1775466260258990826 21623262
1775466260280494310 21503484
1775466260301999960 21505650
1775466260323757576 21757616
1775466260345318541 21560965
1775466260366830117 21511576
1775466260388462750 21632633
1775466260409982604 21519854
1775466260431556366 21573762
1775466260453038017 21481651
1775466260474610149 21572132
1775466260496214763 21604614
1775466260518022823 21808060
1775466260539638326 21615503
1775466260561091198 21452872
1775466260582805276 21714078
1775466260604284667 21479391
1775466260625772743 21488076
1775466260647253764 21481021
1775466260668759544 21505780
1775466260690355028 21595484
1775466260711947716 21592688
1775466260733536904 21589188
1775466260755210796 21673892
1775466260776739780 21528984
1775466260798383968 21644188
1775466260819891934 21507966
1775466260841372825 21480891
1775466260862836271 21463446
1775466260884326051 21489780
1775466260905942350 21616299
1775466260927460315 21517965
1775466260948940577 21480262
1775466260970976194 22035617
1775466260992635549 21659355
1775466261014246200 21610651
1775466261035905666 21659466
1775466261057405428 21499762
1775466261078910504 21505076
1775466261100319931 21409427
1775466261121774637 21454706
1775466261143198379 21423742
1775466261164669288 21470909
1775466261186345995 21676707
1775466261207937424 21591429
1775466261229505760 21568336
1775466261251132744 21626984
1775466261272601857 21469113
1775466261294130545 21528688
1775466261315670510 21539965
1775466261337196716 21526206
1775466261359312501 22115785
1775466261380937207 21624706
1775466261402489691 21552484
1775466261424092305 21602614
1775466261445651141 21558836
1775466261467355144 21704003
1775466261488866999 21511855
1775466261510422094 21555095
1775466261532071689 21649595
1775466261553649803 21578114
1775466261575136990 21487187
1775466261596630807 21493817
1775466261618267458 21636651
1775466261639777183 21509725
1775466261661341204 21564021
1775466261682897818 21556614
1775466261704332097 21434279
1775466261725886136 21554039
1775466261747487750 21601614
1775466261768968752 21481002
1775466261790756349 21787597
1775466261812267925 21511576
1775466261833868632 21600707
1775466261855523339 21654707
1775466261877000026 21476687
1775466261898671714 21671688
1775466261920298532 21626818
1775466261942012832 21714300
1775466261963514723 21501891
1775466261984977892 21463169
1775466262006551746 21573854
1775466262028049452 21497706
1775466262049814808 21765356
1775466262071371680 21556872
1775466262093125851 21754171
1775466262114562130 21436279
1775466262136222893 21660763
1775466262157855007 21632114
1775466262179465435 21610428
1775466262200997660 21532225
1775466262222556625 21558965
1775466262244030035 21473410
1775466262265624797 21594762
1775466262287303985 21679188
1775466262309016359 21712374
1775466262330776733 21760374
1775466262352275550 21498817
1775466262373829163 21553613
1775466262395467166 21638003
1775466262417078984 21611818
1775466262438582838 21503854
1775466262460156303 21573465
1775466262482031790 21875487
1775466262503553940 21522150
1775466262525368833 21814893
1775466262546895391 21526558
1775466262568535079 21639688
1775466262590455510 21920431
1775466262611865197 21409687
1775466262633345198 21480001
1775466262654838812 21493614
1775466262676325313 21486501
1775466262697854649 21529336
1775466262719411226 21556577
1775466262740979691 21568465
1775466262762643250 21663559
1775466262784273567 21630317
1775466262805943515 21669948
1775466262827483666 21540151
1775466262849230003 21746337
1775466262870906043 21676040
1775466262892544120 21638077
1775466262914180623 21636503
1775466262935674255 21493632
1775466262957194905 21520650
1775466262979005724 21810819
1775466263000536782 21531058
1775466263022012876 21476094
1775466263043586731 21573855
1775466263065088529 21501798
1775466263086806421 21717892
1775466263108273275 21466854
1775466263129782758 21509483
1775466263151310742 21527984
1775466263173139320 21828578
1775466263194632767 21493447
1775466263216109176 21476409
1775466263237639363 21530187
1775466263259314163 21674800
1775466263280771349 21457186
1775466263302388593 21617244
1775466263324027244 21638651
1775466263345693766 21666522
1775466263367342158 21648392
1775466263389042994 21700836
1775466263410819498 21776504
1775466263432621817 21802319
1775466263454533877 21912060
1775466263476264177 21730300
1775466263498045144 21780967
1775466263519731092 21685948
1775466263541654319 21923227
1775466263563365748 21711429
1775466263585038140 21672392
1775466263606984386 21946246
1775466263628607259 21622873
1775466263650535227 21927968
1775466263672200471 21665244
1775466263693929123 21728652
1775466263715941536 22012413
1775466263737610372 21668836
1775466263759515136 21904764
1775466263781196751 21681615
1775466263803238812 22042061
1775466263825077112 21838300
1775466263846760764 21683652
1775466263868487249 21726485
1775466263890430143 21942894
1775466263912202387 21772244
1775466263934024910 21822523
1775466263955749766 21724856
1775466263977481343 21731577
1775466263999111494 21630151
1775466264020568200 21456706
1775466264042037257 21469057
1775466264063545351 21508094
1775466264085185854 21640503
1775466264106810598 21624744
1775466264128325451 21514853
1775466264149841602 21516151
1775466264171373030 21531428
1775466264193024903 21651873
1775466264214733388 21708485
1775466264236253371 21519983
1775466264257857874 21604503
1775466264279358376 21500502
1775466264300843989 21485613
1775466264322496269 21652280
1775466264344009123 21512854
1775466264365535255 21526132
1775466264387084590 21549335
1775466264408574352 21489762
1775466264430054705 21480353
1775466264451524725 21470020
1775466264472986745 21462020
1775466264494680026 21693281
1775466264516125417 21445391
1775466264537708234 21582817
1775466264559249070 21540836
1775466264580675497 21426427
1775466264602205203 21529706
1775466264623691223 21486020
1775466264645177521 21486298
1775466264666703505 21525984
1775466264688199358 21495853
1775466264709708527 21509169
1775466264731216325 21507798
1775466264752678549 21462224
1775466264774188218 21509669
1775466264795706127 21517909
1775466264817429260 21723133
1775466264838891391 21462131
1775466264860401393 21510002
1775466264882038563 21637170
1775466264903654362 21615799
1775466264925234716 21580354
1775466264946841163 21606447
1775466264968363980 21522817
1775466264989885908 21521928
1775466265011411243 21525335
1775466265032931616 21520373
1775466265054679304 21747688
1775466265076213955 21534651
1775466265097861680 21647725
1775466265119338867 21477187
1775466265140796961 21458094
1775466265162332222 21535261
1775466265183810335 21478113
1775466265205321337 21511002
1775466265226825876 21504539
1775466265248274173 21448297
1775466265269811916 21537743
1775466265291338788 21526872
1775466265312826642 21487854
1775466265334369903 21543261
1775466265355864146 21494243
1775466265377416963 21552817
1775466265399099540 21682577
1775466265420587227 21487687
1775466265442155026 21567799
1775466265463758732 21603706
1775466265485354494 21595762
1775466265506928274 21573780
1775466265528394183 21465909
1775466265549973907 21579724
1775466265571495557 21521650
1775466265593093078 21597521
1775466265614758878 21665800
1775466265636317546 21558668
1775466265657800548 21483002
1775466265679352754 21552206
1775466265700960368 21607614
1775466265722557778 21597410
1775466265744158780 21601002
1775466265765729894 21571114
1775466265787278229 21548335
1775466265808814472 21536243
1775466265830373770 21559298
1775466265851855328 21481558
1775466265873375459 21520131
1775466265894853813 21478354
1775466265916528871 21675058
1775466265938204560 21675689
1775466265959847581 21643021
1775466265981505547 21657966
1775466266003177346 21671799
1775466266024691089 21513743
1775466266046363166 21672077
1775466266067864075 21500909
1775466266089494874 21630799
1775466266111184432 21689558
1775466266132723583 21539151
1775466266154247177 21523594
1775466266175829902 21582725
1775466266197510497 21680595
1775466266219053036 21542539
1775466266240713687 21660651
1775466266262429302 21715615
1775466266283950248 21520946
1775466266305442694 21492446
1775466266326966844 21524150
1775466266348524772 21557928
1775466266370454907 21930135
1775466266392065724 21610817
1775466266413672134 21606410
1775466266435245118 21572984
1775466266456805009 21559891
1775466266478421067 21616058
1775466266500007032 21585965
1775466266521468663 21461631
1775466266543041758 21573095
1775466266564643297 21601539
1775466266586180503 21537206
1775466266607636819 21456316
1775466266629207322 21570503
1775466266650930881 21723559
1775466266672488475 21557594
1775466266694109848 21621373
1775466266715766240 21656392
1775466266737819486 22053246
1775466266759475230 21655744
1775466266781133585 21658355
1775466266802739291 21605706
1775466266824461313 21722022
1775466266846135038 21673725
1775466266867646632 21511594
1775466266889170486 21523854
1775466266910724118 21553632
1775466266932263323 21539205
1775466266953831900 21568577
1775466266975336087 21504187
1775466266996877663 21541576
1775466267018434276 21556613
1775466267039994500 21560224
1775466267061688522 21694022
1775466267083342469 21653947
1775466267104793915 21451446
1775466267126443899 21649984
1775466267147954327 21510428
1775466267169564940 21610613
1775466267191308573 21743633
1775466267212894909 21586336
1775466267234615727 21720818
1775466267256267544 21651817
1775466267277941232 21673688
1775466267299580994 21639762
1775466267321032811 21451817
1775466267342715925 21683114
1775466267364339520 21623595
1775466267386067764 21728244
1775466267407526061 21458297
1775466267429192953 21666892
1775466267450898049 21705096
1775466267472534811 21636762
1775466267494214073 21679262
1775466267515887817 21673744
1775466267537599246 21711429
1775466267559177989 21578743
1775466267580782658 21604669
1775466267602342419 21559761
1775466267623908792 21566373
1775466267645399589 21490797
1775466267666989907 21590318
1775466267688504871 21514964
1775466267710052614 21547743
1775466267731671376 21618762
1775466267753240989 21569613
1775466267775799868 22558879
1775466267797308241 21508373
1775466267818639297 21331056
1775466267839814370 21175073
1775466267860984592 21170222
1775466267882166962 21182370
1775466267903325850 21158888
1775466267924479275 21153425
1775466267945689682 21210407
1775466267966856737 21167055
1775466267987991292 21134555
1775466268009199384 21208092
1775466268030338438 21139054
1775466268051503234 21164796
1775466268072641363 21138129
1775466268093781788 21140425
1775466268114928731 21146943
1775466268136083712 21154981
1775466268157239378 21155666
1775466268178400285 21160907
1775466268199533876 21133591
1775466268220675764 21141888
1775466268241824226 21148462
1775466268262954985 21130759
1775466268284130058 21175073
1775466268305277761 21147703
1775466268326400927 21123166
1775466268347539629 21138702
1775466268368683573 21143944
1775466268389815831 21132258
1775466268410964090 21148259
1775466268432116385 21152295
1775466268453241884 21125499
1775466268474386606 21144722
1775466268495524290 21137684
1775466268516666345 21142055
1775466268537814973 21148628
1775466268558962158 21147185
1775466268580098694 21136536
1775466268601228600 21129906
1775466268622359340 21130740
1775466268643489691 21130351
1775466268664610375 21120684
1775466268685763800 21153425
1775466268706893781 21129981
1775466268728042372 21148591
1775466268749244594 21202222
1775466268770452409 21207815
1775466268791666260 21213851
1775466268812874463 21208203
1775466268834052537 21178074
1775466268855188091 21135554
1775466268876308220 21120129
1775466268897458164 21149944
1775466268918632144 21173980
1775466268939791810 21159666
1775466268960998403 21206593
1775466268982214198 21215795
1775466269003534310 21320112
1775466269024971941 21437631
1775466269046435016 21463075
1775466269067894425 21459409
1775466269089377797 21483372
1775466269110848020 21470223
1775466269132289169 21441149
1775466269153784319 21495150
1775466269175232839 21448520
1775466269196690525 21457686
1775466269218228490 21537965
1775466269239824214 21595724
1775466269261427476 21603262
1775466269283029275 21601799
1775466269304617036 21587761
1775466269326232020 21614984
1775466269347820781 21588761
1775466269369433691 21612910
1775466269391032064 21598373
1775466269412610510 21578446
1775466269434210938 21600428
1775466269455801274 21590336
1775466269477397683 21596409
1775466269498972926 21575243
1775466269520564965 21592039
1775466269542171616 21606651
1775466269563736525 21564909
1775466269585364065 21627540
1775466269606974456 21610391
1775466269628556884 21582428
1775466269650159849 21602965
1775466269671721333 21561484
1775466269693305557 21584224
1775466269714899911 21594354
1775466269736489506 21589595
1775466269758063286 21573780
1775466269779700418 21637132
1775466269801359550 21659132
1775466269822958756 21599206
1775466269844567036 21608280
1775466269866206465 21639429
1775466269887786337 21579872
1775466269909412006 21625669
1775466269931062342 21650336
1775466269952677215 21614873
1775466269974312032 21634817
1775466269995889756 21577724
1775466270017496036 21606280
1775466270039093983 21597947
1775466270060787801 21693818
1775466270082452840 21665039
1775466270104053676 21600836
1775466270125691382 21637706
1775466270147324514 21633132
1775466270168917498 21592984
1775466270190497074 21579576
1775466270212072631 21575557
1775466270233654226 21581595
1775466270255224135 21569909
1775466270276811489 21587354
1775466270298397769 21586280
1775466270319962530 21564761
1775466270341569329 21606799
1775466270363153887 21584558
1775466270384737981 21584094
1775466270406336391 21598410
1775466270427907745 21571354
1775466270449492876 21585131
1775466270471073953 21581077
1775466270492662640 21588687
1775466270514267309 21604669
1775466270535846329 21579020
1775466270557431461 21585132
1775466270579013908 21582447
1775466270600590261 21576353
1775466270622169115 21578854
1775466270643742858 21573743
1775466270665324360 21581502
1775466270686916047 21591687
1775466270708498586 21582539
1775466270730026607 21528021
1775466270751608572 21581965
1775466270773236185 21627613
1775466270794880003 21643818
1775466270816489838 21609835
1775466270838118322 21628484
1775466270859700583 21582261
1775466270881261530 21560947
1775466270902845587 21584057
1775466270924459923 21614336
1775466270946058499 21598576
1775466270967640797 21582298
1775466270989235096 21594299
1775466271010851524 21616428
1775466271032421396 21569872
1775466271053990528 21569132
1775466271075578512 21587984
1775466271097176106 21597594
1775466271118775071 21598965
1775466271140355351 21580280
1775466271161954612 21599261
1775466271183542670 21588058
1775466271205131265 21588595
1775466271226723822 21592557
1775466271248292695 21568873
1775466271269868159 21575464
1775466271291456625 21588466
1775466271313029275 21572650
1775466271334613536 21584261
1775466271356218205 21604669
1775466271377852614 21634409
1775466271399474950 21622336
1775466271421069323 21594373
1775466271442640843 21571520
1775466271464234752 21593909
1775466271485834736 21599984
1775466271507467720 21632984
1775466271529059907 21592187
1775466271550651335 21591428
1775466271572246059 21594724
1775466271593823154 21577095
1775466271615392619 21569465
1775466271636952010 21559391
1775466271658608623 21656613
1775466271680204607 21595984
1775466271701817424 21612817
1775466271723429815 21612391
1775466271745013354 21583539
1775466271766622912 21609558
1775466271788255044 21632132
1775466271809911268 21656224
1775466271831550863 21639595
1775466271853152995 21602132
1775466271874766868 21613873
1775466271896361277 21594409
1775466271917961724 21600447
1775466271939555633 21593909
1775466271961147710 21592077
1775466271982759064 21611354
1775466272004354029 21594965
1775466272025956364 21602335
1775466272047541588 21585224
1775466272069131683 21590095
1775466272090736592 21604909
1775466272112309076 21572484
1775466272133891596 21582520
1775466272155457005 21565409
1775466272177039915 21582910
1775466272198625158 21585243
1775466272220202882 21577724
1775466272241803736 21600854
1775466272263397238 21593502
1775466272284977647 21580409
1775466272306565816 21588169
1775466272328124669 21558853
1775466272349730727 21606058
1775466272371331081 21600354
1775466272392915675 21584594
1775466272414521159 21605484
1775466272436089531 21568372
1775466272457733978 21644447
1775466272479349128 21615150
1775466272500926778 21577650
1775466272522532095 21605317
1775466272544116449 21584354
1775466272565716766 21600317
1775466272587294916 21578150
1775466272608878085 21583169
1775466272630466568 21588483
1775466272652029033 21562465
1775466272673625387 21596354
1775466272695220500 21595113
1775466272716796280 21575780
1775466272738406782 21610502
1775466272760002413 21595631
1775466272781629860 21627447
1775466272803347900 21718040
1775466272824978069 21630169
1775466272846571441 21593372
1775466272868157610 21586169
1775466272889770334 21612724
1775466272911378411 21608077
1775466272932970839 21592428
1775466272954576618 21605779
1775466272976156731 21580113
1775466272997795734 21639003
1775466273019424551 21628817
1775466273041136461 21711910
1775466273062763519 21627058
1775466273084344187 21580668
1775466273105926541 21582354
1775466273127517636 21591095
1775466273149091434 21573798
1775466273170678991 21587557
1775466273192253364 21574373
1775466273213866329 21612965
1775466273235450127 21583798
1775466273257047092 21596965
1775466273278636501 21589409
1775466273300217355 21580854
1775466273321799412 21582057
1775466273343372562 21573150
1775466273364944490 21571928
1775466273386583363 21638873
1775466273408166753 21583390
1775466273429791904 21625151
1775466273451403554 21611650
1775466273472996037 21592483
1775466273494602669 21606632
1775466273516189171 21586502
1775466273537801636 21612465
1775466273559412490 21610854
1775466273581013955 21601465
1775466273602636624 21622669
1775466273624211329 21574705
1775466273645813850 21602521
1775466273667385667 21571817
1775466273688970668 21585001
1775466273710599430 21628762
1775466273732190747 21591317
1775466273753794119 21603372
1775466273775454566 21660447
1775466273797041235 21586669
1775466273818625274 21584039
1775466273840213424 21588150
1775466273861853704 21640280
1775466273883486132 21632428
1775466273905073430 21587298
1775466273926692599 21619169
1775466273948266027 21573428
1775466273969864566 21598539
1775466273991431049 21566483
1775466274013028681 21597632
1775466274034606516 21577835
1775466274056199055 21592539
1775466274077838612 21639557
1775466274099471337 21632725
1775466274121035487 21564150
1775466274142635470 21599983
1775466274164212990 21577520
1775466274185805455 21592465
1775466274207372513 21567058
1775466274228941570 21569057
1775466274250576535 21634965
1775466274272171222 21594687
1775466274293765002 21593780
1775466274315334355 21569353
1775466274336912691 21578336
1775466274358542656 21629965
1775466274380134195 21591539
1775466274401726030 21591835
1775466274423310698 21584668
1775466274444880700 21570002
1775466274466470128 21589428
1775466274488030907 21560779
1775466274509605465 21574558
1775466274531187004 21581539
1775466274552752320 21565316
1775466274574386952 21634632
1775466274595986510 21599558
1775466274617572845 21586335
1775466274639160884 21588039
1775466274660725737 21564853
1775466274682340665 21614928
1775466274703917389 21576724
1775466274725506002 21588613
1775466274747086782 21580780
1775466274768720488 21633706
1775466274790351027 21630539
1775466274811946010 21594983
1775466274833520179 21574169
1775466274855093866 21573687
1775466274876673775 21579909
1775466274898266944 21593169
1775466274919837556 21570612
1775466274941434892 21597336
1775466274963034505 21599613
1775466274984747045 21712540
1775466275006402399 21655354
1775466275028020938 21618539
1775466275049675255 21654317
1775466275071278831 21603576
1775466275092869592 21590761
1775466275114485335 21615743
1775466275136059892 21574557
1775466275157671135 21611243
1775466275179261970 21590835
1775466275200847435 21585465
1775466275222441918 21594483
1775466275244010383 21568465
1775466275265645255 21634872
1775466275287229813 21584558
1775466275308804240 21574427
1775466275330392501 21588261
1775466275351958596 21566095
1775466275373534227 21575631
1775466275395117247 21583020
1775466275416696490 21579243
1775466275438305418 21608928
1775466275459884438 21579020
1775466275481461847 21577409
1775466275503046219 21584372
1775466275524616554 21570335
1775466275546199038 21582484
1775466275567763724 21564686
1775466275589378226 21614502
1775466275610970488 21592262
1775466275632556675 21586187
1775466275654157084 21600409
1775466275675734789 21577705
1775466275697334514 21599725
1775466275718914775 21580261
1775466275740486850 21572075
1775466275762098575 21611725
1775466275783724484 21625909
1775466275805352208 21627724
1775466275826951099 21598891
1775466275848562583 21611484
1775466275870174807 21612224
1775466275891759216 21584409
1775466275913378514 21619298
1775466275934977868 21599354
1775466275956550907 21573039
1775466275978142224 21591317
1775466275999716707 21574483
1775466276021321116 21604409
1775466276042888470 21567354
1775466276064469527 21581057
1775466276086043769 21574242
1775466276107636604 21592835
1775466276129234958 21598354
1775466276150827293 21592335
1775466276172410369 21583076
1775466276193973482 21563113
1775466276215551317 21577835
1775466276237120393 21569076
1775466276258731969 21611576
1775466276280299007 21567038
1775466276301895935 21596928
1775466276323466400 21570465
1775466276345053012 21586612
1775466276366636199 21583187
1775466276388198016 21561817
1775466276409771462 21573446
1775466276431346797 21575335
1775466276452925539 21578742
1775466276474532560 21607021
1775466276496131913 21599353
1775466276517723156 21591243
1775466276539329751 21606595
1775466276560910400 21580649
1775466276582502865 21592465
1775466276604081200 21578335
1775466276625677961 21596761
1775466276647241222 21563261
1775466276668807002 21565780
1775466276690392411 21585409
1775466276711953338 21560927
1775466276733552340 21599002
1775466276755149694 21597354
1775466276776733936 21584242
1775466276798371512 21637576
1775466276819959292 21587780
1775466276841561553 21602261
1775466276863177166 21615613
1775466276884747797 21570631
1775466276906337744 21589947
1775466276927948190 21610446
1775466276949544377 21596187
1775466276971130564 21586187
1775466276992683454 21552890
1775466277014265586 21582132
1775466277035849088 21583502
1775466277057434330 21585242
1775466277079026887 21592557
1775466277100614519 21587632
1775466277122233039 21618520
1775466277143813967 21580928
1775466277165398431 21584464
1775466277186964970 21566539
1775466277208547490 21582520
1775466277230140677 21593187
1775466277251726457 21585780
1775466277273340273 21613816
1775466277294908442 21568169
1775466277316471591 21563149
1775466277338023241 21551650
1775466277359595909 21572668
1775466277381168689 21572780
1775466277402752264 21583575
1775466277424326655 21574391
1775466277445893156 21566501
1775466277467455528 21562372
1775466277489029123 21573595
1775466277510586198 21557075
1775466277532143052 21556854
1775466277553748776 21605724
1775466277575366352 21617576
1775466277596939761 21573409
1775466277618519225 21579464
1775466277640084727 21565502
1775466277661702803 21618076
1775466277683318508 21615705
1775466277704908158 21589650
1775466277726504956 21596798
1775466277748089532 21584576
1775466277769719682 21630150
1775466277791497889 21778207
