1771966513390348841 R2_IDLE_A seconds=60 actions=B
1771966573392323450 SKIP_PROBE_A seconds=60
1771966633394170229 R2_IDLE_B seconds=30 actions=B
1771966663398043610 PROBE_B_START program=low
1771966663423814433 PROBE_B_END program=low
1771966663626553391 PROBE_B_START program=low
1771966663652283547 PROBE_B_END program=low
1771966663855124412 PROBE_B_START program=low
1771966663881049309 PROBE_B_END program=low
1771966664084209285 PROBE_B_START program=low
1771966664111187534 PROBE_B_END program=low
1771966664313964769 PROBE_B_START program=low
1771966664339645370 PROBE_B_END program=low
1771966664542400199 PROBE_B_START program=low
1771966664567496652 PROBE_B_END program=low
1771966664770257147 PROBE_B_START program=low
1771966664795657563 PROBE_B_END program=low
1771966664998451076 PROBE_B_START program=low
1771966665023788585 PROBE_B_END program=low
1771966665226416266 PROBE_B_START program=low
1771966665250051535 PROBE_B_END program=low
1771966665452782568 PROBE_B_START program=low
1771966665478188187 PROBE_B_END program=low
1771966665680957035 PROBE_B_START program=low
1771966665705656544 PROBE_B_END program=low
1771966665908457706 PROBE_B_START program=low
1771966665933375178 PROBE_B_END program=low
1771966666136147008 PROBE_B_START program=low
1771966666165891329 PROBE_B_END program=low
1771966666368517215 PROBE_B_START program=low
1771966666392582298 PROBE_B_END program=low
1771966666595315498 PROBE_B_START program=low
1771966666619912248 PROBE_B_END program=low
1771966666822552689 PROBE_B_START program=low
1771966666846783402 PROBE_B_END program=low
1771966667049494769 PROBE_B_START program=low
1771966667074124037 PROBE_B_END program=low
1771966667277090405 PROBE_B_START program=low
1771966667347023101 PROBE_B_END program=low
1771966667549766505 PROBE_B_START program=low
1771966667641103822 PROBE_B_END program=low
1771966667843902208 PROBE_B_START program=low
1771966667933898044 PROBE_B_END program=low
1771966668136647412 PROBE_B_START program=low
1771966668225963953 PROBE_B_END program=low
1771966668428814358 PROBE_B_START program=low
1771966668507925069 PROBE_B_END program=low
1771966668710659215 PROBE_B_START program=low
1771966668735858557 PROBE_B_END program=low
1771966668938710296 PROBE_B_START program=low
1771966668963857935 PROBE_B_END program=low
1771966669166640711 PROBE_B_START program=low
1771966669191394905 PROBE_B_END program=low
1771966669394127478 PROBE_B_START program=low
1771966669418455895 PROBE_B_END program=low
1771966669621204949 PROBE_B_START program=low
1771966669645857792 PROBE_B_END program=low
1771966669848713401 PROBE_B_START program=low
1771966669873576781 PROBE_B_END program=low
1771966670076414502 PROBE_B_START program=low
1771966670101123048 PROBE_B_END program=low
1771966670304228862 PROBE_B_START program=low
1771966670329056816 PROBE_B_END program=low
1771966670531869500 PROBE_B_START program=low
1771966670603463196 PROBE_B_END program=low
1771966670806357103 PROBE_B_START program=low
1771966670896586643 PROBE_B_END program=low
1771966671099379828 PROBE_B_START program=low
1771966671188496666 PROBE_B_END program=low
1771966671391242647 PROBE_B_START program=low
1771966671485026446 PROBE_B_END program=low
1771966671687771428 PROBE_B_START program=low
1771966671776682080 PROBE_B_END program=low
1771966671979475265 PROBE_B_START program=low
1771966672004508108 PROBE_B_END program=low
1771966672207315220 PROBE_B_START program=low
1771966672232083396 PROBE_B_END program=low
1771966672434791674 PROBE_B_START program=low
1771966672458557796 PROBE_B_END program=low
1771966672661289315 PROBE_B_START program=low
1771966672685467269 PROBE_B_END program=low
1771966672888251232 PROBE_B_START program=low
1771966672913366390 PROBE_B_END program=low
1771966673116158150 PROBE_B_START program=low
1771966673140743660 PROBE_B_END program=low
1771966673343649402 PROBE_B_START program=low
1771966673369184967 PROBE_B_END program=low
1771966673572010190 PROBE_B_START program=low
1771966673596158997 PROBE_B_END program=low
1771966673798942442 PROBE_B_START program=low
1771966673869030621 PROBE_B_END program=low
1771966674071940437 PROBE_B_START program=low
1771966674339636879 PROBE_B_END program=low
1771966674542371863 PROBE_B_START program=low
1771966674646210381 PROBE_B_END program=low
1771966674848979865 PROBE_B_START program=low
1771966674940406166 PROBE_B_END program=low
1771966675143162964 PROBE_B_START program=low
1771966675229995526 PROBE_B_END program=low
1771966675433400029 PROBE_B_START program=low
1771966675459360297 PROBE_B_END program=low
1771966675662003467 PROBE_B_START program=low
1771966675685988014 PROBE_B_END program=low
1771966675888750146 PROBE_B_START program=low
1771966675913409267 PROBE_B_END program=low
1771966676116198418 PROBE_B_START program=low
1771966676140932002 PROBE_B_END program=low
1771966676343838950 PROBE_B_START program=low
1771966676368581497 PROBE_B_END program=low
1771966676571410723 PROBE_B_START program=low
1771966676595640270 PROBE_B_END program=low
1771966676798432884 PROBE_B_START program=low
1771966676823246857 PROBE_B_END program=low
1771966677025977583 PROBE_B_START program=low
1771966677049966574 PROBE_B_END program=low
1771966677252762671 PROBE_B_START program=low
1771966677324157702 PROBE_B_END program=low
1771966677527034891 PROBE_B_START program=low
1771966677619921230 PROBE_B_END program=low
1771966677822653363 PROBE_B_START program=low
1771966677912238592 PROBE_B_END program=low
1771966678114934892 PROBE_B_START program=low
1771966678208163157 PROBE_B_END program=low
1771966678410885310 PROBE_B_START program=low
1771966678494326763 PROBE_B_END program=low
1771966678697107453 PROBE_B_START program=low
1771966678722419314 PROBE_B_END program=low
1771966678925307337 PROBE_B_START program=low
1771966678950356810 PROBE_B_END program=low
1771966679153135631 PROBE_B_START program=low
1771966679177955937 PROBE_B_END program=low
1771966679380809868 PROBE_B_START program=low
1771966679405559175 PROBE_B_END program=low
1771966679608274699 PROBE_B_START program=low
1771966679632029450 PROBE_B_END program=low
1771966679834767548 PROBE_B_START program=low
1771966679859513743 PROBE_B_END program=low
1771966680062312416 PROBE_B_START program=low
1771966680086871222 PROBE_B_END program=low
1771966680289629876 PROBE_B_START program=low
1771966680314561850 PROBE_B_END program=low
1771966680517358300 PROBE_B_START program=low
1771966680587972295 PROBE_B_END program=low
1771966680790893783 PROBE_B_START program=low
1771966680879301734 PROBE_B_END program=low
1771966681081960074 PROBE_B_START program=low
1771966681170256119 PROBE_B_END program=low
1771966681372955941 PROBE_B_START program=low
1771966681462154855 PROBE_B_END program=low
1771966681664921010 PROBE_B_START program=low
1771966681749492686 PROBE_B_END program=low
1771966681952166952 PROBE_B_START program=low
1771966681977155722 PROBE_B_END program=low
1771966682179909396 PROBE_B_START program=low
1771966682204838999 PROBE_B_END program=low
1771966682407585414 PROBE_B_START program=low
1771966682432176257 PROBE_B_END program=low
1771966682634946469 PROBE_B_START program=low
1771966682660142664 PROBE_B_END program=low
1771966682863337616 PROBE_B_START program=low
1771966682887932700 PROBE_B_END program=low
1771966683090697134 PROBE_B_START program=low
1771966683115407533 PROBE_B_END program=low
1771966683318187745 PROBE_B_START program=low
1771966683342877034 PROBE_B_END program=low
1771966683545640968 PROBE_B_START program=low
1771966683570091774 PROBE_B_END program=low
1771966683772616005 PROBE_B_START program=low
1771966683841451557 PROBE_B_END program=low
1771966684044160528 PROBE_B_START program=low
1771966684143357348 PROBE_B_END program=low
1771966684346029486 PROBE_B_START program=low
1771966684602668663 PROBE_B_END program=low
1771966684805360635 PROBE_B_START program=low
1771966684992086630 PROBE_B_END program=low
1771966685194849862 PROBE_B_START program=low
1771966685276702151 PROBE_B_END program=low
1771966685479348957 PROBE_B_START program=low
1771966685504043801 PROBE_B_END program=low
1771966685706750662 PROBE_B_START program=low
1771966685731697988 PROBE_B_END program=low
1771966685934528553 PROBE_B_START program=low
1771966685959319248 PROBE_B_END program=low
1771966686162104332 PROBE_B_START program=low
1771966686186264955 PROBE_B_END program=low
1771966686389018465 PROBE_B_START program=low
1771966686413785901 PROBE_B_END program=low
1771966686616627986 PROBE_B_START program=low
1771966686641240496 PROBE_B_END program=low
1771966686843907192 PROBE_B_START program=low
1771966686867614610 PROBE_B_END program=low
1771966687070436028 PROBE_B_START program=low
1771966687095358131 PROBE_B_END program=low
1771966687298190846 PROBE_B_START program=low
1771966687369755027 PROBE_B_END program=low
1771966687572603649 PROBE_B_START program=low
1771966687666135009 PROBE_B_END program=low
1771966687868943316 PROBE_B_START program=low
1771966687961769769 PROBE_B_END program=low
1771966688164514910 PROBE_B_START program=low
1771966688253734271 PROBE_B_END program=low
1771966688456489320 PROBE_B_START program=low
1771966688538674406 PROBE_B_END program=low
1771966688741453380 PROBE_B_START program=low
1771966688766634817 PROBE_B_END program=low
1771966688969382532 PROBE_B_START program=low
1771966688993230099 PROBE_B_END program=low
1771966689196008629 PROBE_B_START program=low
1771966689220870400 PROBE_B_END program=low
1771966689423770671 PROBE_B_START program=low
1771966689448340071 PROBE_B_END program=low
1771966689651091157 PROBE_B_START program=low
1771966689675685298 PROBE_B_END program=low
1771966689879089162 PROBE_B_START program=low
1771966689909614097 PROBE_B_END program=low
1771966690112395295 PROBE_B_START program=low
1771966690137133435 PROBE_B_END program=low
1771966690340002726 PROBE_B_START program=low
1771966690364652700 PROBE_B_END program=low
1771966690567378935 PROBE_B_START program=low
1771966690641140395 PROBE_B_END program=low
1771966690843975111 PROBE_B_START program=low
1771966690935582621 PROBE_B_END program=low
1771966691138393838 PROBE_B_START program=low
1771966691225922311 PROBE_B_END program=low
1771966691428680418 PROBE_B_START program=low
1771966691517411965 PROBE_B_END program=low
1771966691720212701 PROBE_B_START program=low
1771966691800665195 PROBE_B_END program=low
1771966692003412116 PROBE_B_START program=low
1771966692028047146 PROBE_B_END program=low
1771966692230817605 PROBE_B_START program=low
1771966692255834172 PROBE_B_END program=low
1771966692458641815 PROBE_B_START program=low
1771966692483367901 PROBE_B_END program=low
1771966692686170008 PROBE_B_START program=low
1771966692710632297 PROBE_B_END program=low
1771966692913355385 PROBE_B_START program=low
1771966692938050970 PROBE_B_END program=low
1771966693141009781 PROBE_B_START program=low
1771966693165834292 PROBE_B_END program=low
1771966693368718381 PROBE_B_START program=low
1771966693393524282 PROBE_B_END program=low
1771966693596401908 PROBE_B_START program=low
1771966693620871752 PROBE_B_END program=low
1771966693823662767 PROBE_B_START program=low
1771966693894721672 PROBE_B_END program=low
1771966694097602095 PROBE_B_START program=low
1771966694192863956 PROBE_B_END program=low
1771966694395554583 PROBE_B_START program=low
1771966694493987425 PROBE_B_END program=low
1771966694696676496 PROBE_B_START program=low
1771966694960684624 PROBE_B_END program=low
1771966695163426510 PROBE_B_START program=low
1771966695416594031 PROBE_B_END program=low
1771966695619373362 PROBE_B_START program=low
1771966695644750058 PROBE_B_END program=low
1771966695847553037 PROBE_B_START program=low
1771966695872412715 PROBE_B_END program=low
1771966696076033102 PROBE_B_START program=low
1771966696102165595 PROBE_B_END program=low
1771966696305172408 PROBE_B_START program=low
1771966696329927678 PROBE_B_END program=low
1771966696532811566 PROBE_B_START program=low
1771966696557391022 PROBE_B_END program=low
1771966696760213724 PROBE_B_START program=low
1771966696784987921 PROBE_B_END program=low
1771966696987794345 PROBE_B_START program=low
1771966697012485153 PROBE_B_END program=low
1771966697215293337 PROBE_B_START program=low
1771966697239499719 PROBE_B_END program=low
1771966697442240663 PROBE_B_START program=low
1771966697514098254 PROBE_B_END program=low
1771966697716847012 PROBE_B_START program=low
1771966697809180375 PROBE_B_END program=low
1771966698011992726 PROBE_B_START program=low
1771966698103554571 PROBE_B_END program=low
1771966698306359626 PROBE_B_START program=low
1771966698398992953 PROBE_B_END program=low
1771966698601786915 PROBE_B_START program=low
1771966698682162708 PROBE_B_END program=low
1771966698885000930 PROBE_B_START program=low
1771966698910175071 PROBE_B_END program=low
1771966699112883627 PROBE_B_START program=low
1771966699137790546 PROBE_B_END program=low
1771966699340674491 PROBE_B_START program=low
1771966699365424317 PROBE_B_END program=low
1771966699568319040 PROBE_B_START program=low
1771966699592957348 PROBE_B_END program=low
1771966699795779293 PROBE_B_START program=low
1771966699820331082 PROBE_B_END program=low
1771966700023139842 PROBE_B_START program=low
1771966700047917984 PROBE_B_END program=low
1771966700250790448 PROBE_B_START program=low
1771966700275467774 PROBE_B_END program=low
1771966700478244331 PROBE_B_START program=low
1771966700502977195 PROBE_B_END program=low
1771966700705826455 PROBE_B_START program=low
1771966700776518806 PROBE_B_END program=low
1771966700979289881 PROBE_B_START program=low
1771966701081238595 PROBE_B_END program=low
1771966701284144152 PROBE_B_START program=low
1771966701419246301 PROBE_B_END program=low
1771966701622018785 PROBE_B_START program=low
1771966701711822038 PROBE_B_END program=low
1771966701914600281 PROBE_B_START program=low
1771966701992609316 PROBE_B_END program=low
1771966702195364188 PROBE_B_START program=low
1771966702284961202 PROBE_B_END program=low
1771966702487824760 PROBE_B_START program=low
1771966702582975994 PROBE_B_END program=low
1771966702785783663 PROBE_B_START program=low
1771966702881569230 PROBE_B_END program=low
1771966703084404363 PROBE_B_START program=low
1771966703327806429 PROBE_B_END program=low
1771966703530574136 PROBE_B_START program=low
1771966703680765449 PROBE_B_END program=low
1771966703883562452 PROBE_B_START program=low
1771966703908557242 PROBE_B_END program=low
1771966704111404782 PROBE_B_START program=low
1771966704136006331 PROBE_B_END program=low
1771966704339148687 PROBE_B_START program=low
1771966704368320105 PROBE_B_END program=low
1771966704571132146 PROBE_B_START program=low
1771966704595815732 PROBE_B_END program=low
1771966704798644087 PROBE_B_START program=low
1771966704823337822 PROBE_B_END program=low
1771966705026092011 PROBE_B_START program=low
1771966705050677893 PROBE_B_END program=low
1771966705253423787 PROBE_B_START program=low
1771966705324376435 PROBE_B_END program=low
1771966705527090088 PROBE_B_START program=low
1771966705615254066 PROBE_B_END program=low
1771966705818024607 PROBE_B_START program=low
1771966705906462418 PROBE_B_END program=low
1771966706109225867 PROBE_B_START program=low
1771966706198574382 PROBE_B_END program=low
1771966706401631257 PROBE_B_START program=low
1771966706490646105 PROBE_B_END program=low
1771966706693286851 PROBE_B_START program=low
1771966706718310641 PROBE_B_END program=low
1771966706921105461 PROBE_B_START program=low
1771966706945807565 PROBE_B_END program=low
1771966707148495312 PROBE_B_START program=low
1771966707173000769 PROBE_B_END program=low
1771966707375782682 PROBE_B_START program=low
1771966707400270305 PROBE_B_END program=low
1771966707603076718 PROBE_B_START program=low
1771966707627658731 PROBE_B_END program=low
1771966707830413273 PROBE_B_START program=low
1771966707854995749 PROBE_B_END program=low
1771966708057727551 PROBE_B_START program=low
1771966708082484934 PROBE_B_END program=low
1771966708285241273 PROBE_B_START program=low
1771966708309678212 PROBE_B_END program=low
1771966708512575570 PROBE_B_START program=low
1771966708582993775 PROBE_B_END program=low
1771966708785636003 PROBE_B_START program=low
1771966708873327482 PROBE_B_END program=low
1771966709076095377 PROBE_B_START program=low
1771966709164988078 PROBE_B_END program=low
1771966709367773418 PROBE_B_START program=low
1771966709452612250 PROBE_B_END program=low
1771966709655267442 PROBE_B_START program=low
1771966709738451922 PROBE_B_END program=low
1771966709941107670 PROBE_B_START program=low
1771966709966132497 PROBE_B_END program=low
1771966710168914579 PROBE_B_START program=low
1771966710193744980 PROBE_B_END program=low
1771966710396497580 PROBE_B_START program=low
1771966710421065056 PROBE_B_END program=low
1771966710623632934 PROBE_B_START program=low
1771966710646968688 PROBE_B_END program=low
1771966710849642714 PROBE_B_START program=low
1771966710874121800 PROBE_B_END program=low
1771966711076887179 PROBE_B_START program=low
1771966711101496728 PROBE_B_END program=low
1771966711304274199 PROBE_B_START program=low
1771966711328670305 PROBE_B_END program=low
1771966711531388924 PROBE_B_START program=low
1771966711556187418 PROBE_B_END program=low
1771966711759054927 PROBE_B_START program=low
1771966711829690688 PROBE_B_END program=low
1771966712032450826 PROBE_B_START program=low
1771966712121000768 PROBE_B_END program=low
1771966712323773333 PROBE_B_START program=low
1771966712410590387 PROBE_B_END program=low
1771966712613431007 PROBE_B_START program=low
1771966712707218429 PROBE_B_END program=low
1771966712909853235 PROBE_B_START program=low
1771966713003895417 PROBE_B_END program=low
1771966713206563593 PROBE_B_START program=low
1771966713231640846 PROBE_B_END program=low
1771966713434383282 PROBE_B_START program=low
1771966713459196221 PROBE_B_END program=low
1771966713662013341 PROBE_B_START program=low
1771966713686419558 PROBE_B_END program=low
1771966713889059938 PROBE_B_START program=low
1771966713912971654 PROBE_B_END program=low
1771966714115741072 PROBE_B_START program=low
1771966714140390270 PROBE_B_END program=low
1771966714343221947 PROBE_B_START program=low
1771966714367841182 PROBE_B_END program=low
1771966714570605155 PROBE_B_START program=low
1771966714594905131 PROBE_B_END program=low
1771966714797604271 PROBE_B_START program=low
1771966714822209154 PROBE_B_END program=low
1771966715025012238 PROBE_B_START program=low
1771966715095673982 PROBE_B_END program=low
1771966715298315659 PROBE_B_START program=low
1771966715544455364 PROBE_B_END program=low
1771966715747140560 PROBE_B_START program=low
1771966716205407071 PROBE_B_END program=low
1771966716408146119 PROBE_B_START program=low
1771966717171830379 PROBE_B_END program=low
1771966717374507891 PROBE_B_START program=low
1771966717790635542 PROBE_B_END program=low
1771966717993353832 PROBE_B_START program=low
1771966718017871957 PROBE_B_END program=low
1771966718220558229 PROBE_B_START program=low
1771966718245259334 PROBE_B_END program=low
1771966718448079088 PROBE_B_START program=low
1771966718472689546 PROBE_B_END program=low
1771966718675413225 PROBE_B_START program=low
1771966718700039312 PROBE_B_END program=low
1771966718902653121 PROBE_B_START program=low
1771966718926030376 PROBE_B_END program=low
1771966719128713241 PROBE_B_START program=low
1771966719153349106 PROBE_B_END program=low
1771966719356103323 PROBE_B_START program=low
1771966719380721114 PROBE_B_END program=low
1771966719583470238 PROBE_B_START program=low
1771966719608122307 PROBE_B_END program=low
1771966719811386395 PROBE_B_START program=low
1771966719883507583 PROBE_B_END program=low
1771966720086527152 PROBE_B_START program=low
1771966720180421503 PROBE_B_END program=low
1771966720383127573 PROBE_B_START program=low
1771966720470013981 PROBE_B_END program=low
1771966720672676828 PROBE_B_START program=low
1771966720761913551 PROBE_B_END program=low
1771966720965070620 PROBE_B_START program=low
1771966721047473418 PROBE_B_END program=low
1771966721250251414 PROBE_B_START program=low
1771966721275404594 PROBE_B_END program=low
1771966721478100738 PROBE_B_START program=low
1771966721503045474 PROBE_B_END program=low
1771966721705789877 PROBE_B_START program=low
1771966721730320391 PROBE_B_END program=low
1771966721933187202 PROBE_B_START program=low
1771966721957701401 PROBE_B_END program=low
1771966722160483564 PROBE_B_START program=low
1771966722184995300 PROBE_B_END program=low
1771966722387812055 PROBE_B_START program=low
1771966722412494551 PROBE_B_END program=low
1771966722615255010 PROBE_B_START program=low
1771966722639741505 PROBE_B_END program=low
1771966722842474391 PROBE_B_START program=low
1771966722867092201 PROBE_B_END program=low
1771966723069737327 R2_IDLE_C seconds=30 actions=B
1771966753071590571 SKIP_PROBE_C seconds=60
