1771420040096507321 R2_IDLE_A seconds=60 actions=B
1771420100098478642 SKIP_PROBE_A seconds=60
1771420160100354837 R2_IDLE_B seconds=30 actions=B
1771420190104377424 PROBE_B_START program=low
1771420190113947898 PROBE_B_END program=low
1771420190316844381 PROBE_B_START program=low
1771420190326382114 PROBE_B_END program=low
1771420190529327765 PROBE_B_START program=low
1771420190538843571 PROBE_B_END program=low
1771420190741791481 PROBE_B_START program=low
1771420190751338084 PROBE_B_END program=low
1771420190954192216 PROBE_B_START program=low
1771420190963269780 PROBE_B_END program=low
1771420191166143412 PROBE_B_START program=low
1771420191175709552 PROBE_B_END program=low
1771420191378606720 PROBE_B_START program=low
1771420191388084138 PROBE_B_END program=low
1771420191591021362 PROBE_B_START program=low
1771420191601012762 PROBE_B_END program=low
1771420191803916857 PROBE_B_START program=low
1771420191813444071 PROBE_B_END program=low
1771420192016840130 PROBE_B_START program=low
1771420192026348603 PROBE_B_END program=low
1771420192229279826 PROBE_B_START program=low
1771420192238802707 PROBE_B_END program=low
1771420192441748764 PROBE_B_START program=low
1771420192451227145 PROBE_B_END program=low
1771420192654146850 PROBE_B_START program=low
1771420192663687045 PROBE_B_END program=low
1771420192870265095 PROBE_B_START program=low
1771420192880159551 PROBE_B_END program=low
1771420193083086182 PROBE_B_START program=low
1771420193092677247 PROBE_B_END program=low
1771420193295606415 PROBE_B_START program=low
1771420193305235426 PROBE_B_END program=low
1771420193508157834 PROBE_B_START program=low
1771420193517735419 PROBE_B_END program=low
1771420193720653457 PROBE_B_START program=low
1771420193730453283 PROBE_B_END program=low
1771420193933589266 PROBE_B_START program=low
1771420193942982479 PROBE_B_END program=low
1771420194145826072 PROBE_B_START program=low
1771420194155283471 PROBE_B_END program=low
1771420194358156527 PROBE_B_START program=low
1771420194367704223 PROBE_B_END program=low
1771420194570600482 PROBE_B_START program=low
1771420194580136863 PROBE_B_END program=low
1771420194783013734 PROBE_B_START program=low
1771420194792525837 PROBE_B_END program=low
1771420194995259837 PROBE_B_START program=low
1771420195003806992 PROBE_B_END program=low
1771420195206666622 PROBE_B_START program=low
1771420195216286984 PROBE_B_END program=low
1771420195419182447 PROBE_B_START program=low
1771420195428770069 PROBE_B_END program=low
1771420195631683680 PROBE_B_START program=low
1771420195641297283 PROBE_B_END program=low
1771420195844184227 PROBE_B_START program=low
1771420195853727071 PROBE_B_END program=low
1771420196056503867 PROBE_B_START program=low
1771420196065085615 PROBE_B_END program=low
1771420196267882133 PROBE_B_START program=low
1771420196277615143 PROBE_B_END program=low
1771420196480539514 PROBE_B_START program=low
1771420196490005227 PROBE_B_END program=low
1771420196692915968 PROBE_B_START program=low
1771420196702442904 PROBE_B_END program=low
1771420196905343070 PROBE_B_START program=low
1771420196914774543 PROBE_B_END program=low
1771420197117610913 PROBE_B_START program=low
1771420197126590680 PROBE_B_END program=low
1771420197329444939 PROBE_B_START program=low
1771420197338962930 PROBE_B_END program=low
1771420197541845781 PROBE_B_START program=low
1771420197551317643 PROBE_B_END program=low
1771420197754178013 PROBE_B_START program=low
1771420197763729930 PROBE_B_END program=low
1771420197966645670 PROBE_B_START program=low
1771420197976218255 PROBE_B_END program=low
1771420198178963864 PROBE_B_START program=low
1771420198187623779 PROBE_B_END program=low
1771420198390481982 PROBE_B_START program=low
1771420198400069566 PROBE_B_END program=low
1771420198603067454 PROBE_B_START program=low
1771420198612724724 PROBE_B_END program=low
1771420198815737964 PROBE_B_START program=low
1771420198826062143 PROBE_B_END program=low
1771420199029078864 PROBE_B_START program=low
1771420199038887190 PROBE_B_END program=low
1771420199242129356 PROBE_B_START program=low
1771420199251786885 PROBE_B_END program=low
1771420199454796291 PROBE_B_START program=low
1771420199464459394 PROBE_B_END program=low
1771420199667422208 PROBE_B_START program=low
1771420199677070681 PROBE_B_END program=low
1771420199880050105 PROBE_B_START program=low
1771420199889659301 PROBE_B_END program=low
1771420200094306767 PROBE_B_START program=low
1771420200104138593 PROBE_B_END program=low
1771420200307160314 PROBE_B_START program=low
1771420200316801324 PROBE_B_END program=low
1771420200519826360 PROBE_B_START program=low
1771420200529508592 PROBE_B_END program=low
1771420200732480424 PROBE_B_START program=low
1771420200742162842 PROBE_B_END program=low
1771420200945321266 PROBE_B_START program=low
1771420200955185092 PROBE_B_END program=low
1771420201158218109 PROBE_B_START program=low
1771420201167512378 PROBE_B_END program=low
1771420201370357097 PROBE_B_START program=low
1771420201379864459 PROBE_B_END program=low
1771420201582776290 PROBE_B_START program=low
1771420201592128281 PROBE_B_END program=low
1771420201795019908 PROBE_B_START program=low
1771420201804594900 PROBE_B_END program=low
1771420202007548583 PROBE_B_START program=low
1771420202017039759 PROBE_B_END program=low
1771420202219790682 PROBE_B_START program=low
1771420202228360152 PROBE_B_END program=low
1771420202431168686 PROBE_B_START program=low
1771420202440748585 PROBE_B_END program=low
1771420202643633989 PROBE_B_START program=low
1771420202653153036 PROBE_B_END program=low
1771420202856032052 PROBE_B_START program=low
1771420202865591210 PROBE_B_END program=low
1771420203068475096 PROBE_B_START program=low
1771420203077999513 PROBE_B_END program=low
1771420203280869380 PROBE_B_START program=low
1771420203289907722 PROBE_B_END program=low
1771420203492771645 PROBE_B_START program=low
1771420203502495100 PROBE_B_END program=low
1771420203705545171 PROBE_B_START program=low
1771420203715363367 PROBE_B_END program=low
1771420203918281864 PROBE_B_START program=low
1771420203927824670 PROBE_B_END program=low
1771420204130729370 PROBE_B_START program=low
1771420204140274954 PROBE_B_END program=low
1771420204343095080 PROBE_B_START program=low
1771420204352164274 PROBE_B_END program=low
1771420204555010511 PROBE_B_START program=low
1771420204564178168 PROBE_B_END program=low
1771420204767112720 PROBE_B_START program=low
1771420204776789934 PROBE_B_END program=low
1771420204979785449 PROBE_B_START program=low
1771420204989526237 PROBE_B_END program=low
1771420205192587882 PROBE_B_START program=low
1771420205202209299 PROBE_B_END program=low
1771420205405056536 PROBE_B_START program=low
1771420205413672747 PROBE_B_END program=low
1771420205616643724 PROBE_B_START program=low
1771420205626262475 PROBE_B_END program=low
1771420205829327824 PROBE_B_START program=low
1771420205838953112 PROBE_B_END program=low
1771420206041976404 PROBE_B_START program=low
1771420206051782193 PROBE_B_END program=low
1771420206254898911 PROBE_B_START program=low
1771420206264908922 PROBE_B_END program=low
1771420206468114715 PROBE_B_START program=low
1771420206477742095 PROBE_B_END program=low
1771420206680692091 PROBE_B_START program=low
1771420206690333453 PROBE_B_END program=low
1771420206893299801 PROBE_B_START program=low
1771420206902932089 PROBE_B_END program=low
1771420207105898936 PROBE_B_START program=low
1771420207115543409 PROBE_B_END program=low
1771420207318666553 PROBE_B_START program=low
1771420207328607472 PROBE_B_END program=low
1771420207531586504 PROBE_B_START program=low
1771420207541222810 PROBE_B_END program=low
1771420207744194176 PROBE_B_START program=low
1771420207753793094 PROBE_B_END program=low
1771420207956781792 PROBE_B_START program=low
1771420207966635951 PROBE_B_END program=low
1771420208169764076 PROBE_B_START program=low
1771420208179452031 PROBE_B_END program=low
1771420208382486971 PROBE_B_START program=low
1771420208392298185 PROBE_B_END program=low
1771420208595124661 PROBE_B_START program=low
1771420208604998079 PROBE_B_END program=low
1771420208808004500 PROBE_B_START program=low
1771420208817736659 PROBE_B_END program=low
1771420209020705061 PROBE_B_START program=low
1771420209030341979 PROBE_B_END program=low
1771420209233352455 PROBE_B_START program=low
1771420209242945779 PROBE_B_END program=low
1771420209445746496 PROBE_B_START program=low
1771420209454441633 PROBE_B_END program=low
1771420209657378553 PROBE_B_START program=low
1771420209666988581 PROBE_B_END program=low
1771420209869942372 PROBE_B_START program=low
1771420209879585956 PROBE_B_END program=low
1771420210082618766 PROBE_B_START program=low
1771420210092281498 PROBE_B_END program=low
1771420210295289159 PROBE_B_START program=low
1771420210304914206 PROBE_B_END program=low
1771420210507777626 PROBE_B_START program=low
1771420210516428985 PROBE_B_END program=low
1771420210719405238 PROBE_B_START program=low
1771420210729061730 PROBE_B_END program=low
1771420210932018446 PROBE_B_START program=low
1771420210941663382 PROBE_B_END program=low
1771420211144616375 PROBE_B_START program=low
1771420211154203293 PROBE_B_END program=low
1771420211357195231 PROBE_B_START program=low
1771420211366771463 PROBE_B_END program=low
1771420211569791994 PROBE_B_START program=low
1771420211579466208 PROBE_B_END program=low
1771420211782493590 PROBE_B_START program=low
1771420211792156897 PROBE_B_END program=low
1771420211995242632 PROBE_B_START program=low
1771420212004873771 PROBE_B_END program=low
1771420212207834061 PROBE_B_START program=low
1771420212217488145 PROBE_B_END program=low
1771420212420497620 PROBE_B_START program=low
1771420212430140074 PROBE_B_END program=low
1771420212633133456 PROBE_B_START program=low
1771420212642198150 PROBE_B_END program=low
1771420212845080624 PROBE_B_START program=low
1771420212854104170 PROBE_B_END program=low
1771420213057092663 PROBE_B_START program=low
1771420213066670469 PROBE_B_END program=low
1771420213269736814 PROBE_B_START program=low
1771420213279494861 PROBE_B_END program=low
1771420213482615817 PROBE_B_START program=low
1771420213493803277 PROBE_B_END program=low
1771420213696905436 PROBE_B_START program=low
1771420213706434446 PROBE_B_END program=low
1771420213909395531 PROBE_B_START program=low
1771420213919022412 PROBE_B_END program=low
1771420214122067071 PROBE_B_START program=low
1771420214131635952 PROBE_B_END program=low
1771420214334567740 PROBE_B_START program=low
1771420214344191120 PROBE_B_END program=low
1771420214547666429 PROBE_B_START program=low
1771420214557539607 PROBE_B_END program=low
1771420214760531358 PROBE_B_START program=low
1771420214770185794 PROBE_B_END program=low
1771420214973172268 PROBE_B_START program=low
1771420214982766926 PROBE_B_END program=low
1771420215185801418 PROBE_B_START program=low
1771420215195359817 PROBE_B_END program=low
1771420215398385642 PROBE_B_START program=low
1771420215408049430 PROBE_B_END program=low
1771420215611151274 PROBE_B_START program=low
1771420215621089378 PROBE_B_END program=low
1771420215824196167 PROBE_B_START program=low
1771420215834120307 PROBE_B_END program=low
1771420216037200096 PROBE_B_START program=low
1771420216046833254 PROBE_B_END program=low
1771420216249855264 PROBE_B_START program=low
1771420216259488811 PROBE_B_END program=low
1771420216462463006 PROBE_B_START program=low
1771420216472050498 PROBE_B_END program=low
1771420216674971637 PROBE_B_START program=low
1771420216684088460 PROBE_B_END program=low
1771420216887070304 PROBE_B_START program=low
1771420216896686721 PROBE_B_END program=low
1771420217099633360 PROBE_B_START program=low
1771420217109215630 PROBE_B_END program=low
1771420217312198935 PROBE_B_START program=low
1771420217321760371 PROBE_B_END program=low
1771420217524778788 PROBE_B_START program=low
1771420217534300835 PROBE_B_END program=low
1771420217737193289 PROBE_B_START program=low
1771420217746245630 PROBE_B_END program=low
1771420217949082640 PROBE_B_START program=low
1771420217958121185 PROBE_B_END program=low
1771420218161002305 PROBE_B_START program=low
1771420218170175406 PROBE_B_END program=low
1771420218373180138 PROBE_B_START program=low
1771420218382769166 PROBE_B_END program=low
1771420218585564712 PROBE_B_START program=low
1771420218595135000 PROBE_B_END program=low
1771420218797933212 PROBE_B_START program=low
1771420218807508592 PROBE_B_END program=low
1771420219010413842 PROBE_B_START program=low
1771420219020088944 PROBE_B_END program=low
1771420219223041897 PROBE_B_START program=low
1771420219232806260 PROBE_B_END program=low
1771420219435780935 PROBE_B_START program=low
1771420219445459705 PROBE_B_END program=low
1771420219648415972 PROBE_B_START program=low
1771420219658104594 PROBE_B_END program=low
1771420219860950806 PROBE_B_START program=low
1771420219870588538 PROBE_B_END program=low
1771420220073597324 PROBE_B_START program=low
1771420220083223964 PROBE_B_END program=low
1771420220286226917 PROBE_B_START program=low
1771420220295871057 PROBE_B_END program=low
1771420220498867621 PROBE_B_START program=low
1771420220508674464 PROBE_B_END program=low
1771420220712313327 PROBE_B_START program=low
1771420220723047377 PROBE_B_END program=low
1771420220926201923 PROBE_B_START program=low
1771420220935861470 PROBE_B_END program=low
1771420221138862515 PROBE_B_START program=low
1771420221148535395 PROBE_B_END program=low
1771420221351569626 PROBE_B_START program=low
1771420221361142580 PROBE_B_END program=low
1771420221564116310 PROBE_B_START program=low
1771420221573773950 PROBE_B_END program=low
1771420221776930440 PROBE_B_START program=low
1771420221786532283 PROBE_B_END program=low
1771420221989491402 PROBE_B_START program=low
1771420221999118356 PROBE_B_END program=low
1771420222202066771 PROBE_B_START program=low
1771420222211692392 PROBE_B_END program=low
1771420222414710233 PROBE_B_START program=low
1771420222424427447 PROBE_B_END program=low
1771420222627412066 PROBE_B_START program=low
1771420222637082150 PROBE_B_END program=low
1771420222840281510 PROBE_B_START program=low
1771420222850075076 PROBE_B_END program=low
1771420223053173843 PROBE_B_START program=low
1771420223062811557 PROBE_B_END program=low
1771420223265801860 PROBE_B_START program=low
1771420223275421425 PROBE_B_END program=low
1771420223478397488 PROBE_B_START program=low
1771420223488046980 PROBE_B_END program=low
1771420223691026894 PROBE_B_START program=low
1771420223700727534 PROBE_B_END program=low
1771420223903682133 PROBE_B_START program=low
1771420223912858809 PROBE_B_END program=low
1771420224115812482 PROBE_B_START program=low
1771420224125477233 PROBE_B_END program=low
1771420224328531351 PROBE_B_START program=low
1771420224338163805 PROBE_B_END program=low
1771420224541188979 PROBE_B_START program=low
1771420224550830804 PROBE_B_END program=low
1771420224753819107 PROBE_B_START program=low
1771420224763445116 PROBE_B_END program=low
1771420224966390438 PROBE_B_START program=low
1771420224975530946 PROBE_B_END program=low
1771420225178440490 PROBE_B_START program=low
1771420225188149889 PROBE_B_END program=low
1771420225391210451 PROBE_B_START program=low
1771420225401119072 PROBE_B_END program=low
1771420225604048467 PROBE_B_START program=low
1771420225613650255 PROBE_B_END program=low
1771420225816603243 PROBE_B_START program=low
1771420225826240530 PROBE_B_END program=low
1771420226029254796 PROBE_B_START program=low
1771420226038966065 PROBE_B_END program=low
1771420226241935923 PROBE_B_START program=low
1771420226251541729 PROBE_B_END program=low
1771420226454496346 PROBE_B_START program=low
1771420226464147560 PROBE_B_END program=low
1771420226667194566 PROBE_B_START program=low
1771420226676853242 PROBE_B_END program=low
1771420226879830489 PROBE_B_START program=low
1771420226889453703 PROBE_B_END program=low
1771420227092433468 PROBE_B_START program=low
1771420227101483198 PROBE_B_END program=low
1771420227304486778 PROBE_B_START program=low
1771420227314087510 PROBE_B_END program=low
1771420227517129997 PROBE_B_START program=low
1771420227526672228 PROBE_B_END program=low
1771420227729704401 PROBE_B_START program=low
1771420227739406707 PROBE_B_END program=low
1771420227942695973 PROBE_B_START program=low
1771420227953184059 PROBE_B_END program=low
1771420228156147583 PROBE_B_START program=low
1771420228165778519 PROBE_B_END program=low
1771420228368744690 PROBE_B_START program=low
1771420228377972588 PROBE_B_END program=low
1771420228581029130 PROBE_B_START program=low
1771420228590653918 PROBE_B_END program=low
1771420228793665515 PROBE_B_START program=low
1771420228803260914 PROBE_B_END program=low
1771420229006351697 PROBE_B_START program=low
1771420229015980429 PROBE_B_END program=low
1771420229218986712 PROBE_B_START program=low
1771420229228699777 PROBE_B_END program=low
1771420229431661134 PROBE_B_START program=low
1771420229440759939 PROBE_B_END program=low
1771420229643653110 PROBE_B_START program=low
1771420229652748025 PROBE_B_END program=low
1771420229855738086 PROBE_B_START program=low
1771420229865342095 PROBE_B_END program=low
1771420230068254155 PROBE_B_START program=low
1771420230077571997 PROBE_B_END program=low
1771420230280639835 PROBE_B_START program=low
1771420230290340364 PROBE_B_END program=low
1771420230493258608 PROBE_B_START program=low
1771420230502868896 PROBE_B_END program=low
1771420230705844548 PROBE_B_START program=low
1771420230715545410 PROBE_B_END program=low
1771420230918534359 PROBE_B_START program=low
1771420230928141332 PROBE_B_END program=low
1771420231131078410 PROBE_B_START program=low
1771420231139793935 PROBE_B_END program=low
1771420231342704754 PROBE_B_START program=low
1771420231352412856 PROBE_B_END program=low
1771420231555434805 PROBE_B_START program=low
1771420231565089389 PROBE_B_END program=low
1771420231768120096 PROBE_B_START program=low
1771420231777807088 PROBE_B_END program=low
1771420231980887055 PROBE_B_START program=low
1771420231990532546 PROBE_B_END program=low
1771420232193511531 PROBE_B_START program=low
1771420232202637039 PROBE_B_END program=low
1771420232405610006 PROBE_B_START program=low
1771420232415203238 PROBE_B_END program=low
1771420232618244260 PROBE_B_START program=low
1771420232628251271 PROBE_B_END program=low
1771420232831217015 PROBE_B_START program=low
1771420232840832136 PROBE_B_END program=low
1771420233044129233 PROBE_B_START program=low
1771420233053726464 PROBE_B_END program=low
1771420233256751338 PROBE_B_START program=low
1771420233266369551 PROBE_B_END program=low
1771420233469337277 PROBE_B_START program=low
1771420233478888897 PROBE_B_END program=low
1771420233681832252 PROBE_B_START program=low
1771420233691439188 PROBE_B_END program=low
1771420233894418876 PROBE_B_START program=low
1771420233904023571 PROBE_B_END program=low
1771420234107082666 PROBE_B_START program=low
1771420234116741102 PROBE_B_END program=low
1771420234319749142 PROBE_B_START program=low
1771420234329391096 PROBE_B_END program=low
1771420234532416914 PROBE_B_START program=low
1771420234542109072 PROBE_B_END program=low
1771420234745271297 PROBE_B_START program=low
1771420234754887288 PROBE_B_END program=low
1771420234957920847 PROBE_B_START program=low
1771420234967775820 PROBE_B_END program=low
1771420235174339018 PROBE_B_START program=low
1771420235184287510 PROBE_B_END program=low
1771420235387222642 PROBE_B_START program=low
1771420235396892152 PROBE_B_END program=low
1771420235599891413 PROBE_B_START program=low
1771420235609473812 PROBE_B_END program=low
1771420235812473888 PROBE_B_START program=low
1771420235822023879 PROBE_B_END program=low
1771420236025058011 PROBE_B_START program=low
1771420236034608428 PROBE_B_END program=low
1771420236237663634 PROBE_B_START program=low
1771420236247306032 PROBE_B_END program=low
1771420236450272627 PROBE_B_START program=low
1771420236459902266 PROBE_B_END program=low
1771420236662951472 PROBE_B_START program=low
1771420236672612870 PROBE_B_END program=low
1771420236875604206 PROBE_B_START program=low
1771420236885265327 PROBE_B_END program=low
1771420237088254476 PROBE_B_START program=low
1771420237097889097 PROBE_B_END program=low
1771420237301099414 PROBE_B_START program=low
1771420237310473979 PROBE_B_END program=low
1771420237513402110 PROBE_B_START program=low
1771420237523058971 PROBE_B_END program=low
1771420237726017306 PROBE_B_START program=low
1771420237735673982 PROBE_B_END program=low
1771420237938603873 PROBE_B_START program=low
1771420237948188882 PROBE_B_END program=low
1771420238151235143 PROBE_B_START program=low
1771420238160845708 PROBE_B_END program=low
1771420238363820338 PROBE_B_START program=low
1771420238372918772 PROBE_B_END program=low
1771420238575842144 PROBE_B_START program=low
1771420238585462672 PROBE_B_END program=low
1771420238788416562 PROBE_B_START program=low
1771420238798068683 PROBE_B_END program=low
1771420239001021850 PROBE_B_START program=low
1771420239010107877 PROBE_B_END program=low
1771420239213085989 PROBE_B_START program=low
1771420239222688646 PROBE_B_END program=low
1771420239425495239 PROBE_B_START program=low
1771420239434163246 PROBE_B_END program=low
1771420239637082857 PROBE_B_START program=low
1771420239646850349 PROBE_B_END program=low
1771420239849805775 PROBE_B_START program=low
1771420239859481563 PROBE_B_END program=low
1771420240062800935 PROBE_B_START program=low
1771420240072090166 PROBE_B_END program=low
1771420240275019999 PROBE_B_START program=low
1771420240284701712 PROBE_B_END program=low
1771420240487693879 PROBE_B_START program=low
1771420240497352130 PROBE_B_END program=low
1771420240700388482 PROBE_B_START program=low
1771420240709984658 PROBE_B_END program=low
1771420240913090492 PROBE_B_START program=low
1771420240922691724 PROBE_B_END program=low
1771420241125573668 PROBE_B_START program=low
1771420241134653547 PROBE_B_END program=low
1771420241337599269 PROBE_B_START program=low
1771420241347561705 PROBE_B_END program=low
1771420241550811465 PROBE_B_START program=low
1771420241560501308 PROBE_B_END program=low
1771420241763406030 PROBE_B_START program=low
1771420241773058651 PROBE_B_END program=low
1771420241976035669 PROBE_B_START program=low
1771420241985421030 PROBE_B_END program=low
1771420242188588623 PROBE_B_START program=low
1771420242198392299 PROBE_B_END program=low
1771420242401328688 PROBE_B_START program=low
1771420242410828771 PROBE_B_END program=low
1771420242613814085 PROBE_B_START program=low
1771420242623471465 PROBE_B_END program=low
1771420242826500946 PROBE_B_START program=low
1771420242836144586 PROBE_B_END program=low
1771420243039132770 PROBE_B_START program=low
1771420243048734131 PROBE_B_END program=low
1771420243251770982 PROBE_B_START program=low
1771420243261368233 PROBE_B_END program=low
1771420243464431899 PROBE_B_START program=low
1771420243474115112 PROBE_B_END program=low
1771420243677166815 PROBE_B_START program=low
1771420243686803565 PROBE_B_END program=low
1771420243889855528 PROBE_B_START program=low
1771420243899472111 PROBE_B_END program=low
1771420244102413684 PROBE_B_START program=low
1771420244112077786 PROBE_B_END program=low
1771420244315104193 PROBE_B_START program=low
1771420244324770610 PROBE_B_END program=low
1771420244527898757 PROBE_B_START program=low
1771420244537639915 PROBE_B_END program=low
1771420244740662840 PROBE_B_START program=low
1771420244750415220 PROBE_B_END program=low
1771420244953508737 PROBE_B_START program=low
1771420244963136691 PROBE_B_END program=low
1771420245166085671 PROBE_B_START program=low
1771420245175780422 PROBE_B_END program=low
1771420245378742716 PROBE_B_START program=low
1771420245388404670 PROBE_B_END program=low
1771420245591198372 PROBE_B_START program=low
1771420245599894304 PROBE_B_END program=low
1771420245802841988 PROBE_B_START program=low
1771420245812495016 PROBE_B_END program=low
1771420246015540514 PROBE_B_START program=low
1771420246025197413 PROBE_B_END program=low
1771420246228188892 PROBE_B_START program=low
1771420246237817994 PROBE_B_END program=low
1771420246440865067 PROBE_B_START program=low
1771420246450415372 PROBE_B_END program=low
1771420246653269073 PROBE_B_START program=low
1771420246661894395 PROBE_B_END program=low
1771420246864825670 PROBE_B_START program=low
1771420246874438124 PROBE_B_END program=low
1771420247077517807 PROBE_B_START program=low
1771420247087704430 PROBE_B_END program=low
1771420247290844372 PROBE_B_START program=low
1771420247300597160 PROBE_B_END program=low
1771420247503559990 PROBE_B_START program=low
1771420247513117370 PROBE_B_END program=low
1771420247716110238 PROBE_B_START program=low
1771420247725715562 PROBE_B_END program=low
1771420247928685967 PROBE_B_START program=low
1771420247938309199 PROBE_B_END program=low
1771420248141297863 PROBE_B_START program=low
1771420248150878668 PROBE_B_END program=low
1771420248353855295 PROBE_B_START program=low
1771420248363512656 PROBE_B_END program=low
1771420248566912396 PROBE_B_START program=low
1771420248577554538 PROBE_B_END program=low
1771420248780736183 PROBE_B_START program=low
1771420248790295489 PROBE_B_END program=low
1771420248993372301 PROBE_B_START program=low
1771420249003001125 PROBE_B_END program=low
1771420249205980881 PROBE_B_START program=low
1771420249215636761 PROBE_B_END program=low
1771420249418601554 PROBE_B_START program=low
1771420249428487250 PROBE_B_END program=low
1771420249631590580 PROBE_B_START program=low
1771420249640936015 PROBE_B_END program=low
1771420249843891400 PROBE_B_START program=low
1771420249853535076 PROBE_B_END program=low
1771420250056527925 R2_IDLE_C seconds=30 actions=B
1771420280058499361 SKIP_PROBE_C seconds=60
