1771430327128762270 R2_IDLE_A seconds=60 actions=B
1771430387130627821 SKIP_PROBE_A seconds=60
1771430447132418172 R2_IDLE_B seconds=30 actions=B
1771430477135874564 PROBE_B_START program=low
1771430477160460166 PROBE_B_END program=low
1771430477363229295 PROBE_B_START program=low
1771430477388558140 PROBE_B_END program=low
1771430477591237917 PROBE_B_START program=low
1771430477616357594 PROBE_B_END program=low
1771430477819159779 PROBE_B_START program=low
1771430477844113141 PROBE_B_END program=low
1771430478046802659 PROBE_B_START program=low
1771430478071618687 PROBE_B_END program=low
1771430478274324593 PROBE_B_START program=low
1771430478299721160 PROBE_B_END program=low
1771430478502504474 PROBE_B_START program=low
1771430478528110283 PROBE_B_END program=low
1771430478730878281 PROBE_B_START program=low
1771430478755753569 PROBE_B_END program=low
1771430478958518568 PROBE_B_START program=low
1771430478983971413 PROBE_B_END program=low
1771430479186644226 PROBE_B_START program=low
1771430479211405458 PROBE_B_END program=low
1771430479414171383 PROBE_B_START program=low
1771430479487489169 PROBE_B_END program=low
1771430479690184353 PROBE_B_START program=low
1771430479970902576 PROBE_B_END program=low
1771430480173521814 PROBE_B_START program=low
1771430480261510269 PROBE_B_END program=low
1771430480464257304 PROBE_B_START program=low
1771430480555600082 PROBE_B_END program=low
1771430480758301117 PROBE_B_START program=low
1771430480854853168 PROBE_B_END program=low
1771430481057481795 PROBE_B_START program=low
1771430481089736991 PROBE_B_END program=low
1771430481292481730 PROBE_B_START program=low
1771430481316788905 PROBE_B_END program=low
1771430481519550644 PROBE_B_START program=low
1771430481544344690 PROBE_B_END program=low
1771430481747115559 PROBE_B_START program=low
1771430481771986828 PROBE_B_END program=low
1771430481974974178 PROBE_B_START program=low
1771430481999712021 PROBE_B_END program=low
1771430482202504741 PROBE_B_START program=low
1771430482227360492 PROBE_B_END program=low
1771430482430004081 PROBE_B_START program=low
1771430482454014608 PROBE_B_END program=low
1771430482656703716 PROBE_B_START program=low
1771430482681520448 PROBE_B_END program=low
1771430482884195408 PROBE_B_START program=low
1771430482955886597 PROBE_B_END program=low
1771430483158547835 PROBE_B_START program=low
1771430483252386304 PROBE_B_END program=low
1771430483455047912 PROBE_B_START program=low
1771430483548366195 PROBE_B_END program=low
1771430483751070451 PROBE_B_START program=low
1771430483842290358 PROBE_B_END program=low
1771430484044993929 PROBE_B_START program=low
1771430484121481463 PROBE_B_END program=low
1771430484324186997 PROBE_B_START program=low
1771430484348891729 PROBE_B_END program=low
1771430484551681133 PROBE_B_START program=low
1771430484576594106 PROBE_B_END program=low
1771430484779254325 PROBE_B_START program=low
1771430484803856186 PROBE_B_END program=low
1771430485006669831 PROBE_B_START program=low
1771430485031553933 PROBE_B_END program=low
1771430485234282337 PROBE_B_START program=low
1771430485258528549 PROBE_B_END program=low
1771430485461352508 PROBE_B_START program=low
1771430485486174462 PROBE_B_END program=low
1771430485689219052 PROBE_B_START program=low
1771430485714270007 PROBE_B_END program=low
1771430485917100874 PROBE_B_START program=low
1771430485941941235 PROBE_B_END program=low
1771430486145079436 PROBE_B_START program=low
1771430486216611235 PROBE_B_END program=low
1771430486419333176 PROBE_B_START program=low
1771430486508683892 PROBE_B_END program=low
1771430486711476999 PROBE_B_START program=low
1771430486800479474 PROBE_B_END program=low
1771430487003435081 PROBE_B_START program=low
1771430487092251537 PROBE_B_END program=low
1771430487294838088 PROBE_B_START program=low
1771430487378918253 PROBE_B_END program=low
1771430487581671471 PROBE_B_START program=low
1771430487606460351 PROBE_B_END program=low
1771430487809281717 PROBE_B_START program=low
1771430487833884670 PROBE_B_END program=low
1771430488036682740 PROBE_B_START program=low
1771430488061676824 PROBE_B_END program=low
1771430488264354005 PROBE_B_START program=low
1771430488288115419 PROBE_B_END program=low
1771430488490946859 PROBE_B_START program=low
1771430488518128041 PROBE_B_END program=low
1771430488721040278 PROBE_B_START program=low
1771430488745877343 PROBE_B_END program=low
1771430488948749672 PROBE_B_START program=low
1771430488973820330 PROBE_B_END program=low
1771430489176647825 PROBE_B_START program=low
1771430489201614298 PROBE_B_END program=low
1771430489404472590 PROBE_B_START program=low
1771430489475376202 PROBE_B_END program=low
1771430489678077456 PROBE_B_START program=low
1771430489777086938 PROBE_B_END program=low
1771430489979884470 PROBE_B_START program=low
1771430490217322018 PROBE_B_END program=low
1771430490420031753 PROBE_B_START program=low
1771430490508632689 PROBE_B_END program=low
1771430490711340887 PROBE_B_START program=low
1771430490798583098 PROBE_B_END program=low
1771430491001742038 PROBE_B_START program=low
1771430491045365782 PROBE_B_END program=low
1771430491248253684 PROBE_B_START program=low
1771430491273270823 PROBE_B_END program=low
1771430491475996169 PROBE_B_START program=low
1771430491499733046 PROBE_B_END program=low
1771430491702495300 PROBE_B_START program=low
1771430491729860908 PROBE_B_END program=low
1771430491932701903 PROBE_B_START program=low
1771430491957480690 PROBE_B_END program=low
1771430492160431647 PROBE_B_START program=low
1771430492185423065 PROBE_B_END program=low
1771430492388349911 PROBE_B_START program=low
1771430492413026772 PROBE_B_END program=low
1771430492615773858 PROBE_B_START program=low
1771430492640593756 PROBE_B_END program=low
1771430492843445547 PROBE_B_START program=low
1771430492913758212 PROBE_B_END program=low
1771430493116674762 PROBE_B_START program=low
1771430493208425132 PROBE_B_END program=low
1771430493411327848 PROBE_B_START program=low
1771430493501740918 PROBE_B_END program=low
1771430493704517282 PROBE_B_START program=low
1771430493792859754 PROBE_B_END program=low
1771430493995617192 PROBE_B_START program=low
1771430494077117108 PROBE_B_END program=low
1771430494279884379 PROBE_B_START program=low
1771430494304852037 PROBE_B_END program=low
1771430494507540067 PROBE_B_START program=low
1771430494531413407 PROBE_B_END program=low
1771430494734186734 PROBE_B_START program=low
1771430494760697507 PROBE_B_END program=low
1771430494963443685 PROBE_B_START program=low
1771430494988294602 PROBE_B_END program=low
1771430495191150725 PROBE_B_START program=low
1771430495216135660 PROBE_B_END program=low
1771430495419045228 PROBE_B_START program=low
1771430495444392590 PROBE_B_END program=low
1771430495647229620 PROBE_B_START program=low
1771430495671906129 PROBE_B_END program=low
1771430495874772419 PROBE_B_START program=low
1771430495899493817 PROBE_B_END program=low
1771430496102422569 PROBE_B_START program=low
1771430496173168105 PROBE_B_END program=low
1771430496376264710 PROBE_B_START program=low
1771430496464837700 PROBE_B_END program=low
1771430496667893009 PROBE_B_START program=low
1771430496757122538 PROBE_B_END program=low
1771430496959858178 PROBE_B_START program=low
1771430497048206761 PROBE_B_END program=low
1771430497250977512 PROBE_B_START program=low
1771430497330738517 PROBE_B_END program=low
1771430497533601713 PROBE_B_START program=low
1771430497558591500 PROBE_B_END program=low
1771430497761298492 PROBE_B_START program=low
1771430497784965239 PROBE_B_END program=low
1771430497987633416 PROBE_B_START program=low
1771430498012291981 PROBE_B_END program=low
1771430498214996380 PROBE_B_START program=low
1771430498239829796 PROBE_B_END program=low
1771430498442572381 PROBE_B_START program=low
1771430498467317686 PROBE_B_END program=low
1771430498669927048 PROBE_B_START program=low
1771430498693554480 PROBE_B_END program=low
1771430498896222730 PROBE_B_START program=low
1771430498920926591 PROBE_B_END program=low
1771430499123708898 PROBE_B_START program=low
1771430499148883982 PROBE_B_END program=low
1771430499351626973 PROBE_B_START program=low
1771430499425211757 PROBE_B_END program=low
1771430499627955971 PROBE_B_START program=low
1771430499726895859 PROBE_B_END program=low
1771430499929593554 PROBE_B_START program=low
1771430500029953704 PROBE_B_END program=low
1771430500232639528 PROBE_B_START program=low
1771430500461264994 PROBE_B_END program=low
1771430500664054170 PROBE_B_START program=low
1771430500754606869 PROBE_B_END program=low
1771430500957274619 PROBE_B_START program=low
1771430500981965591 PROBE_B_END program=low
1771430501184743730 PROBE_B_START program=low
1771430501209491498 PROBE_B_END program=low
1771430501412163803 PROBE_B_START program=low
1771430501436945775 PROBE_B_END program=low
1771430501642184254 PROBE_B_START program=low
1771430501667032782 PROBE_B_END program=low
1771430501869793087 PROBE_B_START program=low
1771430501894453207 PROBE_B_END program=low
1771430502097229846 PROBE_B_START program=low
1771430502121818410 PROBE_B_END program=low
1771430502324489807 PROBE_B_START program=low
1771430502349107168 PROBE_B_END program=low
1771430502551833287 PROBE_B_START program=low
1771430502576499963 PROBE_B_END program=low
1771430502779184583 PROBE_B_START program=low
1771430502888926701 PROBE_B_END program=low
1771430503091624840 PROBE_B_START program=low
1771430503221353918 PROBE_B_END program=low
1771430503423994389 PROBE_B_START program=low
1771430503514239660 PROBE_B_END program=low
1771430503717038039 PROBE_B_START program=low
1771430503828689978 PROBE_B_END program=low
1771430504031360597 PROBE_B_START program=low
1771430504111407268 PROBE_B_END program=low
1771430504314082406 PROBE_B_START program=low
1771430504338870118 PROBE_B_END program=low
1771430504541638978 PROBE_B_START program=low
1771430504566366376 PROBE_B_END program=low
1771430504769225236 PROBE_B_START program=low
1771430504793694078 PROBE_B_END program=low
1771430504996337215 PROBE_B_START program=low
1771430505021116224 PROBE_B_END program=low
1771430505223919639 PROBE_B_START program=low
1771430505248895389 PROBE_B_END program=low
1771430505451670601 PROBE_B_START program=low
1771430505476528980 PROBE_B_END program=low
1771430505679286470 PROBE_B_START program=low
1771430505704050738 PROBE_B_END program=low
1771430505906968339 PROBE_B_START program=low
1771430505931836366 PROBE_B_END program=low
1771430506134630559 PROBE_B_START program=low
1771430506243078229 PROBE_B_END program=low
1771430506445740014 PROBE_B_START program=low
1771430506571278562 PROBE_B_END program=low
1771430506773976403 PROBE_B_START program=low
1771430506862707485 PROBE_B_END program=low
1771430507065399252 PROBE_B_START program=low
1771430507153347683 PROBE_B_END program=low
1771430507356039727 PROBE_B_START program=low
1771430507434149967 PROBE_B_END program=low
1771430507637197512 PROBE_B_START program=low
1771430507662235225 PROBE_B_END program=low
1771430507864967436 PROBE_B_START program=low
1771430507889311499 PROBE_B_END program=low
1771430508092088673 PROBE_B_START program=low
1771430508116813700 PROBE_B_END program=low
1771430508319571947 PROBE_B_START program=low
1771430508344287085 PROBE_B_END program=low
1771430508547044148 PROBE_B_START program=low
1771430508572010157 PROBE_B_END program=low
1771430508774857331 PROBE_B_START program=low
1771430508799760525 PROBE_B_END program=low
1771430509002574273 PROBE_B_START program=low
1771430509026895632 PROBE_B_END program=low
1771430509229597620 PROBE_B_START program=low
1771430509255582280 PROBE_B_END program=low
1771430509458397249 PROBE_B_START program=low
1771430509530247583 PROBE_B_END program=low
1771430509733070164 PROBE_B_START program=low
1771430509823111453 PROBE_B_END program=low
1771430510025861330 PROBE_B_START program=low
1771430510124836364 PROBE_B_END program=low
1771430510327559721 PROBE_B_START program=low
1771430510425372049 PROBE_B_END program=low
1771430510628069129 PROBE_B_START program=low
1771430510850622038 PROBE_B_END program=low
1771430511053260988 PROBE_B_START program=low
1771430511108536483 PROBE_B_END program=low
1771430511311412971 PROBE_B_START program=low
1771430511336500054 PROBE_B_END program=low
1771430511539292393 PROBE_B_START program=low
1771430511564172309 PROBE_B_END program=low
1771430511766949334 PROBE_B_START program=low
1771430511791781898 PROBE_B_END program=low
1771430511994615867 PROBE_B_START program=low
1771430512019737562 PROBE_B_END program=low
1771430512222507030 PROBE_B_START program=low
1771430512247316224 PROBE_B_END program=low
1771430512450078544 PROBE_B_START program=low
1771430512474651145 PROBE_B_END program=low
1771430512677404150 PROBE_B_START program=low
1771430512702073714 PROBE_B_END program=low
1771430512904825164 PROBE_B_START program=low
1771430512976347460 PROBE_B_END program=low
1771430513179176113 PROBE_B_START program=low
1771430513273712006 PROBE_B_END program=low
1771430513476406492 PROBE_B_START program=low
1771430513567741580 PROBE_B_END program=low
1771430513770465400 PROBE_B_START program=low
1771430513862609397 PROBE_B_END program=low
1771430514065226365 PROBE_B_START program=low
1771430514147421262 PROBE_B_END program=low
1771430514350193193 PROBE_B_START program=low
1771430514374859738 PROBE_B_END program=low
1771430514577552928 PROBE_B_START program=low
1771430514602148714 PROBE_B_END program=low
1771430514804900755 PROBE_B_START program=low
1771430514829600152 PROBE_B_END program=low
1771430515032369287 PROBE_B_START program=low
1771430515058150242 PROBE_B_END program=low
1771430515260945228 PROBE_B_START program=low
1771430515285608607 PROBE_B_END program=low
1771430515488776872 PROBE_B_START program=low
1771430515513374157 PROBE_B_END program=low
1771430515716089902 PROBE_B_START program=low
1771430515740819022 PROBE_B_END program=low
1771430515943557396 PROBE_B_START program=low
1771430515968432794 PROBE_B_END program=low
1771430516171170946 PROBE_B_START program=low
1771430516243745948 PROBE_B_END program=low
1771430516446446897 PROBE_B_START program=low
1771430516536757481 PROBE_B_END program=low
1771430516739483226 PROBE_B_START program=low
1771430516831755223 PROBE_B_END program=low
1771430517034427783 PROBE_B_START program=low
1771430517121105339 PROBE_B_END program=low
1771430517323801991 PROBE_B_START program=low
1771430517401368617 PROBE_B_END program=low
1771430517604065176 PROBE_B_START program=low
1771430517628897573 PROBE_B_END program=low
1771430517831935170 PROBE_B_START program=low
1771430517856803827 PROBE_B_END program=low
1771430518059608701 PROBE_B_START program=low
1771430518085361508 PROBE_B_END program=low
1771430518287979382 PROBE_B_START program=low
1771430518313989967 PROBE_B_END program=low
1771430518516864934 PROBE_B_START program=low
1771430518541713868 PROBE_B_END program=low
1771430518744587094 PROBE_B_START program=low
1771430518769777937 PROBE_B_END program=low
1771430518972730515 PROBE_B_START program=low
1771430518997605468 PROBE_B_END program=low
1771430519200835898 PROBE_B_START program=low
1771430519225738907 PROBE_B_END program=low
1771430519428660540 PROBE_B_START program=low
1771430519500151205 PROBE_B_END program=low
1771430519702896412 PROBE_B_START program=low
1771430519794971094 PROBE_B_END program=low
1771430519997708634 PROBE_B_START program=low
1771430520089566222 PROBE_B_END program=low
1771430520292258687 PROBE_B_START program=low
1771430520390643829 PROBE_B_END program=low
1771430520593413925 PROBE_B_START program=low
1771430520679507646 PROBE_B_END program=low
1771430520882384816 PROBE_B_START program=low
1771430520907631788 PROBE_B_END program=low
1771430521110491050 PROBE_B_START program=low
1771430521135258688 PROBE_B_END program=low
1771430521338069598 PROBE_B_START program=low
1771430521365308557 PROBE_B_END program=low
1771430521568117134 PROBE_B_START program=low
1771430521595104351 PROBE_B_END program=low
1771430521797969039 PROBE_B_START program=low
1771430521823022844 PROBE_B_END program=low
1771430522025806939 PROBE_B_START program=low
1771430522052830361 PROBE_B_END program=low
1771430522255687437 PROBE_B_START program=low
1771430522281082761 PROBE_B_END program=low
1771430522484043209 PROBE_B_START program=low
1771430522509087625 PROBE_B_END program=low
1771430522711941701 PROBE_B_START program=low
1771430522736986488 PROBE_B_END program=low
1771430522939751212 PROBE_B_START program=low
1771430522964550702 PROBE_B_END program=low
1771430523167407982 PROBE_B_START program=low
1771430523192448657 PROBE_B_END program=low
1771430523395270807 PROBE_B_START program=low
1771430523419591221 PROBE_B_END program=low
1771430523622314186 PROBE_B_START program=low
1771430523693068108 PROBE_B_END program=low
1771430523895836333 PROBE_B_START program=low
1771430524124312326 PROBE_B_END program=low
1771430524327058902 PROBE_B_START program=low
1771430524581574555 PROBE_B_END program=low
1771430524784391779 PROBE_B_START program=low
1771430524871889318 PROBE_B_END program=low
1771430525074789671 PROBE_B_START program=low
1771430525169501007 PROBE_B_END program=low
1771430525372776546 PROBE_B_START program=low
1771430525423858084 PROBE_B_END program=low
1771430525626581845 PROBE_B_START program=low
1771430525651658113 PROBE_B_END program=low
1771430525854518355 PROBE_B_START program=low
1771430525879311604 PROBE_B_END program=low
1771430526082110864 PROBE_B_START program=low
1771430526137123894 PROBE_B_END program=low
1771430526339827431 PROBE_B_START program=low
1771430526389093965 PROBE_B_END program=low
1771430526591947966 PROBE_B_START program=low
1771430526681542862 PROBE_B_END program=low
1771430526884285178 PROBE_B_START program=low
1771430526972565126 PROBE_B_END program=low
1771430527175302756 PROBE_B_START program=low
1771430527267386288 PROBE_B_END program=low
1771430527470180289 PROBE_B_START program=low
1771430527588523129 PROBE_B_END program=low
1771430527791221852 PROBE_B_START program=low
1771430527880639655 PROBE_B_END program=low
1771430528083318192 PROBE_B_START program=low
1771430528174962611 PROBE_B_END program=low
1771430528377747630 PROBE_B_START program=low
1771430528470421330 PROBE_B_END program=low
1771430528673391016 PROBE_B_START program=low
1771430528761805187 PROBE_B_END program=low
1771430528964649243 PROBE_B_START program=low
1771430528989254935 PROBE_B_END program=low
1771430529192010287 PROBE_B_START program=low
1771430529216800406 PROBE_B_END program=low
1771430529419596443 PROBE_B_START program=low
1771430529444625118 PROBE_B_END program=low
1771430529647343284 PROBE_B_START program=low
1771430529671183549 PROBE_B_END program=low
1771430529873917382 PROBE_B_START program=low
1771430529898621575 PROBE_B_END program=low
1771430530101328741 PROBE_B_START program=low
1771430530126135082 PROBE_B_END program=low
1771430530328959582 PROBE_B_START program=low
1771430530353878961 PROBE_B_END program=low
1771430530557029480 PROBE_B_START program=low
1771430530581923802 PROBE_B_END program=low
1771430530784783469 PROBE_B_START program=low
1771430530855626391 PROBE_B_END program=low
1771430531058433687 PROBE_B_START program=low
1771430531162280341 PROBE_B_END program=low
1771430531365018803 PROBE_B_START program=low
1771430531619501990 PROBE_B_END program=low
1771430531822367322 PROBE_B_START program=low
1771430531915454967 PROBE_B_END program=low
1771430532118255004 PROBE_B_START program=low
1771430532209319403 PROBE_B_END program=low
1771430532412078883 PROBE_B_START program=low
1771430532445192468 PROBE_B_END program=low
1771430532647900207 PROBE_B_START program=low
1771430532672131713 PROBE_B_END program=low
1771430532874997287 PROBE_B_START program=low
1771430532902049837 PROBE_B_END program=low
1771430533104870836 PROBE_B_START program=low
1771430533129797325 PROBE_B_END program=low
1771430533332616750 PROBE_B_START program=low
1771430533357238331 PROBE_B_END program=low
1771430533560020478 PROBE_B_START program=low
1771430533584821875 PROBE_B_END program=low
1771430533787737411 PROBE_B_START program=low
1771430533812668363 PROBE_B_END program=low
1771430534015509973 PROBE_B_START program=low
1771430534040394444 PROBE_B_END program=low
1771430534243233516 PROBE_B_START program=low
1771430534314312272 PROBE_B_END program=low
1771430534517045436 PROBE_B_START program=low
1771430534610088396 PROBE_B_END program=low
1771430534812830672 PROBE_B_START program=low
1771430534902255696 PROBE_B_END program=low
1771430535105039676 PROBE_B_START program=low
1771430535194385181 PROBE_B_END program=low
1771430535397201586 PROBE_B_START program=low
1771430535479188091 PROBE_B_END program=low
1771430535682069293 PROBE_B_START program=low
1771430535711271553 PROBE_B_END program=low
1771430535914160681 PROBE_B_START program=low
1771430535939078281 PROBE_B_END program=low
1771430536141933113 PROBE_B_START program=low
1771430536166932769 PROBE_B_END program=low
1771430536369781748 PROBE_B_START program=low
1771430536394704867 PROBE_B_END program=low
1771430536597581550 PROBE_B_START program=low
1771430536622608466 PROBE_B_END program=low
1771430536825282908 PROBE_B_START program=low
1771430536849163413 PROBE_B_END program=low
1771430537051898095 R2_IDLE_C seconds=30 actions=B
1771430567053813885 SKIP_PROBE_C seconds=60
