1770379906817858737 103119883
1770379906919635040 101776303
1770379907021404750 101769710
1770379907123137237 101732487
1770379907224872223 101734986
1770379907326628506 101756283
1770379907428364363 101735857
1770379907530082905 101718542
1770379907631817910 101735005
1770379907733566137 101748227
1770379907835300234 101734097
1770379907936997591 101697357
1770379908038737299 101739708
1770379908140443636 101706337
1770379908242181695 101738059
1770379908343872180 101690485
1770379908445583425 101711245
1770379908547319429 101736004
1770379908649050692 101731263
1770379908750851288 101800596
1770379908852605959 101754671
1770379908954367166 101761207
1770379909056125521 101758355
1770379909157856876 101731355
1770379909259557619 101700743
1770379909361212121 101654502
1770379909462870586 101658465
1770379909564500106 101629520
1770379909666190220 101690114
1770379909767930556 101740336
1770379909869633373 101702817
1770379909971298097 101664724
1770379910072933191 101635094
1770379910174587340 101654149
1770379910276236063 101648723
1770379910377890323 101654260
1770379910479511694 101621371
1770379910581150825 101639131
1770379910682791159 101640334
1770379910784512067 101720908
1770379910886188716 101676649
1770379910987849310 101660594
1770379911089503532 101654222
1770379911191263958 101760426
1770379911292971680 101707722
1770379911394644625 101672945
1770379911496292439 101647814
1770379911597935809 101643370
1770379911699572642 101636833
1770379911801299235 101726593
1770379911903002383 101703148
1770379912004656660 101654277
1770379912106334122 101677462
1770379912207987805 101653683
1770379912309612100 101624295
1770379912411255283 101643183
1770379912512886319 101631036
1770379912614508095 101621776
1770379912716137260 101629165
1770379912817865277 101728017
1770379912919556054 101690777
1770379913021203756 101647702
1770379913122868142 101664386
1770379913224501972 101633830
1770379913326133340 101631368
1770379913427782911 101649571
1770379913529484260 101701349
1770379913631129406 101645146
1770379913732763199 101633793
1770379913834484678 101721479
1770379913936166379 101681701
1770379914037814191 101647812
1770379914139443113 101628922
1770379914241089720 101646607
1770379914342744401 101654681
1770379914444377046 101632645
1770379914545998264 101621218
1770379914647619982 101621718
1770379914749345311 101725329
1770379914851030863 101685552
1770379914952678192 101647329
1770379915054325763 101647571
1770379915155982813 101657050
1770379915257623271 101640458
1770379915359258969 101635698
1770379915460895723 101636754
1770379915562546199 101650476
1770379915664175120 101628921
1770379915765885597 101710477
1770379915867548795 101663198
1770379915969216901 101668106
1770379916070891710 101674809
1770379916172514944 101623234
1770379916274199975 101685031
1770379916375830561 101630586
1770379916477470203 101639642
1770379916579078752 101608549
1770379916680704023 101625271
1770379916782518740 101814717
1770379916884697180 102178440
1770379916986383915 101686735
1770379917088361038 101977123
1770379917190184550 101823512
1770379917292264896 102080346
1770379917393976889 101711993
1770379917495318602 101341713
1770379917596727149 101408547
1770379917734000857 137273708
1770379917835383626 101382769
1770379917936817636 101434010
1770379918038212775 101395139
1770379918147832042 109619267
1770379918249176106 101344064
1770379918364779641 115603535
1770379918651004494 286224853
1770379918752639096 101634602
1770379918853974123 101335027
1770379918955299280 101325157
1770379919056630510 101331230
1770379920125063011 1068432501
1770379920226372387 101309376
1770379920327622818 101250431
1770379920428860509 101237691
1770379920530135644 101275135
1770379920631407335 101271691
1770379920791901938 160494603
1770379920893212444 101310506
1770379920994499190 101286746
1770379921204502714 210003524
1770379921306016942 101514228
1770379921407576225 101559283
1770379921509036434 101460209
1770379921610590125 101553691
1770379921711994149 101404024
1770379921813567136 101572987
1770379921915047604 101480468
1770379922016544443 101496839
1770379922118454931 101910488
1770379922219884509 101429578
1770379922321778015 101893506
1770379922423625447 101847432
1770379922525353508 101728061
1770379922627198662 101845154
1770379922729012019 101813357
1770379922830773284 101761265
1770379922932581364 101808080
1770379923034426370 101845006
1770379923136187504 101761134
1770379923238125768 101938264
1770379923339753087 101627319
1770379923441575369 101822282
1770379923543354577 101779208
1770379923645140119 101785542
1770379923747002494 101862375
1770379923848783498 101781004
1770379923950544151 101760653
1770379924052375044 101830893
1770379924154077047 101702003
1770379924256231329 102154282
1770379924358115907 101884578
1770379924459635409 101519502
1770379924560968911 101333502
1770379924662276745 101307834
1770379924763576913 101300168
1770379924869803195 106226282
1770379924971213363 101410168
1770379925072610086 101396723
1770379925191321126 118711040
1770379925294650153 103329027
1770379925395906671 101256518
1770379925497141616 101234945
1770379925598532857 101391241
1770379925699957191 101424334
1770379925801314987 101357796
1770379925902712191 101397204
1770379926030092268 127380077
1770379926164462468 134370200
1770379926265841578 101379110
1770379926367248448 101406870
1770379926468657243 101408795
1770379926581903572 113246329
1770379926798526539 216622967
1770379926899898093 101371554
1770379927001216463 101318370
1770379927102550053 101333590
1770379927203909773 101359720
1770379927305225660 101315887
1770379927406652547 101426887
1770379927507922267 101269720
1770379927609136709 101214442
1770379927710338725 101202016
1770379927811516463 101177738
1770379927912662848 101146385
1770379928013825457 101162609
1770379928114989971 101164514
1770379928216248986 101259015
1770379928317457445 101208459
1770379928418658071 101200626
1770379928519831919 101173848
1770379928621000433 101168514
1770379928722170355 101169922
1770379928823337500 101167145
1770379928924483014 101145514
1770379929025650714 101167700
1770379929126864431 101213717
1770379929228129556 101265125
1770379929329563070 101433514
1770379929431214086 101651016
1770379929532868879 101654793
1770379929634545580 101676701
1770379929736202132 101656552
1770379929837871444 101669312
1770379929939503108 101631664
1770379930041159105 101655997
1770379930142820526 101661421
1770379930244575282 101754756
1770379930346271926 101696644
1770379930448230460 101958534
1770379930549766215 101535755
1770379930651255303 101489088
1770379930752612390 101357087
1770379930853959403 101347013
1770379930955274156 101314753
1770379931056552632 101278476
1770379931157900329 101347697
1770379931259179025 101278696
1770379931360461759 101282734
1770379931461721789 101260030
1770379931563002505 101280716
1770379931664280942 101278437
1770379931765555454 101274512
1770379931866873984 101318530
1770379931968188385 101314401
1770379932069496507 101308122
1770379932170801906 101305399
1770379932272140139 101338233
1770379932373432039 101291900
1770379932474775809 101343770
1770379932576080690 101304881
1770379932677380737 101300047
1770379932778712896 101332159
1770379932880026111 101313215
1770379932981327862 101301751
1770379933082670001 101342139
1770379933183992215 101322214
1770379933285332317 101340102
1770379933386680975 101348658
1770379933488007744 101326769
1770379933589420494 101412750
1770379933690701189 101280695
1770379933791916568 101215379
1770379933893114799 101198231
1770379933994319494 101204695
1770379934095544428 101224934
1770379934196808769 101264341
1770379934298028203 101219434
1770379934399221415 101193212
1770379934500415923 101194508
1770379934601588468 101172545
1770379934702745642 101157174
1770379934803909057 101163415
1770379934905321214 101412157
1770379935006937316 101616102
1770379935108338065 101400749
1770379935209675776 101337711
1770379935310934579 101258803
1770379935412140456 101205877
1770379935513338963 101198507
1770379935614787286 101448323
1770379935716448276 101660990
1770379935818131359 101683083
1770379935919786942 101655583
1770379936021435784 101648842
1770379936123108958 101673174
1770379936224883893 101774935
1770379936326610993 101727100
1770379936428278964 101667971
1770379936529950638 101671674
1770379936631917795 101967157
1770379936733393876 101476081
1770379936834670364 101276488
1770379936935970944 101300580
1770379937037291598 101320654
1770379937138601918 101310320
1770379937239949145 101347227
1770379937341223724 101274579
1770379937442527766 101304042
1770379937543798549 101270783
1770379937645074165 101275616
1770379937746316633 101242468
1770379937847616138 101299505
1770379937948892069 101275931
1770379938050198184 101306115
1770379938151521392 101323208
1770379938252886859 101365467
1770379938354165456 101278597
1770379938455443071 101277615
1770379938556708686 101265615
1770379938657971819 101263133
1770379938759258323 101286504
1770379938860506845 101248522
1770379938961789627 101282782
1770379939063079945 101290318
1770379939164329022 101249077
1770379939265713377 101384355
1770379939367100824 101387447
1770379939468408346 101307522
1770379939569720349 101312003
1770379939671014500 101294151
1770379939772405614 101391114
1770379939873642339 101236725
1770379939974874601 101232262
1770379940076122269 101247668
1770379940177407141 101284872
1770379940278667643 101260502
1770379940379853440 101185797
1770379940481053053 101199613
1770379940582244795 101191742
1770379940683448018 101203223
1770379940784643557 101195539
1770379940885822817 101179260
1770379940986993522 101170705
1770379941088173022 101179500
1770379941189437041 101264019
1770379941290719598 101282557
1770379941391933172 101213574
1770379941493124543 101191371
1770379941594345098 101220555
1770379941695765081 101419983
1770379941797396676 101631595
1770379941899070697 101674021
1770379942000723662 101652965
1770379942102402978 101679316
1770379942204141146 101738168
1770379942305834869 101693723
1770379942407478963 101644094
1770379942509157964 101679001
1770379942610851577 101693613
1770379942712504800 101653223
1770379942814541488 102036688
1770379942916229933 101688445
1770379943017597618 101367685
1770379943118880098 101282480
1770379943220230208 101350110
1770379943321495910 101265702
1770379943422772242 101276332
1770379943524083259 101311017
1770379943625375387 101292128
1770379943726694089 101318702
1770379943827982569 101288480
1770379943929280734 101298165
1770379944030605233 101324499
1770379944131904508 101299275
1770379944233229320 101324812
1770379944334579022 101349702
1770379944435870686 101291664
1770379944537140405 101269719
1770379944638446144 101305739
1770379944739718808 101272664
1770379944841009787 101290979
1770379944942512655 101502868
1770379945044040931 101528276
1770379945145467891 101426960
1770379945246874573 101406682
1770379945348187329 101312756
1770379945449509862 101322533
1770379945550823933 101314071
1770379945652182392 101358459
1770379945753516315 101333923
1770379945854825274 101308959
1770379945956281327 101456053
1770379946057574952 101293625
1770379946158746151 101171199
1770379946260185276 101439125
1770379946361793773 101608497
1770379946466540153 104746380
1770379946568203390 101663237
1770379946669534497 101331107
1770379946770766085 101231588
1770379946872008191 101242106
1770379946973222556 101214365
1770379947074460087 101237531
1770379947175741230 101281143
1770379947277041743 101300513
1770379947378257736 101215993
1770379947479494582 101236846
1770379947580765799 101271217
1770379947681996367 101230568
1770379947783194897 101198530
1770379947884609689 101414792
1770379947986253555 101643866
1770379948087909161 101655606
1770379948189975009 102065848
1770379948291712819 101737810
1770379948393405332 101692513
1770379948495091438 101686106
1770379948596754173 101662735
1770379948698429464 101675291
1770379948800057459 101627995
1770379948901744861 101687402
1770379949003447764 101702903
1770379949105108202 101660438
1770379949206850307 101742105
1770379949308543967 101693660
1770379949410203683 101659716
1770379949511851751 101648068
1770379949613493670 101641919
1770379949715136719 101643049
1770379949816779232 101642513
1770379949918430077 101650845
1770379950020070182 101640105
1770379950121718508 101648326
1770379950223442593 101724085
1770379950325120437 101677844
1770379950426778097 101657660
1770379950528422608 101644511
1770379950630067267 101644659
1770379950731725019 101657752
1770379950833352419 101627400
1770379950935011263 101658844
1770379951036697996 101686733
1770379951138431248 101733252
1770379951240165832 101734584
1770379951341903935 101738103
1770379951443572871 101668936
1770379951545238492 101665621
1770379951646942484 101703992
1770379951748610272 101667788
1770379951850355190 101744918
1770379951952056015 101700825
1770379952053727969 101671954
1770379952155387497 101659528
1770379952257134043 101746546
1770379952358821978 101687935
1770379952460551284 101729306
1770379952562252941 101701657
1770379952663896747 101643806
1770379952765541885 101645138
1770379952867208616 101666731
1770379952968868459 101659843
1770379953070555301 101686842
1770379953172286476 101731175
1770379953274067373 101780897
1770379953375812548 101745175
1770379953477494000 101681452
1770379953579129101 101635101
1770379953680818868 101689767
1770379953782502173 101683305
1770379953884167607 101665434
1770379953985836337 101668730
1770379954087480288 101643951
1770379954189156481 101676193
1770379954290948673 101792192
1770379954392620180 101671507
1770379954494291483 101671303
1770379954595978102 101686619
1770379954697650794 101672692
1770379954799325023 101674229
1770379954900985641 101660618
1770379955002676574 101690933
1770379955104331080 101654506
1770379955205997420 101666340
1770379955307783259 101785839
1770379955409510932 101727673
1770379955511180864 101669932
1770379955612848129 101667265
1770379955714504376 101656247
1770379955816163326 101658950
1770379955917835851 101672525
1770379956019513634 101677783
1770379956121163139 101649505
1770379956222916330 101753191
1770379956324630372 101714042
1770379956426320729 101690357
1770379956528243198 101922469
1770379956629998055 101754857
1770379956731649930 101651875
1770379956833436491 101786561
1770379956935179978 101743487
1770379957036878390 101698412
1770379957138536839 101658449
1770379957240273380 101736541
1770379957341997310 101723930
1770379957443679944 101682634
1770379957545349244 101669300
1770379957647025933 101676689
1770379957748674122 101648189
1770379957850334255 101660133
1770379957951998445 101664190
1770379958053661244 101662799
1770379958155339988 101678744
1770379958257067565 101727577
1770379958358763938 101696373
1770379958460408552 101644614
1770379958562090463 101681911
1770379958663746206 101655743
1770379958765396617 101650411
1770379958867130749 101734132
1770379958968801900 101671151
1770379959070461514 101659614
1770379959172164479 101702965
1770379959273927574 101763095
1770379959375644428 101716854
1770379959477328929 101684501
1770379959578998728 101669799
1770379959680638989 101640261
1770379959782320861 101681872
1770379959883975863 101655002
1770379959985629661 101653798
1770379960087323866 101694205
1770379960188981107 101657241
1770379960290722590 101741483
1770379960392371646 101649056
1770379960494041092 101669446
1770379960595698796 101657704
1770379960697336353 101637557
1770379960798977539 101641186
1770379960900613113 101635574
1770379961002254707 101641594
1770379961103892262 101637555
1770379961205530188 101637926
1770379961307228058 101697870
1770379961408920262 101692204
1770379961510592706 101672444
1770379961612222872 101630166
1770379961713870631 101647759
1770379961815520242 101649611
1770379961917169520 101649278
1770379962018906020 101736500
1770379962120568834 101662814
1770379962222221610 101652776
1770379962323943980 101722370
1770379962425655053 101711073
1770379962527342552 101687499
1770379962628994884 101652332
1770379962730648772 101653888
1770379962832292233 101643461
1770379962933975695 101683462
1770379963035628657 101652962
1770379963137305581 101676924
1770379963239040486 101734905
1770379963340726836 101686350
1770379963442395056 101668220
1770379963544042109 101647053
1770379963645678663 101636554
1770379963747345772 101667109
1770379963848982825 101637053
1770379963950685897 101703072
1770379964052325747 101639850
1770379964153981725 101655978
1770379964255691815 101710090
1770379964357358923 101667108
1770379964459040901 101681978
1770379964560682694 101641793
1770379964662342598 101659904
1770379964763987225 101644627
1770379964865664574 101677349
1770379964967349589 101685015
1770379965069017307 101667718
1770379965170718396 101701089
1770379965272466244 101747848
1770379965374157703 101691459
1770379965475789106 101631403
1770379965577435658 101646552
1770379965679083672 101648014
1770379965780752853 101669181
1770379965882446979 101694126
1770379965984130641 101683662
1770379966085816859 101686218
1770379966187455261 101638402
1770379966289202534 101747273
1770379966390895825 101693291
1770379966492554098 101658273
1770379966594209167 101655069
1770379966695861013 101651846
1770379966797490397 101629384
1770379966899134484 101644087
1770379967000782757 101648273
1770379967102458010 101675253
1770379967204143930 101685920
1770379967305919517 101775587
1770379967407597992 101678475
1770379967509249116 101651124
1770379967610898573 101649457
1770379967712552567 101653994
1770379967814204375 101651808
1770379967915862573 101658198
1770379968017490882 101628309
1770379968119166634 101675752
1770379968220850979 101684345
1770379968322574657 101723678
1770379968424253798 101679141
1770379968525951402 101697604
1770379968627615451 101664049
1770379968729309240 101693789
1770379968830986177 101676937
1770379968932665078 101678901
1770379969034327904 101662826
1770379969136002266 101674362
1770379969237641758 101639492
1770379969339411658 101769900
1770379969441094557 101682899
1770379969542773883 101679326
1770379969644430949 101657066
1770379969746094293 101663344
1770379969847739303 101645010
1770379969949418702 101679399
1770379970051086898 101668196
1770379970152762574 101675676
1770379970254600307 101837733
1770379970356289761 101689454
1770379970457973641 101683880
1770379970559644706 101671065
1770379970661308549 101663843
1770379970763009484 101700935
1770379970864679605 101670121
1770379970966330725 101651120
1770379971067984531 101653806
1770379971169760651 101776120
1770379971271533604 101772953
1770379971373227872 101694268
1770379971474906362 101678490
1770379971576582000 101675638
1770379971678270472 101688472
1770379971779937203 101666731
1770379971881586600 101649397
1770379971983236442 101649842
1770379972084881931 101645489
1770379972186532050 101650119
1770379972288273909 101741859
1770379972389977102 101703193
1770379972491610147 101633045
1770379972593263988 101653841
1770379972694925736 101661748
1770379972796602762 101677026
1770379972898315770 101713008
1770379973000010833 101695063
1770379973101670488 101659655
1770379973203339865 101669377
1770379973305088816 101748951
1770379973406774656 101685840
1770379973508445033 101670377
1770379973610111188 101666155
1770379973711789028 101677840
1770379973813449905 101660877
1770379973915095745 101645840
1770379974016747214 101651469
1770379974118402257 101655043
1770379974220044318 101642061
1770379974321794250 101749932
1770379974423477885 101683635
1770379974525119484 101641599
1770379974626783304 101663820
1770379974728411421 101628117
1770379974830068593 101657172
1770379974931704210 101635617
1770379975033332382 101628172
1770379975135015220 101682838
1770379975236684613 101669393
1770379975338414267 101729654
1770379975440113734 101699467
1770379975541767350 101653616
1770379975643410392 101643042
1770379975745053489 101643097
1770379975846714605 101661116
1770379975948340517 101625912
1770379976050023410 101682893
1770379976151727322 101703912
1770379976253387288 101659966
1770379976355146200 101758912
1770379976456822907 101676707
1770379976558487226 101664319
1770379976660142304 101655078
1770379976761815381 101673077
1770379976863471774 101656393
1770379976965113130 101641356
1770379977066784041 101670911
1770379977168489859 101705818
1770379977270177880 101688021
1770379977371931939 101754059
1770379977473632294 101700355
1770379977575307019 101674725
1770379977676974781 101667762
1770379977778634432 101659651
1770379977880279564 101645132
1770379977981934289 101654725
1770379978083580458 101646169
1770379978185203033 101622575
1770379978286946591 101743558
1770379978388605019 101658428
1770379978490289039 101684020
1770379978591920782 101631743
1770379978693567747 101646965
1770379978795245730 101677983
1770379978896911824 101666094
1770379978998618512 101706688
1770379979100279124 101660612
1770379979201941662 101662538
1770379979303671330 101729668
1770379979405350423 101679093
1770379979507004017 101653594
1770379979608673777 101669760
1770379979710347482 101673705
1770379979811975668 101628186
1770379979913605298 101629630
1770379980015292466 101687168
1770379980116944892 101652426
1770379980218635317 101690425
1770379980320383466 101748149
1770379980422091818 101708352
1770379980523747114 101655296
1770379980625395151 101648037
1770379980727073244 101678093
1770379980828734670 101661426
1770379980930398577 101663907
1770379981032059614 101661037
1770379981133730317 101670703
1770379981235373297 101642980
1770379981337110815 101737518
1770379981438818018 101707203
1770379981540492999 101674981
1770379981642154961 101661962
1770379981743817627 101662666
1770379981845470478 101652851
1770379981947133180 101662702
1770379982048821642 101688462
1770379982150488252 101666610
1770379982252144805 101656553
1770379982353902026 101757221
1770379982455618895 101716869
1770379982557301874 101682979
1770379982658988206 101686332
1770379982760703778 101715572
1770379982862402925 101699147
1770379982964102349 101699424
1770379983065829625 101727276
1770379983167571215 101741590
1770379983269276842 101705627
1770379983371071840 101794998
1770379983472810615 101738775
1770379983574502872 101692257
1770379983676182221 101679349
1770379983777937681 101755460
1770379983879601715 101664034
1770379983981345009 101743294
1770379984083051691 101706682
1770379984184780873 101729182
1770379984286467221 101686348
1770379984388217440 101750219
1770379984489987974 101770534
1770379984591666674 101678700
1770379984693328226 101661552
1770379984795042092 101713866
1770379984896705422 101663330
1770379984998437659 101732237
1770379985100121284 101683625
1770379985201840539 101719255
1770379985303603276 101762737
1770379985405300549 101697273
1770379985506982248 101681699
1770379985608636984 101654736
1770379985710344665 101707681
1770379985812013975 101669310
1770379985913731101 101717126
1770379986015427559 101696458
1770379986117170683 101743124
1770379986218869437 101698754
1770379986320626154 101756717
1770379986422323501 101697347
1770379986524013014 101689513
1770379986625673675 101660661
1770379986727373929 101700254
1770379986829065386 101691457
1770379986930750011 101684625
1770379987032422505 101672494
1770379987134150202 101727697
1770379987235843233 101693031
1770379987337601764 101758531
1770379987439337795 101736031
1770379987541013400 101675605
1770379987642695912 101682512
1770379987744362424 101666512
1770379987846070566 101708142
1770379987947782819 101712253
1770379988049457997 101675178
1770379988151225620 101767623
1770379988252959076 101733456
1770379988354780180 101821104
1770379988456481747 101701567
1770379988558198684 101716937
1770379988659871121 101672437
1770379988761546058 101674937
1770379988863270033 101723975
1770379988964973470 101703437
1770379989066717592 101744122
1770379989168475362 101757770
1770379989270196391 101721029
1770379989371968402 101772011
1770379989473678098 101709696
1770379989575350238 101672140
1770379989677014896 101664658
1770379989778718610 101703714
1770379989880402269 101683659
1770379989982079057 101676788
1770379990083739640 101660583
1770379990185387224 101647584
1770379990287058437 101671213
1770379990388842613 101784176
1770379990490633882 101791269
1770379990592328855 101694973
1770379990694000827 101671972
1770379990795692781 101691954
1770379990897357809 101665028
1770379990999092393 101734584
1770379991100801235 101708842
1770379991202542021 101740786
1770379991304216234 101674213
1770379991405995076 101778842
1770379991507730399 101735323
1770379991609387741 101657342
1770379991711073379 101685638
1770379991812746981 101673602
1770379991914385341 101638360
1770379992016043090 101657749
1770379992117796450 101753360
1770379992219484272 101687822
1770379992321214410 101730138
1770379992422913899 101699489
1770379992524604462 101690563
1770379992626262192 101657730
1770379992727933570 101671378
1770379992829593911 101660341
1770379992931297215 101703304
1770379993032994797 101697582
1770379993134690933 101696136
1770379993236386255 101695322
1770379993338176706 101790451
1770379993439868343 101691637
1770379993541545516 101677173
1770379993643204727 101659211
1770379993744862733 101658006
1770379993846521277 101658544
1770379993948166432 101645155
1770379994049832216 101665784
1770379994151506981 101674765
1770379994253163746 101656765
1770379994354903456 101739710
1770379994456577147 101673691
1770379994558252672 101675525
1770379994659897307 101644635
1770379994761564683 101667376
1770379994863207356 101642673
1770379994964862325 101654969
1770379995066510627 101648302
1770379995168219928 101709301
1770379995269908267 101688339
1770379995371623623 101715356
1770379995473306388 101682765
1770379995575016948 101710560
1770379995676676324 101659376
1770379995778335551 101659227
1770379995879976630 101641079
1770379995981619764 101643134
1770379996083286213 101666449
1770379996184932495 101646282
1770379996286619406 101686911
1770379996388338096 101718690
1770379996490046952 101708856
1770379996591693771 101646819
1770379996693336775 101643004
1770379996795100353 101763578
1770379996896822876 101722523
1770379996998485380 101662504
1770379997100151365 101665985
1770379997201817053 101665688
1770379997303468149 101651096
1770379997405220875 101752726
1770379997506919156 101698281
1770379997608576714 101657558
1770379997710223347 101646633
1770379997811882943 101659596
1770379997913515520 101632577
1770379998015198209 101682689
1770379998116897452 101699243
1770379998218623010 101725558
1770379998320291771 101668761
1770379998422043719 101751948
1770379998523727147 101683428
1770379998625420816 101693669
1770379998727110652 101689836
1770379998828810895 101700243
1770379998930496601 101685706
1770379999032155844 101659243
1770379999133830012 101674168
1770379999235484588 101654576
1770379999337145608 101661020
1770379999438926480 101780872
1770379999540632908 101706428
1770379999642300298 101667390
1770379999743944633 101644335
1770379999845576801 101632168
1770379999947242376 101665575
1770380000048894711 101652335
1770380000150572063 101677352
1770380000252198712 101626649
1770380000353977342 101778630
1770380000455674047 101696705
1770380000557348788 101674741
1770380000659027307 101678519
1770380000760686326 101659019
1770380000862340123 101653797
1770380000963973828 101633705
1770380001065614272 101640444
1770380001167361310 101747038
1770380001269072680 101711370
1770380001370792883 101720203
1770380001472478383 101685500
1770380001574140735 101662352
1770380001675792716 101651981
1770380001777409734 101617018
1770380001879056863 101647129
1770380001980700030 101643167
1770380002082366584 101666554
1770380002184028676 101662092
1770380002285660082 101631406
1770380002387377340 101717258
1770380002489077451 101700111
1770380002590763949 101686498
1770380002692392207 101628258
1770380002794049540 101657333
1770380002895728557 101679017
1770380002997395334 101666777
1770380003099120628 101725294
1770380003200796163 101675535
1770380003302481310 101685147
1770380003405091700 102610390
1770380003506801254 101709554
1770380003608466381 101665127
1770380003710168972 101702591
1770380003811831952 101662980
1770380003913475394 101643442
1770380004015129929 101654535
1770380004116787019 101657090
1770380004218430072 101643053
1770380004320066791 101636719
1770380004421787677 101720886
1770380004523478767 101691090
1770380004625157042 101678275
1770380004726840947 101683905
1770380004828490425 101649478
1770380004930187923 101697498
1770380005031885976 101698053
1770380005133525194 101639218
1770380005235166060 101640866
1770380005336814149 101648089
1770380005438561294 101747145
1770380005540244124 101682830
1770380005641923305 101679181
1770380005743568765 101645460
1770380005845245668 101676903
1770380005946912720 101667052
1770380006048574217 101661497
1770380006150228175 101653958
1770380006251850411 101622236
1770380006353493833 101643422
1770380006455191273 101697440
1770380006556893768 101702495
1770380006658561875 101668107
