1772179174215544761 R2_IDLE_A seconds=60 actions=B
1772179234217377440 SKIP_PROBE_A seconds=60
1772179294219122348 R2_IDLE_B seconds=30 actions=B
1772179324222877779 PROBE_B_START program=low
1772179324294276071 PROBE_B_END program=low
1772179324496912720 PROBE_B_START program=low
1772179324733490914 PROBE_B_END program=low
1772179324936312934 PROBE_B_START program=low
1772179325031664174 PROBE_B_END program=low
1772179325234538399 PROBE_B_START program=low
1772179325331353251 PROBE_B_END program=low
1772179325534132716 PROBE_B_START program=low
1772179325601961359 PROBE_B_END program=low
1772179325804737898 PROBE_B_START program=low
1772179325829911496 PROBE_B_END program=low
1772179326032793868 PROBE_B_START program=low
1772179326057959151 PROBE_B_END program=low
1772179326260625691 PROBE_B_START program=low
1772179326285933529 PROBE_B_END program=low
1772179326488707680 PROBE_B_START program=low
1772179326514006333 PROBE_B_END program=low
1772179326716749670 PROBE_B_START program=low
1772179326741855693 PROBE_B_END program=low
1772179326944598640 PROBE_B_START program=low
1772179326969466108 PROBE_B_END program=low
1772179327171988982 PROBE_B_START program=low
1772179327195973172 PROBE_B_END program=low
1772179327398660305 PROBE_B_START program=low
1772179327425103329 PROBE_B_END program=low
1772179327627914739 PROBE_B_START program=low
1772179327652644967 PROBE_B_END program=low
1772179327855414118 PROBE_B_START program=low
1772179327880611456 PROBE_B_END program=low
1772179328083502460 PROBE_B_START program=low
1772179328107400243 PROBE_B_END program=low
1772179328310097987 PROBE_B_START program=low
1772179328382778243 PROBE_B_END program=low
1772179328585536877 PROBE_B_START program=low
1772179328677077877 PROBE_B_END program=low
1772179328879826140 PROBE_B_START program=low
1772179328969512732 PROBE_B_END program=low
1772179329172073588 PROBE_B_START program=low
1772179329262594329 PROBE_B_END program=low
1772179329465258593 PROBE_B_START program=low
1772179329542625331 PROBE_B_END program=low
1772179329745268595 PROBE_B_START program=low
1772179329770309211 PROBE_B_END program=low
1772179329973049771 PROBE_B_START program=low
1772179329998062202 PROBE_B_END program=low
1772179330200725300 PROBE_B_START program=low
1772179330224774120 PROBE_B_END program=low
1772179330427466384 PROBE_B_START program=low
1772179330452002889 PROBE_B_END program=low
1772179330654738061 PROBE_B_START program=low
1772179330679442622 PROBE_B_END program=low
1772179330882214794 PROBE_B_START program=low
1772179330906820558 PROBE_B_END program=low
1772179331110461823 PROBE_B_START program=low
1772179331136796477 PROBE_B_END program=low
1772179331339684223 PROBE_B_START program=low
1772179331364760821 PROBE_B_END program=low
1772179331567556938 PROBE_B_START program=low
1772179331642088750 PROBE_B_END program=low
1772179331844840441 PROBE_B_START program=low
1772179331934629553 PROBE_B_END program=low
1772179332137304485 PROBE_B_START program=low
1772179332228982726 PROBE_B_END program=low
1772179332431727381 PROBE_B_START program=low
1772179332526001216 PROBE_B_END program=low
1772179332728728296 PROBE_B_START program=low
1772179332811363258 PROBE_B_END program=low
1772179333014074617 PROBE_B_START program=low
1772179333039176363 PROBE_B_END program=low
1772179333242046055 PROBE_B_START program=low
1772179333266865042 PROBE_B_END program=low
1772179333469635660 PROBE_B_START program=low
1772179333494526665 PROBE_B_END program=low
1772179333697178635 PROBE_B_START program=low
1772179333721778215 PROBE_B_END program=low
1772179333924524407 PROBE_B_START program=low
1772179333949061319 PROBE_B_END program=low
1772179334151783697 PROBE_B_START program=low
1772179334176553425 PROBE_B_END program=low
1772179334379200895 PROBE_B_START program=low
1772179334402707974 PROBE_B_END program=low
1772179334605392389 PROBE_B_START program=low
1772179334630302673 PROBE_B_END program=low
1772179334833054088 PROBE_B_START program=low
1772179334903893899 PROBE_B_END program=low
1772179335106703852 PROBE_B_START program=low
1772179335386714599 PROBE_B_END program=low
1772179335589391107 PROBE_B_START program=low
1772179335679024127 PROBE_B_END program=low
1772179335881707858 PROBE_B_START program=low
1772179335970224340 PROBE_B_END program=low
1772179336172931293 PROBE_B_START program=low
1772179336258847183 PROBE_B_END program=low
1772179336461645377 PROBE_B_START program=low
1772179336486416419 PROBE_B_END program=low
1772179336689063521 PROBE_B_START program=low
1772179336713232526 PROBE_B_END program=low
1772179336916060257 PROBE_B_START program=low
1772179336941070003 PROBE_B_END program=low
1772179337143967976 PROBE_B_START program=low
1772179337168724722 PROBE_B_END program=low
1772179337371928657 PROBE_B_START program=low
1772179337401107256 PROBE_B_END program=low
1772179337604125988 PROBE_B_START program=low
1772179337629035790 PROBE_B_END program=low
1772179337831867281 PROBE_B_START program=low
1772179337909277891 PROBE_B_END program=low
1772179338112093734 PROBE_B_START program=low
1772179338136902017 PROBE_B_END program=low
1772179338339732861 PROBE_B_START program=low
1772179338453502702 PROBE_B_END program=low
1772179338656231545 PROBE_B_START program=low
1772179338786467982 PROBE_B_END program=low
1772179338989176955 PROBE_B_START program=low
1772179339079965754 PROBE_B_END program=low
1772179339282730913 PROBE_B_START program=low
1772179339372881823 PROBE_B_END program=low
1772179339575553481 PROBE_B_START program=low
1772179339653446462 PROBE_B_END program=low
1772179339856257417 PROBE_B_START program=low
1772179339902429298 PROBE_B_END program=low
1772179340105232420 PROBE_B_START program=low
1772179340130229889 PROBE_B_END program=low
1772179340333055974 PROBE_B_START program=low
1772179340357691739 PROBE_B_END program=low
1772179340560379102 PROBE_B_START program=low
1772179340584716608 PROBE_B_END program=low
1772179340787710952 PROBE_B_START program=low
1772179340812868662 PROBE_B_END program=low
1772179341015700950 PROBE_B_START program=low
1772179341040693642 PROBE_B_END program=low
1772179341243600135 PROBE_B_START program=low
1772179341268354770 PROBE_B_END program=low
1772179341471277986 PROBE_B_START program=low
1772179341495914973 PROBE_B_END program=low
1772179341698811818 PROBE_B_START program=low
1772179341808042677 PROBE_B_END program=low
1772179342010762374 PROBE_B_START program=low
1772179342136370868 PROBE_B_END program=low
1772179342339165306 PROBE_B_START program=low
1772179342427900031 PROBE_B_END program=low
1772179342630512543 PROBE_B_START program=low
1772179342719438953 PROBE_B_END program=low
1772179342922195447 PROBE_B_START program=low
1772179343008199394 PROBE_B_END program=low
1772179343210874610 PROBE_B_START program=low
1772179343236520765 PROBE_B_END program=low
1772179343439453203 PROBE_B_START program=low
1772179343534351708 PROBE_B_END program=low
1772179343737064276 PROBE_B_START program=low
1772179343839205820 PROBE_B_END program=low
1772179344041910073 PROBE_B_START program=low
1772179344297521063 PROBE_B_END program=low
1772179344500338724 PROBE_B_START program=low
1772179344591057080 PROBE_B_END program=low
1772179344793808667 PROBE_B_START program=low
1772179344881753745 PROBE_B_END program=low
1772179345084514221 PROBE_B_START program=low
1772179345111753191 PROBE_B_END program=low
1772179345314599168 PROBE_B_START program=low
1772179345339361026 PROBE_B_END program=low
1772179345542160410 PROBE_B_START program=low
1772179345567183398 PROBE_B_END program=low
1772179345769924189 PROBE_B_START program=low
1772179345824878296 PROBE_B_END program=low
1772179346027638661 PROBE_B_START program=low
1772179346075765229 PROBE_B_END program=low
1772179346278615262 PROBE_B_START program=low
1772179346368645470 PROBE_B_END program=low
1772179346571537392 PROBE_B_START program=low
1772179346708910964 PROBE_B_END program=low
1772179346911645775 PROBE_B_START program=low
1772179347000391742 PROBE_B_END program=low
1772179347203192053 PROBE_B_START program=low
1772179347285793926 PROBE_B_END program=low
1772179347488647330 PROBE_B_START program=low
1772179347579039927 PROBE_B_END program=low
1772179347781781275 PROBE_B_START program=low
1772179347871485446 PROBE_B_END program=low
1772179348074223332 PROBE_B_START program=low
1772179348162163947 PROBE_B_END program=low
1772179348364878407 PROBE_B_START program=low
1772179348440294501 PROBE_B_END program=low
1772179348643093165 PROBE_B_START program=low
1772179348668101227 PROBE_B_END program=low
1772179348870932390 PROBE_B_START program=low
1772179348895215378 PROBE_B_END program=low
1772179349098025301 PROBE_B_START program=low
1772179349122846919 PROBE_B_END program=low
1772179349325613750 PROBE_B_START program=low
1772179349350392942 PROBE_B_END program=low
1772179349553133291 PROBE_B_START program=low
1772179349577912909 PROBE_B_END program=low
1772179349783680888 PROBE_B_START program=low
1772179349809343599 PROBE_B_END program=low
1772179350012303763 PROBE_B_START program=low
1772179350083734301 PROBE_B_END program=low
1772179350286511614 PROBE_B_START program=low
1772179350383347324 PROBE_B_END program=low
1772179350586157711 PROBE_B_START program=low
1772179350684033108 PROBE_B_END program=low
1772179350886600217 PROBE_B_START program=low
1772179351132452857 PROBE_B_END program=low
1772179351335195892 PROBE_B_START program=low
1772179351443305273 PROBE_B_END program=low
1772179351646106735 PROBE_B_START program=low
1772179351681198837 PROBE_B_END program=low
1772179351884138298 PROBE_B_START program=low
1772179351909019731 PROBE_B_END program=low
1772179352111780600 PROBE_B_START program=low
1772179352136594737 PROBE_B_END program=low
1772179352339413421 PROBE_B_START program=low
1772179352364267539 PROBE_B_END program=low
1772179352567151686 PROBE_B_START program=low
1772179352592024878 PROBE_B_END program=low
1772179352794850600 PROBE_B_START program=low
1772179352819425903 PROBE_B_END program=low
1772179353022116384 PROBE_B_START program=low
1772179353047274594 PROBE_B_END program=low
1772179353250102242 PROBE_B_START program=low
1772179353274896286 PROBE_B_END program=low
1772179353477707452 PROBE_B_START program=low
1772179353549637213 PROBE_B_END program=low
1772179353752399731 PROBE_B_START program=low
1772179353845836220 PROBE_B_END program=low
1772179354048648238 PROBE_B_START program=low
1772179354141441930 PROBE_B_END program=low
1772179354344398838 PROBE_B_START program=low
1772179354437917605 PROBE_B_END program=low
1772179354640842864 PROBE_B_START program=low
1772179354721681998 PROBE_B_END program=low
1772179354924933202 PROBE_B_START program=low
1772179354950858080 PROBE_B_END program=low
1772179355153701451 PROBE_B_START program=low
1772179355178954736 PROBE_B_END program=low
1772179355381717792 PROBE_B_START program=low
1772179355406545947 PROBE_B_END program=low
1772179355609431615 PROBE_B_START program=low
1772179355634555788 PROBE_B_END program=low
1772179355837447956 PROBE_B_START program=low
1772179355862629352 PROBE_B_END program=low
1772179356065339798 PROBE_B_START program=low
1772179356089469378 PROBE_B_END program=low
1772179356292129991 PROBE_B_START program=low
1772179356317123517 PROBE_B_END program=low
1772179356519979074 PROBE_B_START program=low
1772179356544868655 PROBE_B_END program=low
1772179356747690378 PROBE_B_START program=low
1772179356819302213 PROBE_B_END program=low
1772179357022051030 PROBE_B_START program=low
1772179357113588574 PROBE_B_END program=low
1772179357316303521 PROBE_B_START program=low
1772179357407204787 PROBE_B_END program=low
1772179357610034067 PROBE_B_START program=low
1772179357700578204 PROBE_B_END program=low
1772179357903420021 PROBE_B_START program=low
1772179357982217636 PROBE_B_END program=low
1772179358184893324 PROBE_B_START program=low
1772179358209468701 PROBE_B_END program=low
1772179358412167741 PROBE_B_START program=low
1772179358436668859 PROBE_B_END program=low
1772179358639536436 PROBE_B_START program=low
1772179358664391369 PROBE_B_END program=low
1772179358867280464 PROBE_B_START program=low
1772179358892146878 PROBE_B_END program=low
1772179359095034918 PROBE_B_START program=low
1772179359119886722 PROBE_B_END program=low
1772179359322757040 PROBE_B_START program=low
1772179359347789047 PROBE_B_END program=low
1772179359550551532 PROBE_B_START program=low
1772179359575538891 PROBE_B_END program=low
1772179359778287598 PROBE_B_START program=low
1772179359802917457 PROBE_B_END program=low
1772179360005637886 PROBE_B_START program=low
1772179360078873166 PROBE_B_END program=low
1772179360281643911 PROBE_B_START program=low
1772179360372122752 PROBE_B_END program=low
1772179360574982404 PROBE_B_START program=low
1772179360670615802 PROBE_B_END program=low
1772179360873404806 PROBE_B_START program=low
1772179360971649427 PROBE_B_END program=low
1772179361174424098 PROBE_B_START program=low
1772179361428557581 PROBE_B_END program=low
1772179361631308770 PROBE_B_START program=low
1772179361787314075 PROBE_B_END program=low
1772179361990277172 PROBE_B_START program=low
1772179362015190309 PROBE_B_END program=low
1772179362217766907 PROBE_B_START program=low
1772179362241459914 PROBE_B_END program=low
1772179362444075511 PROBE_B_START program=low
1772179362468417000 PROBE_B_END program=low
1772179362671053097 PROBE_B_START program=low
1772179362695237252 PROBE_B_END program=low
1772179362897869813 PROBE_B_START program=low
1772179362922166468 PROBE_B_END program=low
1772179363124795047 PROBE_B_START program=low
1772179363149240110 PROBE_B_END program=low
1772179363351850967 PROBE_B_START program=low
1772179363376682067 PROBE_B_END program=low
1772179363579504184 PROBE_B_START program=low
1772179363605919859 PROBE_B_END program=low
1772179363808701864 PROBE_B_START program=low
1772179363834020001 PROBE_B_END program=low
1772179364036736025 PROBE_B_START program=low
1772179364061951551 PROBE_B_END program=low
1772179364264831650 PROBE_B_START program=low
1772179364290426509 PROBE_B_END program=low
1772179364493192793 PROBE_B_START program=low
1772179364518236430 PROBE_B_END program=low
1772179364720903529 PROBE_B_START program=low
1772179364745424944 PROBE_B_END program=low
1772179364948148264 PROBE_B_START program=low
1772179364972947661 PROBE_B_END program=low
1772179365175695667 PROBE_B_START program=low
1772179365200338045 PROBE_B_END program=low
1772179365403020496 PROBE_B_START program=low
1772179365427101781 PROBE_B_END program=low
1772179365629816677 PROBE_B_START program=low
1772179365654551517 PROBE_B_END program=low
1772179365857311098 PROBE_B_START program=low
1772179365882471550 PROBE_B_END program=low
1772179366085246168 PROBE_B_START program=low
1772179366110193602 PROBE_B_END program=low
1772179366313040072 PROBE_B_START program=low
1772179366386274668 PROBE_B_END program=low
1772179366588901638 PROBE_B_START program=low
1772179366685555038 PROBE_B_END program=low
1772179366888277064 PROBE_B_START program=low
1772179366979797555 PROBE_B_END program=low
1772179367182790026 PROBE_B_START program=low
1772179367275378758 PROBE_B_END program=low
1772179367478195766 PROBE_B_START program=low
1772179367556038327 PROBE_B_END program=low
1772179367758831334 PROBE_B_START program=low
1772179367786260806 PROBE_B_END program=low
1772179367989146314 PROBE_B_START program=low
1772179368014025229 PROBE_B_END program=low
1772179368216816885 PROBE_B_START program=low
1772179368241721522 PROBE_B_END program=low
1772179368444439605 PROBE_B_START program=low
1772179368468146686 PROBE_B_END program=low
1772179368670949231 PROBE_B_START program=low
1772179368695583665 PROBE_B_END program=low
1772179368898362599 PROBE_B_START program=low
1772179368922563199 PROBE_B_END program=low
1772179369125202411 PROBE_B_START program=low
1772179369149397252 PROBE_B_END program=low
1772179369352246298 PROBE_B_START program=low
1772179369380991437 PROBE_B_END program=low
1772179369583838093 PROBE_B_START program=low
1772179369656475672 PROBE_B_END program=low
1772179369859207199 PROBE_B_START program=low
1772179369950237098 PROBE_B_END program=low
1772179370152995441 PROBE_B_START program=low
1772179370246699360 PROBE_B_END program=low
1772179370449579091 PROBE_B_START program=low
1772179370537933582 PROBE_B_END program=low
1772179370740682777 PROBE_B_START program=low
1772179370818704024 PROBE_B_END program=low
1772179371021521070 PROBE_B_START program=low
1772179371046687448 PROBE_B_END program=low
1772179371249462532 PROBE_B_START program=low
1772179371273579225 PROBE_B_END program=low
1772179371476337846 PROBE_B_START program=low
1772179371501054484 PROBE_B_END program=low
1772179371703849345 PROBE_B_START program=low
1772179371728656890 PROBE_B_END program=low
1772179371931369030 PROBE_B_START program=low
1772179371955939649 PROBE_B_END program=low
1772179372158801251 PROBE_B_START program=low
1772179372183641648 PROBE_B_END program=low
1772179372386353418 PROBE_B_START program=low
1772179372411326352 PROBE_B_END program=low
1772179372614133603 PROBE_B_START program=low
1772179372638987296 PROBE_B_END program=low
1772179372841800880 PROBE_B_START program=low
1772179372914105441 PROBE_B_END program=low
1772179373116805118 PROBE_B_START program=low
1772179373207577778 PROBE_B_END program=low
1772179373410300844 PROBE_B_START program=low
1772179373500204762 PROBE_B_END program=low
1772179373703176421 PROBE_B_START program=low
1772179373800977787 PROBE_B_END program=low
1772179374003720612 PROBE_B_START program=low
1772179374090799104 PROBE_B_END program=low
1772179374293615800 PROBE_B_START program=low
1772179374318868753 PROBE_B_END program=low
1772179374522122339 PROBE_B_START program=low
1772179374548231162 PROBE_B_END program=low
1772179374751178748 PROBE_B_START program=low
1772179374775876034 PROBE_B_END program=low
1772179374978735897 PROBE_B_START program=low
1772179375003621812 PROBE_B_END program=low
1772179375206533602 PROBE_B_START program=low
1772179375231289129 PROBE_B_END program=low
1772179375434194622 PROBE_B_START program=low
1772179375458776797 PROBE_B_END program=low
1772179375661427235 PROBE_B_START program=low
1772179375687028299 PROBE_B_END program=low
1772179375889851052 PROBE_B_START program=low
1772179375914518819 PROBE_B_END program=low
1772179376117316350 PROBE_B_START program=low
1772179376189866170 PROBE_B_END program=low
1772179376392557646 PROBE_B_START program=low
1772179376641693933 PROBE_B_END program=low
1772179376844513556 PROBE_B_START program=low
1772179377095363011 PROBE_B_END program=low
1772179377298119987 PROBE_B_START program=low
1772179377389697722 PROBE_B_END program=low
1772179377592519161 PROBE_B_START program=low
1772179377682979636 PROBE_B_END program=low
1772179377885638667 PROBE_B_START program=low
1772179377909780249 PROBE_B_END program=low
1772179378112623522 PROBE_B_START program=low
1772179378137472808 PROBE_B_END program=low
1772179378340210303 PROBE_B_START program=low
1772179378364944682 PROBE_B_END program=low
1772179378567797454 PROBE_B_START program=low
1772179378592630537 PROBE_B_END program=low
1772179378795400125 PROBE_B_START program=low
1772179378819615596 PROBE_B_END program=low
1772179379022408757 PROBE_B_START program=low
1772179379046811766 PROBE_B_END program=low
1772179379249582280 PROBE_B_START program=low
1772179379274428844 PROBE_B_END program=low
1772179379477296599 PROBE_B_START program=low
1772179379502108700 PROBE_B_END program=low
1772179379705043899 PROBE_B_START program=low
1772179379781848962 PROBE_B_END program=low
1772179379984551976 PROBE_B_START program=low
1772179380077777434 PROBE_B_END program=low
1772179380280587856 PROBE_B_START program=low
1772179380370114017 PROBE_B_END program=low
1772179380572918124 PROBE_B_START program=low
1772179380664256767 PROBE_B_END program=low
1772179380866935837 PROBE_B_START program=low
1772179380943042030 PROBE_B_END program=low
1772179381145734656 PROBE_B_START program=low
1772179381172799573 PROBE_B_END program=low
1772179381375647903 PROBE_B_START program=low
1772179381400327819 PROBE_B_END program=low
1772179381603207112 PROBE_B_START program=low
1772179381627952472 PROBE_B_END program=low
1772179381830661209 PROBE_B_START program=low
1772179381854887496 PROBE_B_END program=low
1772179382057718807 PROBE_B_START program=low
1772179382082423649 PROBE_B_END program=low
1772179382285161942 PROBE_B_START program=low
1772179382309911173 PROBE_B_END program=low
1772179382512588652 PROBE_B_START program=low
1772179382536466401 PROBE_B_END program=low
1772179382739027454 PROBE_B_START program=low
1772179382798894734 PROBE_B_END program=low
1772179383001612268 PROBE_B_START program=low
1772179383098221061 PROBE_B_END program=low
1772179383300912522 PROBE_B_START program=low
1772179383389390257 PROBE_B_END program=low
1772179383592074458 PROBE_B_START program=low
1772179383681196638 PROBE_B_END program=low
1772179383883948839 PROBE_B_START program=low
1772179383980582336 PROBE_B_END program=low
1772179384183242797 R2_IDLE_C seconds=30 actions=B
1772179414185122142 SKIP_PROBE_C seconds=60
