1770412793239059572 C1_BASELINE_START
1770412853240874183 C1_BASELINE_END
1770412853243965670 C1_INTERVENTION_START
1770413033247360127 C1_INTERVENTION_END
1770413033248020183 C1_RECOVERY_R1_START
1770413213249653351 C1_RECOVERY_R1_END
1770413213250687704 C1_RECOVERY_R2_START
1770413513150477082 C1_RECOVERY_R2_END
1770413513151584787 C1_POSTBASELINE_START
1770413573153507283 C1_POSTBASELINE_END
1770413573155804027 C2_BASELINE_START
1770413633157759903 C2_BASELINE_END
1770413633161047222 C2_INTERVENTION_START
1770413813165727593 C2_INTERVENTION_END
1770413813166749837 C2_RECOVERY_R1_START
1770413993168668899 C2_RECOVERY_R1_END
1770413993169746568 C2_RECOVERY_R2_START
1770414293060693380 C2_RECOVERY_R2_END
1770414293061765567 C2_POSTBASELINE_START
1770414353063722089 C2_POSTBASELINE_END
1770414353066028946 C3_BASELINE_START
1770414413067987944 C3_BASELINE_END
1770414413071266117 C3_INTERVENTION_START
1770414593075146818 C3_INTERVENTION_END
1770414593076025227 C3_RECOVERY_R1_START
1770414773077721258 C3_RECOVERY_R1_END
1770414773078786778 C3_RECOVERY_R2_START
1770415073078007400 C3_RECOVERY_R2_END
1770415073079085402 C3_POSTBASELINE_START
1770415133081039988 C3_POSTBASELINE_END
