1771960947223150109 R2_IDLE_A seconds=60 actions=B
1771961007224997923 SKIP_PROBE_A seconds=60
1771961067226816404 R2_IDLE_B seconds=30 actions=B
1771961097230582440 PROBE_B_START program=low
1771961097240646415 PROBE_B_END program=low
1771961097443462646 PROBE_B_START program=low
1771961097453412750 PROBE_B_END program=low
1771961097656212129 PROBE_B_START program=low
1771961097666208752 PROBE_B_END program=low
1771961097869016668 PROBE_B_START program=low
1771961097879002772 PROBE_B_END program=low
1771961098081678651 PROBE_B_START program=low
1771961098091128254 PROBE_B_END program=low
1771961098293822669 PROBE_B_START program=low
1771961098303780477 PROBE_B_END program=low
1771961098506544837 PROBE_B_START program=low
1771961098516506885 PROBE_B_END program=low
1771961098719298653 PROBE_B_START program=low
1771961098729285942 PROBE_B_END program=low
1771961098932081543 PROBE_B_START program=low
1771961098942340204 PROBE_B_END program=low
1771961099145219267 PROBE_B_START program=low
1771961099155791818 PROBE_B_END program=low
1771961099358561270 PROBE_B_START program=low
1771961099368620004 PROBE_B_END program=low
1771961099571419271 PROBE_B_START program=low
1771961099581374264 PROBE_B_END program=low
1771961099784157272 PROBE_B_START program=low
1771961099794093450 PROBE_B_END program=low
1771961100000881211 PROBE_B_START program=low
1771961100011237279 PROBE_B_END program=low
1771961100214021879 PROBE_B_START program=low
1771961100224059539 PROBE_B_END program=low
1771961100426843453 PROBE_B_START program=low
1771961100436798854 PROBE_B_END program=low
1771961100639571861 PROBE_B_START program=low
1771961100649575891 PROBE_B_END program=low
1771961100852350528 PROBE_B_START program=low
1771961100862289429 PROBE_B_END program=low
1771961101065158732 PROBE_B_START program=low
1771961101075236170 PROBE_B_END program=low
1771961101278011232 PROBE_B_START program=low
1771961101288754191 PROBE_B_END program=low
1771961101491627216 PROBE_B_START program=low
1771961101501626006 PROBE_B_END program=low
1771961101704352105 PROBE_B_START program=low
1771961101714299820 PROBE_B_END program=low
1771961101916993456 PROBE_B_START program=low
1771961101926345577 PROBE_B_END program=low
1771961102128910657 PROBE_B_START program=low
1771961102137887425 PROBE_B_END program=low
1771961102340678116 PROBE_B_START program=low
1771961102350722998 PROBE_B_END program=low
1771961102553554560 PROBE_B_START program=low
1771961102563661647 PROBE_B_END program=low
1771961102766538153 PROBE_B_START program=low
1771961102776660221 PROBE_B_END program=low
1771961102979558542 PROBE_B_START program=low
1771961102989604850 PROBE_B_END program=low
1771961103192325504 PROBE_B_START program=low
1771961103201867607 PROBE_B_END program=low
1771961103404711742 PROBE_B_START program=low
1771961103414730717 PROBE_B_END program=low
1771961103617536371 PROBE_B_START program=low
1771961103627900328 PROBE_B_END program=low
1771961103830749464 PROBE_B_START program=low
1771961103841361663 PROBE_B_END program=low
1771961104044212261 PROBE_B_START program=low
1771961104054274903 PROBE_B_END program=low
1771961104257147760 PROBE_B_START program=low
1771961104267268772 PROBE_B_END program=low
1771961104470079314 PROBE_B_START program=low
1771961104480166012 PROBE_B_END program=low
1771961104682982795 PROBE_B_START program=low
1771961104693045955 PROBE_B_END program=low
1771961104895909368 PROBE_B_START program=low
1771961104905987028 PROBE_B_END program=low
1771961105108808070 PROBE_B_START program=low
1771961105118870304 PROBE_B_END program=low
1771961105321606864 PROBE_B_START program=low
1771961105331141912 PROBE_B_END program=low
1771961105533826120 PROBE_B_START program=low
1771961105543435816 PROBE_B_END program=low
1771961105746222580 PROBE_B_START program=low
1771961105756335870 PROBE_B_END program=low
1771961105959217856 PROBE_B_START program=low
1771961105969598369 PROBE_B_END program=low
1771961106172971856 PROBE_B_START program=low
1771961106184646522 PROBE_B_END program=low
1771961106387492952 PROBE_B_START program=low
1771961106397516741 PROBE_B_END program=low
1771961106600356264 PROBE_B_START program=low
1771961106610488184 PROBE_B_END program=low
1771961106813375559 PROBE_B_START program=low
1771961106823501460 PROBE_B_END program=low
1771961107026352964 PROBE_B_START program=low
1771961107036502625 PROBE_B_END program=low
1771961107239391555 PROBE_B_START program=low
1771961107249479233 PROBE_B_END program=low
1771961107452398682 PROBE_B_START program=low
1771961107462416360 PROBE_B_END program=low
1771961107665352050 PROBE_B_START program=low
1771961107675559859 PROBE_B_END program=low
1771961107878436881 PROBE_B_START program=low
1771961107888893079 PROBE_B_END program=low
1771961108091817343 PROBE_B_START program=low
1771961108101907762 PROBE_B_END program=low
1771961108304836173 PROBE_B_START program=low
1771961108315387298 PROBE_B_END program=low
1771961108518124264 PROBE_B_START program=low
1771961108528255683 PROBE_B_END program=low
1771961108731076353 PROBE_B_START program=low
1771961108741167847 PROBE_B_END program=low
1771961108943995869 PROBE_B_START program=low
1771961108953959103 PROBE_B_END program=low
1771961109156760235 PROBE_B_START program=low
1771961109166876470 PROBE_B_END program=low
1771961109369593546 PROBE_B_START program=low
1771961109379189872 PROBE_B_END program=low
1771961109581954597 PROBE_B_START program=low
1771961109592028090 PROBE_B_END program=low
1771961109794894130 PROBE_B_START program=low
1771961109805037717 PROBE_B_END program=low
1771961110007911849 PROBE_B_START program=low
1771961110017988695 PROBE_B_END program=low
1771961110220762586 PROBE_B_START program=low
1771961110230791764 PROBE_B_END program=low
1771961110433528915 PROBE_B_START program=low
1771961110442614368 PROBE_B_END program=low
1771961110645392444 PROBE_B_START program=low
1771961110656136088 PROBE_B_END program=low
1771961110858946831 PROBE_B_START program=low
1771961110869030547 PROBE_B_END program=low
1771961111071889957 PROBE_B_START program=low
1771961111081963246 PROBE_B_END program=low
1771961111284800304 PROBE_B_START program=low
1771961111294962816 PROBE_B_END program=low
1771961111497720411 PROBE_B_START program=low
1771961111507735700 PROBE_B_END program=low
1771961111710479961 PROBE_B_START program=low
1771961111720520621 PROBE_B_END program=low
1771961111923285179 PROBE_B_START program=low
1771961111933253320 PROBE_B_END program=low
1771961112136000840 PROBE_B_START program=low
1771961112145966055 PROBE_B_END program=low
1771961112348733464 PROBE_B_START program=low
1771961112359127292 PROBE_B_END program=low
1771961112562035756 PROBE_B_START program=low
1771961112572145120 PROBE_B_END program=low
1771961112774881825 PROBE_B_START program=low
1771961112784958819 PROBE_B_END program=low
1771961112987565153 PROBE_B_START program=low
1771961112997516627 PROBE_B_END program=low
1771961113200259128 PROBE_B_START program=low
1771961113210196806 PROBE_B_END program=low
1771961113416785004 PROBE_B_START program=low
1771961113427086128 PROBE_B_END program=low
1771961113629868166 PROBE_B_START program=low
1771961113639858233 PROBE_B_END program=low
1771961113842579160 PROBE_B_START program=low
1771961113852499986 PROBE_B_END program=low
1771961114055245820 PROBE_B_START program=low
1771961114065232646 PROBE_B_END program=low
1771961114268033202 PROBE_B_START program=low
1771961114277910640 PROBE_B_END program=low
1771961114480727177 PROBE_B_START program=low
1771961114490747819 PROBE_B_END program=low
1771961114693547356 PROBE_B_START program=low
1771961114703589905 PROBE_B_END program=low
1771961114906363183 PROBE_B_START program=low
1771961114916823011 PROBE_B_END program=low
1771961115119529956 PROBE_B_START program=low
1771961115129784672 PROBE_B_END program=low
1771961115332687357 PROBE_B_START program=low
1771961115343183556 PROBE_B_END program=low
1771961115545822685 PROBE_B_START program=low
1771961115554766564 PROBE_B_END program=low
1771961115757471934 PROBE_B_START program=low
1771961115767481094 PROBE_B_END program=low
1771961115970236705 PROBE_B_START program=low
1771961115980286994 PROBE_B_END program=low
1771961116183050587 PROBE_B_START program=low
1771961116193078987 PROBE_B_END program=low
1771961116395849913 PROBE_B_START program=low
1771961116405763072 PROBE_B_END program=low
1771961116608455349 PROBE_B_START program=low
1771961116617999971 PROBE_B_END program=low
1771961116820823674 PROBE_B_START program=low
1771961116830905371 PROBE_B_END program=low
1771961117033802241 PROBE_B_START program=low
1771961117043902735 PROBE_B_END program=low
1771961117246707827 PROBE_B_START program=low
1771961117256680838 PROBE_B_END program=low
1771961117459432115 PROBE_B_START program=low
1771961117468933847 PROBE_B_END program=low
1771961117671727198 PROBE_B_START program=low
1771961117681465839 PROBE_B_END program=low
1771961117884249171 PROBE_B_START program=low
1771961117894274350 PROBE_B_END program=low
1771961118097160960 PROBE_B_START program=low
1771961118107245175 PROBE_B_END program=low
1771961118310002748 PROBE_B_START program=low
1771961118320139316 PROBE_B_END program=low
1771961118522853962 PROBE_B_START program=low
1771961118532869529 PROBE_B_END program=low
1771961118735505602 PROBE_B_START program=low
1771961118745467095 PROBE_B_END program=low
1771961118948243019 PROBE_B_START program=low
1771961118958119975 PROBE_B_END program=low
1771961119160871418 PROBE_B_START program=low
1771961119170731410 PROBE_B_END program=low
1771961119373462927 PROBE_B_START program=low
1771961119383528309 PROBE_B_END program=low
1771961119586766438 PROBE_B_START program=low
1771961119600067386 PROBE_B_END program=low
1771961119802859717 PROBE_B_START program=low
1771961119813083341 PROBE_B_END program=low
1771961120015989802 PROBE_B_START program=low
1771961120026105240 PROBE_B_END program=low
1771961120228918164 PROBE_B_START program=low
1771961120238904305 PROBE_B_END program=low
1771961120441702655 PROBE_B_START program=low
1771961120451654684 PROBE_B_END program=low
1771961120654496794 PROBE_B_START program=low
1771961120664049526 PROBE_B_END program=low
1771961120866794431 PROBE_B_START program=low
1771961120876831276 PROBE_B_END program=low
1771961121079720200 PROBE_B_START program=low
1771961121089736804 PROBE_B_END program=low
1771961121292589598 PROBE_B_START program=low
1771961121302601628 PROBE_B_END program=low
1771961121505429181 PROBE_B_START program=low
1771961121515568397 PROBE_B_END program=low
1771961121718482635 PROBE_B_START program=low
1771961121728670814 PROBE_B_END program=low
1771961121931625090 PROBE_B_START program=low
1771961121941769972 PROBE_B_END program=low
1771961122144571191 PROBE_B_START program=low
1771961122154868629 PROBE_B_END program=low
1771961122358036331 PROBE_B_START program=low
1771961122368375251 PROBE_B_END program=low
1771961122571170730 PROBE_B_START program=low
1771961122581165982 PROBE_B_END program=low
1771961122783885867 PROBE_B_START program=low
1771961122792895357 PROBE_B_END program=low
1771961122995679947 PROBE_B_START program=low
1771961123005736421 PROBE_B_END program=low
1771961123208584344 PROBE_B_START program=low
1771961123218629374 PROBE_B_END program=low
1771961123421461074 PROBE_B_START program=low
1771961123431473845 PROBE_B_END program=low
1771961123634308675 PROBE_B_START program=low
1771961123644347224 PROBE_B_END program=low
1771961123846970183 PROBE_B_START program=low
1771961123855881950 PROBE_B_END program=low
1771961124058623113 PROBE_B_START program=low
1771961124068719921 PROBE_B_END program=low
1771961124271531510 PROBE_B_START program=low
1771961124281618021 PROBE_B_END program=low
1771961124484455962 PROBE_B_START program=low
1771961124494498548 PROBE_B_END program=low
1771961124697400248 PROBE_B_START program=low
1771961124707770464 PROBE_B_END program=low
1771961124910602423 PROBE_B_START program=low
1771961124920647676 PROBE_B_END program=low
1771961125123387838 PROBE_B_START program=low
1771961125133309775 PROBE_B_END program=low
1771961125336049381 PROBE_B_START program=low
1771961125346026652 PROBE_B_END program=low
1771961125548769110 PROBE_B_START program=low
1771961125558698936 PROBE_B_END program=low
1771961125761407210 PROBE_B_START program=low
1771961125771900871 PROBE_B_END program=low
1771961125974713477 PROBE_B_START program=low
1771961125984726100 PROBE_B_END program=low
1771961126187482206 PROBE_B_START program=low
1771961126197480736 PROBE_B_END program=low
1771961126400299176 PROBE_B_START program=low
1771961126410280983 PROBE_B_END program=low
1771961126613058534 PROBE_B_START program=low
1771961126623090971 PROBE_B_END program=low
1771961126828187973 PROBE_B_START program=low
1771961126838590542 PROBE_B_END program=low
1771961127041251851 PROBE_B_START program=low
1771961127051575400 PROBE_B_END program=low
1771961127254305488 PROBE_B_START program=low
1771961127264322314 PROBE_B_END program=low
1771961127467109531 PROBE_B_START program=low
1771961127477107987 PROBE_B_END program=low
1771961127679853148 PROBE_B_START program=low
1771961127689713474 PROBE_B_END program=low
1771961127892434524 PROBE_B_START program=low
1771961127901782200 PROBE_B_END program=low
1771961128104469731 PROBE_B_START program=low
1771961128114347538 PROBE_B_END program=low
1771961128317118403 PROBE_B_START program=low
1771961128327124025 PROBE_B_END program=low
1771961128529884871 PROBE_B_START program=low
1771961128539893660 PROBE_B_END program=low
1771961128742632192 PROBE_B_START program=low
1771961128752658055 PROBE_B_END program=low
1771961128955363419 PROBE_B_START program=low
1771961128964737373 PROBE_B_END program=low
1771961129167469774 PROBE_B_START program=low
1771961129177475156 PROBE_B_END program=low
1771961129380302205 PROBE_B_START program=low
1771961129390316217 PROBE_B_END program=low
1771961129593026951 PROBE_B_START program=low
1771961129602892573 PROBE_B_END program=low
1771961129805672734 PROBE_B_START program=low
1771961129815595226 PROBE_B_END program=low
1771961130018269220 PROBE_B_START program=low
1771961130027732118 PROBE_B_END program=low
1771961130230456926 PROBE_B_START program=low
1771961130240027214 PROBE_B_END program=low
1771961130442795985 PROBE_B_START program=low
1771961130452890367 PROBE_B_END program=low
1771961130655751083 PROBE_B_START program=low
1771961130665796298 PROBE_B_END program=low
1771961130868638495 PROBE_B_START program=low
1771961130878713914 PROBE_B_END program=low
1771961131081458018 PROBE_B_START program=low
1771961131090490360 PROBE_B_END program=low
1771961131293269279 PROBE_B_START program=low
1771961131303340846 PROBE_B_END program=low
1771961131506072117 PROBE_B_START program=low
1771961131515727534 PROBE_B_END program=low
1771961131718419805 PROBE_B_START program=low
1771961131728016778 PROBE_B_END program=low
1771961131930895697 PROBE_B_START program=low
1771961131941228394 PROBE_B_END program=low
1771961132144038313 PROBE_B_START program=low
1771961132153536545 PROBE_B_END program=low
1771961132356338778 PROBE_B_START program=low
1771961132366466160 PROBE_B_END program=low
1771961132569324579 PROBE_B_START program=low
1771961132579577646 PROBE_B_END program=low
1771961132782400509 PROBE_B_START program=low
1771961132792449743 PROBE_B_END program=low
1771961132995644218 PROBE_B_START program=low
1771961133006434491 PROBE_B_END program=low
1771961133209304891 PROBE_B_START program=low
1771961133219356402 PROBE_B_END program=low
1771961133422181913 PROBE_B_START program=low
1771961133432277517 PROBE_B_END program=low
1771961133635142250 PROBE_B_START program=low
1771961133645165743 PROBE_B_END program=low
1771961133848029068 PROBE_B_START program=low
1771961133858159043 PROBE_B_END program=low
1771961134061028165 PROBE_B_START program=low
1771961134071211880 PROBE_B_END program=low
1771961134273803057 PROBE_B_START program=low
1771961134284087346 PROBE_B_END program=low
1771961134486911412 PROBE_B_START program=low
1771961134496966220 PROBE_B_END program=low
1771961134699924101 PROBE_B_START program=low
1771961134710018075 PROBE_B_END program=low
1771961134912848937 PROBE_B_START program=low
1771961134922969282 PROBE_B_END program=low
1771961135125624903 PROBE_B_START program=low
1771961135134674893 PROBE_B_END program=low
1771961135337449643 PROBE_B_START program=low
1771961135347525710 PROBE_B_END program=low
1771961135550352831 PROBE_B_START program=low
1771961135560430694 PROBE_B_END program=low
1771961135763259389 PROBE_B_START program=low
1771961135773333679 PROBE_B_END program=low
1771961135976258892 PROBE_B_START program=low
1771961135986336071 PROBE_B_END program=low
1771961136189200821 PROBE_B_START program=low
1771961136198720405 PROBE_B_END program=low
1771961136401527470 PROBE_B_START program=low
1771961136411636907 PROBE_B_END program=low
1771961136614532157 PROBE_B_START program=low
1771961136624971373 PROBE_B_END program=low
1771961136827820587 PROBE_B_START program=low
1771961136837834783 PROBE_B_END program=low
1771961137040659144 PROBE_B_START program=low
1771961137050786378 PROBE_B_END program=low
1771961137253637183 PROBE_B_START program=low
1771961137263284934 PROBE_B_END program=low
1771961137466066536 PROBE_B_START program=low
1771961137476193417 PROBE_B_END program=low
1771961137679096408 PROBE_B_START program=low
1771961137689187271 PROBE_B_END program=low
1771961137892095669 PROBE_B_START program=low
1771961137902224737 PROBE_B_END program=low
1771961138105101023 PROBE_B_START program=low
1771961138115204294 PROBE_B_END program=low
1771961138317974080 PROBE_B_START program=low
1771961138327571183 PROBE_B_END program=low
1771961138530337283 PROBE_B_START program=low
1771961138540450832 PROBE_B_END program=low
1771961138743291915 PROBE_B_START program=low
1771961138753301666 PROBE_B_END program=low
1771961138956071656 PROBE_B_START program=low
1771961138966523039 PROBE_B_END program=low
1771961139169448714 PROBE_B_START program=low
1771961139179809504 PROBE_B_END program=low
1771961139382729531 PROBE_B_START program=low
1771961139392731579 PROBE_B_END program=low
1771961139595554439 PROBE_B_START program=low
1771961139605548024 PROBE_B_END program=low
1771961139808387403 PROBE_B_START program=low
1771961139818512729 PROBE_B_END program=low
1771961140021366830 PROBE_B_START program=low
1771961140031492175 PROBE_B_END program=low
1771961140234435238 PROBE_B_START program=low
1771961140245041547 PROBE_B_END program=low
1771961140447970426 PROBE_B_START program=low
1771961140458076104 PROBE_B_END program=low
1771961140660891926 PROBE_B_START program=low
1771961140670895697 PROBE_B_END program=low
1771961140873776908 PROBE_B_START program=low
1771961140883772641 PROBE_B_END program=low
1771961141086593686 PROBE_B_START program=low
1771961141096687012 PROBE_B_END program=low
1771961141299718131 PROBE_B_START program=low
1771961141309506438 PROBE_B_END program=low
1771961141512143463 PROBE_B_START program=low
1771961141521672269 PROBE_B_END program=low
1771961141724537758 PROBE_B_START program=low
1771961141734609584 PROBE_B_END program=low
1771961141937470721 PROBE_B_START program=low
1771961141947588769 PROBE_B_END program=low
1771961142150439165 PROBE_B_START program=low
1771961142160484584 PROBE_B_END program=low
1771961142363180183 PROBE_B_START program=low
1771961142372248061 PROBE_B_END program=low
1771961142574905660 PROBE_B_START program=low
1771961142584377707 PROBE_B_END program=low
1771961142787052843 PROBE_B_START program=low
1771961142796474945 PROBE_B_END program=low
1771961142999262951 PROBE_B_START program=low
1771961143009329981 PROBE_B_END program=low
1771961143212137765 PROBE_B_START program=low
1771961143222157369 PROBE_B_END program=low
1771961143424800041 PROBE_B_START program=low
1771961143433896698 PROBE_B_END program=low
1771961143636668834 PROBE_B_START program=low
1771961143646822919 PROBE_B_END program=low
1771961143849722593 PROBE_B_START program=low
1771961143859848900 PROBE_B_END program=low
1771961144062732962 PROBE_B_START program=low
1771961144072825288 PROBE_B_END program=low
1771961144275656461 PROBE_B_START program=low
1771961144285819565 PROBE_B_END program=low
1771961144488644775 PROBE_B_START program=low
1771961144498167080 PROBE_B_END program=low
1771961144700947290 PROBE_B_START program=low
1771961144711088135 PROBE_B_END program=low
1771961144913974863 PROBE_B_START program=low
1771961144924013596 PROBE_B_END program=low
1771961145126859602 PROBE_B_START program=low
1771961145136906206 PROBE_B_END program=low
1771961145339791971 PROBE_B_START program=low
1771961145349794556 PROBE_B_END program=low
1771961145552571228 PROBE_B_START program=low
1771961145562069941 PROBE_B_END program=low
1771961145764701039 PROBE_B_START program=low
1771961145774145974 PROBE_B_END program=low
1771961145977010665 PROBE_B_START program=low
1771961145987309417 PROBE_B_END program=low
1771961146190403145 PROBE_B_START program=low
1771961146200621509 PROBE_B_END program=low
1771961146403960219 PROBE_B_START program=low
1771961146415259326 PROBE_B_END program=low
1771961146618093776 PROBE_B_START program=low
1771961146628124046 PROBE_B_END program=low
1771961146830899774 PROBE_B_START program=low
1771961146840929192 PROBE_B_END program=low
1771961147043746179 PROBE_B_START program=low
1771961147141724874 PROBE_B_END program=low
1771961147344525694 PROBE_B_START program=low
1771961147354652798 PROBE_B_END program=low
1771961147557437673 PROBE_B_START program=low
1771961147567035738 PROBE_B_END program=low
1771961147769828168 PROBE_B_START program=low
1771961147779943106 PROBE_B_END program=low
1771961147982755832 PROBE_B_START program=low
1771961147992845696 PROBE_B_END program=low
1771961148195671329 PROBE_B_START program=low
1771961148205822785 PROBE_B_END program=low
1771961148408556715 PROBE_B_START program=low
1771961148417970798 PROBE_B_END program=low
1771961148620678876 PROBE_B_START program=low
1771961148629683699 PROBE_B_END program=low
1771961148832456277 PROBE_B_START program=low
1771961148842581177 PROBE_B_END program=low
1771961149045400478 PROBE_B_START program=low
1771961149055506267 PROBE_B_END program=low
1771961149258339363 PROBE_B_START program=low
1771961149268600486 PROBE_B_END program=low
1771961149471476620 PROBE_B_START program=low
1771961149482113336 PROBE_B_END program=low
1771961149685027692 PROBE_B_START program=low
1771961149695115536 PROBE_B_END program=low
1771961149897962466 PROBE_B_START program=low
1771961149908118570 PROBE_B_END program=low
1771961150111021833 PROBE_B_START program=low
1771961150121162826 PROBE_B_END program=low
1771961150324003200 PROBE_B_START program=low
1771961150333945988 PROBE_B_END program=low
1771961150537192086 PROBE_B_START program=low
1771961150548694305 PROBE_B_END program=low
1771961150751528160 PROBE_B_START program=low
1771961150761386300 PROBE_B_END program=low
1771961150964195914 PROBE_B_START program=low
1771961150974166092 PROBE_B_END program=low
1771961151176965132 PROBE_B_START program=low
1771961151187009032 PROBE_B_END program=low
1771961151389736053 PROBE_B_START program=low
1771961151399760249 PROBE_B_END program=low
1771961151602531752 PROBE_B_START program=low
1771961151612563578 PROBE_B_END program=low
1771961151815530507 PROBE_B_START program=low
1771961151825451073 PROBE_B_END program=low
1771961152028220002 PROBE_B_START program=low
1771961152038183772 PROBE_B_END program=low
1771961152241000904 PROBE_B_START program=low
1771961152251012007 PROBE_B_END program=low
1771961152453733361 PROBE_B_START program=low
1771961152463761243 PROBE_B_END program=low
1771961152666441689 PROBE_B_START program=low
1771961152675880476 PROBE_B_END program=low
1771961152878565219 PROBE_B_START program=low
1771961152888620323 PROBE_B_END program=low
1771961153091397121 PROBE_B_START program=low
1771961153101365706 PROBE_B_END program=low
1771961153304113041 PROBE_B_START program=low
1771961153314132423 PROBE_B_END program=low
1771961153516886499 PROBE_B_START program=low
1771961153526852991 PROBE_B_END program=low
1771961153729701845 PROBE_B_START program=low
1771961153739305558 PROBE_B_END program=low
1771961153942089542 PROBE_B_START program=low
1771961153952290349 PROBE_B_END program=low
1771961154155365981 PROBE_B_START program=low
1771961154165489956 PROBE_B_END program=low
1771961154368283476 PROBE_B_START program=low
1771961154378432931 PROBE_B_END program=low
1771961154581283507 PROBE_B_START program=low
1771961154591389166 PROBE_B_END program=low
1771961154794163168 PROBE_B_START program=low
1771961154803663714 PROBE_B_END program=low
1771961155006356790 PROBE_B_START program=low
1771961155015790003 PROBE_B_END program=low
1771961155218533170 PROBE_B_START program=low
1771961155228578422 PROBE_B_END program=low
1771961155431453442 PROBE_B_START program=low
1771961155441518805 PROBE_B_END program=low
1771961155644327361 PROBE_B_START program=low
1771961155654425187 PROBE_B_END program=low
1771961155857071299 PROBE_B_START program=low
1771961155866097900 PROBE_B_END program=low
1771961156068902605 PROBE_B_START program=low
1771961156078869411 PROBE_B_END program=low
1771961156281751005 PROBE_B_START program=low
1771961156291998387 PROBE_B_END program=low
1771961156494945666 PROBE_B_START program=low
1771961156505334326 PROBE_B_END program=low
1771961156708168531 PROBE_B_START program=low
1771961156718153134 PROBE_B_END program=low
1771961156921088024 PROBE_B_START program=low
1771961156931302943 PROBE_B_END program=low
1771961157134195666 R2_IDLE_C seconds=30 actions=B
1771961187180821854 SKIP_PROBE_C seconds=60
