1775409127893749512 21836145
1775409127915457971 21708459
1775409127937052392 21594421
1775409127958613552 21561160
1775409127980162009 21548457
1775409128001724244 21562235
1775409128023338795 21614551
1775409128044976567 21637772
1775409128066596599 21620032
1775409128088223298 21626699
1775409128109838978 21615680
1775409128131495843 21656865
1775409128153130579 21634736
1775409128174754463 21623884
1775409128196389884 21635421
1775409128218038064 21648180
1775409128239697578 21659514
1775409128261334147 21636569
1775409128282948142 21613995
1775409128304596729 21648587
1775409128326192483 21595754
1775409128347820700 21628217
1775409128369465603 21644903
1775409128391087857 21622254
1775409128412713407 21625550
1775409128434346273 21632866
1775409128456142603 21796330
1775409128477769246 21626643
1775409128499400630 21631384
1775409128521034717 21634087
1775409128542660731 21626014
1775409128564264799 21604068
1775409128585872739 21607940
1775409128607503345 21630606
1775409128629130377 21627032
1775409128650749686 21619309
1775409128672377181 21627495
1775409128694010491 21633310
1775409128715636152 21625661
1775409128737277999 21641847
1775409128758915142 21637143
1775409128780522119 21606977
1775409128802115891 21593772
1775409128823729404 21613513
1775409128845378084 21648680
1775409128866984561 21606477
1775409128888602833 21618272
1775409128910211013 21608180
1775409128931822397 21611384
1775409128953442595 21620198
1775409128975036312 21593717
1775409128996656140 21619828
1775409129018289265 21633125
1775409129039919797 21630532
1775409129061546217 21626420
1775409129083163138 21616921
1775409129104855060 21691922
1775409129126501296 21646236
1775409129148123790 21622494
1775409129169771785 21647995
1775409129191414558 21642773
1775409129213044331 21629773
1775409129234689752 21645421
1775409129256319080 21629328
1775409129277944464 21625384
1775409129299563218 21618754
1775409129321184139 21620921
1775409129342841579 21657440
1775409129364476333 21634754
1775409129386079253 21602920
1775409129407718656 21639403
1775409129429360392 21641736
1775409129450979072 21618680
1775409129472594437 21615365
1775409129494207246 21612809
1775409129515796722 21589476
1775409129537436958 21640236
1775409129559030249 21593291
1775409129580673707 21643458
1775409129602293350 21619643
1775409129623901530 21608180
1775409129645514228 21612698
1775409129667138019 21623791
1775409129688770588 21632569
1775409129710380620 21610032
1775409129731968318 21587698
1775409129753622276 21653958
1775409129775223882 21601606
1775409129796888248 21664366
1775409129818516409 21628161
1775409129840139608 21623199
1775409129861748140 21608532
1775409129883377301 21629161
1775409129904977907 21600606
1775409129926647513 21669606
1775409129948310027 21662514
1775409129969989763 21679736
1775409129991643018 21653255
1775409130013306550 21663532
1775409130034925712 21619162
1775409130056578448 21652736
1775409130078210035 21631587
1775409130099868808 21658773
1775409130121492525 21623717
1775409130143133094 21640569
1775409130164815627 21682533
1775409130186527845 21712218
1775409130208181618 21653773
1775409130229808706 21627088
1775409130251464534 21655828
1775409130273122807 21658273
1775409130294768376 21645569
1775409130316460687 21692311
1775409130338149460 21688773
1775409130359831308 21681848
1775409130381466469 21635161
1775409130403111076 21644607
1775409130424716941 21605865
1775409130446338139 21621198
1775409130467917300 21579161
1775409130489552351 21635051
1775409130511135641 21583290
1775409130532749692 21614051
1775409130554316427 21566735
1775409130575892254 21575827
1775409130597492693 21600439
1775409130619068002 21575309
1775409130640659015 21591013
1775409130662230972 21571957
1775409130683791596 21560624
1775409130705398498 21606902
1775409130726971196 21572698
1775409130748567394 21596198
1775409130770169834 21602440
1775409130791781217 21611383
1775409130813382860 21601643
1775409130834949743 21566883
1775409130856534904 21585161
1775409130878106954 21572050
1775409130899688652 21581698
1775409130921281683 21593031
1775409130942848752 21567069
1775409130964476672 21627920
1775409130986052796 21576124
1775409131007611624 21558828
1775409131029223156 21611532
1775409131050796428 21573272
1775409131072403515 21607087
1775409131093975046 21571531
1775409131115535188 21560142
1775409131137122127 21586939
1775409131158696547 21574420
1775409131180264875 21568328
1775409131201859555 21594680
1775409131223453068 21593513
1775409131245050025 21596957
1775409131266646057 21596032
1775409131288210236 21564179
1775409131309795231 21584995
1775409131331389318 21594087
1775409131352982960 21593642
1775409131374563806 21580846
1775409131396146949 21583143
1775409131417744555 21597606
1775409131439326956 21582401
1775409131460912543 21585587
1775409131482490445 21577902
1775409131504073254 21582809
1775409131525665897 21592643
1775409131547255577 21589680
1775409131568878923 21623346
1775409131590483344 21604421
1775409131612057116 21573772
1775409131633641444 21584328
1775409131655213642 21572198
1775409131676808488 21594846
1775409131698378982 21570494
1775409131719968384 21589402
1775409131741555286 21586902
1775409131763127447 21572161
1775409131784697015 21569568
1775409131806274083 21577068
1775409131827830652 21556569
1775409131849421405 21590753
1775409131870996863 21575458
1775409131892601579 21604716
1775409131914171407 21569828
1775409131935750309 21578902
1775409131957326618 21576309
1775409131978883205 21556587
1775409132000468884 21585679
1775409132022060638 21591754
1775409132043630484 21569846
1775409132065216552 21586068
1775409132086777491 21560939
1775409132108348559 21571068
1775409132129946980 21598421
1775409132151574919 21627939
1775409132173136858 21561939
1775409132194711852 21574994
1775409132216280476 21568624
1775409132237854655 21574179
1775409132259421205 21566550
1775409132281011792 21590587
1775409132302558119 21546327
1775409132324135910 21577791
1775409132345726886 21590976
1775409132367384307 21657421
1775409132389006006 21621699
1775409132410635630 21629624
1775409132432249977 21614347
1775409132453917231 21667254
1775409132475512726 21595495
1775409132497112109 21599383
1775409132518730382 21618273
1775409132540349432 21619050
1775409132562013594 21664162
1775409132583656275 21642681
1775409132605288621 21632346
1775409132626915098 21626477
1775409132648527981 21612883
1775409132670170773 21642792
1775409132691813101 21642328
1775409132713460744 21647643
1775409132735070202 21609458
1775409132756740846 21670644
1775409132778376026 21635180
1775409132800030299 21654273
1775409132821694276 21663977
1775409132843346400 21652124
1775409132864998044 21651644
1775409132886710577 21712533
1775409132908337386 21626809
1775409132929952844 21615458
1775409132951544727 21591883
1775409132973155518 21610791
1775409132994753902 21598384
1775409133016379452 21625550
1775409133037999595 21620143
1775409133059615127 21615532
1775409133081246289 21631162
1775409133102830857 21584568
1775409133124449778 21618921
1775409133146063791 21614013
1775409133167647434 21583643
1775409133189270429 21622995
1775409133210864164 21593735
1775409133232484955 21620791
1775409133254101839 21616884
1775409133275690092 21588253
1775409133297298328 21608236
1775409133318884655 21586327
1775409133340508132 21623477
1775409133362109293 21601161
1775409133383713751 21604458
1775409133405326245 21612494
1775409133426916018 21589773
1775409133448551587 21635569
1775409133470153415 21601828
1775409133491746076 21592661
1775409133513373348 21627272
1775409133534953787 21580439
1775409133556557226 21603439
1775409133578129776 21572550
1775409133599721678 21591902
1775409133621313265 21591587
1775409133642889222 21575957
1775409133664474569 21585347
1775409133686062674 21588105
1775409133707616927 21554253
1775409133729219015 21602088
1775409133750796620 21577605
1775409133772377170 21580550
1775409133793954146 21576976
1775409133815530733 21576587
1775409133837105042 21574309
1775409133858683777 21578735
1775409133880250808 21567031
1775409133901809395 21558587
1775409133923397371 21587976
1775409133944950587 21553216
1775409133966529081 21578494
1775409133988100557 21571476
1775409134009691218 21590661
1775409134031265268 21574050
1775409134052861151 21595883
1775409134074445460 21584309
1775409134096031992 21586532
1775409134117627116 21595124
1775409134139212036 21584920
1775409134160824624 21612588
1775409134182422840 21598216
1775409134203999520 21576680
1775409134225591218 21591698
1775409134247173564 21582346
1775409134268760392 21586828
1775409134290357164 21596772
1775409134311926714 21569550
1775409134333537450 21610736
1775409134355141574 21604124
1775409134376764291 21622717
1775409134398384323 21620032
1775409134419960484 21576161
1775409134441568164 21607680
1775409134463128713 21560549
1775409134484732930 21604217
1775409134506319980 21587050
1775409134527881696 21561716
1775409134549457024 21575328
1775409134571016444 21559420
1775409134592582401 21565957
1775409134614161118 21578717
1775409134635736982 21575864
1775409134657315143 21578161
1775409134678866341 21551198
1775409134700459910 21593569
1775409134722045719 21585809
1775409134743607287 21561568
1775409134765195633 21588346
1775409134786755294 21559661
1775409134808316825 21561531
1775409134829891505 21574680
1775409134851464684 21573179
1775409134873031734 21567050
1775409134894607951 21576217
1775409134916191741 21583790
1775409134937764754 21573013
1775409134959350841 21586087
1775409134980917354 21566513
1775409135002487366 21570012
1775409135024044509 21557143
1775409135045622910 21578401
1775409135067193293 21570383
1775409135088766973 21573680
1775409135110331967 21564994
1775409135131892961 21560994
1775409135153449696 21556735
1775409135175025431 21575735
1775409135196609518 21584087
1775409135218183457 21573939
1775409135239744821 21561364
1775409135261347445 21602624
1775409135282916125 21568680
1775409135304505712 21589587
1775409135326067225 21561513
1775409135347638330 21571105
1775409135369225565 21587235
1775409135390793356 21567791
1775409135412377017 21583661
1775409135433946307 21569290
1775409135455498209 21551902
1775409135477090814 21592605
1775409135498647660 21556846
1775409135520208062 21560402
1775409135541788426 21580364
1775409135563366772 21578346
1775409135584946508 21579736
1775409135606513613 21567105
1775409135628071700 21558087
1775409135649647435 21575735
1775409135671215929 21568494
1775409135692796442 21580513
1775409135714352862 21556420
1775409135735928115 21575253
1775409135757508795 21580680
1775409135779077252 21568457
1775409135800639950 21562698
1775409135822202481 21562531
1775409135843772642 21570161
1775409135865371747 21599105
1775409135886933223 21561476
1775409135908529014 21595791
1775409135930095767 21566753
1775409135951666965 21571198
1775409135973240293 21573328
1775409135994794472 21554179
1775409136016351281 21556809
1775409136037927275 21575994
1775409136059492806 21565531
1775409136081060375 21567569
1775409136102624147 21563772
1775409136124193585 21569438
1775409136145794691 21601106
1775409136167434297 21639606
1775409136189098663 21664366
1775409136210732991 21634328
1775409136232422246 21689255
1775409136254029648 21607402
1775409136275697255 21667607
1775409136297346009 21648754
1775409136318991208 21645199
1775409136340663555 21672347
1775409136362342680 21679125
1775409136384001379 21658699
1775409136405663023 21661644
1775409136427296258 21633235
1775409136448916790 21620532
1775409136470580526 21663736
1775409136492205540 21625014
1775409136513826312 21620772
1775409136535454511 21628199
1775409136557073561 21619050
1775409136578678056 21604495
1775409136600320607 21642551
1775409136621937675 21617068
1775409136643529244 21591569
1775409136665139239 21609995
1775409136686737696 21598457
1775409136708415432 21677736
1775409136730016834 21601402
1775409136751652681 21635847
1775409136773267546 21614865
1775409136794885393 21617847
1775409136816544296 21658903
1775409136838165587 21621291
1775409136859812545 21646958
1775409136881425243 21612698
1775409136903066942 21641699
1775409136924730715 21663773
1775409136946375488 21644773
1775409136968009853 21634365
1775409136989669163 21659310
1775409137011300047 21630884
1775409137032937672 21637625
1775409137054586482 21648810
1775409137076198754 21612272
1775409137097813601 21614847
1775409137119425781 21612180
1775409137141032887 21607106
1775409137162669604 21636717
1775409137184343581 21673977
1775409137205966520 21622939
1775409137227627219 21660699
1775409137249292733 21665514
1775409137270891950 21599217
1775409137292518963 21627013
1775409137314121124 21602161
1775409137335812065 21690941
1775409137357486171 21674106
1775409137379111018 21624847
1775409137400752198 21641180
1775409137422426342 21674144
1775409137444059929 21633587
1775409137465720684 21660755
1775409137487350808 21630124
1775409137508990396 21639588
1775409137530623354 21632958
1775409137552258479 21635125
1775409137573905066 21646587
1775409137595548413 21643347
1775409137617216446 21668033
1775409137638844144 21627698
1775409137660498473 21654329
1775409137682137320 21638847
1775409137703776981 21639661
1775409137725393846 21616865
1775409137747024267 21630421
1775409137768665596 21641329
1775409137790258664 21593068
1775409137811858048 21599384
1775409137833464468 21606420
1775409137855094389 21629921
1775409137876811385 21716996
1775409137898672790 21861405
1775409137920350638 21677848
1775409137942003077 21652439
1775409137963620739 21617662
1775409137985222011 21601272
1775409138006800265 21578254
1775409138028412667 21612402
1775409138049994957 21582290
1775409138071578026 21583069
1775409138093154909 21576883
1775409138114744163 21589254
1775409138136315120 21570957
1775409138157917022 21601902
1775409138179474127 21557105
1775409138201059955 21585828
1775409138222642912 21582957
1775409138244230666 21587754
1775409138265828438 21597772
1775409138287426692 21598254
1775409138309022853 21596161
1775409138330616588 21593735
1775409138352176212 21559624
1775409138373793355 21617143
1775409138395382387 21589032
1775409138417011882 21629495
1775409138438612802 21600920
1775409138460225889 21613087
1775409138481852458 21626569
1775409138503436879 21584421
1775409138525032151 21595272
1775409138546616386 21584235
1775409138568206862 21590476
1775409138589818968 21612106
1775409138611389981 21571013
1775409138632991123 21601142
1775409138654575007 21583884
1775409138676161131 21586124
1775409138697735384 21574253
1775409138719305101 21569717
1775409138740901354 21596253
1775409138762509053 21607699
1775409138784095825 21586772
1775409138805751691 21655866
1775409138827346278 21594587
1775409138848945550 21599272
1775409138870517118 21571568
1775409138892092816 21575698
1775409138913654477 21561661
1775409138935219212 21564735
1775409138956799280 21580068
1775409138978371108 21571828
1775409138999926509 21555401
1775409139021533245 21606736
1775409139043087220 21553975
1775409139064673011 21585791
1775409139086240913 21567902
1775409139107820500 21579587
1775409139129406568 21586068
1775409139150990303 21583735
1775409139172616557 21626254
1775409139194198033 21581476
1775409139215766620 21568587
1775409139237367059 21600439
1775409139258938090 21571031
1775409139280518751 21580661
1775409139302076597 21557846
1775409139323638091 21561494
1775409139345239271 21601180
1775409139366801876 21562605
1775409139388416334 21614458
1775409139410027199 21610865
1775409139431609027 21581828
1775409139453210762 21601735
1775409139474793868 21583106
1775409139496399140 21605272
1775409139517966264 21567124
1775409139539551462 21585198
1775409139561116919 21565457
1775409139582680395 21563476
1775409139604219092 21538697
1775409139625778549 21559457
1775409139647344655 21566106
1775409139668913427 21568772
1775409139690504921 21591494
1775409139712073045 21568124
1775409139733644095 21571050
1775409139755200663 21556568
1775409139776777972 21577309
1775409139798327059 21549087
1775409139819890664 21563605
1775409139841472955 21582291
1775409139863047819 21574864
1775409139884641406 21593587
1775409139906218012 21576606
1775409139927784136 21566124
1775409139949378649 21594513
1775409139970925587 21546938
1775409139992530545 21604958
1775409140014133187 21602642
1775409140035726774 21593587
1775409140057325176 21598402
1775409140078908263 21583087
1775409140100519036 21610773
1775409140122103012 21583976
1775409140143674302 21571290
1775409140165309797 21635495
1775409140186906588 21596791
1775409140208504194 21597606
1775409140230076336 21572142
1775409140251644590 21568254
1775409140273237769 21593179
1775409140294814467 21576698
1775409140316411277 21596810
1775409140337989827 21578550
1775409140359562154 21572327
1775409140381116537 21554383
1775409140402695865 21579328
1775409140424287248 21591383
1775409140445886891 21599643
1775409140467473700 21586809
1775409140489071139 21597439
1775409140510642930 21571791
1775409140532219202 21576272
1775409140553820196 21600994
1775409140575401191 21580995
1775409140596991222 21590031
1775409140618553383 21562161
1775409140640134933 21581550
1775409140661711001 21576068
1775409140683276366 21565365
1775409140704867175 21590809
1775409140726444206 21577031
1775409140748019886 21575680
1775409140769602288 21582402
1775409140791152485 21550197
1775409140812744628 21592143
1775409140834306659 21562031
1775409140855887413 21580754
1775409140877475444 21588031
1775409140899029012 21553568
1775409140920619433 21590421
1775409140942221020 21601587
1775409140963792033 21571013
1775409140985365249 21573216
1775409141006933410 21568161
1775409141028523682 21590272
1775409141050102936 21579254
1775409141071679800 21576864
1775409141093260535 21580735
1775409141114828474 21567939
1775409141136398320 21569846
1775409141157980055 21581735
1775409141179577698 21597643
1775409141201115599 21537901
1775409141222691019 21575420
1775409141244253032 21562013
1775409141265835878 21582846
1775409141287415169 21579291
1775409141308992163 21576994
1775409141330563120 21570957
1775409141352162189 21599069
1775409141373766795 21604606
1775409141395357086 21590291
1775409141416978080 21620994
1775409141438595723 21617643
1775409141460170144 21574421
1775409141481774749 21604605
1775409141503339484 21564735
1775409141524938608 21599124
1775409141546516547 21577939
1775409141568098134 21581587
1775409141589718407 21620273
1775409141611324772 21606365
1775409141632941155 21616383
1775409141654549372 21608217
1775409141676122792 21573420
1775409141697695361 21572569
1775409141719296244 21600883
1775409141740948665 21652421
1775409141762555086 21606421
1775409141784138099 21583013
1775409141805721927 21583828
1775409141827311403 21589476
1775409141848909953 21598550
1775409141870483484 21573531
1775409141892048719 21565235
1775409141913686510 21637791
1775409141935291783 21605273
1775409141956867758 21575975
1775409141978437308 21569550
1775409142000002432 21565124
1775409142021624205 21621773
1775409142043218329 21594124
1775409142064825675 21607346
1775409142086431688 21606013
1775409142108010201 21578513
1775409142129638474 21628273
1775409142151231635 21593161
1775409142172873686 21642051
1775409142194468791 21595105
1775409142216040193 21571402
1775409142237678855 21638662
1775409142259274645 21595790
1775409142280882751 21608106
1775409142302486727 21603976
1775409142324056425 21569698
1775409142345648679 21592254
1775409142367263433 21614754
1775409142388864150 21600717
1775409142410436496 21572346
1775409142432016972 21580476
1775409142453670893 21653921
1775409142475280147 21609254
1775409142496890475 21610328
1775409142518494858 21604383
1775409142540074093 21579235
1775409142561740589 21666496
1775409142583362695 21622106
1775409142604946689 21583994
1775409142626505850 21559161
1775409142648091233 21585383
1775409142669660005 21568772
1775409142691234499 21574494
1775409142712793734 21559235
1775409142734367451 21573717
1775409142755948649 21581198
1775409142777547125 21598476
1775409142799127990 21580865
1775409142820715595 21587605
1775409142842282941 21567346
1775409142863846361 21563420
1775409142885552635 21706274
1775409142907218278 21665643
1775409142928907718 21689440
1775409142950556380 21648662
1775409142972190505 21634125
1775409142993789888 21599383
1775409143015388013 21598125
1775409143036969507 21581494
1775409143058546816 21577309
1775409143080127977 21581161
1775409143101719509 21591532
1775409143123310855 21591346
1775409143144897090 21586235
1775409143166531270 21634180
1775409143188127505 21596235
1775409143209745297 21617792
1775409143231348273 21602976
1775409143252979768 21631495
1775409143274579003 21599235
1775409143296168053 21589050
1775409143317746603 21578550
1775409143339330616 21584013
1775409143360908962 21578346
1775409143382481456 21572494
1775409143404060024 21578568
1775409143425647667 21587643
1775409143447223032 21575365
1775409143468807545 21584513
1775409143490397854 21590309
1775409143511999163 21601309
1775409143533603676 21604513
1775409143555178930 21575254
1775409143576834370 21655440
1775409143598433346 21598976
1775409143620021155 21587809
1775409143641598483 21577328
1775409143663174273 21575790
1775409143684758786 21584513
1775409143706331169 21572383
1775409143727902108 21570939
1775409143749505584 21603476
1775409143771080338 21574754
1775409143792699592 21619254
1775409143814284030 21584438
1775409143835887377 21603347
1775409143857498464 21611087
1775409143879065847 21567383
1775409143900647064 21581217
1775409143922225725 21578661
1775409143943786163 21560438
1775409143965388214 21602051
1775409143986958634 21570420
1775409144008559388 21600754
1775409144030121011 21561623
1775409144051697135 21576124
1775409144073282741 21585606
1775409144094847309 21564568
1775409144116442026 21594717
1775409144138016076 21574050
1775409144159634478 21618402
1775409144181278214 21643736
1775409144202872282 21594068
1775409144224477240 21604958
1775409144246069808 21592568
1775409144267649377 21579569
1775409144289244093 21594716
1775409144310821810 21577717
1775409144332417638 21595828
1775409144353990669 21573031
1775409144375554849 21564180
1775409144397126843 21571994
1775409144418703504 21576661
1775409144440261109 21557605
1775409144461838770 21577661
1775409144483400653 21561883
1775409144504982518 21581865
1775409144526560290 21577772
1775409144548127617 21567327
1775409144569700463 21572846
1775409144591281995 21581532
1775409144612877545 21595550
1775409144634457984 21580439
1775409144656016218 21558234
1775409144677603898 21587680
1775409144699148207 21544309
1775409144720726738 21578531
1775409144742299566 21572828
1775409144763875356 21575790
1775409144785450314 21574958
1775409144807018197 21567883
1775409144828610580 21592383
1775409144850198000 21587420
1775409144871768884 21570884
1775409144893365841 21596957
1775409144914934428 21568587
1775409144936531811 21597383
1775409144958107750 21575939
1775409144979675003 21567253
1775409145001254498 21579495
1775409145022820622 21566124
1775409145044394894 21574272
1775409145065978962 21584068
1775409145087546771 21567809
1775409145109136377 21589606
1775409145130722316 21585939
1775409145152304551 21582235
1775409145173906860 21602309
1775409145195488447 21581587
1775409145217080330 21591883
1775409145238655640 21575310
1775409145260201708 21546068
1775409145281782165 21580457
1775409145303348585 21566420
1775409145324938468 21589883
1775409145346527722 21589254
1775409145368096679 21568957
1775409145389681044 21584365
1775409145411251483 21570439
1775409145432854181 21602698
1775409145454430897 21576716
1775409145476004725 21573828
1775409145497585312 21580587
1775409145519164195 21578883
1775409145540771597 21607402
1775409145562382610 21611013
1775409145583964272 21581662
1775409145605539432 21575160
1775409145627112797 21573365
1775409145648683458 21570661
1775409145670263397 21579939
1775409145691823780 21560383
1775409145713457886 21634106
1775409145735046047 21588161
1775409145756662357 21616310
1775409145778242129 21579772
1775409145799837031 21594902
1775409145821430451 21593420
1775409145843006056 21575605
1775409145864583217 21577161
1775409145886158323 21575106
1775409145907747706 21589383
1775409145929340571 21592865
1775409145950918250 21577679
1775409145972492356 21574106
1775409145994050609 21558253
1775409146015633067 21582458
1775409146037236820 21603753
1775409146058831000 21594180
1775409146080441310 21610310
1775409146102026989 21585679
1775409146123596224 21569235
1775409146145195589 21599365
1775409146166804732 21609143
1775409146188421449 21616717
1775409146210033129 21611680
1775409146231598308 21565179
1775409146253178377 21580069
1775409146274735463 21557086
1775409146296296180 21560717
1775409146317869081 21572901
1775409146339433038 21563957
1775409146361019199 21586161
1775409146382583731 21564532
1775409146404157632 21573901
1775409146425729812 21572180
1775409146447355455 21625643
1775409146469005672 21650217
1775409146490668334 21662662
1775409146512282644 21614310
1775409146533888083 21605439
1775409146555514022 21625939
1775409146577115017 21600995
1775409146598710271 21595254
1775409146620384340 21674069
1775409146642001335 21616995
1775409146663628663 21627328
1775409146685283621 21654958
1775409146706925153 21641532
1775409146728603427 21678274
1775409146750249607 21646180
1775409146771897361 21647754
1775409146793549468 21652107
1775409146815177518 21628050
1775409146836829050 21651532
1775409146858468731 21639681
1775409146880094096 21625365
1775409146901703146 21609050
1775409146923322585 21619439
1775409146944950988 21628403
1775409146966552260 21601272
1775409146988187496 21635236
1775409147009821491 21633995
1775409147031448819 21627328
1775409147053047684 21598865
1775409147074693846 21646162
1775409147096328100 21634254
1775409147117963724 21635624
1775409147139588923 21625199
1775409147161232714 21643791
1775409147182910414 21677700
1775409147204587131 21676717
1775409147226207293 21620162
1775409147247818362 21611069
1775409147269491098 21672736
1775409147291097778 21606680
1775409147312704050 21606272
1775409147334292396 21588346
1775409147355920095 21627699
1775409147377537275 21617180
1775409147399179437 21642162
1775409147420829635 21650198
1775409147442464630 21634995
1775409147464075736 21611106
1775409147485724528 21648792
1775409147507319652 21595124
1775409147528958351 21638699
1775409147550563123 21604772
1775409147572186766 21623643
1775409147593789224 21602458
1775409147615432237 21643013
1775409147637039139 21606902
1775409147658672449 21633310
1775409147680286759 21614310
1775409147701968365 21681606
1775409147723613601 21645236
1775409147745264226 21650625
1775409147766923406 21659180
1775409147788581235 21657829
1775409147810214804 21633569
1775409147831855429 21640625
1775409147853509165 21653736
1775409147875150308 21641143
1775409147896802859 21652551
1775409147918431983 21629124
1775409147940079349 21647366
1775409147961704584 21625235
1775409147983326079 21621495
1775409148004951537 21625458
1775409148026536902 21585365
1775409148048126841 21589939
1775409148069701039 21574198
1775409148091285718 21584679
1775409148112876324 21590606
1775409148134477559 21601235
1775409148156089406 21611847
1775409148177724938 21635532
1775409148199313784 21588846
1775409148220905519 21591735
1775409148242478532 21573013
1775409148264059267 21580735
1775409148285663595 21604328
1775409148307246497 21582902
1775409148328849751 21603254
1775409148350495746 21645995
1775409148372102722 21606976
1775409148393727476 21624754
1775409148415320063 21592587
1775409148436948039 21627976
1775409148458541423 21593384
1775409148480140325 21598902
1775409148501735042 21594717
1775409148523323258 21588216
1775409148544914253 21590995
1775409148566505469 21591216
1775409148588093797 21588328
1775409148609698699 21604902
1775409148631288712 21590013
1775409148652918281 21629569
1775409148674534183 21615902
1775409148696140974 21606791
1775409148717762488 21621514
1775409148739367130 21604642
1775409148760974940 21607810
1775409148782581027 21606087
1775409148804207004 21625977
1775409148825794424 21587420
1775409148847413845 21619421
1775409148869011061 21597216
1775409148890606982 21595921
1775409148912185939 21578957
1775409148933781841 21595902
1775409148955363872 21582031
1775409148976978775 21614903
1775409148998606029 21627254
1775409149020209134 21603105
1775409149041787018 21577884
1775409149063368771 21581753
1775409149084953377 21584606
1775409149106539760 21586383
1775409149128128106 21588346
1775409149149717971 21589865
1775409149171307725 21589754
1775409149192954313 21646588
1775409149214564178 21609865
1775409149236151413 21587235
1775409149257749259 21597846
1775409149279350532 21601273
1775409149300938804 21588272
1775409149322518595 21579791
1775409149344096737 21578142
1775409149365681954 21585217
1775409149387243263 21561309
1775409149408826238 21582975
1775409149430401603 21575365
1775409149451976986 21575383
1775409149473585611 21608625
1775409149495168920 21583309
1775409149516738784 21569864
1775409149538315556 21576772
1775409149559879995 21564439
1775409149581449063 21569068
1775409149603016539 21567476
1775409149624614589 21598050
1775409149646179324 21564735
1775409149667753522 21574198
1775409149689334257 21580735
1775409149710903288 21569031
1775409149732507709 21604421
1775409149754082462 21574753
1775409149775658753 21576291
1775409149797256451 21597698
1775409149818826723 21570272
1775409149840417829 21591106
1775409149861976378 21558549
1775409149883534558 21558180
1775409149905095070 21560512
1775409149926671342 21576272
1775409149948229725 21558383
1775409149969798942 21569217
1775409149991375418 21576476
1775409150012945060 21569642
1775409150034519591 21574531
1775409150056083752 21564161
1775409150077661135 21577383
1775409150099238796 21577661
1775409150120870273 21631477
1775409150142494582 21624309
1775409150164105040 21610458
1775409150185691109 21586069
1775409150207274733 21583624
1775409150228866153 21591420
1775409150250442184 21576031
1775409150272029401 21587217
1775409150293611136 21581735
1775409150315172741 21561605
1775409150336749828 21577087
1775409150358313619 21563791
1775409150379890335 21576716
1775409150401473607 21583272
1775409150423045361 21571754
1775409150444617133 21571772
1775409150466167442 21550309
1775409150487728288 21560846
1775409150509314560 21586272
1775409150530886832 21572272
1775409150552476086 21589254
1775409150574047746 21571660
1775409150595641556 21593810
1775409150617215513 21573957
1775409150638791970 21576457
1775409150660392002 21600032
1775409150681988274 21596272
1775409150703613065 21624791
1775409150725211486 21598421
1775409150746776054 21564568
1775409150768379493 21603439
1775409150789946024 21566531
1775409150811511685 21565661
1775409150833085587 21573902
1775409150854666600 21581013
1775409150876239613 21573013
1775409150897833070 21593457
1775409150919394009 21560939
1775409150940982225 21588216
1775409150962559442 21577217
1775409150984143918 21584476
1775409151005718190 21574272
1775409151027297554 21579364
1775409151048886697 21589143
1775409151070471914 21585217
1775409151092040741 21568827
1775409151113663403 21622662
1775409151135244286 21580883
1775409151156890318 21646032
1775409151178520165 21629847
1775409151200101455 21581290
1775409151221718135 21616680
1775409151243315834 21597699
1775409151264929440 21613606
1775409151286526397 21596957
1775409151308102354 21575957
1775409151329696830 21594476
1775409151351268287 21571457
1775409151372863467 21595180
1775409151394456702 21593235
1775409151416050289 21593587
1775409151437634895 21584606
1775409151459197445 21562550
1775409151480793180 21595735
1775409151502347137 21553957
1775409151523917409 21570272
1775409151545504033 21586624
1775409151567068786 21564753
1775409151588630632 21561846
1775409151610204904 21574272
1775409151631769843 21564939
1775409151653364764 21594921
1775409151674934924 21570160
1775409151696526530 21591606
1775409151718087876 21561346
1775409151739675407 21587531
1775409151761256068 21580661
1775409151782851507 21595439
1775409151804447613 21596106
1775409151826015885 21568272
1775409151847583287 21567402
1775409151869118799 21535512
1775409151890692275 21573476
1775409151912270991 21578716
1775409151933848078 21577087
1775409151955424498 21576420
1775409151976990844 21566346
1775409151998549209 21558365
1775409152020122722 21573513
1775409152041704160 21581438
1775409152063268284 21564124
1775409152084861464 21593180
1775409152106434625 21573161
1775409152128004249 21569624
1775409152149658040 21653791
1775409152171257961 21599921
1775409152192877067 21619106
1775409152214475617 21598550
1775409152236042481 21566864
1775409152257615161 21572680
1775409152279195988 21580827
1775409152300791353 21595365
1775409152322368959 21577606
1775409152343929694 21560735
1775409152365513725 21584031
1775409152387074627 21560902
1775409152408641658 21567031
1775409152430211504 21569846
1775409152451790961 21579457
1775409152473403123 21612162
1775409152494974765 21571642
1775409152516581574 21606809
1775409152538171976 21590402
1775409152559736526 21564550
1775409152581310668 21574142
1775409152602871737 21561069
1775409152624467268 21595531
1775409152646020707 21553439
1775409152667579238 21558531
1775409152689133361 21554123
1775409152710692059 21558698
1775409152732249664 21557605
1775409152753833862 21584198
1775409152775409598 21575736
1775409152796986721 21577123
1775409152818552327 21565606
1775409152840128210 21575883
1775409152861689334 21561124
1775409152883241624 21552290
1775409152904962305 21720681
1775409152926875915 21913610
1775409152948681041 21805126
1775409152970562835 21881794
1775409152992534279 21971444
1775409153014215978 21681699
1775409153035804398 21588420
1775409153079000665 43196267
1775409153100793218 21792553
1775409153122533418 21740200
1775409153144336248 21802830
1775409153166107504 21771256
1775409153187706165 21598661
1775409153209344715 21638550
1775409153230987266 21642551
1775409153253083859 22096593
1775409153274844096 21760237
1775409153297000801 22156705
1775409153318826261 21825460
1775409153340718056 21891795
1775409153362484145 21766089
1775409153384105640 21621495
1775409153405733709 21628069
1775409153427317573 21583864
1775409153448997680 21680107
1775409153470931993 21934313
1775409153492635026 21703033
1775409153514719341 22084315
1775409153536336336 21616995
1775409153558088980 21752644
1775409153579845236 21756256
1775409153601587714 21742478
1775409153623292376 21704662
1775409153645184078 21891702
1775409153666907648 21723570
1775409153808806371 141898723
1775409153830451996 21645625
1775409153852208141 21756145
1775409153874129657 21921516
1775409153896098619 21968962
1775409153918019877 21921258
1775409153940197915 22178038
1775409153962053024 21855109
1775409153983749149 21696125
1775409154005435015 21685866
1775409154027398070 21963055
1775409154049263382 21865312
1775409154071527848 22264466
1775409154093224177 21696329
1775409154115342659 22118482
1775409154136958413 21615754
1775409154158566093 21607680
1775409154180163735 21597642
1775409154201792378 21628643
1775409154223429651 21637273
1775409154245038238 21608587
1775409154266705382 21667144
1775409154288328025 21622643
1775409154309967650 21639625
1775409154331843647 21875997
1775409154353874351 22030704
1775409154375767904 21893553
1775409154397643569 21875665
1775409154419409473 21765904
1775409154441181210 21771737
1775409154462890206 21708996
1775409154484873964 21983758
1775409154506500126 21626162
1775409154528122843 21622717
1775409154549785394 21662551
1775409154571416815 21631421
1775409154593199700 21782885
1775409154615197070 21997370
1775409154637028326 21831256
1775409154659185309 22156983
1775409154680881749 21696440
1775409154702746821 21865072
1775409154724555411 21808590
1775409154746253295 21697884
1775409154767879086 21625791
1775409154789582008 21702922
1775409154811226374 21644366
1775409154832916128 21689754
1775409154854622421 21706293
1775409154876379769 21757348
1775409154898263174 21883405
1775409154920449916 22186742
1775409154942081485 21631569
1775409154963735573 21654088
1775409154985395735 21660162
1775409155007072212 21676477
1775409155028793282 21721070
1775409155050408536 21615254
1775409155072059513 21650977
1775409155093678304 21618791
1775409155115313651 21635347
1775409155137009350 21695699
1775409155158883385 21874035
1775409155180551251 21667866
1775409155202187912 21636661
1775409155223916557 21728645
1775409155245714350 21797793
1775409155267314215 21599865
1775409155289053655 21739440
1775409155310843634 21789979
1775409155332996635 22153001
1775409155354649482 21652847
1775409155376368348 21718866
1775409155398159808 21791460
1775409155420031343 21871535
1775409155441985064 21953721
1775409155463728782 21743718
1775409155485433408 21704626
1775409155507147404 21713996
1775409155528700564 21553160
1775409155550255243 21554679
1775409155571896053 21640810
1775409155593879071 21983018
1775409155615947719 22068648
1775409155637875792 21928073
1775409155659793086 21917294
1775409155681670436 21877350
1775409155703549841 21879405
1775409155725434432 21884591
1775409155747141835 21707403
1775409155768883979 21742144
1775409155790748218 21864239
1775409155812551548 21803330
1775409155834173413 21621865
1775409155855795556 21622143
1775409155877475811 21680255
1775409155899170751 21694940
1775409155920860154 21689403
1775409155942552539 21692385
1775409155964173460 21620921
1775409155985841010 21667550
1775409156007505876 21664866
1775409156029138075 21632199
1775409156050771107 21633032
1775409156072403231 21632124
1775409156094021078 21617847
1775409156115699870 21678792
1775409156137592035 21892165
1775409156159281697 21689662
1775409156180935525 21653828
1775409156202685170 21749645
1775409156224562538 21877368
1775409156246307571 21745033
1775409156267996808 21689237
1775409156289733804 21736996
1775409156311352465 21618661
1775409156333047906 21695441
1775409156354729568 21681662
1775409156376496009 21766441
1775409156398104133 21608124
1775409156419742350 21638217
1775409156441508513 21766163
1775409156463186027 21677514
1775409156484852134 21666107
1775409156506468221 21616087
1775409156528148328 21680107
1775409156549977381 21829053
1775409156571867842 21890461
1775409156593550467 21682625
1775409156615168702 21618235
1775409156636737363 21568661
1775409156658372266 21634903
1775409156680010724 21638458
1775409156701615366 21604642
1775409156723271232 21655866
1775409156744950283 21679051
1775409156766950801 22000518
1775409156788692334 21741533
1775409156810449090 21756756
1775409156832100085 21650995
1775409156853889804 21789719
1775409156875717264 21827460
1775409156897479057 21761793
1775409156919357962 21878905
1775409156941339369 21981407
1775409156963217533 21878164
1775409156984995197 21777664
1775409157006801175 21805978
1775409157028569672 21768497
1775409157050214259 21644587
1775409157071850125 21635866
1775409157093496453 21646328
1775409157115192541 21696088
1775409157136945630 21753089
1775409157158706534 21760904
1775409157180351085 21644551
1775409157201946876 21595791
1775409157223558926 21612050
1775409157245280644 21721718
1775409157266930714 21650070
1775409157288614302 21683588
1775409157310434632 21820330
1775409157332245666 21811034
1775409157354133961 21888295
1775409157375889105 21755144
1775409157397775770 21886665
1775409157419813232 22037462
1775409157441567525 21754293
1775409157463467819 21900294
1775409157485279002 21811183
1775409157507124184 21845182
1775409157528790606 21666422
1775409157550423601 21632995
1775409157572050170 21626569
1775409157593685535 21635365
1775409157615297456 21611921
1775409157637001414 21703958
1775409157658640169 21638755
1775409157680264200 21624031
1775409157701965826 21701626
1775409157723773767 21807941
1775409157745683951 21910184
1775409157767436614 21752663
1775409157789107313 21670699
1775409157810803179 21695866
1775409157832531434 21728255
1775409157854274708 21743274
1775409157876096983 21822275
1775409157897851943 21754960
1775409157919479141 21627198
1775409157941111840 21632699
1775409157962792039 21680199
1775409157984578684 21786645
1775409158006238309 21659625
1775409158027994194 21755885
1775409158049857988 21863794
1775409158071812709 21954721
1775409158093818190 22005481
1775409158115820930 22002740
1775409158137574815 21753885
1775409158159744780 22169965
1775409158181546536 21801756
1775409158203380737 21834201
1775409158225156252 21775515
1775409158246851044 21694792
1775409158268518873 21667829
1775409158290195739 21676866
1775409158311831178 21635439
1775409158333527507 21696329
1775409158355234466 21706959
1775409158376936869 21702403
1775409158398589475 21652606
1775409158420302193 21712718
1775409158442053264 21751071
1775409158463642943 21589679
1775409158485280698 21637755
1775409158506923082 21642384
1775409158528735986 21812904
1775409158550539668 21803682
1775409158572224645 21684977
1775409158594024291 21799646
1775409158615690101 21665810
1775409158637730452 22040351
1775409158659602543 21872091
1775409158681176944 21574401
1775409158702961200 21784256
1775409158724617140 21655940
1775409158746480860 21863720
1775409158768295783 21814923
1775409158790092150 21796367
1775409158811925055 21832905
1775409158833567439 21642384
1775409158855443844 21876405
1775409158877263489 21819645
1775409158899242951 21979462
1775409158921152431 21909480
1775409158943009262 21856831
1775409158964654294 21645032
1775409158986364068 21709774
1775409159008058582 21694514
1775409159029791800 21733218
1775409159051476944 21685144
1775409159073180292 21703348
1775409159094945585 21765293
1775409159117251254 22305669
1775409159138893879 21642625
1775409159160585078 21691199
1775409159182267092 21682014
1775409159203947736 21680644
1775409159225569249 21621513
1775409159247202040 21632791
1775409159268893795 21691755
1775409159290588847 21695052
1775409159312242046 21653199
1775409159333938078 21696032
1775409159355612592 21674514
1775409159377265476 21652884
1775409159398960676 21695200
1775409159420659616 21698940
1775409159442287722 21628106
1775409159463935921 21648199
1775409159485714343 21778422
1775409159507467803 21753460
1775409159529126539 21658736
1775409159550757478 21630939
1775409159572453326 21695848
1775409159594064117 21610791
1775409159615736334 21672217
1775409159637461516 21725182
1775409159659159585 21698069
1775409159681098936 21939351
1775409159702817302 21718366
1775409159724541983 21724681
1775409159746168663 21626680
1775409159767912993 21744330
1775409159789726990 21813997
1775409159811359578 21632588
1775409159833038425 21678847
1775409159854692383 21653958
1775409159876541270 21848887
1775409159898293099 21751829
1775409159919953187 21660088
1775409159941698387 21745200
1775409159963622756 21924369
1775409159985664737 22041981
1775409160007361048 21696311
1775409160029194934 21833886
1775409160050891541 21696607
1775409160072747446 21855905
1775409160094820612 22073166
1775409160116588961 21768349
1775409160138466181 21877220
1775409160160336438 21870257
1775409160182134898 21798460
1775409160203731855 21596957
1775409160225574853 21842998
1775409160247887208 22312355
1775409160269562444 21675236
1775409160291221346 21658902
1775409160313328495 22107149
1775409160334983916 21655421
1775409160356613393 21629477
1775409160378240258 21626865
1775409160399924087 21683829
1775409160421572138 21648051
1775409160443263244 21691106
1775409160464993352 21730108
1775409160486768663 21775311
1775409160508586401 21817738
1775409160530261211 21674810
1775409160552088468 21827257
1775409160574062726 21974258
1775409160595805259 21742533
1775409160617492421 21687162
1775409160639144194 21651773
1775409160660820708 21676514
1775409160682572334 21751626
1775409160704327405 21755071
1775409160726055605 21728200
1775409160747695285 21639680
1775409160769409188 21713903
1775409160791078961 21669773
1775409160812842884 21763923
1775409160834472971 21630087
1775409160856187967 21714996
1775409160877905185 21717218
1775409160899567977 21662792
1775409160921596477 22028500
1775409160943331936 21735459
1775409160965001376 21669440
1775409160986685649 21684273
1775409161008439108 21753459
1775409161030106474 21667366
1775409161051820451 21713977
1775409161073606356 21785905
1775409161095610207 22003851
1775409161117334332 21724125
1775409161139054680 21720348
1775409161160746787 21692107
1775409161182405134 21658347
1775409161204185409 21780275
1775409161225968442 21783033
1775409161247618567 21650125
1775409161269278692 21660125
1775409161290940798 21662106
1775409161312634813 21694015
1775409161334354179 21719366
1775409161356229843 21875664
1775409161377985266 21755423
1775409161399578779 21593513
1775409161421198403 21619624
1775409161442947122 21748719
1775409161464806231 21859109
1775409161486710192 21903961
1775409161508670079 21959887
1775409161530563651 21893572
1775409161552828672 22265021
1775409161574661651 21832979
1775409161596450389 21788738
1775409161618313053 21862664
1775409161640175032 21861979
1775409161662353034 22178002
1775409161684188161 21835127
1775409161705973009 21784848
1775409161727859063 21886054
1775409161749682912 21823849
1775409161771378222 21695310
1775409161793077885 21699663
1775409161814679379 21601494
1775409161836342300 21662921
1775409161858029703 21687403
1775409161879660902 21631199
1775409161901289527 21628625
1775409161923242266 21952739
1775409161944985318 21743052
1775409161966763296 21777978
1775409161988407273 21643977
1775409162010106713 21699440
1775409162031942284 21835571
1775409162053719855 21777571
1775409162075449407 21729552
1775409162097459517 22010110
1775409162119248495 21788978
1775409162141139308 21890813
1775409162162917620 21778312
1775409162184751284 21833664
1775409162206529151 21777867
1775409162228245461 21716310
1775409162250094089 21848628
1775409162271719491 21625402
1775409162293406301 21686810
1775409162315114260 21707959
1775409162336904590 21790330
1775409162358621679 21717089
1775409162380411342 21789663
1775409162402265544 21854202
1775409162424153319 21887775
1775409162446139837 21986518
1775409162467932686 21792849
1775409162490158280 22225594
1775409162512049741 21891461
1775409162533950443 21900702
1775409162555959942 22009499
1775409162577670901 21710959
1775409162599283433 21612532
1775409162620854538 21571105
1775409162642362828 21508290
1775409162663894137 21531309
1775409162685419149 21525012
1775409162706913568 21494419
1775409162728495655 21582087
1775409162787718258 59222603
1775409162809741054 22022796
1775409162831525995 21784941
1775409162853402567 21876572
1775409162875305936 21903369
1775409162897300157 21994221
1775409162919064283 21764126
1775409162948718224 29653941
1775409162970352386 21634162
1775409162992003029 21650643
1775409163013712451 21709422
1775409163035372743 21660292
1775409163057079294 21706551
1775409163078859291 21779997
1775409163100881439 22022148
1775409163122597860 21716421
1775409163144334857 21736997
1775409163166063705 21728848
1775409163187993851 21930146
1775409163209922868 21929017
1775409163231697587 21774719
1775409163253510177 21812590
1775409163275237469 21727292
1775409163296974836 21737367
1775409163318701443 21726607
1775409163340415865 21714422
1775409163362048026 21632161
1775409163383744837 21696811
1775409163405399573 21654736
1775409163427034123 21634550
1775409163448860954 21826831
1775409163470734063 21873109
1775409163492605098 21871035
1775409163514313316 21708218
1775409163536180239 21866923
1775409163558071293 21891054
1775409163579864067 21792774
1775409163601495951 21631884
1775409163623213392 21717441
1775409163645000629 21787237
1775409163666692643 21692014
1775409163688407399 21714756
1775409163710036430 21629031
1775409163731732426 21695996
1775409163753421200 21688774
1775409163775202048 21780848
1775409163796967804 21765756
1775409163818587539 21619735
1775409163840186812 21599273
1775409163861800566 21613754
1775409163883476209 21675643
1775409163905257484 21781275
1775409163926872793 21615309
1775409163948568956 21696163
1775409163970283655 21714699
1775409163991972040 21688385
1775409164013813704 21841664
1775409164035603256 21789552
1775409164057524144 21920888
1775409164079347567 21823423
1775409164101053155 21705588
1775409164122717447 21664292
1775409164144671575 21954128
1775409164166314811 21643236
1775409164188291884 21977073
1775409164209944731 21652847
1775409164231584967 21640236
1775409164253169295 21584328
1775409164274835846 21666551
1775409164296736288 21900442
1775409164318357468 21621180
1775409164339960500 21603032
1775409164362189242 22228742
1775409164383881368 21692126
1775409164405513011 21631643
1775409164427122117 21609106
1775409164448879039 21756922
1775409164470969002 22089963
1775409164492833870 21864868
1775409164514676146 21842276
1775409164536456902 21780756
1775409164558083489 21626587
1775409164579622964 21539475
1775409164601250237 21627273
1775409164625838396 24588159
1775409164647692449 21854053
1775409164669549503 21857054
1775409164691505816 21956313
1775409164713240775 21734959
1775409164735094903 21854128
1775409164756718379 21623476
1775409164778342114 21623735
1775409164800026832 21684718
1775409164821777903 21751071
1775409164843485936 21708033
1775409164865210635 21724699
1775409164886949613 21738978
1775409164908915353 21965740
1775409164930622441 21707088
1775409164952469124 21846683
1775409164974333325 21864201
1775409164996216675 21883350
1775409165018171488 21954813
1775409165039874799 21703311
1775409165061540331 21665532
1775409165083162363 21622032
1775409165105154381 21992018
1775409165126943118 21788737
1775409165148619984 21676866
1775409165170369814 21749830
1775409165192026735 21656921
1775409165213740787 21714052
1775409165235429430 21688643
1775409165257167778 21738348
1775409165278909275 21741497
1775409165300722253 21812978
1775409165322560140 21837887
1775409165344352822 21792682
1775409165366063280 21710458
1775409165387722887 21659607
1775409165409340604 21617717
1775409165430979488 21638884
1775409165452659928 21680440
1775409165474274311 21614383
1775409165496083438 21809127
1775409165517824545 21741107
1775409165539662709 21838164
1775409165561396780 21734071
1775409165583191591 21794811
1775409165604873383 21681792
1775409165626574786 21701403
1775409165648175392 21600606
1775409165669916925 21741533
1775409165691723496 21806571
1775409165713568235 21844739
1775409165735267564 21699329
1775409165756963411 21695847
1775409165778691111 21727700
1775409165800567942 21876831
1775409165822296679 21728737
1775409165843923989 21627310
1775409165865777912 21853923
1775409165887490927 21713015
1775409165909127625 21636698
1775409165930768435 21640810
1775409165952346855 21578420
1775409165974034092 21687237
1775409165995862274 21828182
1775409166017863736 22001462
1775409166039581214 21717478
1775409166061522546 21941332
1775409166083349543 21826997
1775409166105224726 21875183
1775409166127156224 21931498
1775409166148858183 21701959
1775409166170602309 21744126
1775409166192535104 21932795
1775409166214466306 21931202
1775409166236515621 22049315
1775409166258272562 21756941
1775409166280058392 21785830
1775409166301813870 21755478
1775409166323441198 21627328
1775409166345257806 21816608
1775409166366937005 21679199
1775409166388574445 21637440
1775409166410177032 21602587
1775409166431805638 21628606
1775409166453569727 21764089
1775409166475174629 21604902
1775409166496833735 21659106
1775409166518422730 21588995
1775409166540240671 21817941
1775409166561924667 21683996
1775409166583554440 21629773
1775409166605230231 21675791
1775409166626977283 21747052
1775409166648649482 21672199
1775409166670490276 21840794
1775409166692378015 21887739
1775409166714065622 21687607
1775409166736001787 21936165
1775409166757688023 21686236
1775409166779316296 21628273
1775409166801167645 21851349
1775409166822894049 21726404
1775409166844713027 21818978
1775409166866362782 21649755
1775409166887999184 21636402
1775409166909684476 21685292
1775409166931311878 21627402
1775409166952977300 21665422
1775409166975003632 22026332
1775409166996702184 21698552
1775409167018327049 21624865
1775409167039958174 21631125
1775409167061646243 21688069
1775409167083815467 22169224
1775409167105825559 22010092
1775409167127516277 21690718
1775409167149369256 21852979
1775409167171012936 21643680
1775409167192764377 21751441
1775409167214643467 21879090
1775409167236522095 21878628
1775409167258342073 21819978
1775409167280097866 21755793
1775409167301956049 21858183
1775409167323633359 21677310
1775409167345544580 21911221
1775409167367074388 21529808
1775409167417004827 49930439
1775409167438739453 21734626
1775409167460675266 21935813
1775409167482437744 21762478
1775409167504114295 21676551
1775409167525884291 21769996
1775409167547577509 21693218
1775409167569375784 21798275
1775409167591070465 21694681
1775409167614415017 23344552
1775409167636023530 21608513
1775409167657733915 21710385
1775409167679482467 21748552
1775409167701178833 21696366
1775409167722866791 21687958
1775409167744560065 21693274
1775409167766389655 21829590
1775409167788073706 21684051
1775409167809770257 21696551
1775409167831596143 21825886
1775409167853376770 21780627
1775409167875170396 21793626
1775409167896868633 21698237
1775409167918446794 21578161
1775409167939995288 21548494
1775409167961540300 21545012
1775409167983063071 21522771
1775409168004602732 21539661
1775409168026114466 21511734
1775409168047646590 21532124
1775409168069248529 21601939
1775409168090829171 21580642
1775409168112419221 21590050
1775409168134127773 21708552
1775409168155754619 21626846
1775409168177420911 21666292
1775409168199041813 21620902
1775409168220639493 21597680
1775409168242244191 21604698
1775409168263817519 21573328
1775409168285416588 21599069
1775409168306990748 21574160
1775409168328591836 21601088
1775409168350189052 21597216
1775409168371774288 21585236
1775409168393373745 21599457
1775409168414972091 21598346
1775409168436571845 21599754
1775409168458182099 21610254
1775409168479750149 21568050
1775409168501359736 21609587
1775409168522930675 21570939
1775409168544538559 21607884
1775409168566126960 21588401
1775409168587716696 21589736
1775409168609298783 21582087
1775409168630873758 21574975
1775409168652444549 21570791
1775409168674030951 21586402
1775409168695617223 21586272
1775409168717208477 21591254
1775409168738768008 21559531
1775409168760347724 21579716
1775409168781971108 21623384
1775409168803565010 21593902
1775409168825127930 21562920
1775409168846705350 21577420
1775409168868281770 21576420
1775409168889866302 21584532
1775409168911432444 21566142
1775409168933006364 21573920
1775409168954600637 21594273
1775409168976175390 21574753
1775409168997754162 21578772
1775409169019313193 21559031
1775409169040950726 21637533
1775409169062563739 21613013
1775409169084153770 21590031
1775409169105768691 21614921
1775409169127364852 21596161
1775409169148952235 21587383
1775409169170596397 21644162
1775409169192265467 21669070
1775409169213913166 21647699
1775409169235540623 21627457
1775409169257111914 21571291
1775409169278758965 21647051
1775409169300453590 21694625
1775409169322069696 21616106
1775409169343675876 21606180
1775409169365349223 21673347
1775409169387003755 21654532
1775409169408651232 21647477
1775409169430273616 21622384
1775409169451913999 21640383
1775409169473563791 21649792
1775409169495184971 21621180
1775409169516856152 21671181
1775409169538466535 21610383
1775409169560084641 21618106
1775409169581702543 21617902
1775409169603333223 21630680
1775409169624979237 21646014
1775409169646636695 21657458
1775409169668284209 21647514
1775409169689951000 21666791
1775409169711589421 21638421
1775409169733232046 21642625
1775409169754835874 21603828
1775409169776481110 21645236
1775409169798093068 21611958
1775409169819753563 21660495
1775409169841406132 21652569
1775409169863055035 21648903
1775409169884711419 21656384
1775409169906369710 21658291
1775409169928007317 21637607
1775409169949672479 21665162
1775409169971309474 21636995
1775409169992965061 21655587
1775409170014607871 21642810
1775409170036249348 21641477
1775409170057888954 21639606
1775409170079558246 21669292
1775409170101230778 21672532
1775409170122884440 21653662
1775409170144573065 21688625
1775409170166210468 21637403
1775409170187882074 21671606
1775409170209557014 21674940
1775409170231203287 21646273
1775409170252817430 21614143
1775409170274431425 21613995
1775409170296039049 21607624
1775409170317733267 21694218
1775409170339372243 21638976
1775409170361045757 21673514
1775409170382665178 21619421
1775409170404320784 21655606
1775409170425968576 21647792
1775409170447627534 21658958
1775409170469282603 21655069
1775409170490943321 21660718
1775409170512587927 21644606
1775409170534234830 21646903
1775409170555876047 21641217
1775409170577509412 21633365
1775409170599108740 21599328
1775409170620740957 21632217
1775409170642333989 21593032
1775409170663939298 21605309
1775409170685576941 21637643
1775409170707189103 21612162
1775409170728804690 21615587
1775409170750407759 21603069
1775409170772024846 21617087
1775409170793702712 21677866
1775409170815300855 21598143
1775409170836984073 21683218
1775409170858602604 21618531
1775409170880217433 21614829
1775409170901873520 21656087
1775409170923529645 21656125
1775409170945122843 21593198
1775409170966777283 21654440
1775409170988431186 21653903
1775409171010102163 21670977
1775409171031755584 21653421
1775409171053395079 21639495
1775409171074985536 21590457
1775409171096625050 21639514
1775409171118241193 21616143
1775409171139917947 21676754
1775409171161574998 21657051
1775409171183207567 21632569
1775409171204843655 21636088
1775409171226470909 21627254
1775409171248116849 21645940
1775409171269781362 21664513
1775409171291394690 21613328
1775409171313051167 21656477
1775409171334651662 21600495
1775409171356322768 21671106
1775409171377983467 21660699
1775409171399599221 21615754
1775409171421219438 21620217
1775409171442892749 21673311
1775409171464535207 21642458
1775409171486159701 21624494
1775409171507779307 21619606
1775409171529410876 21631569
1775409171550989686 21578810
1775409171572632570 21642884
1775409171594279250 21646680
1775409171615933856 21654606
1775409171637544925 21611069
1775409171659171846 21626921
1775409171680771525 21599679
1775409171702404761 21633236
1775409171724042367 21637606
1775409171745656603 21614236
1775409171767269820 21613217
1775409171788887815 21617995
1775409171810501550 21613735
1775409171832141193 21639643
1775409171853775077 21633884
1775409171875389109 21614032
1775409171897056752 21667643
1775409171918661747 21604995
1775409171940309390 21647643
1775409171961980423 21671033
1775409171983609918 21629495
1775409172005264209 21654291
1775409172026892260 21628051
1775409172048573589 21681329
1775409172070221232 21647643
1775409172091875801 21654569
1775409172113535889 21660088
1775409172135145291 21609402
1775409172156777267 21631976
1775409172178415948 21638681
1775409172200026720 21610772
1775409172221675456 21648736
1775409172243309007 21633551
1775409172264941668 21632661
1775409172286579571 21637903
1775409172308193991 21614420
1775409172329825023 21631032
1775409172351488389 21663366
1775409172373120106 21631717
1775409172394794528 21674422
1775409172416465004 21670476
1775409172438106592 21641588
1775409172459722920 21616328
1775409172481412805 21689885
1775409172503027244 21614439
1775409172524666591 21639347
1775409172546289493 21622902
1775409172567914099 21624606
1775409172589558168 21644069
1775409172611157163 21598995
1775409172632822380 21665217
1775409172654451338 21628958
1775409172676067148 21615810
1775409172697689698 21622550
1775409172719286508 21596810
1775409172740929354 21642846
1775409172762595405 21666051
1775409172784228197 21632792
1775409172805879358 21651161
1775409172827512150 21632792
1775409172849130311 21618161
1775409172870760232 21629921
1775409172892379931 21619699
1775409172914064222 21684291
1775409172935680513 21616291
1775409172957295379 21614866
1775409172978887410 21592031
1775409173000489071 21601661
1775409173022066399 21577328
1775409173043660968 21594569
1775409173065255129 21594161
1775409173086834493 21579364
1775409173108456377 21621884
1775409173130093391 21637014
1775409173151696163 21602772
1775409173173329788 21633625
1775409173194923560 21593772
1775409173216505647 21582087
1775409173238069641 21563994
1775409173259653191 21583550
1775409173281248593 21595402
1775409173302833013 21584420
1775409173324445952 21612939
1775409173346058781 21612829
1775409173367640905 21582124
1775409173389244547 21603642
1775409173410809875 21565328
1775409173432417703 21607828
1775409173453982678 21564975
1775409173475551043 21568365
1775409173497112204 21561161
1775409173518686013 21573809
1775409173540256470 21570457
1775409173561832205 21575735
1775409173583428089 21595884
1775409173605005157 21577068
1775409173626574633 21569476
1775409173648172979 21598346
1775409173669765214 21592235
1775409173691342227 21577013
1775409173712972648 21630421
1775409173734572161 21599513
1775409173756149285 21577124
1775409173777741613 21592328
1775409173799322681 21581068
1775409173820898916 21576235
1775409173842467855 21568939
1775409173864060368 21592513
1775409173885632084 21571716
1775409173907216412 21584328
1775409173928857203 21640791
1775409173950477309 21620106
1775409173972066526 21589217
1775409173993667428 21600902
1775409174015255200 21587772
1775409174036877825 21622625
1775409174058475153 21597328
1775409174080045554 21570401
1775409174101622604 21577050
1775409174123196839 21574235
1775409174144833723 21636884
1775409174166438458 21604735
1775409174188012916 21574458
1775409174209611410 21598494
1775409174231181404 21569994
1775409174252783899 21602495
1775409174274368893 21584994
1775409174295947499 21578606
1775409174317567345 21619846
1775409174339149562 21582217
1775409174360767298 21617736
1775409174382412293 21644995
1775409174404027917 21615624
1775409174425636708 21608791
1775409174447227721 21591013
1775409174468814956 21587235
1775409174490378432 21563476
1775409174511959371 21580939
1775409174533574532 21615161
1775409174555160601 21586069
1775409174576786595 21625994
1775409174598390275 21603680
1775409174619984955 21594680
1775409174641591579 21606624
1775409174663152166 21560587
1775409174684787420 21635254
1775409174706400656 21613236
1775409174727980743 21580087
1775409174749567496 21586753
1775409174771146935 21579439
1775409174792778949 21632014
1775409174814377536 21598587
1775409174835963641 21586105
1775409174857556376 21592735
1775409174879157964 21601588
1775409174900778644 21620680
1775409174922395175 21616531
1775409174943992596 21597421
1775409174965644887 21652291
1775409174987249567 21604680
1775409175008908544 21658977
1775409175030519946 21611402
1775409175052114570 21594624
1775409175073703268 21588698
1775409175095278466 21575198
1775409175116886905 21608439
1775409175138507900 21620995
1775409175160134543 21626643
1775409175181729575 21595032
1775409175203339625 21610050
1775409175224947416 21607791
1775409175246616189 21668773
1775409175268226147 21609958
1775409175289889698 21663551
1775409175311508378 21618680
1775409175333130558 21622180
1775409175354752701 21622143
1775409175376382307 21629606
1775409175398057469 21675162
1775409175419664130 21606661
1775409175441284773 21620643
1775409175462909824 21625051
1775409175484542930 21633106
1775409175506203351 21660421
1775409175527854383 21651032
1775409175549489082 21634699
1775409175571097299 21608217
1775409175592778831 21681532
1775409175614448327 21669496
1775409175636096822 21648495
1775409175657752410 21655588
1775409175679420331 21667921
1775409175701088437 21668106
1775409175722744803 21656366
1775409175744421706 21676903
1775409175766077553 21655847
1775409175787708418 21630865
1775409175809360395 21651977
1775409175830975593 21615198
1775409175852613348 21637755
1775409175874238287 21624939
1775409175895847245 21608958
1775409175917474591 21627346
1775409175939076753 21602162
1775409175960698303 21621550
1775409175982306168 21607865
1775409176003903774 21597606
1775409176025575788 21672014
1775409176047221172 21645384
1775409176068859870 21638698
1775409176090513903 21654033
1775409176112169565 21655662
1775409176133848097 21678532
1775409176155506796 21658699
1775409176177158365 21651569
1775409176198813675 21655310
1775409176220484578 21670903
1775409176242115092 21630514
1775409176263768994 21653902
1775409176285432416 21663422
1775409176307045170 21612754
1775409176328675794 21630624
1775409176350289863 21614069
1775409176371895098 21605235
1775409176393531075 21635977
1775409176415128532 21597457
1775409176436796917 21668385
1775409176458414171 21617254
1775409176480008702 21594531
1775409176501621160 21612458
1775409176523227303 21606143
1775409176544908372 21681069
1775409176566576182 21667810
1775409176588195159 21618977
1775409176609822617 21627458
1775409176631471501 21648884
1775409176653128385 21656884
1775409176674763806 21635421
1775409176696422338 21658532
1775409176718070963 21648625
1775409176739725699 21654736
1775409176761397250 21671551
1775409176783034245 21636995
1775409176804677888 21643643
1775409176826309716 21631828
1775409176848041453 21731737
1775409176869758597 21717144
1775409176891386777 21628180
1775409176913007328 21620551
1775409176934600526 21593198
1775409176956199354 21598828
1775409176977816589 21617235
1775409176999404158 21587569
1775409177020994319 21590161
1775409177042589369 21595050
1775409177064172604 21583235
1775409177085738228 21565624
1775409177107366056 21627828
1775409177129009922 21643866
1775409177150637546 21627624
1775409177172245226 21607680
1775409177193850184 21604958
1775409177215437233 21587049
1775409177237023432 21586199
1775409177258595555 21572123
1775409177280173550 21577995
1775409177301763600 21590050
1775409177323337798 21574198
1775409177344939570 21601772
1775409177366537861 21598291
1775409177388132522 21594661
1775409177409729517 21596995
1775409177431307474 21577957
1775409177452888413 21580939
1775409177474460814 21572401
1775409177496044272 21583458
1775409177517622137 21577865
1775409177539194334 21572197
1775409177560803588 21609254
1775409177582405935 21602347
1775409177603998281 21592346
1775409177625584831 21586550
1775409177647159381 21574550
1775409177668771339 21611958
1775409177690375722 21604383
1775409177711999161 21623439
1775409177733661046 21661885
1775409177755251188 21590142
1775409177776892832 21641644
1775409177798512178 21619346
1775409177820105691 21593513
1775409177841702334 21596643
1775409177863297162 21594828
1775409177884913638 21616476
