1774714544893107660 C1_BASELINE_START
1774714604898001955 C1_BASELINE_END
1774714604900157468 C1_INTERVENTION_START
1774714614908995565 C1_INTERVENTION_END
1774714614910839153 C1_RECOVERY_R1_START
1774714674914466230 C1_RECOVERY_R1_END
1774714674916357575 C1_RECOVERY_R2_START
1774714734921366331 C1_RECOVERY_R2_END
1774714734923067649 C1_POSTBASELINE_START
1774714794926559711 C1_POSTBASELINE_END
1774714794929518601 C2_BASELINE_START
1774714854934258320 C2_BASELINE_END
1774714854936143931 C2_INTERVENTION_START
1774714864943151498 C2_INTERVENTION_END
1774714864944988720 C2_RECOVERY_R1_START
1774714924948608793 C2_RECOVERY_R1_END
1774714924950494255 C2_RECOVERY_R2_START
1774714984955273723 C2_RECOVERY_R2_END
1774714984957025817 C2_POSTBASELINE_START
1774715044960650513 C2_POSTBASELINE_END
1774715044963570292 C3_BASELINE_START
1774715104968241029 C3_BASELINE_END
1774715104970131474 C3_INTERVENTION_START
1774715114977347692 C3_INTERVENTION_END
1774715114979161230 C3_RECOVERY_R1_START
1774715174982806580 C3_RECOVERY_R1_END
1774715174984684913 C3_RECOVERY_R2_START
1774715234989962450 C3_RECOVERY_R2_END
1774715234991776839 C3_POSTBASELINE_START
1774715294995347803 C3_POSTBASELINE_END
