1776151141075125830 22005154
1776151141096924205 21798375
1776151141118665561 21741356
1776151141140258602 21593041
1776151141161890310 21631708
1776151141183466591 21576281
1776151141205053743 21587152
1776151141226753211 21699468
1776151141248463974 21710763
1776151141270139923 21675949
1776151141291784242 21644319
1776151141313446042 21661800
1776151141335163195 21717153
1776151141356820162 21656967
1776151141378488685 21668523
1776151141400159856 21671171
1776151141421846675 21686819
1776151141443525605 21678930
1776151141465201868 21676263
1776151141486883521 21681653
1776151141508537784 21654263
1776151141530223733 21685949
1776151141551863533 21639800
1776151141573528297 21664764
1776151141595156578 21628281
1776151141616821009 21664431
1776151141638503846 21682837
1776151141660162165 21658319
1776151141681854595 21692430
1776151141703497062 21642467
1776151141725142437 21645375
1776151141746791367 21648930
1776151141768455334 21663967
1776151141790089875 21634541
1776151141811735639 21645764
1776151141833392624 21656985
1776151141855060128 21667504
1776151141876688892 21628764
1776151141898397507 21708615
1776151141920112252 21714745
1776151141941768053 21655801
1776151141963413779 21645726
1776151141985073246 21659467
1776151142006731380 21658134
1776151142028366643 21635263
1776151142050033370 21666727
1776151142071689355 21655985
1776151142093364526 21675171
1776151142115074216 21709690
1776151142136746294 21672078
1776151142158420965 21674671
1776151142180079413 21658448
1776151142201750714 21671301
1776151142223410514 21659800
1776151142245067704 21657190
1776151142266737578 21669874
1776151142288369730 21632152
1776151142310093050 21723320
1776151142331766609 21673559
1776151142353441447 21674838
1776151142375107303 21665856
1776151142396756344 21649041
1776151142418422626 21666282
1776151142440074667 21652041
1776151142461705468 21630801
1776151142483365194 21659726
1776151142505029180 21663986
1776151142526708313 21679133
1776151142548344706 21636393
1776151142570014359 21669653
1776151142591668418 21654059
1776151142613312367 21643949
1776151142634961538 21649171
1776151142656591320 21629782
1776151142678241064 21649744
1776151142699923958 21682894
1776151142721584406 21660448
1776151142743236170 21651764
1776151142764879655 21643485
1776151142786519752 21640097
1776151142808139348 21619596
1776151142829797834 21658486
1776151142851435171 21637337
1776151142873101490 21666319
1776151142894753087 21651597
1776151142916401814 21648727
1776151142938070688 21668874
1776151142959721396 21650708
1776151142981329789 21608393
1776151143002974385 21644596
1776151143024561593 21587208
1776151143046218708 21657115
1776151143067850138 21631430
1776151143089442975 21592837
1776151143111128387 21685412
1776151143132748539 21620152
1776151143154383358 21634819
1776151143176007807 21624449
1776151143197608514 21600707
1776151143219229870 21621356
1776151143240838022 21608152
1776151143262458897 21620875
1776151143284066252 21607355
1776151143305683256 21617004
1776151143327299797 21616541
1776151143348920505 21620708
1776151143370538065 21617560
1776151143392134994 21596929
1776151143413774128 21639134
1776151143435409299 21635171
1776151143457020007 21610708
1776151143478640918 21620911
1776151143500230385 21589467
1776151143521840241 21609856
1776151143543429059 21588818
1776151143565034452 21605393
1776151143586662641 21628189
1776151143608277997 21615356
1776151143629909927 21631930
1776151143651517394 21607467
1776151143673108342 21590948
1776151143694747643 21639301
1776151143716344573 21596930
1776151143737991280 21646707
1776151143759599988 21608708
1776151143781206066 21606078
1776151143802825255 21619189
1776151143824427759 21602504
1776151143846050819 21623060
1776151143867654563 21603744
1776151143889245827 21591264
1776151143910861960 21616133
1776151143932467316 21605356
1776151143954113968 21646652
1776151143975769343 21655375
1776151143997393439 21624096
1776151144019077295 21683856
1776151144040718892 21641597
1776151144062352600 21633708
1776151144083978308 21625708
1776151144105583330 21605022
1776151144127216741 21633411
1776151144148856727 21639986
1776151144170485472 21628745
1776151144192084846 21599374
1776151144213683887 21599041
1776151144235293002 21609115
1776151144256901802 21608800
1776151144278509954 21608152
1776151144300111032 21601078
1776151144321709240 21598208
1776151144343350540 21641300
1776151144364936692 21586152
1776151144386552789 21616097
1776151144408141385 21588596
1776151144429730111 21588726
1776151144451354430 21624319
1776151144472962397 21607967
1776151144494598420 21636023
1776151144516220516 21622096
1776151144537848168 21627652
1776151144559455821 21607653
1776151144581056769 21600948
1776151144602666254 21609485
1776151144624260018 21593764
1776151144645867855 21607837
1776151144667468007 21600152
1776151144689065974 21597967
1776151144710697811 21631837
1776151144732296889 21599078
1776151144753916337 21619448
1776151144775502452 21586115
1776151144797086123 21583671
1776151144818683164 21597041
1776151144840263390 21580226
1776151144861866172 21602782
1776151144883460509 21594337
1776151144905067809 21607300
1776151144926676202 21608393
1776151144948257687 21581485
1776151144969866376 21608689
1776151144991500492 21634116
1776151145013124607 21624115
1776151145034747555 21622948
1776151145056339559 21592004
1776151145077972582 21633023
1776151145099592530 21619948
1776151145121215423 21622893
1776151145142858038 21642615
1776151145164473227 21615189
1776151145186091453 21618226
1776151145207691624 21600171
1776151145229323980 21632356
1776151145250952113 21628133
1776151145272581358 21629245
1776151145294195807 21614449
1776151145315827162 21631355
1776151145337440352 21613190
1776151145359064133 21623781
1776151145380666582 21602449
1776151145402269234 21602652
1776151145423871219 21601985
1776151145445490853 21619634
1776151145467117764 21626911
1776151145488744731 21626967
1776151145510378754 21634023
1776151145532141073 21762319
1776151145553849336 21708263
1776151145575473989 21624653
1776151145597121122 21647133
1776151145618763645 21642523
1776151145640386667 21623022
1776151145662020394 21633727
1776151145683627157 21606763
1776151145705240994 21613837
1776151145726874591 21633597
1776151145748510576 21635985
1776151145770125562 21614986
1776151145791751918 21626356
1776151145813346347 21594429
1776151145834976185 21629838
1776151145856579892 21603707
1776151145878220841 21640949
1776151145899816493 21595652
1776151145921433941 21617448
1776151145943055112 21621171
1776151145964667431 21612319
1776151145986316879 21649448
1776151146007957828 21640949
1776151146029578535 21620707
1776151146051246317 21667782
1776151146072928914 21682597
1776151146094544325 21615411
1776151146116217904 21673579
1776151146137886111 21668207
1776151146159514134 21628023
1776151146181158231 21644097
1776151146202796957 21638726
1776151146224400942 21603985
1776151146246020854 21619912
1776151146267637561 21616707
1776151146289235824 21598263
1776151146310854680 21618856
1776151146332457684 21603004
1776151146354105059 21647375
1776151146375712025 21606966
1776151146397333474 21621449
1776151146418949941 21616467
1776151146440559574 21609633
1776151146462188338 21628764
1776151146483818545 21630207
1776151146505446494 21627949
1776151146527139831 21693337
1776151146548741817 21601986
1776151146570378876 21637059
1776151146591985084 21606208
1776151146613590088 21605004
1776151146635207795 21617707
1776151146656825799 21618004
1776151146678442729 21616930
1776151146700064696 21621967
1776151146721657311 21592615
1776151146743285722 21628411
1776151146764904782 21619060
1776151146786526119 21621337
1776151146808130549 21604430
1776151146829749849 21619300
1776151146851350464 21600615
1776151146872956783 21606319
1776151146894575454 21618671
1776151146916180587 21605133
1776151146937799665 21619078
1776151146959381188 21581523
1776151146980981192 21600004
1776151147002605436 21624244
1776151147024209903 21604467
1776151147045829703 21619800
1776151147067441670 21611967
1776151147089027341 21585671
1776151147110652511 21625170
1776151147132253904 21601393
1776151147153892260 21638356
1776151147175510357 21618097
1776151147197145879 21635522
1776151147218752994 21607115
1776151147240576832 21823838
1776151147262329003 21752171
1776151147283974600 21645597
1776151147305650585 21675985
1776151147327580813 21930228
1776151147349386521 21805708
1776151147371095636 21709115
1776151147392760474 21664838
1776151147414420941 21660467
1776151147436079352 21658411
1776151147457725727 21646375
1776151147479405564 21679837
1776151147501049494 21643930
1776151147522709535 21660041
1776151147544360706 21651171
1776151147566010914 21650208
1776151147587647381 21636467
1776151147609269811 21622430
1776151147630924796 21654985
1776151147652536819 21612023
1776151147674182915 21646096
1776151147695788753 21605838
1776151147717408849 21620096
1776151147739045687 21636838
1776151147760664561 21618874
1776151147782289991 21625430
1776151147803915624 21625633
1776151147825535499 21619875
1776151147847155725 21620226
1776151147868756747 21601022
1776151147890396899 21640152
1776151147911999403 21602504
1776151147933623741 21624338
1776151147955261578 21637837
1776151147976878934 21617356
1776151147998494827 21615893
1776151148020085034 21590207
1776151148041688631 21603597
1776151148063328653 21640022
1776151148084967787 21639134
1776151148106594291 21626504
1776151148128226313 21632022
1776151148149869706 21643393
1776151148171508617 21638911
1776151148193103510 21594893
1776151148214714755 21611245
1776151148236324759 21610004
1776151148257947966 21623207
1776151148279550581 21602615
1776151148301261141 21710560
1776151148322973905 21712764
1776151148344633538 21659633
1776151148366264635 21631097
1776151148387891213 21626578
1776151148409531958 21640745
1776151148431143869 21611911
1776151148452755836 21611967
1776151148474382470 21626634
1776151148496004140 21621670
1776151148517626200 21622060
1776151148539254518 21628318
1776151148560880356 21625838
1776151148582515082 21634726
1776151148604131567 21616485
1776151148625752053 21620486
1776151148647368723 21616670
1776151148668979950 21611227
1776151148690604750 21624800
1776151148712209865 21605115
1776151148733822517 21612652
1776151148755423243 21600726
1776151148777024932 21601689
1776151148798643232 21618300
1776151148820238643 21595411
1776151148841848981 21610338
1776151148863456744 21607763
1776151148885046988 21590244
1776151148906660863 21613875
1776151148928273904 21613041
1776151148949900111 21626207
1776151148971497837 21597726
1776151148993111471 21613634
1776151149014735142 21623671
1776151149036331331 21596189
1776151149057953409 21622078
1776151149079577894 21624485
1776151149101205861 21627967
1776151149122841143 21635282
1776151149144470647 21629504
1776151149166105891 21635244
1776151149187725080 21619189
1776151149209333899 21608819
1776151149230953496 21619597
1776151149252540611 21587115
1776151149274166448 21625837
1776151149295784526 21618078
1776151149317422085 21637559
1776151149339052349 21630264
1776151149360651352 21599003
1776151149382251560 21600208
1776151149403839212 21587652
1776151149425438420 21599208
1776151149447108090 21669670
1776151149468729372 21621282
1776151149490344543 21615171
1776151149511937269 21592726
1776151149533543347 21606078
1776151149555158684 21615337
1776151149576772336 21613652
1776151149598372173 21599837
1776151149619988973 21616800
1776151149641580051 21591078
1776151149663179407 21599356
1776151149684773763 21594356
1776151149706381785 21608022
1776151149727979270 21597485
1776151149749580274 21601004
1776151149771192834 21612560
1776151149792813171 21620337
1776151149814427286 21614115
1776151149836032549 21605263
1776151149857616071 21583522
1776151149879214057 21597986
1776151149900810135 21596078
1776151149922420009 21609874
1776151149944039550 21619541
1776151149965638850 21599300
1776151149987251872 21613022
1776151150008841395 21589523
1776151150030442213 21600818
1776151150052025328 21583115
1776151150073610536 21585208
1776151150095213169 21602633
1776151150116819673 21606504
1776151150138448510 21628837
1776151150160052125 21603615
1776151150181641277 21589152
1776151150203263096 21621819
1776151150224907878 21644782
1776151150246523974 21616096
1776151150268128404 21604430
1776151150289728926 21600522
1776151150311346745 21617819
1776151150332941471 21594726
1776151150354526567 21585096
1776151150376111756 21585189
1776151150397707223 21595467
1776151150419306301 21599078
1776151150440903935 21597634
1776151150462497624 21593689
1776151150484098979 21601355
1776151150505699705 21600726
1776151150527335913 21636208
1776151150548934528 21598615
1776151150570547662 21613134
1776151150592116332 21568670
1776151150613718206 21601874
1776151150635326580 21608374
1776151150656922195 21595615
1776151150678555551 21633356
1776151150700162129 21606578
1776151150721781633 21619504
1776151150743360600 21578967
1776151150764954955 21594355
1776151150786538015 21583060
1776151150808145148 21607133
1776151150829770671 21625523
1776151150851385397 21614726
1776151150872996160 21610763
1776151150894615145 21618985
1776151150916198056 21582911
1776151150937808783 21610727
1776151150959410972 21602189
1776151150980995031 21584059
1776151151002616905 21621874
1776151151024213909 21597004
1776151151045811246 21597337
1776151151067515195 21703949
1776151151089205606 21690411
1776151151110938000 21732394
1776151151132570504 21632504
1776151151154212156 21641652
1776151151175819456 21607300
1776151151197426015 21606559
1776151151219071149 21645134
1776151151240684319 21613170
1776151151262341638 21657319
1776151151283978809 21637171
1776151151305589405 21610596
1776151151327236409 21647004
1776151151348858061 21621652
1776151151370480232 21622171
1776151151392083773 21603541
1776151151413704184 21620411
1776151151435301484 21597300
1776151151456915840 21614356
1776151151478525085 21609245
1776151151500126903 21601818
1776151151521720777 21593874
1776151151543367189 21646412
1776151151564970045 21602856
1776151151586593141 21623096
1776151151608178478 21585337
1776151151629779630 21601152
1776151151651379875 21600245
1776151151672993490 21613615
1776151151694618679 21625189
1776151151716232331 21613652
1776151151737875557 21643226
1776151151759467265 21591708
1776151151781064676 21597411
1776151151802673013 21608337
1776151151824272850 21599837
1776151151845894854 21622004
1776151151867479210 21584356
1776151151889070010 21590800
1776151151910676106 21606096
1776151151932273832 21597726
1776151151953903503 21629671
1776151151975501766 21598263
1776151151997092362 21590596
1776151152018722366 21630004
1776151152040321870 21599504
1776151152061959430 21637560
1776151152083567822 21608392
1776151152105192178 21624356
1776151152126862460 21670282
1776151152148493686 21631226
1776151152170124005 21630319
1776151152191750731 21626726
1776151152213363568 21612837
1776151152235012628 21649060
1776151152256629169 21616541
1776151152278241432 21612263
1776151152299851602 21610170
1776151152321461606 21610004
1776151152343098758 21637152
1776151152364716151 21617393
1776151152386361414 21645263
1776151152407999455 21638041
1776151152429600644 21601189
1776151152451220185 21619541
1776151152472819244 21599059
1776151152494416137 21596893
1776151152516012196 21596059
1776151152537610608 21598412
1776151152559232297 21621689
1776151152580837708 21605411
1776151152602434934 21597226
1776151152624028104 21593170
1776151152645629071 21600967
1776151152667260242 21631171
1776151152688865098 21604856
1776151152710473620 21608522
1776151152732095253 21621633
1776151152753694091 21598838
1776151152775296206 21602115
1776151152796883006 21586800
1776151152818469639 21586633
1776151152840059291 21589652
1776151152861647202 21587911
1776151152883268243 21621041
1776151152904882173 21613930
1776151152926501214 21619041
1776151152948117255 21616041
1776151152969720073 21602818
1776151152991336985 21616912
1776151153012963600 21626615
1776151153034579085 21615485
1776151153056186996 21607911
1776151153077795667 21608671
1776151153099424059 21628392
1776151153121036267 21612208
1776151153142714160 21677893
1776151153164329590 21615430
1776151153185981612 21652022
1776151153207584394 21602782
1776151153229200583 21616189
1776151153250829716 21629133
1776151153272447535 21617819
1776151153294075521 21627986
1776151153315740599 21665078
1776151153337372325 21631726
1776151153358992532 21620207
1776151153380597518 21604986
1776151153402243892 21646374
1776151153423873544 21629652
1776151153445477659 21604115
1776151153467101904 21624245
1776151153488707741 21605837
1776151153510334300 21626559
1776151153531928489 21594189
1776151153553542586 21614097
1776151153575164960 21622374
1776151153596807871 21642911
1776151153618414912 21607041
1776151153640001916 21587004
1776151153661604846 21602930
1776151153683226757 21621911
1776151153704841761 21615004
1776151153726449098 21607337
1776151153748045565 21596467
1776151153769666902 21621337
1776151153791278554 21611652
1776151153812875539 21596985
1776151153834472876 21597337
1776151153856064010 21591134
1776151153877650921 21586911
1776151153899257240 21606319
1776151153920865151 21607911
1776151153942493469 21628318
1776151153964100696 21607227
1776151153985748829 21648133
1776151154007339092 21590263
1776151154028969152 21630060
1776151154050607656 21638504
1776151154072234585 21626929
1776151154093850534 21615949
1776151154115481760 21631226
1776151154137132616 21650856
1776151154158807046 21674430
1776151154180421272 21614226
1776151154202049016 21627744
1776151154223672002 21622986
1776151154245290135 21618133
1776151154266937787 21647652
1776151154288566958 21629171
1776151154310288481 21721523
1776151154331967299 21678818
1776151154353589859 21622560
1776151154375216307 21626448
1776151154396833644 21617337
1776151154418448963 21615319
1776151154440048671 21599708
1776151154461649026 21600355
1776151154483284438 21635412
1776151154504906423 21621985
1776151154526526019 21619596
1776151154548137449 21611430
1776151154569744786 21607337
1776151154591362383 21617597
1776151154612969868 21607485
1776151154634586427 21616559
1776151154656221283 21634856
1776151154677868806 21647523
1776151154699461698 21592892
1776151154721062813 21601115
1776151154742702928 21640115
1776151154764313636 21610708
1776151154785921380 21607744
1776151154807542347 21620967
1776151154829154240 21611893
1776151154850797873 21643633
1776151154872418822 21620949
1776151154894041863 21623041
1776151154915645459 21603596
1776151154937267685 21622226
1776151154958885282 21617597
1776151154980491526 21606244
1776151155002118104 21626578
1776151155023720571 21602467
1776151155045349704 21629133
1776151155066984782 21635078
1776151155088608453 21623671
1776151155110227975 21619522
1776151155131876572 21648597
1776151155153511502 21634930
1776151155175156061 21644559
1776151155196785306 21629245
1776151155218410958 21625652
1776151155240026795 21615837
1776151155261661910 21635115
1776151155283311321 21649411
1776151155304913973 21602652
1776151155326528736 21614763
1776151155348144185 21615449
1776151155369775281 21631096
1776151155391374100 21598819
1776151155412983474 21609374
1776151155434592200 21608726
1776151155456199611 21607411
1776151155477812152 21612541
1776151155499444489 21632337
1776151155521063975 21619486
1776151155542701793 21637818
1776151155564296982 21595189
1776151155586008505 21711523
1776151155607679213 21670708
1776151155629316217 21637004
1776151155650962017 21645800
1776151155672599947 21637930
1776151155694268821 21668874
1776151155715920918 21652097
1776151155737553847 21632929
1776151155759179259 21625412
1776151155780795226 21615967
1776151155802399729 21604503
1776151155824012418 21612689
1776151155845612422 21600004
1776151155867263648 21651226
1776151155888886282 21622634
1776151155910508841 21622559
1776151155932124864 21616023
1776151155953768849 21643985
1776151155975392557 21623708
1776151155997010653 21618096
1776151156018653731 21643078
1776151156040314939 21661208
1776151156061982183 21667244
1776151156083790318 21808135
1776151156105481507 21691189
1776151156127146418 21664911
1776151156148905663 21759245
1776151156170540112 21634449
1776151156192157930 21617818
1776151156213779045 21621115
1776151156235379531 21600486
1776151156257001923 21622392
1776151156278647001 21645078
1776151156300269190 21622189
1776151156321905176 21635986
1776151156343515124 21609948
1776151156365135091 21619967
1776151156386774187 21639096
1776151156408386302 21612115
1776151156430014880 21628578
1776151156451612014 21597134
1776151156473219499 21607485
1776151156494871410 21651911
1776151156516490266 21618856
1776151156538159048 21668782
1776151156559822200 21663152
1776151156581457074 21634874
1776151156603119115 21662041
1776151156624739341 21620226
1776151156646353901 21614560
1776151156667974571 21620670
1776151156689581019 21606448
1776151156711189856 21608837
1776151156732814175 21624319
1776151156754427901 21613726
1776151156776052590 21624689
1776151156797669909 21617319
1776151156819282450 21612541
1776151156840887416 21604966
1776151156862499568 21612152
1776151156884122128 21622560
1776151156905722632 21600504
1776151156927345376 21622744
1776151156948953195 21607819
1776151156970549310 21596115
1776151156992187776 21638466
1776151157013829003 21641227
1776151157035447006 21618003
1776151157057050103 21603097
1776151157078672847 21622744
1776151157100280981 21608134
1776151157121921040 21640059
1776151157143546563 21625523
1776151157165181585 21635022
1776151157186832663 21651078
1776151157208434519 21601856
1776151157230076078 21641559
1776151157251706082 21630004
1776151157273313234 21607152
1776151157294941886 21628652
1776151157316578038 21636152
1776151157338221153 21643115
1776151157359831768 21610615
1776151157381435438 21603670
1776151157403115294 21679856
1776151157424749187 21633893
1776151157446356543 21607356
1776151157467964565 21608022
1776151157489608735 21644170
1776151157511231795 21623060
1776151157532873151 21641356
1776151157554498932 21625781
1776151157576109214 21610282
1776151157597745310 21636096
1776151157619326666 21581356
1776151157640929558 21602892
1776151157662528914 21599356
1776151157684128122 21599208
1776151157705763274 21635152
1776151157727354703 21591429
1776151157748962744 21608041
1776151157770595581 21632837
1776151157792198178 21602597
1776151157813810422 21612244
1776151157835416222 21605800
1776151157857032911 21616689
1776151157878659934 21627023
1776151157900267160 21607226
1776151157921910571 21643411
1776151157943525964 21615393
1776151157965114912 21588948
1776151157986763619 21648707
1776151158008362864 21599245
1776151158029979812 21616948
1776151158051576760 21596948
1776151158073195653 21618893
1776151158094839027 21643374
1776151158116474902 21635875
1776151158138125276 21650374
1776151158159747187 21621911
1776151158181353413 21606226
1776151158202999732 21646319
1776151158224591291 21591559
1776151158246218165 21626874
1776151158267838206 21620041
1776151158289444580 21606374
1776151158311087214 21642634
1776151158332720236 21633022
1776151158354370999 21650763
1776151158376010837 21639838
1776151158397625655 21614818
1776151158419238789 21613134
1776151158440861329 21622540
1776151158462469481 21608152
1776151158484078633 21609152
1776151158505691896 21613263
1776151158527350697 21658801
1776151158548981386 21630689
1776151158570604408 21623022
1776151158592206875 21602467
1776151158613843119 21636244
1776151158635452901 21609782
1776151158657048034 21595133
1776151158678673223 21625189
1776151158700276338 21603115
1776151158721880305 21603967
1776151158743489883 21609578
1776151158765088183 21598300
1776151158786716427 21628244
1776151158808339042 21622615
1776151158829986213 21647171
1776151158851622735 21636522
1776151158873224387 21601652
1776151158894850280 21625893
1776151158916438580 21588300
1776151158938060973 21622393
1776151158959678217 21617244
1776151158981269647 21591430
1776151159002891502 21621855
1776151159024490376 21598874
1776151159046142936 21652560
1776151159067763143 21620207
1776151159089365555 21602412
1776151159111019670 21654115
1776151159132676451 21656781
1776151159154330826 21654375
1776151159175942922 21612096
1776151159197560796 21617874
1776151159219184670 21623874
1776151159240779378 21594708
1776151159262389900 21610522
1776151159283998108 21608208
1776151159305627223 21629115
1776151159327273819 21646596
1776151159348896971 21623152
1776151159370499938 21602967
1776151159392099904 21599966
1776151159413701186 21601282
1776151159435301301 21600115
1776151159456913675 21612374
1776151159478530605 21616930
1776151159500149682 21619077
1776151159521762260 21612578
1776151159543354875 21592615
1776151159564950786 21595911
1776151159586545549 21594763
1776151159608140849 21595300
1776151159629728131 21587282
1776151159651339542 21611411
1776151159672933120 21593578
1776151159694541383 21608263
1776151159716137553 21596170
1776151159737724612 21587059
1776151159759356690 21632078
1776151159780967342 21610652
1776151159802526864 21559522
1776151159824137146 21610282
1776151159845777576 21640430
1776151159867381616 21604040
1776151159888980287 21598671
1776151159910590753 21610466
1776151159932189109 21598356
1776151159953814039 21624930
1776151159975430543 21616504
1776151159997039861 21609318
1776151160018664643 21624782
1776151160040252683 21588040
1776151160061877095 21624412
1776151160083498543 21621448
1776151160105120065 21621522
1776151160126791791 21671726
1776151160148439258 21647467
1776151160170074947 21635689
1776151160191688618 21613671
1776151160213295307 21606689
1776151160234903551 21608244
1776151160256495888 21592337
1776151160278106559 21610671
1776151160299795100 21688541
1776151160321458511 21663411
1776151160343175626 21717115
1776151160364820593 21644967
1776151160386457949 21637356
1776151160408097842 21639893
1776151160429717234 21619392
1776151160451352534 21635300
1776151160472984242 21631708
1776151160494622672 21638430
1776151160516248731 21626059
1776151160537905217 21656486
1776151160559541961 21636744
1776151160581166891 21624930
1776151160602797747 21630856
1776151160624400510 21602763
1776151160646016236 21615726
1776151160667617573 21601337
1776151160689215354 21597781
1776151160710871877 21656523
1776151160732469195 21597318
1776151160754106273 21637078
1776151160775711425 21605152
1776151160797325373 21613948
1776151160818949358 21623985
1776151160840559177 21609819
1776151160862177551 21618374
1776151160883775814 21598263
1776151160905369151 21593337
1776151160927034155 21665004
1776151160948654863 21620708
1776151160970266311 21611448
1776151160991861203 21594892
1776151161013456485 21595282
1776151161035067192 21610707
1776151161056682863 21615671
1776151161078311811 21628948
1776151161099938352 21626541
1776151161121549707 21611355
1776151161143156970 21607263
1776151161164779011 21622041
1776151161186527978 21748967
1776151161208139075 21611097
1776151161229755338 21616263
1776151161251363249 21607911
1776151161272960956 21597707
1776151161294509571 21548615
1776151161316139241 21629670
1776151161337765671 21626430
1776151161359385045 21619374
1776151161381005605 21620560
1776151161402653775 21648170
1776151161424250371 21596596
1776151161445877931 21627560
1776151161467500361 21622430
1776151161489104624 21604263
1776151161510747905 21643281
1776151161532377039 21629134
1776151161554013746 21636707
1776151161575636657 21622911
1776151161597237050 21600393
1776151161618849850 21612800
1776151161640466428 21616578
1776151161662074876 21608448
1776151161683655898 21581022
1776151161705238735 21582837
1776151161726853998 21615263
1776151161748443502 21589504
1776151161770068098 21624596
1776151161791679546 21611448
1776151161813271902 21592356
1776151161834899850 21627948
1776151161856513965 21614115
1776151161878141413 21627448
1776151161899776973 21635560
1776151161921413088 21636115
1776151161943049999 21636911
1776151161964650706 21600707
1776151161986254784 21604078
1776151162007860140 21605356
1776151162029472106 21611966
1776151162051099721 21627615
1776151162072705947 21606226
1776151162094339766 21633819
1776151162115954529 21614763
1776151162137589514 21634985
1776151162159189851 21600337
1776151162180814466 21624615
1776151162202452303 21637837
1776151162224050529 21598226
1776151162245669126 21618597
1776151162267287833 21618707
1776151162288878670 21590837
1776151162310469970 21591300
1776151162332053214 21583244
1776151162353648755 21595541
1776151162375285500 21636745
1776151162396887892 21602392
1776151162418505711 21617819
1776151162440112492 21606781
1776151162461722089 21609597
1776151162483336055 21613966
1776151162504946300 21610245
1776151162526571396 21625096
1776151162548192104 21620708
1776151162569822441 21630337
1776151162591431074 21608633
1776151162613034689 21603615
1776151162634656693 21622004
1776151162656257085 21600392
1776151162677862182 21605097
1776151162699455482 21593300
1776151162721072022 21616540
1776151162742686397 21614375
1776151162764294271 21607874
1776151162785933830 21639559
1776151162807508000 21574170
1776151162829106782 21598782
1776151162850727600 21620818
1776151162872330678 21603078
1776151162893945367 21614689
1776151162915550963 21605596
1776151162937165189 21614226
1776151162958812508 21647319
1776151162980409845 21597337
1776151163002063682 21653837
1776151163023714964 21651282
1776151163045339097 21624133
1776151163066964527 21625430
1776151163088579049 21614522
1776151163110201442 21622393
1776151163131835612 21634170
1776151163153431116 21595504
1776151163175073342 21642226
1776151163196681790 21608448
1776151163218314757 21632967
1776151163239922668 21607911
1776151163261544394 21621726
1776151163283155046 21610652
1776151163304781309 21626263
1776151163326400702 21619393
1776151163347993705 21593003
1776151163369605709 21612004
1776151163391224361 21618652
1776151163412818494 21594133
1776151163434425461 21606967
1776151163456042131 21616670
1776151163477640691 21598560
1776151163499250657 21609966
1776151163520874605 21623948
1776151163542480535 21605930
1776151163564080909 21600374
1776151163585674172 21593263
1776151163607271509 21597337
1776151163628870679 21599170
1776151163650484517 21613838
1776151163672077928 21593411
1776151163693676450 21598522
1776151163715278565 21602115
1776151163736875568 21597003
1776151163758473979 21598411
1776151163780083965 21609986
1776151163801673302 21589337
1776151163823289805 21616503
1776151163844891883 21602078
1776151163866503350 21611467
1776151163888102946 21599596
1776151163909704505 21601559
1776151163931320824 21616319
1776151163952932828 21612004
1776151163974524109 21591281
1776151163996126390 21602281
1776151164017767857 21641467
1776151164039405898 21638041
1776151164061023680 21617782
1776151164082649720 21626040
1776151164104246057 21596337
1776151164125907209 21661152
1776151164147559991 21652782
1776151164169194865 21634874
1776151164190841943 21647078
1776151164212447299 21605356
1776151164234052654 21605355
1776151164255661139 21608485
1776151164277257754 21596615
1776151164298874128 21616374
1776151164320480706 21606578
1776151164342085376 21604670
1776151164363677158 21591782
1776151164385266384 21589226
1776151164406885517 21619133
1776151164428492428 21606911
1776151164450154006 21661578
1776151164471814658 21660652
1776151164493443717 21629059
1776151164515061703 21617986
1776151164536669725 21608022
1776151164558284025 21614300
1776151164579881140 21597115
1776151164601481551 21600411
1776151164623166314 21684763
1776151164644786651 21620337
1776151164666398803 21612152
1776151164688002918 21604115
1776151164709606440 21603522
1776151164731212944 21606504
1776151164752836484 21623540
1776151164774437859 21601375
1776151164796038251 21600392
1776151164817635773 21597522
1776151164839245925 21610152
1776151164860839114 21593189
1776151164882444007 21604893
1776151164904036603 21592596
1776151164925632680 21596077
1776151164947246443 21613763
1776151164968845984 21599541
1776151164990470618 21624634
1776151165012087806 21617188
1776151165033683180 21595374
1776151165055317240 21634060
1776151165076942021 21624781
1776151165098544655 21602634
1776151165120158121 21613466
1776151165141784551 21626430
1776151165163392851 21608300
1776151165185010207 21617356
1776151165206692896 21682689
1776151165228305511 21612615
1776151165249932829 21627318
1776151165271541999 21609170
1776151165293152151 21610152
1776151165314791192 21639041
1776151165336398270 21607078
1776151165358021292 21623022
1776151165379622444 21601152
1776151165401235151 21612707
1776151165422860618 21625467
1776151165444455344 21594726
1776151165466112274 21656930
1776151165487728852 21616578
1776151165509349707 21620855
1776151165530963748 21614041
1776151165552574881 21611133
1776151165574234811 21659930
1776151165595859296 21624485
1776151165617457633 21598337
1776151165639065581 21607948
1776151165660645715 21580134
1776151165682241681 21595966
1776151165703842518 21600837
1776151165725440466 21597948
1776151165747032766 21592300
1776151165768614622 21581856
1776151165790197847 21583225
1776151165811779907 21582060
1776151165833377484 21597577
1776151165854982544 21605060
1776151165876594584 21612040
1776151165898258385 21663801
1776151165919904574 21646189
1776151165941508725 21604151
1776151165963121544 21612819
1776151165984795455 21673911
1776151166006537256 21741801
1776151166028196797 21659541
1776151166049870412 21673615
1776151166071991047 22120635
1776151166096801488 24810441
1776151166118652566 21851078
1776151166140917276 22264710
1776151166162855726 21938450
1776151166184565970 21710244
1776151166206281271 21715301
1776151166227952608 21671337
1776151166249713612 21761004
1776151166271538172 21824560
1776151166293444399 21906227
1776151166315163403 21719004
1776151166337074204 21910801
1776151166358985635 21911431
1776151166380761028 21775393
1776151166402662755 21901727
1776151166424353352 21690597
1776151166446138930 21785578
1776151166468010990 21872060
1776151166489910458 21899468
1776151166511581943 21671485
1776151166533336948 21755005
1776151166555178693 21841745
1776151166577019864 21841171
1776151166599128018 22108154
1776151166621145245 22017227
1776151166643728789 22583544
1776151166665529312 21800523
1776151166687213168 21683856
1776151166708953357 21740189
1776151166730774065 21820708
1776151166752690070 21916005
1776151166774489408 21799338
1776151166796329005 21839597
1776151166818137954 21808949
1776151166840043255 21905301
1776151166862098093 22054838
1776151166883973228 21875135
1776151166905870955 21897727
1776151166927779978 21909023
1776151166949522852 21742874
1776151166971223356 21700504
1776151166993156528 21933172
1776151167014939625 21783097
1776151167036759481 21819856
1776151167058480393 21720912
1776151167080294786 21814393
1776151167102014531 21719745
1776151167123723368 21708837
1776151167145473446 21750078
1776151167167263895 21790449
1776151167189161733 21897838
1776151167210866404 21704671
1776151167232564167 21697763
1776151167254317912 21753745
1776151167276177120 21859208
1776151167298012810 21835690
1776151167319705869 21693059
1776151167341410318 21704449
1776151167363232452 21822134
1776151167384860493 21628041
1776151167406622978 21762485
1776151167428565780 21942802
1776151167450228154 21662374
1776151167471957251 21729097
1776151167493707495 21750244
1776151167515500574 21793079
1776151167537324541 21823967
1776151167559246009 21921468
1776151167581116458 21870449
1776151167602958037 21841579
1776151167624707078 21749041
1776151167646570045 21862967
1776151167668400605 21830560
1776151167690210906 21810301
1776151167711872077 21661171
1776151167733578821 21706744
1776151167755397418 21818597
1776151167777434257 22036839
1776151167799320817 21886560
1776151167821171766 21850949
1776151167843203938 22032172
1776151167865007387 21803449
1776151167886822706 21815319
1776151167908641470 21818764
1776151167930375437 21733967
1776151167952147071 21771634
1776151167973878723 21731652
1776151167995772135 21893412
1776151168017519250 21747115
1776151168039302773 21783523
1776151168061095537 21792764
1776151168082885189 21789652
1776151168104808416 21923227
1776151168126510198 21701782
1776151168148558722 22048524
1776151168170380319 21821597
1776151168192553602 22173283
1776151168214285180 21731578
1776151168235978592 21693412
1776151168257673744 21695152
1776151168279313581 21639837
1776151168300982011 21668430
1776151168322726348 21744337
1776151168344454130 21727782
1776151168366291209 21837079
1776151168388035065 21743856
1776151168410190681 22155616
1776151168431998723 21808042
1776151168453659819 21661096
1776151168476109974 22450155
1776151168498015368 21905394
1776151168521981435 23966067
1776151168543791236 21809801
1776151168565686574 21895338
1776151168587489727 21803153
1776151168609253434 21763707
1776151168631245291 21991857
1776151168653037944 21792653
1776151168674738411 21700467
1776151168696419804 21681393
1776151168718185937 21766133
1776151168739866090 21680153
1776151168761562056 21695966
1776151168783279560 21717504
1776151168804901620 21622060
1776151168826773421 21871801
1776151168848630962 21857541
1776151168870437318 21806356
1776151168892153008 21715690
1776151168913909030 21756022
1776151168935793998 21884968
1776151168957556558 21762560
1776151168979325729 21769171
1776151169001037270 21711541
1776151169022689644 21652374
1776151169044445278 21755634
1776151169066282597 21837319
1776151169088084879 21802282
1776151169110051106 21966227
1776151169131856537 21805431
1776151169153484948 21628411
1776151169175120488 21635540
1776151169196759418 21638930
1776151169218406144 21646726
1776151169240076852 21670708
1776151169261811597 21734745
1776151169283800583 21988986
1776151169305831440 22030857
1776151169327434684 21603244
1776151169349073540 21638856
1776151169370766766 21693226
1776151169392600734 21833968
1776151169414385497 21784763
1776151169436004612 21619115
1776151169472590318 36585706
1776151169494316840 21726522
1776151169516074696 21757856
1776151169538011682 21936986
1776151169560068354 22056672
1776151169582046767 21978413
1776151169603902753 21855986
1776151169625583312 21680559
1776151169647337002 21753690
1776151169669044746 21707744
1776151169690834343 21789597
1776151169712572218 21737875
1776151169734294463 21722245
1776151169756042485 21748022
1776151169777749526 21707041
1776151169799500475 21750949
1776151169821166145 21665670
1776151169843129817 21963672
1776151169864941710 21811893
1776151169886700677 21758967
1776151169908406904 21706227
1776151169930141834 21734930
1776151169951898486 21756652
1776151169973680046 21781560
1776151169995478606 21798560
1776151170017150535 21671929
1776151170038841854 21691319
1776151170060736285 21894431
1776151170082612049 21875764
1776151170104546794 21934745
1776151170126317669 21770875
1776151170148289174 21971505
1776151170170078937 21789763
1776151170191989831 21910894
1776151170214127022 22137191
1776151170236025378 21898356
1776151170257716104 21690726
1776151170279499683 21783579
1776151170301207557 21707874
1776151170322936505 21728948
1776151170344655472 21718967
1776151170366710718 22055246
1776151170388493056 21782338
1776151170410323653 21830597
1776151170432192917 21869264
1776151170453859402 21666485
1776151170476100352 22240950
1776151170498266136 22165784
1776151170520039436 21773300
1776151170541925497 21886061
1776151170563732316 21806819
1776151170585601617 21869301
1776151170607395862 21794245
1776151170629173940 21778078
1776151170650924055 21750115
1776151170672752078 21828023
1776151170694551990 21799912
1776151170716760255 22208265
1776151170738697038 21936783
1776151170760525931 21828893
1776151170782282639 21756708
1776151170803933143 21650504
1776151170825623998 21690855
1776151170847336428 21712430
1776151170869338026 22001598
1776151170891373587 22035561
1776151170913214758 21841171
1776151170935013262 21798504
1776151170956690081 21676819
1776151170978422603 21732522
1776151171000144533 21721930
1776151171021959445 21814912
1776151171043785524 21826079
1776151171065594287 21808763
1776151171087610218 22015931
1776151171109352889 21742671
1776151171131185467 21832578
1776151171153532177 22346710
1776151171175364626 21832449
1776151171197096204 21731578
1776151171218791523 21695319
1776151171240500027 21708504
1776151171262242976 21742949
1776151171284052202 21809226
1776151171305957318 21905116
1776151171327817748 21860430
1776151171349668457 21850709
1776151171371364942 21696485
1776151171392926686 21561744
1776151171414501949 21575263
1776151171436055527 21553578
1776151171457607752 21552225
1776151171479164348 21556596
1776151171500754685 21590337
1776151171522422948 21668263
1776151171579417135 56994187
1776151171601081694 21664559
1776151171622758142 21676448
1776151171644382831 21624689
1776151171666444966 22062135
1776151171688328989 21884023
1776151171710326698 21997709
1776151171732211591 21884893
1776151171754222078 22010487
1776151171775961415 21739337
1776151171797713290 21751875
1776151171819463683 21750393
1776151171841133798 21670115
1776151171862981617 21847819
1776151171884661677 21680060
1776151171906408607 21746930
1776151171928404204 21995597
1776151171950119801 21715597
1776151171971913046 21793245
1776151171994058144 22145098
1776151172015894093 21835949
1776151172037726116 21832023
1776151172059481157 21755041
1776151172122397513 62916356
1776151172144302406 21904893
1776151172166245763 21943357
1776151172188456676 22210913
1776151172210324329 21867653
1776151172232094592 21770263
1776151172253779300 21684708
1776151172275483785 21704485
1776151172297201289 21717504
1776151172319204813 22003524
1776151172340982613 21777800
1776151172362773562 21790949
1776151172384562752 21789190
1776151172406390756 21828004
1776151172428184112 21793356
1776151172450313451 22129339
1776151172472073937 21760486
1776151172493840237 21766300
1776151172515541315 21701078
1776151172537252467 21711152
1776151172559097342 21844875
1776151172580845753 21748411
1776151172602570332 21724579
1776151172624175076 21604744
1776151172645861969 21686893
1776151172667478713 21616744
1776151172689227717 21749004
1776151172711227926 22000209
1776151172733228468 22000542
1776151172755327362 22098894
1776151172777193256 21865894
1776151172798973667 21780411
1776151172820635653 21661986
1776151172842407805 21772152
1776151172863995364 21587559
1776151172885623886 21628522
1776151172907327335 21703449
1776151172929021987 21694652
1776151172950709491 21687504
1776151172972553939 21844448
1776151172994362259 21808320
1776151173016087392 21725133
1776151173037803526 21716134
1776151173059599197 21795671
1776151173081601220 22002023
1776151173103405651 21804431
1776151173125089765 21684114
1776151173146904585 21814820
1776151173168627070 21722485
1776151173190595649 21968579
1776151173212593821 21998172
1776151173234467196 21873375
1776151173256316274 21849078
1776151173278143316 21827042
1776151173299902598 21759282
1776151173321637102 21734504
1776151173344376739 22739637
1776151173366146021 21769282
1776151173387966562 21820541
1776151173409654214 21687652
1776151173431614590 21960376
1776151173453257482 21642892
1776151173475071561 21814079
1776151173496867417 21795856
1776151173518914088 22046671
1776151173540801315 21887227
1776151173562770913 21969598
1776151173584591417 21820504
1776151173606390496 21799079
1776151173632305700 25915204
1776151173654214982 21909282
1776151173676035098 21820116
1776151173697896991 21861893
1776151173719624699 21727708
1776151173741416907 21792208
1776151173763365115 21948208
1776151173785315528 21950413
1776151173807279569 21964041
1776151173829042592 21763023
1776151173850963652 21921060
1776151173872894731 21931079
1776151173895043792 22149061
1776151173916892630 21848838
1776151173938760746 21868116
1776151173960818640 22057894
1776151173982875775 22057135
1776151174004651779 21776004
1776151174026402709 21750930
1776151174048171046 21768337
1776151174069969940 21798894
1776151174091816851 21846911
1776151174113809245 21992394
1776151174135834584 22025339
1776151174157676144 21841560
1776151174179371277 21695133
1776151174201214208 21842931
1776151174222928878 21714670
1776151174244698253 21769375
1776151174266587998 21889745
1776151174288425151 21837153
1776151174310184636 21759485
1776151174331962511 21777875
1776151174353704052 21741541
1776151174375560186 21856134
1776151174397472265 21912079
1776151174419289102 21816837
1776151174441003106 21714004
1776151174462696536 21693430
1776151174484485207 21788671
1776151174506729861 22244654
1776151174528571514 21841653
1776151174550282295 21710781
1776151174572242578 21960283
1776151174594007193 21764615
1776151174615700808 21693615
1776151174637722573 22021765
1776151174659646707 21924134
1776151174681362804 21716097
1776151174703320253 21957449
1776151174725078646 21758393
1776151174746836224 21757578
1776151174768552284 21716060
1776151174790322751 21770467
1776151174812094903 21772152
1776151174833923000 21828097
1776151174855873968 21950968
1776151174877680324 21806356
1776151174899697014 22016690
1776151174921550741 21853727
1776151174943391967 21841226
1776151174965499825 22107858
1776151174987894035 22394210
1776151175009705576 21811541
1776151175031415654 21710078
1776151175053358622 21942968
1776151175075185441 21826819
1776151175096848963 21663522
1776151175118577190 21728227
1776151175140239508 21662318
1776151175161936105 21696597
1776151175183606516 21670411
1776151175205267927 21661411
1776151175226980468 21712541
1776151175248894287 21913819
1776151175270599088 21704801
1776151175292557352 21958264
1776151175314552468 21995116
1776151175336381713 21829245
1776151175358436885 22055172
1776151175380266889 21830004
1776151175402012467 21745578
1776151175424031232 22018765
1776151175446143811 22112579
1776151175467908130 21764319
1776151175489657819 21749689
1776151175511468194 21810375
1776151175533500329 22032135
1776151175555370037 21869708
1776151175577316134 21946097
1776151175599220880 21904746
1776151175621003995 21783115
1776151175642628684 21624689
1776151175676595898 33967214
1776151175698421347 21825449
1776151175720698575 22277228
1776151175742825303 22126728
1776151175764672956 21847653
1776151175786825517 22152561
1776151175808789577 21964060
1776151175830768878 21979301
1776151175852832421 22063543
1776151175874705796 21873375
1776151175896570819 21865023
1776151175918377619 21806800
1776151175940255364 21877745
1776151175962029332 21773968
1776151175983708984 21679652
1776151176005416376 21707392
1776151176027125028 21708652
1776151176048816125 21691097
1776151176070499851 21683726
1776151176092239059 21739208
1776151176114085230 21846171
1776151176135764789 21679559
1776151176157440497 21675708
1776151176179134075 21693578
1776151176200782097 21648022
1776151176222624583 21842486
1776151176244819514 22194931
1776151176266529740 21710226
1776151176288327171 21797431
1776151176310306768 21979597
1776151176332148254 21841486
1776151176353916036 21767782
1776151176375569077 21653041
1776151176397206043 21636966
1776151176418939010 21732967
1776151176441167220 22228210
1776151176462968076 21800856
1776151176484826858 21858782
1776151176506710733 21883875
1776151176528524459 21813726
1776151176550326779 21802320
1776151176572005319 21678540
1776151176593751249 21745930
1776151176615456642 21705393
1776151176637407758 21951116
1776151176659466652 22058894
1776151176681381935 21915283
1776151176703210717 21828782
1776151176724945036 21734319
1776151176746656262 21711226
1776151176768468729 21812467
1776151176790186437 21717708
1776151176811869903 21683466
1776151176833563296 21693393
1776151176855248819 21685523
1776151176877017952 21769133
1776151176899306532 22288580
1776151176921083240 21776708
1776151176942872189 21788949
1776151176964869472 21997283
1776151176986713402 21843930
1776151177008380221 21666819
1776151177030119650 21739429
1776151177051882951 21763301
1776151177073574140 21691189
1776151177095408367 21834227
1776151177117427409 22019042
1776151177139273580 21846171
1776151177161156788 21883208
1776151177182873736 21716948
1776151177204564981 21691245
1776151177226542689 21977708
1776151177248622639 22079950
1776151177270417680 21795041
1776151177292410741 21993061
1776151177314506783 22096042
1776151177336408232 21901449
1776151177358208588 21800356
1776151177380045648 21837060
1776151177402182524 22136876
1776151177423844454 21661930
1776151177445511309 21666855
1776151177467434110 21922801
1776151177489213207 21779097
1776151177511057674 21844467
1776151177533111717 22054043
1776151177555245333 22133616
1776151177577028411 21783078
1776151177598773212 21744801
1776151177620474512 21701300
1776151177642326905 21852393
1776151177664171187 21844282
1776151177685921173 21749986
1776151177707609769 21688596
1776151177729365440 21755671
1776151177751198945 21833505
1776151177773472173 22273228
1776151177795345899 21873726
1776151177817060792 21714893
1776151177838835093 21774301
1776151177860590467 21755374
1776151177882283897 21693430
1776151177903937308 21653411
1776151177925642923 21705615
1776151177947480705 21837782
1776151177969381988 21901283
1776151177991480993 22099005
1776151178013350183 21869190
1776151178035303298 21953115
1776151178057268007 21964709
1776151178079075993 21807986
1776151178101038498 21962505
1776151178122912428 21873930
1776151178144673062 21760634
1776151178166673252 22000190
1776151178188560330 21887078
1776151178210422187 21861857
1776151178232364710 21942523
1776151178254239585 21874875
1776151178276183941 21944356
1776151178298037168 21853227
1776151178319686931 21649763
1776151178341342175 21655244
1776151178363157717 21815542
1776151178384979814 21822097
1776151178406720095 21740281
1776151178428564433 21844338
1776151178450373789 21809356
1776151178472179664 21805875
1776151178494077168 21897504
1776151178516188803 22111635
1776151178538031882 21843079
1776151178559809886 21778004
1776151178581489779 21679893
1776151178603318802 21829023
1776151178624988435 21669633
1776151178647842813 22854378
1776151178669745577 21902764
1776151178691422822 21677245
1776151178713118085 21695263
1776151178738696714 25578629
1776151178760599015 21902301
1776151178782393000 21793985
1776151178804508135 22115135
1776151178826279454 21771319
1776151178848180940 21901486
1776151178870128352 21947412
1776151178891861560 21733208
1776151178913516805 21655245
1776151178935197197 21680392
1776151178956825034 21627837
1776151178979180837 22355803
1776151179001107397 21926560
1776151179022894364 21786967
1776151179045521760 22627396
1776151179067711173 22189413
1776151179089519437 21808264
1776151179111463756 21944319
1776151179133161427 21697671
1776151179157498477 24337050
1776151179179045184 21546707
1776151179200978911 21933727
1776151179223073676 22094765
1776151179245140903 22067227
1776151179267048000 21907097
1776151179288682226 21634226
1776151179310101359 21419133
1776151179331503917 21402558
1776151179352885697 21381780
1776151179374230348 21344651
1776151179395565480 21335132
1776151179417037224 21471744
1776151179442649631 25612407
1776151179464202653 21553022
1776151179485801786 21599133
1776151179507245141 21443355
1776151179528675921 21430780
1776151179550089924 21414003
1776151179571490205 21400281
1776151179592831411 21341206
1776151179614163654 21332243
1776151179635552435 21388781
1776151179657059993 21507558
1776151179678569978 21509985
1776151179700069129 21499151
1776151179721445836 21376707
1776151179742808709 21362873
1776151179764066007 21257298
1776151179785298954 21232947
1776151179806551123 21252169
1776151179827784088 21232965
1776151179849011998 21227910
1776151179870294870 21282872
1776151179922703410 52408540
1776151179943941005 21237595
1776151179965264156 21323151
1776151179986647510 21383354
1776151180007967772 21320262
1776151180029422849 21455077
1776151180050901834 21478985
1776151180072247633 21345799
1776151180093709191 21461558
1776151180116351828 22642637
1776151180138001683 21649855
1776151180159477835 21476152
1776151180180815300 21337465
1776151180202373026 21557726
1776151180223968177 21595151
1776151180245610199 21642022
1776151180267020221 21410022
1776151180288415761 21395540
1776151180309817412 21401651
1776151180331393230 21575818
1776151180352769566 21376336
1776151180374202513 21432947
1776151180395841906 21639393
1776151180417175075 21333169
1776151180438610022 21434947
1776151180459929025 21319003
1776151180481445454 21516429
1776151180502880123 21434669
1776151180524214218 21334095
1776151180545534017 21319799
1776151180567028039 21494022
1776151180588496283 21468244
1776151180610008712 21512429
1776151180631542567 21533855
1776151180653005625 21463058
1776151180674417424 21411799
1776151180696065835 21648411
1776151180717515005 21449170
1776151180738920489 21405484
1776151180760355437 21434948
1776151180781661198 21305761
1776151180803218517 21557319
1776151180824640223 21421706
1776151180846082967 21442744
1776151180867500599 21417632
1776151180888878176 21377577
1776151180910277549 21399373
1776151180931830608 21553059
1776151180953331037 21500429
1776151180974820966 21489929
1776151180996526229 21705263
1776151181017965084 21438855
1776151181039479457 21514373
1776151181061080813 21601356
1776151181082370056 21289243
1776151181103606965 21236909
1776151181124873560 21266595
1776151181146178285 21304725
1776151181167448102 21269817
1776151181188684438 21236336
1776151181209893329 21208891
1776151181231082053 21188724
1776151181252307573 21225520
1776151181273534576 21227003
1776151181294757781 21223205
1776151181315980117 21222336
1776151181337213267 21233150
1776151181358463417 21250150
1776151181379676438 21213021
1776151181400894440 21218002
1776151181422149665 21255225
1776151181443371945 21222280
1776151181464621354 21249409
1776151181485836208 21214854
1776151181507037932 21201724
1776151181528262934 21225002
1776151181549499937 21237003
1776151181570760124 21260187
1776151181592003423 21243299
1776151181613189832 21186409
1776151181634427890 21238058
1776151181655654225 21226335
1776151181676874412 21220187
1776151181698149026 21274614
1776151181719406121 21257095
1776151181740654438 21248317
1776151181761885681 21231243
1776151181783092553 21206872
1776151181804337277 21244724
1776151181825530631 21193354
1776151181846787078 21256447
1776151181868014654 21227576
1776151181889230619 21215965
1776151181910468381 21237762
1776151181931687068 21218687
1776151181952886292 21199224
1776151181974121109 21234817
1776151181995356963 21235854
1776151182016620354 21263391
1776151182037860986 21240632
1776151182059059081 21198095
1776151182080312972 21253891
1776151182101533881 21220909
1776151182122756754 21222873
1776151182144029701 21272947
1776151182165280629 21250928
1776151182186491779 21211150
1776151182207665540 21173761
1776151182228824598 21159058
1776151182250002451 21177853
1776151182271162713 21160262
1776151182292338048 21175335
1776151182313492439 21154391
1776151182334669663 21177224
1776151182355836054 21166391
1776151182376996852 21160798
1776151182398192928 21196076
1776151182419401652 21208724
1776151182440566173 21164521
1776151182461723304 21157131
1776151182482890010 21166706
1776151182504052530 21162520
1776151182525209773 21157243
1776151182546405108 21195335
1776151182567547702 21142594
1776151182588701056 21153354
1776151182609871762 21170706
1776151182631035597 21163835
1776151182652178840 21143243
1776151182673315323 21136483
1776151182694488732 21173409
1776151182715647234 21158502
1776151182736821014 21173780
1776151182757993608 21172594
1776151182779169832 21176224
1776151182800332168 21162336
1776151182821471558 21139390
1776151182842678857 21207299
1776151182863840488 21161631
1776151182885008416 21167928
1776151182906167455 21159039
1776151182927323216 21155761
1776151182948487070 21163854
1776151182969645942 21158872
1776151182990820203 21174261
1776151183011968890 21148687
1776151183033136244 21167354
1776151183054308727 21172483
1776151183075486489 21177762
1776151183096631657 21145168
1776151183117840011 21208354
1776151183139043402 21203391
1776151183160222885 21179483
1776151183181380924 21158039
1776151183202574149 21193225
1776151183223744910 21170761
1776151183244907875 21162965
1776151183266109265 21201390
1776151183287307971 21198706
1776151183308472917 21164946
1776151183329622753 21149836
1776151183350780032 21157279
1776151183371950071 21170039
1776151183393123240 21173169
1776151183414317427 21194187
1776151183435483466 21166039
1776151183456646190 21162724
1776151183477812359 21166169
1776151183498966879 21154520
1776151183520119696 21152817
1776151183541273290 21153594
1776151183562456236 21182946
1776151183583599590 21143354
1776151183604758666 21159076
1776151183625923853 21165187
1776151183647081799 21157946
1776151183668244320 21162521
1776151183689407933 21163613
1776151183710604694 21196761
1776151183731761918 21157224
1776151183752924883 21162965
1776151183774085829 21160946
1776151183795254294 21168465
1776151183816402111 21147817
1776151183837557131 21155020
1776151183858697781 21140650
1776151183879843950 21146169
1776151183901017026 21173076
1776151183922179398 21162372
1776151183943373696 21194298
1776151183964555420 21181724
1776151183985719052 21163632
1776151184006931758 21212706
1776151184028105185 21173427
1776151184049279169 21173984
1776151184070475856 21196687
1776151184091634599 21158743
1776151184112803878 21169279
1776151184134005399 21201521
1776151184155417976 21412577
1776151184176992238 21574262
1776151184198605797 21613559
1776151184220203745 21597948
1776151184241811601 21607856
1776151184263388326 21576725
1776151184284949126 21560800
1776151184306645685 21696559
1776151184328267318 21621633
1776151184349917840 21650522
1776151184371591122 21673282
1776151184393249200 21658078
1776151184414925037 21675837
1776151184436597651 21672614
1776151184458275137 21677486
1776151184479936640 21661503
1776151184501585292 21648652
1776151184523241518 21656226
1776151184544891707 21650189
1776151184566527970 21636263
1776151184588153917 21625947
1776151184609831273 21677356
1776151184631462684 21631411
1776151184653097743 21635059
1776151184674757932 21660189
1776151184696404973 21647041
1776151184718096310 21691337
1776151184739747054 21650744
1776151184761425984 21678930
1776151184783133247 21707263
1776151184804753750 21620503
1776151184826381069 21627319
1776151184847999998 21618929
1776151184869648928 21648930
1776151184891324561 21675633
1776151184912973565 21649004
1776151184934670735 21697170
1776151184956375276 21704541
1776151184978043483 21668207
1776151184999719950 21676467
1776151185021377250 21657300
1776151185043021013 21643763
1776151185064709405 21688392
1776151185086381502 21672097
1776151185108060376 21678874
1776151185129698935 21638559
1776151185151350105 21651170
1776151185172980961 21630856
1776151185194662983 21682022
1776151185216323135 21660152
1776151185238016453 21693318
1776151185259693049 21676596
1776151185281358831 21665782
1776151185303020483 21661652
1776151185324655579 21635096
1776151185346283749 21628170
1776151185367922753 21639004
1776151185389587460 21664707
1776151185411226871 21639411
1776151185432884208 21657337
1776151185454609841 21725633
1776151185476293141 21683300
1776151185497951145 21658004
1776151185519587630 21636485
1776151185541222523 21634893
1776151185562939878 21717355
1776151185584634178 21694300
1776151185606289663 21655485
1776151185627915760 21626097
1776151185649585485 21669725
1776151185671262082 21676597
1776151185692941956 21679874
1776151185714609626 21667670
1776151185736274167 21664541
1776151185757932522 21658355
1776151185779612748 21680226
1776151185801275326 21662578
1776151185822958422 21683096
1776151185844598926 21640504
1776151185866216929 21618003
1776151185887856044 21639115
1776151185909477140 21621096
1776151185931133607 21656467
1776151185952783481 21649874
1776151185974445318 21661837
1776151185996103636 21658318
1776151186017767547 21663911
1776151186039408329 21640782
1776151186061070499 21662170
1776151186082723391 21652892
1776151186104451673 21728282
1776151186126118769 21667096
1776151186147746902 21628133
1776151186169379221 21632319
1776151186191027076 21647855
1776151186212648857 21621781
1776151186234288509 21639652
1776151186255912050 21623541
1776151186277531590 21619540
1776151186299155390 21623800
1776151186320772134 21616744
1776151186342384675 21612541
1776151186364005789 21621114
1776151186385630497 21624708
1776151186407239352 21608855
1776151186428878892 21639540
1776151186450525340 21646448
1776151186472159177 21633837
1776151186493794477 21635300
1776151186515444592 21650115
1776151186537090021 21645429
1776151186558760155 21670134
1776151186580365843 21605688
1776151186601982143 21616300
1776151186623575813 21593670
1776151186645185391 21609578
1776151186666785802 21600411
1776151186688394138 21608336
1776151186710012253 21618115
1776151186731647627 21635374
1776151186753253964 21606337
1776151186774872689 21618725
1776151186796475933 21603244
1776151186818088381 21612448
1776151186839679811 21591430
1776151186861292407 21612596
1776151186882936336 21643929
1776151186904541191 21604855
1776151186926191862 21650671
1776151186947823662 21631800
1776151186969441517 21617855
1776151186991072669 21631152
1776151187012687820 21615151
1776151187034346379 21658559
1776151187055998902 21652523
1776151187077631627 21632725
1776151187099260260 21628633
1776151187120863282 21603022
1776151187142492971 21629689
1776151187164108641 21615670
1776151187185725589 21616948
1776151187207356685 21631096
1776151187228947837 21591152
1776151187250550303 21602466
1776151187272141751 21591448
1776151187293751865 21610114
1776151187315392980 21641115
1776151187337018187 21625207
1776151187358649969 21631782
1776151187380236713 21586744
1776151187401881013 21644300
1776151187423505146 21624133
1776151187445123834 21618688
1776151187466725930 21602096
1776151187488335100 21609170
1776151187509955178 21620078
1776151187531567589 21612411
1776151187553155351 21587762
1776151187574772614 21617263
1776151187596380895 21608281
1776151187617997325 21616430
1776151187639597439 21600114
1776151187661195609 21598170
1776151187682824891 21629282
1776151187704449227 21624336
1776151187726088787 21639560
1776151187747687827 21599040
1776151187769317923 21630096
1776151187790958279 21640356
1776151187812549875 21591596
1776151187834187841 21637966
1776151187855821808 21633967
1776151187877459774 21637966
1776151187899090463 21630689
1776151187920670522 21580059
1776151187942302099 21631577
1776151187963906862 21604763
1776151187985514736 21607874
1776151188007131961 21617225
1776151188028739502 21607541
1776151188050360839 21621337
1776151188071978009 21617170
1776151188093597642 21619633
1776151188115242423 21644781
1776151188136878242 21635819
1776151188158490467 21612225
1776151188180109600 21619133
1776151188201755456 21645856
1776151188223378515 21623059
1776151188245003407 21624892
1776151188266616225 21612818
1776151188288221451 21605226
1776151188309857751 21636300
1776151188331467384 21609633
1776151188353066424 21599040
1776151188374721076 21654652
1776151188396336061 21614985
1776151188417943509 21607448
1776151188439543012 21599503
1776151188461156238 21613226
1776151188482780093 21623855
1776151188504394097 21614004
1776151188526044471 21650374
1776151188547632474 21588003
1776151188569258459 21625985
1776151188590868592 21610133
1776151188612461206 21592614
1776151188634079525 21618319
1776151188655691232 21611707
1776151188677294106 21602874
1776151188698906516 21612410
1776151188720511557 21605041
1776151188742146283 21634726
1776151188763770694 21624411
1776151188785369327 21598633
1776151188807030534 21661207
1776151188828628000 21597466
1776151188850243133 21615133
1776151188871861118 21617985
1776151188893448103 21586985
1776151188915077977 21629874
1776151188936691647 21613670
1776151188958305669 21614022
1776151188979909506 21603837
1776151189001499917 21590411
1776151189023129716 21629799
1776151189044749516 21619800
1776151189066355464 21605948
1776151189087978708 21623244
1776151189109597082 21618374
1776151189131258437 21661355
1776151189152883552 21625115
1776151189174515481 21631929
1776151189196119485 21604004
1776151189217751581 21632096
1776151189239348547 21596966
1776151189260963680 21615133
1776151189282609313 21645633
1776151189304236021 21626708
1776151189325899858 21663837
1776151189347522491 21622633
1776151189369125216 21602725
1776151189390744331 21619115
1776151189412326612 21582281
1776151189433952671 21626059
1776151189455549730 21597059
1776151189477151344 21601614
1776151189498780496 21629152
1776151189520381907 21601411
1776151189542005540 21623633
1776151189563616210 21610670
1776151189585214787 21598577
1776151189606841421 21626634
1776151189628451239 21609818
1776151189650078613 21627374
1776151189671683172 21604559
1776151189693278212 21595040
1776151189714882604 21604392
1776151189736497126 21614522
1776151189758114741 21617615
1776151189779699596 21584855
1776151189801307414 21607818
1776151189822917603 21610189
1776151189844511162 21593559
1776151189866117128 21605966
1776151189887724132 21607004
1776151189909322320 21598188
1776151189930935768 21613448
1776151189952548049 21612281
1776151189974161682 21613633
1776151189995768982 21607300
1776151190017367652 21598670
1776151190039028563 21660911
1776151190060623307 21594744
1776151190082247125 21623818
1776151190103894610 21647485
1776151190125544688 21650078
1776151190147199303 21654615
1776151190168822436 21623133
1776151190190464717 21642281
1776151190212074239 21609522
1776151190233679928 21605689
1776151190255304301 21624373
1776151190276918194 21613893
1776151190298659846 21741652
1776151190320328460 21668614
1776151190341997538 21669078
1776151190363629375 21631837
1776151190385257712 21628337
1776151190406891549 21633837
1776151190428495978 21604429
1776151190450152593 21656615
1776151190471782170 21629577
1776151190493396785 21614615
1776151190515022807 21626022
1776151190536634032 21611225
1776151190558252128 21618096
1776151190579868521 21616393
1776151190601484154 21615633
1776151190623102120 21617966
1776151190644726161 21624041
1776151190666319849 21593688
1776151190687904649 21584800
1776151190709505597 21600948
1776151190731102026 21596429
1776151190752712289 21610263
1776151190774364162 21651873
1776151190795997259 21633097
1776151190817623262 21626003
1776151190839257303 21634041
1776151190860873010 21615707
1776151190882481550 21608540
1776151190904074590 21593040
1776151190925688816 21614226
1776151190947299153 21610337
1776151190968875564 21576411
1776151190990481363 21605799
1776151191012069626 21588263
1776151191033657240 21587614
1776151191055270651 21613411
1776151191076891821 21621170
1776151191098534714 21642893
1776151191120160106 21625392
1776151191141930369 21770263
1776151191163593132 21662763
1776151191185209969 21616837
1776151191206843102 21633133
1776151191228433235 21590133
1776151191250052238 21619003
1776151191271673927 21621689
1776151191293280708 21606781
1776151191314889897 21609189
1776151191336489104 21599207
1776151191358144718 21655614
1776151191379777148 21632430
1776151191401395373 21618225
1776151191423045432 21650059
1776151191444647084 21601652
1776151191466303921 21656837
1776151191487940147 21636226
1776151191509549909 21609762
1776151191531170802 21620893
1776151191552757657 21586855
1776151191574374253 21616596
1776151191595990589 21616336
1776151191617599148 21608559
1776151191639223281 21624133
1776151191660825748 21602467
1776151191682419547 21593799
1776151191704015717 21596170
1776151191725611739 21596022
1776151191747230150 21618411
1776151191768818431 21588281
1776151191790418638 21600207
1776151191812030938 21612300
1776151191833644978 21614040
1776151191855247500 21602522
1776151191876850337 21602837
1776151191898447489 21597152
1776151191920037566 21590077
1776151191941627421 21589855
1776151191963231406 21603985
1776151191984826557 21595151
1776151192006426246 21599689
1776151192028019675 21593429
1776151192049607105 21587430
1776151192071209941 21602836
1776151192092825148 21615207
1776151192114460559 21635411
1776151192136288378 21827819
