1771442241209687441 R2_IDLE_A seconds=60 actions=B
1771442301211802835 SKIP_PROBE_A seconds=60
1771442361213641432 R2_IDLE_B seconds=30 actions=B
1771442391217569626 PROBE_B_START program=low
1771442391243240835 PROBE_B_END program=low
1771442391446002522 PROBE_B_START program=low
1771442391517423196 PROBE_B_END program=low
1771442391720400365 PROBE_B_START program=low
1771442391823622628 PROBE_B_END program=low
1771442392026498371 PROBE_B_START program=low
1771442392128355947 PROBE_B_END program=low
1771442392331032838 PROBE_B_START program=low
1771442392428305388 PROBE_B_END program=low
1771442392631094335 PROBE_B_START program=low
1771442392721729003 PROBE_B_END program=low
1771442392924458987 PROBE_B_START program=low
1771442392950301585 PROBE_B_END program=low
1771442393153247217 PROBE_B_START program=low
1771442393179106316 PROBE_B_END program=low
1771442393382016448 PROBE_B_START program=low
1771442393407028471 PROBE_B_END program=low
1771442393609929047 PROBE_B_START program=low
1771442393635802479 PROBE_B_END program=low
1771442393838686500 PROBE_B_START program=low
1771442393863997449 PROBE_B_END program=low
1771442394066838822 PROBE_B_START program=low
1771442394092129494 PROBE_B_END program=low
1771442394295038367 PROBE_B_START program=low
1771442394319697093 PROBE_B_END program=low
1771442394522595095 PROBE_B_START program=low
1771442394548552582 PROBE_B_END program=low
1771442394751438807 PROBE_B_START program=low
1771442394822173221 PROBE_B_END program=low
1771442395024943334 PROBE_B_START program=low
1771442395115650947 PROBE_B_END program=low
1771442395319717137 PROBE_B_START program=low
1771442395408168709 PROBE_B_END program=low
1771442395611022119 PROBE_B_START program=low
1771442395705742146 PROBE_B_END program=low
1771442395908599056 PROBE_B_START program=low
1771442395996770499 PROBE_B_END program=low
1771442396199536334 PROBE_B_START program=low
1771442396224821413 PROBE_B_END program=low
1771442396427872768 PROBE_B_START program=low
1771442396453303199 PROBE_B_END program=low
1771442396656142368 PROBE_B_START program=low
1771442396681426244 PROBE_B_END program=low
1771442396884359191 PROBE_B_START program=low
1771442396909591251 PROBE_B_END program=low
1771442397112511717 PROBE_B_START program=low
1771442397137601740 PROBE_B_END program=low
1771442397340535409 PROBE_B_START program=low
1771442397365787636 PROBE_B_END program=low
1771442397569065566 PROBE_B_START program=low
1771442397594403941 PROBE_B_END program=low
1771442397797422370 PROBE_B_START program=low
1771442397822737819 PROBE_B_END program=low
1771442398025692192 PROBE_B_START program=low
1771442398050817493 PROBE_B_END program=low
1771442398253824644 PROBE_B_START program=low
1771442398324941707 PROBE_B_END program=low
1771442398527719024 PROBE_B_START program=low
1771442398810592807 PROBE_B_END program=low
1771442399013514347 PROBE_B_START program=low
1771442399104521535 PROBE_B_END program=low
1771442399307333778 PROBE_B_START program=low
1771442399400735785 PROBE_B_END program=low
1771442399603559714 PROBE_B_START program=low
1771442399688742466 PROBE_B_END program=low
1771442399891662154 PROBE_B_START program=low
1771442399916825400 PROBE_B_END program=low
1771442400119681439 PROBE_B_START program=low
1771442400144934278 PROBE_B_END program=low
1771442400347836503 PROBE_B_START program=low
1771442400372758988 PROBE_B_END program=low
1771442400575579732 PROBE_B_START program=low
1771442400600111106 PROBE_B_END program=low
1771442400802881516 PROBE_B_START program=low
1771442400827528705 PROBE_B_END program=low
1771442401030387967 PROBE_B_START program=low
1771442401055578176 PROBE_B_END program=low
1771442401258424993 PROBE_B_START program=low
1771442401283544405 PROBE_B_END program=low
1771442401486434964 PROBE_B_START program=low
1771442401513321712 PROBE_B_END program=low
1771442401716548605 PROBE_B_START program=low
1771442401787674611 PROBE_B_END program=low
1771442401990551207 PROBE_B_START program=low
1771442402087165423 PROBE_B_END program=low
1771442402290009018 PROBE_B_START program=low
1771442402380144760 PROBE_B_END program=low
1771442402583278727 PROBE_B_START program=low
1771442402676270362 PROBE_B_END program=low
1771442402879109865 PROBE_B_START program=low
1771442402957989163 PROBE_B_END program=low
1771442403160846851 PROBE_B_START program=low
1771442403186107282 PROBE_B_END program=low
1771442403389103878 PROBE_B_START program=low
1771442403414171512 PROBE_B_END program=low
1771442403617119237 PROBE_B_START program=low
1771442403642985650 PROBE_B_END program=low
1771442403846027524 PROBE_B_START program=low
1771442403871252121 PROBE_B_END program=low
1771442404074080217 PROBE_B_START program=low
1771442404099350129 PROBE_B_END program=low
1771442404302315040 PROBE_B_START program=low
1771442404327483082 PROBE_B_END program=low
1771442404530418455 PROBE_B_START program=low
1771442404555498701 PROBE_B_END program=low
1771442404758389593 PROBE_B_START program=low
1771442404783228393 PROBE_B_END program=low
1771442404986063415 PROBE_B_START program=low
1771442405057093329 PROBE_B_END program=low
1771442405260061036 PROBE_B_START program=low
1771442405348915276 PROBE_B_END program=low
1771442405551678242 PROBE_B_START program=low
1771442405643086208 PROBE_B_END program=low
1771442405846000545 PROBE_B_START program=low
1771442405935294434 PROBE_B_END program=low
1771442406138122493 PROBE_B_START program=low
1771442406222797059 PROBE_B_END program=low
1771442406425630173 PROBE_B_START program=low
1771442406450796326 PROBE_B_END program=low
1771442406653758385 PROBE_B_START program=low
1771442406679155057 PROBE_B_END program=low
1771442406881976171 PROBE_B_START program=low
1771442406906287323 PROBE_B_END program=low
1771442407109074918 PROBE_B_START program=low
1771442407133863367 PROBE_B_END program=low
1771442407336702166 PROBE_B_START program=low
1771442407361370615 PROBE_B_END program=low
1771442407564326729 PROBE_B_START program=low
1771442407591324200 PROBE_B_END program=low
1771442407794211092 PROBE_B_START program=low
1771442407818492447 PROBE_B_END program=low
1771442408021279117 PROBE_B_START program=low
1771442408046021381 PROBE_B_END program=low
1771442408248924791 PROBE_B_START program=low
1771442408320221688 PROBE_B_END program=low
1771442408523285247 PROBE_B_START program=low
1771442408622640301 PROBE_B_END program=low
1771442408825483600 PROBE_B_START program=low
1771442409079255373 PROBE_B_END program=low
1771442409282127543 PROBE_B_START program=low
1771442409566830812 PROBE_B_END program=low
1771442409770541706 PROBE_B_START program=low
1771442409854418345 PROBE_B_END program=low
1771442410057363738 PROBE_B_START program=low
1771442410082424039 PROBE_B_END program=low
1771442410285371894 PROBE_B_START program=low
1771442410310592584 PROBE_B_END program=low
1771442410513531273 PROBE_B_START program=low
1771442410538720333 PROBE_B_END program=low
1771442410741629652 PROBE_B_START program=low
1771442410766701675 PROBE_B_END program=low
1771442410969550919 PROBE_B_START program=low
1771442410993664718 PROBE_B_END program=low
1771442411196538796 PROBE_B_START program=low
1771442411221778930 PROBE_B_END program=low
1771442411424813175 PROBE_B_START program=low
1771442411450023476 PROBE_B_END program=low
1771442411652922869 PROBE_B_START program=low
1771442411678082355 PROBE_B_END program=low
1771442411881157248 PROBE_B_START program=low
1771442411989818373 PROBE_B_END program=low
1771442412192806117 PROBE_B_START program=low
1771442412324016502 PROBE_B_END program=low
1771442412526943561 PROBE_B_START program=low
1771442412620057716 PROBE_B_END program=low
1771442412823003312 PROBE_B_START program=low
1771442412912753794 PROBE_B_END program=low
1771442413115683187 PROBE_B_START program=low
1771442413196814840 PROBE_B_END program=low
1771442413399631399 PROBE_B_START program=low
1771442413424942608 PROBE_B_END program=low
1771442413627913501 PROBE_B_START program=low
1771442413653021320 PROBE_B_END program=low
1771442413855849065 PROBE_B_START program=low
1771442413880971829 PROBE_B_END program=low
1771442414083825592 PROBE_B_START program=low
1771442414107902854 PROBE_B_END program=low
1771442414310657228 PROBE_B_START program=low
1771442414335273954 PROBE_B_END program=low
1771442414538037494 PROBE_B_START program=low
1771442414562650295 PROBE_B_END program=low
1771442414765604706 PROBE_B_START program=low
1771442414790705877 PROBE_B_END program=low
1771442414993548381 PROBE_B_START program=low
1771442415017903051 PROBE_B_END program=low
1771442415220872351 PROBE_B_START program=low
1771442415329446050 PROBE_B_END program=low
1771442415532200758 PROBE_B_START program=low
1771442415659967266 PROBE_B_END program=low
1771442415862930252 PROBE_B_START program=low
1771442415950512286 PROBE_B_END program=low
1771442416153404901 PROBE_B_START program=low
1771442416242347419 PROBE_B_END program=low
1771442416445284720 PROBE_B_START program=low
1771442416525793891 PROBE_B_END program=low
1771442416728644209 PROBE_B_START program=low
1771442416753853807 PROBE_B_END program=low
1771442416956781385 PROBE_B_START program=low
1771442416981932556 PROBE_B_END program=low
1771442417184967375 PROBE_B_START program=low
1771442417210111806 PROBE_B_END program=low
1771442417413130903 PROBE_B_START program=low
1771442417438271889 PROBE_B_END program=low
1771442417641155671 PROBE_B_START program=low
1771442417666394398 PROBE_B_END program=low
1771442417869331124 PROBE_B_START program=low
1771442417894470481 PROBE_B_END program=low
1771442418097467781 PROBE_B_START program=low
1771442418122147729 PROBE_B_END program=low
1771442418325124271 PROBE_B_START program=low
1771442418350637980 PROBE_B_END program=low
1771442418553534095 PROBE_B_START program=low
1771442418643975264 PROBE_B_END program=low
1771442418847048694 PROBE_B_START program=low
1771442418942755520 PROBE_B_END program=low
1771442419145733746 PROBE_B_START program=low
1771442419243649335 PROBE_B_END program=low
1771442419446469987 PROBE_B_START program=low
1771442419695211475 PROBE_B_END program=low
1771442419898145627 PROBE_B_START program=low
1771442419988637167 PROBE_B_END program=low
1771442420191471356 PROBE_B_START program=low
1771442420225889172 PROBE_B_END program=low
1771442420428820380 PROBE_B_START program=low
1771442420453953904 PROBE_B_END program=low
1771442420657004667 PROBE_B_START program=low
1771442420682572747 PROBE_B_END program=low
1771442420885552844 PROBE_B_START program=low
1771442420910909349 PROBE_B_END program=low
1771442421113824909 PROBE_B_START program=low
1771442421140091323 PROBE_B_END program=low
1771442421343270402 PROBE_B_START program=low
1771442421367893368 PROBE_B_END program=low
1771442421570799669 PROBE_B_START program=low
1771442421596107915 PROBE_B_END program=low
1771442421798884678 PROBE_B_START program=low
1771442421824023498 PROBE_B_END program=low
1771442422026892094 PROBE_B_START program=low
1771442422097697879 PROBE_B_END program=low
1771442422300502235 PROBE_B_START program=low
1771442422393387130 PROBE_B_END program=low
1771442422596317523 PROBE_B_START program=low
1771442422691252256 PROBE_B_END program=low
1771442422894132130 PROBE_B_START program=low
1771442422986713988 PROBE_B_END program=low
1771442423189544825 PROBE_B_START program=low
1771442423270952294 PROBE_B_END program=low
1771442423473780947 PROBE_B_START program=low
1771442423498895785 PROBE_B_END program=low
1771442423701772678 PROBE_B_START program=low
1771442423726767645 PROBE_B_END program=low
1771442423929525390 PROBE_B_START program=low
1771442423954712358 PROBE_B_END program=low
1771442424157640659 PROBE_B_START program=low
1771442424182617830 PROBE_B_END program=low
1771442424385345982 PROBE_B_START program=low
1771442424409282393 PROBE_B_END program=low
1771442424612053971 PROBE_B_START program=low
1771442424637425939 PROBE_B_END program=low
1771442424840711148 PROBE_B_START program=low
1771442424866817376 PROBE_B_END program=low
1771442425069721659 PROBE_B_START program=low
1771442425094820089 PROBE_B_END program=low
1771442425298277761 PROBE_B_START program=low
1771442425379107211 PROBE_B_END program=low
1771442425581816789 PROBE_B_START program=low
1771442425674707351 PROBE_B_END program=low
1771442425877536207 PROBE_B_START program=low
1771442425965597465 PROBE_B_END program=low
1771442426168565396 PROBE_B_START program=low
1771442426256526598 PROBE_B_END program=low
1771442426459296065 PROBE_B_START program=low
1771442426538799068 PROBE_B_END program=low
1771442426741613202 PROBE_B_START program=low
1771442426766924633 PROBE_B_END program=low
1771442426969864193 PROBE_B_START program=low
1771442426995371495 PROBE_B_END program=low
1771442427198460425 PROBE_B_START program=low
1771442427224034246 PROBE_B_END program=low
1771442427426798732 PROBE_B_START program=low
1771442427451314013 PROBE_B_END program=low
1771442427654184092 PROBE_B_START program=low
1771442427679457504 PROBE_B_END program=low
1771442427882312138 PROBE_B_START program=low
1771442427907436736 PROBE_B_END program=low
1771442428110312592 PROBE_B_START program=low
1771442428135494690 PROBE_B_END program=low
1771442428338374676 PROBE_B_START program=low
1771442428363467458 PROBE_B_END program=low
1771442428566382759 PROBE_B_START program=low
1771442428637573193 PROBE_B_END program=low
1771442428840306901 PROBE_B_START program=low
1771442428932595666 PROBE_B_END program=low
1771442429135751319 PROBE_B_START program=low
1771442429230837014 PROBE_B_END program=low
1771442429434657187 PROBE_B_START program=low
1771442429533033814 PROBE_B_END program=low
1771442429735864078 PROBE_B_START program=low
1771442429973704752 PROBE_B_END program=low
1771442430176554109 PROBE_B_START program=low
1771442430220879720 PROBE_B_END program=low
1771442430423779835 PROBE_B_START program=low
1771442430449339674 PROBE_B_END program=low
1771442430652525124 PROBE_B_START program=low
1771442430677630036 PROBE_B_END program=low
1771442430880492689 PROBE_B_START program=low
1771442430905243416 PROBE_B_END program=low
1771442431108098235 PROBE_B_START program=low
1771442431133345444 PROBE_B_END program=low
1771442431336280597 PROBE_B_START program=low
1771442431361306120 PROBE_B_END program=low
1771442431564154162 PROBE_B_START program=low
1771442431589429130 PROBE_B_END program=low
1771442431792368227 PROBE_B_START program=low
1771442431817542288 PROBE_B_END program=low
1771442432020473996 PROBE_B_START program=low
1771442432091921504 PROBE_B_END program=low
1771442432294745602 PROBE_B_START program=low
1771442432387102200 PROBE_B_END program=low
1771442432589893316 PROBE_B_START program=low
1771442432681135320 PROBE_B_END program=low
1771442432883939177 PROBE_B_START program=low
1771442432978549742 PROBE_B_END program=low
1771442433181350561 PROBE_B_START program=low
1771442433263094012 PROBE_B_END program=low
1771442433465828795 PROBE_B_START program=low
1771442433490933633 PROBE_B_END program=low
1771442433693739119 PROBE_B_START program=low
1771442433718156753 PROBE_B_END program=low
1771442433920920906 PROBE_B_START program=low
1771442433945883132 PROBE_B_END program=low
1771442434148754304 PROBE_B_START program=low
1771442434173945198 PROBE_B_END program=low
1771442434376890499 PROBE_B_START program=low
1771442434402229634 PROBE_B_END program=low
1771442434605409102 PROBE_B_START program=low
1771442434632640000 PROBE_B_END program=low
1771442434835513431 PROBE_B_START program=low
1771442434860838065 PROBE_B_END program=low
1771442435063687107 PROBE_B_START program=low
1771442435088437630 PROBE_B_END program=low
1771442435291345080 PROBE_B_START program=low
1771442435362597384 PROBE_B_END program=low
1771442435565382889 PROBE_B_START program=low
1771442435658138969 PROBE_B_END program=low
1771442435860917752 PROBE_B_START program=low
1771442435952942442 PROBE_B_END program=low
1771442436155939411 PROBE_B_START program=low
1771442436243041093 PROBE_B_END program=low
1771442436445999839 PROBE_B_START program=low
1771442436527444271 PROBE_B_END program=low
1771442436730294109 PROBE_B_START program=low
1771442436754542168 PROBE_B_END program=low
1771442436957424192 PROBE_B_START program=low
1771442436982874086 PROBE_B_END program=low
1771442437185986962 PROBE_B_START program=low
1771442437211749931 PROBE_B_END program=low
1771442437414855085 PROBE_B_START program=low
1771442437440321257 PROBE_B_END program=low
1771442437643322744 PROBE_B_START program=low
1771442437668752008 PROBE_B_END program=low
1771442437871671662 PROBE_B_START program=low
1771442437896582796 PROBE_B_END program=low
1771442438099583487 PROBE_B_START program=low
1771442438125355715 PROBE_B_END program=low
1771442438328342905 PROBE_B_START program=low
1771442438353934985 PROBE_B_END program=low
1771442438557028787 PROBE_B_START program=low
1771442438630812336 PROBE_B_END program=low
1771442438833643563 PROBE_B_START program=low
1771442438923870677 PROBE_B_END program=low
1771442439126780571 PROBE_B_START program=low
1771442439216225109 PROBE_B_END program=low
1771442439419165818 PROBE_B_START program=low
1771442439515399183 PROBE_B_END program=low
1771442439718227743 PROBE_B_START program=low
1771442439806448076 PROBE_B_END program=low
1771442440009339340 PROBE_B_START program=low
1771442440034644086 PROBE_B_END program=low
1771442440237562018 PROBE_B_START program=low
1771442440263070412 PROBE_B_END program=low
1771442440465949788 PROBE_B_START program=low
1771442440491257256 PROBE_B_END program=low
1771442440694181132 PROBE_B_START program=low
1771442440719514489 PROBE_B_END program=low
1771442440922529439 PROBE_B_START program=low
1771442440946901572 PROBE_B_END program=low
1771442441149763263 PROBE_B_START program=low
1771442441174736008 PROBE_B_END program=low
1771442441377539069 PROBE_B_START program=low
1771442441402822222 PROBE_B_END program=low
1771442441605748542 PROBE_B_START program=low
1771442441631112733 PROBE_B_END program=low
1771442441834209813 PROBE_B_START program=low
1771442441906200840 PROBE_B_END program=low
1771442442109069290 PROBE_B_START program=low
1771442442358089262 PROBE_B_END program=low
1771442442561005989 PROBE_B_START program=low
1771442442824884689 PROBE_B_END program=low
1771442443027895584 PROBE_B_START program=low
1771442443115566323 PROBE_B_END program=low
1771442443318571032 PROBE_B_START program=low
1771442443408846072 PROBE_B_END program=low
1771442443611636355 PROBE_B_START program=low
1771442443648480898 PROBE_B_END program=low
1771442443851266403 PROBE_B_START program=low
1771442443877114391 PROBE_B_END program=low
1771442444080502064 PROBE_B_START program=low
1771442444105613310 PROBE_B_END program=low
1771442444308596427 PROBE_B_START program=low
1771442444333919413 PROBE_B_END program=low
1771442444537068308 PROBE_B_START program=low
1771442444591537603 PROBE_B_END program=low
1771442444794416571 PROBE_B_START program=low
1771442444844532766 PROBE_B_END program=low
1771442445047499124 PROBE_B_START program=low
1771442445137822682 PROBE_B_END program=low
1771442445340708577 PROBE_B_START program=low
1771442445429663633 PROBE_B_END program=low
1771442445632632027 PROBE_B_START program=low
1771442445770441202 PROBE_B_END program=low
1771442445973519819 PROBE_B_START program=low
1771442446055359678 PROBE_B_END program=low
1771442446258453610 PROBE_B_START program=low
1771442446346743758 PROBE_B_END program=low
1771442446549663023 PROBE_B_START program=low
1771442446638628708 PROBE_B_END program=low
1771442446841516270 PROBE_B_START program=low
1771442446932319292 PROBE_B_END program=low
1771442447135222908 PROBE_B_START program=low
1771442447215221042 PROBE_B_END program=low
1771442447418077585 PROBE_B_START program=low
1771442447443388720 PROBE_B_END program=low
1771442447646362763 PROBE_B_START program=low
1771442447671711898 PROBE_B_END program=low
1771442447874660885 PROBE_B_START program=low
1771442447900272557 PROBE_B_END program=low
1771442448103340082 PROBE_B_START program=low
1771442448128678754 PROBE_B_END program=low
1771442448331633686 PROBE_B_START program=low
1771442448357061858 PROBE_B_END program=low
1771442448560037105 PROBE_B_START program=low
1771442448585818092 PROBE_B_END program=low
1771442448788801191 PROBE_B_START program=low
1771442448814163955 PROBE_B_END program=low
1771442449017108369 PROBE_B_START program=low
1771442449089469434 PROBE_B_END program=low
1771442449292340329 PROBE_B_START program=low
1771442449394620167 PROBE_B_END program=low
1771442449597446080 PROBE_B_START program=low
1771442449834696847 PROBE_B_END program=low
1771442450037648816 PROBE_B_START program=low
1771442450226123761 PROBE_B_END program=low
1771442450428951452 PROBE_B_START program=low
1771442450520121900 PROBE_B_END program=low
1771442450722857554 PROBE_B_START program=low
1771442450761694434 PROBE_B_END program=low
1771442450964560199 PROBE_B_START program=low
1771442450989831130 PROBE_B_END program=low
1771442451192974637 R2_IDLE_C seconds=30 actions=B
1771442481195015658 SKIP_PROBE_C seconds=60
