1772707442067362397 R2_IDLE_B seconds=60
1772707502069233634 R2_PROBE_B seconds=240 bvar=fsync program=low
1772707502071801140 PROBE_B_START program=low bvar=fsync
1772707502118809186 PROBE_B_END program=low bvar=fsync
1772707502321484665 PROBE_B_START program=low bvar=fsync
1772707502374743355 PROBE_B_END program=low bvar=fsync
1772707502577559389 PROBE_B_START program=low bvar=fsync
1772707502671452241 PROBE_B_END program=low bvar=fsync
1772707502874137164 PROBE_B_START program=low bvar=fsync
1772707502924540310 PROBE_B_END program=low bvar=fsync
1772707503127497604 PROBE_B_START program=low bvar=fsync
1772707503177945251 PROBE_B_END program=low bvar=fsync
1772707503380726173 PROBE_B_START program=low bvar=fsync
1772707503428396073 PROBE_B_END program=low bvar=fsync
1772707503631166755 PROBE_B_START program=low bvar=fsync
1772707503682135718 PROBE_B_END program=low bvar=fsync
1772707503884920882 PROBE_B_START program=low bvar=fsync
1772707503940004575 PROBE_B_END program=low bvar=fsync
1772707504142874017 PROBE_B_START program=low bvar=fsync
1772707504201934386 PROBE_B_END program=low bvar=fsync
1772707504404627438 PROBE_B_START program=low bvar=fsync
1772707504460067633 PROBE_B_END program=low bvar=fsync
1772707504662951574 PROBE_B_START program=low bvar=fsync
1772707504721516127 PROBE_B_END program=low bvar=fsync
1772707504924333698 PROBE_B_START program=low bvar=fsync
1772707504977442295 PROBE_B_END program=low bvar=fsync
1772707505180030402 PROBE_B_START program=low bvar=fsync
1772707505233832816 PROBE_B_END program=low bvar=fsync
1772707505436555923 PROBE_B_START program=low bvar=fsync
1772707505489901372 PROBE_B_END program=low bvar=fsync
1772707505692679925 PROBE_B_START program=low bvar=fsync
1772707505744599537 PROBE_B_END program=low bvar=fsync
1772707505947411830 PROBE_B_START program=low bvar=fsync
1772707506046976010 PROBE_B_END program=low bvar=fsync
1772707506249552635 PROBE_B_START program=low bvar=fsync
1772707506296682293 PROBE_B_END program=low bvar=fsync
1772707506499550216 PROBE_B_START program=low bvar=fsync
1772707506551166921 PROBE_B_END program=low bvar=fsync
1772707506753935362 PROBE_B_START program=low bvar=fsync
1772707506801796021 PROBE_B_END program=low bvar=fsync
1772707507004597703 PROBE_B_START program=low bvar=fsync
1772707507055250998 PROBE_B_END program=low bvar=fsync
1772707507257933346 PROBE_B_START program=low bvar=fsync
1772707507313640578 PROBE_B_END program=low bvar=fsync
1772707507516480408 PROBE_B_START program=low bvar=fsync
1772707507564973013 PROBE_B_END program=low bvar=fsync
1772707507767845788 PROBE_B_START program=low bvar=fsync
1772707507817140784 PROBE_B_END program=low bvar=fsync
1772707508019891761 PROBE_B_START program=low bvar=fsync
1772707508070217037 PROBE_B_END program=low bvar=fsync
1772707508272997867 PROBE_B_START program=low bvar=fsync
1772707508320104154 PROBE_B_END program=low bvar=fsync
1772707508522979614 PROBE_B_START program=low bvar=fsync
1772707508575354172 PROBE_B_END program=low bvar=fsync
1772707508778163539 PROBE_B_START program=low bvar=fsync
1772707508827701091 PROBE_B_END program=low bvar=fsync
1772707509030543606 PROBE_B_START program=low bvar=fsync
1772707509084968335 PROBE_B_END program=low bvar=fsync
1772707509287716090 PROBE_B_START program=low bvar=fsync
1772707509382848204 PROBE_B_END program=low bvar=fsync
1772707509585645552 PROBE_B_START program=low bvar=fsync
1772707509638623000 PROBE_B_END program=low bvar=fsync
1772707509841421904 PROBE_B_START program=low bvar=fsync
1772707509891396846 PROBE_B_END program=low bvar=fsync
1772707510094140619 PROBE_B_START program=low bvar=fsync
1772707510147441661 PROBE_B_END program=low bvar=fsync
1772707510350184527 PROBE_B_START program=low bvar=fsync
1772707510818923731 PROBE_B_END program=low bvar=fsync
1772707511021788634 PROBE_B_START program=low bvar=fsync
1772707511069197552 PROBE_B_END program=low bvar=fsync
1772707511272690160 PROBE_B_START program=low bvar=fsync
1772707511323653697 PROBE_B_END program=low bvar=fsync
1772707511526409211 PROBE_B_START program=low bvar=fsync
1772707511576528042 PROBE_B_END program=low bvar=fsync
1772707511779356723 PROBE_B_START program=low bvar=fsync
1772707511828542756 PROBE_B_END program=low bvar=fsync
1772707512031341807 PROBE_B_START program=low bvar=fsync
1772707512079508412 PROBE_B_END program=low bvar=fsync
1772707512282365000 PROBE_B_START program=low bvar=fsync
1772707512330425642 PROBE_B_END program=low bvar=fsync
1772707512533246156 PROBE_B_START program=low bvar=fsync
1772707512585448399 PROBE_B_END program=low bvar=fsync
1772707512788387154 PROBE_B_START program=low bvar=fsync
1772707512836802796 PROBE_B_END program=low bvar=fsync
1772707513039583385 PROBE_B_START program=low bvar=fsync
1772707513137227096 PROBE_B_END program=low bvar=fsync
1772707513340052481 PROBE_B_START program=low bvar=fsync
1772707513390043238 PROBE_B_END program=low bvar=fsync
1772707513592891956 PROBE_B_START program=low bvar=fsync
1772707513646193442 PROBE_B_END program=low bvar=fsync
1772707513848954437 PROBE_B_START program=low bvar=fsync
1772707513901539125 PROBE_B_END program=low bvar=fsync
1772707514104341936 PROBE_B_START program=low bvar=fsync
1772707514157231606 PROBE_B_END program=low bvar=fsync
1772707514360041676 PROBE_B_START program=low bvar=fsync
1772707514407556779 PROBE_B_END program=low bvar=fsync
1772707514610355496 PROBE_B_START program=low bvar=fsync
1772707514659879159 PROBE_B_END program=low bvar=fsync
1772707514862602340 PROBE_B_START program=low bvar=fsync
1772707514909663535 PROBE_B_END program=low bvar=fsync
1772707515112409530 PROBE_B_START program=low bvar=fsync
1772707515163316788 PROBE_B_END program=low bvar=fsync
1772707515366592100 PROBE_B_START program=low bvar=fsync
1772707515415001260 PROBE_B_END program=low bvar=fsync
1772707515618021867 PROBE_B_START program=low bvar=fsync
1772707515666413935 PROBE_B_END program=low bvar=fsync
1772707515869247116 PROBE_B_START program=low bvar=fsync
1772707515918801038 PROBE_B_END program=low bvar=fsync
1772707516121604089 PROBE_B_START program=low bvar=fsync
1772707516170989066 PROBE_B_END program=low bvar=fsync
1772707516373813228 PROBE_B_START program=low bvar=fsync
1772707516468858342 PROBE_B_END program=low bvar=fsync
1772707516671700652 PROBE_B_START program=low bvar=fsync
1772707516719116421 PROBE_B_END program=low bvar=fsync
1772707516921908806 PROBE_B_START program=low bvar=fsync
1772707516973025583 PROBE_B_END program=low bvar=fsync
1772707517175903504 PROBE_B_START program=low bvar=fsync
1772707517229021119 PROBE_B_END program=low bvar=fsync
1772707517431826596 PROBE_B_START program=low bvar=fsync
1772707517502976102 PROBE_B_END program=low bvar=fsync
1772707517705848301 PROBE_B_START program=low bvar=fsync
1772707517754948037 PROBE_B_END program=low bvar=fsync
1772707517957744884 PROBE_B_START program=low bvar=fsync
1772707518008145975 PROBE_B_END program=low bvar=fsync
1772707518210994470 PROBE_B_START program=low bvar=fsync
1772707518260329021 PROBE_B_END program=low bvar=fsync
1772707518463158313 PROBE_B_START program=low bvar=fsync
1772707518510985416 PROBE_B_END program=low bvar=fsync
1772707518713906282 PROBE_B_START program=low bvar=fsync
1772707518764877893 PROBE_B_END program=low bvar=fsync
1772707518967701073 PROBE_B_START program=low bvar=fsync
1772707519015140990 PROBE_B_END program=low bvar=fsync
1772707519218029967 PROBE_B_START program=low bvar=fsync
1772707519270259728 PROBE_B_END program=low bvar=fsync
1772707519472960427 PROBE_B_START program=low bvar=fsync
1772707519523124480 PROBE_B_END program=low bvar=fsync
1772707519725888364 PROBE_B_START program=low bvar=fsync
1772707519779397480 PROBE_B_END program=low bvar=fsync
1772707519982150715 PROBE_B_START program=low bvar=fsync
1772707520031899212 PROBE_B_END program=low bvar=fsync
1772707520234716892 PROBE_B_START program=low bvar=fsync
1772707520286776523 PROBE_B_END program=low bvar=fsync
1772707520489526073 PROBE_B_START program=low bvar=fsync
1772707520587744064 PROBE_B_END program=low bvar=fsync
1772707520790902170 PROBE_B_START program=low bvar=fsync
1772707520844608490 PROBE_B_END program=low bvar=fsync
1772707521047510263 PROBE_B_START program=low bvar=fsync
1772707521099351598 PROBE_B_END program=low bvar=fsync
1772707521302120685 PROBE_B_START program=low bvar=fsync
1772707521834337282 PROBE_B_END program=low bvar=fsync
1772707522037113887 PROBE_B_START program=low bvar=fsync
1772707522126728970 PROBE_B_END program=low bvar=fsync
1772707522329426242 PROBE_B_START program=low bvar=fsync
1772707522396281776 PROBE_B_END program=low bvar=fsync
1772707522599097604 PROBE_B_START program=low bvar=fsync
1772707522660406126 PROBE_B_END program=low bvar=fsync
1772707522863275676 PROBE_B_START program=low bvar=fsync
1772707522916779588 PROBE_B_END program=low bvar=fsync
1772707523119532416 PROBE_B_START program=low bvar=fsync
1772707523169341153 PROBE_B_END program=low bvar=fsync
1772707523372135851 PROBE_B_START program=low bvar=fsync
1772707523424075408 PROBE_B_END program=low bvar=fsync
1772707523626746828 PROBE_B_START program=low bvar=fsync
1772707523669684829 PROBE_B_END program=low bvar=fsync
1772707523872508842 PROBE_B_START program=low bvar=fsync
1772707523901434700 PROBE_B_END program=low bvar=fsync
1772707524104365825 PROBE_B_START program=low bvar=fsync
1772707524133540092 PROBE_B_END program=low bvar=fsync
1772707524336963958 PROBE_B_START program=low bvar=fsync
1772707524423114940 PROBE_B_END program=low bvar=fsync
1772707524625928379 PROBE_B_START program=low bvar=fsync
1772707524684839858 PROBE_B_END program=low bvar=fsync
1772707524887641223 PROBE_B_START program=low bvar=fsync
1772707524949682098 PROBE_B_END program=low bvar=fsync
1772707525152779334 PROBE_B_START program=low bvar=fsync
1772707525210805589 PROBE_B_END program=low bvar=fsync
1772707525413687046 PROBE_B_START program=low bvar=fsync
1772707525475058938 PROBE_B_END program=low bvar=fsync
1772707525677839507 PROBE_B_START program=low bvar=fsync
1772707525735330631 PROBE_B_END program=low bvar=fsync
1772707525938050718 PROBE_B_START program=low bvar=fsync
1772707525997758273 PROBE_B_END program=low bvar=fsync
1772707526200460915 PROBE_B_START program=low bvar=fsync
1772707526250425930 PROBE_B_END program=low bvar=fsync
1772707526453268072 PROBE_B_START program=low bvar=fsync
1772707526501655973 PROBE_B_END program=low bvar=fsync
1772707526704370949 PROBE_B_START program=low bvar=fsync
1772707526747397301 PROBE_B_END program=low bvar=fsync
1772707526950203369 PROBE_B_START program=low bvar=fsync
1772707526978932709 PROBE_B_END program=low bvar=fsync
1772707527181766611 PROBE_B_START program=low bvar=fsync
1772707527210696043 PROBE_B_END program=low bvar=fsync
1772707527413496797 PROBE_B_START program=low bvar=fsync
1772707527442959157 PROBE_B_END program=low bvar=fsync
1772707527645848966 PROBE_B_START program=low bvar=fsync
1772707527731094428 PROBE_B_END program=low bvar=fsync
1772707527933797959 PROBE_B_START program=low bvar=fsync
1772707527999956528 PROBE_B_END program=low bvar=fsync
1772707528202714707 PROBE_B_START program=low bvar=fsync
1772707528264705415 PROBE_B_END program=low bvar=fsync
1772707528467531186 PROBE_B_START program=low bvar=fsync
1772707528526879259 PROBE_B_END program=low bvar=fsync
1772707528729665290 PROBE_B_START program=low bvar=fsync
1772707528789357771 PROBE_B_END program=low bvar=fsync
1772707528992222154 PROBE_B_START program=low bvar=fsync
1772707529051225337 PROBE_B_END program=low bvar=fsync
1772707529254145646 PROBE_B_START program=low bvar=fsync
1772707529313285736 PROBE_B_END program=low bvar=fsync
1772707529516218193 PROBE_B_START program=low bvar=fsync
1772707529573211761 PROBE_B_END program=low bvar=fsync
1772707529775984625 PROBE_B_START program=low bvar=fsync
1772707529824380452 PROBE_B_END program=low bvar=fsync
1772707530027172371 PROBE_B_START program=low bvar=fsync
1772707530057228492 PROBE_B_END program=low bvar=fsync
1772707530259999041 PROBE_B_START program=low bvar=fsync
1772707530289350104 PROBE_B_END program=low bvar=fsync
1772707530492176191 PROBE_B_START program=low bvar=fsync
1772707530521356013 PROBE_B_END program=low bvar=fsync
1772707530724208136 PROBE_B_START program=low bvar=fsync
1772707530809460358 PROBE_B_END program=low bvar=fsync
1772707531012211610 PROBE_B_START program=low bvar=fsync
1772707531081076018 PROBE_B_END program=low bvar=fsync
1772707531283799623 PROBE_B_START program=low bvar=fsync
1772707531418346413 PROBE_B_END program=low bvar=fsync
1772707531621036110 PROBE_B_START program=low bvar=fsync
1772707531682381076 PROBE_B_END program=low bvar=fsync
1772707531885053514 PROBE_B_START program=low bvar=fsync
1772707531950494859 PROBE_B_END program=low bvar=fsync
1772707532153280908 PROBE_B_START program=low bvar=fsync
1772707532217554713 PROBE_B_END program=low bvar=fsync
1772707532420245762 PROBE_B_START program=low bvar=fsync
1772707533176138079 PROBE_B_END program=low bvar=fsync
1772707533378886017 PROBE_B_START program=low bvar=fsync
1772707533716262560 PROBE_B_END program=low bvar=fsync
1772707533918969109 PROBE_B_START program=low bvar=fsync
1772707533979298942 PROBE_B_END program=low bvar=fsync
1772707534182062047 PROBE_B_START program=low bvar=fsync
1772707534245843721 PROBE_B_END program=low bvar=fsync
1772707534448539307 PROBE_B_START program=low bvar=fsync
1772707534500464363 PROBE_B_END program=low bvar=fsync
1772707534703929451 PROBE_B_START program=low bvar=fsync
1772707534804327723 PROBE_B_END program=low bvar=fsync
1772707535007004382 PROBE_B_START program=low bvar=fsync
1772707535062834688 PROBE_B_END program=low bvar=fsync
1772707535265695644 PROBE_B_START program=low bvar=fsync
1772707535319237741 PROBE_B_END program=low bvar=fsync
1772707535522025734 PROBE_B_START program=low bvar=fsync
1772707535575118627 PROBE_B_END program=low bvar=fsync
1772707535777842045 PROBE_B_START program=low bvar=fsync
1772707535826794244 PROBE_B_END program=low bvar=fsync
1772707536029525811 PROBE_B_START program=low bvar=fsync
1772707536081482163 PROBE_B_END program=low bvar=fsync
1772707536284332786 PROBE_B_START program=low bvar=fsync
1772707536331005831 PROBE_B_END program=low bvar=fsync
1772707536533771898 PROBE_B_START program=low bvar=fsync
1772707536583160708 PROBE_B_END program=low bvar=fsync
1772707536785870034 PROBE_B_START program=low bvar=fsync
1772707536834640714 PROBE_B_END program=low bvar=fsync
1772707537037485688 PROBE_B_START program=low bvar=fsync
1772707537136118494 PROBE_B_END program=low bvar=fsync
1772707537338873783 PROBE_B_START program=low bvar=fsync
1772707537393130214 PROBE_B_END program=low bvar=fsync
1772707537595961263 PROBE_B_START program=low bvar=fsync
1772707537644390645 PROBE_B_END program=low bvar=fsync
1772707537847237175 PROBE_B_START program=low bvar=fsync
1772707537895898780 PROBE_B_END program=low bvar=fsync
1772707538098738865 PROBE_B_START program=low bvar=fsync
1772707538152968501 PROBE_B_END program=low bvar=fsync
1772707538355884160 PROBE_B_START program=low bvar=fsync
1772707538403049466 PROBE_B_END program=low bvar=fsync
1772707538605797829 PROBE_B_START program=low bvar=fsync
1772707538655099213 PROBE_B_END program=low bvar=fsync
1772707538857898187 PROBE_B_START program=low bvar=fsync
1772707538905685123 PROBE_B_END program=low bvar=fsync
1772707539108505431 PROBE_B_START program=low bvar=fsync
1772707539156688961 PROBE_B_END program=low bvar=fsync
1772707539359468676 PROBE_B_START program=low bvar=fsync
1772707539407812817 PROBE_B_END program=low bvar=fsync
1772707539610577902 PROBE_B_START program=low bvar=fsync
1772707539659149803 PROBE_B_END program=low bvar=fsync
1772707539861881166 PROBE_B_START program=low bvar=fsync
1772707539912539997 PROBE_B_END program=low bvar=fsync
1772707540115351897 PROBE_B_START program=low bvar=fsync
1772707540165214579 PROBE_B_END program=low bvar=fsync
1772707540367907145 PROBE_B_START program=low bvar=fsync
1772707540420138517 PROBE_B_END program=low bvar=fsync
1772707540623054213 PROBE_B_START program=low bvar=fsync
1772707540671749763 PROBE_B_END program=low bvar=fsync
1772707540874434792 PROBE_B_START program=low bvar=fsync
1772707540925334679 PROBE_B_END program=low bvar=fsync
1772707541128143116 PROBE_B_START program=low bvar=fsync
1772707541180746452 PROBE_B_END program=low bvar=fsync
1772707541383475963 PROBE_B_START program=low bvar=fsync
1772707541481850767 PROBE_B_END program=low bvar=fsync
1772707541684587019 PROBE_B_START program=low bvar=fsync
1772707541737020372 PROBE_B_END program=low bvar=fsync
1772707541939774087 PROBE_B_START program=low bvar=fsync
1772707541991585161 PROBE_B_END program=low bvar=fsync
1772707542194316339 PROBE_B_START program=low bvar=fsync
1772707542245989394 PROBE_B_END program=low bvar=fsync
1772707542448715961 PROBE_B_START program=low bvar=fsync
1772707542504512081 PROBE_B_END program=low bvar=fsync
1772707542707234499 PROBE_B_START program=low bvar=fsync
1772707543419622070 PROBE_B_END program=low bvar=fsync
1772707543622315839 PROBE_B_START program=low bvar=fsync
1772707543720192643 PROBE_B_END program=low bvar=fsync
1772707543922912505 PROBE_B_START program=low bvar=fsync
1772707543983899414 PROBE_B_END program=low bvar=fsync
1772707544186648962 PROBE_B_START program=low bvar=fsync
1772707544244822809 PROBE_B_END program=low bvar=fsync
1772707544447441245 PROBE_B_START program=low bvar=fsync
1772707544495734183 PROBE_B_END program=low bvar=fsync
1772707544698483693 PROBE_B_START program=low bvar=fsync
1772707544750142545 PROBE_B_END program=low bvar=fsync
1772707544952830444 PROBE_B_START program=low bvar=fsync
1772707545001314104 PROBE_B_END program=low bvar=fsync
1772707545204125892 PROBE_B_START program=low bvar=fsync
1772707545254047537 PROBE_B_END program=low bvar=fsync
1772707545456780862 PROBE_B_START program=low bvar=fsync
1772707545505951579 PROBE_B_END program=low bvar=fsync
1772707545708714719 PROBE_B_START program=low bvar=fsync
1772707545760342423 PROBE_B_END program=low bvar=fsync
1772707545963009174 PROBE_B_START program=low bvar=fsync
1772707546011262277 PROBE_B_END program=low bvar=fsync
1772707546214038899 PROBE_B_START program=low bvar=fsync
1772707546263055152 PROBE_B_END program=low bvar=fsync
1772707546465881015 PROBE_B_START program=low bvar=fsync
1772707546565121876 PROBE_B_END program=low bvar=fsync
1772707546767903053 PROBE_B_START program=low bvar=fsync
1772707546817957939 PROBE_B_END program=low bvar=fsync
1772707547020795542 PROBE_B_START program=low bvar=fsync
1772707547069568295 PROBE_B_END program=low bvar=fsync
1772707547272407842 PROBE_B_START program=low bvar=fsync
1772707547325505086 PROBE_B_END program=low bvar=fsync
1772707547528147522 PROBE_B_START program=low bvar=fsync
1772707547576253736 PROBE_B_END program=low bvar=fsync
1772707547779007154 PROBE_B_START program=low bvar=fsync
1772707547826248644 PROBE_B_END program=low bvar=fsync
1772707548029106803 PROBE_B_START program=low bvar=fsync
1772707548079529411 PROBE_B_END program=low bvar=fsync
1772707548282645570 PROBE_B_START program=low bvar=fsync
1772707548358463789 PROBE_B_END program=low bvar=fsync
1772707548561192910 PROBE_B_START program=low bvar=fsync
1772707548608766049 PROBE_B_END program=low bvar=fsync
1772707548811461707 PROBE_B_START program=low bvar=fsync
1772707548860360035 PROBE_B_END program=low bvar=fsync
1772707549063238953 PROBE_B_START program=low bvar=fsync
1772707549110584739 PROBE_B_END program=low bvar=fsync
1772707549313318009 PROBE_B_START program=low bvar=fsync
1772707549362596133 PROBE_B_END program=low bvar=fsync
1772707549565444347 PROBE_B_START program=low bvar=fsync
1772707549613985322 PROBE_B_END program=low bvar=fsync
1772707549816808406 PROBE_B_START program=low bvar=fsync
1772707549868058238 PROBE_B_END program=low bvar=fsync
1772707550070851285 PROBE_B_START program=low bvar=fsync
1772707550119819464 PROBE_B_END program=low bvar=fsync
1772707550322827160 PROBE_B_START program=low bvar=fsync
1772707550426687661 PROBE_B_END program=low bvar=fsync
1772707550629672949 PROBE_B_START program=low bvar=fsync
1772707550677718941 PROBE_B_END program=low bvar=fsync
1772707550880466025 PROBE_B_START program=low bvar=fsync
1772707550930580503 PROBE_B_END program=low bvar=fsync
1772707551133360809 PROBE_B_START program=low bvar=fsync
1772707551184279178 PROBE_B_END program=low bvar=fsync
1772707551387048354 PROBE_B_START program=low bvar=fsync
1772707551436802332 PROBE_B_END program=low bvar=fsync
1772707551639717953 PROBE_B_START program=low bvar=fsync
1772707551690052376 PROBE_B_END program=low bvar=fsync
1772707551892703774 PROBE_B_START program=low bvar=fsync
1772707551947105558 PROBE_B_END program=low bvar=fsync
1772707552149865271 PROBE_B_START program=low bvar=fsync
1772707552200740399 PROBE_B_END program=low bvar=fsync
1772707552403522705 PROBE_B_START program=low bvar=fsync
1772707552455955132 PROBE_B_END program=low bvar=fsync
1772707552658792272 PROBE_B_START program=low bvar=fsync
1772707552710438401 PROBE_B_END program=low bvar=fsync
1772707552913089929 PROBE_B_START program=low bvar=fsync
1772707552963910631 PROBE_B_END program=low bvar=fsync
1772707553166866122 PROBE_B_START program=low bvar=fsync
1772707553221674703 PROBE_B_END program=low bvar=fsync
1772707553424571342 PROBE_B_START program=low bvar=fsync
1772707554196513518 PROBE_B_END program=low bvar=fsync
1772707554399226768 PROBE_B_START program=low bvar=fsync
1772707554777228302 PROBE_B_END program=low bvar=fsync
1772707554979908386 PROBE_B_START program=low bvar=fsync
1772707555041217906 PROBE_B_END program=low bvar=fsync
1772707555243898286 PROBE_B_START program=low bvar=fsync
1772707555301869132 PROBE_B_END program=low bvar=fsync
1772707555504623604 PROBE_B_START program=low bvar=fsync
1772707555555320028 PROBE_B_END program=low bvar=fsync
1772707555757978889 PROBE_B_START program=low bvar=fsync
1772707555807994515 PROBE_B_END program=low bvar=fsync
1772707556010700339 PROBE_B_START program=low bvar=fsync
1772707556060915150 PROBE_B_END program=low bvar=fsync
1772707556263658030 PROBE_B_START program=low bvar=fsync
1772707556313694119 PROBE_B_END program=low bvar=fsync
1772707556516601869 PROBE_B_START program=low bvar=fsync
1772707556565711808 PROBE_B_END program=low bvar=fsync
1772707556768398780 PROBE_B_START program=low bvar=fsync
1772707556817879293 PROBE_B_END program=low bvar=fsync
1772707557020642043 PROBE_B_START program=low bvar=fsync
1772707557069003850 PROBE_B_END program=low bvar=fsync
1772707557271760378 PROBE_B_START program=low bvar=fsync
1772707557321125558 PROBE_B_END program=low bvar=fsync
1772707557523965827 PROBE_B_START program=low bvar=fsync
1772707557560535590 PROBE_B_END program=low bvar=fsync
1772707557764041860 PROBE_B_START program=low bvar=fsync
1772707557794775037 PROBE_B_END program=low bvar=fsync
1772707557997560379 PROBE_B_START program=low bvar=fsync
1772707558085764180 PROBE_B_END program=low bvar=fsync
1772707558288433244 PROBE_B_START program=low bvar=fsync
1772707558347699705 PROBE_B_END program=low bvar=fsync
1772707558550469769 PROBE_B_START program=low bvar=fsync
1772707558607575781 PROBE_B_END program=low bvar=fsync
1772707558813167203 PROBE_B_START program=low bvar=fsync
1772707558873539610 PROBE_B_END program=low bvar=fsync
1772707559076360397 PROBE_B_START program=low bvar=fsync
1772707559137005046 PROBE_B_END program=low bvar=fsync
1772707559339814981 PROBE_B_START program=low bvar=fsync
1772707559391681277 PROBE_B_END program=low bvar=fsync
1772707559594515379 PROBE_B_START program=low bvar=fsync
1772707559644948672 PROBE_B_END program=low bvar=fsync
1772707559849153388 PROBE_B_START program=low bvar=fsync
1772707559895912562 PROBE_B_END program=low bvar=fsync
1772707560098766108 PROBE_B_START program=low bvar=fsync
1772707560147388323 PROBE_B_END program=low bvar=fsync
1772707560350195536 PROBE_B_START program=low bvar=fsync
1772707560397197303 PROBE_B_END program=low bvar=fsync
1772707560600081923 PROBE_B_START program=low bvar=fsync
1772707560638352598 PROBE_B_END program=low bvar=fsync
1772707560841216163 PROBE_B_START program=low bvar=fsync
1772707560870421133 PROBE_B_END program=low bvar=fsync
1772707561073667865 PROBE_B_START program=low bvar=fsync
1772707561103423576 PROBE_B_END program=low bvar=fsync
1772707561306156122 PROBE_B_START program=low bvar=fsync
1772707561390951174 PROBE_B_END program=low bvar=fsync
1772707561593724053 PROBE_B_START program=low bvar=fsync
1772707561653321329 PROBE_B_END program=low bvar=fsync
1772707561856112560 PROBE_B_START program=low bvar=fsync
1772707561913956962 PROBE_B_END program=low bvar=fsync
1772707562116864489 PROBE_B_START program=low bvar=fsync
1772707562178493769 PROBE_B_END program=low bvar=fsync
1772707562381304148 PROBE_B_START program=low bvar=fsync
1772707562438914235 PROBE_B_END program=low bvar=fsync
1772707562641707392 PROBE_B_START program=low bvar=fsync
1772707562703781784 PROBE_B_END program=low bvar=fsync
1772707562906538885 PROBE_B_START program=low bvar=fsync
1772707562969947113 PROBE_B_END program=low bvar=fsync
1772707563172756344 PROBE_B_START program=low bvar=fsync
1772707563222286284 PROBE_B_END program=low bvar=fsync
1772707563425090329 PROBE_B_START program=low bvar=fsync
1772707563477394460 PROBE_B_END program=low bvar=fsync
1772707563680795395 PROBE_B_START program=low bvar=fsync
1772707563723404857 PROBE_B_END program=low bvar=fsync
1772707563926330088 PROBE_B_START program=low bvar=fsync
1772707563955010057 PROBE_B_END program=low bvar=fsync
1772707564157682954 PROBE_B_START program=low bvar=fsync
1772707564186875350 PROBE_B_END program=low bvar=fsync
1772707564389686099 PROBE_B_START program=low bvar=fsync
1772707564418707457 PROBE_B_END program=low bvar=fsync
1772707564621624929 PROBE_B_START program=low bvar=fsync
1772707564708998412 PROBE_B_END program=low bvar=fsync
1772707564911813106 PROBE_B_START program=low bvar=fsync
1772707565552956720 PROBE_B_END program=low bvar=fsync
1772707565755845765 PROBE_B_START program=low bvar=fsync
1772707565973098267 PROBE_B_END program=low bvar=fsync
1772707566175740238 PROBE_B_START program=low bvar=fsync
1772707566232667323 PROBE_B_END program=low bvar=fsync
1772707566435682221 PROBE_B_START program=low bvar=fsync
1772707566499027504 PROBE_B_END program=low bvar=fsync
1772707566701893753 PROBE_B_START program=low bvar=fsync
1772707566759851285 PROBE_B_END program=low bvar=fsync
1772707566962602589 PROBE_B_START program=low bvar=fsync
1772707567016364056 PROBE_B_END program=low bvar=fsync
1772707567219156249 PROBE_B_START program=low bvar=fsync
1772707567287166339 PROBE_B_END program=low bvar=fsync
1772707567489959958 PROBE_B_START program=low bvar=fsync
1772707567552330814 PROBE_B_END program=low bvar=fsync
1772707567755147137 PROBE_B_START program=low bvar=fsync
1772707567819918442 PROBE_B_END program=low bvar=fsync
1772707568022857025 PROBE_B_START program=low bvar=fsync
1772707568083301821 PROBE_B_END program=low bvar=fsync
1772707568286117570 PROBE_B_START program=low bvar=fsync
1772707568336693622 PROBE_B_END program=low bvar=fsync
1772707568539607834 PROBE_B_START program=low bvar=fsync
1772707568591275278 PROBE_B_END program=low bvar=fsync
1772707568794083953 PROBE_B_START program=low bvar=fsync
1772707568849549423 PROBE_B_END program=low bvar=fsync
1772707569052419561 PROBE_B_START program=low bvar=fsync
1772707569152000570 PROBE_B_END program=low bvar=fsync
1772707569355072523 PROBE_B_START program=low bvar=fsync
1772707569406136077 PROBE_B_END program=low bvar=fsync
1772707569608966862 PROBE_B_START program=low bvar=fsync
1772707569663916387 PROBE_B_END program=low bvar=fsync
1772707569866794377 PROBE_B_START program=low bvar=fsync
1772707569914857202 PROBE_B_END program=low bvar=fsync
1772707570117639413 PROBE_B_START program=low bvar=fsync
1772707570167844021 PROBE_B_END program=low bvar=fsync
1772707570370838992 PROBE_B_START program=low bvar=fsync
1772707570418995447 PROBE_B_END program=low bvar=fsync
1772707570621815510 PROBE_B_START program=low bvar=fsync
1772707570671345116 PROBE_B_END program=low bvar=fsync
1772707570874265476 PROBE_B_START program=low bvar=fsync
1772707570923051784 PROBE_B_END program=low bvar=fsync
1772707571125851162 PROBE_B_START program=low bvar=fsync
1772707571175672306 PROBE_B_END program=low bvar=fsync
1772707571378581721 PROBE_B_START program=low bvar=fsync
1772707571425951100 PROBE_B_END program=low bvar=fsync
1772707571628721608 PROBE_B_START program=low bvar=fsync
1772707571677490027 PROBE_B_END program=low bvar=fsync
1772707571880314720 PROBE_B_START program=low bvar=fsync
1772707571928646341 PROBE_B_END program=low bvar=fsync
1772707572131585960 PROBE_B_START program=low bvar=fsync
1772707572181512604 PROBE_B_END program=low bvar=fsync
1772707572384251204 PROBE_B_START program=low bvar=fsync
1772707572481292541 PROBE_B_END program=low bvar=fsync
1772707572684056586 PROBE_B_START program=low bvar=fsync
1772707572738330313 PROBE_B_END program=low bvar=fsync
1772707572941357358 PROBE_B_START program=low bvar=fsync
1772707572993241598 PROBE_B_END program=low bvar=fsync
1772707573196151051 PROBE_B_START program=low bvar=fsync
1772707573247143678 PROBE_B_END program=low bvar=fsync
1772707573450064464 PROBE_B_START program=low bvar=fsync
1772707573501686167 PROBE_B_END program=low bvar=fsync
1772707573704550581 PROBE_B_START program=low bvar=fsync
1772707573756816304 PROBE_B_END program=low bvar=fsync
1772707573959786257 PROBE_B_START program=low bvar=fsync
1772707574964501662 PROBE_B_END program=low bvar=fsync
1772707575167281577 PROBE_B_START program=low bvar=fsync
1772707575348343649 PROBE_B_END program=low bvar=fsync
1772707575551276379 PROBE_B_START program=low bvar=fsync
1772707575609210447 PROBE_B_END program=low bvar=fsync
1772707575812225973 PROBE_B_START program=low bvar=fsync
1772707575857928922 PROBE_B_END program=low bvar=fsync
1772707576060754893 PROBE_B_START program=low bvar=fsync
1772707576089725306 PROBE_B_END program=low bvar=fsync
1772707576292549295 PROBE_B_START program=low bvar=fsync
1772707576322406507 PROBE_B_END program=low bvar=fsync
1772707576525206384 PROBE_B_START program=low bvar=fsync
1772707576556488322 PROBE_B_END program=low bvar=fsync
1772707576759410403 PROBE_B_START program=low bvar=fsync
1772707576788957262 PROBE_B_END program=low bvar=fsync
1772707576991859307 PROBE_B_START program=low bvar=fsync
1772707577080689867 PROBE_B_END program=low bvar=fsync
1772707577283570337 PROBE_B_START program=low bvar=fsync
1772707577355325861 PROBE_B_END program=low bvar=fsync
1772707577558144127 PROBE_B_START program=low bvar=fsync
1772707577628439166 PROBE_B_END program=low bvar=fsync
1772707577831387710 PROBE_B_START program=low bvar=fsync
1772707577893236787 PROBE_B_END program=low bvar=fsync
1772707578096128664 PROBE_B_START program=low bvar=fsync
1772707578153121675 PROBE_B_END program=low bvar=fsync
1772707578356054404 PROBE_B_START program=low bvar=fsync
1772707578415521494 PROBE_B_END program=low bvar=fsync
1772707578618369705 PROBE_B_START program=low bvar=fsync
1772707578676694978 PROBE_B_END program=low bvar=fsync
1772707578879880263 PROBE_B_START program=low bvar=fsync
1772707578961089640 PROBE_B_END program=low bvar=fsync
1772707579164042184 PROBE_B_START program=low bvar=fsync
1772707579192219541 PROBE_B_END program=low bvar=fsync
1772707579395038862 PROBE_B_START program=low bvar=fsync
1772707579424488129 PROBE_B_END program=low bvar=fsync
1772707579627399766 PROBE_B_START program=low bvar=fsync
1772707579656465402 PROBE_B_END program=low bvar=fsync
1772707579859439761 PROBE_B_START program=low bvar=fsync
1772707579888797194 PROBE_B_END program=low bvar=fsync
1772707580091684701 PROBE_B_START program=low bvar=fsync
1772707580120242225 PROBE_B_END program=low bvar=fsync
1772707580323079194 PROBE_B_START program=low bvar=fsync
1772707580409193878 PROBE_B_END program=low bvar=fsync
1772707580612325423 PROBE_B_START program=low bvar=fsync
1772707580679647807 PROBE_B_END program=low bvar=fsync
1772707580882710907 PROBE_B_START program=low bvar=fsync
1772707580951521498 PROBE_B_END program=low bvar=fsync
1772707581154428523 PROBE_B_START program=low bvar=fsync
1772707581222311502 PROBE_B_END program=low bvar=fsync
1772707581425275657 PROBE_B_START program=low bvar=fsync
1772707581535078798 PROBE_B_END program=low bvar=fsync
1772707581738156694 PROBE_B_START program=low bvar=fsync
1772707581796170392 PROBE_B_END program=low bvar=fsync
1772707581999139603 PROBE_B_START program=low bvar=fsync
1772707582058467433 PROBE_B_END program=low bvar=fsync
1772707582261247976 PROBE_B_START program=low bvar=fsync
1772707582320790178 PROBE_B_END program=low bvar=fsync
1772707582523661980 PROBE_B_START program=low bvar=fsync
1772707582585681076 PROBE_B_END program=low bvar=fsync
1772707582788547971 PROBE_B_START program=low bvar=fsync
1772707582847692708 PROBE_B_END program=low bvar=fsync
1772707583050681715 PROBE_B_START program=low bvar=fsync
1772707583103144290 PROBE_B_END program=low bvar=fsync
1772707583305929426 PROBE_B_START program=low bvar=fsync
1772707583359275244 PROBE_B_END program=low bvar=fsync
1772707583562179546 PROBE_B_START program=low bvar=fsync
1772707583616721385 PROBE_B_END program=low bvar=fsync
1772707583819391873 PROBE_B_START program=low bvar=fsync
1772707583920295143 PROBE_B_END program=low bvar=fsync
1772707584123103872 PROBE_B_START program=low bvar=fsync
1772707584174774723 PROBE_B_END program=low bvar=fsync
1772707584377730878 PROBE_B_START program=low bvar=fsync
1772707584428212467 PROBE_B_END program=low bvar=fsync
1772707584631743567 PROBE_B_START program=low bvar=fsync
1772707584685129607 PROBE_B_END program=low bvar=fsync
1772707584888000298 PROBE_B_START program=low bvar=fsync
1772707584942152618 PROBE_B_END program=low bvar=fsync
1772707585145053105 PROBE_B_START program=low bvar=fsync
1772707585197929829 PROBE_B_END program=low bvar=fsync
1772707585400881817 PROBE_B_START program=low bvar=fsync
1772707585453529800 PROBE_B_END program=low bvar=fsync
1772707585657407290 PROBE_B_START program=low bvar=fsync
1772707585712929593 PROBE_B_END program=low bvar=fsync
1772707585915696840 PROBE_B_START program=low bvar=fsync
1772707586612212250 PROBE_B_END program=low bvar=fsync
1772707586815132275 PROBE_B_START program=low bvar=fsync
1772707586907624824 PROBE_B_END program=low bvar=fsync
1772707587110609441 PROBE_B_START program=low bvar=fsync
1772707587195948734 PROBE_B_END program=low bvar=fsync
1772707587398842833 PROBE_B_START program=low bvar=fsync
1772707587891852031 PROBE_B_END program=low bvar=fsync
1772707588094874130 PROBE_B_START program=low bvar=fsync
1772707588629264879 PROBE_B_END program=low bvar=fsync
1772707588832259811 PROBE_B_START program=low bvar=fsync
1772707588932810451 PROBE_B_END program=low bvar=fsync
1772707589135747883 PROBE_B_START program=low bvar=fsync
1772707589247610251 PROBE_B_END program=low bvar=fsync
1772707589450592961 PROBE_B_START program=low bvar=fsync
1772707589514339467 PROBE_B_END program=low bvar=fsync
1772707589717185917 PROBE_B_START program=low bvar=fsync
1772707589777776731 PROBE_B_END program=low bvar=fsync
1772707589980678126 PROBE_B_START program=low bvar=fsync
1772707590039129769 PROBE_B_END program=low bvar=fsync
1772707590242040775 PROBE_B_START program=low bvar=fsync
1772707590296457187 PROBE_B_END program=low bvar=fsync
1772707590499435953 PROBE_B_START program=low bvar=fsync
1772707590554514181 PROBE_B_END program=low bvar=fsync
1772707590757173168 PROBE_B_START program=low bvar=fsync
1772707590806610977 PROBE_B_END program=low bvar=fsync
1772707591009172908 PROBE_B_START program=low bvar=fsync
1772707591056065378 PROBE_B_END program=low bvar=fsync
1772707591258636457 PROBE_B_START program=low bvar=fsync
1772707591307498191 PROBE_B_END program=low bvar=fsync
1772707591510177752 PROBE_B_START program=low bvar=fsync
1772707591556973351 PROBE_B_END program=low bvar=fsync
1772707591759616727 PROBE_B_START program=low bvar=fsync
1772707591805827992 PROBE_B_END program=low bvar=fsync
1772707592008422756 PROBE_B_START program=low bvar=fsync
1772707592055458708 PROBE_B_END program=low bvar=fsync
1772707592258065306 PROBE_B_START program=low bvar=fsync
1772707592305340869 PROBE_B_END program=low bvar=fsync
1772707592508017875 PROBE_B_START program=low bvar=fsync
1772707592602343168 PROBE_B_END program=low bvar=fsync
1772707592804952840 PROBE_B_START program=low bvar=fsync
1772707592852009310 PROBE_B_END program=low bvar=fsync
1772707593054582945 PROBE_B_START program=low bvar=fsync
1772707593103200918 PROBE_B_END program=low bvar=fsync
1772707593305895646 PROBE_B_START program=low bvar=fsync
1772707593352620301 PROBE_B_END program=low bvar=fsync
1772707593555320158 PROBE_B_START program=low bvar=fsync
1772707593606982749 PROBE_B_END program=low bvar=fsync
1772707593809596976 PROBE_B_START program=low bvar=fsync
1772707593859775046 PROBE_B_END program=low bvar=fsync
1772707594062356125 PROBE_B_START program=low bvar=fsync
1772707594109849578 PROBE_B_END program=low bvar=fsync
1772707594312454879 PROBE_B_START program=low bvar=fsync
1772707594361683984 PROBE_B_END program=low bvar=fsync
1772707594564400841 PROBE_B_START program=low bvar=fsync
1772707594615681283 PROBE_B_END program=low bvar=fsync
1772707594818243584 PROBE_B_START program=low bvar=fsync
1772707594866955521 PROBE_B_END program=low bvar=fsync
1772707595069477896 PROBE_B_START program=low bvar=fsync
1772707595120139059 PROBE_B_END program=low bvar=fsync
1772707595322761675 PROBE_B_START program=low bvar=fsync
1772707595372258762 PROBE_B_END program=low bvar=fsync
1772707595575085341 PROBE_B_START program=low bvar=fsync
1772707595627173341 PROBE_B_END program=low bvar=fsync
1772707595829897809 PROBE_B_START program=low bvar=fsync
1772707595881597826 PROBE_B_END program=low bvar=fsync
1772707596084362424 PROBE_B_START program=low bvar=fsync
1772707596182932244 PROBE_B_END program=low bvar=fsync
1772707596385657860 PROBE_B_START program=low bvar=fsync
1772707597206217919 PROBE_B_END program=low bvar=fsync
1772707597408928109 PROBE_B_START program=low bvar=fsync
1772707597823465268 PROBE_B_END program=low bvar=fsync
1772707598026211235 PROBE_B_START program=low bvar=fsync
1772707598088525090 PROBE_B_END program=low bvar=fsync
1772707598291195465 PROBE_B_START program=low bvar=fsync
1772707598351705056 PROBE_B_END program=low bvar=fsync
1772707598554543173 PROBE_B_START program=low bvar=fsync
1772707598605134299 PROBE_B_END program=low bvar=fsync
1772707598807931378 PROBE_B_START program=low bvar=fsync
1772707598857970891 PROBE_B_END program=low bvar=fsync
1772707599060775100 PROBE_B_START program=low bvar=fsync
1772707599110930317 PROBE_B_END program=low bvar=fsync
1772707599313675822 PROBE_B_START program=low bvar=fsync
1772707599362995093 PROBE_B_END program=low bvar=fsync
1772707599565784876 PROBE_B_START program=low bvar=fsync
1772707599614379498 PROBE_B_END program=low bvar=fsync
1772707599817086428 PROBE_B_START program=low bvar=fsync
1772707599868358445 PROBE_B_END program=low bvar=fsync
1772707600071246931 PROBE_B_START program=low bvar=fsync
1772707600118848736 PROBE_B_END program=low bvar=fsync
1772707600321780130 PROBE_B_START program=low bvar=fsync
1772707600367603597 PROBE_B_END program=low bvar=fsync
1772707600570367731 PROBE_B_START program=low bvar=fsync
1772707600657742473 PROBE_B_END program=low bvar=fsync
1772707600860487033 PROBE_B_START program=low bvar=fsync
1772707600919151028 PROBE_B_END program=low bvar=fsync
1772707601121832884 PROBE_B_START program=low bvar=fsync
1772707601174515236 PROBE_B_END program=low bvar=fsync
1772707601377290093 PROBE_B_START program=low bvar=fsync
1772707601429158444 PROBE_B_END program=low bvar=fsync
1772707601631891615 PROBE_B_START program=low bvar=fsync
1772707601680543385 PROBE_B_END program=low bvar=fsync
1772707601883329445 PROBE_B_START program=low bvar=fsync
1772707601931351899 PROBE_B_END program=low bvar=fsync
1772707602134108662 PROBE_B_START program=low bvar=fsync
1772707602183237081 PROBE_B_END program=low bvar=fsync
1772707602386268179 PROBE_B_START program=low bvar=fsync
1772707602433694557 PROBE_B_END program=low bvar=fsync
1772707602636765914 PROBE_B_START program=low bvar=fsync
1772707602685093387 PROBE_B_END program=low bvar=fsync
1772707602887914984 PROBE_B_START program=low bvar=fsync
1772707602937173367 PROBE_B_END program=low bvar=fsync
1772707603140012408 PROBE_B_START program=low bvar=fsync
1772707603188458326 PROBE_B_END program=low bvar=fsync
1772707603391187034 PROBE_B_START program=low bvar=fsync
1772707603436737575 PROBE_B_END program=low bvar=fsync
1772707603639570283 PROBE_B_START program=low bvar=fsync
1772707603668173510 PROBE_B_END program=low bvar=fsync
1772707603870868477 PROBE_B_START program=low bvar=fsync
1772707603956286974 PROBE_B_END program=low bvar=fsync
1772707604159067200 PROBE_B_START program=low bvar=fsync
1772707604218233474 PROBE_B_END program=low bvar=fsync
1772707604420869959 PROBE_B_START program=low bvar=fsync
1772707604481051716 PROBE_B_END program=low bvar=fsync
1772707604683784610 PROBE_B_START program=low bvar=fsync
1772707604751306068 PROBE_B_END program=low bvar=fsync
1772707604954130331 PROBE_B_START program=low bvar=fsync
1772707605002341822 PROBE_B_END program=low bvar=fsync
1772707605205129123 PROBE_B_START program=low bvar=fsync
1772707605257390530 PROBE_B_END program=low bvar=fsync
1772707605460213016 PROBE_B_START program=low bvar=fsync
1772707605510061936 PROBE_B_END program=low bvar=fsync
1772707605712793366 PROBE_B_START program=low bvar=fsync
1772707605764338809 PROBE_B_END program=low bvar=fsync
1772707605967187832 PROBE_B_START program=low bvar=fsync
1772707606017605827 PROBE_B_END program=low bvar=fsync
1772707606220353109 PROBE_B_START program=low bvar=fsync
1772707606273493851 PROBE_B_END program=low bvar=fsync
1772707606476295504 PROBE_B_START program=low bvar=fsync
1772707606528193003 PROBE_B_END program=low bvar=fsync
1772707606730872414 PROBE_B_START program=low bvar=fsync
1772707606759507289 PROBE_B_END program=low bvar=fsync
1772707606962386090 PROBE_B_START program=low bvar=fsync
1772707606991405651 PROBE_B_END program=low bvar=fsync
1772707607194228804 PROBE_B_START program=low bvar=fsync
1772707607224618016 PROBE_B_END program=low bvar=fsync
1772707607427837947 PROBE_B_START program=low bvar=fsync
1772707607515642744 PROBE_B_END program=low bvar=fsync
1772707607718395322 PROBE_B_START program=low bvar=fsync
1772707608074669596 PROBE_B_END program=low bvar=fsync
1772707608277487155 PROBE_B_START program=low bvar=fsync
1772707608360378202 PROBE_B_END program=low bvar=fsync
1772707608563139594 PROBE_B_START program=low bvar=fsync
1772707608620648568 PROBE_B_END program=low bvar=fsync
1772707608823479313 PROBE_B_START program=low bvar=fsync
1772707608883682959 PROBE_B_END program=low bvar=fsync
1772707609086448481 PROBE_B_START program=low bvar=fsync
1772707609144993031 PROBE_B_END program=low bvar=fsync
1772707609347785498 PROBE_B_START program=low bvar=fsync
1772707609411655670 PROBE_B_END program=low bvar=fsync
1772707609614526730 PROBE_B_START program=low bvar=fsync
1772707609741764129 PROBE_B_END program=low bvar=fsync
1772707609944695540 PROBE_B_START program=low bvar=fsync
1772707610005695614 PROBE_B_END program=low bvar=fsync
1772707610208397562 PROBE_B_START program=low bvar=fsync
1772707610259797486 PROBE_B_END program=low bvar=fsync
1772707610462677656 PROBE_B_START program=low bvar=fsync
1772707610511476260 PROBE_B_END program=low bvar=fsync
1772707610714111837 PROBE_B_START program=low bvar=fsync
1772707610761460197 PROBE_B_END program=low bvar=fsync
1772707610964207182 PROBE_B_START program=low bvar=fsync
1772707611012185191 PROBE_B_END program=low bvar=fsync
1772707611214835305 PROBE_B_START program=low bvar=fsync
1772707611310800805 PROBE_B_END program=low bvar=fsync
1772707611513301622 PROBE_B_START program=low bvar=fsync
1772707611563261765 PROBE_B_END program=low bvar=fsync
1772707611765896713 PROBE_B_START program=low bvar=fsync
1772707611813620944 PROBE_B_END program=low bvar=fsync
1772707612016277503 PROBE_B_START program=low bvar=fsync
1772707612063138398 PROBE_B_END program=low bvar=fsync
1772707612265868531 PROBE_B_START program=low bvar=fsync
1772707612314424393 PROBE_B_END program=low bvar=fsync
1772707612521052812 PROBE_B_START program=low bvar=fsync
1772707612570848714 PROBE_B_END program=low bvar=fsync
1772707612773583736 PROBE_B_START program=low bvar=fsync
1772707612818403590 PROBE_B_END program=low bvar=fsync
1772707613021246149 PROBE_B_START program=low bvar=fsync
1772707613076639526 PROBE_B_END program=low bvar=fsync
1772707613279308899 PROBE_B_START program=low bvar=fsync
1772707613327887724 PROBE_B_END program=low bvar=fsync
1772707613531520026 PROBE_B_START program=low bvar=fsync
1772707613581898688 PROBE_B_END program=low bvar=fsync
1772707613784589543 PROBE_B_START program=low bvar=fsync
1772707613833291368 PROBE_B_END program=low bvar=fsync
1772707614036061131 PROBE_B_START program=low bvar=fsync
1772707614086607941 PROBE_B_END program=low bvar=fsync
1772707614289312685 PROBE_B_START program=low bvar=fsync
1772707614338464437 PROBE_B_END program=low bvar=fsync
1772707614541246848 PROBE_B_START program=low bvar=fsync
1772707614635432547 PROBE_B_END program=low bvar=fsync
1772707614838139051 PROBE_B_START program=low bvar=fsync
1772707614885412021 PROBE_B_END program=low bvar=fsync
1772707615088157543 PROBE_B_START program=low bvar=fsync
1772707615188261180 PROBE_B_END program=low bvar=fsync
1772707615390985202 PROBE_B_START program=low bvar=fsync
1772707615443893073 PROBE_B_END program=low bvar=fsync
1772707615646807169 PROBE_B_START program=low bvar=fsync
1772707615698902242 PROBE_B_END program=low bvar=fsync
1772707615901611875 PROBE_B_START program=low bvar=fsync
1772707615948001658 PROBE_B_END program=low bvar=fsync
1772707616150785439 PROBE_B_START program=low bvar=fsync
1772707616210174343 PROBE_B_END program=low bvar=fsync
1772707616412860457 PROBE_B_START program=low bvar=fsync
1772707616465400457 PROBE_B_END program=low bvar=fsync
1772707616668273904 PROBE_B_START program=low bvar=fsync
1772707617199162028 PROBE_B_END program=low bvar=fsync
1772707617401921660 PROBE_B_START program=low bvar=fsync
1772707617495145172 PROBE_B_END program=low bvar=fsync
1772707617697986842 PROBE_B_START program=low bvar=fsync
1772707617759356027 PROBE_B_END program=low bvar=fsync
1772707617962069160 PROBE_B_START program=low bvar=fsync
1772707618024755700 PROBE_B_END program=low bvar=fsync
1772707618227828203 PROBE_B_START program=low bvar=fsync
1772707618280448481 PROBE_B_END program=low bvar=fsync
1772707618483109558 PROBE_B_START program=low bvar=fsync
1772707618526703465 PROBE_B_END program=low bvar=fsync
1772707618729633690 PROBE_B_START program=low bvar=fsync
1772707618785533142 PROBE_B_END program=low bvar=fsync
1772707618988223422 PROBE_B_START program=low bvar=fsync
1772707619038852974 PROBE_B_END program=low bvar=fsync
1772707619241782551 PROBE_B_START program=low bvar=fsync
1772707619290735025 PROBE_B_END program=low bvar=fsync
1772707619493474379 PROBE_B_START program=low bvar=fsync
1772707619544634636 PROBE_B_END program=low bvar=fsync
1772707619749257568 PROBE_B_START program=low bvar=fsync
1772707619844439381 PROBE_B_END program=low bvar=fsync
1772707620047123513 PROBE_B_START program=low bvar=fsync
1772707620096928748 PROBE_B_END program=low bvar=fsync
1772707620299793473 PROBE_B_START program=low bvar=fsync
1772707620349570800 PROBE_B_END program=low bvar=fsync
1772707620552427970 PROBE_B_START program=low bvar=fsync
1772707620602069334 PROBE_B_END program=low bvar=fsync
1772707620804910263 PROBE_B_START program=low bvar=fsync
1772707620853067327 PROBE_B_END program=low bvar=fsync
1772707621055916015 PROBE_B_START program=low bvar=fsync
1772707621109222628 PROBE_B_END program=low bvar=fsync
1772707621312040316 PROBE_B_START program=low bvar=fsync
1772707621359592713 PROBE_B_END program=low bvar=fsync
1772707621562519808 PROBE_B_START program=low bvar=fsync
1772707621607647959 PROBE_B_END program=low bvar=fsync
1772707621811333408 PROBE_B_START program=low bvar=fsync
1772707621867530379 PROBE_B_END program=low bvar=fsync
1772707622070327622 PROBE_B_START program=low bvar=fsync
1772707622119819967 PROBE_B_END program=low bvar=fsync
1772707622322645859 PROBE_B_START program=low bvar=fsync
1772707622381706261 PROBE_B_END program=low bvar=fsync
1772707622584606301 PROBE_B_START program=low bvar=fsync
1772707622637146301 PROBE_B_END program=low bvar=fsync
1772707622840987232 PROBE_B_START program=low bvar=fsync
1772707622895169605 PROBE_B_END program=low bvar=fsync
1772707623097998960 PROBE_B_START program=low bvar=fsync
1772707623148385066 PROBE_B_END program=low bvar=fsync
1772707623351264180 PROBE_B_START program=low bvar=fsync
1772707623400302913 PROBE_B_END program=low bvar=fsync
1772707623603255083 PROBE_B_START program=low bvar=fsync
1772707623650422553 PROBE_B_END program=low bvar=fsync
1772707623853223036 PROBE_B_START program=low bvar=fsync
1772707623902361992 PROBE_B_END program=low bvar=fsync
1772707624105363217 PROBE_B_START program=low bvar=fsync
1772707624155452304 PROBE_B_END program=low bvar=fsync
1772707624358157288 PROBE_B_START program=low bvar=fsync
1772707624407812597 PROBE_B_END program=low bvar=fsync
1772707624610693914 PROBE_B_START program=low bvar=fsync
1772707624708358379 PROBE_B_END program=low bvar=fsync
1772707624911993161 PROBE_B_START program=low bvar=fsync
1772707624970431248 PROBE_B_END program=low bvar=fsync
1772707625173167546 PROBE_B_START program=low bvar=fsync
1772707625225422471 PROBE_B_END program=low bvar=fsync
1772707625428343289 PROBE_B_START program=low bvar=fsync
1772707625480913955 PROBE_B_END program=low bvar=fsync
1772707625683814754 PROBE_B_START program=low bvar=fsync
1772707625737469923 PROBE_B_END program=low bvar=fsync
1772707625940392499 PROBE_B_START program=low bvar=fsync
1772707625993603649 PROBE_B_END program=low bvar=fsync
1772707626196426540 PROBE_B_START program=low bvar=fsync
1772707626849157307 PROBE_B_END program=low bvar=fsync
1772707627052069901 PROBE_B_START program=low bvar=fsync
1772707627226451344 PROBE_B_END program=low bvar=fsync
1772707627429241327 PROBE_B_START program=low bvar=fsync
1772707627516411937 PROBE_B_END program=low bvar=fsync
1772707627719190735 PROBE_B_START program=low bvar=fsync
1772707627821670877 PROBE_B_END program=low bvar=fsync
1772707628025061159 PROBE_B_START program=low bvar=fsync
1772707628108337353 PROBE_B_END program=low bvar=fsync
1772707628311021410 PROBE_B_START program=low bvar=fsync
1772707628358622899 PROBE_B_END program=low bvar=fsync
1772707628561582587 PROBE_B_START program=low bvar=fsync
1772707628612250175 PROBE_B_END program=low bvar=fsync
1772707628815280252 PROBE_B_START program=low bvar=fsync
1772707628863746373 PROBE_B_END program=low bvar=fsync
1772707629067449358 PROBE_B_START program=low bvar=fsync
1772707629140969569 PROBE_B_END program=low bvar=fsync
1772707629344336868 PROBE_B_START program=low bvar=fsync
1772707629393273379 PROBE_B_END program=low bvar=fsync
1772707629602208393 PROBE_B_START program=low bvar=fsync
1772707629652710611 PROBE_B_END program=low bvar=fsync
1772707629855920651 PROBE_B_START program=low bvar=fsync
1772707629990028823 PROBE_B_END program=low bvar=fsync
1772707630192681139 PROBE_B_START program=low bvar=fsync
1772707630243776487 PROBE_B_END program=low bvar=fsync
1772707630446688452 PROBE_B_START program=low bvar=fsync
1772707630581655070 PROBE_B_END program=low bvar=fsync
1772707630784672961 PROBE_B_START program=low bvar=fsync
1772707630890421036 PROBE_B_END program=low bvar=fsync
1772707631093388779 PROBE_B_START program=low bvar=fsync
1772707631152563108 PROBE_B_END program=low bvar=fsync
1772707631355429924 PROBE_B_START program=low bvar=fsync
1772707631405032640 PROBE_B_END program=low bvar=fsync
1772707631607820290 PROBE_B_START program=low bvar=fsync
1772707631655502094 PROBE_B_END program=low bvar=fsync
1772707631858351633 PROBE_B_START program=low bvar=fsync
1772707631926660981 PROBE_B_END program=low bvar=fsync
1772707632129488260 PROBE_B_START program=low bvar=fsync
1772707632178910864 PROBE_B_END program=low bvar=fsync
1772707632381938533 PROBE_B_START program=low bvar=fsync
1772707632429214188 PROBE_B_END program=low bvar=fsync
1772707632632026616 PROBE_B_START program=low bvar=fsync
1772707632680862645 PROBE_B_END program=low bvar=fsync
1772707632883701628 PROBE_B_START program=low bvar=fsync
1772707632931007524 PROBE_B_END program=low bvar=fsync
1772707633133908581 PROBE_B_START program=low bvar=fsync
1772707633183372667 PROBE_B_END program=low bvar=fsync
1772707633386245928 PROBE_B_START program=low bvar=fsync
1772707633435784569 PROBE_B_END program=low bvar=fsync
1772707633638523033 PROBE_B_START program=low bvar=fsync
1772707633687500174 PROBE_B_END program=low bvar=fsync
1772707633890316842 PROBE_B_START program=low bvar=fsync
1772707633938749703 PROBE_B_END program=low bvar=fsync
1772707634141548612 PROBE_B_START program=low bvar=fsync
1772707634194345260 PROBE_B_END program=low bvar=fsync
1772707634397134577 PROBE_B_START program=low bvar=fsync
1772707634474159054 PROBE_B_END program=low bvar=fsync
1772707634676868722 PROBE_B_START program=low bvar=fsync
1772707634748673484 PROBE_B_END program=low bvar=fsync
1772707634951508708 PROBE_B_START program=low bvar=fsync
1772707635050672602 PROBE_B_END program=low bvar=fsync
1772707635253482548 PROBE_B_START program=low bvar=fsync
1772707635305313120 PROBE_B_END program=low bvar=fsync
1772707635508044214 PROBE_B_START program=low bvar=fsync
1772707635560690343 PROBE_B_END program=low bvar=fsync
1772707635763666863 PROBE_B_START program=low bvar=fsync
1772707635818215700 PROBE_B_END program=low bvar=fsync
1772707636020930813 PROBE_B_START program=low bvar=fsync
1772707636072410625 PROBE_B_END program=low bvar=fsync
1772707636275235959 PROBE_B_START program=low bvar=fsync
1772707636777087961 PROBE_B_END program=low bvar=fsync
1772707636979868925 PROBE_B_START program=low bvar=fsync
1772707637081074268 PROBE_B_END program=low bvar=fsync
1772707637283763954 PROBE_B_START program=low bvar=fsync
1772707637344314674 PROBE_B_END program=low bvar=fsync
1772707637547172434 PROBE_B_START program=low bvar=fsync
1772707637607686099 PROBE_B_END program=low bvar=fsync
1772707637811069379 PROBE_B_START program=low bvar=fsync
1772707637862058042 PROBE_B_END program=low bvar=fsync
1772707638064864876 PROBE_B_START program=low bvar=fsync
1772707638113230367 PROBE_B_END program=low bvar=fsync
1772707638316084220 PROBE_B_START program=low bvar=fsync
1772707638369094906 PROBE_B_END program=low bvar=fsync
1772707638571988888 PROBE_B_START program=low bvar=fsync
1772707638620493435 PROBE_B_END program=low bvar=fsync
1772707638823259399 PROBE_B_START program=low bvar=fsync
1772707638873778116 PROBE_B_END program=low bvar=fsync
1772707639076509432 PROBE_B_START program=low bvar=fsync
1772707639124651330 PROBE_B_END program=low bvar=fsync
1772707639327465127 PROBE_B_START program=low bvar=fsync
1772707639375480358 PROBE_B_END program=low bvar=fsync
1772707639578173081 PROBE_B_START program=low bvar=fsync
1772707639627991037 PROBE_B_END program=low bvar=fsync
1772707639830750816 PROBE_B_START program=low bvar=fsync
1772707639932939475 PROBE_B_END program=low bvar=fsync
1772707640135696198 PROBE_B_START program=low bvar=fsync
1772707640183721374 PROBE_B_END program=low bvar=fsync
1772707640386381245 PROBE_B_START program=low bvar=fsync
1772707640463953204 PROBE_B_END program=low bvar=fsync
1772707640666786242 PROBE_B_START program=low bvar=fsync
1772707640714943677 PROBE_B_END program=low bvar=fsync
1772707640917775122 PROBE_B_START program=low bvar=fsync
1772707640968223284 PROBE_B_END program=low bvar=fsync
1772707641171075507 PROBE_B_START program=low bvar=fsync
1772707641218835089 PROBE_B_END program=low bvar=fsync
1772707641421615571 PROBE_B_START program=low bvar=fsync
1772707641478781173 PROBE_B_END program=low bvar=fsync
1772707641681405655 PROBE_B_START program=low bvar=fsync
1772707641727325677 PROBE_B_END program=low bvar=fsync
1772707641930048178 PROBE_B_START program=low bvar=fsync
1772707641978073057 PROBE_B_END program=low bvar=fsync
1772707642180894039 PROBE_B_START program=low bvar=fsync
1772707642228072471 PROBE_B_END program=low bvar=fsync
1772707642430761268 PROBE_B_START program=low bvar=fsync
1772707642482967396 PROBE_B_END program=low bvar=fsync
1772707642685669564 PROBE_B_START program=low bvar=fsync
1772707642732067420 PROBE_B_END program=low bvar=fsync
1772707642934753532 PROBE_B_START program=low bvar=fsync
1772707642984743674 PROBE_B_END program=low bvar=fsync
1772707643187542823 PROBE_B_START program=low bvar=fsync
1772707643237189705 PROBE_B_END program=low bvar=fsync
1772707643439922946 PROBE_B_START program=low bvar=fsync
1772707643493955319 PROBE_B_END program=low bvar=fsync
1772707643696554579 PROBE_B_START program=low bvar=fsync
1772707643744140456 PROBE_B_END program=low bvar=fsync
1772707643946789716 PROBE_B_START program=low bvar=fsync
1772707644045814313 PROBE_B_END program=low bvar=fsync
1772707644248511165 PROBE_B_START program=low bvar=fsync
1772707644299899273 PROBE_B_END program=low bvar=fsync
1772707644502660959 PROBE_B_START program=low bvar=fsync
1772707644549708854 PROBE_B_END program=low bvar=fsync
1772707644752454928 PROBE_B_START program=low bvar=fsync
1772707644801778403 PROBE_B_END program=low bvar=fsync
1772707645004561366 PROBE_B_START program=low bvar=fsync
1772707645055489029 PROBE_B_END program=low bvar=fsync
1772707645258763919 PROBE_B_START program=low bvar=fsync
1772707645308256356 PROBE_B_END program=low bvar=fsync
1772707645511009764 PROBE_B_START program=low bvar=fsync
1772707645563808616 PROBE_B_END program=low bvar=fsync
1772707645766711005 PROBE_B_START program=low bvar=fsync
1772707645819012578 PROBE_B_END program=low bvar=fsync
1772707646021820930 PROBE_B_START program=low bvar=fsync
1772707646074689338 PROBE_B_END program=low bvar=fsync
1772707646277499394 PROBE_B_START program=low bvar=fsync
1772707646329510281 PROBE_B_END program=low bvar=fsync
1772707646532276281 PROBE_B_START program=low bvar=fsync
1772707646585076633 PROBE_B_END program=low bvar=fsync
1772707646788098263 PROBE_B_START program=low bvar=fsync
1772707646837326904 PROBE_B_END program=low bvar=fsync
1772707647040045237 PROBE_B_START program=low bvar=fsync
1772707647094714037 PROBE_B_END program=low bvar=fsync
1772707647297690371 PROBE_B_START program=low bvar=fsync
1772707647532033697 PROBE_B_END program=low bvar=fsync
1772707647734686234 PROBE_B_START program=low bvar=fsync
1772707647786603713 PROBE_B_END program=low bvar=fsync
1772707647989409991 PROBE_B_START program=low bvar=fsync
1772707648037958815 PROBE_B_END program=low bvar=fsync
1772707648240710334 PROBE_B_START program=low bvar=fsync
1772707648296938859 PROBE_B_END program=low bvar=fsync
1772707648499691637 PROBE_B_START program=low bvar=fsync
1772707648547747868 PROBE_B_END program=low bvar=fsync
1772707648750340182 PROBE_B_START program=low bvar=fsync
1772707649117520546 PROBE_B_END program=low bvar=fsync
1772707649320271750 PROBE_B_START program=low bvar=fsync
1772707649454699939 PROBE_B_END program=low bvar=fsync
1772707649657403791 PROBE_B_START program=low bvar=fsync
1772707649729633295 PROBE_B_END program=low bvar=fsync
1772707649932445536 PROBE_B_START program=low bvar=fsync
1772707649993137700 PROBE_B_END program=low bvar=fsync
1772707650195820089 PROBE_B_START program=low bvar=fsync
1772707650246064287 PROBE_B_END program=low bvar=fsync
1772707650448755786 PROBE_B_START program=low bvar=fsync
1772707650499554115 PROBE_B_END program=low bvar=fsync
1772707650702271115 PROBE_B_START program=low bvar=fsync
1772707650752223146 PROBE_B_END program=low bvar=fsync
1772707650955157776 PROBE_B_START program=low bvar=fsync
1772707651054899263 PROBE_B_END program=low bvar=fsync
1772707651257634800 PROBE_B_START program=low bvar=fsync
1772707651310240984 PROBE_B_END program=low bvar=fsync
1772707651512967317 PROBE_B_START program=low bvar=fsync
1772707651563247627 PROBE_B_END program=low bvar=fsync
1772707651766004700 PROBE_B_START program=low bvar=fsync
1772707651819005256 PROBE_B_END program=low bvar=fsync
1772707652021750682 PROBE_B_START program=low bvar=fsync
1772707652073689069 PROBE_B_END program=low bvar=fsync
1772707652276540735 PROBE_B_START program=low bvar=fsync
1772707652330070921 PROBE_B_END program=low bvar=fsync
1772707652532830421 PROBE_B_START program=low bvar=fsync
1772707652586955275 PROBE_B_END program=low bvar=fsync
1772707652789707905 PROBE_B_START program=low bvar=fsync
1772707652840626123 PROBE_B_END program=low bvar=fsync
1772707653043368678 PROBE_B_START program=low bvar=fsync
1772707653093811025 PROBE_B_END program=low bvar=fsync
1772707653296654932 PROBE_B_START program=low bvar=fsync
1772707653346623240 PROBE_B_END program=low bvar=fsync
1772707653549441092 PROBE_B_START program=low bvar=fsync
1772707653643662660 PROBE_B_END program=low bvar=fsync
1772707653846938290 PROBE_B_START program=low bvar=fsync
1772707653896812321 PROBE_B_END program=low bvar=fsync
1772707654099498098 PROBE_B_START program=low bvar=fsync
1772707654147346198 PROBE_B_END program=low bvar=fsync
1772707654350091068 PROBE_B_START program=low bvar=fsync
1772707654400556470 PROBE_B_END program=low bvar=fsync
1772707654603406470 PROBE_B_START program=low bvar=fsync
1772707654657990140 PROBE_B_END program=low bvar=fsync
1772707654860699973 PROBE_B_START program=low bvar=fsync
1772707654910294318 PROBE_B_END program=low bvar=fsync
1772707655113127965 PROBE_B_START program=low bvar=fsync
1772707655161882494 PROBE_B_END program=low bvar=fsync
1772707655364660697 PROBE_B_START program=low bvar=fsync
1772707655412762557 PROBE_B_END program=low bvar=fsync
1772707655615553538 PROBE_B_START program=low bvar=fsync
1772707655662821841 PROBE_B_END program=low bvar=fsync
1772707655865586285 PROBE_B_START program=low bvar=fsync
1772707655916596910 PROBE_B_END program=low bvar=fsync
1772707656119680021 PROBE_B_START program=low bvar=fsync
1772707656169211292 PROBE_B_END program=low bvar=fsync
1772707656371980995 PROBE_B_START program=low bvar=fsync
1772707656421527599 PROBE_B_END program=low bvar=fsync
1772707656624343691 PROBE_B_START program=low bvar=fsync
1772707656673087478 PROBE_B_END program=low bvar=fsync
1772707656875922885 PROBE_B_START program=low bvar=fsync
1772707656927685142 PROBE_B_END program=low bvar=fsync
1772707657130595252 PROBE_B_START program=low bvar=fsync
1772707657180421727 PROBE_B_END program=low bvar=fsync
1772707657383174393 PROBE_B_START program=low bvar=fsync
1772707657437787267 PROBE_B_END program=low bvar=fsync
1772707657640590803 PROBE_B_START program=low bvar=fsync
1772707657696475309 PROBE_B_END program=low bvar=fsync
1772707657899197623 PROBE_B_START program=low bvar=fsync
1772707657948972487 PROBE_B_END program=low bvar=fsync
1772707658151695930 PROBE_B_START program=low bvar=fsync
1772707658251381880 PROBE_B_END program=low bvar=fsync
1772707658454068768 PROBE_B_START program=low bvar=fsync
1772707658870229085 PROBE_B_END program=low bvar=fsync
1772707659073039917 PROBE_B_START program=low bvar=fsync
1772707659146006385 PROBE_B_END program=low bvar=fsync
1772707659348672717 PROBE_B_START program=low bvar=fsync
1772707659409129807 PROBE_B_END program=low bvar=fsync
1772707659611965547 PROBE_B_START program=low bvar=fsync
1772707659661358002 PROBE_B_END program=low bvar=fsync
1772707659864074668 PROBE_B_START program=low bvar=fsync
1772707659914274088 PROBE_B_END program=low bvar=fsync
1772707660117098717 PROBE_B_START program=low bvar=fsync
1772707660164618409 PROBE_B_END program=low bvar=fsync
1772707660367391278 PROBE_B_START program=low bvar=fsync
1772707660417753199 PROBE_B_END program=low bvar=fsync
1772707660620520605 PROBE_B_START program=low bvar=fsync
1772707660675724647 PROBE_B_END program=low bvar=fsync
1772707660878417831 PROBE_B_START program=low bvar=fsync
1772707660929011214 PROBE_B_END program=low bvar=fsync
1772707661131880306 PROBE_B_START program=low bvar=fsync
1772707661181910689 PROBE_B_END program=low bvar=fsync
1772707661384596502 PROBE_B_START program=low bvar=fsync
1772707661435051071 PROBE_B_END program=low bvar=fsync
1772707661637817459 PROBE_B_START program=low bvar=fsync
1772707661686096912 PROBE_B_END program=low bvar=fsync
1772707661888761151 PROBE_B_START program=low bvar=fsync
1772707661935797657 PROBE_B_END program=low bvar=fsync
1772707662138606675 PROBE_B_START program=low bvar=fsync
1772707662187857852 PROBE_B_END program=low bvar=fsync
1772707662390539387 PROBE_B_START program=low bvar=fsync
1772707662487892888 PROBE_B_END program=low bvar=fsync
1772707662690676442 PROBE_B_START program=low bvar=fsync
1772707662741015436 PROBE_B_END program=low bvar=fsync
1772707662943898676 PROBE_B_START program=low bvar=fsync
1772707662992296611 PROBE_B_END program=low bvar=fsync
1772707663194858276 PROBE_B_START program=low bvar=fsync
1772707663247439923 PROBE_B_END program=low bvar=fsync
1772707663450232885 PROBE_B_START program=low bvar=fsync
1772707663497626465 PROBE_B_END program=low bvar=fsync
1772707663700644891 PROBE_B_START program=low bvar=fsync
1772707663753880521 PROBE_B_END program=low bvar=fsync
1772707663956765316 PROBE_B_START program=low bvar=fsync
1772707664003911452 PROBE_B_END program=low bvar=fsync
1772707664206799543 PROBE_B_START program=low bvar=fsync
1772707664257019019 PROBE_B_END program=low bvar=fsync
1772707664459759610 PROBE_B_START program=low bvar=fsync
1772707664506549467 PROBE_B_END program=low bvar=fsync
1772707664709450521 PROBE_B_START program=low bvar=fsync
1772707664757594326 PROBE_B_END program=low bvar=fsync
1772707664960365621 PROBE_B_START program=low bvar=fsync
1772707665011397839 PROBE_B_END program=low bvar=fsync
1772707665214868672 PROBE_B_START program=low bvar=fsync
1772707665264600239 PROBE_B_END program=low bvar=fsync
1772707665467397442 PROBE_B_START program=low bvar=fsync
1772707665516705693 PROBE_B_END program=low bvar=fsync
1772707665719567784 PROBE_B_START program=low bvar=fsync
1772707665815565578 PROBE_B_END program=low bvar=fsync
1772707666018337799 PROBE_B_START program=low bvar=fsync
1772707666067535105 PROBE_B_END program=low bvar=fsync
1772707666270730493 PROBE_B_START program=low bvar=fsync
1772707666321698674 PROBE_B_END program=low bvar=fsync
1772707666524527228 PROBE_B_START program=low bvar=fsync
1772707666575119982 PROBE_B_END program=low bvar=fsync
1772707666777904129 PROBE_B_START program=low bvar=fsync
1772707666830515609 PROBE_B_END program=low bvar=fsync
1772707667033377756 PROBE_B_START program=low bvar=fsync
1772707667078220924 PROBE_B_END program=low bvar=fsync
1772707667281505424 PROBE_B_START program=low bvar=fsync
1772707667344618945 PROBE_B_END program=low bvar=fsync
1772707667547597240 PROBE_B_START program=low bvar=fsync
1772707667600994759 PROBE_B_END program=low bvar=fsync
1772707667803809757 PROBE_B_START program=low bvar=fsync
1772707667855873829 PROBE_B_END program=low bvar=fsync
1772707668058747513 PROBE_B_START program=low bvar=fsync
1772707668108672265 PROBE_B_END program=low bvar=fsync
1772707668311923524 PROBE_B_START program=low bvar=fsync
1772707668951872604 PROBE_B_END program=low bvar=fsync
1772707669154771713 PROBE_B_START program=low bvar=fsync
1772707670174031697 PROBE_B_END program=low bvar=fsync
1772707670376991195 PROBE_B_START program=low bvar=fsync
1772707671375098227 PROBE_B_END program=low bvar=fsync
1772707671578003651 PROBE_B_START program=low bvar=fsync
1772707672621564388 PROBE_B_END program=low bvar=fsync
1772707672824379775 PROBE_B_START program=low bvar=fsync
1772707672874261935 PROBE_B_END program=low bvar=fsync
1772707673077446360 PROBE_B_START program=low bvar=fsync
1772707673125788183 PROBE_B_END program=low bvar=fsync
1772707673328747496 PROBE_B_START program=low bvar=fsync
1772707673379067045 PROBE_B_END program=low bvar=fsync
1772707673582121655 PROBE_B_START program=low bvar=fsync
1772707673633329947 PROBE_B_END program=low bvar=fsync
1772707673836060130 PROBE_B_START program=low bvar=fsync
1772707673933212518 PROBE_B_END program=low bvar=fsync
1772707674136061350 PROBE_B_START program=low bvar=fsync
1772707674184375247 PROBE_B_END program=low bvar=fsync
1772707674387156485 PROBE_B_START program=low bvar=fsync
1772707674439114909 PROBE_B_END program=low bvar=fsync
1772707674641684943 PROBE_B_START program=low bvar=fsync
1772707674695871279 PROBE_B_END program=low bvar=fsync
1772707674898637999 PROBE_B_START program=low bvar=fsync
1772707674951082534 PROBE_B_END program=low bvar=fsync
1772707675153953791 PROBE_B_START program=low bvar=fsync
1772707675202028151 PROBE_B_END program=low bvar=fsync
1772707675404835427 PROBE_B_START program=low bvar=fsync
1772707675457012091 PROBE_B_END program=low bvar=fsync
1772707675659599514 PROBE_B_START program=low bvar=fsync
1772707675709914601 PROBE_B_END program=low bvar=fsync
1772707675912640043 PROBE_B_START program=low bvar=fsync
1772707675960915366 PROBE_B_END program=low bvar=fsync
1772707676163738827 PROBE_B_START program=low bvar=fsync
1772707676212021576 PROBE_B_END program=low bvar=fsync
1772707676414786481 PROBE_B_START program=low bvar=fsync
1772707676506895284 PROBE_B_END program=low bvar=fsync
1772707676709524411 PROBE_B_START program=low bvar=fsync
1772707676759306533 PROBE_B_END program=low bvar=fsync
1772707676961947772 PROBE_B_START program=low bvar=fsync
1772707677009946187 PROBE_B_END program=low bvar=fsync
1772707677212778536 PROBE_B_START program=low bvar=fsync
1772707677262217584 PROBE_B_END program=low bvar=fsync
1772707677464911859 PROBE_B_START program=low bvar=fsync
1772707677515140204 PROBE_B_END program=low bvar=fsync
1772707677717809072 PROBE_B_START program=low bvar=fsync
1772707677765533338 PROBE_B_END program=low bvar=fsync
1772707677968306595 PROBE_B_START program=low bvar=fsync
1772707678017853495 PROBE_B_END program=low bvar=fsync
1772707678220717659 PROBE_B_START program=low bvar=fsync
1772707678269481465 PROBE_B_END program=low bvar=fsync
1772707678472439481 PROBE_B_START program=low bvar=fsync
1772707678523277032 PROBE_B_END program=low bvar=fsync
1772707678726179955 PROBE_B_START program=low bvar=fsync
1772707678776183226 PROBE_B_END program=low bvar=fsync
1772707678978906390 PROBE_B_START program=low bvar=fsync
1772707679030644165 PROBE_B_END program=low bvar=fsync
1772707679233519033 PROBE_B_START program=low bvar=fsync
1772707679287405219 PROBE_B_END program=low bvar=fsync
1772707679490273180 PROBE_B_START program=low bvar=fsync
1772707679541126101 PROBE_B_END program=low bvar=fsync
1772707679744041339 PROBE_B_START program=low bvar=fsync
1772707679838738315 PROBE_B_END program=low bvar=fsync
1772707680041456664 PROBE_B_START program=low bvar=fsync
1772707680096476667 PROBE_B_END program=low bvar=fsync
1772707680299191257 PROBE_B_START program=low bvar=fsync
1772707680351898793 PROBE_B_END program=low bvar=fsync
1772707680554606809 PROBE_B_START program=low bvar=fsync
1772707680608438366 PROBE_B_END program=low bvar=fsync
1772707680811361215 PROBE_B_START program=low bvar=fsync
1772707681420783468 PROBE_B_END program=low bvar=fsync
1772707681623602188 PROBE_B_START program=low bvar=fsync
1772707681769463196 PROBE_B_END program=low bvar=fsync
1772707681972390230 PROBE_B_START program=low bvar=fsync
1772707682030504277 PROBE_B_END program=low bvar=fsync
1772707682233389645 PROBE_B_START program=low bvar=fsync
1772707682296091091 PROBE_B_END program=low bvar=fsync
1772707682498820736 PROBE_B_START program=low bvar=fsync
1772707682556649393 PROBE_B_END program=low bvar=fsync
1772707682759608576 PROBE_B_START program=low bvar=fsync
1772707682811200036 PROBE_B_END program=low bvar=fsync
1772707683014071237 PROBE_B_START program=low bvar=fsync
1772707683066479216 PROBE_B_END program=low bvar=fsync
1772707683269385658 PROBE_B_START program=low bvar=fsync
1772707683318367519 PROBE_B_END program=low bvar=fsync
1772707683521253887 PROBE_B_START program=low bvar=fsync
1772707683570769009 PROBE_B_END program=low bvar=fsync
1772707683773614024 PROBE_B_START program=low bvar=fsync
1772707683868573297 PROBE_B_END program=low bvar=fsync
1772707684071100312 PROBE_B_START program=low bvar=fsync
1772707684120693582 PROBE_B_END program=low bvar=fsync
1772707684323454338 PROBE_B_START program=low bvar=fsync
1772707684375059519 PROBE_B_END program=low bvar=fsync
1772707684577945424 PROBE_B_START program=low bvar=fsync
1772707684628174918 PROBE_B_END program=low bvar=fsync
1772707684830838692 PROBE_B_START program=low bvar=fsync
1772707684880542833 PROBE_B_END program=low bvar=fsync
1772707685083316126 PROBE_B_START program=low bvar=fsync
1772707685132089802 PROBE_B_END program=low bvar=fsync
1772707685334815150 PROBE_B_START program=low bvar=fsync
1772707685385255866 PROBE_B_END program=low bvar=fsync
1772707685588072160 PROBE_B_START program=low bvar=fsync
1772707685636910947 PROBE_B_END program=low bvar=fsync
1772707685839674721 PROBE_B_START program=low bvar=fsync
1772707685890458494 PROBE_B_END program=low bvar=fsync
1772707686093718529 PROBE_B_START program=low bvar=fsync
1772707686141004961 PROBE_B_END program=low bvar=fsync
1772707686343792328 PROBE_B_START program=low bvar=fsync
1772707686394996453 PROBE_B_END program=low bvar=fsync
1772707686597944617 PROBE_B_START program=low bvar=fsync
1772707686645709624 PROBE_B_END program=low bvar=fsync
1772707686848433620 PROBE_B_START program=low bvar=fsync
1772707686897903260 PROBE_B_END program=low bvar=fsync
1772707687100628164 PROBE_B_START program=low bvar=fsync
1772707687194752675 PROBE_B_END program=low bvar=fsync
1772707687397487561 PROBE_B_START program=low bvar=fsync
1772707687450192763 PROBE_B_END program=low bvar=fsync
1772707687652849315 PROBE_B_START program=low bvar=fsync
1772707687701185546 PROBE_B_END program=low bvar=fsync
1772707687903913616 PROBE_B_START program=low bvar=fsync
1772707687956383300 PROBE_B_END program=low bvar=fsync
1772707688159957779 PROBE_B_START program=low bvar=fsync
1772707688207943917 PROBE_B_END program=low bvar=fsync
1772707688410693080 PROBE_B_START program=low bvar=fsync
1772707688463816413 PROBE_B_END program=low bvar=fsync
1772707688666490390 PROBE_B_START program=low bvar=fsync
1772707688716321383 PROBE_B_END program=low bvar=fsync
1772707688919149528 PROBE_B_START program=low bvar=fsync
1772707688974036679 PROBE_B_END program=low bvar=fsync
1772707689176882620 PROBE_B_START program=low bvar=fsync
1772707689276251439 PROBE_B_END program=low bvar=fsync
1772707689479007842 PROBE_B_START program=low bvar=fsync
1772707689532404417 PROBE_B_END program=low bvar=fsync
1772707689735198432 PROBE_B_START program=low bvar=fsync
1772707689786954743 PROBE_B_END program=low bvar=fsync
1772707689989817833 PROBE_B_START program=low bvar=fsync
1772707690041938608 PROBE_B_END program=low bvar=fsync
1772707690244779956 PROBE_B_START program=low bvar=fsync
1772707690295466877 PROBE_B_END program=low bvar=fsync
1772707690498285743 PROBE_B_START program=low bvar=fsync
1772707691150565009 PROBE_B_END program=low bvar=fsync
1772707691353363006 PROBE_B_START program=low bvar=fsync
1772707691829760590 PROBE_B_END program=low bvar=fsync
1772707692032947995 PROBE_B_START program=low bvar=fsync
1772707692097679111 PROBE_B_END program=low bvar=fsync
1772707692300534645 PROBE_B_START program=low bvar=fsync
1772707692379095253 PROBE_B_END program=low bvar=fsync
1772707692581956953 PROBE_B_START program=low bvar=fsync
1772707692701923128 PROBE_B_END program=low bvar=fsync
1772707692904678958 PROBE_B_START program=low bvar=fsync
1772707692965068639 PROBE_B_END program=low bvar=fsync
1772707693167814080 PROBE_B_START program=low bvar=fsync
1772707693226412368 PROBE_B_END program=low bvar=fsync
1772707693429151753 PROBE_B_START program=low bvar=fsync
1772707693482837087 PROBE_B_END program=low bvar=fsync
1772707693685684935 PROBE_B_START program=low bvar=fsync
1772707693738850954 PROBE_B_END program=low bvar=fsync
1772707693941713376 PROBE_B_START program=low bvar=fsync
1772707693995361358 PROBE_B_END program=low bvar=fsync
1772707694198175298 PROBE_B_START program=low bvar=fsync
1772707694249943499 PROBE_B_END program=low bvar=fsync
1772707694452780551 PROBE_B_START program=low bvar=fsync
1772707694508108925 PROBE_B_END program=low bvar=fsync
1772707694710821532 PROBE_B_START program=low bvar=fsync
1772707694760433543 PROBE_B_END program=low bvar=fsync
1772707694963415298 PROBE_B_START program=low bvar=fsync
1772707695011555343 PROBE_B_END program=low bvar=fsync
1772707695214811136 PROBE_B_START program=low bvar=fsync
1772707695262884385 PROBE_B_END program=low bvar=fsync
1772707695465711103 PROBE_B_START program=low bvar=fsync
1772707695514489593 PROBE_B_END program=low bvar=fsync
1772707695717242756 PROBE_B_START program=low bvar=fsync
1772707695765509764 PROBE_B_END program=low bvar=fsync
1772707695968335204 PROBE_B_START program=low bvar=fsync
1772707696064928053 PROBE_B_END program=low bvar=fsync
1772707696267806549 PROBE_B_START program=low bvar=fsync
1772707696316173724 PROBE_B_END program=low bvar=fsync
1772707696519104017 PROBE_B_START program=low bvar=fsync
1772707696570598624 PROBE_B_END program=low bvar=fsync
1772707696773405009 PROBE_B_START program=low bvar=fsync
1772707696821625146 PROBE_B_END program=low bvar=fsync
1772707697024673346 PROBE_B_START program=low bvar=fsync
1772707697073087151 PROBE_B_END program=low bvar=fsync
1772707697276402925 PROBE_B_START program=low bvar=fsync
1772707697328818645 PROBE_B_END program=low bvar=fsync
1772707697531762734 PROBE_B_START program=low bvar=fsync
1772707697579189981 PROBE_B_END program=low bvar=fsync
1772707697782016477 PROBE_B_START program=low bvar=fsync
1772707697837179851 PROBE_B_END program=low bvar=fsync
1772707698039963032 PROBE_B_START program=low bvar=fsync
1772707698087910150 PROBE_B_END program=low bvar=fsync
1772707698291260258 PROBE_B_START program=low bvar=fsync
1772707698344458110 PROBE_B_END program=low bvar=fsync
1772707698547245050 PROBE_B_START program=low bvar=fsync
1772707698594584426 PROBE_B_END program=low bvar=fsync
1772707698797371644 PROBE_B_START program=low bvar=fsync
1772707698846881988 PROBE_B_END program=low bvar=fsync
1772707699049725169 PROBE_B_START program=low bvar=fsync
1772707699097056971 PROBE_B_END program=low bvar=fsync
1772707699299787318 PROBE_B_START program=low bvar=fsync
1772707699395682295 PROBE_B_END program=low bvar=fsync
1772707699598355087 PROBE_B_START program=low bvar=fsync
1772707699647396060 PROBE_B_END program=low bvar=fsync
1772707699850208426 PROBE_B_START program=low bvar=fsync
1772707699903181665 PROBE_B_END program=low bvar=fsync
1772707700105907346 PROBE_B_START program=low bvar=fsync
1772707700158422381 PROBE_B_END program=low bvar=fsync
1772707700362225046 PROBE_B_START program=low bvar=fsync
1772707700412740577 PROBE_B_END program=low bvar=fsync
1772707700615459609 PROBE_B_START program=low bvar=fsync
1772707700670956873 PROBE_B_END program=low bvar=fsync
1772707700873706072 PROBE_B_START program=low bvar=fsync
1772707700927357091 PROBE_B_END program=low bvar=fsync
1772707701130115679 PROBE_B_START program=low bvar=fsync
1772707701183048678 PROBE_B_END program=low bvar=fsync
1772707701386545212 PROBE_B_START program=low bvar=fsync
1772707702111076032 PROBE_B_END program=low bvar=fsync
1772707702313793861 PROBE_B_START program=low bvar=fsync
1772707703260476754 PROBE_B_END program=low bvar=fsync
1772707703463870047 PROBE_B_START program=low bvar=fsync
1772707703518378160 PROBE_B_END program=low bvar=fsync
1772707703721166655 PROBE_B_START program=low bvar=fsync
1772707703769480145 PROBE_B_END program=low bvar=fsync
1772707703972217806 PROBE_B_START program=low bvar=fsync
1772707704022869597 PROBE_B_END program=low bvar=fsync
1772707704225643240 PROBE_B_START program=low bvar=fsync
1772707704275842493 PROBE_B_END program=low bvar=fsync
1772707704478595321 PROBE_B_START program=low bvar=fsync
1772707704579734772 PROBE_B_END program=low bvar=fsync
1772707704782436323 PROBE_B_START program=low bvar=fsync
1772707704832268389 PROBE_B_END program=low bvar=fsync
1772707705035050736 PROBE_B_START program=low bvar=fsync
1772707705085391304 PROBE_B_END program=low bvar=fsync
1772707705288109484 PROBE_B_START program=low bvar=fsync
1772707705384784426 PROBE_B_END program=low bvar=fsync
1772707705587440569 PROBE_B_START program=low bvar=fsync
1772707705635786817 PROBE_B_END program=low bvar=fsync
1772707705838567312 PROBE_B_START program=low bvar=fsync
1772707705886802487 PROBE_B_END program=low bvar=fsync
1772707706089668612 PROBE_B_START program=low bvar=fsync
1772707706137716359 PROBE_B_END program=low bvar=fsync
1772707706340571466 PROBE_B_START program=low bvar=fsync
1772707706392356740 PROBE_B_END program=low bvar=fsync
1772707706595316569 PROBE_B_START program=low bvar=fsync
1772707706643852707 PROBE_B_END program=low bvar=fsync
1772707706846646498 PROBE_B_START program=low bvar=fsync
1772707706898238179 PROBE_B_END program=low bvar=fsync
1772707707101090082 PROBE_B_START program=low bvar=fsync
1772707707148682255 PROBE_B_END program=low bvar=fsync
1772707707351441824 PROBE_B_START program=low bvar=fsync
1772707707403250654 PROBE_B_END program=low bvar=fsync
1772707707606531409 PROBE_B_START program=low bvar=fsync
1772707707654126008 PROBE_B_END program=low bvar=fsync
1772707707856817188 PROBE_B_START program=low bvar=fsync
1772707707912798063 PROBE_B_END program=low bvar=fsync
1772707708115625244 PROBE_B_START program=low bvar=fsync
1772707708164626105 PROBE_B_END program=low bvar=fsync
1772707708367424007 PROBE_B_START program=low bvar=fsync
1772707708419069355 PROBE_B_END program=low bvar=fsync
1772707708621844165 PROBE_B_START program=low bvar=fsync
1772707708671326897 PROBE_B_END program=low bvar=fsync
1772707708874043521 PROBE_B_START program=low bvar=fsync
1772707708923237346 PROBE_B_END program=low bvar=fsync
1772707709125952933 PROBE_B_START program=low bvar=fsync
1772707709175336572 PROBE_B_END program=low bvar=fsync
1772707709378141438 PROBE_B_START program=low bvar=fsync
1772707709470771037 PROBE_B_END program=low bvar=fsync
1772707709674197422 PROBE_B_START program=low bvar=fsync
1772707709724445508 PROBE_B_END program=low bvar=fsync
1772707709927292077 PROBE_B_START program=low bvar=fsync
1772707709975775085 PROBE_B_END program=low bvar=fsync
1772707710178891970 PROBE_B_START program=low bvar=fsync
1772707710230501743 PROBE_B_END program=low bvar=fsync
1772707710433347016 PROBE_B_START program=low bvar=fsync
1772707710481788524 PROBE_B_END program=low bvar=fsync
1772707710684661723 PROBE_B_START program=low bvar=fsync
1772707710739132502 PROBE_B_END program=low bvar=fsync
1772707710941918868 PROBE_B_START program=low bvar=fsync
1772707710995443775 PROBE_B_END program=low bvar=fsync
1772707711198527826 PROBE_B_START program=low bvar=fsync
1772707711254056941 PROBE_B_END program=low bvar=fsync
1772707711456850954 PROBE_B_START program=low bvar=fsync
1772707711508416969 PROBE_B_END program=low bvar=fsync
1772707711711162797 PROBE_B_START program=low bvar=fsync
1772707711765455854 PROBE_B_END program=low bvar=fsync
1772707711968255626 PROBE_B_START program=low bvar=fsync
1772707712019262102 PROBE_B_END program=low bvar=fsync
1772707712221993023 PROBE_B_START program=low bvar=fsync
1772707712928093691 PROBE_B_END program=low bvar=fsync
1772707713130927871 PROBE_B_START program=low bvar=fsync
1772707713292655706 PROBE_B_END program=low bvar=fsync
1772707713495441497 PROBE_B_START program=low bvar=fsync
1772707713559281314 PROBE_B_END program=low bvar=fsync
1772707713762011920 PROBE_B_START program=low bvar=fsync
1772707713842539957 PROBE_B_END program=low bvar=fsync
1772707714045308730 PROBE_B_START program=low bvar=fsync
1772707714120245644 PROBE_B_END program=low bvar=fsync
1772707714323020898 PROBE_B_START program=low bvar=fsync
1772707714372651834 PROBE_B_END program=low bvar=fsync
1772707714575407366 PROBE_B_START program=low bvar=fsync
1772707714625100561 PROBE_B_END program=low bvar=fsync
1772707714827879130 PROBE_B_START program=low bvar=fsync
1772707714928723431 PROBE_B_END program=low bvar=fsync
1772707715131449944 PROBE_B_START program=low bvar=fsync
1772707715182951495 PROBE_B_END program=low bvar=fsync
1772707715385674434 PROBE_B_START program=low bvar=fsync
1772707715435872964 PROBE_B_END program=low bvar=fsync
1772707715638677199 PROBE_B_START program=low bvar=fsync
1772707715688404025 PROBE_B_END program=low bvar=fsync
1772707715893081393 PROBE_B_START program=low bvar=fsync
1772707715944349907 PROBE_B_END program=low bvar=fsync
1772707716147073105 PROBE_B_START program=low bvar=fsync
1772707716196468763 PROBE_B_END program=low bvar=fsync
1772707716399192479 PROBE_B_START program=low bvar=fsync
1772707716447730839 PROBE_B_END program=low bvar=fsync
1772707716650508296 PROBE_B_START program=low bvar=fsync
1772707716700104751 PROBE_B_END program=low bvar=fsync
1772707716904522582 PROBE_B_START program=low bvar=fsync
1772707716957357302 PROBE_B_END program=low bvar=fsync
1772707717160173797 PROBE_B_START program=low bvar=fsync
1772707717207026523 PROBE_B_END program=low bvar=fsync
1772707717409841555 PROBE_B_START program=low bvar=fsync
1772707717460589512 PROBE_B_END program=low bvar=fsync
1772707717663406284 PROBE_B_START program=low bvar=fsync
1772707717711642439 PROBE_B_END program=low bvar=fsync
1772707717914458323 PROBE_B_START program=low bvar=fsync
1772707717968419675 PROBE_B_END program=low bvar=fsync
1772707718171092465 PROBE_B_START program=low bvar=fsync
1772707718219829289 PROBE_B_END program=low bvar=fsync
1772707718422619227 PROBE_B_START program=low bvar=fsync
1772707718471485662 PROBE_B_END program=low bvar=fsync
1772707718674174119 PROBE_B_START program=low bvar=fsync
1772707718774071974 PROBE_B_END program=low bvar=fsync
1772707718977091950 PROBE_B_START program=low bvar=fsync
1772707719029184669 PROBE_B_END program=low bvar=fsync
1772707719232072626 PROBE_B_START program=low bvar=fsync
1772707719328226714 PROBE_B_END program=low bvar=fsync
1772707719530919708 PROBE_B_START program=low bvar=fsync
1772707719579260401 PROBE_B_END program=low bvar=fsync
1772707719782008617 PROBE_B_START program=low bvar=fsync
1772707719830551736 PROBE_B_END program=low bvar=fsync
1772707720036493848 PROBE_B_START program=low bvar=fsync
1772707720086143284 PROBE_B_END program=low bvar=fsync
1772707720288778666 PROBE_B_START program=low bvar=fsync
1772707720337880916 PROBE_B_END program=low bvar=fsync
1772707720540629558 PROBE_B_START program=low bvar=fsync
1772707720588457065 PROBE_B_END program=low bvar=fsync
1772707720791134929 PROBE_B_START program=low bvar=fsync
1772707720842364461 PROBE_B_END program=low bvar=fsync
1772707721045783975 PROBE_B_START program=low bvar=fsync
1772707721095811171 PROBE_B_END program=low bvar=fsync
1772707721298780036 PROBE_B_START program=low bvar=fsync
1772707721345850077 PROBE_B_END program=low bvar=fsync
1772707721548635331 PROBE_B_START program=low bvar=fsync
1772707721599682492 PROBE_B_END program=low bvar=fsync
1772707721802368004 PROBE_B_START program=low bvar=fsync
1772707721853234072 PROBE_B_END program=low bvar=fsync
1772707722055985807 PROBE_B_START program=low bvar=fsync
1772707722107548358 PROBE_B_END program=low bvar=fsync
1772707722310445871 PROBE_B_START program=low bvar=fsync
1772707722362310293 PROBE_B_END program=low bvar=fsync
1772707722565098694 PROBE_B_START program=low bvar=fsync
1772707722618968306 PROBE_B_END program=low bvar=fsync
1772707722821684485 PROBE_B_START program=low bvar=fsync
1772707722871904959 PROBE_B_END program=low bvar=fsync
1772707723074646008 PROBE_B_START program=low bvar=fsync
1772707723129765974 PROBE_B_END program=low bvar=fsync
1772707723332472486 PROBE_B_START program=low bvar=fsync
1772707723382009904 PROBE_B_END program=low bvar=fsync
1772707723584826546 PROBE_B_START program=low bvar=fsync
1772707723685037716 PROBE_B_END program=low bvar=fsync
1772707723887767006 PROBE_B_START program=low bvar=fsync
1772707724514252284 PROBE_B_END program=low bvar=fsync
1772707724716977888 PROBE_B_START program=low bvar=fsync
1772707724897696355 PROBE_B_END program=low bvar=fsync
1772707725100497312 PROBE_B_START program=low bvar=fsync
1772707725146559203 PROBE_B_END program=low bvar=fsync
1772707725349426345 PROBE_B_START program=low bvar=fsync
1772707725408918116 PROBE_B_END program=low bvar=fsync
1772707725611647110 PROBE_B_START program=low bvar=fsync
1772707725669831156 PROBE_B_END program=low bvar=fsync
1772707725873340429 PROBE_B_START program=low bvar=fsync
1772707725936038633 PROBE_B_END program=low bvar=fsync
1772707726139006701 PROBE_B_START program=low bvar=fsync
1772707726188995119 PROBE_B_END program=low bvar=fsync
1772707726391910428 PROBE_B_START program=low bvar=fsync
1772707726441599956 PROBE_B_END program=low bvar=fsync
1772707726644530265 PROBE_B_START program=low bvar=fsync
1772707726696668262 PROBE_B_END program=low bvar=fsync
1772707726899490829 PROBE_B_START program=low bvar=fsync
1772707726947376391 PROBE_B_END program=low bvar=fsync
1772707727150251885 PROBE_B_START program=low bvar=fsync
1772707727199366524 PROBE_B_END program=low bvar=fsync
1772707727402426240 PROBE_B_START program=low bvar=fsync
1772707727450855914 PROBE_B_END program=low bvar=fsync
1772707727653869408 PROBE_B_START program=low bvar=fsync
1772707727708031038 PROBE_B_END program=low bvar=fsync
1772707727911311163 PROBE_B_START program=low bvar=fsync
1772707727966717499 PROBE_B_END program=low bvar=fsync
1772707728169624160 PROBE_B_START program=low bvar=fsync
1772707728224699977 PROBE_B_END program=low bvar=fsync
1772707728427598897 PROBE_B_START program=low bvar=fsync
1772707728478435595 PROBE_B_END program=low bvar=fsync
1772707728681309551 PROBE_B_START program=low bvar=fsync
1772707728731748600 PROBE_B_END program=low bvar=fsync
1772707728935295965 PROBE_B_START program=low bvar=fsync
1772707729032163221 PROBE_B_END program=low bvar=fsync
1772707729235079140 PROBE_B_START program=low bvar=fsync
1772707729293055557 PROBE_B_END program=low bvar=fsync
1772707729495970809 PROBE_B_START program=low bvar=fsync
1772707729547204249 PROBE_B_END program=low bvar=fsync
1772707729750124964 PROBE_B_START program=low bvar=fsync
1772707729800413402 PROBE_B_END program=low bvar=fsync
1772707730003281543 PROBE_B_START program=low bvar=fsync
1772707730053331869 PROBE_B_END program=low bvar=fsync
1772707730256238770 PROBE_B_START program=low bvar=fsync
1772707730304531481 PROBE_B_END program=low bvar=fsync
1772707730507452493 PROBE_B_START program=low bvar=fsync
1772707730561010752 PROBE_B_END program=low bvar=fsync
1772707730763755911 PROBE_B_START program=low bvar=fsync
1772707730811608084 PROBE_B_END program=low bvar=fsync
1772707731014296077 PROBE_B_START program=low bvar=fsync
1772707731056730054 PROBE_B_END program=low bvar=fsync
1772707731259479195 PROBE_B_START program=low bvar=fsync
1772707731371002648 PROBE_B_END program=low bvar=fsync
1772707731573531789 PROBE_B_START program=low bvar=fsync
1772707731622678038 PROBE_B_END program=low bvar=fsync
1772707731825333290 PROBE_B_START program=low bvar=fsync
1772707731874412596 PROBE_B_END program=low bvar=fsync
1772707732077191052 PROBE_B_START program=low bvar=fsync
1772707732129196881 PROBE_B_END program=low bvar=fsync
1772707732332064189 PROBE_B_START program=low bvar=fsync
1772707732384673076 PROBE_B_END program=low bvar=fsync
1772707732587275346 PROBE_B_START program=low bvar=fsync
1772707732636245059 PROBE_B_END program=low bvar=fsync
1772707732838868570 PROBE_B_START program=low bvar=fsync
1772707732920825424 PROBE_B_END program=low bvar=fsync
1772707733123775177 PROBE_B_START program=low bvar=fsync
1772707733174712819 PROBE_B_END program=low bvar=fsync
1772707733377431460 PROBE_B_START program=low bvar=fsync
1772707733427937935 PROBE_B_END program=low bvar=fsync
1772707733630682372 PROBE_B_START program=low bvar=fsync
1772707734282682886 PROBE_B_END program=low bvar=fsync
1772707734485852361 PROBE_B_START program=low bvar=fsync
1772707734946572442 PROBE_B_END program=low bvar=fsync
1772707735149261472 PROBE_B_START program=low bvar=fsync
1772707735225083054 PROBE_B_END program=low bvar=fsync
1772707735427808788 PROBE_B_START program=low bvar=fsync
1772707735486823947 PROBE_B_END program=low bvar=fsync
1772707735689520680 PROBE_B_START program=low bvar=fsync
1772707735795503936 PROBE_B_END program=low bvar=fsync
1772707735998165854 PROBE_B_START program=low bvar=fsync
1772707736060608465 PROBE_B_END program=low bvar=fsync
1772707736263451328 PROBE_B_START program=low bvar=fsync
1772707736320379723 PROBE_B_END program=low bvar=fsync
1772707736523021827 PROBE_B_START program=low bvar=fsync
1772707736572183503 PROBE_B_END program=low bvar=fsync
1772707736774872828 PROBE_B_START program=low bvar=fsync
1772707736824599894 PROBE_B_END program=low bvar=fsync
1772707737027288016 PROBE_B_START program=low bvar=fsync
1772707737078866975 PROBE_B_END program=low bvar=fsync
1772707737281644078 PROBE_B_START program=low bvar=fsync
1772707737332318479 PROBE_B_END program=low bvar=fsync
1772707737534961249 PROBE_B_START program=low bvar=fsync
1772707737584154944 PROBE_B_END program=low bvar=fsync
1772707737786910269 PROBE_B_START program=low bvar=fsync
1772707737836498372 PROBE_B_END program=low bvar=fsync
1772707738039185994 PROBE_B_START program=low bvar=fsync
1772707738089037782 PROBE_B_END program=low bvar=fsync
1772707738291786904 PROBE_B_START program=low bvar=fsync
1772707738339479003 PROBE_B_END program=low bvar=fsync
1772707738542157884 PROBE_B_START program=low bvar=fsync
1772707738591119559 PROBE_B_END program=low bvar=fsync
1772707738793853459 PROBE_B_START program=low bvar=fsync
1772707738888309320 PROBE_B_END program=low bvar=fsync
1772707739091001794 PROBE_B_START program=low bvar=fsync
1772707739141554843 PROBE_B_END program=low bvar=fsync
1772707739344261150 PROBE_B_START program=low bvar=fsync
1772707739392002045 PROBE_B_END program=low bvar=fsync
1772707739594701593 PROBE_B_START program=low bvar=fsync
1772707739645502105 PROBE_B_END program=low bvar=fsync
1772707739848764395 PROBE_B_START program=low bvar=fsync
1772707739896079456 PROBE_B_END program=low bvar=fsync
1772707740098804522 PROBE_B_START program=low bvar=fsync
1772707740154940305 PROBE_B_END program=low bvar=fsync
1772707740358168057 PROBE_B_START program=low bvar=fsync
1772707740408454550 PROBE_B_END program=low bvar=fsync
1772707740611283968 PROBE_B_START program=low bvar=fsync
1772707740660874459 PROBE_B_END program=low bvar=fsync
1772707740863488118 PROBE_B_START program=low bvar=fsync
1772707740911767440 PROBE_B_END program=low bvar=fsync
1772707741114457469 PROBE_B_START program=low bvar=fsync
1772707741161733197 PROBE_B_END program=low bvar=fsync
1772707741365181598 PROBE_B_START program=low bvar=fsync
1772707741413164345 PROBE_B_END program=low bvar=fsync
1772707741615822152 PROBE_B_START program=low bvar=fsync
1772707741663656584 PROBE_B_END program=low bvar=fsync
1772707741866355743 PROBE_B_START program=low bvar=fsync
1772707741919233370 PROBE_B_END program=low bvar=fsync
