1769338647252205626 C1_BASELINE_START
1769338707254031075 C1_BASELINE_END
1769338707257135699 C1_INTERVENTION_START
1769338887261717040 C1_INTERVENTION_END
1769338887263676004 C1_RECOVERY_EXT_START
1769339487265629814 C1_RECOVERY_EXT_END
1769339487266661648 C1_POSTBASELINE_START
1769339547268584418 C1_POSTBASELINE_END
1769339547270790847 C2_BASELINE_START
1769339607272716715 C2_BASELINE_END
1769339607275963145 C2_INTERVENTION_START
1769339787279613331 C2_INTERVENTION_END
1769339787281241017 C2_RECOVERY_EXT_START
1769340387283025938 C2_RECOVERY_EXT_END
1769340387284176885 C2_POSTBASELINE_START
1769340447286201603 C2_POSTBASELINE_END
1769340447288452275 C3_BASELINE_START
1769340507290360525 C3_BASELINE_END
1769340507293495310 C3_INTERVENTION_START
1769340687298266568 C3_INTERVENTION_END
1769340687299267459 C3_RECOVERY_EXT_START
1769341287301124094 C3_RECOVERY_EXT_END
1769341287302169817 C3_POSTBASELINE_START
1769341347304095583 C3_POSTBASELINE_END
