1771963005215547015 R2_IDLE_A seconds=60 actions=B
1771963065217368253 SKIP_PROBE_A seconds=60
1771963125219127638 R2_IDLE_B seconds=30 actions=B
1771963155222848880 PROBE_B_START program=low
1771963155236607395 PROBE_B_END program=low
1771963155439312678 PROBE_B_START program=low
1771963155447135427 PROBE_B_END program=low
1771963155649799543 PROBE_B_START program=low
1771963155659603647 PROBE_B_END program=low
1771963155862294059 PROBE_B_START program=low
1771963155870074957 PROBE_B_END program=low
1771963156072658240 PROBE_B_START program=low
1771963156080788230 PROBE_B_END program=low
1771963156283476680 PROBE_B_START program=low
1771963156291367207 PROBE_B_END program=low
1771963156494021620 PROBE_B_START program=low
1771963156501595221 PROBE_B_END program=low
1771963156704290744 PROBE_B_START program=low
1771963156712142253 PROBE_B_END program=low
1771963156914871740 PROBE_B_START program=low
1771963156922797971 PROBE_B_END program=low
1771963157125519717 PROBE_B_START program=low
1771963157136020599 PROBE_B_END program=low
1771963157338713475 PROBE_B_START program=low
1771963157348755764 PROBE_B_END program=low
1771963157551501121 PROBE_B_START program=low
1771963157559002315 PROBE_B_END program=low
1771963157761670005 PROBE_B_START program=low
1771963157769324254 PROBE_B_END program=low
1771963157972546760 PROBE_B_START program=low
1771963157982073215 PROBE_B_END program=low
1771963158184644350 PROBE_B_START program=low
1771963158192587007 PROBE_B_END program=low
1771963158395258531 PROBE_B_START program=low
1771963158402965762 PROBE_B_END program=low
1771963158605666786 PROBE_B_START program=low
1771963158615485205 PROBE_B_END program=low
1771963158818188451 PROBE_B_START program=low
1771963158825832774 PROBE_B_END program=low
1771963159028937391 PROBE_B_START program=low
1771963159038078050 PROBE_B_END program=low
1771963159240760870 PROBE_B_START program=low
1771963159248331416 PROBE_B_END program=low
1771963159451076384 PROBE_B_START program=low
1771963159458740412 PROBE_B_END program=low
1771963159661521843 PROBE_B_START program=low
1771963159669553741 PROBE_B_END program=low
1771963159872551877 PROBE_B_START program=low
1771963159880358015 PROBE_B_END program=low
1771963160083037762 PROBE_B_START program=low
1771963160091837160 PROBE_B_END program=low
1771963160294544629 PROBE_B_START program=low
1771963160304271844 PROBE_B_END program=low
1771963160507050868 PROBE_B_START program=low
1771963160514712173 PROBE_B_END program=low
1771963160717461438 PROBE_B_START program=low
1771963160725237169 PROBE_B_END program=low
1771963160927995231 PROBE_B_START program=low
1771963160936370277 PROBE_B_END program=low
1771963161138990302 PROBE_B_START program=low
1771963161147168514 PROBE_B_END program=low
1771963161349860576 PROBE_B_START program=low
1771963161357710122 PROBE_B_END program=low
1771963161560458961 PROBE_B_START program=low
1771963161568207340 PROBE_B_END program=low
1771963161770953032 PROBE_B_START program=low
1771963161778725355 PROBE_B_END program=low
1771963161981550935 PROBE_B_START program=low
1771963161990070445 PROBE_B_END program=low
1771963162192782525 PROBE_B_START program=low
1771963162206178503 PROBE_B_END program=low
1771963162408928824 PROBE_B_START program=low
1771963162416984093 PROBE_B_END program=low
1771963162619921599 PROBE_B_START program=low
1771963162627592867 PROBE_B_END program=low
1771963162830331781 PROBE_B_START program=low
1771963162838048511 PROBE_B_END program=low
1771963163040798129 PROBE_B_START program=low
1771963163049093120 PROBE_B_END program=low
1771963163251815367 PROBE_B_START program=low
1771963163260128376 PROBE_B_END program=low
1771963163462881271 PROBE_B_START program=low
1771963163470627391 PROBE_B_END program=low
1771963163673413712 PROBE_B_START program=low
1771963163681179406 PROBE_B_END program=low
1771963163883950394 PROBE_B_START program=low
1771963163891658866 PROBE_B_END program=low
1771963164094461910 PROBE_B_START program=low
1771963164104746847 PROBE_B_END program=low
1771963164307390002 PROBE_B_START program=low
1771963164315404640 PROBE_B_END program=low
1771963164518149073 PROBE_B_START program=low
1771963164528317844 PROBE_B_END program=low
1771963164731086665 PROBE_B_START program=low
1771963164739002785 PROBE_B_END program=low
1771963164941788032 PROBE_B_START program=low
1771963164950194246 PROBE_B_END program=low
1771963165153010289 PROBE_B_START program=low
1771963165160897965 PROBE_B_END program=low
1771963165363510453 PROBE_B_START program=low
1771963165371741592 PROBE_B_END program=low
1771963165574576914 PROBE_B_START program=low
1771963165582505626 PROBE_B_END program=low
1771963165785231800 PROBE_B_START program=low
1771963165792981012 PROBE_B_END program=low
1771963165995715204 PROBE_B_START program=low
1771963166006039475 PROBE_B_END program=low
1771963166208785037 PROBE_B_START program=low
1771963166216486490 PROBE_B_END program=low
1771963166419288183 PROBE_B_START program=low
1771963166427360821 PROBE_B_END program=low
1771963166630175051 PROBE_B_START program=low
1771963166637910874 PROBE_B_END program=low
1771963166840642437 PROBE_B_START program=low
1771963166848685557 PROBE_B_END program=low
1771963167051475064 PROBE_B_START program=low
1771963167059828073 PROBE_B_END program=low
1771963167262985099 PROBE_B_START program=low
1771963167271756683 PROBE_B_END program=low
1771963167474592820 PROBE_B_START program=low
1771963167482305662 PROBE_B_END program=low
1771963167685112669 PROBE_B_START program=low
1771963167693087512 PROBE_B_END program=low
1771963167895855797 PROBE_B_START program=low
1771963167903520842 PROBE_B_END program=low
1771963168106256646 PROBE_B_START program=low
1771963168116877824 PROBE_B_END program=low
1771963168319862906 PROBE_B_START program=low
1771963168328534675 PROBE_B_END program=low
1771963168531233793 PROBE_B_START program=low
1771963168539213265 PROBE_B_END program=low
1771963168741967939 PROBE_B_START program=low
1771963168749756263 PROBE_B_END program=low
1771963168952532918 PROBE_B_START program=low
1771963168961187039 PROBE_B_END program=low
1771963169163949121 PROBE_B_START program=low
1771963169171503889 PROBE_B_END program=low
1771963169374235414 PROBE_B_START program=low
1771963169382698054 PROBE_B_END program=low
1771963169585453913 PROBE_B_START program=low
1771963169593174718 PROBE_B_END program=low
1771963169795966262 PROBE_B_START program=low
1771963169803841882 PROBE_B_END program=low
1771963170006643538 PROBE_B_START program=low
1771963170015034474 PROBE_B_END program=low
1771963170217778796 PROBE_B_START program=low
1771963170225615953 PROBE_B_END program=low
1771963170428480238 PROBE_B_START program=low
1771963170436977711 PROBE_B_END program=low
1771963170639766774 PROBE_B_START program=low
1771963170649650230 PROBE_B_END program=low
1771963170852385312 PROBE_B_START program=low
1771963170860112746 PROBE_B_END program=low
1771963171062872809 PROBE_B_START program=low
1771963171071483412 PROBE_B_END program=low
1771963171274336531 PROBE_B_START program=low
1771963171284462357 PROBE_B_END program=low
1771963171487093402 PROBE_B_START program=low
1771963171495115448 PROBE_B_END program=low
1771963171697770937 PROBE_B_START program=low
1771963171705486668 PROBE_B_END program=low
1771963171908185935 PROBE_B_START program=low
1771963171915868851 PROBE_B_END program=low
1771963172118587766 PROBE_B_START program=low
1771963172126948387 PROBE_B_END program=low
1771963172329730432 PROBE_B_START program=low
1771963172337383163 PROBE_B_END program=low
1771963172540107134 PROBE_B_START program=low
1771963172548355569 PROBE_B_END program=low
1771963172751125762 PROBE_B_START program=low
1771963172758700141 PROBE_B_END program=low
1771963172961517908 PROBE_B_START program=low
1771963172971985531 PROBE_B_END program=low
1771963173174712113 PROBE_B_START program=low
1771963173182468548 PROBE_B_END program=low
1771963173385322149 PROBE_B_START program=low
1771963173393068973 PROBE_B_END program=low
1771963173595753869 PROBE_B_START program=low
1771963173606398937 PROBE_B_END program=low
1771963173809129834 PROBE_B_START program=low
1771963173816951732 PROBE_B_END program=low
1771963174019872388 PROBE_B_START program=low
1771963174031610179 PROBE_B_END program=low
1771963174234387354 PROBE_B_START program=low
1771963174242109678 PROBE_B_END program=low
1771963174444856538 PROBE_B_START program=low
1771963174452752769 PROBE_B_END program=low
1771963174655579759 PROBE_B_START program=low
1771963174663934583 PROBE_B_END program=low
1771963174866651592 PROBE_B_START program=low
1771963174874591953 PROBE_B_END program=low
1771963175077342924 PROBE_B_START program=low
1771963175087753695 PROBE_B_END program=low
1771963175290539426 PROBE_B_START program=low
1771963175298553194 PROBE_B_END program=low
1771963175501292536 PROBE_B_START program=low
1771963175508864267 PROBE_B_END program=low
1771963175711660868 PROBE_B_START program=low
1771963175720408563 PROBE_B_END program=low
1771963175923203553 PROBE_B_START program=low
1771963175930961358 PROBE_B_END program=low
1771963176133720940 PROBE_B_START program=low
1771963176142399284 PROBE_B_END program=low
1771963176345151737 PROBE_B_START program=low
1771963176352773060 PROBE_B_END program=low
1771963176556242421 PROBE_B_START program=low
1771963176567987102 PROBE_B_END program=low
1771963176770738240 PROBE_B_START program=low
1771963176779026508 PROBE_B_END program=low
1771963176981709998 PROBE_B_START program=low
1771963176990252453 PROBE_B_END program=low
1771963177193026184 PROBE_B_START program=low
1771963177200740785 PROBE_B_END program=low
1771963177403467683 PROBE_B_START program=low
1771963177413451046 PROBE_B_END program=low
1771963177616324407 PROBE_B_START program=low
1771963177624851176 PROBE_B_END program=low
1771963177827667925 PROBE_B_START program=low
1771963177835664157 PROBE_B_END program=low
1771963178038437702 PROBE_B_START program=low
1771963178046845045 PROBE_B_END program=low
1771963178249607980 PROBE_B_START program=low
1771963178257455693 PROBE_B_END program=low
1771963178460238887 PROBE_B_START program=low
1771963178467866173 PROBE_B_END program=low
1771963178670692997 PROBE_B_START program=low
1771963178679327878 PROBE_B_END program=low
1771963178882095442 PROBE_B_START program=low
1771963178889745284 PROBE_B_END program=low
1771963179092507015 PROBE_B_START program=low
1771963179101128933 PROBE_B_END program=low
1771963179303884349 PROBE_B_START program=low
1771963179311434932 PROBE_B_END program=low
1771963179514206515 PROBE_B_START program=low
1771963179522243969 PROBE_B_END program=low
1771963179725530515 PROBE_B_START program=low
1771963179733477395 PROBE_B_END program=low
1771963179936155330 PROBE_B_START program=low
1771963179946021859 PROBE_B_END program=low
1771963180148784369 PROBE_B_START program=low
1771963180157244508 PROBE_B_END program=low
1771963180360059814 PROBE_B_START program=low
1771963180368012489 PROBE_B_END program=low
1771963180570793980 PROBE_B_START program=low
1771963180578578915 PROBE_B_END program=low
1771963180781277295 PROBE_B_START program=low
1771963180789774989 PROBE_B_END program=low
1771963180992480258 PROBE_B_START program=low
1771963181000892582 PROBE_B_END program=low
1771963181203672814 PROBE_B_START program=low
1771963181211602619 PROBE_B_END program=low
1771963181414304981 PROBE_B_START program=low
1771963181421917230 PROBE_B_END program=low
1771963181624623776 PROBE_B_START program=low
1771963181632364878 PROBE_B_END program=low
1771963181834911072 PROBE_B_START program=low
1771963181842868359 PROBE_B_END program=low
1771963182045503146 PROBE_B_START program=low
1771963182054159156 PROBE_B_END program=low
1771963182256854999 PROBE_B_START program=low
1771963182264407397 PROBE_B_END program=low
1771963182467101703 PROBE_B_START program=low
1771963182476768714 PROBE_B_END program=low
1771963182679455260 PROBE_B_START program=low
1771963182686993343 PROBE_B_END program=low
1771963182889672556 PROBE_B_START program=low
1771963182898376399 PROBE_B_END program=low
1771963183101092946 PROBE_B_START program=low
1771963183112252996 PROBE_B_END program=low
1771963183314973950 PROBE_B_START program=low
1771963183322602310 PROBE_B_END program=low
1771963183525358894 PROBE_B_START program=low
1771963183532924533 PROBE_B_END program=low
1771963183735632561 PROBE_B_START program=low
1771963183745542554 PROBE_B_END program=low
1771963183948268045 PROBE_B_START program=low
1771963183956800795 PROBE_B_END program=low
1771963184159552527 PROBE_B_START program=low
1771963184167147536 PROBE_B_END program=low
1771963184369818639 PROBE_B_START program=low
1771963184377634036 PROBE_B_END program=low
1771963184580326546 PROBE_B_START program=low
1771963184587859592 PROBE_B_END program=low
1771963184790522509 PROBE_B_START program=low
1771963184800416835 PROBE_B_END program=low
1771963185003093512 PROBE_B_START program=low
1771963185014011506 PROBE_B_END program=low
1771963185216654923 PROBE_B_START program=low
1771963185227482473 PROBE_B_END program=low
1771963185430146835 PROBE_B_START program=low
1771963185437746714 PROBE_B_END program=low
1771963185640423890 PROBE_B_START program=low
1771963185648105232 PROBE_B_END program=low
1771963185850864724 PROBE_B_START program=low
1771963185858479177 PROBE_B_END program=low
1771963186061239465 PROBE_B_START program=low
1771963186070264920 PROBE_B_END program=low
1771963186272956652 PROBE_B_START program=low
1771963186280412142 PROBE_B_END program=low
1771963186483105597 PROBE_B_START program=low
1771963186490668458 PROBE_B_END program=low
1771963186693382338 PROBE_B_START program=low
1771963186701007439 PROBE_B_END program=low
1771963186903925802 PROBE_B_START program=low
1771963186912415145 PROBE_B_END program=low
1771963187115238859 PROBE_B_START program=low
1771963187125403056 PROBE_B_END program=low
1771963187328144566 PROBE_B_START program=low
1771963187335899927 PROBE_B_END program=low
1771963187538650511 PROBE_B_START program=low
1771963187546361317 PROBE_B_END program=low
1771963187749159142 PROBE_B_START program=low
1771963187756971114 PROBE_B_END program=low
1771963187959814587 PROBE_B_START program=low
1771963187968238504 PROBE_B_END program=low
1771963188171114571 PROBE_B_START program=low
1771963188179796099 PROBE_B_END program=low
1771963188382559554 PROBE_B_START program=low
1771963188390262415 PROBE_B_END program=low
1771963188593011851 PROBE_B_START program=low
1771963188600699527 PROBE_B_END program=low
1771963188803456537 PROBE_B_START program=low
1771963188811094694 PROBE_B_END program=low
1771963189013833001 PROBE_B_START program=low
1771963189022243733 PROBE_B_END program=low
1771963189224967188 PROBE_B_START program=low
1771963189232710920 PROBE_B_END program=low
1771963189435487430 PROBE_B_START program=low
1771963189443234439 PROBE_B_END program=low
1771963189645957894 PROBE_B_START program=low
1771963189653751070 PROBE_B_END program=low
1771963189856545136 PROBE_B_START program=low
1771963189866237296 PROBE_B_END program=low
1771963190068959584 PROBE_B_START program=low
1771963190077185501 PROBE_B_END program=low
1771963190279959197 PROBE_B_START program=low
1771963190287653150 PROBE_B_END program=low
1771963190490409550 PROBE_B_START program=low
1771963190498047189 PROBE_B_END program=low
1771963190700785107 PROBE_B_START program=low
1771963190708519079 PROBE_B_END program=low
1771963190911276423 PROBE_B_START program=low
1771963190918843654 PROBE_B_END program=low
1771963191121680887 PROBE_B_START program=low
1771963191131105417 PROBE_B_END program=low
1771963191333818650 PROBE_B_START program=low
1771963191341446177 PROBE_B_END program=low
1771963191544199818 PROBE_B_START program=low
1771963191551931660 PROBE_B_END program=low
1771963191754680875 PROBE_B_START program=low
1771963191762260735 PROBE_B_END program=low
1771963191965041228 PROBE_B_START program=low
1771963191972783885 PROBE_B_END program=low
1771963192175464267 PROBE_B_START program=low
1771963192183671183 PROBE_B_END program=low
1771963192386354491 PROBE_B_START program=low
1771963192393973648 PROBE_B_END program=low
1771963192596733492 PROBE_B_START program=low
1771963192604478761 PROBE_B_END program=low
1771963192807247920 PROBE_B_START program=low
1771963192816802524 PROBE_B_END program=low
1771963193019638239 PROBE_B_START program=low
1771963193028077952 PROBE_B_END program=low
1771963193230664037 PROBE_B_START program=low
1771963193242539792 PROBE_B_END program=low
1771963193445237414 PROBE_B_START program=low
1771963193453013034 PROBE_B_END program=low
1771963193655849935 PROBE_B_START program=low
1771963193663489388 PROBE_B_END program=low
1771963193866284677 PROBE_B_START program=low
1771963193874233686 PROBE_B_END program=low
1771963194077119735 PROBE_B_START program=low
1771963194085553652 PROBE_B_END program=low
1771963194288375719 PROBE_B_START program=low
1771963194296903137 PROBE_B_END program=low
1771963194499712741 PROBE_B_START program=low
1771963194508223714 PROBE_B_END program=low
1771963194711018855 PROBE_B_START program=low
1771963194718883994 PROBE_B_END program=low
1771963194921643820 PROBE_B_START program=low
1771963194929281366 PROBE_B_END program=low
1771963195132558674 PROBE_B_START program=low
1771963195143635558 PROBE_B_END program=low
1771963195346434051 PROBE_B_START program=low
1771963195354888264 PROBE_B_END program=low
1771963195557687165 PROBE_B_START program=low
1771963195565493711 PROBE_B_END program=low
1771963195768304352 PROBE_B_START program=low
1771963195776032232 PROBE_B_END program=low
1771963195978790132 PROBE_B_START program=low
1771963195986546215 PROBE_B_END program=low
1771963196189904783 PROBE_B_START program=low
1771963196200727796 PROBE_B_END program=low
1771963196403508641 PROBE_B_START program=low
1771963196411191335 PROBE_B_END program=low
1771963196613999347 PROBE_B_START program=low
1771963196622104949 PROBE_B_END program=low
1771963196825017646 PROBE_B_START program=low
1771963196832796266 PROBE_B_END program=low
1771963197035568112 PROBE_B_START program=low
1771963197043900307 PROBE_B_END program=low
1771963197246468726 PROBE_B_START program=low
1771963197254432809 PROBE_B_END program=low
1771963197457122673 PROBE_B_START program=low
1771963197464906126 PROBE_B_END program=low
1771963197667650176 PROBE_B_START program=low
1771963197676763279 PROBE_B_END program=low
1771963197879502142 PROBE_B_START program=low
1771963197887219429 PROBE_B_END program=low
1771963198090039256 PROBE_B_START program=low
1771963198098577970 PROBE_B_END program=low
1771963198301449889 PROBE_B_START program=low
1771963198309918399 PROBE_B_END program=low
1771963198512652449 PROBE_B_START program=low
1771963198520281735 PROBE_B_END program=low
1771963198723045784 PROBE_B_START program=low
1771963198730637460 PROBE_B_END program=low
1771963198933374009 PROBE_B_START program=low
1771963198940965610 PROBE_B_END program=low
1771963199143773308 PROBE_B_START program=low
1771963199154863691 PROBE_B_END program=low
1771963199357707852 PROBE_B_START program=low
1771963199365812935 PROBE_B_END program=low
1771963199568494170 PROBE_B_START program=low
1771963199576362086 PROBE_B_END program=low
1771963199779211599 PROBE_B_START program=low
1771963199786904219 PROBE_B_END program=low
1771963199989688213 PROBE_B_START program=low
1771963199997446129 PROBE_B_END program=low
1771963200200177901 PROBE_B_START program=low
1771963200208591040 PROBE_B_END program=low
1771963200411211608 PROBE_B_START program=low
1771963200420951767 PROBE_B_END program=low
1771963200623645298 PROBE_B_START program=low
1771963200631183418 PROBE_B_END program=low
1771963200833899727 PROBE_B_START program=low
1771963200841509440 PROBE_B_END program=low
1771963201044256489 PROBE_B_START program=low
1771963201052501499 PROBE_B_END program=low
1771963201255278771 PROBE_B_START program=low
1771963201262816576 PROBE_B_END program=low
1771963201465440255 PROBE_B_START program=low
1771963201473428838 PROBE_B_END program=low
1771963201676152370 PROBE_B_START program=low
1771963201683769138 PROBE_B_END program=low
1771963201886529798 PROBE_B_START program=low
1771963201894229474 PROBE_B_END program=low
1771963202097028672 PROBE_B_START program=low
1771963202105522349 PROBE_B_END program=low
1771963202308309454 PROBE_B_START program=low
1771963202315935426 PROBE_B_END program=low
1771963202518558772 PROBE_B_START program=low
1771963202526548540 PROBE_B_END program=low
1771963202729266850 PROBE_B_START program=low
1771963202737138822 PROBE_B_END program=low
1771963202939833742 PROBE_B_START program=low
1771963202952112460 PROBE_B_END program=low
1771963203154964510 PROBE_B_START program=low
1771963203163498464 PROBE_B_END program=low
1771963203366215421 PROBE_B_START program=low
1771963203373785967 PROBE_B_END program=low
1771963203576588129 PROBE_B_START program=low
1771963203585279361 PROBE_B_END program=low
1771963203788080059 PROBE_B_START program=low
1771963203795595142 PROBE_B_END program=low
1771963203998375303 PROBE_B_START program=low
1771963204006321109 PROBE_B_END program=low
1771963204209093585 PROBE_B_START program=low
1771963204217521298 PROBE_B_END program=low
1771963204420737997 PROBE_B_START program=low
1771963204430324638 PROBE_B_END program=low
1771963204633295966 PROBE_B_START program=low
1771963204641581050 PROBE_B_END program=low
1771963204844336767 PROBE_B_START program=low
1771963204852181220 PROBE_B_END program=low
1771963205054944067 PROBE_B_START program=low
1771963205063226225 PROBE_B_END program=low
1771963205266012812 PROBE_B_START program=low
1771963205273827173 PROBE_B_END program=low
1771963205478716985 PROBE_B_START program=low
1771963205487332014 PROBE_B_END program=low
1771963205690051601 PROBE_B_START program=low
1771963205699560834 PROBE_B_END program=low
1771963205902332959 PROBE_B_START program=low
1771963205909983653 PROBE_B_END program=low
1771963206112767351 PROBE_B_START program=low
1771963206121428565 PROBE_B_END program=low
1771963206324187468 PROBE_B_START program=low
1771963206331858662 PROBE_B_END program=low
1771963206534608860 PROBE_B_START program=low
1771963206545141687 PROBE_B_END program=low
1771963206747743460 PROBE_B_START program=low
1771963206755394691 PROBE_B_END program=low
1771963206958137519 PROBE_B_START program=low
1771963206965790436 PROBE_B_END program=low
1771963207168558912 PROBE_B_START program=low
1771963207177157385 PROBE_B_END program=low
1771963207379927158 PROBE_B_START program=low
1771963207387520241 PROBE_B_END program=low
1771963207590338477 PROBE_B_START program=low
1771963207599014191 PROBE_B_END program=low
1771963207801788538 PROBE_B_START program=low
1771963207809382676 PROBE_B_END program=low
1771963208012158153 PROBE_B_START program=low
1771963208020125903 PROBE_B_END program=low
1771963208222868861 PROBE_B_START program=low
1771963208232935484 PROBE_B_END program=low
1771963208435697183 PROBE_B_START program=low
1771963208443548544 PROBE_B_END program=low
1771963208646296947 PROBE_B_START program=low
1771963208654425308 PROBE_B_END program=low
1771963208857117525 PROBE_B_START program=low
1771963208864989609 PROBE_B_END program=low
1771963209067769845 PROBE_B_START program=low
1771963209076129336 PROBE_B_END program=low
1771963209278930628 PROBE_B_START program=low
1771963209286751415 PROBE_B_END program=low
1771963209489580040 PROBE_B_START program=low
1771963209497237419 PROBE_B_END program=low
1771963209699889692 PROBE_B_START program=low
1771963209708000442 PROBE_B_END program=low
1771963209910628956 PROBE_B_START program=low
1771963209918309984 PROBE_B_END program=low
1771963210121140646 PROBE_B_START program=low
1771963210129846619 PROBE_B_END program=low
1771963210332569115 PROBE_B_START program=low
1771963210340252938 PROBE_B_END program=low
1771963210543063545 PROBE_B_START program=low
1771963210550988962 PROBE_B_END program=low
1771963210753759383 PROBE_B_START program=low
1771963210762104115 PROBE_B_END program=low
1771963210964856574 PROBE_B_START program=low
1771963210974492826 PROBE_B_END program=low
1771963211177332396 PROBE_B_START program=low
1771963211186618629 PROBE_B_END program=low
1771963211389392365 PROBE_B_START program=low
1771963211397310578 PROBE_B_END program=low
1771963211600039481 PROBE_B_START program=low
1771963211607599675 PROBE_B_END program=low
1771963211810413671 PROBE_B_START program=low
1771963211819041978 PROBE_B_END program=low
1771963212021794436 PROBE_B_START program=low
1771963212029505316 PROBE_B_END program=low
1771963212232248275 PROBE_B_START program=low
1771963212240842285 PROBE_B_END program=low
1771963212443628077 PROBE_B_START program=low
1771963212454327256 PROBE_B_END program=low
1771963212657042659 PROBE_B_START program=low
1771963212664530668 PROBE_B_END program=low
1771963212867253071 PROBE_B_START program=low
1771963212878234010 PROBE_B_END program=low
1771963213080964747 PROBE_B_START program=low
1771963213089020941 PROBE_B_END program=low
1771963213291649030 PROBE_B_START program=low
1771963213300806578 PROBE_B_END program=low
1771963213503529444 PROBE_B_START program=low
1771963213510972934 PROBE_B_END program=low
1771963213713987042 PROBE_B_START program=low
1771963213723518738 PROBE_B_END program=low
1771963213926220512 PROBE_B_START program=low
1771963213935248763 PROBE_B_END program=low
1771963214137951241 PROBE_B_START program=low
1771963214146213935 PROBE_B_END program=low
1771963214348944728 PROBE_B_START program=low
1771963214356441718 PROBE_B_END program=low
1771963214559178066 PROBE_B_START program=low
1771963214566626667 PROBE_B_END program=low
1771963214769650590 PROBE_B_START program=low
1771963214778142655 PROBE_B_END program=low
1771963214980919541 PROBE_B_START program=low
1771963214988463216 PROBE_B_END program=low
1771963215191227138 R2_IDLE_C seconds=30 actions=B
1771963245193130742 SKIP_PROBE_C seconds=60
