1776930046604889436 13572918
1776930046616611615 11722179
1776930046628111904 11500289
1776930046639588657 11476753
1776930046651235632 11646975
1776930046663022532 11786900
1776930046674606970 11584438
1776930046686096259 11489289
1776930046697530827 11434568
1776930046709249987 11719160
1776930046720961258 11711271
1776930046732474899 11513641
1776930046743924429 11449530
1776930046755415108 11490679
1776930046767012916 11597808
1776930046778471113 11458197
1776930046789926865 11455752
1776930046801376544 11449679
1776930046812916297 11539753
1776930046824614549 11698252
1776930046836215876 11601327
1776930046847826369 11610493
1776930046859451195 11624826
1776930046871023781 11572586
1776930046882657608 11633827
1776930046894294953 11637345
1776930046905852002 11557049
1776930046917396310 11544308
1776930046928948673 11552363
1776930046940590037 11641364
1776930046952160641 11570604
1776930046963763005 11602364
1776930046975536961 11773956
1776930046987203547 11666586
1776930046999059799 11856252
1776930047010641311 11581512
1776930047022192564 11551253
1776930047033750243 11557679
1776930047046071865 12321622
1776930047057849803 11777938
1776930047069455167 11605364
1776930047081034420 11579253
1776930047092657932 11623512
1776930047104382648 11724716
1776930047116174197 11791549
1776930047127795431 11621234
1776930047139391017 11595586
1776930047150955326 11564309
1776930047162721671 11766345
1776930047174568201 11846530
1776930047186170288 11602087
1776930047197750300 11580012
1776930047209337201 11586901
1776930047221032305 11695104
1776930047232622817 11590512
1776930047244187700 11564883
1776930047255813453 11625753
1776930047267442483 11629030
1776930047279103014 11660531
1776930047290676637 11573623
1776930047302246779 11570142
1776930047313825346 11578567
1776930047325366099 11540753
1776930047337035185 11669086
1776930047348658586 11623401
1776930047360252339 11593753
1776930047371804777 11552438
1776930047383365993 11561216
1776930047395386449 12020456
1776930047407000517 11614068
1776930047418587751 11587234
1776930047430146133 11558382
1776930047441893571 11747438
1776930047453659806 11766235
1776930047465258003 11598197
1776930047476905163 11647160
1776930047488502657 11597494
1776930047500605594 12102937
1776930047512502217 11896623
1776930047524206692 11704475
1776930047535813797 11607105
1776930047547390754 11576957
1776930047559129117 11738363
1776930047570907148 11778031
1776930047582512401 11605253
1776930047594096968 11584567
1776930047605648092 11551124
1776930047617319492 11671400
1776930047628879023 11559531
1776930047640443091 11564068
1776930047652057844 11614753
1776930047663663004 11605160
1776930047675334516 11671512
1776930047686955287 11620771
1776930047698524170 11568883
1776930047710070922 11546752
1776930047721652416 11581494
1776930047733311039 11658623
1776930047744925014 11613975
1776930047756512785 11587771
1776930047768089835 11577050
1776930047779704810 11614975
1776930047791464748 11759938
1776930047803079797 11615049
1776930047814610216 11530419
1776930047826187376 11577160
1776930047838019611 11832235
1776930047849796030 11776419
1776930047861362098 11566068
1776930047872965239 11603141
1776930047884552288 11587049
1776930047896513171 11960883
1776930047908270627 11757456
1776930047919854732 11584105
1776930047931431966 11577234
1776930047942971015 11539049
1776930047954648435 11677420
1776930047966422521 11774086
1776930047977981700 11559179
1776930047989546286 11564586
1776930048001079001 11532715
1776930048012853014 11774013
1776930048024458896 11605882
1776930048036058835 11599939
1776930048047603403 11544568
1776930048059119637 11516234
1776930048070722391 11602754
1776930048082274607 11552216
1776930048093818527 11543920
1776930048105356261 11537734
1776930048116885311 11529050
1776930048128504101 11618790
1776930048140053724 11549623
1776930048151707552 11653828
1776930048163225120 11517568
1776930048174757058 11531938
1776930048186373718 11616660
1776930048197929157 11555439
1776930048209445836 11516679
1776930048220984274 11538438
1776930048232828324 11844050
1776930048244584151 11755827
1776930048256177645 11593494
1776930048267770731 11593086
1776930048279334521 11563790
1776930048291058311 11723790
1776930048302754565 11696254
1776930048314321503 11566938
1776930048325860460 11538957
1776930048337384417 11523957
1776930048349192466 11808049
1776930048361050126 11857660
1776930048372635991 11585865
1776930048384166170 11530179
1776930048395725941 11559771
1776930048407484898 11758957
1776930048419234244 11749346
1776930048430797275 11563031
1776930048442341658 11544383
1776930048453869874 11528216
1776930048465545534 11675660
1776930048477078195 11532661
1776930048488653726 11575531
1776930048500191257 11537531
1776930048511723269 11532012
1776930048523333763 11610494
1776930048534888553 11554790
1776930048546431658 11543105
1776930048557966485 11534827
1776930048569490183 11523698
1776930048581113436 11623253
1776930048592755486 11642050
1776930048604316257 11560771
1776930048615817918 11501661
1776930048627355227 11537309
1776930048638987646 11632419
1776930048650561714 11574068
1776930048662091949 11530235
1776930048673640628 11548679
1776930048685291603 11650975
1776930048697128690 11837087
1776930048708704813 11576123
1776930048720255955 11551142
1776930048731787597 11531642
1776930048743507425 11719828
1776930048755297696 11790271
1776930048766865949 11568253
1776930048778414110 11548161
1776930048789964345 11550235
1776930048801622042 11657697
1776930048813429017 11806975
1776930048824997233 11568216
1776930048836596301 11599068
1776930048848114832 11518531
1776930048860100789 11985957
1776930048871943857 11843068
1776930048883529536 11585679
1776930048895058252 11528716
1776930048906615524 11557272
1776930048918298425 11682901
1776930048929842956 11544531
1776930048941375228 11532272
1776930048952954999 11579771
1776930048964520697 11565698
1776930048976128339 11607642
1776930048987726296 11597957
1776930048999255993 11529697
1776930049010800376 11544383
1776930049022313482 11513106
1776930049033919532 11606050
1776930049045489155 11569623
1776930049057040983 11551828
1776930049068620255 11579272
1776930049080154008 11533753
1776930049091873206 11719198
1776930049103447349 11574143
1776930049114995880 11548531
1776930049126521022 11525142
1776930049138174479 11653457
1776930049149880251 11705772
1776930049161418172 11537921
1776930049172966444 11548272
1776930049184512141 11545697
1776930049196172247 11660106
1776930049208194593 12022346
1776930049219789661 11595068
1776930049231348007 11558346
1776930049242843353 11495346
1776930049254572181 11728828
1776930049266315767 11743586
1776930049277884262 11568495
1776930049289404663 11520401
1776930049300938065 11533402
1776930049312631263 11693198
1776930049324257998 11626735
1776930049335795455 11537457
1776930049347343134 11547679
1776930049358864721 11521587
1776930049370469067 11604346
1776930049381997784 11528717
1776930049393511907 11514123
1776930049405074754 11562847
1776930049416613674 11538920
1776930049428236612 11622938
1776930049439799884 11563272
1776930049451409230 11609346
1776930049462935947 11526717
1776930049474446089 11510142
1776930049486045769 11599680
1776930049497599707 11553938
1776930049509159405 11559698
1776930049520712251 11552846
1776930049532341264 11629013
1776930049544121036 11779772
1776930049555782271 11661235
1776930049567338191 11555920
1776930049578883093 11544902
1776930049590507439 11624346
1776930049602275322 11767883
1776930049613833334 11558012
1776930049625364643 11531309
1776930049636927064 11562421
1776930049648847410 11920346
1776930049660688589 11841179
1776930049672240027 11551438
1776930049683776114 11536087
1776930049695354646 11578532
1776930049707072103 11717457
1776930049718795523 11723420
1776930049730372517 11576994
1776930049741908863 11536346
1776930049753448820 11539957
1776930049765258259 11809439
1776930049776887883 11629624
1776930049788456247 11568364
1776930049800025241 11568994
1776930049811581513 11556272
1776930049823217859 11636346
1776930049834773872 11556013
1776930049846329089 11555217
1776930049857866046 11536957
1776930049869380725 11514679
1776930049881011738 11631013
1776930049892614825 11603087
1776930049904153875 11539050
1776930049915729202 11575327
1776930049927276456 11547254
1776930049939048265 11771809
1776930049950631296 11583031
1776930049962189290 11557994
1776930049973729673 11540383
1776930049985389760 11660087
1776930049997199995 11810235
1776930050008782656 11582661
1776930050020314373 11531717
1776930050031841793 11527420
1776930050044306769 12464976
1776930050056158059 11851290
1776930050067744813 11586754
1776930050079287641 11542828
1776930050090830525 11542884
1776930050102821093 11990568
1776930050114572532 11751439
1776930050126108434 11535902
1776930050137644521 11536087
1776930050149203738 11559217
1776930050160958954 11755216
1776930050172628634 11669680
1776930050184257814 11629180
1776930050195892771 11634957
1776930050207517081 11624310
1776930050219199371 11682290
1776930050230805921 11606550
1776930050242396620 11590699
1776930050253986392 11589772
1776930050265586405 11600013
1776930050277289714 11703309
1776930050288976264 11686550
1776930050300627203 11650939
1776930050312243161 11615958
1776930050323884618 11641457
1776930050335835631 11951013
1776930050347535885 11700254
1776930050359128935 11593050
1776930050370670430 11541495
1776930050382327628 11657198
1776930050394096696 11769068
1776930050405678728 11582032
1776930050417235852 11557124
1776930050428805384 11569532
1776930050440516137 11710753
1776930050452385910 11869773
1776930050463981978 11596068
1776930050475571954 11589976
1776930050487136208 11564254
1776930050498934647 11798439
1776930050510707234 11772587
1776930050522263247 11556013
1776930050533808204 11544957
1776930050545344810 11536606
1776930050557196175 11851365
1776930050568887336 11691161
1776930050580454368 11567032
1776930050591999158 11544790
1776930050603564949 11565791
1776930050615207573 11642624
1776930050626741772 11534199
1776930050638261914 11520142
1776930050649808094 11546180
1776930050661372663 11564569
1776930050673033454 11660791
1776930050684619744 11586290
1776930050696163998 11544254
1776930050707724271 11560273
1776930050719229858 11505587
1776930050730847871 11618013
1776930050742426254 11578383
1776930050753978915 11552661
1776930050765499799 11520884
1776930050777111590 11611791
1776930050788883547 11771957
1776930050800454208 11570661
1776930050812003203 11548995
1776930050823548068 11544865
1776930050835831932 12283864
1776930050847632538 11800606
1776930050859186588 11554050
1776930050870727897 11541309
1776930050882251429 11523532
1776930050893889461 11638032
1776930050905730251 11840790
1776930050917300375 11570124
1776930050928952240 11651865
1776930050940504309 11552069
1776930050952236155 11731846
1776930050964060242 11824087
1776930050975715792 11655550
1776930050987346305 11630513
1776930050998892281 11545976
1776930051010592109 11699828
1776930051022208493 11616384
1776930051033755525 11547032
1776930051045299538 11544013
1776930051056842441 11542903
1776930051068534787 11692346
1776930051080188671 11653884
1776930051091770796 11582125
1776930051103340087 11569291
1776930051114882859 11542772
1776930051126528280 11645421
1776930051138156349 11628069
1776930051149713918 11557569
1776930051161214913 11500995
1776930051172816889 11601976
1776930051184625217 11808328
1776930051196220453 11595236
1776930051207791707 11571254
1776930051219333054 11541347
1776930051230991734 11658680
1776930051242769766 11778032
1776930051254362631 11592865
1776930051265901737 11539106
1776930051277437435 11535698
1776930051289151060 11713625
1776930051300944388 11793328
1776930051312525735 11581347
1776930051324086989 11561254
1776930051335660650 11573661
1776930051347341293 11680643
1776930051359175788 11834495
1776930051370771690 11595902
1776930051382312926 11541236
1776930051393833476 11520550
1776930051405553508 11720032
1776930051417143077 11589569
1776930051428750757 11607680
1776930051440301048 11550291
1776930051451845228 11544180
1776930051463524760 11679532
1776930051475109311 11584551
1776930051486649842 11540531
1776930051498204541 11554699
1776930051509748703 11544162
1776930051521481864 11733161
1776930051533067507 11585643
1776930051544646743 11579236
1776930051556184015 11537272
1776930051567779880 11595865
1776930051579491746 11711866
1776930051591096518 11604772
1776930051602690698 11594180
1776930051614235860 11545162
1776930051625861355 11625495
1776930051637562609 11701254
1776930051649157789 11595180
1776930051660712173 11554384
1776930051672225890 11513717
1776930051683972884 11746994
1776930051695737435 11764551
1776930051707324430 11586995
1776930051718854387 11529957
1776930051730376290 11521903
1776930051742007303 11631013
1776930051753723057 11715754
1776930051765309608 11586551
1776930051776870862 11561254
1776930051788388986 11518124
1776930051800155203 11766217
1776930051811965217 11810014
1776930051823524971 11559754
1776930051835056021 11531050
1776930051846571090 11515069
1776930051858206159 11635069
1776930051869762154 11555995
1776930051881289204 11527050
1776930051892821940 11532736
1776930051904335416 11513476
1776930051915964115 11628699
1776930051927528962 11564847
1776930051939048401 11519439
1776930051950552062 11503661
1776930051962036909 11484847
1776930051973655663 11618754
1776930051985223566 11567903
1776930051996821449 11597883
1776930052008369666 11548217
1776930052019891939 11522273
1776930052031561064 11669125
1776930052043141374 11580310
1776930052054679758 11538384
1776930052066193920 11514162
1776930052077962193 11768273
1776930052089739188 11776995
1776930052101299609 11560421
1776930052112853604 11553995
1776930052124387951 11534347
1776930052136100484 11712533
1776930052147873108 11772624
1776930052159453955 11580847
1776930052170995877 11541922
1776930052182522594 11526717
1776930052194405645 11883051
1776930052206386065 11980420
1776930052217940616 11554551
1776930052229477630 11537014
1776930052241002570 11524940
1776930052253072120 12069550
1776930052264985356 11913236
1776930052276555110 11569754
1776930052288066272 11511162
1776930052299592842 11526570
1776930052311191281 11598439
1776930052322782073 11590792
1776930052334335975 11553902
1776930052345863193 11527218
1776930052357392354 11529161
1776930052369022294 11629940
1776930052380691845 11669551
1776930052392220210 11528365
1776930052403752113 11531903
1776930052415312330 11560217
1776930052426935214 11622884
1776930052438509802 11574588
1776930052450068723 11558921
1776930052461628978 11560255
1776930052473200269 11571291
1776930052485172357 11972088
1776930052496818352 11645995
1776930052508593069 11774717
1776930052520144398 11551329
1776930052532403189 12258791
1776930052544191721 11788532
1776930052555755735 11564014
1776930052567450526 11694791
1776930052578989651 11539125
1776930052590693128 11703477
1776930052602384086 11690958
1776930052613960266 11576180
1776930052625514261 11553995
1776930052637026294 11512033
1776930052648752252 11725958
1776930052660623413 11871161
1776930052672220020 11596607
1776930052683893015 11672995
1776930052695471769 11578754
1776930052707062079 11590310
1776930052718619223 11557144
1776930052730167107 11547884
1776930052741692250 11525143
1776930052753229856 11537606
1776930052764903426 11673570
1776930052776462939 11559513
1776930052788047157 11584218
1776930052799613744 11566587
1776930052811142906 11529162
1776930052822753772 11610866
1776930052834308045 11554273
1776930052845838670 11530625
1776930052857395165 11556495
1776930052869134067 11738902
1776930052881038136 11904069
1776930052892649669 11611533
1776930052904188979 11539310
1776930052915748289 11559310
1776930052927691802 11943513
1776930052939469612 11777810
1776930052951024200 11554588
1776930052962592269 11568069
1776930052974126357 11534088
1776930052985874593 11748236
1776930052997605662 11731069
1776930053009177065 11571403
1776930053020756597 11579532
1776930053032273722 11517125
1776930053043985088 11711366
1776930053055770621 11785533
1776930053067331005 11560384
1776930053078861538 11530533
1776930053090360700 11499162
1776930053101988010 11627310
1776930053113536635 11548625
1776930053125101927 11565292
1776930053136652867 11550940
1776930053148170418 11517551
1776930053159814728 11644310
1776930053171432576 11617848
1776930053182970645 11538069
1776930053194509882 11539237
1776930053206037210 11527328
1776930053217669058 11631848
1776930053229227720 11558662
1776930053240779678 11551958
1776930053252309415 11529737
1776930053263833521 11524106
1776930053275594202 11760681
1776930053287160716 11566514
1776930053298708748 11548032
1776930053310266503 11557755
1776930053321937906 11671403
1776930053333705735 11767829
1776930053345278490 11572755
1776930053356837874 11559384
1776930053368389647 11551773
1776930053380034420 11644773
1776930053391883897 11849477
1776930053403464319 11580422
1776930053415020296 11555977
1776930053426543680 11523384
1776930053438280157 11736477
1776930053450018930 11738773
1776930053461586037 11567107
1776930053473160162 11574125
1776930053484726343 11566181
1776930053496700560 11974217
1776930053508360574 11660014
1776930053519918607 11558033
1776930053531484621 11566014
1776930053543024431 11539810
1776930053554644464 11620033
1776930053566225404 11580940
1776930053577747640 11522236
1776930053589266487 11518847
1776930053600928686 11662199
1776930053612594849 11666163
1776930053624170177 11575328
1776930053635708914 11538737
1776930053647218020 11509106
1776930053658737997 11519977
1776930053670363252 11625255
1776930053681907396 11544144
1776930053693450576 11543180
1776930053705027757 11577181
1776930053716699401 11671644
1776930053728553007 11853606
1776930053740160317 11607310
1776930053751709350 11549033
1776930053763228883 11519533
1776930053774836471 11607588
1776930053786798633 11962162
1776930053798379462 11580829
1776930053809921661 11542199
1776930053821460082 11538421
1776930053833299429 11839347
1776930053845043888 11744459
1776930053856636735 11592847
1776930053868170249 11533514
1776930053879738819 11568570
1776930053891571333 11832514
1776930053903332995 11761662
1776930053914918675 11585680
1776930053926449801 11531126
1776930053937983500 11533699
1776930053949899310 11915810
1776930053961571324 11672014
1776930053973124190 11552866
1776930053984672871 11548681
1776930053996185829 11512958
1776930054007874732 11688903
1776930054019480672 11605940
1776930054031042964 11562292
1776930054042591831 11548867
1776930054054118863 11527032
1776930054065744693 11625830
1776930054077318040 11573347
1776930054088869425 11551385
1776930054100402087 11532662
1776930054111937880 11535793
1776930054123579746 11641866
1776930054135172408 11592662
1776930054146729682 11557274
1776930054158250048 11520366
1776930054169763155 11513107
1776930054181393040 11629885
1776930054193035850 11642810
1776930054204636790 11600940
1776930054216192323 11555533
1776930054227830282 11637959
1776930054239593389 11763107
1776930054251171811 11578422
1776930054262731732 11559921
1776930054274264006 11532274
1776930054285944835 11680829
1776930054297780220 11835385
1776930054309374345 11594125
1776930054320998045 11623700
1776930054332592022 11593977
1776930054344302536 11710514
1776930054356104662 11802126
1776930054367716657 11611995
1776930054379262764 11546107
1776930054390785223 11522459
1776930054402463737 11678514
1776930054414186418 11722681
1776930054425732396 11545978
1776930054437223466 11491070
1776930054448740461 11516995
1776930054460361439 11620978
1776930054472344546 11983107
1776930054483925819 11581273
1776930054495510296 11584477
1776930054507042737 11532441
1776930054518749066 11706329
1776930054530303488 11554422
1776930054541863780 11560292
1776930054553397535 11533755
1776930054564908197 11510662
1776930054576595415 11687218
1776930054588151689 11556274
1776930054599688185 11536496
1776930054611214273 11526088
1776930054622721417 11507144
1776930054634353820 11632403
1776930054645906649 11552829
1776930054657445405 11538756
1776930054668966771 11521366
1776930054680474285 11507514
1776930054692102503 11628218
1776930054703676110 11573607
1776930054715202328 11526218
1776930054726718435 11516107
1776930054738221653 11503218
1776930054749845075 11623422
1776930054761413348 11568273
1776930054772944715 11531367
1776930054784494118 11549403
1776930054796074299 11580181
1776930054807847276 11772977
1776930054819444790 11597514
1776930054830998990 11554200
1776930054842534115 11535125
1776930054854262685 11728570
1776930054866162977 11900292
1776930054877738899 11575922
1776930054889275376 11536477
1776930054900816057 11540681
1776930054912445183 11629126
1776930054924296808 11851625
1776930054935864137 11567329
1776930054947478837 11614700
1776930054959001036 11522199
1776930054971198791 12197755
1776930054982953880 11755089
1776930054994490986 11537106
1776930055006007927 11516941
1776930055017516478 11508551
1776930055029428734 11912256
1776930055041168600 11739866
1776930055052716152 11547552
1776930055064243407 11527255
1776930055075786348 11542941
1776930055087419122 11632774
1776930055098969229 11550107
1776930055110489540 11520311
1776930055122013332 11523792
1776930055133519921 11506589
1776930055145167473 11647552
1776930055156772802 11605329
1776930055168309947 11537145
1776930055179838461 11528514
1776930055191384865 11546404
1776930055203008620 11623755
1776930055214558190 11549570
1776930055226103335 11545145
1776930055237626905 11523570
1776930055249143697 11516792
1776930055260962175 11818478
1776930055272549449 11587274
1776930055284128075 11578626
1776930055295683978 11555903
1776930055307401956 11717978
1776930055319270229 11868273
1776930055330838059 11567830
1776930055342374870 11536811
1776930055353906866 11531996
1776930055365652214 11745348
1776930055377402840 11750626
1776930055389033410 11630570
1776930055400658591 11625181
1776930055412231939 11573348
1776930055423919620 11687681
1776930055435728746 11809126
1776930055447345613 11616867
1776930055458894442 11548829
1776930055470428253 11533811
1776930055482143342 11715089
1776930055493717486 11574144
1776930055505210704 11493218
1776930055516771071 11560367
1776930055528302549 11531478
1776930055539965359 11662810
1776930055551565374 11600015
1776930055563161611 11596237
1776930055574703626 11542015
1776930055586245751 11542125
1776930055597893118 11647367
1776930055609460873 11567755
1776930055621015221 11554348
1776930055632571995 11556774
1776930055644136232 11564237
1776930055655839321 11703089
1776930055667431132 11591811
1776930055679023202 11592070
1776930055690562402 11539200
1776930055702293046 11730644
1776930055714126338 11833292
1776930055725690983 11564645
1776930055737220849 11529866
1776930055748782308 11561459
1776930055760673304 11890996
1776930055772568837 11895533
1776930055784181741 11612904
1776930055795735904 11554163
1776930055807300752 11564848
1776930055819094748 11793996
1776930055830909188 11814440
1776930055842472332 11563144
1776930055854023495 11551163
1776930055865570121 11546626
1776930055877352969 11782848
1776930055889000558 11647589
1776930055900590128 11589570
1776930055912143772 11553644
1776930055923697990 11554218
1776930055935353987 11655997
1776930055946988186 11634199
1776930055958532794 11544608
1776930055970080179 11547385
1776930055981617656 11537477
1776930055993271115 11653459
1776930056004905426 11634311
1776930056016526349 11620923
1776930056028059586 11533237
1776930056039611693 11552107
1776930056051273653 11661960
1776930056062904742 11631089
1776930056074445720 11540978
1776930056085980494 11534774
1776930056097794731 11814237
1776930056109621635 11826904
1776930056121212557 11590922
1776930056132794869 11582312
1776930056144350309 11555440
1776930056156121917 11771608
1776930056167992635 11870718
1776930056179621724 11629089
1776930056191172369 11550645
1776930056202714347 11541978
1776930056214481621 11767274
1776930056226272710 11791089
1776930056237841021 11568311
1776930056249382036 11541015
1776930056260956014 11573978
1776930056272741714 11785700
1776930056284427637 11685923
1776930056296026448 11598811
1776930056307658333 11631885
1776930056319172941 11514608
1776930056330784493 11611552
1776930056342344693 11560200
1776930056353914356 11569663
1776930056365444427 11530071
1776930056376992627 11548200
1776930056388676308 11683681
1776930056400322286 11645978
1776930056411872338 11550052
1776930056423431483 11559145
1776930056434964313 11532830
1776930056446654994 11690681
1776930056458240509 11585515
1776930056469816098 11575589
1776930056481357150 11541052
1776930056493055425 11698275
1776930056504914606 11859181
1776930056516503454 11588848
1776930056528106340 11602886
1776930056539697040 11590700
1776930056551524333 11827293
1776930056563279292 11754959
1776930056574842696 11563404
1776930056586374044 11531348
1776930056597902985 11528941
1776930056609551852 11648867
1776930056621298830 11746978
1776930056632866011 11567181
1776930056644377193 11511182
1776930056655906041 11528848
1776930056667581297 11675256
1776930056679313053 11731756
1776930056690843697 11530644
1776930056702397212 11553515
1776930056713944579 11547367
1776930056725699149 11754570
1776930056737267738 11568589
1776930056748831198 11563460
1776930056760355380 11524182
1776930056771870524 11515144
1776930056783516206 11645682
1776930056795095610 11579404
1776930056806636421 11540811
1776930056818147917 11511496
1776930056829665840 11517923
1776930056841301207 11635367
1776930056852862388 11561181
1776930056864406607 11544219
1776930056875935844 11529237
1776930056887479063 11543219
1776930056899073448 11594385
1776930056910625852 11552404
1776930056922160034 11534182
1776930056933678937 11518903
1776930056945376508 11697571
1776930056957242264 11865756
1776930056968874075 11631811
1776930056980431830 11557755
1776930056991958327 11526497
1776930057003705564 11747237
1776930057015483987 11778423
1776930057027047409 11563422
1776930057038600165 11552756
1776930057050128477 11528312
1776930057061809066 11680589
1776930057073568452 11759386
1776930057085143115 11574663
1776930057096728668 11585553
1776930057108270924 11542256
1776930057119950494 11679570
1776930057131659862 11709368
1776930057143193840 11533978
1776930057154700503 11506663
1776930057166227593 11527090
1776930057177960737 11733144
1776930057189522994 11562257
1776930057201068472 11545478
1776930057212614172 11545700
1776930057224146706 11532534
1776930057235798129 11651423
1776930057247403200 11605071
1776930057258936789 11533589
1776930057270446786 11509997
1776930057281958375 11511589
1776930057293583390 11625015
1776930057305161276 11577886
1776930057316712273 11550997
1776930057328249788 11537515
1776930057339764303 11514515
1776930057351430004 11665701
1776930057362980260 11550256
1776930057374520034 11539774
1776930057386076253 11556219
1776930057397797880 11721627
1776930057409553025 11755145
1776930057421103206 11550181
1776930057432696407 11593201
1776930057444254978 11558571
1776930057455937530 11682552
1776930057467627045 11689515
1776930057479191875 11564830
1776930057490716650 11524775
1776930057502243128 11526478
1776930057514033921 11790793
1776930057525972085 11938164
1776930057537532933 11560848
1776930057549060152 11527219
1776930057560616871 11556719
1776930057572761090 12144219
1776930057584613550 11852460
1776930057596162620 11549070
1776930057607788617 11625997
1776930057619315762 11527145
1776930057630932240 11616478
1776930057642521311 11589071
1776930057654069419 11548108
1776930057665666101 11596682
1776930057677245894 11579793
1776930057688941391 11695497
1776930057700540776 11599385
1776930057712094255 11553479
1776930057723666733 11572478
1776930057735191600 11524867
1776930057746803004 11611404
1776930057758365260 11562256
1776930057769913794 11548534
1776930057781437920 11524126
1776930057793082788 11644868
1776930057804844525 11761737
1776930057816420522 11575997
1776930057828002704 11582182
1776930057839565404 11562700
1776930057851236716 11671312
1776930057862964583 11727867
1776930057874518431 11553848
1776930057886057021 11538590
1776930057897587462 11530441
1776930057909352218 11764756
1776930057921170863 11818645
1776930057932756045 11585182
1776930057944297671 11541626
1776930057955831298 11533627
1776930057968160831 12329533
1776930057979847791 11686960
1776930057991432621 11584830
1776930058002955229 11522608
1776930058014478281 11523052
1776930058026109093 11630812
1776930058037629998 11520905
1776930058049175773 11545775
1776930058060724862 11549089
1776930058072248896 11524034
1776930058083871005 11622109
1776930058095440465 11569460
1776930058107002554 11562089
1776930058118556014 11553460
1776930058130085085 11529071
1776930058141707120 11622035
1776930058153304394 11597274
1776930058164928169 11623775
1776930058176464870 11536701
1776930058187982774 11517904
1776930058199695012 11712238
1776930058211238843 11543831
1776930058222761988 11523145
1776930058234284004 11522016
1776930058245945371 11661367
1776930058257670627 11725256
1776930058269242421 11571794
1776930058280792270 11549849
1776930058292302267 11509997
1776930058303909690 11607423
1776930058315794705 11885015
1776930058327362610 11567905
1776930058338909625 11547015
1776930058350415215 11505590
1776930058362133138 11717923
1776930058373846024 11712886
1776930058385413799 11567775
1776930058396977296 11563497
1776930058408517404 11540108
1776930058420426086 11908682
1776930058432107287 11681201
1776930058443679969 11572682
1776930058455212577 11532608
1776930058466744963 11532386
1776930058478388275 11643312
1776930058489936180 11547905
1776930058501461306 11525126
1776930058513022526 11561220
1776930058524574671 11552145
1776930058536227631 11652960
1776930058547803887 11576256
1776930058559357866 11553979
1776930058570880326 11522460
1776930058582395990 11515664
1776930058594013616 11617626
1776930058605813095 11799479
1776930058617690295 11877200
1776930058629476367 11786072
1776930058641659937 12183570
1776930058653728231 12068294
1776930058665545061 11816830
1776930058677248762 11703701
1776930058689464259 12215497
1776930058701368608 11904349
1776930058714230364 12861756
1776930058725920083 11689719
1776930058737763506 11843423
1776930058749535799 11772293
1776930058761300407 11764608
1776930058773219256 11918849
1776930058785260938 12041682
1776930058797149898 11888960
1776930058809064654 11914756
1776930058820887448 11822794
1776930058832655074 11767626
1776930058844428553 11773479
1776930058856256217 11827664
1776930058867973695 11717478
1776930058879807081 11833386
1776930058891528708 11721627
1776930058903524686 11995978
1776930058915259553 11734867
1776930058926943254 11683701
1776930058939094196 12150942
1776930058950864359 11770163
1776930058962678116 11813757
1776930058974658113 11979997
1776930058986560258 11902145
1776930058998367718 11807460
1776930059010364993 11997275
1776930059022099082 11734089
1776930059033794506 11695424
1776930059046037818 12243312
1776930059058176185 12138367
1776930059069808072 11631887
1776930059081540958 11732886
1776930059093324659 11783701
1776930059105357027 12032368
1776930059117203191 11846164
1776930059129014040 11810849
1776930059140884241 11870201
1776930059152547220 11662979
1776930059164736976 12189756
1776930059176725492 11988516
1776930059188457526 11732034
1776930059200382857 11925331
1776930059212048262 11665405
1776930059224282500 12234238
1776930059236011127 11728627
1776930059249116420 13105293
1776930059260942769 11826349
1776930059272727044 11784275
1776930059284847597 12120553
1776930059296781168 11933571
1776930059309463721 12682553
1776930059321275089 11811368
1776930059333369882 12094793
1776930059345193787 11823905
1776930059357762507 12568720
1776930059369482745 11720238
1776930059381109353 11626608
1776930059393997776 12888423
1776930059405987681 11989905
1776930059417761012 11773331
1776930059429520324 11759312
1776930059441175377 11655053
1776930059453442096 12266719
1776930059465277908 11835812
1776930059476953609 11675701
1776930059488699255 11745646
1776930059500530308 11831053
1776930059512371416 11841108
1776930059524297413 11925997
1776930059536307355 12009942
1776930059548640630 12333275
1776930059560976016 12335386
1776930059573300124 12324108
1776930059584941659 11641535
1776930059596672934 11731275
1776930059608394839 11721905
1776930059620059244 11664405
1776930059632021963 11962719
1776930059657939142 25917179
1776930059669508695 11569553
1776930059681430544 11921849
1776930059693472264 12041720
1776930059705265021 11792757
1776930059718073907 12808886
1776930059729708774 11634867
1776930059741423438 11714664
1776930059753166621 11743183
1776930059764927785 11761164
1776930059777003375 12075590
1776930059789386576 12383201
1776930059801183221 11796645
1776930059813245533 12062312
1776930059825166679 11921146
1776930059836831583 11664904
1776930059848513914 11682331
1776930059860159486 11645572
1776930059872343316 12183830
1776930059883999258 11655942
1776930059896641255 12641997
1776930059908401067 11759812
1776930059920445546 12044479
1776930059932132451 11686905
1776930059944019078 11886627
1776930059955701501 11682423
1776930059968011443 12309942
1776930059980349718 12338275
1776930059992229622 11879904
1776930060004048231 11818609
1776930060015765191 11716960
1776930060027700948 11935757
1776930060039851224 12150276
1776930060051928221 12076997
1776930060063612367 11684146
1776930060075238902 11626535
1776930060087115788 11876886
1776930060098912860 11797072
1776930060111267080 12354220
1776930060123018818 11751738
1776930060134856001 11837183
1776930060146979610 12123609
1776930060158832441 11852831
1776930060170484309 11651868
1776930060182083232 11598923
1776930060193724434 11641202
1776930060205310209 11585775
1776930060217844059 12533850
1776930060229981112 12137053
1776930060241715869 11734757
1776930060253605959 11890090
1776930060265724086 12118127
1776930060277553732 11829646
1776930060289295174 11741442
1776930060301110116 11814942
1776930060312946928 11836812
1776930060324876204 11929276
1776930060336614887 11738683
1776930060348247607 11632720
1776930060359889030 11641423
1776930060371657565 11768535
1776930060383692377 12034812
1776930060396150856 12458479
1776930060407821447 11670591
1776930060419626500 11805053
1776930060431523090 11896590
1776930060443653088 12129998
1776930060455543770 11890682
1776930060467411379 11867609
1776930060479530988 12119609
1776930060491165115 11634127
1776930060502812113 11646998
1776930060515176314 12364201
1776930060526843052 11666738
1776930060538536791 11693739
1776930060550294918 11758127
1776930060562093138 11798220
1776930060573720821 11627683
1776930060585359189 11638368
1776930060597068446 11709257
1776930060609678740 12610294
1776930060621413552 11734812
1776930060633254531 11840979
1776930060645241010 11986479
1776930060657188989 11947979
1776930060669124302 11935313
1776930060681181429 12057127
1776930060692871890 11690461
1776930060704542517 11670627
1776930060716203218 11660701
1776930060729013568 12810350
1776930060741077176 12063608
1776930060752754878 11677702
1776930060764539320 11784442
1776930060776575836 12036516
1776930060788326426 11750590
1776930060800562831 12236405
1776930060812300792 11737961
1776930060823986475 11685683
1776930060835818454 11831979
1776930060848143525 12325071
1776930060860218245 12074720
1776930060871985761 11767516
1776930060884053648 12067887
1776930060896017479 11963831
1776930060908050995 12033516
1776930060920260733 12209738
1776930060932039898 11779165
1776930060944251247 12211349
1776930060956225893 11974646
1776930060968016539 11790646
1776930060979745684 11729145
1776930060991451052 11705368
1776930061003452180 12001128
1776930061015190567 11738387
1776930061027230861 12040294
1776930061038853859 11622998
1776930061050516672 11662813
1776930061062323984 11807312
1776930061074544630 12220646
1776930061086175406 11630776
1776930061097888200 11712794
1776930061109654995 11766795
1776930061121526993 11871998
1776930061133368435 11841442
1776930061145126711 11758276
1776930061156851320 11724609
1776930061168628077 11776757
1776930061180991149 12363072
1776930061193002888 12011739
1776930061204886941 11884053
1776930061217451717 12564776
1776930061229180455 11728738
1776930061240938694 11758239
1776930061253662711 12724017
1776930061265407264 11744553
1776930061277402706 11995442
1776930061289373260 11970554
1776930061301296036 11922776
1776930061313318108 12022072
1776930061325058106 11739998
1776930061336652733 11594627
1776930061348267250 11614517
1776930061360165377 11898127
1776930061371956357 11790980
1776930061383743151 11786794
1776930061395455705 11712554
1776930061407396925 11941220
1776930061419808904 12411979
1776930061431984457 12175553
1776930061443879567 11895110
1776930061455646842 11767275
1776930061467859970 12213128
1776930061481013282 13153312
1776930061492757928 11744646
1776930061504626056 11868128
1776930061516476610 11850554
1776930061528346033 11869423
1776930061540308494 11962461
1776930061552180381 11871887
1776930061563936805 11756424
1776930061575713118 11776313
1776930061587843542 12130424
1776930061599492354 11648812
1776930061611282927 11790573
1776930061623048628 11765701
1776930061634794589 11745961
1776930061646688587 11893998
1776930061658316844 11628257
1776930061669909546 11592702
1776930061681472174 11562628
1776930061693181912 11709738
1776930061705024540 11842628
1776930061716876797 11852257
1776930061728857147 11980350
1776930061740582812 11725665
1776930061752190680 11607868
1776930061764521807 12331127
1776930061776171472 11649665
1776930061787818544 11647072
1776930061799522764 11704220
1776930061811339762 11816998
1776930061823630075 12290313
1776930061835621462 11991387
1776930061847448701 11827239
1776930061859313773 11865072
1776930061871117659 11803886
1776930061883020009 11902350
1776930061894767433 11747424
1776930061906417690 11650257
1776930061918029299 11611609
1776930061929684427 11655128
1776930061942202018 12517591
1776930061953885515 11683497
1776930061965804773 11919258
1776930061977894808 12090035
1776930061989712046 11817238
1776930062001564118 11852072
1776930062013476376 11912258
1776930062025350337 11873961
1776930062037211780 11861443
1776930062049041445 11829665
1776930062060807795 11766350
1776930062073288682 12480887
1776930062085077588 11788906
1776930062096983993 11906405
1776930062109070066 12086073
1776930062120925879 11855813
1776930062132697358 11771479
1776930062144616560 11919202
1776930062156894725 12278165
1776930062168673686 11778961
1776930062180401166 11727480
1776930062192211535 11810369
1776930062203869015 11657480
1776930062215872105 12003090
1776930062227772863 11900758
1776930062239481232 11708369
1776930062251278489 11797257
1776930062263142617 11864128
1776930062274803726 11661109
1776930062286838447 12034721
1776930062298651204 11812757
1776930062310322629 11671425
1776930062322012442 11689813
1776930062333833144 11820702
1776930062345886827 12053683
1776930062357541659 11654832
1776930062369482324 11940665
1776930062381294507 11812183
1776930062393149431 11854924
1776930062405377152 12227721
1776930062417276428 11899276
1776930062429590389 12313961
1776930062441231961 11641572
1776930062453166719 11934758
1776930062464680810 11514091
1776930062476221327 11540517
1776930062487869769 11648442
1776930062499873934 12004165
1776930062512004321 12130387
1776930062523661375 11657054
1776930062535238337 11576962
1776930062546923705 11685368
1776930062560579185 13655480
1776930062572315442 11736257
1776930062584242015 11926573
1776930062596230494 11988479
1776930062608155307 11924813
1776930062620254213 12098906
1776930062632120341 11866128
1776930062644041747 11921406
1776930062655819856 11778109
1776930062667826762 12006906
1776930062679743501 11916739
1776930062691633314 11889813
1776930062703668979 12035665
1776930062715306162 11637183
1776930062727662642 12356480
1776930062739961603 12298961
1776930062751702064 11740461
1776930062763378988 11676924
1776930062774975820 11596832
1776930062786780948 11805128
1776930062798595187 11814239
1776930062810336222 11741035
1776930062822527943 12191721
1776930062834171200 11643257
1776930062845910328 11739128
1776930062857878512 11968184
1776930062869473232 11594720
1776930062881279304 11806072
1776930062893156692 11877388
1776930062904838264 11681572
1776930062916795799 11957535
1776930062928407038 11611239
1776930062940117907 11710869
1776930062951725165 11607258
1776930062963370181 11645016
1776930062975024995 11654814
1776930062986670215 11645220
1776930062998351102 11680887
1776930063010167360 11816258
1776930063022162488 11995128
1776930063033962468 11799980
1776930063045746763 11784295
1776930063057574706 11827943
1776930063069526297 11951591
1776930063081492999 11966702
1776930063093410498 11917499
1776930063105088774 11678276
1776930063116734162 11645388
1776930063128414568 11680406
1776930063141344455 12929887
1776930063152975787 11631332
1776930063164657397 11681610
1776930063176282988 11625591
1776930063188207394 11924406
1776930063199980670 11773276
1776930063211801762 11821092
1776930063224062482 12260720
1776930063236110388 12047906
1776930063248469072 12358684
1776930063260599126 12130054
1776930063272346940 11747814
1776930063284170068 11823128
1776930063295960307 11790239
1776930063307767046 11806739
1776930063319487378 11720332
1776930063331292488 11805110
1776930063343126913 11834425
1776930063354816356 11689443
1776930063367073225 12256869
1776930063378913556 11840331
1776930063390536907 11623351
1776930063402532980 11996073
1776930063414448441 11915461
1776930063426790995 12342554
1776930063438758679 11967684
1776930063450483215 11724536
1776930063462346195 11862980
1776930063474177378 11831183
1776930063486310099 12132721
1776930063498054561 11744462
1776930063509745856 11691295
1776930063521322928 11577072
1776930063533570501 12247573
1776930063545495925 11925424
1776930063557476998 11981073
1776930063569202830 11725832
1776930063580834792 11631962
1776930063592653494 11818702
1776930063604619178 11965684
1776930063616601306 11982128
1776930063628086249 11484943
1776930063639606173 11519924
1776930063651177135 11570962
1776930063662648578 11471443
1776930063674102891 11454313
1776930063685591983 11489092
1776930063697060518 11468535
1776930063708637036 11576518
1776930063720113793 11476757
1776930063731671644 11557851
1776930063743115902 11444258
1776930063754691771 11575869
1776930063766598510 11906739
1776930063778181823 11583313
1776930063789723822 11541999
1776930063801287728 11563906
1776930063813068819 11781091
1776930063825078892 12010073
1776930063836670446 11591554
1776930063848223630 11553184
1776930063859783906 11560276
1776930063871634609 11850703
1776930063883428903 11794294
1776930063894984402 11555499
1776930063906500919 11516517
1776930063918009918 11508999
1776930063930160861 12150943
1776930063941734711 11573850
1776930063953226951 11492240
1776930063964778431 11551480
1776930063976294559 11516128
1776930063987871261 11576702
1776930063999448575 11577314
1776930064010966074 11517499
1776930064022499424 11533350
1776930064034019868 11520444
1776930064045610533 11590665
1776930064057154384 11543851
1776930064068697420 11543036
1776930064080214937 11517517
1776930064091770529 11555592
1776930064103390528 11619999
1776930064114944138 11553610
1776930064126466544 11522406
1776930064137999951 11533407
1776930064149627968 11628017
1776930064161433708 11805740
1776930064173015725 11582017
1776930064184609631 11593906
1776930064196151871 11542240
1776930064207861889 11710018
1776930064219637721 11775832
1776930064231213220 11575499
1776930064242765737 11552517
1776930064254280718 11514981
1776930064266191846 11911128
1776930064277998363 11806517
1776930064289566696 11568333
1776930064301122176 11555480
1776930064312688453 11566277
1776930064324958637 12270184
1776930064336665599 11706962
1776930064348195838 11530239
1776930064359793985 11598147
1776930064371410521 11616536
1776930064383032317 11621796
1776930064394588241 11555924
1776930064406166703 11578462
1776930064417702443 11535740
1776930064429233479 11531036
1776930064440882107 11648628
1776930064452440125 11558018
1776930064464012791 11572666
1776930064475560826 11548035
1776930064487106640 11545814
1776930064498700028 11593388
1776930064510266268 11566240
1776930064521796396 11530128
1776930064533330043 11533647
1776930064544855450 11525407
1776930064556889819 12034369
1776930064568476577 11586758
1776930064580034243 11557666
1776930064591576575 11542332
1776930064603312870 11736295
1776930064615282313 11969443
1776930064626869053 11586740
1776930064638474682 11605629
1776930064650012940 11538258
1776930064661894216 11881276
1776930064673813160 11918944
1776930064685412177 11599017
1776930064697002213 11590036
1776930064708580934 11578721
1776930064720464285 11883351
1776930064732385043 11920758
1776930064743927227 11542184
1776930064755501263 11574036
1776930064767019707 11518444
1776930064778632983 11613276
1776930064790184890 11551907
1776930064801721852 11536962
1776930064813263110 11541258
1776930064824829016 11565906
1776930064836452126 11623110
1776930064848049384 11597258
1776930064859590513 11541129
1776930064871119401 11528888
1776930064882662288 11542887
1776930064894279158 11616870
1776930064905833157 11553999
1776930064917386841 11553684
1776930064928922377 11535536
1776930064940516579 11594202
1776930064952277208 11760629
1776930064963864781 11587573
1776930064975415187 11550406
1776930064986930279 11515092
1776930064998602926 11672647
1776930065010323240 11720314
1776930065021871887 11548647
1776930065033400312 11528425
1776930065044933219 11532907
1776930065056633625 11700406
1776930065068389791 11756166
1776930065080005124 11615333
1776930065091550530 11545406
1776930065103078882 11528352
1776930065114858159 11779277
1776930065126672380 11814221
1776930065138256824 11584444
1776930065149784749 11527925
1776930065161312989 11528240
1776930065173171414 11858425
1776930065184836432 11665018
1776930065196378912 11542480
1776930065207920578 11541666
1776930065219466429 11545851
1776930065231090521 11624092
1776930065242635372 11544851
1776930065254153501 11518129
1776930065265662111 11508610
1776930065277230370 11568259
1776930065288891036 11660666
1776930065300443868 11552832
1776930065312018812 11574944
1776930065323570033 11551221
1776930065335084033 11514000
1776930065346704958 11620925
1776930065358291124 11586166
1776930065369842197 11551073
1776930065381377918 11535721
1776930065392933807 11555889
1776930065404932787 11998980
1776930065416527268 11594481
1776930065428052508 11525240
1776930065439614026 11561518
1776930065451319988 11705962
1776930065463135561 11815573
1776930065474673783 11538222
1776930065486210337 11536554
1776930065497731244 11520907
1776930065509378447 11647203
1776930065521165779 11787332
1776930065532719668 11553889
1776930065544280630 11560962
1776930065555832166 11551536
1776930065567619628 11787462
1776930065579429127 11809499
1776930065590985497 11556370
1776930065602527570 11542073
1776930065614044829 11517259
1776930065625729939 11685110
1776930065637387235 11657296
1776930065648960197 11572962
1776930065660503789 11543592
1776930065672042566 11538777
1776930065683662657 11620091
1776930065695222379 11559722
1776930065706748693 11526314
1776930065718263711 11515018
1776930065729762025 11498314
1776930065741371468 11609443
1776930065752925023 11553555
1776930065764445393 11520370
1776930065776031670 11586277
1776930065787572928 11541258
1776930065799166372 11593444
1776930065810704371 11537999
1776930065822224741 11520370
1776930065833736073 11511332
1776930065845260980 11524907
1776930065856987072 11726092
1776930065868566571 11579499
1776930065880092107 11525536
1776930065891626162 11534055
1776930065903255661 11629499
1776930065914985660 11729999
1776930065926522289 11536629
1776930065938067659 11545370
1776930065949584640 11516981
1776930065961426602 11841962
1776930065973161879 11735277
1776930065984742470 11580591
1776930065996266396 11523926
1776930066007763895 11497499
1776930066019484709 11720814
1776930066031273079 11788370
1776930066042835190 11562111
1776930066054348356 11513166
1776930066065850096 11501740
1776930066077540244 11690148
1776930066089230484 11690240
1776930066100795558 11565074
1776930066112337409 11541851
1776930066123866853 11529444
1776930066135514890 11648037
1776930066147081611 11566721
1776930066158619296 11537685
1776930066170154203 11534907
1776930066181658147 11503944
1776930066193337165 11679018
1776930066204905924 11568759
1776930066216449553 11543629
1776930066227974979 11525426
1776930066239508441 11533462
1776930066251124033 11615592
1776930066262678088 11554055
1776930066274205199 11527111
1776930066285742384 11537185
1776930066297251587 11509203
1776930066309258846 12007259
1776930066320842882 11584036
1776930066332394122 11551240
1776930066343956418 11562296
1776930066356224177 12267759
1776930066367986565 11762388
1776930066379565991 11579426
1776930066391096824 11530833
1776930066402600638 11503814
1776930066414231878 11631240
1776930066425996563 11764685
1776930066437546285 11549722
1776930066449096451 11550166
1776930066460624376 11527925
1776930066472362561 11738185
1776930066484288746 11926185
1776930066495851930 11563184
1776930066507434078 11582148
1776930066518967763 11533685
1776930066530602855 11635092
1776930066542189577 11586722
1776930066553733706 11544129
1776930066565271242 11537536
1776930066576854649 11583407
1776930066588466593 11611944
1776930066600084315 11617722
1776930066611637074 11552759
1776930066623188388 11551314
1776930066634714443 11526055
1776930066646326202 11611759
1776930066657911405 11585203
1776930066669455868 11544463
1776930066680979738 11523870
1776930066692568941 11589203
1776930066704373144 11804203
1776930066715970014 11596870
1776930066727533051 11563037
1776930066739059069 11526018
1776930066750746068 11686999
1776930066762523920 11777852
1776930066774108030 11584110
1776930066785669585 11561555
1776930066797204640 11535055
1776930066808884399 11679759
1776930066820926621 12042222
1776930066832516065 11589444
1776930066844063490 11547425
1776930066855617860 11554370
1776930066867361415 11743555
1776930066879114896 11753481
1776930066890671822 11556926
1776930066902207247 11535425
1776930066913707099 11499852
1776930066925390117 11683018
1776930066937119190 11729073
1776930066948710597 11591407
1776930066960246523 11535926
1776930066971756244 11509721
1776930066983390948 11634704
1776930066994937577 11546629
1776930067006456298 11518721
1776930067017999595 11543297
1776930067029496428 11496833
1776930067041142946 11646518
1776930067052774798 11631852
1776930067064310761 11535963
1776930067075826538 11515777
1776930067087382557 11556019
1776930067098997982 11615425
1776930067110563890 11565908
1776930067122113556 11549666
1776930067133628871 11515315
1776930067145176945 11548074
1776930067157148111 11971166
1776930067168765759 11617648
1776930067180320296 11554537
1776930067191850851 11530555
1776930067203605499 11754648
1776930067215406055 11800556
1776930067226957388 11551333
1776930067238510073 11552685
1776930067250045054 11534981
1776930067262161165 12116111
1776930067274134517 11973352
1776930067285734313 11599796
1776930067297292090 11557777
1776930067308846183 11554093
1776930067320635201 11789018
1776930067332458423 11823222
1776930067344070905 11612482
1776930067355652367 11581462
1776930067367186534 11534167
1776930067378814534 11628000
1776930067390343719 11529185
1776930067401883922 11540203
1776930067413428941 11545019
1776930067424982551 11553610
1776930067436632625 11650074
1776930067448210496 11577871
1776930067459796829 11586333
1776930067471345736 11548907
1776930067482859662 11513926
1776930067494469106 11609444
1776930067506014735 11545629
1776930067517543106 11528371
1776930067529131105 11587999
1776930067540677161 11546056
1776930067552529253 11852092
1776930067564073531 11544278
1776930067575612271 11538740
1776930067587123790 11511519
1776930067598818790 11695000
1776930067610637512 11818722
1776930067622190974 11553462
1776930067633716752 11525778
1776930067645230530 11513778
1776930067657526918 12296388
1776930067669357029 11830111
1776930067680946418 11589389
1776930067692502659 11556241
1776930067704047955 11545296
1776930067716305899 12257944
1776930067728021288 11715389
1776930067739592695 11571407
1776930067751121491 11528796
1776930067762632806 11511315
1776930067774263972 11631166
1776930067785850750 11586778
1776930067797416009 11565259
1776930067808967527 11551518
1776930067820499731 11532204
1776930067832111601 11611870
1776930067843688749 11577148
1776930067855223675 11534926
1776930067866765841 11542166
1776930067878318156 11552315
1776930067889942767 11624611
1776930067901502581 11559814
1776930067913042155 11539574
1776930067924601340 11559185
1776930067936116210 11514870
1776930067947927062 11810852
1776930067959507284 11580222
1776930067971049080 11541796
1776930067982581543 11532463
1776930067994298598 11717055
1776930068006137858 11839260
1776930068017704080 11566222
1776930068029267339 11563259
1776930068040822414 11555075
1776930068052555377 11732963
1776930068064295210 11739833
1776930068075873692 11578482
1776930068087414266 11540574
1776930068098932488 11518222
1776930068110769840 11837352
1776930068122622192 11852352
1776930068134179729 11557537
1776930068145717952 11538223
1776930068157238044 11520092
1776930068169263489 12025445
1776930068180887026 11623537
1776930068192420508 11533482
1776930068204057841 11637333
1776930068215637156 11579315
1776930068227266193 11629037
1776930068238827397 11561204
1776930068250355897 11528500
1776930068261863823 11507926
1776930068273392064 11528241
1776930068285030620 11638556
1776930068296605916 11575296
1776930068308150194 11544278
1776930068319674065 11523871
1776930068331186713 11512648
1776930068342773546 11586833
1776930068354304750 11531204
1776930068365838991 11534241
1776930068377367899 11528908
1776930068389095954 11728055
1776930068401035751 11939797
1776930068412633899 11598148
1776930068424159103 11525204
1776930068435692529 11533426
1776930068447406918 11714389
1776930068459203363 11796445
1776930068470760418 11557055
1776930068482295863 11535445
1776930068493837493 11541630
1776930068505597030 11759537
1776930068517366993 11769963
1776930068529043697 11676704
1776930068540610123 11566426
1776930068552140197 11530074
1776930068564136734 11996537
1776930068575842456 11705722
1776930068587408808 11566352
1776930068598916512 11507704
