1773150078522577414 C1_BASELINE_START
1773150138524471180 C1_BASELINE_END
1773150138527601514 C1_INTERVENTION_START
1773150318531843715 C1_INTERVENTION_END
1773150318532695641 C1_RECOVERY_R1_START
1773150498534512388 C1_RECOVERY_R1_END
1773150498535557277 C1_RECOVERY_R2_START
1773150798017679076 C1_RECOVERY_R2_END
1773150798018522687 C1_POSTBASELINE_START
1773150858020305790 C1_POSTBASELINE_END
1773150858022504157 C2_BASELINE_START
1773150918024372707 C2_BASELINE_END
1773150918027533899 C2_INTERVENTION_START
1773151098032334763 C2_INTERVENTION_END
1773151098034039633 C2_RECOVERY_R1_START
1773151278035918230 C2_RECOVERY_R1_END
1773151278036895830 C2_RECOVERY_R2_START
1773151578028151803 C2_RECOVERY_R2_END
1773151578029083957 C2_POSTBASELINE_START
1773151638030927590 C2_POSTBASELINE_END
1773151638033131379 C3_BASELINE_START
1773151698035027994 C3_BASELINE_END
1773151698038261696 C3_INTERVENTION_START
1773151878042883805 C3_INTERVENTION_END
1773151878043783642 C3_RECOVERY_R1_START
1773152058045568476 C3_RECOVERY_R1_END
1773152058046550331 C3_RECOVERY_R2_START
1773152358048741522 C3_RECOVERY_R2_END
1773152358049625544 C3_POSTBASELINE_START
1773152418051428998 C3_POSTBASELINE_END
