1770720891183551052 R2_IDLE_A seconds=60
1770720951187331059 PROBE_A_START program=low
1770720951199524208 PROBE_A_END program=low
1770720951402489211 PROBE_A_START program=low
1770720951415202825 PROBE_A_END program=low
1770720951617851011 PROBE_A_START program=low
1770720951629973678 PROBE_A_END program=low
1770720951832631698 PROBE_A_START program=low
1770720951844772309 PROBE_A_END program=low
1770720952047427570 PROBE_A_START program=low
1770720952059498551 PROBE_A_END program=low
1770720952262151996 PROBE_A_START program=low
1770720952274309996 PROBE_A_END program=low
1770720952476987719 PROBE_A_START program=low
1770720952489053830 PROBE_A_END program=low
1770720952691775960 PROBE_A_START program=low
1770720952703938830 PROBE_A_END program=low
1770720952906630868 PROBE_A_START program=low
1770720952918662256 PROBE_A_END program=low
1770720953121359960 PROBE_A_START program=low
1770720953133572053 PROBE_A_END program=low
1770720953336287404 PROBE_A_START program=low
1770720953348467534 PROBE_A_END program=low
1770720953551103514 PROBE_A_START program=low
1770720953563234033 PROBE_A_END program=low
1770720953765875958 PROBE_A_START program=low
1770720953777908327 PROBE_A_END program=low
1770720953980591123 PROBE_A_START program=low
1770720953992756642 PROBE_A_END program=low
1770720954195419214 PROBE_A_START program=low
1770720954207524510 PROBE_A_END program=low
1770720954410185841 PROBE_A_START program=low
1770720954422271970 PROBE_A_END program=low
1770720954624947764 PROBE_A_START program=low
1770720954637030912 PROBE_A_END program=low
1770720954839725132 PROBE_A_START program=low
1770720954851922132 PROBE_A_END program=low
1770720955054679038 PROBE_A_START program=low
1770720955066858130 PROBE_A_END program=low
1770720955269664350 PROBE_A_START program=low
1770720955282257463 PROBE_A_END program=low
1770720955484876292 PROBE_A_START program=low
1770720955496972681 PROBE_A_END program=low
1770720955699706770 PROBE_A_START program=low
1770720955712024845 PROBE_A_END program=low
1770720955914696119 PROBE_A_START program=low
1770720955926806915 PROBE_A_END program=low
1770720956129492911 PROBE_A_START program=low
1770720956141642281 PROBE_A_END program=low
1770720956344306462 PROBE_A_START program=low
1770720956356587036 PROBE_A_END program=low
1770720956559247735 PROBE_A_START program=low
1770720956571328772 PROBE_A_END program=low
1770720956774033138 PROBE_A_START program=low
1770720956786164804 PROBE_A_END program=low
1770720956988860096 PROBE_A_START program=low
1770720957001052966 PROBE_A_END program=low
1770720957204148592 PROBE_A_START program=low
1770720957216478981 PROBE_A_END program=low
1770720957419231939 PROBE_A_START program=low
1770720957431435716 PROBE_A_END program=low
1770720957634090247 PROBE_A_START program=low
1770720957646184265 PROBE_A_END program=low
1770720957848787370 PROBE_A_START program=low
1770720957860530072 PROBE_A_END program=low
1770720958063190528 PROBE_A_START program=low
1770720958075256787 PROBE_A_END program=low
1770720958277898261 PROBE_A_START program=low
1770720958290034946 PROBE_A_END program=low
1770720958492725087 PROBE_A_START program=low
1770720958504818586 PROBE_A_END program=low
1770720958707498097 PROBE_A_START program=low
1770720958719645504 PROBE_A_END program=low
1770720958922329886 PROBE_A_START program=low
1770720958934627275 PROBE_A_END program=low
1770720959137690102 PROBE_A_START program=low
1770720959150169048 PROBE_A_END program=low
1770720959352824873 PROBE_A_START program=low
1770720959364920724 PROBE_A_END program=low
1770720959567584419 PROBE_A_START program=low
1770720959579712585 PROBE_A_END program=low
1770720959782330650 PROBE_A_START program=low
1770720959794457391 PROBE_A_END program=low
1770720959997098808 PROBE_A_START program=low
1770720960009096622 PROBE_A_END program=low
1770720960211782149 PROBE_A_START program=low
1770720960223866944 PROBE_A_END program=low
1770720960426541120 PROBE_A_START program=low
1770720960438687397 PROBE_A_END program=low
1770720960641382165 PROBE_A_START program=low
1770720960653529479 PROBE_A_END program=low
1770720960856223470 PROBE_A_START program=low
1770720960868573581 PROBE_A_END program=low
1770720961071445924 PROBE_A_START program=low
1770720961084078148 PROBE_A_END program=low
1770720961286781785 PROBE_A_START program=low
1770720961298958377 PROBE_A_END program=low
1770720961501594848 PROBE_A_START program=low
1770720961513561846 PROBE_A_END program=low
1770720961716261576 PROBE_A_START program=low
1770720961728497131 PROBE_A_END program=low
1770720961931256824 PROBE_A_START program=low
1770720961943332842 PROBE_A_END program=low
1770720962146065942 PROBE_A_START program=low
1770720962158199052 PROBE_A_END program=low
1770720962361135948 PROBE_A_START program=low
1770720962373305614 PROBE_A_END program=low
1770720962575981454 PROBE_A_START program=low
1770720962588138120 PROBE_A_END program=low
1770720962790834071 PROBE_A_START program=low
1770720962803041756 PROBE_A_END program=low
1770720963005756003 PROBE_A_START program=low
1770720963019016951 PROBE_A_END program=low
1770720963221641086 PROBE_A_START program=low
1770720963233721696 PROBE_A_END program=low
1770720963436366738 PROBE_A_START program=low
1770720963448466348 PROBE_A_END program=low
1770720963651192113 PROBE_A_START program=low
1770720963663279445 PROBE_A_END program=low
1770720963866044098 PROBE_A_START program=low
1770720963878308339 PROBE_A_END program=low
1770720964081040418 PROBE_A_START program=low
1770720964093337436 PROBE_A_END program=low
1770720964296143996 PROBE_A_START program=low
1770720964308517385 PROBE_A_END program=low
1770720964511306741 PROBE_A_START program=low
1770720964523448481 PROBE_A_END program=low
1770720964726176541 PROBE_A_START program=low
1770720964738293725 PROBE_A_END program=low
1770720964941033007 PROBE_A_START program=low
1770720964953881750 PROBE_A_END program=low
1770720965156563494 PROBE_A_START program=low
1770720965168727548 PROBE_A_END program=low
1770720965371454070 PROBE_A_START program=low
1770720965383600680 PROBE_A_END program=low
1770720965586329127 PROBE_A_START program=low
1770720965598475330 PROBE_A_END program=low
1770720965801202721 PROBE_A_START program=low
1770720965813295091 PROBE_A_END program=low
1770720966016027427 PROBE_A_START program=low
1770720966028162111 PROBE_A_END program=low
1770720966230882094 PROBE_A_START program=low
1770720966243108815 PROBE_A_END program=low
1770720966445833761 PROBE_A_START program=low
1770720966458043094 PROBE_A_END program=low
1770720966660765577 PROBE_A_START program=low
1770720966672957891 PROBE_A_END program=low
1770720966875858208 PROBE_A_START program=low
1770720966888861526 PROBE_A_END program=low
1770720967091555045 PROBE_A_START program=low
1770720967103766785 PROBE_A_END program=low
1770720967306423359 PROBE_A_START program=low
1770720967318518247 PROBE_A_END program=low
1770720967521185950 PROBE_A_START program=low
1770720967533249875 PROBE_A_END program=low
1770720967735890116 PROBE_A_START program=low
1770720967748002503 PROBE_A_END program=low
1770720967950734837 PROBE_A_START program=low
1770720967962836447 PROBE_A_END program=low
1770720968165541501 PROBE_A_START program=low
1770720968177536851 PROBE_A_END program=low
1770720968380171295 PROBE_A_START program=low
1770720968392302515 PROBE_A_END program=low
1770720968594976014 PROBE_A_START program=low
1770720968607163032 PROBE_A_END program=low
1770720968809888087 PROBE_A_START program=low
1770720968822622458 PROBE_A_END program=low
1770720969025312624 PROBE_A_START program=low
1770720969037336103 PROBE_A_END program=low
1770720969240015490 PROBE_A_START program=low
1770720969252132748 PROBE_A_END program=low
1770720969454834672 PROBE_A_START program=low
1770720969466901337 PROBE_A_END program=low
1770720969669561445 PROBE_A_START program=low
1770720969681692722 PROBE_A_END program=low
1770720969884383256 PROBE_A_START program=low
1770720969896572200 PROBE_A_END program=low
1770720970099279882 PROBE_A_START program=low
1770720970111465214 PROBE_A_END program=low
1770720970314114174 PROBE_A_START program=low
1770720970326238005 PROBE_A_END program=low
1770720970528913391 PROBE_A_START program=low
1770720970541004648 PROBE_A_END program=low
1770720970743668867 PROBE_A_START program=low
1770720970756574980 PROBE_A_END program=low
1770720970959258569 PROBE_A_START program=low
1770720970971347660 PROBE_A_END program=low
1770720971173980248 PROBE_A_START program=low
1770720971186067820 PROBE_A_END program=low
1770720971388702463 PROBE_A_START program=low
1770720971400803628 PROBE_A_END program=low
1770720971603519753 PROBE_A_START program=low
1770720971615726160 PROBE_A_END program=low
1770720971818422544 PROBE_A_START program=low
1770720971830529672 PROBE_A_END program=low
1770720972033178296 PROBE_A_START program=low
1770720972045298239 PROBE_A_END program=low
1770720972247987400 PROBE_A_START program=low
1770720972260031009 PROBE_A_END program=low
1770720972462736484 PROBE_A_START program=low
1770720972474831612 PROBE_A_END program=low
1770720972677517347 PROBE_A_START program=low
1770720972690344608 PROBE_A_END program=low
1770720972893015639 PROBE_A_START program=low
1770720972905056822 PROBE_A_END program=low
1770720973107748408 PROBE_A_START program=low
1770720973119899203 PROBE_A_END program=low
1770720973322550288 PROBE_A_START program=low
1770720973334860287 PROBE_A_END program=low
1770720973537528928 PROBE_A_START program=low
1770720973549591870 PROBE_A_END program=low
1770720973752263900 PROBE_A_START program=low
1770720973764391398 PROBE_A_END program=low
1770720973967058873 PROBE_A_START program=low
1770720973979261834 PROBE_A_END program=low
1770720974181918085 PROBE_A_START program=low
1770720974194053972 PROBE_A_END program=low
1770720974396833872 PROBE_A_START program=low
1770720974409016907 PROBE_A_END program=low
1770720974611758769 PROBE_A_START program=low
1770720974624620123 PROBE_A_END program=low
1770720974827337781 PROBE_A_START program=low
1770720974839587872 PROBE_A_END program=low
1770720975042379605 PROBE_A_START program=low
1770720975054554585 PROBE_A_END program=low
1770720975257304705 PROBE_A_START program=low
1770720975269482426 PROBE_A_END program=low
1770720975472216101 PROBE_A_START program=low
1770720975484390415 PROBE_A_END program=low
1770720975687159053 PROBE_A_START program=low
1770720975699330181 PROBE_A_END program=low
1770720975902061320 PROBE_A_START program=low
1770720975914157225 PROBE_A_END program=low
1770720976116805382 PROBE_A_START program=low
1770720976128915454 PROBE_A_END program=low
1770720976331604887 PROBE_A_START program=low
1770720976343720219 PROBE_A_END program=low
1770720976546353430 PROBE_A_START program=low
1770720976558465168 PROBE_A_END program=low
1770720976761491529 PROBE_A_START program=low
1770720976774024215 PROBE_A_END program=low
1770720976976767241 PROBE_A_START program=low
1770720976988971221 PROBE_A_END program=low
1770720977191687616 PROBE_A_START program=low
1770720977203954615 PROBE_A_END program=low
1770720977406726103 PROBE_A_START program=low
1770720977418772823 PROBE_A_END program=low
1770720977621502626 PROBE_A_START program=low
1770720977633667606 PROBE_A_END program=low
1770720977836436594 PROBE_A_START program=low
1770720977848864204 PROBE_A_END program=low
1770720978051559785 PROBE_A_START program=low
1770720978063767820 PROBE_A_END program=low
1770720978266482844 PROBE_A_START program=low
1770720978278636657 PROBE_A_END program=low
1770720978481350681 PROBE_A_START program=low
1770720978493726106 PROBE_A_END program=low
1770720978696511000 PROBE_A_START program=low
1770720978709059889 PROBE_A_END program=low
1770720978911741042 PROBE_A_START program=low
1770720978923991448 PROBE_A_END program=low
1770720979126674841 PROBE_A_START program=low
1770720979138774765 PROBE_A_END program=low
1770720979341431880 PROBE_A_START program=low
1770720979353571896 PROBE_A_END program=low
1770720979556257178 PROBE_A_START program=low
1770720979568740807 PROBE_A_END program=low
1770720979771397737 PROBE_A_START program=low
1770720979783562383 PROBE_A_END program=low
1770720979986331962 PROBE_A_START program=low
1770720979998474459 PROBE_A_END program=low
1770720980201162240 PROBE_A_START program=low
1770720980213315608 PROBE_A_END program=low
1770720980415972389 PROBE_A_START program=low
1770720980428438629 PROBE_A_END program=low
1770720980631317114 PROBE_A_START program=low
1770720980643672890 PROBE_A_END program=low
1770720980846372504 PROBE_A_START program=low
1770720980858405576 PROBE_A_END program=low
1770720981061064652 PROBE_A_START program=low
1770720981073167631 PROBE_A_END program=low
1770720981275840337 PROBE_A_START program=low
1770720981287918797 PROBE_A_END program=low
1770720981490597187 PROBE_A_START program=low
1770720981502775834 PROBE_A_END program=low
1770720981705490817 PROBE_A_START program=low
1770720981717565147 PROBE_A_END program=low
1770720981920270594 PROBE_A_START program=low
1770720981932387406 PROBE_A_END program=low
1770720982135109000 PROBE_A_START program=low
1770720982147206293 PROBE_A_END program=low
1770720982349879627 PROBE_A_START program=low
1770720982362126681 PROBE_A_END program=low
1770720982564895311 PROBE_A_START program=low
1770720982577608719 PROBE_A_END program=low
1770720982780323941 PROBE_A_START program=low
1770720982792384235 PROBE_A_END program=low
1770720982995039402 PROBE_A_START program=low
1770720983007222678 PROBE_A_END program=low
1770720983209856973 PROBE_A_START program=low
1770720983221965730 PROBE_A_END program=low
1770720983424653840 PROBE_A_START program=low
1770720983436817004 PROBE_A_END program=low
1770720983639521244 PROBE_A_START program=low
1770720983651685075 PROBE_A_END program=low
1770720983854424723 PROBE_A_START program=low
1770720983866603165 PROBE_A_END program=low
1770720984069314090 PROBE_A_START program=low
1770720984081453754 PROBE_A_END program=low
1770720984284187215 PROBE_A_START program=low
1770720984296334472 PROBE_A_END program=low
1770720984499073433 PROBE_A_START program=low
1770720984511791007 PROBE_A_END program=low
1770720984714446579 PROBE_A_START program=low
1770720984726586688 PROBE_A_END program=low
1770720984929250038 PROBE_A_START program=low
1770720984941320702 PROBE_A_END program=low
1770720985143974236 PROBE_A_START program=low
1770720985156074992 PROBE_A_END program=low
1770720985358750341 PROBE_A_START program=low
1770720985370829190 PROBE_A_END program=low
1770720985573504649 PROBE_A_START program=low
1770720985585651073 PROBE_A_END program=low
1770720985788339144 PROBE_A_START program=low
1770720985800466586 PROBE_A_END program=low
1770720986003197879 PROBE_A_START program=low
1770720986015218190 PROBE_A_END program=low
1770720986217873056 PROBE_A_START program=low
1770720986229949961 PROBE_A_END program=low
1770720986432905680 PROBE_A_START program=low
1770720986445833125 PROBE_A_END program=low
1770720986648474528 PROBE_A_START program=low
1770720986660604692 PROBE_A_END program=low
1770720986863362095 PROBE_A_START program=low
1770720986875465778 PROBE_A_END program=low
1770720987078136032 PROBE_A_START program=low
1770720987090416104 PROBE_A_END program=low
1770720987293040820 PROBE_A_START program=low
1770720987305108021 PROBE_A_END program=low
1770720987507792145 PROBE_A_START program=low
1770720987519986717 PROBE_A_END program=low
1770720987722712656 PROBE_A_START program=low
1770720987734817634 PROBE_A_END program=low
1770720987937490591 PROBE_A_START program=low
1770720987949730923 PROBE_A_END program=low
1770720988157176677 PROBE_A_START program=low
1770720988169504139 PROBE_A_END program=low
1770720988372380447 PROBE_A_START program=low
1770720988385104151 PROBE_A_END program=low
1770720988587792737 PROBE_A_START program=low
1770720988599969104 PROBE_A_END program=low
1770720988802633894 PROBE_A_START program=low
1770720988814737002 PROBE_A_END program=low
1770720989017346643 PROBE_A_START program=low
1770720989028947638 PROBE_A_END program=low
1770720989231510277 PROBE_A_START program=low
1770720989243208161 PROBE_A_END program=low
1770720989445834820 PROBE_A_START program=low
1770720989457976706 PROBE_A_END program=low
1770720989660631605 PROBE_A_START program=low
1770720989672774380 PROBE_A_END program=low
1770720989875461965 PROBE_A_START program=low
1770720989887588351 PROBE_A_END program=low
1770720990090281953 PROBE_A_START program=low
1770720990102562784 PROBE_A_END program=low
1770720990305342035 PROBE_A_START program=low
1770720990317990923 PROBE_A_END program=low
1770720990520609969 PROBE_A_START program=low
1770720990532775133 PROBE_A_END program=low
1770720990735404827 PROBE_A_START program=low
1770720990747553639 PROBE_A_END program=low
1770720990950260982 PROBE_A_START program=low
1770720990962380331 PROBE_A_END program=low
1770720991165030024 PROBE_A_START program=low
1770720991176969539 PROBE_A_END program=low
1770720991379562399 PROBE_A_START program=low
1770720991391643192 PROBE_A_END program=low
1770720991594303089 PROBE_A_START program=low
1770720991606365882 PROBE_A_END program=low
1770720991809041964 PROBE_A_START program=low
1770720991821253591 PROBE_A_END program=low
1770720992023947080 PROBE_A_START program=low
1770720992036150263 PROBE_A_END program=low
1770720992238969715 PROBE_A_START program=low
1770720992251541417 PROBE_A_END program=low
1770720992454326258 PROBE_A_START program=low
1770720992466592163 PROBE_A_END program=low
1770720992669303318 PROBE_A_START program=low
1770720992681388907 PROBE_A_END program=low
1770720992884138859 PROBE_A_START program=low
1770720992896267763 PROBE_A_END program=low
1770720993099027992 PROBE_A_START program=low
1770720993111097211 PROBE_A_END program=low
1770720993313892310 PROBE_A_START program=low
1770720993326075992 PROBE_A_END program=low
1770720993528839535 PROBE_A_START program=low
1770720993540904680 PROBE_A_END program=low
1770720993743751094 PROBE_A_START program=low
1770720993755903220 PROBE_A_END program=low
1770720993958701764 PROBE_A_START program=low
1770720993970797705 PROBE_A_END program=low
1770720994173561377 PROBE_A_START program=low
1770720994186032338 PROBE_A_END program=low
1770720994388751120 PROBE_A_START program=low
1770720994400948747 PROBE_A_END program=low
1770720994603686937 PROBE_A_START program=low
1770720994615927194 PROBE_A_END program=low
1770720994818715032 PROBE_A_START program=low
1770720994830897733 PROBE_A_END program=low
1770720995033631552 PROBE_A_START program=low
1770720995045837975 PROBE_A_END program=low
1770720995248598182 PROBE_A_START program=low
1770720995260739142 PROBE_A_END program=low
1770720995463495350 PROBE_A_START program=low
1770720995475721791 PROBE_A_END program=low
1770720995678447591 PROBE_A_START program=low
1770720995690634440 PROBE_A_END program=low
1770720995893459536 PROBE_A_START program=low
1770720995905926349 PROBE_A_END program=low
1770720996108793260 PROBE_A_START program=low
1770720996121442907 PROBE_A_END program=low
1770720996324146262 PROBE_A_START program=low
1770720996336425814 PROBE_A_END program=low
1770720996539170187 PROBE_A_START program=low
1770720996551360555 PROBE_A_END program=low
1770720996754065964 PROBE_A_START program=low
1770720996766138035 PROBE_A_END program=low
1770720996968913371 PROBE_A_START program=low
1770720996981125331 PROBE_A_END program=low
1770720997183914795 PROBE_A_START program=low
1770720997196016755 PROBE_A_END program=low
1770720997398757756 PROBE_A_START program=low
1770720997410900993 PROBE_A_END program=low
1770720997613672161 PROBE_A_START program=low
1770720997625726972 PROBE_A_END program=low
1770720997828449696 PROBE_A_START program=low
1770720997841132602 PROBE_A_END program=low
1770720998044121715 PROBE_A_START program=low
1770720998056263564 PROBE_A_END program=low
1770720998258936286 PROBE_A_START program=low
1770720998270977301 PROBE_A_END program=low
1770720998473683097 PROBE_A_START program=low
1770720998485852797 PROBE_A_END program=low
1770720998688528908 PROBE_A_START program=low
1770720998700624405 PROBE_A_END program=low
1770720998903317349 PROBE_A_START program=low
1770720998915341160 PROBE_A_END program=low
1770720999118039641 PROBE_A_START program=low
1770720999130148841 PROBE_A_END program=low
1770720999332814321 PROBE_A_START program=low
1770720999344915502 PROBE_A_END program=low
1770720999547587834 PROBE_A_START program=low
1770720999559623923 PROBE_A_END program=low
1770720999762276181 PROBE_A_START program=low
1770720999775529182 PROBE_A_END program=low
1770720999978484293 PROBE_A_START program=low
1770720999990610215 PROBE_A_END program=low
1770721000193285398 PROBE_A_START program=low
1770721000205522895 PROBE_A_END program=low
1770721000408177689 PROBE_A_START program=low
1770721000420360370 PROBE_A_END program=low
1770721000623029034 PROBE_A_START program=low
1770721000635148271 PROBE_A_END program=low
1770721000837852547 PROBE_A_START program=low
1770721000850051840 PROBE_A_END program=low
1770721001052688318 PROBE_A_START program=low
1770721001064700629 PROBE_A_END program=low
1770721001267394755 PROBE_A_START program=low
1770721001279500214 PROBE_A_END program=low
1770721001482211507 PROBE_A_START program=low
1770721001494252299 PROBE_A_END program=low
1770721001696910166 PROBE_A_START program=low
1770721001709285589 PROBE_A_END program=low
1770721001912140994 PROBE_A_START program=low
1770721001924586436 PROBE_A_END program=low
1770721002127263987 PROBE_A_START program=low
1770721002139463298 PROBE_A_END program=low
1770721002342157905 PROBE_A_START program=low
1770721002354213012 PROBE_A_END program=low
1770721002556859933 PROBE_A_START program=low
1770721002568906521 PROBE_A_END program=low
1770721002771587313 PROBE_A_START program=low
1770721002783578586 PROBE_A_END program=low
1770721002986323859 PROBE_A_START program=low
1770721002998624690 PROBE_A_END program=low
1770721003201375980 PROBE_A_START program=low
1770721003215134743 PROBE_A_END program=low
1770721003417797866 PROBE_A_START program=low
1770721003429933325 PROBE_A_END program=low
1770721003632616079 PROBE_A_START program=low
1770721003644774334 PROBE_A_END program=low
1770721003847578903 PROBE_A_START program=low
1770721003860168938 PROBE_A_END program=low
1770721004062821228 PROBE_A_START program=low
1770721004074905279 PROBE_A_END program=low
1770721004277568180 PROBE_A_START program=low
1770721004289717953 PROBE_A_END program=low
1770721004492376483 PROBE_A_START program=low
1770721004504468998 PROBE_A_END program=low
1770721004707188250 PROBE_A_START program=low
1770721004719318561 PROBE_A_END program=low
1770721004922043295 PROBE_A_START program=low
1770721004934230976 PROBE_A_END program=low
1770721005136930376 PROBE_A_START program=low
1770721005149030001 PROBE_A_END program=low
1770721005351724327 PROBE_A_START program=low
1770721005363958360 PROBE_A_END program=low
1770721005566665259 PROBE_A_START program=low
1770721005578859256 PROBE_A_END program=low
1770721005781663655 PROBE_A_START program=low
1770721005793772485 PROBE_A_END program=low
1770721005996403458 PROBE_A_START program=low
1770721006008436546 PROBE_A_END program=low
1770721006211152222 PROBE_A_START program=low
1770721006223262995 PROBE_A_END program=low
1770721006425899523 PROBE_A_START program=low
1770721006437946185 PROBE_A_END program=low
1770721006640533508 PROBE_A_START program=low
1770721006652571337 PROBE_A_END program=low
1770721006855264069 PROBE_A_START program=low
1770721006867423898 PROBE_A_END program=low
1770721007070124129 PROBE_A_START program=low
1770721007082248107 PROBE_A_END program=low
1770721007284897781 PROBE_A_START program=low
1770721007296926388 PROBE_A_END program=low
1770721007499606618 PROBE_A_START program=low
1770721007511670224 PROBE_A_END program=low
1770721007714466585 PROBE_A_START program=low
1770721007727323510 PROBE_A_END program=low
1770721007929978666 PROBE_A_START program=low
1770721007942045254 PROBE_A_END program=low
1770721008144666261 PROBE_A_START program=low
1770721008156822664 PROBE_A_END program=low
1770721008359491949 PROBE_A_START program=low
1770721008371653815 PROBE_A_END program=low
1770721008574273081 PROBE_A_START program=low
1770721008586347336 PROBE_A_END program=low
1770721008788997509 PROBE_A_START program=low
1770721008801094449 PROBE_A_END program=low
1770721009003816104 PROBE_A_START program=low
1770721009016013100 PROBE_A_END program=low
1770721009218713550 PROBE_A_START program=low
1770721009230769453 PROBE_A_END program=low
1770721009433419033 PROBE_A_START program=low
1770721009445463899 PROBE_A_END program=low
1770721009648146275 PROBE_A_START program=low
1770721009660552401 PROBE_A_END program=low
1770721009863337129 PROBE_A_START program=low
1770721009875570089 PROBE_A_END program=low
1770721010078245112 PROBE_A_START program=low
1770721010090426349 PROBE_A_END program=low
1770721010293120020 PROBE_A_START program=low
1770721010305292979 PROBE_A_END program=low
1770721010507975206 PROBE_A_START program=low
1770721010520110775 PROBE_A_END program=low
1770721010722799113 PROBE_A_START program=low
1770721010734923683 PROBE_A_END program=low
1770721010937657243 PROBE_A_START program=low
1770721010949843480 PROBE_A_END program=low
1770721011152541780 R2_IDLE_B seconds=30
1770721041156269455 PROBE_B_START program=low
1770721041164778359 PROBE_B_END program=low
1770721041367524885 PROBE_B_START program=low
1770721041375967031 PROBE_B_END program=low
1770721041578671001 PROBE_B_START program=low
1770721041587100165 PROBE_B_END program=low
1770721041789823876 PROBE_B_START program=low
1770721041798243225 PROBE_B_END program=low
1770721042000965788 PROBE_B_START program=low
1770721042009675064 PROBE_B_END program=low
1770721042212331347 PROBE_B_START program=low
1770721042220812974 PROBE_B_END program=low
1770721042423524684 PROBE_B_START program=low
1770721042432017830 PROBE_B_END program=low
1770721042634716929 PROBE_B_START program=low
1770721042643193685 PROBE_B_END program=low
1770721042845862302 PROBE_B_START program=low
1770721042854465652 PROBE_B_END program=low
1770721043057187936 PROBE_B_START program=low
1770721043065720896 PROBE_B_END program=low
1770721043268434920 PROBE_B_START program=low
1770721043276928417 PROBE_B_END program=low
1770721043479656052 PROBE_B_START program=low
1770721043488106216 PROBE_B_END program=low
1770721043690851869 PROBE_B_START program=low
1770721043699417811 PROBE_B_END program=low
1770721043902190428 PROBE_B_START program=low
1770721043910700110 PROBE_B_END program=low
1770721044113456986 PROBE_B_START program=low
1770721044121971020 PROBE_B_END program=low
1770721044324764099 PROBE_B_START program=low
1770721044333336633 PROBE_B_END program=low
1770721044536134878 PROBE_B_START program=low
1770721044544643820 PROBE_B_END program=low
1770721044747454917 PROBE_B_START program=low
1770721044756259379 PROBE_B_END program=low
1770721044959445144 PROBE_B_START program=low
1770721044968508347 PROBE_B_END program=low
1770721045171319814 PROBE_B_START program=low
1770721045179837959 PROBE_B_END program=low
1770721045382617537 PROBE_B_START program=low
1770721045391158608 PROBE_B_END program=low
1770721045594012427 PROBE_B_START program=low
1770721045602546535 PROBE_B_END program=low
1770721045805340835 PROBE_B_START program=low
1770721045813866406 PROBE_B_END program=low
1770721046016628706 PROBE_B_START program=low
1770721046025170870 PROBE_B_END program=low
1770721046228045354 PROBE_B_START program=low
1770721046236609703 PROBE_B_END program=low
1770721046439407502 PROBE_B_START program=low
1770721046447951240 PROBE_B_END program=low
1770721046650758020 PROBE_B_START program=low
1770721046659342166 PROBE_B_END program=low
1770721046862238428 PROBE_B_START program=low
1770721046870803481 PROBE_B_END program=low
1770721047073616353 PROBE_B_START program=low
1770721047082087443 PROBE_B_END program=low
1770721047284835369 PROBE_B_START program=low
1770721047293359404 PROBE_B_END program=low
1770721047496203331 PROBE_B_START program=low
1770721047504742773 PROBE_B_END program=low
1770721047707789720 PROBE_B_START program=low
1770721047716518921 PROBE_B_END program=low
1770721047919281404 PROBE_B_START program=low
1770721047927773086 PROBE_B_END program=low
1770721048130628902 PROBE_B_START program=low
1770721048139182066 PROBE_B_END program=low
1770721048341977936 PROBE_B_START program=low
1770721048350463452 PROBE_B_END program=low
1770721048553257989 PROBE_B_START program=low
1770721048561765412 PROBE_B_END program=low
1770721048764528820 PROBE_B_START program=low
1770721048773054502 PROBE_B_END program=low
1770721048976096411 PROBE_B_START program=low
1770721048984635352 PROBE_B_END program=low
1770721049187385759 PROBE_B_START program=low
1770721049195889515 PROBE_B_END program=low
1770721049398746218 PROBE_B_START program=low
1770721049407285438 PROBE_B_END program=low
1770721049610144233 PROBE_B_START program=low
1770721049618687194 PROBE_B_END program=low
1770721049821521137 PROBE_B_START program=low
1770721049830021820 PROBE_B_END program=low
1770721050032861763 PROBE_B_START program=low
1770721050041423483 PROBE_B_END program=low
1770721050244235555 PROBE_B_START program=low
1770721050252835812 PROBE_B_END program=low
1770721050455794495 PROBE_B_START program=low
1770721050464511067 PROBE_B_END program=low
1770721050667227398 PROBE_B_START program=low
1770721050675749488 PROBE_B_END program=low
1770721050878515338 PROBE_B_START program=low
1770721050887046242 PROBE_B_END program=low
1770721051089896944 PROBE_B_START program=low
1770721051098465404 PROBE_B_END program=low
1770721051301261679 PROBE_B_START program=low
1770721051309853010 PROBE_B_END program=low
1770721051512617970 PROBE_B_START program=low
1770721051521060670 PROBE_B_END program=low
1770721051723900056 PROBE_B_START program=low
1770721051732423072 PROBE_B_END program=low
1770721051935229809 PROBE_B_START program=low
1770721051943759788 PROBE_B_END program=low
1770721052146575766 PROBE_B_START program=low
1770721052155129578 PROBE_B_END program=low
1770721052357961518 PROBE_B_START program=low
1770721052366506590 PROBE_B_END program=low
1770721052569307882 PROBE_B_START program=low
1770721052577743971 PROBE_B_END program=low
1770721052780486948 PROBE_B_START program=low
1770721052789041612 PROBE_B_END program=low
1770721052991841441 PROBE_B_START program=low
1770721053000380327 PROBE_B_END program=low
1770721053203333990 PROBE_B_START program=low
1770721053212035395 PROBE_B_END program=low
1770721053414810223 PROBE_B_START program=low
1770721053423343405 PROBE_B_END program=low
1770721053626094196 PROBE_B_START program=low
1770721053634601063 PROBE_B_END program=low
1770721053837372651 PROBE_B_START program=low
1770721053845863907 PROBE_B_END program=low
1770721054048607420 PROBE_B_START program=low
1770721054057104213 PROBE_B_END program=low
1770721054259873651 PROBE_B_START program=low
1770721054268399593 PROBE_B_END program=low
1770721054471108475 PROBE_B_START program=low
1770721054479229618 PROBE_B_END program=low
1770721054682033223 PROBE_B_START program=low
1770721054690577980 PROBE_B_END program=low
1770721054893382362 PROBE_B_START program=low
1770721054901859841 PROBE_B_END program=low
1770721055104569686 PROBE_B_START program=low
1770721055113043479 PROBE_B_END program=low
1770721055315731582 PROBE_B_START program=low
1770721055324150041 PROBE_B_END program=low
1770721055526868608 PROBE_B_START program=low
1770721055535302642 PROBE_B_END program=low
1770721055738030264 PROBE_B_START program=low
1770721055746473075 PROBE_B_END program=low
1770721055949201512 PROBE_B_START program=low
1770721055957740861 PROBE_B_END program=low
1770721056160397204 PROBE_B_START program=low
1770721056168686182 PROBE_B_END program=low
1770721056371352728 PROBE_B_START program=low
1770721056379762521 PROBE_B_END program=low
1770721056582473587 PROBE_B_START program=low
1770721056590896213 PROBE_B_END program=low
1770721056793569852 PROBE_B_START program=low
1770721056802018108 PROBE_B_END program=low
1770721057004692007 PROBE_B_START program=low
1770721057013148114 PROBE_B_END program=low
1770721057215884049 PROBE_B_START program=low
1770721057224279823 PROBE_B_END program=low
1770721057426928684 PROBE_B_START program=low
1770721057435344865 PROBE_B_END program=low
1770721057638021189 PROBE_B_START program=low
1770721057646430907 PROBE_B_END program=low
1770721057849099657 PROBE_B_START program=low
1770721057857559616 PROBE_B_END program=low
1770721058060213625 PROBE_B_START program=low
1770721058068639769 PROBE_B_END program=low
1770721058271373851 PROBE_B_START program=low
1770721058279803274 PROBE_B_END program=low
1770721058482549059 PROBE_B_START program=low
1770721058491008204 PROBE_B_END program=low
1770721058693706934 PROBE_B_START program=low
1770721058702437969 PROBE_B_END program=low
1770721058905154328 PROBE_B_START program=low
1770721058913668658 PROBE_B_END program=low
1770721059116352518 PROBE_B_START program=low
1770721059124769977 PROBE_B_END program=low
1770721059327424280 PROBE_B_START program=low
1770721059335898239 PROBE_B_END program=low
1770721059538608876 PROBE_B_START program=low
1770721059547057502 PROBE_B_END program=low
1770721059749747490 PROBE_B_START program=low
1770721059758203468 PROBE_B_END program=low
1770721059960889160 PROBE_B_START program=low
1770721059969453675 PROBE_B_END program=low
1770721060172191070 PROBE_B_START program=low
1770721060180619974 PROBE_B_END program=low
1770721060383338294 PROBE_B_START program=low
1770721060391796569 PROBE_B_END program=low
1770721060594489445 PROBE_B_START program=low
1770721060602956349 PROBE_B_END program=low
1770721060805679373 PROBE_B_START program=low
1770721060814128462 PROBE_B_END program=low
1770721061016840949 PROBE_B_START program=low
1770721061025319816 PROBE_B_END program=low
1770721061228022765 PROBE_B_START program=low
1770721061236471465 PROBE_B_END program=low
1770721061439182933 PROBE_B_START program=low
1770721061447740781 PROBE_B_END program=low
1770721061650565453 PROBE_B_START program=low
1770721061659379118 PROBE_B_END program=low
1770721061862072289 PROBE_B_START program=low
1770721061870467674 PROBE_B_END program=low
1770721062073130123 PROBE_B_START program=low
1770721062081656971 PROBE_B_END program=low
1770721062284267734 PROBE_B_START program=low
1770721062292279321 PROBE_B_END program=low
1770721062494923306 PROBE_B_START program=low
1770721062503344432 PROBE_B_END program=low
1770721062706095139 PROBE_B_START program=low
1770721062714512709 PROBE_B_END program=low
1770721062917195065 PROBE_B_START program=low
1770721062925728024 PROBE_B_END program=low
1770721063128415861 PROBE_B_START program=low
1770721063136876542 PROBE_B_END program=low
1770721063339561434 PROBE_B_START program=low
1770721063348002356 PROBE_B_END program=low
1770721063550682840 PROBE_B_START program=low
1770721063559087354 PROBE_B_END program=low
1770721063761827931 PROBE_B_START program=low
1770721063770308780 PROBE_B_END program=low
1770721063973019356 PROBE_B_START program=low
1770721063981683205 PROBE_B_END program=low
1770721064184527171 PROBE_B_START program=low
1770721064193071093 PROBE_B_END program=low
1770721064395857743 PROBE_B_START program=low
1770721064404591278 PROBE_B_END program=low
1770721064607531947 PROBE_B_START program=low
1770721064616170555 PROBE_B_END program=low
1770721064818949075 PROBE_B_START program=low
1770721064827443553 PROBE_B_END program=low
1770721065030306907 PROBE_B_START program=low
1770721065038808126 PROBE_B_END program=low
1770721065241616441 PROBE_B_START program=low
1770721065250089234 PROBE_B_END program=low
1770721065452874753 PROBE_B_START program=low
1770721065461441324 PROBE_B_END program=low
1770721065664153380 PROBE_B_START program=low
1770721065672572987 PROBE_B_END program=low
1770721065875302507 PROBE_B_START program=low
1770721065883703040 PROBE_B_END program=low
1770721066086413188 PROBE_B_START program=low
1770721066094827517 PROBE_B_END program=low
1770721066297541091 PROBE_B_START program=low
1770721066305969902 PROBE_B_END program=low
1770721066508708698 PROBE_B_START program=low
1770721066517154416 PROBE_B_END program=low
1770721066719987731 PROBE_B_START program=low
1770721066728510894 PROBE_B_END program=low
1770721066931217949 PROBE_B_START program=low
1770721066939573186 PROBE_B_END program=low
1770721067142289944 PROBE_B_START program=low
1770721067151035089 PROBE_B_END program=low
1770721067353821922 PROBE_B_START program=low
1770721067362463752 PROBE_B_END program=low
1770721067565146306 PROBE_B_START program=low
1770721067573634265 PROBE_B_END program=low
1770721067776360023 PROBE_B_START program=low
1770721067784749222 PROBE_B_END program=low
1770721067987452758 PROBE_B_START program=low
1770721067995855606 PROBE_B_END program=low
1770721068198677382 PROBE_B_START program=low
1770721068207124544 PROBE_B_END program=low
1770721068409736023 PROBE_B_START program=low
1770721068417774925 PROBE_B_END program=low
1770721068620463070 PROBE_B_START program=low
1770721068628901289 PROBE_B_END program=low
1770721068831601212 PROBE_B_START program=low
1770721068840017523 PROBE_B_END program=low
1770721069042781631 PROBE_B_START program=low
1770721069053100468 PROBE_B_END program=low
1770721069255839780 PROBE_B_START program=low
1770721069264257794 PROBE_B_END program=low
1770721069466966328 PROBE_B_START program=low
1770721069475391509 PROBE_B_END program=low
1770721069678101394 PROBE_B_START program=low
1770721069686514445 PROBE_B_END program=low
1770721069889196979 PROBE_B_START program=low
1770721069897875976 PROBE_B_END program=low
1770721070100681139 PROBE_B_START program=low
1770721070109555896 PROBE_B_END program=low
1770721070312190669 PROBE_B_START program=low
1770721070320602850 PROBE_B_END program=low
1770721070523300104 PROBE_B_START program=low
1770721070531725248 PROBE_B_END program=low
1770721070734430948 PROBE_B_START program=low
1770721070742845092 PROBE_B_END program=low
1770721070945557013 PROBE_B_START program=low
1770721070954019861 PROBE_B_END program=low
1770721071156698374 PROBE_B_START program=low
1770721071165112481 PROBE_B_END program=low
1770721071367801272 PROBE_B_START program=low
1770721071376228268 PROBE_B_END program=low
1770721071578919188 PROBE_B_START program=low
1770721071587345702 PROBE_B_END program=low
1770721071790024178 PROBE_B_START program=low
1770721071798509174 PROBE_B_END program=low
1770721072001177057 PROBE_B_START program=low
1770721072009646905 PROBE_B_END program=low
1770721072212331065 PROBE_B_START program=low
1770721072220771839 PROBE_B_END program=low
1770721072423452054 PROBE_B_START program=low
1770721072431850846 PROBE_B_END program=low
1770721072634506895 PROBE_B_START program=low
1770721072642916187 PROBE_B_END program=low
1770721072845619329 PROBE_B_START program=low
1770721072854211677 PROBE_B_END program=low
1770721073056798633 PROBE_B_START program=low
1770721073065191462 PROBE_B_END program=low
1770721073267866269 PROBE_B_START program=low
1770721073276349543 PROBE_B_END program=low
1770721073479005405 PROBE_B_START program=low
1770721073487406568 PROBE_B_END program=low
1770721073690109079 PROBE_B_START program=low
1770721073698600149 PROBE_B_END program=low
1770721073901271585 PROBE_B_START program=low
1770721073909730841 PROBE_B_END program=low
1770721074112452592 PROBE_B_START program=low
1770721074120920717 PROBE_B_END program=low
1770721074323616320 PROBE_B_START program=low
1770721074332052371 PROBE_B_END program=low
1770721074534729974 PROBE_B_START program=low
1770721074543159266 PROBE_B_END program=low
1770721074745827905 PROBE_B_START program=low
1770721074754255734 PROBE_B_END program=low
1770721074956944207 PROBE_B_START program=low
1770721074965416166 PROBE_B_END program=low
1770721075168114842 PROBE_B_START program=low
1770721075176516856 PROBE_B_END program=low
1770721075379211290 PROBE_B_START program=low
1770721075387617712 PROBE_B_END program=low
1770721075590285480 PROBE_B_START program=low
1770721075598802587 PROBE_B_END program=low
1770721075801590078 PROBE_B_START program=low
1770721075810072592 PROBE_B_END program=low
1770721076012755934 PROBE_B_START program=low
1770721076021165856 PROBE_B_END program=low
1770721076223866901 PROBE_B_START program=low
1770721076232312508 PROBE_B_END program=low
1770721076434967238 PROBE_B_START program=low
1770721076443438956 PROBE_B_END program=low
1770721076646149778 PROBE_B_START program=low
1770721076654564385 PROBE_B_END program=low
1770721076857334801 PROBE_B_START program=low
1770721076865832723 PROBE_B_END program=low
1770721077068509341 PROBE_B_START program=low
1770721077076955559 PROBE_B_END program=low
1770721077279663066 PROBE_B_START program=low
1770721077288048228 PROBE_B_END program=low
1770721077490751772 PROBE_B_START program=low
1770721077499236323 PROBE_B_END program=low
1770721077701888404 PROBE_B_START program=low
1770721077710379622 PROBE_B_END program=low
1770721077913075814 PROBE_B_START program=low
1770721077921522421 PROBE_B_END program=low
1770721078124207002 PROBE_B_START program=low
1770721078132693812 PROBE_B_END program=low
1770721078335408726 PROBE_B_START program=low
1770721078343987722 PROBE_B_END program=low
1770721078546785987 PROBE_B_START program=low
1770721078555561095 PROBE_B_END program=low
1770721078758266379 PROBE_B_START program=low
1770721078766659856 PROBE_B_END program=low
1770721078969341788 PROBE_B_START program=low
1770721078977758672 PROBE_B_END program=low
1770721079180460733 PROBE_B_START program=low
1770721079188968728 PROBE_B_END program=low
1770721079391625122 PROBE_B_START program=low
1770721079400027840 PROBE_B_END program=low
1770721079602738382 PROBE_B_START program=low
1770721079611161581 PROBE_B_END program=low
1770721079813869697 PROBE_B_START program=low
1770721079822296267 PROBE_B_END program=low
1770721080024997234 PROBE_B_START program=low
1770721080033438100 PROBE_B_END program=low
1770721080236158938 PROBE_B_START program=low
1770721080244595655 PROBE_B_END program=low
1770721080447311752 PROBE_B_START program=low
1770721080455873489 PROBE_B_END program=low
1770721080658623882 PROBE_B_START program=low
1770721080667076377 PROBE_B_END program=low
1770721080869781511 PROBE_B_START program=low
1770721080878211747 PROBE_B_END program=low
1770721081080946732 PROBE_B_START program=low
1770721081089415709 PROBE_B_END program=low
1770721081292107082 PROBE_B_START program=low
1770721081300612930 PROBE_B_END program=low
1770721081503307988 PROBE_B_START program=low
1770721081511739965 PROBE_B_END program=low
1770721081714417764 PROBE_B_START program=low
1770721081722858593 PROBE_B_END program=low
1770721081925592522 PROBE_B_START program=low
1770721081934166648 PROBE_B_END program=low
1770721082136824113 PROBE_B_START program=low
1770721082497167444 PROBE_B_END program=low
1770721082700015057 PROBE_B_START program=low
1770721082708473997 PROBE_B_END program=low
1770721082911228592 PROBE_B_START program=low
1770721082919661569 PROBE_B_END program=low
1770721083122387792 PROBE_B_START program=low
1770721083131167048 PROBE_B_END program=low
1770721083333946994 PROBE_B_START program=low
1770721083342618083 PROBE_B_END program=low
1770721083545324473 PROBE_B_START program=low
1770721083553692153 PROBE_B_END program=low
1770721083756373024 PROBE_B_START program=low
1770721083764832705 PROBE_B_END program=low
1770721083967617132 PROBE_B_START program=low
1770721083976042720 PROBE_B_END program=low
1770721084178725424 PROBE_B_START program=low
1770721084187200067 PROBE_B_END program=low
1770721084389841604 PROBE_B_START program=low
1770721084398363118 PROBE_B_END program=low
1770721084601120748 PROBE_B_START program=low
1770721084609655040 PROBE_B_END program=low
1770721084812345151 PROBE_B_START program=low
1770721084820884351 PROBE_B_END program=low
1770721085023568499 PROBE_B_START program=low
1770721085032027031 PROBE_B_END program=low
1770721085234769715 PROBE_B_START program=low
1770721085243180970 PROBE_B_END program=low
1770721085445877746 PROBE_B_START program=low
1770721085454350205 PROBE_B_END program=low
1770721085657039556 PROBE_B_START program=low
1770721085665534866 PROBE_B_END program=low
1770721085868250013 PROBE_B_START program=low
1770721085876676101 PROBE_B_END program=low
1770721086079633230 PROBE_B_START program=low
1770721086088273874 PROBE_B_END program=low
1770721086290973965 PROBE_B_START program=low
1770721086299304052 PROBE_B_END program=low
1770721086501944809 PROBE_B_START program=low
1770721086510383971 PROBE_B_END program=low
1770721086713048358 PROBE_B_START program=low
1770721086721503279 PROBE_B_END program=low
1770721086924061795 PROBE_B_START program=low
1770721086932016474 PROBE_B_END program=low
1770721087134728156 PROBE_B_START program=low
1770721087143156022 PROBE_B_END program=low
1770721087345843889 PROBE_B_START program=low
1770721087354283718 PROBE_B_END program=low
1770721087557022937 PROBE_B_START program=low
1770721087565781637 PROBE_B_END program=low
1770721087768489505 PROBE_B_START program=low
1770721087777014278 PROBE_B_END program=low
1770721087979864498 PROBE_B_START program=low
1770721087988383604 PROBE_B_END program=low
1770721088191285435 PROBE_B_START program=low
1770721088199838264 PROBE_B_END program=low
1770721088402686019 PROBE_B_START program=low
1770721088411250219 PROBE_B_END program=low
1770721088614137975 PROBE_B_START program=low
1770721088622657804 PROBE_B_END program=low
1770721088825555263 PROBE_B_START program=low
1770721088834152222 PROBE_B_END program=low
1770721089036894533 PROBE_B_START program=low
1770721089045434491 PROBE_B_END program=low
1770721089248166209 PROBE_B_START program=low
1770721089256640908 PROBE_B_END program=low
1770721089459396033 PROBE_B_START program=low
1770721089467832898 PROBE_B_END program=low
1770721089670519412 PROBE_B_START program=low
1770721089678911758 PROBE_B_END program=low
1770721089881613457 PROBE_B_START program=low
1770721089890033767 PROBE_B_END program=low
1770721090092673650 PROBE_B_START program=low
1770721090101118553 PROBE_B_END program=low
1770721090303839029 PROBE_B_START program=low
1770721090312282598 PROBE_B_END program=low
1770721090514967425 PROBE_B_START program=low
1770721090523399661 PROBE_B_END program=low
1770721090726123970 PROBE_B_START program=low
1770721090734542743 PROBE_B_END program=low
1770721090937189774 PROBE_B_START program=low
1770721090945598472 PROBE_B_END program=low
1770721091148309984 PROBE_B_START program=low
1770721091156736812 PROBE_B_END program=low
1770721091359433102 PROBE_B_START program=low
1770721091367861745 PROBE_B_END program=low
1770721091570561997 PROBE_B_START program=low
1770721091579033511 PROBE_B_END program=low
1770721091781628374 PROBE_B_START program=low
1770721091790003702 PROBE_B_END program=low
1770721091992615436 PROBE_B_START program=low
1770721092001056116 PROBE_B_END program=low
1770721092203812386 PROBE_B_START program=low
1770721092212280974 PROBE_B_END program=low
1770721092414970262 PROBE_B_START program=low
1770721092423359331 PROBE_B_END program=low
1770721092626009453 PROBE_B_START program=low
1770721092634435170 PROBE_B_END program=low
1770721092837100384 PROBE_B_START program=low
1770721092845560212 PROBE_B_END program=low
1770721093048246667 PROBE_B_START program=low
1770721093056673736 PROBE_B_END program=low
1770721093259383153 PROBE_B_START program=low
1770721093267787037 PROBE_B_END program=low
1770721093470527917 PROBE_B_START program=low
1770721093478946227 PROBE_B_END program=low
1770721093681718274 PROBE_B_START program=low
1770721093690201806 PROBE_B_END program=low
1770721093892958316 PROBE_B_START program=low
1770721093901490996 PROBE_B_END program=low
1770721094104242265 PROBE_B_START program=low
1770721094112789612 PROBE_B_END program=low
1770721094315692122 PROBE_B_START program=low
1770721094324359525 PROBE_B_END program=low
1770721094527146145 PROBE_B_START program=low
1770721094535708363 PROBE_B_END program=low
1770721094738437279 PROBE_B_START program=low
1770721094746873681 PROBE_B_END program=low
1770721094949598116 PROBE_B_START program=low
1770721094957997555 PROBE_B_END program=low
1770721095160677026 PROBE_B_START program=low
1770721095169129188 PROBE_B_END program=low
1770721095371838695 PROBE_B_START program=low
1770721095380266616 PROBE_B_END program=low
1770721095582948939 PROBE_B_START program=low
1770721095591426026 PROBE_B_END program=low
1770721095794126034 PROBE_B_START program=low
1770721095802566992 PROBE_B_END program=low
1770721096005270925 PROBE_B_START program=low
1770721096013690013 PROBE_B_END program=low
1770721096216396797 PROBE_B_START program=low
1770721096224866941 PROBE_B_END program=low
1770721096427525299 PROBE_B_START program=low
1770721096435946164 PROBE_B_END program=low
1770721096638651893 PROBE_B_START program=low
1770721096647084314 PROBE_B_END program=low
1770721096849788561 PROBE_B_START program=low
1770721096858325779 PROBE_B_END program=low
1770721097061001915 PROBE_B_START program=low
1770721097069433447 PROBE_B_END program=low
1770721097272304916 PROBE_B_START program=low
1770721097281001616 PROBE_B_END program=low
1770721097483683881 PROBE_B_START program=low
1770721097492110042 PROBE_B_END program=low
1770721097694759603 PROBE_B_START program=low
1770721097703210042 PROBE_B_END program=low
1770721097905899974 PROBE_B_START program=low
1770721097914395080 PROBE_B_END program=low
1770721098117083493 PROBE_B_START program=low
1770721098125481524 PROBE_B_END program=low
1770721098328191974 PROBE_B_START program=low
1770721098336644339 PROBE_B_END program=low
1770721098539311936 PROBE_B_START program=low
1770721098547687246 PROBE_B_END program=low
1770721098750413343 PROBE_B_START program=low
1770721098758863708 PROBE_B_END program=low
1770721098961585398 PROBE_B_START program=low
1770721098970027393 PROBE_B_END program=low
1770721099172719953 PROBE_B_START program=low
1770721099181211429 PROBE_B_END program=low
1770721099383971063 PROBE_B_START program=low
1770721099392385354 PROBE_B_END program=low
1770721099595131284 PROBE_B_START program=low
1770721099603580742 PROBE_B_END program=low
1770721099806418431 PROBE_B_START program=low
1770721099814898315 PROBE_B_END program=low
1770721100017692726 PROBE_B_START program=low
1770721100026199258 PROBE_B_END program=low
1770721100228860965 PROBE_B_START program=low
1770721100237571331 PROBE_B_END program=low
1770721100440269241 PROBE_B_START program=low
1770721100448725440 PROBE_B_END program=low
1770721100651376331 PROBE_B_START program=low
1770721100659854271 PROBE_B_END program=low
1770721100862555829 PROBE_B_START program=low
1770721100870948435 PROBE_B_END program=low
1770721101073688215 R2_IDLE_C seconds=30
1770721131077354144 PROBE_C_START program=low
1770721131080647730 PROBE_C_END program=low
1770721131283274852 PROBE_C_START program=low
1770721131286619141 PROBE_C_END program=low
1770721131489311208 PROBE_C_START program=low
1770721131492658424 PROBE_C_END program=low
1770721131695316194 PROBE_C_START program=low
1770721131698705206 PROBE_C_END program=low
1770721131901384717 PROBE_C_START program=low
1770721131904712507 PROBE_C_END program=low
1770721132107341203 PROBE_C_START program=low
1770721132110660585 PROBE_C_END program=low
1770721132313306040 PROBE_C_START program=low
1770721132316657718 PROBE_C_END program=low
1770721132519308062 PROBE_C_START program=low
1770721132522672130 PROBE_C_END program=low
1770721132725335399 PROBE_C_START program=low
1770721132728673096 PROBE_C_END program=low
1770721132931344662 PROBE_C_START program=low
1770721132934688267 PROBE_C_END program=low
1770721133137343054 PROBE_C_START program=low
1770721133140642547 PROBE_C_END program=low
1770721133343347168 PROBE_C_START program=low
1770721133346668365 PROBE_C_END program=low
1770721133549363356 PROBE_C_START program=low
1770721133552646182 PROBE_C_END program=low
1770721133755306877 PROBE_C_START program=low
1770721133758661685 PROBE_C_END program=low
1770721133961412917 PROBE_C_START program=low
1770721133964744077 PROBE_C_END program=low
1770721134167473549 PROBE_C_START program=low
1770721134170855783 PROBE_C_END program=low
1770721134373583069 PROBE_C_START program=low
1770721134376886081 PROBE_C_END program=low
1770721134579571127 PROBE_C_START program=low
1770721134583002898 PROBE_C_END program=low
1770721134785743574 PROBE_C_START program=low
1770721134789071937 PROBE_C_END program=low
1770721134991901687 PROBE_C_START program=low
1770721134995337551 PROBE_C_END program=low
1770721135198106004 PROBE_C_START program=low
1770721135201468516 PROBE_C_END program=low
1770721135404263690 PROBE_C_START program=low
1770721135407682702 PROBE_C_END program=low
1770721135610448599 PROBE_C_START program=low
1770721135613823167 PROBE_C_END program=low
1770721135816510119 PROBE_C_START program=low
1770721135819938779 PROBE_C_END program=low
1770721136022704787 PROBE_C_START program=low
1770721136026075744 PROBE_C_END program=low
1770721136228817732 PROBE_C_START program=low
1770721136232198577 PROBE_C_END program=low
1770721136434928732 PROBE_C_START program=low
1770721136438296818 PROBE_C_END program=low
1770721136640980992 PROBE_C_START program=low
1770721136644326726 PROBE_C_END program=low
1770721136847034807 PROBE_C_START program=low
1770721136850404134 PROBE_C_END program=low
1770721137053109140 PROBE_C_START program=low
1770721137056471726 PROBE_C_END program=low
1770721137259186862 PROBE_C_START program=low
1770721137262524522 PROBE_C_END program=low
1770721137465338991 PROBE_C_START program=low
1770721137468683355 PROBE_C_END program=low
1770721137671407046 PROBE_C_START program=low
1770721137674785502 PROBE_C_END program=low
1770721137877564101 PROBE_C_START program=low
1770721137880990632 PROBE_C_END program=low
1770721138083786952 PROBE_C_START program=low
1770721138087331446 PROBE_C_END program=low
1770721138290180174 PROBE_C_START program=low
1770721138293535927 PROBE_C_END program=low
1770721138496257024 PROBE_C_START program=low
1770721138499632685 PROBE_C_END program=low
1770721138702367153 PROBE_C_START program=low
1770721138705750405 PROBE_C_END program=low
1770721138908420484 PROBE_C_START program=low
1770721138911857145 PROBE_C_END program=low
1770721139114557390 PROBE_C_START program=low
1770721139117908050 PROBE_C_END program=low
1770721139320586147 PROBE_C_START program=low
1770721139323918029 PROBE_C_END program=low
1770721139526589718 PROBE_C_START program=low
1770721139529926693 PROBE_C_END program=low
1770721139732578400 PROBE_C_START program=low
1770721139735898431 PROBE_C_END program=low
1770721139938546434 PROBE_C_START program=low
1770721139941806594 PROBE_C_END program=low
1770721140144511320 PROBE_C_START program=low
1770721140147786813 PROBE_C_END program=low
1770721140350434779 PROBE_C_START program=low
1770721140353818902 PROBE_C_END program=low
1770721140556447090 PROBE_C_START program=low
1770721140559785047 PROBE_C_END program=low
1770721140762412012 PROBE_C_START program=low
1770721140765711783 PROBE_C_END program=low
1770721140968353860 PROBE_C_START program=low
1770721140971714595 PROBE_C_END program=low
1770721141174390560 PROBE_C_START program=low
1770721141177716646 PROBE_C_END program=low
1770721141380379055 PROBE_C_START program=low
1770721141383721826 PROBE_C_END program=low
1770721141586390847 PROBE_C_START program=low
1770721141589722692 PROBE_C_END program=low
1770721141792413139 PROBE_C_START program=low
1770721141795758429 PROBE_C_END program=low
1770721141998419968 PROBE_C_START program=low
1770721142001738757 PROBE_C_END program=low
1770721142204390092 PROBE_C_START program=low
1770721142207707696 PROBE_C_END program=low
1770721142410388438 PROBE_C_START program=low
1770721142413726469 PROBE_C_END program=low
1770721142616356896 PROBE_C_START program=low
1770721142619689408 PROBE_C_END program=low
1770721142822372779 PROBE_C_START program=low
1770721142825713828 PROBE_C_END program=low
1770721143028377903 PROBE_C_START program=low
1770721143031701082 PROBE_C_END program=low
1770721143234388156 PROBE_C_START program=low
1770721143237762150 PROBE_C_END program=low
1770721143440416650 PROBE_C_START program=low
1770721143443724940 PROBE_C_END program=low
1770721143646380792 PROBE_C_START program=low
1770721143649713989 PROBE_C_END program=low
1770721143852362619 PROBE_C_START program=low
1770721143855699501 PROBE_C_END program=low
1770721144058362316 PROBE_C_START program=low
1770721144061675143 PROBE_C_END program=low
1770721144264331735 PROBE_C_START program=low
1770721144267660320 PROBE_C_END program=low
1770721144470327431 PROBE_C_START program=low
1770721144473664832 PROBE_C_END program=low
1770721144676298553 PROBE_C_START program=low
1770721144679635658 PROBE_C_END program=low
1770721144882288176 PROBE_C_START program=low
1770721144885614928 PROBE_C_END program=low
1770721145088279853 PROBE_C_START program=low
1770721145091639458 PROBE_C_END program=low
1770721145294479957 PROBE_C_START program=low
1770721145297988858 PROBE_C_END program=low
1770721145500681801 PROBE_C_START program=low
1770721145504023276 PROBE_C_END program=low
1770721145706696942 PROBE_C_START program=low
1770721145710045583 PROBE_C_END program=low
1770721145912697341 PROBE_C_START program=low
1770721145916006371 PROBE_C_END program=low
1770721146118655517 PROBE_C_START program=low
1770721146122001455 PROBE_C_END program=low
1770721146324646564 PROBE_C_START program=low
1770721146327993483 PROBE_C_END program=low
1770721146530719740 PROBE_C_START program=low
1770721146534222308 PROBE_C_END program=low
1770721146737016843 PROBE_C_START program=low
1770721146740601523 PROBE_C_END program=low
1770721146943251150 PROBE_C_START program=low
1770721146946530736 PROBE_C_END program=low
1770721147149194825 PROBE_C_START program=low
1770721147152559911 PROBE_C_END program=low
1770721147355207464 PROBE_C_START program=low
1770721147358538494 PROBE_C_END program=low
1770721147561137213 PROBE_C_START program=low
1770721147564443021 PROBE_C_END program=low
1770721147767111999 PROBE_C_START program=low
1770721147770364307 PROBE_C_END program=low
1770721147972970896 PROBE_C_START program=low
1770721147976348186 PROBE_C_END program=low
1770721148178960682 PROBE_C_START program=low
1770721148182243730 PROBE_C_END program=low
1770721148384888726 PROBE_C_START program=low
1770721148388199905 PROBE_C_END program=low
1770721148590878604 PROBE_C_START program=low
1770721148594288450 PROBE_C_END program=low
1770721148796976131 PROBE_C_START program=low
1770721148800343291 PROBE_C_END program=low
1770721149003040009 PROBE_C_START program=low
1770721149006404003 PROBE_C_END program=low
1770721149209072146 PROBE_C_START program=low
1770721149212475047 PROBE_C_END program=low
1770721149415166412 PROBE_C_START program=low
1770721149418517998 PROBE_C_END program=low
1770721149621303420 PROBE_C_START program=low
1770721149624638209 PROBE_C_END program=low
1770721149827375908 PROBE_C_START program=low
1770721149830770754 PROBE_C_END program=low
1770721150033476508 PROBE_C_START program=low
1770721150036798279 PROBE_C_END program=low
1770721150239510996 PROBE_C_START program=low
1770721150242855748 PROBE_C_END program=low
1770721150445507761 PROBE_C_START program=low
1770721150448848939 PROBE_C_END program=low
1770721150651481433 PROBE_C_START program=low
1770721150654809371 PROBE_C_END program=low
1770721150857484643 PROBE_C_START program=low
1770721150860798433 PROBE_C_END program=low
1770721151063437019 PROBE_C_START program=low
1770721151066786531 PROBE_C_END program=low
1770721151269444894 PROBE_C_START program=low
1770721151272717499 PROBE_C_END program=low
1770721151475382455 PROBE_C_START program=low
1770721151478748245 PROBE_C_END program=low
1770721151681430164 PROBE_C_START program=low
1770721151684718157 PROBE_C_END program=low
1770721151887363669 PROBE_C_START program=low
1770721151890716144 PROBE_C_END program=low
1770721152093390507 PROBE_C_START program=low
1770721152096690426 PROBE_C_END program=low
1770721152299384696 PROBE_C_START program=low
1770721152302756153 PROBE_C_END program=low
1770721152505422071 PROBE_C_START program=low
1770721152508691545 PROBE_C_END program=low
1770721152711352297 PROBE_C_START program=low
1770721152714687179 PROBE_C_END program=low
1770721152917339764 PROBE_C_START program=low
1770721152920618498 PROBE_C_END program=low
1770721153123309749 PROBE_C_START program=low
1770721153126631576 PROBE_C_END program=low
1770721153329325123 PROBE_C_START program=low
1770721153332601801 PROBE_C_END program=low
1770721153535259923 PROBE_C_START program=low
1770721153538583805 PROBE_C_END program=low
1770721153741261963 PROBE_C_START program=low
1770721153744539660 PROBE_C_END program=low
1770721153947166966 PROBE_C_START program=low
1770721153950507015 PROBE_C_END program=low
1770721154153151820 PROBE_C_START program=low
1770721154156443165 PROBE_C_END program=low
1770721154359104119 PROBE_C_START program=low
1770721154362434371 PROBE_C_END program=low
1770721154565113677 PROBE_C_START program=low
1770721154568431466 PROBE_C_END program=low
1770721154771129680 PROBE_C_START program=low
1770721154774500191 PROBE_C_END program=low
1770721154977183793 PROBE_C_START program=low
1770721154980515398 PROBE_C_END program=low
1770721155183292203 PROBE_C_START program=low
1770721155186774863 PROBE_C_END program=low
1770721155389607113 PROBE_C_START program=low
1770721155392983014 PROBE_C_END program=low
1770721155595622374 PROBE_C_START program=low
1770721155598914848 PROBE_C_END program=low
1770721155801571301 PROBE_C_START program=low
1770721155804876998 PROBE_C_END program=low
1770721156007535636 PROBE_C_START program=low
1770721156010821388 PROBE_C_END program=low
1770721156213534544 PROBE_C_START program=low
1770721156216948000 PROBE_C_END program=low
1770721156419594397 PROBE_C_START program=low
1770721156422915557 PROBE_C_END program=low
1770721156625529138 PROBE_C_START program=low
1770721156628782186 PROBE_C_END program=low
1770721156831415157 PROBE_C_START program=low
1770721156834795076 PROBE_C_END program=low
1770721157037449343 PROBE_C_START program=low
1770721157040722669 PROBE_C_END program=low
1770721157243383490 PROBE_C_START program=low
1770721157246697409 PROBE_C_END program=low
1770721157449329249 PROBE_C_START program=low
1770721157452602094 PROBE_C_END program=low
1770721157655219823 PROBE_C_START program=low
1770721157658544909 PROBE_C_END program=low
1770721157861249601 PROBE_C_START program=low
1770721157864554260 PROBE_C_END program=low
1770721158067180841 PROBE_C_START program=low
1770721158070539371 PROBE_C_END program=low
1770721158273183266 PROBE_C_START program=low
1770721158276485370 PROBE_C_END program=low
1770721158479155450 PROBE_C_START program=low
1770721158482522072 PROBE_C_END program=low
1770721158685207838 PROBE_C_START program=low
1770721158688519034 PROBE_C_END program=low
1770721158891166318 PROBE_C_START program=low
1770721158894506367 PROBE_C_END program=low
1770721159097188205 PROBE_C_START program=low
1770721159100544847 PROBE_C_END program=low
1770721159303229870 PROBE_C_START program=low
1770721159306616382 PROBE_C_END program=low
1770721159509285443 PROBE_C_START program=low
1770721159512593436 PROBE_C_END program=low
1770721159715232459 PROBE_C_START program=low
1770721159718610527 PROBE_C_END program=low
1770721159921289772 PROBE_C_START program=low
1770721159924604784 PROBE_C_END program=low
1770721160127269029 PROBE_C_START program=low
1770721160130595004 PROBE_C_END program=low
1770721160333278452 PROBE_C_START program=low
1770721160336599297 PROBE_C_END program=low
1770721160539298672 PROBE_C_START program=low
1770721160542625646 PROBE_C_END program=low
1770721160745337114 PROBE_C_START program=low
1770721160748647088 PROBE_C_END program=low
1770721160951318481 PROBE_C_START program=low
1770721160954647678 PROBE_C_END program=low
1770721161157298404 PROBE_C_START program=low
1770721161160619563 PROBE_C_END program=low
1770721161363281918 PROBE_C_START program=low
1770721161366602134 PROBE_C_END program=low
1770721161569165174 PROBE_C_START program=low
1770721161572465963 PROBE_C_END program=low
1770721161775123262 PROBE_C_START program=low
1770721161778449496 PROBE_C_END program=low
1770721161981118074 PROBE_C_START program=low
1770721161984437752 PROBE_C_END program=low
1770721162187084217 PROBE_C_START program=low
1770721162190374840 PROBE_C_END program=low
1770721162393054139 PROBE_C_START program=low
1770721162396358076 PROBE_C_END program=low
1770721162599043504 PROBE_C_START program=low
1770721162602401479 PROBE_C_END program=low
1770721162805058259 PROBE_C_START program=low
1770721162808414771 PROBE_C_END program=low
1770721163011150736 PROBE_C_START program=low
1770721163014474618 PROBE_C_END program=low
1770721163217120416 PROBE_C_START program=low
1770721163220401113 PROBE_C_END program=low
1770721163423013762 PROBE_C_START program=low
1770721163426340478 PROBE_C_END program=low
1770721163628985794 PROBE_C_START program=low
1770721163632298398 PROBE_C_END program=low
1770721163834960622 PROBE_C_START program=low
1770721163838349263 PROBE_C_END program=low
1770721164041369192 PROBE_C_START program=low
1770721164044889797 PROBE_C_END program=low
1770721164247692390 PROBE_C_START program=low
1770721164250987309 PROBE_C_END program=low
1770721164453672551 PROBE_C_START program=low
1770721164456961766 PROBE_C_END program=low
1770721164659610433 PROBE_C_START program=low
1770721164662961889 PROBE_C_END program=low
1770721164865586520 PROBE_C_START program=low
1770721164868914383 PROBE_C_END program=low
1770721165071584643 PROBE_C_START program=low
1770721165074894987 PROBE_C_END program=low
1770721165277568080 PROBE_C_START program=low
1770721165280802869 PROBE_C_END program=low
1770721165483415628 PROBE_C_START program=low
1770721165486769158 PROBE_C_END program=low
1770721165689430991 PROBE_C_START program=low
1770721165692707706 PROBE_C_END program=low
1770721165895309280 PROBE_C_START program=low
1770721165898626680 PROBE_C_END program=low
1770721166101353476 PROBE_C_START program=low
1770721166104655210 PROBE_C_END program=low
1770721166307281579 PROBE_C_START program=low
1770721166310606628 PROBE_C_END program=low
1770721166513281497 PROBE_C_START program=low
1770721166516605139 PROBE_C_END program=low
1770721166719229360 PROBE_C_START program=low
1770721166722568019 PROBE_C_END program=low
1770721166925201296 PROBE_C_START program=low
1770721166928534419 PROBE_C_END program=low
1770721167131192065 PROBE_C_START program=low
1770721167134509558 PROBE_C_END program=low
1770721167337129556 PROBE_C_START program=low
1770721167340470346 PROBE_C_END program=low
1770721167543090307 PROBE_C_START program=low
1770721167546430207 PROBE_C_END program=low
1770721167749065353 PROBE_C_START program=low
1770721167752357550 PROBE_C_END program=low
1770721167954995863 PROBE_C_START program=low
1770721167958319226 PROBE_C_END program=low
1770721168160947964 PROBE_C_START program=low
1770721168164289143 PROBE_C_END program=low
1770721168367036492 PROBE_C_START program=low
1770721168370404893 PROBE_C_END program=low
1770721168573099168 PROBE_C_START program=low
1770721168576459550 PROBE_C_END program=low
1770721168779133084 PROBE_C_START program=low
1770721168782463077 PROBE_C_END program=low
1770721168985103760 PROBE_C_START program=low
1770721168988411012 PROBE_C_END program=low
1770721169191075582 PROBE_C_START program=low
1770721169194397798 PROBE_C_END program=low
1770721169397051461 PROBE_C_START program=low
1770721169400399861 PROBE_C_END program=low
1770721169603053265 PROBE_C_START program=low
1770721169606383517 PROBE_C_END program=low
1770721169809007162 PROBE_C_START program=low
1770721169812315229 PROBE_C_END program=low
1770721170015000077 PROBE_C_START program=low
1770721170018338552 PROBE_C_END program=low
1770721170220997936 PROBE_C_START program=low
1770721170224321300 PROBE_C_END program=low
1770721170427023925 PROBE_C_START program=low
1770721170430353436 PROBE_C_END program=low
1770721170633000617 PROBE_C_START program=low
1770721170636280240 PROBE_C_END program=low
1770721170838944421 PROBE_C_START program=low
1770721170842277691 PROBE_C_END program=low
1770721171045066095 PROBE_C_START program=low
1770721171048374699 PROBE_C_END program=low
1770721171251054490 PROBE_C_START program=low
1770721171254399131 PROBE_C_END program=low
1770721171457025478 PROBE_C_START program=low
1770721171460296970 PROBE_C_END program=low
1770721171662946613 PROBE_C_START program=low
1770721171666307662 PROBE_C_END program=low
1770721171868980712 PROBE_C_START program=low
1770721171872318131 PROBE_C_END program=low
1770721172074944459 PROBE_C_START program=low
1770721172078339193 PROBE_C_END program=low
1770721172280956131 PROBE_C_START program=low
1770721172284243624 PROBE_C_END program=low
1770721172487117156 PROBE_C_START program=low
1770721172490662705 PROBE_C_END program=low
1770721172693693052 PROBE_C_START program=low
1770721172697108823 PROBE_C_END program=low
1770721172899853854 PROBE_C_START program=low
1770721172903238829 PROBE_C_END program=low
1770721173105940471 PROBE_C_START program=low
1770721173109318760 PROBE_C_END program=low
1770721173311999865 PROBE_C_START program=low
1770721173315362209 PROBE_C_END program=low
1770721173518067406 PROBE_C_START program=low
1770721173521432585 PROBE_C_END program=low
1770721173724143448 PROBE_C_START program=low
1770721173727533460 PROBE_C_END program=low
1770721173930274694 PROBE_C_START program=low
1770721173933624317 PROBE_C_END program=low
1770721174136375976 PROBE_C_START program=low
1770721174139767488 PROBE_C_END program=low
1770721174342465962 PROBE_C_START program=low
1770721174345843807 PROBE_C_END program=low
1770721174548578355 PROBE_C_START program=low
1770721174551937552 PROBE_C_END program=low
1770721174754627229 PROBE_C_START program=low
1770721174757965667 PROBE_C_END program=low
1770721174960632252 PROBE_C_START program=low
1770721174964018134 PROBE_C_END program=low
1770721175166689292 PROBE_C_START program=low
1770721175170034748 PROBE_C_END program=low
1770721175372770610 PROBE_C_START program=low
1770721175376131807 PROBE_C_END program=low
1770721175578820613 PROBE_C_START program=low
1770721175582168699 PROBE_C_END program=low
1770721175784860320 PROBE_C_START program=low
1770721175788238832 PROBE_C_END program=low
1770721175990995027 PROBE_C_START program=low
1770721175994368113 PROBE_C_END program=low
1770721176197078993 PROBE_C_START program=low
1770721176200450060 PROBE_C_END program=low
1770721176403241495 PROBE_C_START program=low
1770721176406631544 PROBE_C_END program=low
1770721176609344609 PROBE_C_START program=low
1770721176612719046 PROBE_C_END program=low
1770721176815433908 PROBE_C_START program=low
1770721176818814845 PROBE_C_END program=low
1770721177021623429 PROBE_C_START program=low
1770721177024990033 PROBE_C_END program=low
1770721177227729801 PROBE_C_START program=low
1770721177231120979 PROBE_C_END program=low
1770721177433911432 PROBE_C_START program=low
1770721177437284777 PROBE_C_END program=low
1770721177640070601 PROBE_C_START program=low
1770721177643437853 PROBE_C_END program=low
1770721177846181454 PROBE_C_START program=low
1770721177849558910 PROBE_C_END program=low
1770721178052300641 PROBE_C_START program=low
1770721178055682245 PROBE_C_END program=low
1770721178258394234 PROBE_C_START program=low
1770721178261789598 PROBE_C_END program=low
1770721178464531291 PROBE_C_START program=low
1770721178467911413 PROBE_C_END program=low
1770721178670678051 PROBE_C_START program=low
1770721178674015507 PROBE_C_END program=low
1770721178876797718 PROBE_C_START program=low
1770721178880164063 PROBE_C_END program=low
1770721179082917682 PROBE_C_START program=low
1770721179086305638 PROBE_C_END program=low
1770721179289094682 PROBE_C_START program=low
1770721179292469212 PROBE_C_END program=low
1770721179495305979 PROBE_C_START program=low
1770721179498676953 PROBE_C_END program=low
1770721179701401201 PROBE_C_START program=low
1770721179704707694 PROBE_C_END program=low
1770721179907439701 PROBE_C_START program=low
1770721179910815916 PROBE_C_END program=low
1770721180113606478 PROBE_C_START program=low
1770721180116963286 PROBE_C_END program=low
1770721180319691014 PROBE_C_START program=low
1770721180323067822 PROBE_C_END program=low
1770721180525865643 PROBE_C_START program=low
1770721180529422563 PROBE_C_END program=low
1770721180732267458 PROBE_C_START program=low
1770721180735703526 PROBE_C_END program=low
1770721180938435846 PROBE_C_START program=low
1770721180941786376 PROBE_C_END program=low
1770721181144459734 PROBE_C_START program=low
1770721181147841171 PROBE_C_END program=low
1770721181350543454 PROBE_C_START program=low
1770721181353919854 PROBE_C_END program=low
1770721181556640619 PROBE_C_START program=low
1770721181560024945 PROBE_C_END program=low
1770721181762682265 PROBE_C_START program=low
1770721181766032221 PROBE_C_END program=low
1770721181968691430 PROBE_C_START program=low
1770721181972031460 PROBE_C_END program=low
1770721182174638871 PROBE_C_START program=low
1770721182177932383 PROBE_C_END program=low
1770721182380551276 PROBE_C_START program=low
1770721182383883398 PROBE_C_END program=low
1770721182586532976 PROBE_C_START program=low
1770721182589826747 PROBE_C_END program=low
1770721182792450732 PROBE_C_START program=low
1770721182795776799 PROBE_C_END program=low
1770721182998507600 PROBE_C_START program=low
1770721183001816889 PROBE_C_END program=low
1770721183204479893 PROBE_C_START program=low
1770721183207827052 PROBE_C_END program=low
1770721183410817501 PROBE_C_START program=low
1770721183414185531 PROBE_C_END program=low
1770721183616887201 PROBE_C_START program=low
1770721183620191120 PROBE_C_END program=low
1770721183822815309 PROBE_C_START program=low
1770721183826161283 PROBE_C_END program=low
1770721184028794656 PROBE_C_START program=low
1770721184032108575 PROBE_C_END program=low
1770721184234755633 PROBE_C_START program=low
1770721184238093459 PROBE_C_END program=low
1770721184440717184 PROBE_C_START program=low
1770721184444057473 PROBE_C_END program=low
1770721184646713161 PROBE_C_START program=low
1770721184650048135 PROBE_C_END program=low
1770721184852681842 PROBE_C_START program=low
1770721184855987501 PROBE_C_END program=low
1770721185058637948 PROBE_C_START program=low
1770721185061963774 PROBE_C_END program=low
1770721185264587905 PROBE_C_START program=low
1770721185267937028 PROBE_C_END program=low
1770721185470624493 PROBE_C_START program=low
1770721185473947652 PROBE_C_END program=low
1770721185676595376 PROBE_C_START program=low
1770721185679930628 PROBE_C_END program=low
1770721185882608445 PROBE_C_START program=low
1770721185885924678 PROBE_C_END program=low
1770721186088601569 PROBE_C_START program=low
1770721186091892858 PROBE_C_END program=low
1770721186294521858 PROBE_C_START program=low
1770721186297817203 PROBE_C_END program=low
1770721186500444519 PROBE_C_START program=low
1770721186503785215 PROBE_C_END program=low
1770721186706448401 PROBE_C_START program=low
1770721186709815061 PROBE_C_END program=low
1770721186912473284 PROBE_C_START program=low
1770721186915778592 PROBE_C_END program=low
1770721187118435240 PROBE_C_START program=low
1770721187121729214 PROBE_C_END program=low
1770721187324383215 PROBE_C_START program=low
1770721187327714689 PROBE_C_END program=low
1770721187530373633 PROBE_C_START program=low
1770721187533665108 PROBE_C_END program=low
1770721187736342441 PROBE_C_START program=low
1770721187739664675 PROBE_C_END program=low
1770721187942301138 PROBE_C_START program=low
1770721187945599704 PROBE_C_END program=low
1770721188148300093 PROBE_C_START program=low
1770721188151656882 PROBE_C_END program=low
1770721188354334122 PROBE_C_START program=low
1770721188357659060 PROBE_C_END program=low
1770721188560317911 PROBE_C_START program=low
1770721188563673218 PROBE_C_END program=low
1770721188766315699 PROBE_C_START program=low
1770721188769645562 PROBE_C_END program=low
1770721188972289284 PROBE_C_START program=low
1770721188975783166 PROBE_C_END program=low
1770721189178654814 PROBE_C_START program=low
1770721189182215381 PROBE_C_END program=low
1770721189384956676 PROBE_C_START program=low
1770721189388283132 PROBE_C_END program=low
1770721189590944020 PROBE_C_START program=low
1770721189594258160 PROBE_C_END program=low
1770721189796883381 PROBE_C_START program=low
1770721189800235503 PROBE_C_END program=low
1770721190002888113 PROBE_C_START program=low
1770721190006195032 PROBE_C_END program=low
1770721190208823696 PROBE_C_START program=low
1770721190212082114 PROBE_C_END program=low
1770721190414705334 PROBE_C_START program=low
1770721190418016975 PROBE_C_END program=low
1770721190620625325 PROBE_C_START program=low
1770721190624002521 PROBE_C_END program=low
1770721190826739408 PROBE_C_START program=low
1770721190830066197 PROBE_C_END program=low
