1772199619051867268 R2_IDLE_A seconds=60 actions=B
1772199679053786713 SKIP_PROBE_A seconds=60
1772199739055605872 R2_IDLE_B seconds=30 actions=B
1772199769059465228 PROBE_B_START program=low
1772199769069601013 PROBE_B_END program=low
1772199769272544066 PROBE_B_START program=low
1772199769282846278 PROBE_B_END program=low
1772199769485649274 PROBE_B_START program=low
1772199769495614077 PROBE_B_END program=low
1772199769698455166 PROBE_B_START program=low
1772199769708232228 PROBE_B_END program=low
1772199769910949983 PROBE_B_START program=low
1772199769920215172 PROBE_B_END program=low
1772199770122924871 PROBE_B_START program=low
1772199770132715469 PROBE_B_END program=low
1772199770335488039 PROBE_B_START program=low
1772199770345245655 PROBE_B_END program=low
1772199770548021873 PROBE_B_START program=low
1772199770557789360 PROBE_B_END program=low
1772199770760609744 PROBE_B_START program=low
1772199770770508417 PROBE_B_END program=low
1772199770973225375 PROBE_B_START program=low
1772199770982559749 PROBE_B_END program=low
1772199771185238632 PROBE_B_START program=low
1772199771195060379 PROBE_B_END program=low
1772199771397818929 PROBE_B_START program=low
1772199771407689342 PROBE_B_END program=low
1772199771610528800 PROBE_B_START program=low
1772199771620625010 PROBE_B_END program=low
1772199771823671635 PROBE_B_START program=low
1772199771834852869 PROBE_B_END program=low
1772199772037930476 PROBE_B_START program=low
1772199772047887667 PROBE_B_END program=low
1772199772250732753 PROBE_B_START program=low
1772199772260658019 PROBE_B_END program=low
1772199772463492346 PROBE_B_START program=low
1772199772473345852 PROBE_B_END program=low
1772199772676221586 PROBE_B_START program=low
1772199772686122351 PROBE_B_END program=low
1772199772889291791 PROBE_B_START program=low
1772199772899806577 PROBE_B_END program=low
1772199773102648774 PROBE_B_START program=low
1772199773112500391 PROBE_B_END program=low
1772199773315362014 PROBE_B_START program=low
1772199773325231445 PROBE_B_END program=low
1772199773528056104 PROBE_B_START program=low
1772199773538078907 PROBE_B_END program=low
1772199773740961993 PROBE_B_START program=low
1772199773750892739 PROBE_B_END program=low
1772199773953836010 PROBE_B_START program=low
1772199773963878498 PROBE_B_END program=low
1772199774166910398 PROBE_B_START program=low
1772199774177151868 PROBE_B_END program=low
1772199774380000934 PROBE_B_START program=low
1772199774389956459 PROBE_B_END program=low
1772199774592825154 PROBE_B_START program=low
1772199774602835512 PROBE_B_END program=low
1772199774805664004 PROBE_B_START program=low
1772199774815550750 PROBE_B_END program=low
1772199775018242426 PROBE_B_START program=low
1772199775027568133 PROBE_B_END program=low
1772199775230337216 PROBE_B_START program=low
1772199775240285092 PROBE_B_END program=low
1772199775443116953 PROBE_B_START program=low
1772199775453104589 PROBE_B_END program=low
1772199775655953987 PROBE_B_START program=low
1772199775665883493 PROBE_B_END program=low
1772199775868707743 PROBE_B_START program=low
1772199775878678619 PROBE_B_END program=low
1772199776081423498 PROBE_B_START program=low
1772199776090850094 PROBE_B_END program=low
1772199776293661546 PROBE_B_START program=low
1772199776303750497 PROBE_B_END program=low
1772199776506630968 PROBE_B_START program=low
1772199776516751975 PROBE_B_END program=low
1772199776719591464 PROBE_B_START program=low
1772199776729542674 PROBE_B_END program=low
1772199776932415849 PROBE_B_START program=low
1772199776942364744 PROBE_B_END program=low
1772199777145262825 PROBE_B_START program=low
1772199777155189442 PROBE_B_END program=low
1772199777358018745 PROBE_B_START program=low
1772199777367886732 PROBE_B_END program=low
1772199777570739165 PROBE_B_START program=low
1772199777580663523 PROBE_B_END program=low
1772199777783516641 PROBE_B_START program=low
1772199777793339850 PROBE_B_END program=low
1772199777996173394 PROBE_B_START program=low
1772199778006116733 PROBE_B_END program=low
1772199778208833979 PROBE_B_START program=low
1772199778218238723 PROBE_B_END program=low
1772199778420967173 PROBE_B_START program=low
1772199778430460048 PROBE_B_END program=low
1772199778633351368 PROBE_B_START program=low
1772199778643366226 PROBE_B_END program=low
1772199778846302140 PROBE_B_START program=low
1772199778856532314 PROBE_B_END program=low
1772199779059809081 PROBE_B_START program=low
1772199779071093740 PROBE_B_END program=low
1772199779274097431 PROBE_B_START program=low
1772199779284066493 PROBE_B_END program=low
1772199779486915571 PROBE_B_START program=low
1772199779496801484 PROBE_B_END program=low
1772199779699656563 PROBE_B_START program=low
1772199779709758181 PROBE_B_END program=low
1772199779912760816 PROBE_B_START program=low
1772199779922743229 PROBE_B_END program=low
1772199780125681938 PROBE_B_START program=low
1772199780135608295 PROBE_B_END program=low
1772199780338405373 PROBE_B_START program=low
1772199780348284878 PROBE_B_END program=low
1772199780551279735 PROBE_B_START program=low
1772199780561160259 PROBE_B_END program=low
1772199780764008855 PROBE_B_START program=low
1772199780773837712 PROBE_B_END program=low
1772199780976708605 PROBE_B_START program=low
1772199780986969242 PROBE_B_END program=low
1772199781189901393 PROBE_B_START program=low
1772199781199606324 PROBE_B_END program=low
1772199781402260251 PROBE_B_START program=low
1772199781411593440 PROBE_B_END program=low
1772199781614401627 PROBE_B_START program=low
1772199781624379504 PROBE_B_END program=low
1772199781827256118 PROBE_B_START program=low
1772199781837129345 PROBE_B_END program=low
1772199782039959070 PROBE_B_START program=low
1772199782049822427 PROBE_B_END program=low
1772199782252572743 PROBE_B_START program=low
1772199782261521541 PROBE_B_END program=low
1772199782464287764 PROBE_B_START program=low
1772199782474246529 PROBE_B_END program=low
1772199782677161976 PROBE_B_START program=low
1772199782687127630 PROBE_B_END program=low
1772199782889949761 PROBE_B_START program=low
1772199782899861248 PROBE_B_END program=low
1772199783102707934 PROBE_B_START program=low
1772199783112655718 PROBE_B_END program=low
1772199783315470589 PROBE_B_START program=low
1772199783324928388 PROBE_B_END program=low
1772199783527757667 PROBE_B_START program=low
1772199783537778988 PROBE_B_END program=low
1772199783740618155 PROBE_B_START program=low
1772199783750570253 PROBE_B_END program=low
1772199783953429143 PROBE_B_START program=low
1772199783963400482 PROBE_B_END program=low
1772199784166223444 PROBE_B_START program=low
1772199784176125302 PROBE_B_END program=low
1772199784379018968 PROBE_B_START program=low
1772199784388987066 PROBE_B_END program=low
1772199784591862510 PROBE_B_START program=low
1772199784601834905 PROBE_B_END program=low
1772199784804711905 PROBE_B_START program=low
1772199784814670244 PROBE_B_END program=low
1772199785017542484 PROBE_B_START program=low
1772199785027467119 PROBE_B_END program=low
1772199785230287062 PROBE_B_START program=low
1772199785240151901 PROBE_B_END program=low
1772199785442939047 PROBE_B_START program=low
1772199785452292124 PROBE_B_END program=low
1772199785655022030 PROBE_B_START program=low
1772199785664472829 PROBE_B_END program=low
1772199785867191179 PROBE_B_START program=low
1772199785876610182 PROBE_B_END program=low
1772199786079451644 PROBE_B_START program=low
1772199786089386112 PROBE_B_END program=low
1772199786293008168 PROBE_B_START program=low
1772199786303107915 PROBE_B_END program=low
1772199786505851505 PROBE_B_START program=low
1772199786515729140 PROBE_B_END program=low
1772199786718575137 PROBE_B_START program=low
1772199786728484494 PROBE_B_END program=low
1772199786931528345 PROBE_B_START program=low
1772199786941512480 PROBE_B_END program=low
1772199787144465792 PROBE_B_START program=low
1772199787154393353 PROBE_B_END program=low
1772199787357310146 PROBE_B_START program=low
1772199787367335004 PROBE_B_END program=low
1772199787570145241 PROBE_B_START program=low
1772199787580011542 PROBE_B_END program=low
1772199787782855298 PROBE_B_START program=low
1772199787792820155 PROBE_B_END program=low
1772199787995647800 PROBE_B_START program=low
1772199788005650028 PROBE_B_END program=low
1772199788208547616 PROBE_B_START program=low
1772199788218751678 PROBE_B_END program=low
1772199788421897138 PROBE_B_START program=low
1772199788431997218 PROBE_B_END program=low
1772199788634862491 PROBE_B_START program=low
1772199788644690533 PROBE_B_END program=low
1772199788847489676 PROBE_B_START program=low
1772199788856923698 PROBE_B_END program=low
1772199789059699286 PROBE_B_START program=low
1772199789069632624 PROBE_B_END program=low
1772199789272507193 PROBE_B_START program=low
1772199789282399217 PROBE_B_END program=low
1772199789485083136 PROBE_B_START program=low
1772199789493948118 PROBE_B_END program=low
1772199789696653612 PROBE_B_START program=low
1772199789706040097 PROBE_B_END program=low
1772199789908872202 PROBE_B_START program=low
1772199789918833504 PROBE_B_END program=low
1772199790121685091 PROBE_B_START program=low
1772199790131655855 PROBE_B_END program=low
1772199790334551682 PROBE_B_START program=low
1772199790344443335 PROBE_B_END program=low
1772199790547292755 PROBE_B_START program=low
1772199790556655480 PROBE_B_END program=low
1772199790759420380 PROBE_B_START program=low
1772199790769529220 PROBE_B_END program=low
1772199790972357546 PROBE_B_START program=low
1772199790982311681 PROBE_B_END program=low
1772199791185129525 PROBE_B_START program=low
1772199791194999549 PROBE_B_END program=low
1772199791397836634 PROBE_B_START program=low
1772199791407673898 PROBE_B_END program=low
1772199791610507686 PROBE_B_START program=low
1772199791620385636 PROBE_B_END program=low
1772199791823261165 PROBE_B_START program=low
1772199791833220967 PROBE_B_END program=low
1772199792036121237 PROBE_B_START program=low
1772199792046129372 PROBE_B_END program=low
1772199792248973586 PROBE_B_START program=low
1772199792258907610 PROBE_B_END program=low
1772199792461760786 PROBE_B_START program=low
1772199792472010293 PROBE_B_END program=low
1772199792674961840 PROBE_B_START program=low
1772199792684273509 PROBE_B_END program=low
1772199792887067315 PROBE_B_START program=low
1772199792897006580 PROBE_B_END program=low
1772199793099836589 PROBE_B_START program=low
1772199793109764316 PROBE_B_END program=low
1772199793312623806 PROBE_B_START program=low
1772199793322611275 PROBE_B_END program=low
1772199793527922961 PROBE_B_START program=low
1772199793538093022 PROBE_B_END program=low
1772199793740788234 PROBE_B_START program=low
1772199793749920495 PROBE_B_END program=low
1772199793952769912 PROBE_B_START program=low
1772199793962657546 PROBE_B_END program=low
1772199794165400757 PROBE_B_START program=low
1772199794175253892 PROBE_B_END program=low
1772199794377950603 PROBE_B_START program=low
1772199794387805756 PROBE_B_END program=low
1772199794590639115 PROBE_B_START program=low
1772199794600550861 PROBE_B_END program=low
1772199794803356350 PROBE_B_START program=low
1772199794813167040 PROBE_B_END program=low
1772199795015885362 PROBE_B_START program=low
1772199795025690663 PROBE_B_END program=low
1772199795228445113 PROBE_B_START program=low
1772199795238287359 PROBE_B_END program=low
1772199795441038310 PROBE_B_START program=low
1772199795451090130 PROBE_B_END program=low
1772199795653861785 PROBE_B_START program=low
1772199795663671937 PROBE_B_END program=low
1772199795866445722 PROBE_B_START program=low
1772199795876271282 PROBE_B_END program=low
1772199796079059566 PROBE_B_START program=low
1772199796088835996 PROBE_B_END program=low
1772199796291649816 PROBE_B_START program=low
1772199796301630118 PROBE_B_END program=low
1772199796504468605 PROBE_B_START program=low
1772199796514348295 PROBE_B_END program=low
1772199796717036800 PROBE_B_START program=low
1772199796725851430 PROBE_B_END program=low
1772199796928593509 PROBE_B_START program=low
1772199796938572440 PROBE_B_END program=low
1772199797141376982 PROBE_B_START program=low
1772199797151341228 PROBE_B_END program=low
1772199797354247659 PROBE_B_START program=low
1772199797364167183 PROBE_B_END program=low
1772199797566991447 PROBE_B_START program=low
1772199797576905377 PROBE_B_END program=low
1772199797779573566 PROBE_B_START program=low
1772199797789086218 PROBE_B_END program=low
1772199797991846130 PROBE_B_START program=low
1772199798001715505 PROBE_B_END program=low
1772199798204541175 PROBE_B_START program=low
1772199798214510976 PROBE_B_END program=low
1772199798417332128 PROBE_B_START program=low
1772199798427274170 PROBE_B_END program=low
1772199798630123600 PROBE_B_START program=low
1772199798640041382 PROBE_B_END program=low
1772199798842879145 PROBE_B_START program=low
1772199798852728391 PROBE_B_END program=low
1772199799055560950 PROBE_B_START program=low
1772199799065474917 PROBE_B_END program=low
1772199799268370569 PROBE_B_START program=low
1772199799278358351 PROBE_B_END program=low
1772199799481199669 PROBE_B_START program=low
1772199799491166822 PROBE_B_END program=low
1772199799694461901 PROBE_B_START program=low
1772199799705584299 PROBE_B_END program=low
1772199799908631710 PROBE_B_START program=low
1772199799918001935 PROBE_B_END program=low
1772199800120782381 PROBE_B_START program=low
1772199800130874757 PROBE_B_END program=low
1772199800333660037 PROBE_B_START program=low
1772199800343539060 PROBE_B_END program=low
1772199800546389580 PROBE_B_START program=low
1772199800556285992 PROBE_B_END program=low
1772199800759498903 PROBE_B_START program=low
1772199800769566501 PROBE_B_END program=low
1772199800972449336 PROBE_B_START program=low
1772199800982403859 PROBE_B_END program=low
1772199801185232397 PROBE_B_START program=low
1772199801195205495 PROBE_B_END program=low
1772199801398057347 PROBE_B_START program=low
1772199801407985222 PROBE_B_END program=low
1772199801610824390 PROBE_B_START program=low
1772199801620669968 PROBE_B_END program=low
1772199801823571080 PROBE_B_START program=low
1772199801833533048 PROBE_B_END program=low
1772199802036351030 PROBE_B_START program=low
1772199802046260942 PROBE_B_END program=low
1772199802249067942 PROBE_B_START program=low
1772199802259001446 PROBE_B_END program=low
1772199802461828557 PROBE_B_START program=low
1772199802472084026 PROBE_B_END program=low
1772199802675131638 PROBE_B_START program=low
1772199802685513515 PROBE_B_END program=low
1772199802888270014 PROBE_B_START program=low
1772199802897643905 PROBE_B_END program=low
1772199803100513164 PROBE_B_START program=low
1772199803110443891 PROBE_B_END program=low
1772199803313247612 PROBE_B_START program=low
1772199803323193820 PROBE_B_END program=low
1772199803526015504 PROBE_B_START program=low
1772199803535934471 PROBE_B_END program=low
1772199803738726414 PROBE_B_START program=low
1772199803748567919 PROBE_B_END program=low
1772199803951212250 PROBE_B_START program=low
1772199803960133380 PROBE_B_END program=low
1772199804162919044 PROBE_B_START program=low
1772199804172787104 PROBE_B_END program=low
1772199804375623509 PROBE_B_START program=low
1772199804385453143 PROBE_B_END program=low
1772199804588288437 PROBE_B_START program=low
1772199804598267220 PROBE_B_END program=low
1772199804801094421 PROBE_B_START program=low
1772199804811083222 PROBE_B_END program=low
1772199805014059739 PROBE_B_START program=low
1772199805024203929 PROBE_B_END program=low
1772199805227069000 PROBE_B_START program=low
1772199805237097820 PROBE_B_END program=low
1772199805439912687 PROBE_B_START program=low
1772199805449852821 PROBE_B_END program=low
1772199805652702966 PROBE_B_START program=low
1772199805662575008 PROBE_B_END program=low
1772199805865445319 PROBE_B_START program=low
1772199805875402694 PROBE_B_END program=low
1772199806078315117 PROBE_B_START program=low
1772199806088265011 PROBE_B_END program=low
1772199806291093099 PROBE_B_START program=low
1772199806300997177 PROBE_B_END program=low
1772199806503804173 PROBE_B_START program=low
1772199806513767585 PROBE_B_END program=low
1772199806716613581 PROBE_B_START program=low
1772199806726623789 PROBE_B_END program=low
1772199806929806527 PROBE_B_START program=low
1772199806940705647 PROBE_B_END program=low
1772199807143531975 PROBE_B_START program=low
1772199807153663351 PROBE_B_END program=low
1772199807356593587 PROBE_B_START program=low
1772199807366886426 PROBE_B_END program=low
1772199807569711661 PROBE_B_START program=low
1772199807579605925 PROBE_B_END program=low
1772199807782462420 PROBE_B_START program=low
1772199807792595592 PROBE_B_END program=low
1772199807995617643 PROBE_B_START program=low
1772199808005171053 PROBE_B_END program=low
1772199808208031306 PROBE_B_START program=low
1772199808218040792 PROBE_B_END program=low
1772199808420892156 PROBE_B_START program=low
1772199808430793550 PROBE_B_END program=low
1772199808633623025 PROBE_B_START program=low
1772199808643577789 PROBE_B_END program=low
1772199808846314949 PROBE_B_START program=low
1772199808856180656 PROBE_B_END program=low
1772199809059044576 PROBE_B_START program=low
1772199809068852765 PROBE_B_END program=low
1772199809271576868 PROBE_B_START program=low
1772199809281351557 PROBE_B_END program=low
1772199809484087179 PROBE_B_START program=low
1772199809493935313 PROBE_B_END program=low
1772199809696673546 PROBE_B_START program=low
1772199809706736329 PROBE_B_END program=low
1772199809909418172 PROBE_B_START program=low
1772199809919183139 PROBE_B_END program=low
1772199810121869908 PROBE_B_START program=low
1772199810131161855 PROBE_B_END program=low
1772199810333859161 PROBE_B_START program=low
1772199810343647516 PROBE_B_END program=low
1772199810546406582 PROBE_B_START program=low
1772199810556198678 PROBE_B_END program=low
1772199810758951151 PROBE_B_START program=low
1772199810768720877 PROBE_B_END program=low
1772199810971462850 PROBE_B_START program=low
1772199810981246335 PROBE_B_END program=low
1772199811183839195 PROBE_B_START program=low
1772199811192636343 PROBE_B_END program=low
1772199811395303203 PROBE_B_START program=low
1772199811405137688 PROBE_B_END program=low
1772199811607890994 PROBE_B_START program=low
1772199811617718423 PROBE_B_END program=low
1772199811820451969 PROBE_B_START program=low
1772199811830362788 PROBE_B_END program=low
1772199812033097908 PROBE_B_START program=low
1772199812043152117 PROBE_B_END program=low
1772199812246253385 PROBE_B_START program=low
1772199812256310501 PROBE_B_END program=low
1772199812459096046 PROBE_B_START program=low
1772199812468941439 PROBE_B_END program=low
1772199812671673873 PROBE_B_START program=low
1772199812681478543 PROBE_B_END program=low
1772199812884230496 PROBE_B_START program=low
1772199812894062833 PROBE_B_END program=low
1772199813096769988 PROBE_B_START program=low
1772199813106880456 PROBE_B_END program=low
1772199813310031150 PROBE_B_START program=low
1772199813319937747 PROBE_B_END program=low
1772199813522860254 PROBE_B_START program=low
1772199813532727054 PROBE_B_END program=low
1772199813735563932 PROBE_B_START program=low
1772199813745577826 PROBE_B_END program=low
1772199813948411592 PROBE_B_START program=low
1772199813958276855 PROBE_B_END program=low
1772199814161267807 PROBE_B_START program=low
1772199814171558072 PROBE_B_END program=low
1772199814374384319 PROBE_B_START program=low
1772199814384504750 PROBE_B_END program=low
1772199814587444423 PROBE_B_START program=low
1772199814597685225 PROBE_B_END program=low
1772199814800515213 PROBE_B_START program=low
1772199814810507550 PROBE_B_END program=low
1772199815013367761 PROBE_B_START program=low
1772199815023156986 PROBE_B_END program=low
1772199815225815639 PROBE_B_START program=low
1772199815235143567 PROBE_B_END program=low
1772199815437866164 PROBE_B_START program=low
1772199815447766335 PROBE_B_END program=low
1772199815650548969 PROBE_B_START program=low
1772199815660266991 PROBE_B_END program=low
1772199815863072145 PROBE_B_START program=low
1772199815872911593 PROBE_B_END program=low
1772199816075673431 PROBE_B_START program=low
1772199816085516509 PROBE_B_END program=low
1772199816288280290 PROBE_B_START program=low
1772199816297610625 PROBE_B_END program=low
1772199816500353500 PROBE_B_START program=low
1772199816510223337 PROBE_B_END program=low
1772199816712983933 PROBE_B_START program=low
1772199816722880678 PROBE_B_END program=low
1772199816925674090 PROBE_B_START program=low
1772199816935663909 PROBE_B_END program=low
1772199817138453986 PROBE_B_START program=low
1772199817148260138 PROBE_B_END program=low
1772199817350884400 PROBE_B_START program=low
1772199817359612436 PROBE_B_END program=low
1772199817562332772 PROBE_B_START program=low
1772199817572140905 PROBE_B_END program=low
1772199817774919446 PROBE_B_START program=low
1772199817784710523 PROBE_B_END program=low
1772199817987468989 PROBE_B_START program=low
1772199817997254900 PROBE_B_END program=low
1772199818200004661 PROBE_B_START program=low
1772199818209812720 PROBE_B_END program=low
1772199818412490796 PROBE_B_START program=low
1772199818421446703 PROBE_B_END program=low
1772199818624179150 PROBE_B_START program=low
1772199818633652652 PROBE_B_END program=low
1772199818836490043 PROBE_B_START program=low
1772199818846604326 PROBE_B_END program=low
1772199819049443069 PROBE_B_START program=low
1772199819059403665 PROBE_B_END program=low
1772199819262246889 PROBE_B_START program=low
1772199819272459191 PROBE_B_END program=low
1772199819475270581 PROBE_B_START program=low
1772199819485397011 PROBE_B_END program=low
1772199819688123457 PROBE_B_START program=low
1772199819697559996 PROBE_B_END program=low
1772199819900457164 PROBE_B_START program=low
1772199819910351446 PROBE_B_END program=low
1772199820113078483 PROBE_B_START program=low
1772199820122440207 PROBE_B_END program=low
1772199820325413967 PROBE_B_START program=low
1772199820335916270 PROBE_B_END program=low
1772199820538958938 PROBE_B_START program=low
1772199820548855386 PROBE_B_END program=low
1772199820751704572 PROBE_B_START program=low
1772199820761631576 PROBE_B_END program=low
1772199820964387650 PROBE_B_START program=low
1772199820974373876 PROBE_B_END program=low
1772199821177214006 PROBE_B_START program=low
1772199821187158250 PROBE_B_END program=low
1772199821390161769 PROBE_B_START program=low
1772199821400337959 PROBE_B_END program=low
1772199821603258848 PROBE_B_START program=low
1772199821613432667 PROBE_B_END program=low
1772199821816449094 PROBE_B_START program=low
1772199821826792210 PROBE_B_END program=low
1772199822029598580 PROBE_B_START program=low
1772199822039586325 PROBE_B_END program=low
1772199822242496675 PROBE_B_START program=low
1772199822252477494 PROBE_B_END program=low
1772199822455188177 PROBE_B_START program=low
1772199822464039566 PROBE_B_END program=low
1772199822666767675 PROBE_B_START program=low
1772199822676615900 PROBE_B_END program=low
1772199822879515177 PROBE_B_START program=low
1772199822889389051 PROBE_B_END program=low
1772199823092213197 PROBE_B_START program=low
1772199823102152627 PROBE_B_END program=low
1772199823304982273 PROBE_B_START program=low
1772199823314937406 PROBE_B_END program=low
1772199823517690737 PROBE_B_START program=low
1772199823527057572 PROBE_B_END program=low
1772199823729893662 PROBE_B_START program=low
1772199823739841721 PROBE_B_END program=low
1772199823942687793 PROBE_B_START program=low
1772199823952529000 PROBE_B_END program=low
1772199824155390034 PROBE_B_START program=low
1772199824165521613 PROBE_B_END program=low
1772199824368366943 PROBE_B_START program=low
1772199824378387632 PROBE_B_END program=low
1772199824581130591 PROBE_B_START program=low
1772199824590565833 PROBE_B_END program=low
1772199824793358774 PROBE_B_START program=low
1772199824803324278 PROBE_B_END program=low
1772199825006214349 PROBE_B_START program=low
1772199825016149927 PROBE_B_END program=low
1772199825218982645 PROBE_B_START program=low
1772199825228911889 PROBE_B_END program=low
1772199825431746866 PROBE_B_START program=low
1772199825441763370 PROBE_B_END program=low
1772199825644529329 PROBE_B_START program=low
1772199825653440532 PROBE_B_END program=low
1772199825856169898 PROBE_B_START program=low
1772199825866148068 PROBE_B_END program=low
1772199826068995934 PROBE_B_START program=low
1772199826078945419 PROBE_B_END program=low
1772199826281714839 PROBE_B_START program=low
1772199826291621472 PROBE_B_END program=low
1772199826494479727 PROBE_B_START program=low
1772199826504556249 PROBE_B_END program=low
1772199826707418707 PROBE_B_START program=low
1772199826717256784 PROBE_B_END program=low
1772199826920111798 PROBE_B_START program=low
1772199826930146116 PROBE_B_END program=low
1772199827133005981 PROBE_B_START program=low
1772199827142856744 PROBE_B_END program=low
1772199827345618608 PROBE_B_START program=low
1772199827355542685 PROBE_B_END program=low
1772199827558844903 PROBE_B_START program=low
1772199827569371502 PROBE_B_END program=low
1772199827772279310 PROBE_B_START program=low
1772199827782250944 PROBE_B_END program=low
1772199827985131827 PROBE_B_START program=low
1772199827995094904 PROBE_B_END program=low
1772199828197859564 PROBE_B_START program=low
1772199828207792863 PROBE_B_END program=low
1772199828410590634 PROBE_B_START program=low
1772199828420453915 PROBE_B_END program=low
1772199828623393723 PROBE_B_START program=low
1772199828633393319 PROBE_B_END program=low
1772199828836240997 PROBE_B_START program=low
1772199828846626929 PROBE_B_END program=low
1772199829049500384 R2_IDLE_C seconds=30 actions=B
1772199859051438773 SKIP_PROBE_C seconds=60
