1770408274779126804 R2_IDLE_A seconds=20
1770408294783098095 PROBE_A_START program=HIGH
1770408294795290131 PROBE_A_END program=HIGH
1770408294998145410 PROBE_A_START program=HIGH
1770408295011261764 PROBE_A_END program=HIGH
1770408295214109542 PROBE_A_START program=HIGH
1770408295226125393 PROBE_A_END program=HIGH
1770408295428978264 PROBE_A_START program=HIGH
1770408295442754287 PROBE_A_END program=HIGH
1770408295645567824 PROBE_A_START program=HIGH
1770408295658507159 PROBE_A_END program=HIGH
1770408295861334326 PROBE_A_START program=HIGH
1770408295874442143 PROBE_A_END program=HIGH
1770408296077271606 PROBE_A_START program=HIGH
1770408296089392754 PROBE_A_END program=HIGH
1770408296292182865 PROBE_A_START program=HIGH
1770408296304280364 PROBE_A_END program=HIGH
1770408296507100605 PROBE_A_START program=HIGH
1770408296519185641 PROBE_A_END program=HIGH
1770408296722036715 PROBE_A_START program=HIGH
1770408296735044254 PROBE_A_END program=HIGH
1770408296937883328 PROBE_A_START program=HIGH
1770408296950023217 PROBE_A_END program=HIGH
1770408297152844309 PROBE_A_START program=HIGH
1770408297165889774 PROBE_A_END program=HIGH
1770408297368758459 PROBE_A_START program=HIGH
1770408297381573146 PROBE_A_END program=HIGH
1770408297584392090 PROBE_A_START program=HIGH
1770408297597473907 PROBE_A_END program=HIGH
1770408297800361518 PROBE_A_START program=HIGH
1770408297813349557 PROBE_A_END program=HIGH
1770408298016257871 PROBE_A_START program=HIGH
1770408298028392426 PROBE_A_END program=HIGH
1770408298231316241 PROBE_A_START program=HIGH
1770408298243541907 PROBE_A_END program=HIGH
1770408298446445462 PROBE_A_START program=HIGH
1770408298458585962 PROBE_A_END program=HIGH
1770408298661488035 PROBE_A_START program=HIGH
1770408298674581519 PROBE_A_END program=HIGH
1770408298877503278 PROBE_A_START program=HIGH
1770408298889654204 PROBE_A_END program=HIGH
1770408299092624407 PROBE_A_START program=HIGH
1770408299106285726 PROBE_A_END program=HIGH
1770408299309184410 PROBE_A_START program=HIGH
1770408299321315058 PROBE_A_END program=HIGH
1770408299524212242 PROBE_A_START program=HIGH
1770408299536330131 PROBE_A_END program=HIGH
1770408299739282871 PROBE_A_START program=HIGH
1770408299751501148 PROBE_A_END program=HIGH
1770408299954316166 PROBE_A_START program=HIGH
1770408299966851463 PROBE_A_END program=HIGH
1770408300169697239 PROBE_A_START program=HIGH
1770408300182839501 PROBE_A_END program=HIGH
1770408300385752260 PROBE_A_START program=HIGH
1770408300397907963 PROBE_A_END program=HIGH
1770408300600816758 PROBE_A_START program=HIGH
1770408300612962980 PROBE_A_END program=HIGH
1770408300815854349 PROBE_A_START program=HIGH
1770408300827991478 PROBE_A_END program=HIGH
1770408301030884329 PROBE_A_START program=HIGH
1770408301045121835 PROBE_A_END program=HIGH
1770408301247883981 PROBE_A_START program=HIGH
1770408301259650757 PROBE_A_END program=HIGH
1770408301462455145 PROBE_A_START program=HIGH
1770408301474565237 PROBE_A_END program=HIGH
1770408301677433884 PROBE_A_START program=HIGH
1770408301690435719 PROBE_A_END program=HIGH
1770408301893350366 PROBE_A_START program=HIGH
1770408301905528699 PROBE_A_END program=HIGH
1770408302108471586 PROBE_A_START program=HIGH
1770408302120572530 PROBE_A_END program=HIGH
1770408302323458121 PROBE_A_START program=HIGH
1770408302335600509 PROBE_A_END program=HIGH
1770408302538511360 PROBE_A_START program=HIGH
1770408302551687751 PROBE_A_END program=HIGH
1770408302754664639 PROBE_A_START program=HIGH
1770408302768073346 PROBE_A_END program=HIGH
1770408302971011382 PROBE_A_START program=HIGH
1770408302984584274 PROBE_A_END program=HIGH
1770408303187427013 PROBE_A_START program=HIGH
1770408303199576568 PROBE_A_END program=HIGH
1770408303402432085 PROBE_A_START program=HIGH
1770408303415572957 PROBE_A_END program=HIGH
1770408303618466233 PROBE_A_START program=HIGH
1770408303630721326 PROBE_A_END program=HIGH
1770408303833638028 PROBE_A_START program=HIGH
1770408303845834120 PROBE_A_END program=HIGH
1770408304048707433 PROBE_A_START program=HIGH
1770408304061736046 PROBE_A_END program=HIGH
1770408304264669748 PROBE_A_START program=HIGH
1770408304276840895 PROBE_A_END program=HIGH
1770408304479758542 PROBE_A_START program=HIGH
1770408304491962171 PROBE_A_END program=HIGH
1770408304694736872 PROBE_A_START program=HIGH
1770408304708448895 PROBE_A_END program=HIGH
1770408304911513615 PROBE_A_START program=HIGH
1770408304924614803 PROBE_A_END program=HIGH
1770408305127545190 PROBE_A_START program=HIGH
1770408305139688967 PROBE_A_END program=HIGH
1770408305342555242 PROBE_A_START program=HIGH
1770408305355628189 PROBE_A_END program=HIGH
1770408305558534650 PROBE_A_START program=HIGH
1770408305571551559 PROBE_A_END program=HIGH
1770408305774453834 PROBE_A_START program=HIGH
1770408305786609297 PROBE_A_END program=HIGH
1770408305989446831 PROBE_A_START program=HIGH
1770408306002383537 PROBE_A_END program=HIGH
1770408306205246886 PROBE_A_START program=HIGH
1770408306218333148 PROBE_A_END program=HIGH
1770408306421211775 PROBE_A_START program=HIGH
1770408306433356885 PROBE_A_END program=HIGH
1770408306636342623 PROBE_A_START program=HIGH
1770408306650162554 PROBE_A_END program=HIGH
1770408306853104014 PROBE_A_START program=HIGH
1770408306866290258 PROBE_A_END program=HIGH
1770408307069166088 PROBE_A_START program=HIGH
1770408307081394125 PROBE_A_END program=HIGH
1770408307284261881 PROBE_A_START program=HIGH
1770408307296486566 PROBE_A_END program=HIGH
1770408307499336341 PROBE_A_START program=HIGH
1770408307511552433 PROBE_A_END program=HIGH
1770408307714414412 PROBE_A_START program=HIGH
1770408307728526435 PROBE_A_END program=HIGH
1770408307931391118 PROBE_A_START program=HIGH
1770408307943506154 PROBE_A_END program=HIGH
1770408308146385595 PROBE_A_START program=HIGH
1770408308159503709 PROBE_A_END program=HIGH
1770408308362358057 PROBE_A_START program=HIGH
1770408308376244673 PROBE_A_END program=HIGH
1770408308579142448 PROBE_A_START program=HIGH
1770408308591313355 PROBE_A_END program=HIGH
1770408308794227629 PROBE_A_START program=HIGH
1770408308807565725 PROBE_A_END program=HIGH
1770408309010424907 PROBE_A_START program=HIGH
1770408309024572783 PROBE_A_END program=HIGH
1770408309227381001 PROBE_A_START program=HIGH
1770408309239514852 PROBE_A_END program=HIGH
1770408309442298997 PROBE_A_START program=HIGH
1770408309454428589 PROBE_A_END program=HIGH
1770408309657218492 PROBE_A_START program=HIGH
1770408309670265624 PROBE_A_END program=HIGH
1770408309873074417 PROBE_A_START program=HIGH
1770408309885990159 PROBE_A_END program=HIGH
1770408310088798100 PROBE_A_START program=HIGH
1770408310101134007 PROBE_A_END program=HIGH
1770408310304048670 PROBE_A_START program=HIGH
1770408310317538711 PROBE_A_END program=HIGH
1770408310520405151 PROBE_A_START program=HIGH
1770408310532529021 PROBE_A_END program=HIGH
1770408310735375499 PROBE_A_START program=HIGH
1770408310747614684 PROBE_A_END program=HIGH
1770408310950408809 PROBE_A_START program=HIGH
1770408310963321329 PROBE_A_END program=HIGH
1770408311166100159 PROBE_A_START program=HIGH
1770408311179070975 PROBE_A_END program=HIGH
1770408311381904860 PROBE_A_START program=HIGH
1770408311394868325 PROBE_A_END program=HIGH
1770408311597759895 PROBE_A_START program=HIGH
1770408311609928024 PROBE_A_END program=HIGH
1770408311812783742 PROBE_A_START program=HIGH
1770408311825857874 PROBE_A_END program=HIGH
1770408312028669573 PROBE_A_START program=HIGH
1770408312042765597 PROBE_A_END program=HIGH
1770408312245580556 PROBE_A_START program=HIGH
1770408312258560872 PROBE_A_END program=HIGH
1770408312461383924 PROBE_A_START program=HIGH
1770408312473600812 PROBE_A_END program=HIGH
1770408312676448789 PROBE_A_START program=HIGH
1770408312689442402 PROBE_A_END program=HIGH
1770408312892229416 PROBE_A_START program=HIGH
1770408312904345471 PROBE_A_END program=HIGH
1770408313107159429 PROBE_A_START program=HIGH
1770408313120215431 PROBE_A_END program=HIGH
1770408313323013149 PROBE_A_START program=HIGH
1770408313335054685 PROBE_A_END program=HIGH
1770408313537899606 PROBE_A_START program=HIGH
1770408313550010420 PROBE_A_END program=HIGH
1770408313752854249 PROBE_A_START program=HIGH
1770408313765892029 PROBE_A_END program=HIGH
1770408313968788173 PROBE_A_START program=HIGH
1770408313981468081 PROBE_A_END program=HIGH
1770408314184257631 PROBE_A_START program=HIGH
1770408314196345334 PROBE_A_END program=HIGH
1770408314399234293 PROBE_A_START program=HIGH
1770408314412335702 PROBE_A_END program=HIGH
1770408314615265142 PROBE_A_START program=HIGH
1770408314627382752 PROBE_A_END program=HIGH
1770408314830367081 PROBE_A_START program=HIGH
1770408314842560507 PROBE_A_END program=HIGH
1770408315045477280 PROBE_A_START program=HIGH
1770408315057108389 PROBE_A_END program=HIGH
1770408315259953865 PROBE_A_START program=HIGH
1770408315273090534 PROBE_A_END program=HIGH
1770408315476050844 PROBE_A_START program=HIGH
1770408315489086068 PROBE_A_END program=HIGH
1770408315692084156 PROBE_A_START program=HIGH
1770408315704510064 PROBE_A_END program=HIGH
1770408315907372707 PROBE_A_START program=HIGH
1770408315919253761 PROBE_A_END program=HIGH
1770408316122194608 PROBE_A_START program=HIGH
1770408316135380129 PROBE_A_END program=HIGH
1770408316338317198 PROBE_A_START program=HIGH
1770408316350488456 PROBE_A_END program=HIGH
1770408316553360044 PROBE_A_START program=HIGH
1770408316566463916 PROBE_A_END program=HIGH
1770408316769557782 PROBE_A_START program=HIGH
1770408316783054285 PROBE_A_END program=HIGH
1770408316986180410 PROBE_A_START program=HIGH
1770408316998420817 PROBE_A_END program=HIGH
1770408317201227904 PROBE_A_START program=HIGH
1770408317212920495 PROBE_A_END program=HIGH
1770408317415837156 PROBE_A_START program=HIGH
1770408317428061655 PROBE_A_END program=HIGH
1770408317631019095 PROBE_A_START program=HIGH
1770408317643932578 PROBE_A_END program=HIGH
1770408317846873165 PROBE_A_START program=HIGH
1770408317859948648 PROBE_A_END program=HIGH
1770408318062811699 PROBE_A_START program=HIGH
1770408318075917015 PROBE_A_END program=HIGH
1770408318278787362 PROBE_A_START program=HIGH
1770408318290998046 PROBE_A_END program=HIGH
1770408318493942226 PROBE_A_START program=HIGH
1770408318506163596 PROBE_A_END program=HIGH
1770408318709048701 PROBE_A_START program=HIGH
1770408318722145536 PROBE_A_END program=HIGH
1770408318925063494 PROBE_A_START program=HIGH
1770408318937223067 PROBE_A_END program=HIGH
1770408319140094765 PROBE_A_START program=HIGH
1770408319152265023 PROBE_A_END program=HIGH
1770408319355136369 PROBE_A_START program=HIGH
1770408319368113315 PROBE_A_END program=HIGH
1770408319571070365 PROBE_A_START program=HIGH
1770408319585279482 PROBE_A_END program=HIGH
1770408319788249309 PROBE_A_START program=HIGH
1770408319800540420 PROBE_A_END program=HIGH
1770408320003412692 PROBE_A_START program=HIGH
1770408320015466450 PROBE_A_END program=HIGH
1770408320218362851 PROBE_A_START program=HIGH
1770408320231396390 PROBE_A_END program=HIGH
1770408320434282217 PROBE_A_START program=HIGH
1770408320447273793 PROBE_A_END program=HIGH
1770408320650172268 PROBE_A_START program=HIGH
1770408320662453620 PROBE_A_END program=HIGH
1770408320865400428 PROBE_A_START program=HIGH
1770408320877643687 PROBE_A_END program=HIGH
1770408321080583681 PROBE_A_START program=HIGH
1770408321093610331 PROBE_A_END program=HIGH
1770408321296575806 PROBE_A_START program=HIGH
1770408321310172143 PROBE_A_END program=HIGH
1770408321513027266 PROBE_A_START program=HIGH
1770408321525708100 PROBE_A_END program=HIGH
1770408321728577575 PROBE_A_START program=HIGH
1770408321741612281 PROBE_A_END program=HIGH
1770408321944514848 PROBE_A_START program=HIGH
1770408321956656885 PROBE_A_END program=HIGH
1770408322159545563 PROBE_A_START program=HIGH
1770408322171795100 PROBE_A_END program=HIGH
1770408322374713574 PROBE_A_START program=HIGH
1770408322386883148 PROBE_A_END program=HIGH
1770408322589827474 PROBE_A_START program=HIGH
1770408322601986437 PROBE_A_END program=HIGH
1770408322804871486 PROBE_A_START program=HIGH
1770408322817963728 PROBE_A_END program=HIGH
1770408323020845407 PROBE_A_START program=HIGH
1770408323033940316 PROBE_A_END program=HIGH
1770408323236925347 PROBE_A_START program=HIGH
1770408323249796052 PROBE_A_END program=HIGH
1770408323452717971 PROBE_A_START program=HIGH
1770408323465867565 PROBE_A_END program=HIGH
1770408323668814262 PROBE_A_START program=HIGH
1770408323681718893 PROBE_A_END program=HIGH
1770408323884609590 PROBE_A_START program=HIGH
1770408323897649740 PROBE_A_END program=HIGH
1770408324100575900 PROBE_A_START program=HIGH
1770408324112754973 PROBE_A_END program=HIGH
1770408324315663373 PROBE_A_START program=HIGH
1770408324328806838 PROBE_A_END program=HIGH
1770408324531766961 PROBE_A_START program=HIGH
1770408324544791944 PROBE_A_END program=HIGH
1770408324747750419 PROBE_A_START program=HIGH
1770408324760868143 PROBE_A_END program=HIGH
1770408324963824728 PROBE_A_START program=HIGH
1770408324976768582 PROBE_A_END program=HIGH
1770408325179588352 PROBE_A_START program=HIGH
1770408325192689557 PROBE_A_END program=HIGH
1770408325395631643 PROBE_A_START program=HIGH
1770408325407845012 PROBE_A_END program=HIGH
1770408325610738912 PROBE_A_START program=HIGH
1770408325624001915 PROBE_A_END program=HIGH
1770408325826879296 PROBE_A_START program=HIGH
1770408325838975332 PROBE_A_END program=HIGH
1770408326041839602 PROBE_A_START program=HIGH
1770408326053967676 PROBE_A_END program=HIGH
1770408326256852409 PROBE_A_START program=HIGH
1770408326269820169 PROBE_A_END program=HIGH
1770408326472683939 PROBE_A_START program=HIGH
1770408326484886346 PROBE_A_END program=HIGH
1770408326687752209 PROBE_A_START program=HIGH
1770408326699924245 PROBE_A_END program=HIGH
1770408326902966219 PROBE_A_START program=HIGH
1770408326916674815 PROBE_A_END program=HIGH
1770408327119634808 PROBE_A_START program=HIGH
1770408327131813825 PROBE_A_END program=HIGH
1770408327334645706 PROBE_A_START program=HIGH
1770408327346699668 PROBE_A_END program=HIGH
1770408327549560530 PROBE_A_START program=HIGH
1770408327561774011 PROBE_A_END program=HIGH
1770408327764663299 PROBE_A_START program=HIGH
1770408327776843521 PROBE_A_END program=HIGH
1770408327979931736 PROBE_A_START program=HIGH
1770408327992857441 PROBE_A_END program=HIGH
1770408328195757970 PROBE_A_START program=HIGH
1770408328207888802 PROBE_A_END program=HIGH
1770408328410786960 PROBE_A_START program=HIGH
1770408328423899147 PROBE_A_END program=HIGH
1770408328626773324 PROBE_A_START program=HIGH
1770408328639623659 PROBE_A_END program=HIGH
1770408328842560392 PROBE_A_START program=HIGH
1770408328854744187 PROBE_A_END program=HIGH
1770408329057642345 PROBE_A_START program=HIGH
1770408329069821845 PROBE_A_END program=HIGH
1770408329272746892 PROBE_A_START program=HIGH
1770408329284919984 PROBE_A_END program=HIGH
1770408329487796086 PROBE_A_START program=HIGH
1770408329499880844 PROBE_A_END program=HIGH
1770408329702754410 PROBE_A_START program=HIGH
1770408329714897520 PROBE_A_END program=HIGH
1770408329917785512 PROBE_A_START program=HIGH
1770408329930868458 PROBE_A_END program=HIGH
1770408330133731857 PROBE_A_START program=HIGH
1770408330145925078 PROBE_A_END program=HIGH
1770408330348819236 PROBE_A_START program=HIGH
1770408330360949902 PROBE_A_END program=HIGH
1770408330563846782 PROBE_A_START program=HIGH
1770408330576603801 PROBE_A_END program=HIGH
1770408330779359440 PROBE_A_START program=HIGH
1770408330792571035 PROBE_A_END program=HIGH
1770408330995418934 PROBE_A_START program=HIGH
1770408331008558250 PROBE_A_END program=HIGH
1770408331211416797 PROBE_A_START program=HIGH
1770408331224441743 PROBE_A_END program=HIGH
1770408331427279123 PROBE_A_START program=HIGH
1770408331440324235 PROBE_A_END program=HIGH
1770408331643190949 PROBE_A_START program=HIGH
1770408331655241114 PROBE_A_END program=HIGH
1770408331858172494 PROBE_A_START program=HIGH
1770408331870303863 PROBE_A_END program=HIGH
1770408332073235003 PROBE_A_START program=HIGH
1770408332085391372 PROBE_A_END program=HIGH
1770408332288292215 PROBE_A_START program=HIGH
1770408332300445899 PROBE_A_END program=HIGH
1770408332503363853 PROBE_A_START program=HIGH
1770408332517188783 PROBE_A_END program=HIGH
1770408332720039533 PROBE_A_START program=HIGH
1770408332732992849 PROBE_A_END program=HIGH
1770408332935827932 PROBE_A_START program=HIGH
1770408332948851008 PROBE_A_END program=HIGH
1770408333151730554 PROBE_A_START program=HIGH
1770408333163868497 PROBE_A_END program=HIGH
1770408333366726562 PROBE_A_START program=HIGH
1770408333379843360 PROBE_A_END program=HIGH
1770408333582726369 PROBE_A_START program=HIGH
1770408333595706445 PROBE_A_END program=HIGH
1770408333798771158 PROBE_A_START program=HIGH
1770408333811471659 PROBE_A_END program=HIGH
1770408334014341556 PROBE_A_START program=HIGH
1770408334027356873 PROBE_A_END program=HIGH
1770408334230193993 PROBE_A_START program=HIGH
1770408334244011756 PROBE_A_END program=HIGH
1770408334446717190 PROBE_A_START program=HIGH
1770408334459884507 PROBE_A_END program=HIGH
1770408334662693423 PROBE_A_START program=HIGH
1770408334675669035 PROBE_A_END program=HIGH
1770408334878495933 PROBE_A_START program=HIGH
1770408334890555950 PROBE_A_END program=HIGH
1770408335093362310 PROBE_A_START program=HIGH
1770408335105548958 PROBE_A_END program=HIGH
1770408335308371336 PROBE_A_START program=HIGH
1770408335320536835 PROBE_A_END program=HIGH
1770408335523352121 PROBE_A_START program=HIGH
1770408335536331901 PROBE_A_END program=HIGH
1770408335739185002 PROBE_A_START program=HIGH
1770408335751316760 PROBE_A_END program=HIGH
1770408335954161009 PROBE_A_START program=HIGH
1770408335966326397 PROBE_A_END program=HIGH
1770408336169158350 PROBE_A_START program=HIGH
1770408336182106425 PROBE_A_END program=HIGH
1770408336384871989 PROBE_A_START program=HIGH
1770408336397098821 PROBE_A_END program=HIGH
1770408336599912144 PROBE_A_START program=HIGH
1770408336612818479 PROBE_A_END program=HIGH
1770408336815591653 PROBE_A_START program=HIGH
1770408336828446747 PROBE_A_END program=HIGH
1770408337031209940 PROBE_A_START program=HIGH
1770408337043388457 PROBE_A_END program=HIGH
1770408337246321336 PROBE_A_START program=HIGH
1770408337259421819 PROBE_A_END program=HIGH
1770408337462286142 PROBE_A_START program=HIGH
1770408337474521641 PROBE_A_END program=HIGH
1770408337677392686 PROBE_A_START program=HIGH
1770408337690439929 PROBE_A_END program=HIGH
1770408337893304492 PROBE_A_START program=HIGH
1770408337907050829 PROBE_A_END program=HIGH
1770408338110067875 PROBE_A_START program=HIGH
1770408338122291929 PROBE_A_END program=HIGH
1770408338325130418 PROBE_A_START program=HIGH
1770408338337301992 PROBE_A_END program=HIGH
1770408338540211148 PROBE_A_START program=HIGH
1770408338552345832 PROBE_A_END program=HIGH
1770408338755233858 PROBE_A_START program=HIGH
1770408338768237656 PROBE_A_END program=HIGH
1770408338971103238 PROBE_A_START program=HIGH
1770408338984396036 PROBE_A_END program=HIGH
1770408339187280025 PROBE_A_START program=HIGH
1770408339199435321 PROBE_A_END program=HIGH
1770408339402275587 PROBE_A_START program=HIGH
1770408339414468494 PROBE_A_END program=HIGH
1770408339617317927 PROBE_A_START program=HIGH
1770408339629495278 PROBE_A_END program=HIGH
1770408339832378989 PROBE_A_START program=HIGH
1770408339846430734 PROBE_A_END program=HIGH
1770408340049322779 PROBE_A_START program=HIGH
1770408340062441114 PROBE_A_END program=HIGH
1770408340265186214 PROBE_A_START program=HIGH
1770408340278029807 PROBE_A_END program=HIGH
1770408340480847537 PROBE_A_START program=HIGH
1770408340493024387 PROBE_A_END program=HIGH
1770408340695931376 PROBE_A_START program=HIGH
1770408340708896322 PROBE_A_END program=HIGH
1770408340911810904 PROBE_A_START program=HIGH
1770408340924750183 PROBE_A_END program=HIGH
1770408341127647394 PROBE_A_START program=HIGH
1770408341139956726 PROBE_A_END program=HIGH
1770408341342744196 PROBE_A_START program=HIGH
1770408341355433030 PROBE_A_END program=HIGH
1770408341558313500 PROBE_A_START program=HIGH
1770408341570626647 PROBE_A_END program=HIGH
1770408341773695988 PROBE_A_START program=HIGH
1770408341786362044 PROBE_A_END program=HIGH
1770408341989273459 PROBE_A_START program=HIGH
1770408342001419291 PROBE_A_END program=HIGH
1770408342204341946 PROBE_A_START program=HIGH
1770408342216472038 PROBE_A_END program=HIGH
1770408342419383637 PROBE_A_START program=HIGH
1770408342432440657 PROBE_A_END program=HIGH
1770408342635295201 PROBE_A_START program=HIGH
1770408342647472163 PROBE_A_END program=HIGH
1770408342850350762 PROBE_A_START program=HIGH
1770408342862510446 PROBE_A_END program=HIGH
1770408343065384916 PROBE_A_START program=HIGH
1770408343077515211 PROBE_A_END program=HIGH
1770408343280392699 PROBE_A_START program=HIGH
1770408343293461534 PROBE_A_END program=HIGH
1770408343496409837 PROBE_A_START program=HIGH
1770408343509349635 PROBE_A_END program=HIGH
1770408343712280049 PROBE_A_START program=HIGH
1770408343724427974 PROBE_A_END program=HIGH
1770408343927291573 PROBE_A_START program=HIGH
1770408343940304537 PROBE_A_END program=HIGH
1770408344143185247 PROBE_A_START program=HIGH
1770408344156196175 PROBE_A_END program=HIGH
1770408344359098366 PROBE_A_START program=HIGH
1770408344371371662 PROBE_A_END program=HIGH
1770408344574258872 PROBE_A_START program=HIGH
1770408344587273466 PROBE_A_END program=HIGH
1770408344790135287 PROBE_A_START program=HIGH
1770408344802308212 PROBE_A_END program=HIGH
1770408345005218107 PROBE_A_START program=HIGH
1770408345017342124 PROBE_A_END program=HIGH
1770408345220195445 PROBE_A_START program=HIGH
1770408345233205798 PROBE_A_END program=HIGH
1770408345436053564 PROBE_A_START program=HIGH
1770408345449371621 PROBE_A_END program=HIGH
1770408345652175035 PROBE_A_START program=HIGH
1770408345664358052 PROBE_A_END program=HIGH
1770408345867172651 PROBE_A_START program=HIGH
1770408345879320186 PROBE_A_END program=HIGH
1770408346082142155 PROBE_A_START program=HIGH
1770408346094359821 PROBE_A_END program=HIGH
1770408346297160808 PROBE_A_START program=HIGH
1770408346309327770 PROBE_A_END program=HIGH
1770408346512151498 PROBE_A_START program=HIGH
1770408346525213518 PROBE_A_END program=HIGH
1770408346728053486 PROBE_A_START program=HIGH
1770408346740221189 PROBE_A_END program=HIGH
1770408346943191788 PROBE_A_START program=HIGH
1770408346955399176 PROBE_A_END program=HIGH
1770408347158289237 PROBE_A_START program=HIGH
1770408347170489199 PROBE_A_END program=HIGH
1770408347373397093 PROBE_A_START program=HIGH
1770408347386131446 PROBE_A_END program=HIGH
1770408347588957951 PROBE_A_START program=HIGH
1770408347601160895 PROBE_A_END program=HIGH
1770408347803966585 PROBE_A_START program=HIGH
1770408347816999438 PROBE_A_END program=HIGH
1770408348019817259 PROBE_A_START program=HIGH
1770408348032839038 PROBE_A_END program=HIGH
1770408348235646913 PROBE_A_START program=HIGH
1770408348247766190 PROBE_A_END program=HIGH
1770408348450586954 PROBE_A_START program=HIGH
1770408348462701823 PROBE_A_END program=HIGH
1770408348665722940 PROBE_A_START program=HIGH
1770408348678758497 PROBE_A_END program=HIGH
1770408348881531113 PROBE_A_START program=HIGH
1770408348894153243 PROBE_A_END program=HIGH
1770408349096942156 PROBE_A_START program=HIGH
1770408349110388621 PROBE_A_END program=HIGH
1770408349313315534 PROBE_A_START program=HIGH
1770408349325612255 PROBE_A_END program=HIGH
1770408349528453723 PROBE_A_START program=HIGH
1770408349540651426 PROBE_A_END program=HIGH
1770408349743437005 PROBE_A_START program=HIGH
1770408349756560099 PROBE_A_END program=HIGH
1770408349959374660 PROBE_A_START program=HIGH
1770408349972401216 PROBE_A_END program=HIGH
1770408350175182203 PROBE_A_START program=HIGH
1770408350187296905 PROBE_A_END program=HIGH
1770408350390146373 PROBE_A_START program=HIGH
1770408350403034448 PROBE_A_END program=HIGH
1770408350605880267 PROBE_A_START program=HIGH
1770408350618881065 PROBE_A_END program=HIGH
1770408350821732736 PROBE_A_START program=HIGH
1770408350834912220 PROBE_A_END program=HIGH
1770408351037781873 PROBE_A_START program=HIGH
1770408351050647040 PROBE_A_END program=HIGH
1770408351253379933 PROBE_A_START program=HIGH
1770408351266330620 PROBE_A_END program=HIGH
1770408351469181698 PROBE_A_START program=HIGH
1770408351481345530 PROBE_A_END program=HIGH
1770408351684400073 PROBE_A_START program=HIGH
1770408351696740868 PROBE_A_END program=HIGH
1770408351899594743 PROBE_A_START program=HIGH
1770408351911749483 PROBE_A_END program=HIGH
1770408352114543265 PROBE_A_START program=HIGH
1770408352126635134 PROBE_A_END program=HIGH
1770408352329439804 PROBE_A_START program=HIGH
1770408352341607266 PROBE_A_END program=HIGH
1770408352544474159 PROBE_A_START program=HIGH
1770408352557592198 PROBE_A_END program=HIGH
1770408352760393017 PROBE_A_START program=HIGH
1770408352772511330 PROBE_A_END program=HIGH
1770408352975325483 PROBE_A_START program=HIGH
1770408352988204965 PROBE_A_END program=HIGH
1770408353191004691 PROBE_A_START program=HIGH
1770408353204183008 PROBE_A_END program=HIGH
1770408353406986530 PROBE_A_START program=HIGH
1770408353419103696 PROBE_A_END program=HIGH
1770408353621940311 PROBE_A_START program=HIGH
1770408353634993312 PROBE_A_END program=HIGH
1770408353837855613 PROBE_A_START program=HIGH
1770408353850171667 PROBE_A_END program=HIGH
1770408354053037153 R2_IDLE_B seconds=10
1770408364056954460 PROBE_B_START program=HIGH
1770408364151429330 PROBE_B_END program=HIGH
1770408364354236942 PROBE_B_START program=HIGH
1770408364415130102 PROBE_B_END program=HIGH
1770408364617922844 PROBE_B_START program=HIGH
1770408364678030446 PROBE_B_END program=HIGH
1770408364880989503 PROBE_B_START program=HIGH
1770408364987257222 PROBE_B_END program=HIGH
1770408365190079816 PROBE_B_START program=HIGH
1770408365249314656 PROBE_B_END program=HIGH
1770408365452183157 PROBE_B_START program=HIGH
1770408365511373368 PROBE_B_END program=HIGH
1770408365714171517 PROBE_B_START program=HIGH
1770408365786267580 PROBE_B_END program=HIGH
1770408365989035433 PROBE_B_START program=HIGH
1770408366046857046 PROBE_B_END program=HIGH
1770408366249625677 PROBE_B_START program=HIGH
1770408366308297589 PROBE_B_END program=HIGH
1770408366511216368 PROBE_B_START program=HIGH
1770408366575674816 PROBE_B_END program=HIGH
1770408366778468965 PROBE_B_START program=HIGH
1770408366837925547 PROBE_B_END program=HIGH
1770408367040606677 PROBE_B_START program=HIGH
1770408367104372160 PROBE_B_END program=HIGH
1770408367307246957 PROBE_B_START program=HIGH
1770408367364269735 PROBE_B_END program=HIGH
1770408367567161125 PROBE_B_START program=HIGH
1770408367622181841 PROBE_B_END program=HIGH
1770408367825096027 PROBE_B_START program=HIGH
1770408367882916604 PROBE_B_END program=HIGH
1770408368085817160 PROBE_B_START program=HIGH
1770408368328711926 PROBE_B_END program=HIGH
1770408368531688946 PROBE_B_START program=HIGH
1770408368592151734 PROBE_B_END program=HIGH
1770408368794963716 PROBE_B_START program=HIGH
1770408368827890256 PROBE_B_END program=HIGH
1770408369030763646 PROBE_B_START program=HIGH
1770408369063575390 PROBE_B_END program=HIGH
1770408369266501650 PROBE_B_START program=HIGH
1770408369298934819 PROBE_B_END program=HIGH
1770408369501798467 PROBE_B_START program=HIGH
1770408369534344248 PROBE_B_END program=HIGH
1770408369737324452 PROBE_B_START program=HIGH
1770408369771587422 PROBE_B_END program=HIGH
1770408369974525534 PROBE_B_START program=HIGH
1770408370005877441 PROBE_B_END program=HIGH
1770408370208708996 PROBE_B_START program=HIGH
1770408370241234499 PROBE_B_END program=HIGH
1770408370444182758 PROBE_B_START program=HIGH
1770408370476674076 PROBE_B_END program=HIGH
1770408370679567113 PROBE_B_START program=HIGH
1770408370712134319 PROBE_B_END program=HIGH
1770408370915446450 PROBE_B_START program=HIGH
1770408370947992360 PROBE_B_END program=HIGH
1770408371150795564 PROBE_B_START program=HIGH
1770408371183434641 PROBE_B_END program=HIGH
1770408371386391493 PROBE_B_START program=HIGH
1770408371418756069 PROBE_B_END program=HIGH
1770408371621584068 PROBE_B_START program=HIGH
1770408371716203974 PROBE_B_END program=HIGH
1770408371919068363 PROBE_B_START program=HIGH
1770408372004450409 PROBE_B_END program=HIGH
1770408372207283723 PROBE_B_START program=HIGH
1770408372286783233 PROBE_B_END program=HIGH
1770408372489631344 PROBE_B_START program=HIGH
1770408372571844121 PROBE_B_END program=HIGH
1770408372774618009 PROBE_B_START program=HIGH
1770408372855408634 PROBE_B_END program=HIGH
1770408373058298023 PROBE_B_START program=HIGH
1770408373130311233 PROBE_B_END program=HIGH
1770408373333152807 PROBE_B_START program=HIGH
1770408373366981368 PROBE_B_END program=HIGH
1770408373569890127 PROBE_B_START program=HIGH
1770408373603824948 PROBE_B_END program=HIGH
1770408373806676152 PROBE_B_START program=HIGH
1770408373839902730 PROBE_B_END program=HIGH
1770408374042759100 PROBE_B_START program=HIGH
1770408374077943517 PROBE_B_END program=HIGH
1770408374280804479 PROBE_B_START program=HIGH
1770408374313816465 PROBE_B_END program=HIGH
1770408374516781538 PROBE_B_START program=HIGH
1770408374550059802 PROBE_B_END program=HIGH
1770408374752983227 PROBE_B_START program=HIGH
1770408374786328362 PROBE_B_END program=HIGH
1770408374989270583 PROBE_B_START program=HIGH
1770408375082840801 PROBE_B_END program=HIGH
1770408375285801911 PROBE_B_START program=HIGH
1770408375368071355 PROBE_B_END program=HIGH
1770408375570945613 PROBE_B_START program=HIGH
1770408375652455425 PROBE_B_END program=HIGH
1770408375855325813 PROBE_B_START program=HIGH
1770408375936239715 PROBE_B_END program=HIGH
1770408376139079825 PROBE_B_START program=HIGH
1770408376218525057 PROBE_B_END program=HIGH
1770408376421357982 PROBE_B_START program=HIGH
1770408376488609400 PROBE_B_END program=HIGH
1770408376691509658 PROBE_B_START program=HIGH
1770408376726529742 PROBE_B_END program=HIGH
1770408376929615685 PROBE_B_START program=HIGH
1770408376963378265 PROBE_B_END program=HIGH
1770408377166355616 PROBE_B_START program=HIGH
1770408377199797584 PROBE_B_END program=HIGH
1770408377402705601 PROBE_B_START program=HIGH
1770408377435637845 PROBE_B_END program=HIGH
1770408377638568196 PROBE_B_START program=HIGH
1770408377671867978 PROBE_B_END program=HIGH
1770408377874739366 PROBE_B_START program=HIGH
1770408377907768888 PROBE_B_END program=HIGH
1770408378110654683 PROBE_B_START program=HIGH
1770408378147526383 PROBE_B_END program=HIGH
1770408378350509678 PROBE_B_START program=HIGH
1770408378444006098 PROBE_B_END program=HIGH
1770408378646934615 PROBE_B_START program=HIGH
1770408378729585986 PROBE_B_END program=HIGH
1770408378932395447 PROBE_B_START program=HIGH
1770408379013004552 PROBE_B_END program=HIGH
1770408379215874087 PROBE_B_START program=HIGH
1770408379298532217 PROBE_B_END program=HIGH
1770408379501421826 PROBE_B_START program=HIGH
1770408379586402833 PROBE_B_END program=HIGH
1770408379789240942 PROBE_B_START program=HIGH
1770408379862854045 PROBE_B_END program=HIGH
1770408380065820543 PROBE_B_START program=HIGH
1770408380099640160 PROBE_B_END program=HIGH
1770408380302536066 PROBE_B_START program=HIGH
1770408380335762774 PROBE_B_END program=HIGH
1770408380538685235 PROBE_B_START program=HIGH
1770408380572034869 PROBE_B_END program=HIGH
1770408380774917941 PROBE_B_START program=HIGH
1770408380809614412 PROBE_B_END program=HIGH
1770408381012433632 PROBE_B_START program=HIGH
1770408381046239471 PROBE_B_END program=HIGH
1770408381249151173 PROBE_B_START program=HIGH
1770408381282249825 PROBE_B_END program=HIGH
1770408381485198045 PROBE_B_START program=HIGH
1770408381518415975 PROBE_B_END program=HIGH
1770408381721374954 PROBE_B_START program=HIGH
1770408381816322045 PROBE_B_END program=HIGH
1770408382019297451 PROBE_B_START program=HIGH
1770408382273362356 PROBE_B_END program=HIGH
1770408382476317928 PROBE_B_START program=HIGH
1770408382555667270 PROBE_B_END program=HIGH
1770408382758419193 PROBE_B_START program=HIGH
1770408382837197274 PROBE_B_END program=HIGH
1770408383040009179 PROBE_B_START program=HIGH
1770408383122509178 PROBE_B_END program=HIGH
1770408383325322656 PROBE_B_START program=HIGH
1770408383407455154 PROBE_B_END program=HIGH
1770408383610262966 PROBE_B_START program=HIGH
1770408383643546063 PROBE_B_END program=HIGH
1770408383846475783 PROBE_B_START program=HIGH
1770408383879238248 PROBE_B_END program=HIGH
1770408384082081023 PROBE_B_START program=HIGH
1770408384115918455 PROBE_B_END program=HIGH
1770408384318745081 PROBE_B_START program=HIGH
1770408384351669918 PROBE_B_END program=HIGH
1770408384554674397 PROBE_B_START program=HIGH
1770408384587750622 PROBE_B_END program=HIGH
1770408384790544916 PROBE_B_START program=HIGH
1770408384823450715 PROBE_B_END program=HIGH
1770408385026313804 PROBE_B_START program=HIGH
1770408385063346875 PROBE_B_END program=HIGH
1770408385266212427 PROBE_B_START program=HIGH
1770408385359549384 PROBE_B_END program=HIGH
1770408385562517436 PROBE_B_START program=HIGH
1770408385646575606 PROBE_B_END program=HIGH
1770408385849364103 PROBE_B_START program=HIGH
1770408385928753852 PROBE_B_END program=HIGH
1770408386131613738 PROBE_B_START program=HIGH
1770408386212899696 PROBE_B_END program=HIGH
1770408386415845545 PROBE_B_START program=HIGH
1770408386496522946 PROBE_B_END program=HIGH
1770408386699291997 PROBE_B_START program=HIGH
1770408386767019768 PROBE_B_END program=HIGH
1770408386969878135 PROBE_B_START program=HIGH
1770408387005327923 PROBE_B_END program=HIGH
1770408387208189494 PROBE_B_START program=HIGH
1770408387241210997 PROBE_B_END program=HIGH
1770408387444065882 PROBE_B_START program=HIGH
1770408387478858002 PROBE_B_END program=HIGH
1770408387681793628 PROBE_B_START program=HIGH
1770408387715058298 PROBE_B_END program=HIGH
1770408387917872517 PROBE_B_START program=HIGH
1770408387950325241 PROBE_B_END program=HIGH
1770408388153173348 PROBE_B_START program=HIGH
1770408388186767668 PROBE_B_END program=HIGH
1770408388389701127 PROBE_B_START program=HIGH
1770408388424743377 PROBE_B_END program=HIGH
1770408388627837873 PROBE_B_START program=HIGH
1770408388720710773 PROBE_B_END program=HIGH
1770408388923640584 PROBE_B_START program=HIGH
1770408389004912245 PROBE_B_END program=HIGH
1770408389207800890 PROBE_B_START program=HIGH
1770408389290205203 PROBE_B_END program=HIGH
1770408389493085087 PROBE_B_START program=HIGH
1770408389571214999 PROBE_B_END program=HIGH
1770408389774101680 PROBE_B_START program=HIGH
1770408389858189517 PROBE_B_END program=HIGH
1770408390061114032 PROBE_B_START program=HIGH
1770408390132940981 PROBE_B_END program=HIGH
1770408390335864791 PROBE_B_START program=HIGH
1770408390370517225 PROBE_B_END program=HIGH
1770408390573448758 PROBE_B_START program=HIGH
1770408390606499613 PROBE_B_END program=HIGH
1770408390809428516 PROBE_B_START program=HIGH
1770408390844260377 PROBE_B_END program=HIGH
1770408391047178020 PROBE_B_START program=HIGH
1770408391081270397 PROBE_B_END program=HIGH
1770408391284172281 PROBE_B_START program=HIGH
1770408391318814826 PROBE_B_END program=HIGH
1770408391521759415 PROBE_B_START program=HIGH
1770408391618652047 PROBE_B_END program=HIGH
1770408391821451135 PROBE_B_START program=HIGH
1770408391910533893 PROBE_B_END program=HIGH
1770408392113386759 PROBE_B_START program=HIGH
1770408392376186595 PROBE_B_END program=HIGH
1770408392579116775 PROBE_B_START program=HIGH
1770408392659005784 PROBE_B_END program=HIGH
1770408392861836094 PROBE_B_START program=HIGH
1770408392942062753 PROBE_B_END program=HIGH
1770408393144955248 PROBE_B_START program=HIGH
1770408393277940559 PROBE_B_END program=HIGH
1770408393480752795 PROBE_B_START program=HIGH
1770408393560747082 PROBE_B_END program=HIGH
1770408393763587966 PROBE_B_START program=HIGH
1770408393844317977 PROBE_B_END program=HIGH
1770408394047203658 PROBE_B_START program=HIGH
1770408394131780106 PROBE_B_END program=HIGH
1770408394334647194 PROBE_B_START program=HIGH
1770408394412960717 PROBE_B_END program=HIGH
1770408394615834063 PROBE_B_START program=HIGH
1770408394689192053 PROBE_B_END program=HIGH
1770408394892073085 PROBE_B_START program=HIGH
1770408394926793186 PROBE_B_END program=HIGH
1770408395129703792 PROBE_B_START program=HIGH
1770408395163640908 PROBE_B_END program=HIGH
1770408395366575514 PROBE_B_START program=HIGH
1770408395401589893 PROBE_B_END program=HIGH
1770408395604404073 PROBE_B_START program=HIGH
1770408395637423650 PROBE_B_END program=HIGH
1770408395840302126 PROBE_B_START program=HIGH
1770408395873231407 PROBE_B_END program=HIGH
1770408396076126846 PROBE_B_START program=HIGH
1770408396111674689 PROBE_B_END program=HIGH
1770408396314540202 PROBE_B_START program=HIGH
1770408396347769428 PROBE_B_END program=HIGH
1770408396550712904 PROBE_B_START program=HIGH
1770408396642496540 PROBE_B_END program=HIGH
1770408396845303497 PROBE_B_START program=HIGH
1770408396923580001 PROBE_B_END program=HIGH
1770408397126450940 PROBE_B_START program=HIGH
1770408397213355525 PROBE_B_END program=HIGH
1770408397416298149 PROBE_B_START program=HIGH
1770408397495995509 PROBE_B_END program=HIGH
1770408397698838577 PROBE_B_START program=HIGH
1770408397778675141 PROBE_B_END program=HIGH
1770408397981503654 PROBE_B_START program=HIGH
1770408398046438601 PROBE_B_END program=HIGH
1770408398249220057 PROBE_B_START program=HIGH
1770408398282423746 PROBE_B_END program=HIGH
1770408398485307610 PROBE_B_START program=HIGH
1770408398518393632 PROBE_B_END program=HIGH
1770408398721311274 PROBE_B_START program=HIGH
1770408398754401833 PROBE_B_END program=HIGH
1770408398957418401 PROBE_B_START program=HIGH
1770408398990789886 PROBE_B_END program=HIGH
1770408399193669177 PROBE_B_START program=HIGH
1770408399226728272 PROBE_B_END program=HIGH
1770408399429663433 PROBE_B_START program=HIGH
1770408399462762065 PROBE_B_END program=HIGH
1770408399665679504 PROBE_B_START program=HIGH
1770408399701556292 PROBE_B_END program=HIGH
1770408399904493398 PROBE_B_START program=HIGH
1770408399997609167 PROBE_B_END program=HIGH
1770408400200404012 PROBE_B_START program=HIGH
1770408400288135839 PROBE_B_END program=HIGH
1770408400491019166 PROBE_B_START program=HIGH
1770408400580659610 PROBE_B_END program=HIGH
1770408400783572363 PROBE_B_START program=HIGH
1770408401042630574 PROBE_B_END program=HIGH
1770408401245510142 PROBE_B_START program=HIGH
1770408401327465212 PROBE_B_END program=HIGH
1770408401530328520 PROBE_B_START program=HIGH
1770408401605046606 PROBE_B_END program=HIGH
1770408401807979470 PROBE_B_START program=HIGH
1770408401840954102 PROBE_B_END program=HIGH
1770408402043784392 PROBE_B_START program=HIGH
1770408402078887863 PROBE_B_END program=HIGH
1770408402281762949 PROBE_B_START program=HIGH
1770408402314937915 PROBE_B_END program=HIGH
1770408402517846871 PROBE_B_START program=HIGH
1770408402550828504 PROBE_B_END program=HIGH
1770408402753750534 PROBE_B_START program=HIGH
1770408402788369652 PROBE_B_END program=HIGH
1770408402991217997 PROBE_B_START program=HIGH
1770408403024201629 PROBE_B_END program=HIGH
1770408403227022696 PROBE_B_START program=HIGH
1770408403260435885 PROBE_B_END program=HIGH
1770408403463191803 PROBE_B_START program=HIGH
1770408403558194115 PROBE_B_END program=HIGH
1770408403761108385 PROBE_B_START program=HIGH
1770408403846377576 PROBE_B_END program=HIGH
1770408404049242439 PROBE_B_START program=HIGH
1770408404134175443 PROBE_B_END program=HIGH
1770408404337067140 PROBE_B_START program=HIGH
1770408404419831953 PROBE_B_END program=HIGH
1770408404622607334 PROBE_B_START program=HIGH
1770408404701434709 PROBE_B_END program=HIGH
1770408404904248294 PROBE_B_START program=HIGH
1770408404972311732 PROBE_B_END program=HIGH
1770408405175221113 PROBE_B_START program=HIGH
1770408405210825901 PROBE_B_END program=HIGH
1770408405413649838 PROBE_B_START program=HIGH
1770408405446701600 PROBE_B_END program=HIGH
1770408405649585462 PROBE_B_START program=HIGH
1770408405682742651 PROBE_B_END program=HIGH
1770408405885666310 PROBE_B_START program=HIGH
1770408405918915683 PROBE_B_END program=HIGH
1770408406121781416 PROBE_B_START program=HIGH
1770408406156525202 PROBE_B_END program=HIGH
1770408406359376712 PROBE_B_START program=HIGH
1770408406392513938 PROBE_B_END program=HIGH
1770408406595371245 PROBE_B_START program=HIGH
1770408406628524396 PROBE_B_END program=HIGH
1770408406831530110 PROBE_B_START program=HIGH
1770408406924638564 PROBE_B_END program=HIGH
1770408407127559704 PROBE_B_START program=HIGH
1770408407213749694 PROBE_B_END program=HIGH
1770408407416597185 PROBE_B_START program=HIGH
1770408407493402722 PROBE_B_END program=HIGH
1770408407696277584 PROBE_B_START program=HIGH
1770408407774981644 PROBE_B_END program=HIGH
1770408407977823895 PROBE_B_START program=HIGH
1770408408055875268 PROBE_B_END program=HIGH
1770408408258800797 PROBE_B_START program=HIGH
1770408408326733530 PROBE_B_END program=HIGH
1770408408529643040 PROBE_B_START program=HIGH
1770408408563269563 PROBE_B_END program=HIGH
1770408408766323556 PROBE_B_START program=HIGH
1770408408803072791 PROBE_B_END program=HIGH
1770408409006001190 PROBE_B_START program=HIGH
1770408409039298379 PROBE_B_END program=HIGH
1770408409242205481 PROBE_B_START program=HIGH
1770408409276213450 PROBE_B_END program=HIGH
1770408409479228127 PROBE_B_START program=HIGH
1770408409513936375 PROBE_B_END program=HIGH
1770408409716761885 PROBE_B_START program=HIGH
1770408409749905795 PROBE_B_END program=HIGH
1770408409952850287 PROBE_B_START program=HIGH
1770408409986171438 PROBE_B_END program=HIGH
1770408410189123689 PROBE_B_START program=HIGH
1770408410285054299 PROBE_B_END program=HIGH
1770408410488075291 PROBE_B_START program=HIGH
1770408410568790986 PROBE_B_END program=HIGH
1770408410771643718 PROBE_B_START program=HIGH
1770408410855800812 PROBE_B_END program=HIGH
1770408411058624599 PROBE_B_START program=HIGH
1770408411196343051 PROBE_B_END program=HIGH
1770408411399181820 PROBE_B_START program=HIGH
1770408411487055443 PROBE_B_END program=HIGH
1770408411689898434 PROBE_B_START program=HIGH
1770408411948841735 PROBE_B_END program=HIGH
1770408412151689504 PROBE_B_START program=HIGH
1770408412303817571 PROBE_B_END program=HIGH
1770408412506700599 PROBE_B_START program=HIGH
1770408412606304978 PROBE_B_END program=HIGH
1770408412809241025 PROBE_B_START program=HIGH
1770408412930823948 PROBE_B_END program=HIGH
1770408413133762810 PROBE_B_START program=HIGH
1770408413229992346 PROBE_B_END program=HIGH
1770408413432851022 PROBE_B_START program=HIGH
1770408413523873376 PROBE_B_END program=HIGH
1770408413726712237 PROBE_B_START program=HIGH
1770408413800041040 PROBE_B_END program=HIGH
1770408414002882086 PROBE_B_START program=HIGH
1770408414036554535 PROBE_B_END program=HIGH
1770408414239610248 PROBE_B_START program=HIGH
1770408414335994729 PROBE_B_END program=HIGH
1770408414538870701 PROBE_B_START program=HIGH
1770408414609135218 PROBE_B_END program=HIGH
1770408414812001875 PROBE_B_START program=HIGH
1770408414882958264 PROBE_B_END program=HIGH
1770408415085852366 PROBE_B_START program=HIGH
1770408415159494225 PROBE_B_END program=HIGH
1770408415362449253 PROBE_B_START program=HIGH
1770408415415264016 PROBE_B_END program=HIGH
1770408415618078487 PROBE_B_START program=HIGH
1770408415670299749 PROBE_B_END program=HIGH
1770408415873217906 PROBE_B_START program=HIGH
1770408415923882385 PROBE_B_END program=HIGH
1770408416126670134 PROBE_B_START program=HIGH
1770408416180144306 PROBE_B_END program=HIGH
1770408416382928499 PROBE_B_START program=HIGH
1770408416433720886 PROBE_B_END program=HIGH
1770408416636609376 PROBE_B_START program=HIGH
1770408416680322705 PROBE_B_END program=HIGH
1770408416883201677 PROBE_B_START program=HIGH
1770408416916338680 PROBE_B_END program=HIGH
1770408417119111280 PROBE_B_START program=HIGH
1770408417154658438 PROBE_B_END program=HIGH
1770408417357563706 PROBE_B_START program=HIGH
1770408417390563134 PROBE_B_END program=HIGH
1770408417593453198 PROBE_B_START program=HIGH
1770408417693649578 PROBE_B_END program=HIGH
1770408417896532031 PROBE_B_START program=HIGH
1770408417966365268 PROBE_B_END program=HIGH
1770408418169254166 PROBE_B_START program=HIGH
1770408418241711818 PROBE_B_END program=HIGH
1770408418444523770 PROBE_B_START program=HIGH
1770408418516324810 PROBE_B_END program=HIGH
1770408418719244596 PROBE_B_START program=HIGH
1770408418794517442 PROBE_B_END program=HIGH
1770408418997319746 PROBE_B_START program=HIGH
1770408419053407573 PROBE_B_END program=HIGH
1770408419256672990 PROBE_B_START program=HIGH
1770408419312883836 PROBE_B_END program=HIGH
1770408419515827400 PROBE_B_START program=HIGH
1770408419571529486 PROBE_B_END program=HIGH
1770408419774378957 PROBE_B_START program=HIGH
1770408419819316475 PROBE_B_END program=HIGH
1770408420022190001 PROBE_B_START program=HIGH
1770408420055274577 PROBE_B_END program=HIGH
1770408420258359401 PROBE_B_START program=HIGH
1770408420293910540 PROBE_B_END program=HIGH
1770408420496831177 PROBE_B_START program=HIGH
1770408420529727494 PROBE_B_END program=HIGH
1770408420732657539 PROBE_B_START program=HIGH
1770408420765791800 PROBE_B_END program=HIGH
1770408420968695234 PROBE_B_START program=HIGH
1770408421071662863 PROBE_B_END program=HIGH
1770408421274510518 PROBE_B_START program=HIGH
1770408421538830276 PROBE_B_END program=HIGH
1770408421741755451 PROBE_B_START program=HIGH
1770408421812386727 PROBE_B_END program=HIGH
1770408422015183086 PROBE_B_START program=HIGH
1770408422085814881 PROBE_B_END program=HIGH
1770408422288689685 PROBE_B_START program=HIGH
1770408422362476711 PROBE_B_END program=HIGH
1770408422565326385 PROBE_B_START program=HIGH
1770408422628842363 PROBE_B_END program=HIGH
1770408422831661778 PROBE_B_START program=HIGH
1770408422884078799 PROBE_B_END program=HIGH
1770408423087010862 PROBE_B_START program=HIGH
1770408423133645329 PROBE_B_END program=HIGH
1770408423336539077 PROBE_B_START program=HIGH
1770408423371093009 PROBE_B_END program=HIGH
1770408423574018535 PROBE_B_START program=HIGH
1770408423607148630 PROBE_B_END program=HIGH
1770408423810095785 PROBE_B_START program=HIGH
1770408423843369473 PROBE_B_END program=HIGH
1770408424046319517 R2_IDLE_C seconds=10
1770408434050342085 PROBE_C_START program=HIGH
1770408434054269707 PROBE_C_END program=HIGH
1770408434257142694 PROBE_C_START program=HIGH
1770408434260933778 PROBE_C_END program=HIGH
1770408434463777172 PROBE_C_START program=HIGH
1770408434467536442 PROBE_C_END program=HIGH
1770408434670354558 PROBE_C_START program=HIGH
1770408434674116976 PROBE_C_END program=HIGH
1770408434876928870 PROBE_C_START program=HIGH
1770408434880650158 PROBE_C_END program=HIGH
1770408435083435996 PROBE_C_START program=HIGH
1770408435087188692 PROBE_C_END program=HIGH
1770408435290015585 PROBE_C_START program=HIGH
1770408435293789467 PROBE_C_END program=HIGH
1770408435496652193 PROBE_C_START program=HIGH
1770408435500398945 PROBE_C_END program=HIGH
1770408435703266264 PROBE_C_START program=HIGH
1770408435706985719 PROBE_C_END program=HIGH
1770408435909822687 PROBE_C_START program=HIGH
1770408435913586124 PROBE_C_END program=HIGH
1770408436116424110 PROBE_C_START program=HIGH
1770408436120223454 PROBE_C_END program=HIGH
1770408436323035662 PROBE_C_START program=HIGH
1770408436326794876 PROBE_C_END program=HIGH
1770408436529628510 PROBE_C_START program=HIGH
1770408436533431058 PROBE_C_END program=HIGH
1770408436736222173 PROBE_C_START program=HIGH
1770408436739962073 PROBE_C_END program=HIGH
1770408436942786022 PROBE_C_START program=HIGH
1770408436946542273 PROBE_C_END program=HIGH
1770408437149385796 PROBE_C_START program=HIGH
1770408437153145584 PROBE_C_END program=HIGH
1770408437355975366 PROBE_C_START program=HIGH
1770408437359715432 PROBE_C_END program=HIGH
1770408437562534511 PROBE_C_START program=HIGH
1770408437566326744 PROBE_C_END program=HIGH
1770408437769176359 PROBE_C_START program=HIGH
1770408437773052740 PROBE_C_END program=HIGH
1770408437975946189 PROBE_C_START program=HIGH
1770408437979920849 PROBE_C_END program=HIGH
1770408438183295854 PROBE_C_START program=HIGH
1770408438187063976 PROBE_C_END program=HIGH
1770408438389931795 PROBE_C_START program=HIGH
1770408438393676046 PROBE_C_END program=HIGH
1770408438596578939 PROBE_C_START program=HIGH
1770408438600360561 PROBE_C_END program=HIGH
1770408438803268714 PROBE_C_START program=HIGH
1770408438807049706 PROBE_C_END program=HIGH
1770408439009956543 PROBE_C_START program=HIGH
1770408439013725739 PROBE_C_END program=HIGH
1770408439216675132 PROBE_C_START program=HIGH
1770408439220470810 PROBE_C_END program=HIGH
1770408439423325054 PROBE_C_START program=HIGH
1770408439427081991 PROBE_C_END program=HIGH
1770408439630052254 PROBE_C_START program=HIGH
1770408439633860969 PROBE_C_END program=HIGH
1770408439836756103 PROBE_C_START program=HIGH
1770408439840537243 PROBE_C_END program=HIGH
1770408440043377932 PROBE_C_START program=HIGH
1770408440047160109 PROBE_C_END program=HIGH
1770408440250079483 PROBE_C_START program=HIGH
1770408440253871883 PROBE_C_END program=HIGH
1770408440456815387 PROBE_C_START program=HIGH
1770408440460620750 PROBE_C_END program=HIGH
1770408440663537420 PROBE_C_START program=HIGH
1770408440667280375 PROBE_C_END program=HIGH
1770408440870228620 PROBE_C_START program=HIGH
1770408440874004927 PROBE_C_END program=HIGH
1770408441076915968 PROBE_C_START program=HIGH
1770408441080693756 PROBE_C_END program=HIGH
1770408441283625427 PROBE_C_START program=HIGH
1770408441287385308 PROBE_C_END program=HIGH
1770408441490341848 PROBE_C_START program=HIGH
1770408441494167582 PROBE_C_END program=HIGH
1770408441697137567 PROBE_C_START program=HIGH
1770408441700955374 PROBE_C_END program=HIGH
1770408441903844711 PROBE_C_START program=HIGH
1770408441907654444 PROBE_C_END program=HIGH
1770408442110574707 PROBE_C_START program=HIGH
1770408442114380217 PROBE_C_END program=HIGH
1770408442317297480 PROBE_C_START program=HIGH
1770408442321091009 PROBE_C_END program=HIGH
1770408442524067513 PROBE_C_START program=HIGH
1770408442527849950 PROBE_C_END program=HIGH
1770408442730771546 PROBE_C_START program=HIGH
1770408442734564723 PROBE_C_END program=HIGH
1770408442937428986 PROBE_C_START program=HIGH
1770408442941232515 PROBE_C_END program=HIGH
1770408443144111833 PROBE_C_START program=HIGH
1770408443147870918 PROBE_C_END program=HIGH
1770408443350717273 PROBE_C_START program=HIGH
1770408443354515654 PROBE_C_END program=HIGH
1770408443557456805 PROBE_C_START program=HIGH
1770408443561243205 PROBE_C_END program=HIGH
1770408443764183727 PROBE_C_START program=HIGH
1770408443767992126 PROBE_C_END program=HIGH
1770408443971144538 PROBE_C_START program=HIGH
1770408443975016475 PROBE_C_END program=HIGH
1770408444177946978 PROBE_C_START program=HIGH
1770408444181776951 PROBE_C_END program=HIGH
1770408444384703417 PROBE_C_START program=HIGH
1770408444388655058 PROBE_C_END program=HIGH
1770408444591691339 PROBE_C_START program=HIGH
1770408444595883499 PROBE_C_END program=HIGH
1770408444799090003 PROBE_C_START program=HIGH
1770408444802845884 PROBE_C_END program=HIGH
1770408445005788350 PROBE_C_START program=HIGH
1770408445009620306 PROBE_C_END program=HIGH
1770408445212503660 PROBE_C_START program=HIGH
1770408445216260726 PROBE_C_END program=HIGH
1770408445419190822 PROBE_C_START program=HIGH
1770408445423007425 PROBE_C_END program=HIGH
1770408445625900521 PROBE_C_START program=HIGH
1770408445629672865 PROBE_C_END program=HIGH
1770408445832560812 PROBE_C_START program=HIGH
1770408445836322156 PROBE_C_END program=HIGH
1770408446039179455 PROBE_C_START program=HIGH
1770408446042959058 PROBE_C_END program=HIGH
1770408446245914654 PROBE_C_START program=HIGH
1770408446249687349 PROBE_C_END program=HIGH
1770408446452620445 PROBE_C_START program=HIGH
1770408446456396215 PROBE_C_END program=HIGH
1770408446659296736 PROBE_C_START program=HIGH
1770408446663097691 PROBE_C_END program=HIGH
1770408446865987619 PROBE_C_START program=HIGH
1770408446869770519 PROBE_C_END program=HIGH
1770408447072669966 PROBE_C_START program=HIGH
1770408447076445125 PROBE_C_END program=HIGH
1770408447279357442 PROBE_C_START program=HIGH
1770408447283112638 PROBE_C_END program=HIGH
1770408447485998474 PROBE_C_START program=HIGH
1770408447489781651 PROBE_C_END program=HIGH
1770408447692732950 PROBE_C_START program=HIGH
1770408447696550164 PROBE_C_END program=HIGH
1770408447899429685 PROBE_C_START program=HIGH
1770408447903196362 PROBE_C_END program=HIGH
1770408448106088846 PROBE_C_START program=HIGH
1770408448109884561 PROBE_C_END program=HIGH
1770408448312821507 PROBE_C_START program=HIGH
1770408448316587333 PROBE_C_END program=HIGH
1770408448519440946 PROBE_C_START program=HIGH
1770408448523212957 PROBE_C_END program=HIGH
1770408448726112218 PROBE_C_START program=HIGH
1770408448729902748 PROBE_C_END program=HIGH
1770408448932802546 PROBE_C_START program=HIGH
1770408448936600705 PROBE_C_END program=HIGH
1770408449139509911 PROBE_C_START program=HIGH
1770408449143375496 PROBE_C_END program=HIGH
1770408449346437998 PROBE_C_START program=HIGH
1770408449350225861 PROBE_C_END program=HIGH
1770408449553181289 PROBE_C_START program=HIGH
1770408449556946633 PROBE_C_END program=HIGH
1770408449759868542 PROBE_C_START program=HIGH
1770408449763643757 PROBE_C_END program=HIGH
1770408449966483796 PROBE_C_START program=HIGH
1770408449970289436 PROBE_C_END program=HIGH
1770408450173265605 PROBE_C_START program=HIGH
1770408450177074041 PROBE_C_END program=HIGH
1770408450379962969 PROBE_C_START program=HIGH
1770408450383741554 PROBE_C_END program=HIGH
1770408450586672167 PROBE_C_START program=HIGH
1770408450590438937 PROBE_C_END program=HIGH
1770408450793322957 PROBE_C_START program=HIGH
1770408450797090616 PROBE_C_END program=HIGH
1770408450999993951 PROBE_C_START program=HIGH
1770408451003726647 PROBE_C_END program=HIGH
1770408451206804464 PROBE_C_START program=HIGH
1770408451211318865 PROBE_C_END program=HIGH
1770408451414465534 PROBE_C_START program=HIGH
1770408451418262304 PROBE_C_END program=HIGH
1770408451621202584 PROBE_C_START program=HIGH
1770408451624980798 PROBE_C_END program=HIGH
1770408451827872115 PROBE_C_START program=HIGH
1770408451831670977 PROBE_C_END program=HIGH
1770408452034531571 PROBE_C_START program=HIGH
1770408452038335526 PROBE_C_END program=HIGH
1770408452241247824 PROBE_C_START program=HIGH
1770408452245035631 PROBE_C_END program=HIGH
1770408452447948762 PROBE_C_START program=HIGH
1770408452451714014 PROBE_C_END program=HIGH
1770408452654622552 PROBE_C_START program=HIGH
1770408452658424174 PROBE_C_END program=HIGH
1770408452861287416 PROBE_C_START program=HIGH
1770408452865073334 PROBE_C_END program=HIGH
1770408453067954446 PROBE_C_START program=HIGH
1770408453071731087 PROBE_C_END program=HIGH
1770408453274647773 PROBE_C_START program=HIGH
1770408453278460340 PROBE_C_END program=HIGH
1770408453481374267 PROBE_C_START program=HIGH
1770408453485197241 PROBE_C_END program=HIGH
1770408453688113779 PROBE_C_START program=HIGH
1770408453692008142 PROBE_C_END program=HIGH
1770408453894895791 PROBE_C_START program=HIGH
1770408453898682265 PROBE_C_END program=HIGH
1770408454101576895 PROBE_C_START program=HIGH
1770408454105373795 PROBE_C_END program=HIGH
1770408454308331407 PROBE_C_START program=HIGH
1770408454312115696 PROBE_C_END program=HIGH
1770408454515024493 PROBE_C_START program=HIGH
1770408454518876874 PROBE_C_END program=HIGH
1770408454721770579 PROBE_C_START program=HIGH
1770408454725605960 PROBE_C_END program=HIGH
1770408454928569665 PROBE_C_START program=HIGH
1770408454932352417 PROBE_C_END program=HIGH
1770408455135235788 PROBE_C_START program=HIGH
1770408455139000947 PROBE_C_END program=HIGH
1770408455341906077 PROBE_C_START program=HIGH
1770408455345706588 PROBE_C_END program=HIGH
1770408455548632922 PROBE_C_START program=HIGH
1770408455552389766 PROBE_C_END program=HIGH
1770408455755259082 PROBE_C_START program=HIGH
1770408455759024963 PROBE_C_END program=HIGH
1770408455961956630 PROBE_C_START program=HIGH
1770408455965796548 PROBE_C_END program=HIGH
1770408456168874272 PROBE_C_START program=HIGH
1770408456172637764 PROBE_C_END program=HIGH
1770408456375532635 PROBE_C_START program=HIGH
1770408456379300979 PROBE_C_END program=HIGH
1770408456582205609 PROBE_C_START program=HIGH
1770408456585987416 PROBE_C_END program=HIGH
1770408456788900824 PROBE_C_START program=HIGH
1770408456792708372 PROBE_C_END program=HIGH
1770408456995629687 PROBE_C_START program=HIGH
1770408456999408050 PROBE_C_END program=HIGH
1770408457202306032 PROBE_C_START program=HIGH
1770408457206122765 PROBE_C_END program=HIGH
1770408457409155932 PROBE_C_START program=HIGH
1770408457412951313 PROBE_C_END program=HIGH
1770408457615959833 PROBE_C_START program=HIGH
1770408457619879029 PROBE_C_END program=HIGH
1770408457822930363 PROBE_C_START program=HIGH
1770408457826905115 PROBE_C_END program=HIGH
1770408458029844171 PROBE_C_START program=HIGH
1770408458033603830 PROBE_C_END program=HIGH
1770408458236505423 PROBE_C_START program=HIGH
1770408458240286767 PROBE_C_END program=HIGH
1770408458443185730 PROBE_C_START program=HIGH
1770408458446965703 PROBE_C_END program=HIGH
1770408458649920926 PROBE_C_START program=HIGH
1770408458653740104 PROBE_C_END program=HIGH
1770408458856660752 PROBE_C_START program=HIGH
1770408458860446429 PROBE_C_END program=HIGH
1770408459063338689 PROBE_C_START program=HIGH
1770408459067142588 PROBE_C_END program=HIGH
1770408459270049514 PROBE_C_START program=HIGH
1770408459273824414 PROBE_C_END program=HIGH
1770408459476709470 PROBE_C_START program=HIGH
1770408459480675370 PROBE_C_END program=HIGH
1770408459683705315 PROBE_C_START program=HIGH
1770408459687561918 PROBE_C_END program=HIGH
1770408459890430992 PROBE_C_START program=HIGH
1770408459894213354 PROBE_C_END program=HIGH
1770408460097072595 PROBE_C_START program=HIGH
1770408460100853846 PROBE_C_END program=HIGH
1770408460303712383 PROBE_C_START program=HIGH
1770408460307441023 PROBE_C_END program=HIGH
1770408460510302653 PROBE_C_START program=HIGH
1770408460514107386 PROBE_C_END program=HIGH
1770408460716966589 PROBE_C_START program=HIGH
1770408460720754322 PROBE_C_END program=HIGH
1770408460923611766 PROBE_C_START program=HIGH
1770408460927330795 PROBE_C_END program=HIGH
1770408461130173091 PROBE_C_START program=HIGH
1770408461133947805 PROBE_C_END program=HIGH
1770408461336820398 PROBE_C_START program=HIGH
1770408461340579501 PROBE_C_END program=HIGH
1770408461543409871 PROBE_C_START program=HIGH
1770408461547174826 PROBE_C_END program=HIGH
1770408461750021177 PROBE_C_START program=HIGH
1770408461753782280 PROBE_C_END program=HIGH
1770408461956623354 PROBE_C_START program=HIGH
1770408461960370420 PROBE_C_END program=HIGH
1770408462163203438 PROBE_C_START program=HIGH
1770408462166980671 PROBE_C_END program=HIGH
1770408462369848855 PROBE_C_START program=HIGH
1770408462373617977 PROBE_C_END program=HIGH
1770408462576451847 PROBE_C_START program=HIGH
1770408462580195487 PROBE_C_END program=HIGH
1770408462783055801 PROBE_C_START program=HIGH
1770408462786810126 PROBE_C_END program=HIGH
1770408462989650774 PROBE_C_START program=HIGH
1770408462993402525 PROBE_C_END program=HIGH
1770408463196232450 PROBE_C_START program=HIGH
1770408463200017164 PROBE_C_END program=HIGH
1770408463402836812 PROBE_C_START program=HIGH
1770408463406617267 PROBE_C_END program=HIGH
1770408463609414636 PROBE_C_START program=HIGH
1770408463613175702 PROBE_C_END program=HIGH
1770408463816049757 PROBE_C_START program=HIGH
1770408463819832268 PROBE_C_END program=HIGH
1770408464022678656 PROBE_C_START program=HIGH
1770408464026450963 PROBE_C_END program=HIGH
1770408464229301517 PROBE_C_START program=HIGH
1770408464233076657 PROBE_C_END program=HIGH
1770408464435927952 PROBE_C_START program=HIGH
1770408464440346335 PROBE_C_END program=HIGH
1770408464643412501 PROBE_C_START program=HIGH
1770408464647238938 PROBE_C_END program=HIGH
1770408464850103104 PROBE_C_START program=HIGH
1770408464853879133 PROBE_C_END program=HIGH
1770408465056704576 PROBE_C_START program=HIGH
1770408465060483457 PROBE_C_END program=HIGH
1770408465263312086 PROBE_C_START program=HIGH
1770408465267064078 PROBE_C_END program=HIGH
1770408465469905151 PROBE_C_START program=HIGH
1770408465473693328 PROBE_C_END program=HIGH
1770408465676526752 PROBE_C_START program=HIGH
1770408465680319300 PROBE_C_END program=HIGH
1770408465883183984 PROBE_C_START program=HIGH
1770408465886976995 PROBE_C_END program=HIGH
1770408466089826790 PROBE_C_START program=HIGH
1770408466093615763 PROBE_C_END program=HIGH
1770408466296488910 PROBE_C_START program=HIGH
1770408466300202087 PROBE_C_END program=HIGH
1770408466503011215 PROBE_C_START program=HIGH
1770408466506794189 PROBE_C_END program=HIGH
1770408466709627410 PROBE_C_START program=HIGH
1770408466713402346 PROBE_C_END program=HIGH
1770408466916187215 PROBE_C_START program=HIGH
1770408466919954392 PROBE_C_END program=HIGH
1770408467122771057 PROBE_C_START program=HIGH
1770408467126535420 PROBE_C_END program=HIGH
1770408467329372048 PROBE_C_START program=HIGH
1770408467333134521 PROBE_C_END program=HIGH
1770408467536019909 PROBE_C_START program=HIGH
1770408467539805901 PROBE_C_END program=HIGH
1770408467742657325 PROBE_C_START program=HIGH
1770408467746427484 PROBE_C_END program=HIGH
1770408467949264982 PROBE_C_START program=HIGH
1770408467953017067 PROBE_C_END program=HIGH
1770408468155844306 PROBE_C_START program=HIGH
1770408468159599353 PROBE_C_END program=HIGH
1770408468362439018 PROBE_C_START program=HIGH
1770408468366230307 PROBE_C_END program=HIGH
1770408468569079990 PROBE_C_START program=HIGH
1770408468572825149 PROBE_C_END program=HIGH
1770408468775668869 PROBE_C_START program=HIGH
1770408468779395287 PROBE_C_END program=HIGH
1770408468982220637 PROBE_C_START program=HIGH
1770408468985991462 PROBE_C_END program=HIGH
1770408469188822182 PROBE_C_START program=HIGH
1770408469192575600 PROBE_C_END program=HIGH
1770408469395395246 PROBE_C_START program=HIGH
1770408469399137516 PROBE_C_END program=HIGH
1770408469601972811 PROBE_C_START program=HIGH
1770408469605757877 PROBE_C_END program=HIGH
1770408469808617449 PROBE_C_START program=HIGH
1770408469812372404 PROBE_C_END program=HIGH
1770408470015201402 PROBE_C_START program=HIGH
1770408470018959449 PROBE_C_END program=HIGH
1770408470221810058 PROBE_C_START program=HIGH
1770408470225527328 PROBE_C_END program=HIGH
1770408470428257233 PROBE_C_START program=HIGH
1770408470432050780 PROBE_C_END program=HIGH
1770408470634937797 PROBE_C_START program=HIGH
1770408470638743067 PROBE_C_END program=HIGH
1770408470841618935 PROBE_C_START program=HIGH
1770408470845423205 PROBE_C_END program=HIGH
1770408471048337833 PROBE_C_START program=HIGH
1770408471052117047 PROBE_C_END program=HIGH
1770408471255089489 PROBE_C_START program=HIGH
1770408471259123001 PROBE_C_END program=HIGH
1770408471462270221 PROBE_C_START program=HIGH
1770408471466384048 PROBE_C_END program=HIGH
1770408471669267342 PROBE_C_START program=HIGH
1770408471673054778 PROBE_C_END program=HIGH
1770408471875932480 PROBE_C_START program=HIGH
1770408471879739120 PROBE_C_END program=HIGH
1770408472082653192 PROBE_C_START program=HIGH
1770408472086448073 PROBE_C_END program=HIGH
1770408472289335978 PROBE_C_START program=HIGH
1770408472293094692 PROBE_C_END program=HIGH
1770408472495990097 PROBE_C_START program=HIGH
1770408472499791108 PROBE_C_END program=HIGH
1770408472702657809 PROBE_C_START program=HIGH
1770408472706449468 PROBE_C_END program=HIGH
1770408472909311243 PROBE_C_START program=HIGH
1770408472913120865 PROBE_C_END program=HIGH
1770408473116048307 PROBE_C_START program=HIGH
1770408473119834410 PROBE_C_END program=HIGH
1770408473322763963 PROBE_C_START program=HIGH
1770408473326537307 PROBE_C_END program=HIGH
1770408473529436341 PROBE_C_START program=HIGH
1770408473533215074 PROBE_C_END program=HIGH
1770408473736087312 PROBE_C_START program=HIGH
1770408473739877249 PROBE_C_END program=HIGH
1770408473943219192 PROBE_C_START program=HIGH
1770408473947178203 PROBE_C_END program=HIGH
1770408474150097644 PROBE_C_START program=HIGH
1770408474153865433 PROBE_C_END program=HIGH
1770408474356744152 PROBE_C_START program=HIGH
1770408474360570237 PROBE_C_END program=HIGH
1770408474563545327 PROBE_C_START program=HIGH
1770408474567314689 PROBE_C_END program=HIGH
1770408474770274724 PROBE_C_START program=HIGH
1770408474774068809 PROBE_C_END program=HIGH
1770408474976975065 PROBE_C_START program=HIGH
1770408474980767835 PROBE_C_END program=HIGH
1770408475183640036 PROBE_C_START program=HIGH
1770408475187403583 PROBE_C_END program=HIGH
1770408475390332228 PROBE_C_START program=HIGH
1770408475394118795 PROBE_C_END program=HIGH
1770408475597022643 PROBE_C_START program=HIGH
1770408475600777376 PROBE_C_END program=HIGH
1770408475803733410 PROBE_C_START program=HIGH
1770408475807549921 PROBE_C_END program=HIGH
1770408476010513085 PROBE_C_START program=HIGH
1770408476014321670 PROBE_C_END program=HIGH
1770408476217218000 PROBE_C_START program=HIGH
1770408476221025473 PROBE_C_END program=HIGH
1770408476423904767 PROBE_C_START program=HIGH
1770408476427696333 PROBE_C_END program=HIGH
1770408476630577052 PROBE_C_START program=HIGH
1770408476634372599 PROBE_C_END program=HIGH
1770408476837283818 PROBE_C_START program=HIGH
1770408476841063218 PROBE_C_END program=HIGH
1770408477043985085 PROBE_C_START program=HIGH
1770408477047742207 PROBE_C_END program=HIGH
1770408477250632407 PROBE_C_START program=HIGH
1770408477254444010 PROBE_C_END program=HIGH
1770408477457358452 PROBE_C_START program=HIGH
1770408477461143592 PROBE_C_END program=HIGH
1770408477664074551 PROBE_C_START program=HIGH
1770408477667886118 PROBE_C_END program=HIGH
1770408477870842818 PROBE_C_START program=HIGH
1770408477874740311 PROBE_C_END program=HIGH
1770408478077844734 PROBE_C_START program=HIGH
1770408478081836763 PROBE_C_END program=HIGH
1770408478284823667 PROBE_C_START program=HIGH
1770408478288607993 PROBE_C_END program=HIGH
1770408478491452119 PROBE_C_START program=HIGH
1770408478495260259 PROBE_C_END program=HIGH
1770408478698150089 PROBE_C_START program=HIGH
1770408478701929896 PROBE_C_END program=HIGH
1770408478904792633 PROBE_C_START program=HIGH
1770408478908590773 PROBE_C_END program=HIGH
1770408479111446066 PROBE_C_START program=HIGH
1770408479115233206 PROBE_C_END program=HIGH
1770408479318153147 PROBE_C_START program=HIGH
1770408479321921639 PROBE_C_END program=HIGH
1770408479524821209 PROBE_C_START program=HIGH
1770408479528612627 PROBE_C_END program=HIGH
1770408479731475605 PROBE_C_START program=HIGH
1770408479735235171 PROBE_C_END program=HIGH
1770408479938162926 PROBE_C_START program=HIGH
1770408479941972456 PROBE_C_END program=HIGH
1770408480144833785 PROBE_C_START program=HIGH
1770408480148620777 PROBE_C_END program=HIGH
1770408480351566125 PROBE_C_START program=HIGH
1770408480355314895 PROBE_C_END program=HIGH
1770408480558213261 PROBE_C_START program=HIGH
1770408480561999531 PROBE_C_END program=HIGH
1770408480764885027 PROBE_C_START program=HIGH
1770408480768810334 PROBE_C_END program=HIGH
1770408480971711071 PROBE_C_START program=HIGH
1770408480975443230 PROBE_C_END program=HIGH
1770408481178322374 PROBE_C_START program=HIGH
1770408481182097347 PROBE_C_END program=HIGH
1770408481384979158 PROBE_C_START program=HIGH
1770408481388789298 PROBE_C_END program=HIGH
1770408481591684979 PROBE_C_START program=HIGH
1770408481595438582 PROBE_C_END program=HIGH
1770408481798303356 PROBE_C_START program=HIGH
1770408481802083163 PROBE_C_END program=HIGH
1770408482004919973 PROBE_C_START program=HIGH
1770408482008674650 PROBE_C_END program=HIGH
1770408482211519090 PROBE_C_START program=HIGH
1770408482215268082 PROBE_C_END program=HIGH
1770408482418105485 PROBE_C_START program=HIGH
1770408482421881126 PROBE_C_END program=HIGH
1770408482624790788 PROBE_C_START program=HIGH
1770408482628563891 PROBE_C_END program=HIGH
1770408482831396164 PROBE_C_START program=HIGH
1770408482835143379 PROBE_C_END program=HIGH
1770408483037975281 PROBE_C_START program=HIGH
1770408483041747051 PROBE_C_END program=HIGH
1770408483244605936 PROBE_C_START program=HIGH
1770408483248702540 PROBE_C_END program=HIGH
1770408483451497368 PROBE_C_START program=HIGH
1770408483455223342 PROBE_C_END program=HIGH
1770408483658057522 PROBE_C_START program=HIGH
1770408483661821181 PROBE_C_END program=HIGH
1770408483864676806 PROBE_C_START program=HIGH
1770408483868437576 PROBE_C_END program=HIGH
1770408484071268700 PROBE_C_START program=HIGH
1770408484075003989 PROBE_C_END program=HIGH
1770408484277839428 PROBE_C_START program=HIGH
1770408484281600846 PROBE_C_END program=HIGH
1770408484484456304 PROBE_C_START program=HIGH
1770408484488205352 PROBE_C_END program=HIGH
1770408484691050347 PROBE_C_START program=HIGH
1770408484695031766 PROBE_C_END program=HIGH
1770408484897973946 PROBE_C_START program=HIGH
1770408484901990458 PROBE_C_END program=HIGH
1770408485104927620 PROBE_C_START program=HIGH
1770408485108704612 PROBE_C_END program=HIGH
1770408485311532903 PROBE_C_START program=HIGH
1770408485315275098 PROBE_C_END program=HIGH
1770408485518118223 PROBE_C_START program=HIGH
1770408485521903160 PROBE_C_END program=HIGH
1770408485724832618 PROBE_C_START program=HIGH
1770408485728633073 PROBE_C_END program=HIGH
1770408485931447123 PROBE_C_START program=HIGH
1770408485935229671 PROBE_C_END program=HIGH
1770408486138054481 PROBE_C_START program=HIGH
1770408486141816806 PROBE_C_END program=HIGH
1770408486344716616 PROBE_C_START program=HIGH
1770408486348480885 PROBE_C_END program=HIGH
1770408486551322732 PROBE_C_START program=HIGH
1770408486555063094 PROBE_C_END program=HIGH
1770408486757912682 PROBE_C_START program=HIGH
1770408486761666711 PROBE_C_END program=HIGH
1770408486964513594 PROBE_C_START program=HIGH
1770408486968242253 PROBE_C_END program=HIGH
1770408487171716490 PROBE_C_START program=HIGH
1770408487177001116 PROBE_C_END program=HIGH
1770408487380076111 PROBE_C_START program=HIGH
1770408487383886900 PROBE_C_END program=HIGH
1770408487586762321 PROBE_C_START program=HIGH
1770408487590623535 PROBE_C_END program=HIGH
1770408487793480789 PROBE_C_START program=HIGH
1770408487797237985 PROBE_C_END program=HIGH
1770408488000105609 PROBE_C_START program=HIGH
1770408488003885990 PROBE_C_END program=HIGH
1770408488206721262 PROBE_C_START program=HIGH
1770408488210506328 PROBE_C_END program=HIGH
1770408488413362304 PROBE_C_START program=HIGH
1770408488417123148 PROBE_C_END program=HIGH
1770408488619952587 PROBE_C_START program=HIGH
1770408488623720968 PROBE_C_END program=HIGH
1770408488826579110 PROBE_C_START program=HIGH
1770408488830363473 PROBE_C_END program=HIGH
1770408489033271578 PROBE_C_START program=HIGH
1770408489037052941 PROBE_C_END program=HIGH
1770408489239914694 PROBE_C_START program=HIGH
1770408489243671205 PROBE_C_END program=HIGH
1770408489446539958 PROBE_C_START program=HIGH
1770408489450324617 PROBE_C_END program=HIGH
1770408489653189778 PROBE_C_START program=HIGH
1770408489656952363 PROBE_C_END program=HIGH
1770408489859842135 PROBE_C_START program=HIGH
1770408489863621960 PROBE_C_END program=HIGH
1770408490066478936 PROBE_C_START program=HIGH
1770408490070231558 PROBE_C_END program=HIGH
1770408490273069403 PROBE_C_START program=HIGH
1770408490276768766 PROBE_C_END program=HIGH
1770408490479644463 PROBE_C_START program=HIGH
1770408490483387307 PROBE_C_END program=HIGH
1770408490686253598 PROBE_C_START program=HIGH
1770408490690030868 PROBE_C_END program=HIGH
1770408490892891584 PROBE_C_START program=HIGH
1770408490896669057 PROBE_C_END program=HIGH
1770408491099535774 PROBE_C_START program=HIGH
1770408491103255914 PROBE_C_END program=HIGH
1770408491306101315 PROBE_C_START program=HIGH
1770408491309863770 PROBE_C_END program=HIGH
1770408491512746671 PROBE_C_START program=HIGH
1770408491516581608 PROBE_C_END program=HIGH
1770408491719685954 PROBE_C_START program=HIGH
1770408491723630151 PROBE_C_END program=HIGH
1770408491926588552 PROBE_C_START program=HIGH
1770408491930344155 PROBE_C_END program=HIGH
1770408492133161038 PROBE_C_START program=HIGH
1770408492136889900 PROBE_C_END program=HIGH
1770408492339737616 PROBE_C_START program=HIGH
1770408492343395200 PROBE_C_END program=HIGH
1770408492546200138 PROBE_C_START program=HIGH
1770408492549925834 PROBE_C_END program=HIGH
1770408492752794457 PROBE_C_START program=HIGH
1770408492756543023 PROBE_C_END program=HIGH
1770408492959319628 PROBE_C_START program=HIGH
1770408492963059546 PROBE_C_END program=HIGH
1770408493165843113 PROBE_C_START program=HIGH
1770408493169598865 PROBE_C_END program=HIGH
1770408493372389747 PROBE_C_START program=HIGH
1770408493376119979 PROBE_C_END program=HIGH
1770408493578941399 PROBE_C_START program=HIGH
1770408493582679002 PROBE_C_END program=HIGH
1770408493785527977 PROBE_C_START program=HIGH
1770408493789264821 PROBE_C_END program=HIGH
1770408493992066203 PROBE_C_START program=HIGH
1770408493995800139 PROBE_C_END program=HIGH
