1771964533381120694 C1_BASELINE_START
1771964593382966579 C1_BASELINE_END
1771964593386081444 C1_INTERVENTION_START
1771964773390259606 C1_INTERVENTION_END
1771964773391148091 C1_RECOVERY_R1_START
1771964953393035749 C1_RECOVERY_R1_END
1771964953394088752 C1_RECOVERY_R2_START
1771965253025519086 C1_RECOVERY_R2_END
1771965253026456088 C1_POSTBASELINE_START
1771965313028271269 C1_POSTBASELINE_END
1771965313030376589 C2_BASELINE_START
1771965373032227956 C2_BASELINE_END
1771965373035445649 C2_INTERVENTION_START
1771965553039855760 C2_INTERVENTION_END
1771965553040795688 C2_RECOVERY_R1_START
1771965733042590259 C2_RECOVERY_R1_END
1771965733043606224 C2_RECOVERY_R2_START
1771966033367279870 C2_RECOVERY_R2_END
1771966033368261576 C2_POSTBASELINE_START
1771966093370103854 C2_POSTBASELINE_END
1771966093372363600 C3_BASELINE_START
1771966153374261375 C3_BASELINE_END
1771966153377539844 C3_INTERVENTION_START
1771966333382151531 C3_INTERVENTION_END
1771966333383141978 C3_RECOVERY_R1_START
1771966513384934809 C3_RECOVERY_R1_END
1771966513385953568 C3_RECOVERY_R2_START
1771966813078662589 C3_RECOVERY_R2_END
1771966813079615440 C3_POSTBASELINE_START
1771966873081454931 C3_POSTBASELINE_END
