1772739776362446386 R2_IDLE_B seconds=60
1772739836364404621 R2_PROBE_B seconds=240 bvar=fsync program=low
1772739836367349226 PROBE_B_START program=low bvar=fsync
1772739836423670668 PROBE_B_END program=low bvar=fsync
1772739836626526800 PROBE_B_START program=low bvar=fsync
1772739836772615175 PROBE_B_END program=low bvar=fsync
1772739836975405474 PROBE_B_START program=low bvar=fsync
1772739837030918875 PROBE_B_END program=low bvar=fsync
1772739837233734545 PROBE_B_START program=low bvar=fsync
1772739837289171278 PROBE_B_END program=low bvar=fsync
1772739837491897984 PROBE_B_START program=low bvar=fsync
1772739837542887792 PROBE_B_END program=low bvar=fsync
1772739837745689165 PROBE_B_START program=low bvar=fsync
1772739837801591252 PROBE_B_END program=low bvar=fsync
1772739838004306088 PROBE_B_START program=low bvar=fsync
1772739838061763367 PROBE_B_END program=low bvar=fsync
1772739838264563740 PROBE_B_START program=low bvar=fsync
1772739838320425920 PROBE_B_END program=low bvar=fsync
1772739838523228922 PROBE_B_START program=low bvar=fsync
1772739838579865198 PROBE_B_END program=low bvar=fsync
1772739838782758645 PROBE_B_START program=low bvar=fsync
1772739838835261144 PROBE_B_END program=low bvar=fsync
1772739839038020276 PROBE_B_START program=low bvar=fsync
1772739839091138796 PROBE_B_END program=low bvar=fsync
1772739839293976021 PROBE_B_START program=low bvar=fsync
1772739839348682807 PROBE_B_END program=low bvar=fsync
1772739839551445680 PROBE_B_START program=low bvar=fsync
1772739839603459954 PROBE_B_END program=low bvar=fsync
1772739839806604791 PROBE_B_START program=low bvar=fsync
1772739840505594143 PROBE_B_END program=low bvar=fsync
1772739840708365441 PROBE_B_START program=low bvar=fsync
1772739840822276050 PROBE_B_END program=low bvar=fsync
1772739841025035219 PROBE_B_START program=low bvar=fsync
1772739841159586193 PROBE_B_END program=low bvar=fsync
1772739841362460658 PROBE_B_START program=low bvar=fsync
1772739841411757218 PROBE_B_END program=low bvar=fsync
1772739841614596498 PROBE_B_START program=low bvar=fsync
1772739841663181424 PROBE_B_END program=low bvar=fsync
1772739841865956371 PROBE_B_START program=low bvar=fsync
1772739841997174108 PROBE_B_END program=low bvar=fsync
1772739842199950721 PROBE_B_START program=low bvar=fsync
1772739842249598708 PROBE_B_END program=low bvar=fsync
1772739842452535285 PROBE_B_START program=low bvar=fsync
1772739842500617246 PROBE_B_END program=low bvar=fsync
1772739842703378433 PROBE_B_START program=low bvar=fsync
1772739842751565506 PROBE_B_END program=low bvar=fsync
1772739842954435249 PROBE_B_START program=low bvar=fsync
1772739843025944198 PROBE_B_END program=low bvar=fsync
1772739843228788108 PROBE_B_START program=low bvar=fsync
1772739843276797199 PROBE_B_END program=low bvar=fsync
1772739843479791275 PROBE_B_START program=low bvar=fsync
1772739843528602277 PROBE_B_END program=low bvar=fsync
1772739843731468168 PROBE_B_START program=low bvar=fsync
1772739843779579685 PROBE_B_END program=low bvar=fsync
1772739843982510558 PROBE_B_START program=low bvar=fsync
1772739844062053985 PROBE_B_END program=low bvar=fsync
1772739844264926357 PROBE_B_START program=low bvar=fsync
1772739844312617428 PROBE_B_END program=low bvar=fsync
1772739844515402689 PROBE_B_START program=low bvar=fsync
1772739844562793500 PROBE_B_END program=low bvar=fsync
1772739844765662409 PROBE_B_START program=low bvar=fsync
1772739844813186183 PROBE_B_END program=low bvar=fsync
1772739845016141092 PROBE_B_START program=low bvar=fsync
1772739845067713624 PROBE_B_END program=low bvar=fsync
1772739845270614885 PROBE_B_START program=low bvar=fsync
1772739845317632657 PROBE_B_END program=low bvar=fsync
1772739845520911512 PROBE_B_START program=low bvar=fsync
1772739845569433624 PROBE_B_END program=low bvar=fsync
1772739845772171236 PROBE_B_START program=low bvar=fsync
1772739845820768774 PROBE_B_END program=low bvar=fsync
1772739846023645887 PROBE_B_START program=low bvar=fsync
1772739846071192216 PROBE_B_END program=low bvar=fsync
1772739846273993218 PROBE_B_START program=low bvar=fsync
1772739846369309563 PROBE_B_END program=low bvar=fsync
1772739846572252324 PROBE_B_START program=low bvar=fsync
1772739846619443226 PROBE_B_END program=low bvar=fsync
1772739846822327635 PROBE_B_START program=low bvar=fsync
1772739846872882885 PROBE_B_END program=low bvar=fsync
1772739847075683238 PROBE_B_START program=low bvar=fsync
1772739847123039289 PROBE_B_END program=low bvar=fsync
1772739847325910272 PROBE_B_START program=low bvar=fsync
1772739847371833891 PROBE_B_END program=low bvar=fsync
1772739847575097523 PROBE_B_START program=low bvar=fsync
1772739847631868910 PROBE_B_END program=low bvar=fsync
1772739847834749189 PROBE_B_START program=low bvar=fsync
1772739847883303542 PROBE_B_END program=low bvar=fsync
1772739848086127802 PROBE_B_START program=low bvar=fsync
1772739848133252759 PROBE_B_END program=low bvar=fsync
1772739848336126242 PROBE_B_START program=low bvar=fsync
1772739848384581112 PROBE_B_END program=low bvar=fsync
1772739848587389836 PROBE_B_START program=low bvar=fsync
1772739848640516040 PROBE_B_END program=low bvar=fsync
1772739848843443783 PROBE_B_START program=low bvar=fsync
1772739848890363628 PROBE_B_END program=low bvar=fsync
1772739849093141388 PROBE_B_START program=low bvar=fsync
1772739849192513935 PROBE_B_END program=low bvar=fsync
1772739849395543474 PROBE_B_START program=low bvar=fsync
1772739849447328025 PROBE_B_END program=low bvar=fsync
1772739849650642065 PROBE_B_START program=low bvar=fsync
1772739849703568954 PROBE_B_END program=low bvar=fsync
1772739849906406177 PROBE_B_START program=low bvar=fsync
1772739849955808070 PROBE_B_END program=low bvar=fsync
1772739850158724793 PROBE_B_START program=low bvar=fsync
1772739850211797331 PROBE_B_END program=low bvar=fsync
1772739850414635128 PROBE_B_START program=low bvar=fsync
1772739850461928475 PROBE_B_END program=low bvar=fsync
1772739850664906439 PROBE_B_START program=low bvar=fsync
1772739850921946668 PROBE_B_END program=low bvar=fsync
1772739851124967632 PROBE_B_START program=low bvar=fsync
1772739851524261958 PROBE_B_END program=low bvar=fsync
1772739851728205371 PROBE_B_START program=low bvar=fsync
1772739851814247769 PROBE_B_END program=low bvar=fsync
1772739852017113344 PROBE_B_START program=low bvar=fsync
1772739852077865414 PROBE_B_END program=low bvar=fsync
1772739852280737618 PROBE_B_START program=low bvar=fsync
1772739852340166442 PROBE_B_END program=low bvar=fsync
1772739852543145925 PROBE_B_START program=low bvar=fsync
1772739852597022818 PROBE_B_END program=low bvar=fsync
1772739852799797429 PROBE_B_START program=low bvar=fsync
1772739852846929201 PROBE_B_END program=low bvar=fsync
1772739853049790590 PROBE_B_START program=low bvar=fsync
1772739853106912108 PROBE_B_END program=low bvar=fsync
1772739853309778886 PROBE_B_START program=low bvar=fsync
1772739853358251016 PROBE_B_END program=low bvar=fsync
1772739853561110923 PROBE_B_START program=low bvar=fsync
1772739853608069176 PROBE_B_END program=low bvar=fsync
1772739853811001251 PROBE_B_START program=low bvar=fsync
1772739853861511167 PROBE_B_END program=low bvar=fsync
1772739854064259537 PROBE_B_START program=low bvar=fsync
1772739854109769580 PROBE_B_END program=low bvar=fsync
1772739854312599969 PROBE_B_START program=low bvar=fsync
1772739854410124304 PROBE_B_END program=low bvar=fsync
1772739854612962489 PROBE_B_START program=low bvar=fsync
1772739854660373188 PROBE_B_END program=low bvar=fsync
1772739854863261670 PROBE_B_START program=low bvar=fsync
1772739854912679711 PROBE_B_END program=low bvar=fsync
1772739855115525211 PROBE_B_START program=low bvar=fsync
1772739855164639695 PROBE_B_END program=low bvar=fsync
1772739855367541084 PROBE_B_START program=low bvar=fsync
1772739855415951695 PROBE_B_END program=low bvar=fsync
1772739855618787843 PROBE_B_START program=low bvar=fsync
1772739855665625669 PROBE_B_END program=low bvar=fsync
1772739855868592688 PROBE_B_START program=low bvar=fsync
1772739855918313063 PROBE_B_END program=low bvar=fsync
1772739856121060674 PROBE_B_START program=low bvar=fsync
1772739856172295130 PROBE_B_END program=low bvar=fsync
1772739856375236426 PROBE_B_START program=low bvar=fsync
1772739856422518402 PROBE_B_END program=low bvar=fsync
1772739856625673292 PROBE_B_START program=low bvar=fsync
1772739856674212978 PROBE_B_END program=low bvar=fsync
1772739856877803388 PROBE_B_START program=low bvar=fsync
1772739856925084846 PROBE_B_END program=low bvar=fsync
1772739857127984179 PROBE_B_START program=low bvar=fsync
1772739857176596457 PROBE_B_END program=low bvar=fsync
1772739857379510161 PROBE_B_START program=low bvar=fsync
1772739857428821108 PROBE_B_END program=low bvar=fsync
1772739857631716645 PROBE_B_START program=low bvar=fsync
1772739857680145756 PROBE_B_END program=low bvar=fsync
1772739857882982866 PROBE_B_START program=low bvar=fsync
1772739857931020290 PROBE_B_END program=low bvar=fsync
1772739858134103013 PROBE_B_START program=low bvar=fsync
1772739858182757254 PROBE_B_END program=low bvar=fsync
1772739858385601087 PROBE_B_START program=low bvar=fsync
1772739858435419944 PROBE_B_END program=low bvar=fsync
1772739858638341388 PROBE_B_START program=low bvar=fsync
1772739858689754030 PROBE_B_END program=low bvar=fsync
1772739858892618307 PROBE_B_START program=low bvar=fsync
1772739858990100772 PROBE_B_END program=low bvar=fsync
1772739859192953456 PROBE_B_START program=low bvar=fsync
1772739859249964714 PROBE_B_END program=low bvar=fsync
1772739859452871954 PROBE_B_START program=low bvar=fsync
1772739859503222758 PROBE_B_END program=low bvar=fsync
1772739859705971516 PROBE_B_START program=low bvar=fsync
1772739859755068463 PROBE_B_END program=low bvar=fsync
1772739859958036759 PROBE_B_START program=low bvar=fsync
1772739860013832845 PROBE_B_END program=low bvar=fsync
1772739860216618344 PROBE_B_START program=low bvar=fsync
1772739860998526680 PROBE_B_END program=low bvar=fsync
1772739861201548031 PROBE_B_START program=low bvar=fsync
1772739861380861154 PROBE_B_END program=low bvar=fsync
1772739861583768338 PROBE_B_START program=low bvar=fsync
1772739861645884747 PROBE_B_END program=low bvar=fsync
1772739861848712042 PROBE_B_START program=low bvar=fsync
1772739861906446062 PROBE_B_END program=low bvar=fsync
1772739862109338172 PROBE_B_START program=low bvar=fsync
1772739862169788852 PROBE_B_END program=low bvar=fsync
1772739862372605924 PROBE_B_START program=low bvar=fsync
1772739862424085085 PROBE_B_END program=low bvar=fsync
1772739862627014436 PROBE_B_START program=low bvar=fsync
1772739862674598265 PROBE_B_END program=low bvar=fsync
1772739862877961562 PROBE_B_START program=low bvar=fsync
1772739862927660696 PROBE_B_END program=low bvar=fsync
1772739863130624936 PROBE_B_START program=low bvar=fsync
1772739863176817019 PROBE_B_END program=low bvar=fsync
1772739863379589665 PROBE_B_START program=low bvar=fsync
1772739863428673834 PROBE_B_END program=low bvar=fsync
1772739863631476759 PROBE_B_START program=low bvar=fsync
1772739863679725183 PROBE_B_END program=low bvar=fsync
1772739863882745701 PROBE_B_START program=low bvar=fsync
1772739863931781888 PROBE_B_END program=low bvar=fsync
1772739864134664683 PROBE_B_START program=low bvar=fsync
1772739864229247931 PROBE_B_END program=low bvar=fsync
1772739864432081967 PROBE_B_START program=low bvar=fsync
1772739864485868452 PROBE_B_END program=low bvar=fsync
1772739864688783506 PROBE_B_START program=low bvar=fsync
1772739864735331997 PROBE_B_END program=low bvar=fsync
1772739864938181940 PROBE_B_START program=low bvar=fsync
1772739864988937227 PROBE_B_END program=low bvar=fsync
1772739865191748985 PROBE_B_START program=low bvar=fsync
1772739865240734412 PROBE_B_END program=low bvar=fsync
1772739865443552170 PROBE_B_START program=low bvar=fsync
1772739865495574702 PROBE_B_END program=low bvar=fsync
1772739865698491016 PROBE_B_START program=low bvar=fsync
1772739865747829389 PROBE_B_END program=low bvar=fsync
1772739865950702295 PROBE_B_START program=low bvar=fsync
1772739865999993446 PROBE_B_END program=low bvar=fsync
1772739866202676851 PROBE_B_START program=low bvar=fsync
1772739866252840802 PROBE_B_END program=low bvar=fsync
1772739866455750134 PROBE_B_START program=low bvar=fsync
1772739866502882739 PROBE_B_END program=low bvar=fsync
1772739866705812626 PROBE_B_START program=low bvar=fsync
1772739866754115199 PROBE_B_END program=low bvar=fsync
1772739866957003456 PROBE_B_START program=low bvar=fsync
1772739867004748360 PROBE_B_END program=low bvar=fsync
1772739867207771489 PROBE_B_START program=low bvar=fsync
1772739867256325785 PROBE_B_END program=low bvar=fsync
1772739867459185153 PROBE_B_START program=low bvar=fsync
1772739867557892993 PROBE_B_END program=low bvar=fsync
1772739867760738491 PROBE_B_START program=low bvar=fsync
1772739867812431133 PROBE_B_END program=low bvar=fsync
1772739868015339131 PROBE_B_START program=low bvar=fsync
1772739868067115608 PROBE_B_END program=low bvar=fsync
1772739868269983531 PROBE_B_START program=low bvar=fsync
1772739868321867952 PROBE_B_END program=low bvar=fsync
1772739868524822710 PROBE_B_START program=low bvar=fsync
1772739868633187571 PROBE_B_END program=low bvar=fsync
1772739868836040217 PROBE_B_START program=low bvar=fsync
1772739868888173195 PROBE_B_END program=low bvar=fsync
1772739869090979415 PROBE_B_START program=low bvar=fsync
1772739869143592357 PROBE_B_END program=low bvar=fsync
1772739869346576504 PROBE_B_START program=low bvar=fsync
1772739870061071404 PROBE_B_END program=low bvar=fsync
1772739870263948864 PROBE_B_START program=low bvar=fsync
1772739870396132066 PROBE_B_END program=low bvar=fsync
1772739870599024897 PROBE_B_START program=low bvar=fsync
1772739870731166321 PROBE_B_END program=low bvar=fsync
1772739870933941188 PROBE_B_START program=low bvar=fsync
1772739870993064251 PROBE_B_END program=low bvar=fsync
1772739871195861341 PROBE_B_START program=low bvar=fsync
1772739871274385466 PROBE_B_END program=low bvar=fsync
1772739871477214500 PROBE_B_START program=low bvar=fsync
1772739871534408036 PROBE_B_END program=low bvar=fsync
1772739871737240255 PROBE_B_START program=low bvar=fsync
1772739871868625620 PROBE_B_END program=low bvar=fsync
1772739872071523322 PROBE_B_START program=low bvar=fsync
1772739872140376832 PROBE_B_END program=low bvar=fsync
1772739872343169810 PROBE_B_START program=low bvar=fsync
1772739872392883833 PROBE_B_END program=low bvar=fsync
1772739872595823553 PROBE_B_START program=low bvar=fsync
1772739872665967736 PROBE_B_END program=low bvar=fsync
1772739872868838140 PROBE_B_START program=low bvar=fsync
1772739872982145911 PROBE_B_END program=low bvar=fsync
1772739873184892241 PROBE_B_START program=low bvar=fsync
1772739873259627276 PROBE_B_END program=low bvar=fsync
1772739873462257920 PROBE_B_START program=low bvar=fsync
1772739873529521109 PROBE_B_END program=low bvar=fsync
1772739873732268662 PROBE_B_START program=low bvar=fsync
1772739873889322097 PROBE_B_END program=low bvar=fsync
1772739874092069797 PROBE_B_START program=low bvar=fsync
1772739874142747417 PROBE_B_END program=low bvar=fsync
1772739874345625784 PROBE_B_START program=low bvar=fsync
1772739874392721074 PROBE_B_END program=low bvar=fsync
1772739874595618663 PROBE_B_START program=low bvar=fsync
1772739874644418238 PROBE_B_END program=low bvar=fsync
1772739874847233124 PROBE_B_START program=low bvar=fsync
1772739874896631867 PROBE_B_END program=low bvar=fsync
1772739875099429605 PROBE_B_START program=low bvar=fsync
1772739875146404061 PROBE_B_END program=low bvar=fsync
1772739875349104150 PROBE_B_START program=low bvar=fsync
1772739875443654212 PROBE_B_END program=low bvar=fsync
1772739875646352078 PROBE_B_START program=low bvar=fsync
1772739875693391479 PROBE_B_END program=low bvar=fsync
1772739875896150697 PROBE_B_START program=low bvar=fsync
1772739875947803654 PROBE_B_END program=low bvar=fsync
1772739876150678521 PROBE_B_START program=low bvar=fsync
1772739876200791620 PROBE_B_END program=low bvar=fsync
1772739876403638894 PROBE_B_START program=low bvar=fsync
1772739876454017716 PROBE_B_END program=low bvar=fsync
1772739876656774009 PROBE_B_START program=low bvar=fsync
1772739876703357370 PROBE_B_END program=low bvar=fsync
1772739876906066348 PROBE_B_START program=low bvar=fsync
1772739876958636605 PROBE_B_END program=low bvar=fsync
1772739877161428231 PROBE_B_START program=low bvar=fsync
1772739877210540084 PROBE_B_END program=low bvar=fsync
1772739877413296729 PROBE_B_START program=low bvar=fsync
1772739877465375076 PROBE_B_END program=low bvar=fsync
1772739877668087424 PROBE_B_START program=low bvar=fsync
1772739877716715238 PROBE_B_END program=low bvar=fsync
1772739877919503549 PROBE_B_START program=low bvar=fsync
1772739877971440211 PROBE_B_END program=low bvar=fsync
1772739878174268263 PROBE_B_START program=low bvar=fsync
1772739878225274810 PROBE_B_END program=low bvar=fsync
1772739878428030120 PROBE_B_START program=low bvar=fsync
1772739878478092941 PROBE_B_END program=low bvar=fsync
1772739878680889733 PROBE_B_START program=low bvar=fsync
1772739879432791877 PROBE_B_END program=low bvar=fsync
1772739879635660133 PROBE_B_START program=low bvar=fsync
1772739879802624682 PROBE_B_END program=low bvar=fsync
1772739880005441438 PROBE_B_START program=low bvar=fsync
1772739880070874545 PROBE_B_END program=low bvar=fsync
1772739880273600133 PROBE_B_START program=low bvar=fsync
1772739880334245516 PROBE_B_END program=low bvar=fsync
1772739880537027993 PROBE_B_START program=low bvar=fsync
1772739880595831758 PROBE_B_END program=low bvar=fsync
1772739880798630679 PROBE_B_START program=low bvar=fsync
1772739880848050719 PROBE_B_END program=low bvar=fsync
1772739881050875215 PROBE_B_START program=low bvar=fsync
1772739881100147532 PROBE_B_END program=low bvar=fsync
1772739881302878528 PROBE_B_START program=low bvar=fsync
1772739881353309275 PROBE_B_END program=low bvar=fsync
1772739881556159605 PROBE_B_START program=low bvar=fsync
1772739881604150546 PROBE_B_END program=low bvar=fsync
1772739881806925097 PROBE_B_START program=low bvar=fsync
1772739881857658161 PROBE_B_END program=low bvar=fsync
1772739882060508102 PROBE_B_START program=low bvar=fsync
1772739882107266371 PROBE_B_END program=low bvar=fsync
1772739882310007348 PROBE_B_START program=low bvar=fsync
1772739882362725753 PROBE_B_END program=low bvar=fsync
1772739882565548082 PROBE_B_START program=low bvar=fsync
1772739882614698547 PROBE_B_END program=low bvar=fsync
1772739882817479265 PROBE_B_START program=low bvar=fsync
1772739882914219187 PROBE_B_END program=low bvar=fsync
1772739883116964331 PROBE_B_START program=low bvar=fsync
1772739883164121787 PROBE_B_END program=low bvar=fsync
1772739883366924727 PROBE_B_START program=low bvar=fsync
1772739883415383763 PROBE_B_END program=low bvar=fsync
1772739883618099332 PROBE_B_START program=low bvar=fsync
1772739883669050878 PROBE_B_END program=low bvar=fsync
1772739883871818096 PROBE_B_START program=low bvar=fsync
1772739883921562729 PROBE_B_END program=low bvar=fsync
1772739884124367243 PROBE_B_START program=low bvar=fsync
1772739884171833442 PROBE_B_END program=low bvar=fsync
1772739884374726159 PROBE_B_START program=low bvar=fsync
1772739884425436242 PROBE_B_END program=low bvar=fsync
1772739884628371460 PROBE_B_START program=low bvar=fsync
1772739884675131766 PROBE_B_END program=low bvar=fsync
1772739884878014595 PROBE_B_START program=low bvar=fsync
1772739884926810910 PROBE_B_END program=low bvar=fsync
1772739885129628479 PROBE_B_START program=low bvar=fsync
1772739885177703921 PROBE_B_END program=low bvar=fsync
1772739885380547824 PROBE_B_START program=low bvar=fsync
1772739885432002094 PROBE_B_END program=low bvar=fsync
1772739885634851886 PROBE_B_START program=low bvar=fsync
1772739885684996984 PROBE_B_END program=low bvar=fsync
1772739885887892665 PROBE_B_START program=low bvar=fsync
1772739885935304104 PROBE_B_END program=low bvar=fsync
1772739886138228858 PROBE_B_START program=low bvar=fsync
1772739886233768831 PROBE_B_END program=low bvar=fsync
1772739886436614067 PROBE_B_START program=low bvar=fsync
1772739886485922421 PROBE_B_END program=low bvar=fsync
1772739886688873658 PROBE_B_START program=low bvar=fsync
1772739886737437972 PROBE_B_END program=low bvar=fsync
1772739886940239541 PROBE_B_START program=low bvar=fsync
1772739886987526368 PROBE_B_END program=low bvar=fsync
1772739887190294752 PROBE_B_START program=low bvar=fsync
1772739887242044245 PROBE_B_END program=low bvar=fsync
1772739887444963019 PROBE_B_START program=low bvar=fsync
1772739887496878309 PROBE_B_END program=low bvar=fsync
1772739887699764342 PROBE_B_START program=low bvar=fsync
1772739887751377279 PROBE_B_END program=low bvar=fsync
1772739887954231645 PROBE_B_START program=low bvar=fsync
1772739888003397517 PROBE_B_END program=low bvar=fsync
1772739888206294864 PROBE_B_START program=low bvar=fsync
1772739888260026921 PROBE_B_END program=low bvar=fsync
1772739888462911028 PROBE_B_START program=low bvar=fsync
1772739888513330886 PROBE_B_END program=low bvar=fsync
1772739888716156103 PROBE_B_START program=low bvar=fsync
1772739888768605211 PROBE_B_END program=low bvar=fsync
1772739888971385798 PROBE_B_START program=low bvar=fsync
1772739889722634415 PROBE_B_END program=low bvar=fsync
1772739889925636670 PROBE_B_START program=low bvar=fsync
1772739890073467305 PROBE_B_END program=low bvar=fsync
1772739890276334893 PROBE_B_START program=low bvar=fsync
1772739890395670483 PROBE_B_END program=low bvar=fsync
1772739890598547478 PROBE_B_START program=low bvar=fsync
1772739890655867921 PROBE_B_END program=low bvar=fsync
1772739890858704693 PROBE_B_START program=low bvar=fsync
1772739890923332556 PROBE_B_END program=low bvar=fsync
1772739891126481366 PROBE_B_START program=low bvar=fsync
1772739891176067851 PROBE_B_END program=low bvar=fsync
1772739891378923271 PROBE_B_START program=low bvar=fsync
1772739891428956054 PROBE_B_END program=low bvar=fsync
1772739891631947864 PROBE_B_START program=low bvar=fsync
1772739891680672290 PROBE_B_END program=low bvar=fsync
1772739891883566469 PROBE_B_START program=low bvar=fsync
1772739891930838167 PROBE_B_END program=low bvar=fsync
1772739892133606976 PROBE_B_START program=low bvar=fsync
1772739892181743010 PROBE_B_END program=low bvar=fsync
1772739892384605782 PROBE_B_START program=low bvar=fsync
1772739892432358129 PROBE_B_END program=low bvar=fsync
1772739892635326180 PROBE_B_START program=low bvar=fsync
1772739892685091350 PROBE_B_END program=low bvar=fsync
1772739892887958308 PROBE_B_START program=low bvar=fsync
1772739892937149235 PROBE_B_END program=low bvar=fsync
1772739893139975007 PROBE_B_START program=low bvar=fsync
1772739893187996170 PROBE_B_END program=low bvar=fsync
1772739893390847831 PROBE_B_START program=low bvar=fsync
1772739893438886661 PROBE_B_END program=low bvar=fsync
1772739893641714841 PROBE_B_START program=low bvar=fsync
1772739893689369743 PROBE_B_END program=low bvar=fsync
1772739893892242237 PROBE_B_START program=low bvar=fsync
1772739893942935078 PROBE_B_END program=low bvar=fsync
1772739894145703239 PROBE_B_START program=low bvar=fsync
1772739894249053855 PROBE_B_END program=low bvar=fsync
1772739894451926997 PROBE_B_START program=low bvar=fsync
1772739894501980799 PROBE_B_END program=low bvar=fsync
1772739894704932534 PROBE_B_START program=low bvar=fsync
1772739894753905238 PROBE_B_END program=low bvar=fsync
1772739894956751954 PROBE_B_START program=low bvar=fsync
1772739895003569002 PROBE_B_END program=low bvar=fsync
1772739895206301328 PROBE_B_START program=low bvar=fsync
1772739895257851006 PROBE_B_END program=low bvar=fsync
1772739895460658963 PROBE_B_START program=low bvar=fsync
1772739895507898660 PROBE_B_END program=low bvar=fsync
1772739895710802895 PROBE_B_START program=low bvar=fsync
1772739895761253642 PROBE_B_END program=low bvar=fsync
1772739895964004691 PROBE_B_START program=low bvar=fsync
1772739896011633760 PROBE_B_END program=low bvar=fsync
1772739896214435198 PROBE_B_START program=low bvar=fsync
1772739896266386915 PROBE_B_END program=low bvar=fsync
1772739896469214520 PROBE_B_START program=low bvar=fsync
1772739896519086931 PROBE_B_END program=low bvar=fsync
1772739896721974185 PROBE_B_START program=low bvar=fsync
1772739896772279061 PROBE_B_END program=low bvar=fsync
1772739896975104407 PROBE_B_START program=low bvar=fsync
1772739897031241529 PROBE_B_END program=low bvar=fsync
1772739897233995226 PROBE_B_START program=low bvar=fsync
1772739897284164361 PROBE_B_END program=low bvar=fsync
1772739897487070911 PROBE_B_START program=low bvar=fsync
1772739897538624607 PROBE_B_END program=low bvar=fsync
1772739897741493823 PROBE_B_START program=low bvar=fsync
1772739897792903723 PROBE_B_END program=low bvar=fsync
1772739897995770105 PROBE_B_START program=low bvar=fsync
1772739898745915602 PROBE_B_END program=low bvar=fsync
1772739898948828170 PROBE_B_START program=low bvar=fsync
1772739899454375036 PROBE_B_END program=low bvar=fsync
1772739899657207696 PROBE_B_START program=low bvar=fsync
1772739899726031983 PROBE_B_END program=low bvar=fsync
1772739899928798605 PROBE_B_START program=low bvar=fsync
1772739899996293961 PROBE_B_END program=low bvar=fsync
1772739900199877883 PROBE_B_START program=low bvar=fsync
1772739900378977999 PROBE_B_END program=low bvar=fsync
1772739900581799641 PROBE_B_START program=low bvar=fsync
1772739900669382876 PROBE_B_END program=low bvar=fsync
1772739900872204999 PROBE_B_START program=low bvar=fsync
1772739900920386662 PROBE_B_END program=low bvar=fsync
1772739901123328471 PROBE_B_START program=low bvar=fsync
1772739901173927922 PROBE_B_END program=low bvar=fsync
1772739901376705785 PROBE_B_START program=low bvar=fsync
1772739901425259580 PROBE_B_END program=low bvar=fsync
1772739901628066629 PROBE_B_START program=low bvar=fsync
1772739901677966911 PROBE_B_END program=low bvar=fsync
1772739901880801422 PROBE_B_START program=low bvar=fsync
1772739901928660325 PROBE_B_END program=low bvar=fsync
1772739902131568041 PROBE_B_START program=low bvar=fsync
1772739902180057113 PROBE_B_END program=low bvar=fsync
1772739902382830273 PROBE_B_START program=low bvar=fsync
1772739902429131965 PROBE_B_END program=low bvar=fsync
1772739902631941681 PROBE_B_START program=low bvar=fsync
1772739902680605179 PROBE_B_END program=low bvar=fsync
1772739902883485747 PROBE_B_START program=low bvar=fsync
1772739902952055125 PROBE_B_END program=low bvar=fsync
1772739903154950655 PROBE_B_START program=low bvar=fsync
1772739903204856344 PROBE_B_END program=low bvar=fsync
1772739903407552836 PROBE_B_START program=low bvar=fsync
1772739903453093545 PROBE_B_END program=low bvar=fsync
1772739903655914223 PROBE_B_START program=low bvar=fsync
1772739903762305240 PROBE_B_END program=low bvar=fsync
1772739903965129084 PROBE_B_START program=low bvar=fsync
1772739904015671961 PROBE_B_END program=low bvar=fsync
1772739904218492954 PROBE_B_START program=low bvar=fsync
1772739904265942744 PROBE_B_END program=low bvar=fsync
1772739904468809348 PROBE_B_START program=low bvar=fsync
1772739904518922909 PROBE_B_END program=low bvar=fsync
1772739904721687920 PROBE_B_START program=low bvar=fsync
1772739904769851213 PROBE_B_END program=low bvar=fsync
1772739904972767687 PROBE_B_START program=low bvar=fsync
1772739905022928618 PROBE_B_END program=low bvar=fsync
1772739905225770592 PROBE_B_START program=low bvar=fsync
1772739905273877348 PROBE_B_END program=low bvar=fsync
1772739905476800230 PROBE_B_START program=low bvar=fsync
1772739905527095902 PROBE_B_END program=low bvar=fsync
1772739905729954636 PROBE_B_START program=low bvar=fsync
1772739905777559815 PROBE_B_END program=low bvar=fsync
1772739905980406030 PROBE_B_START program=low bvar=fsync
1772739906029582587 PROBE_B_END program=low bvar=fsync
1772739906232423190 PROBE_B_START program=low bvar=fsync
1772739906280095222 PROBE_B_END program=low bvar=fsync
1772739906482952566 PROBE_B_START program=low bvar=fsync
1772739906531991141 PROBE_B_END program=low bvar=fsync
1772739906734971986 PROBE_B_START program=low bvar=fsync
1772739906783835133 PROBE_B_END program=low bvar=fsync
1772739906986744404 PROBE_B_START program=low bvar=fsync
1772739907037627060 PROBE_B_END program=low bvar=fsync
1772739907240601016 PROBE_B_START program=low bvar=fsync
1772739907328231473 PROBE_B_END program=low bvar=fsync
1772739907531116336 PROBE_B_START program=low bvar=fsync
1772739907592322202 PROBE_B_END program=low bvar=fsync
1772739907795208861 PROBE_B_START program=low bvar=fsync
1772739907849729606 PROBE_B_END program=low bvar=fsync
1772739908052623451 PROBE_B_START program=low bvar=fsync
1772739908103177420 PROBE_B_END program=low bvar=fsync
1772739908306088024 PROBE_B_START program=low bvar=fsync
1772739908358447631 PROBE_B_END program=low bvar=fsync
1772739908561346845 PROBE_B_START program=low bvar=fsync
1772739908613981805 PROBE_B_END program=low bvar=fsync
1772739908816749519 PROBE_B_START program=low bvar=fsync
1772739909514163791 PROBE_B_END program=low bvar=fsync
1772739909717050839 PROBE_B_START program=low bvar=fsync
1772739909870322347 PROBE_B_END program=low bvar=fsync
1772739910073090265 PROBE_B_START program=low bvar=fsync
1772739910142817832 PROBE_B_END program=low bvar=fsync
1772739910345602565 PROBE_B_START program=low bvar=fsync
1772739910404528254 PROBE_B_END program=low bvar=fsync
1772739910607333728 PROBE_B_START program=low bvar=fsync
1772739910669447819 PROBE_B_END program=low bvar=fsync
1772739910872268515 PROBE_B_START program=low bvar=fsync
1772739910938957663 PROBE_B_END program=low bvar=fsync
1772739911141777691 PROBE_B_START program=low bvar=fsync
1772739911191242953 PROBE_B_END program=low bvar=fsync
1772739911394164963 PROBE_B_START program=low bvar=fsync
1772739911489743731 PROBE_B_END program=low bvar=fsync
1772739911692502704 PROBE_B_START program=low bvar=fsync
1772739911741561149 PROBE_B_END program=low bvar=fsync
1772739911944428863 PROBE_B_START program=low bvar=fsync
1772739911996855859 PROBE_B_END program=low bvar=fsync
1772739912199732684 PROBE_B_START program=low bvar=fsync
1772739912252777238 PROBE_B_END program=low bvar=fsync
1772739912455588396 PROBE_B_START program=low bvar=fsync
1772739912504755934 PROBE_B_END program=low bvar=fsync
1772739912707563888 PROBE_B_START program=low bvar=fsync
1772739912753808451 PROBE_B_END program=low bvar=fsync
1772739912956653035 PROBE_B_START program=low bvar=fsync
1772739913007585395 PROBE_B_END program=low bvar=fsync
1772739913210519720 PROBE_B_START program=low bvar=fsync
1772739913257278970 PROBE_B_END program=low bvar=fsync
1772739913460084814 PROBE_B_START program=low bvar=fsync
1772739913508474348 PROBE_B_END program=low bvar=fsync
1772739913711248062 PROBE_B_START program=low bvar=fsync
1772739913756453231 PROBE_B_END program=low bvar=fsync
1772739913959285000 PROBE_B_START program=low bvar=fsync
1772739914007880776 PROBE_B_END program=low bvar=fsync
1772739914210779972 PROBE_B_START program=low bvar=fsync
1772739914257590333 PROBE_B_END program=low bvar=fsync
1772739914460549103 PROBE_B_START program=low bvar=fsync
1772739914509169064 PROBE_B_END program=low bvar=fsync
1772739914711841184 PROBE_B_START program=low bvar=fsync
1772739914757678875 PROBE_B_END program=low bvar=fsync
1772739914960461218 PROBE_B_START program=low bvar=fsync
1772739915055933967 PROBE_B_END program=low bvar=fsync
1772739915258784569 PROBE_B_START program=low bvar=fsync
1772739915310894397 PROBE_B_END program=low bvar=fsync
1772739915513661221 PROBE_B_START program=low bvar=fsync
1772739915562547739 PROBE_B_END program=low bvar=fsync
1772739915765350582 PROBE_B_START program=low bvar=fsync
1772739915812052424 PROBE_B_END program=low bvar=fsync
1772739916014842452 PROBE_B_START program=low bvar=fsync
1772739916067672561 PROBE_B_END program=low bvar=fsync
1772739916270501811 PROBE_B_START program=low bvar=fsync
1772739916319792146 PROBE_B_END program=low bvar=fsync
1772739916522758952 PROBE_B_START program=low bvar=fsync
1772739916575680542 PROBE_B_END program=low bvar=fsync
1772739916778535867 PROBE_B_START program=low bvar=fsync
1772739916826989661 PROBE_B_END program=low bvar=fsync
1772739917029858837 PROBE_B_START program=low bvar=fsync
1772739917079557896 PROBE_B_END program=low bvar=fsync
1772739917282449424 PROBE_B_START program=low bvar=fsync
1772739917333745007 PROBE_B_END program=low bvar=fsync
1772739917536580776 PROBE_B_START program=low bvar=fsync
1772739918338828591 PROBE_B_END program=low bvar=fsync
1772739918541702323 PROBE_B_START program=low bvar=fsync
1772739919175761272 PROBE_B_END program=low bvar=fsync
1772739919378589411 PROBE_B_START program=low bvar=fsync
1772739919504064154 PROBE_B_END program=low bvar=fsync
1772739919706932608 PROBE_B_START program=low bvar=fsync
1772739919815255539 PROBE_B_END program=low bvar=fsync
1772739920018090530 PROBE_B_START program=low bvar=fsync
1772739920078908635 PROBE_B_END program=low bvar=fsync
1772739920282079775 PROBE_B_START program=low bvar=fsync
1772739920334973068 PROBE_B_END program=low bvar=fsync
1772739920537868726 PROBE_B_START program=low bvar=fsync
1772739920586502650 PROBE_B_END program=low bvar=fsync
1772739920789858717 PROBE_B_START program=low bvar=fsync
1772739920851330639 PROBE_B_END program=low bvar=fsync
1772739921054294519 PROBE_B_START program=low bvar=fsync
1772739921101493048 PROBE_B_END program=low bvar=fsync
1772739921304354446 PROBE_B_START program=low bvar=fsync
1772739921358158651 PROBE_B_END program=low bvar=fsync
1772739921561076198 PROBE_B_START program=low bvar=fsync
1772739921611644074 PROBE_B_END program=low bvar=fsync
1772739921814495713 PROBE_B_START program=low bvar=fsync
1772739921864253642 PROBE_B_END program=low bvar=fsync
1772739922067348337 PROBE_B_START program=low bvar=fsync
1772739922116345448 PROBE_B_END program=low bvar=fsync
1772739922319123308 PROBE_B_START program=low bvar=fsync
1772739922366014503 PROBE_B_END program=low bvar=fsync
1772739922568970290 PROBE_B_START program=low bvar=fsync
1772739922670712398 PROBE_B_END program=low bvar=fsync
1772739922873455406 PROBE_B_START program=low bvar=fsync
1772739922923867634 PROBE_B_END program=low bvar=fsync
1772739923126691958 PROBE_B_START program=low bvar=fsync
1772739923172662464 PROBE_B_END program=low bvar=fsync
1772739923375515861 PROBE_B_START program=low bvar=fsync
1772739923424027600 PROBE_B_END program=low bvar=fsync
1772739923626879886 PROBE_B_START program=low bvar=fsync
1772739923675500718 PROBE_B_END program=low bvar=fsync
1772739923878277689 PROBE_B_START program=low bvar=fsync
1772739923927816154 PROBE_B_END program=low bvar=fsync
1772739924130667922 PROBE_B_START program=low bvar=fsync
1772739924222174098 PROBE_B_END program=low bvar=fsync
1772739924424953329 PROBE_B_START program=low bvar=fsync
1772739924479112554 PROBE_B_END program=low bvar=fsync
1772739924681944673 PROBE_B_START program=low bvar=fsync
1772739924731004062 PROBE_B_END program=low bvar=fsync
1772739924933837534 PROBE_B_START program=low bvar=fsync
1772739924982143308 PROBE_B_END program=low bvar=fsync
1772739925185000835 PROBE_B_START program=low bvar=fsync
1772739925233529630 PROBE_B_END program=low bvar=fsync
1772739925436355823 PROBE_B_START program=low bvar=fsync
1772739925486016289 PROBE_B_END program=low bvar=fsync
1772739925688799371 PROBE_B_START program=low bvar=fsync
1772739925740339270 PROBE_B_END program=low bvar=fsync
1772739925943202908 PROBE_B_START program=low bvar=fsync
1772739925996901390 PROBE_B_END program=low bvar=fsync
1772739926199773732 PROBE_B_START program=low bvar=fsync
1772739926299869629 PROBE_B_END program=low bvar=fsync
1772739926502618674 PROBE_B_START program=low bvar=fsync
1772739926552263732 PROBE_B_END program=low bvar=fsync
1772739926755085814 PROBE_B_START program=low bvar=fsync
1772739926807126104 PROBE_B_END program=low bvar=fsync
1772739927009853131 PROBE_B_START program=low bvar=fsync
1772739927061089899 PROBE_B_END program=low bvar=fsync
1772739927263942481 PROBE_B_START program=low bvar=fsync
1772739927907546022 PROBE_B_END program=low bvar=fsync
1772739928110414605 PROBE_B_START program=low bvar=fsync
1772739928254492295 PROBE_B_END program=low bvar=fsync
1772739928457303673 PROBE_B_START program=low bvar=fsync
1772739928535344034 PROBE_B_END program=low bvar=fsync
1772739928738076005 PROBE_B_START program=low bvar=fsync
1772739928795639725 PROBE_B_END program=low bvar=fsync
1772739928998470844 PROBE_B_START program=low bvar=fsync
1772739929108413949 PROBE_B_END program=low bvar=fsync
1772739929311193401 PROBE_B_START program=low bvar=fsync
1772739929365840664 PROBE_B_END program=low bvar=fsync
1772739929568598950 PROBE_B_START program=low bvar=fsync
1772739929618115878 PROBE_B_END program=low bvar=fsync
1772739929821037367 PROBE_B_START program=low bvar=fsync
1772739929914616996 PROBE_B_END program=low bvar=fsync
1772739930117709376 PROBE_B_START program=low bvar=fsync
1772739930166565634 PROBE_B_END program=low bvar=fsync
1772739930369303086 PROBE_B_START program=low bvar=fsync
1772739930417943713 PROBE_B_END program=low bvar=fsync
1772739930620752666 PROBE_B_START program=low bvar=fsync
1772739930668841606 PROBE_B_END program=low bvar=fsync
1772739930871571539 PROBE_B_START program=low bvar=fsync
1772739930922447269 PROBE_B_END program=low bvar=fsync
1772739931125245665 PROBE_B_START program=low bvar=fsync
1772739931173978534 PROBE_B_END program=low bvar=fsync
1772739931376861616 PROBE_B_START program=low bvar=fsync
1772739931423320105 PROBE_B_END program=low bvar=fsync
1772739931626144409 PROBE_B_START program=low bvar=fsync
1772739931675710800 PROBE_B_END program=low bvar=fsync
1772739931878556400 PROBE_B_START program=low bvar=fsync
1772739931925242149 PROBE_B_END program=low bvar=fsync
1772739932128075083 PROBE_B_START program=low bvar=fsync
1772739932176504599 PROBE_B_END program=low bvar=fsync
1772739932379294032 PROBE_B_START program=low bvar=fsync
1772739932476335823 PROBE_B_END program=low bvar=fsync
1772739932679137386 PROBE_B_START program=low bvar=fsync
1772739932728172608 PROBE_B_END program=low bvar=fsync
1772739932930926449 PROBE_B_START program=low bvar=fsync
1772739932979731873 PROBE_B_END program=low bvar=fsync
1772739933182563585 PROBE_B_START program=low bvar=fsync
1772739933233093220 PROBE_B_END program=low bvar=fsync
1772739933435917339 PROBE_B_START program=low bvar=fsync
1772739933483485017 PROBE_B_END program=low bvar=fsync
1772739933686312803 PROBE_B_START program=low bvar=fsync
1772739933737246421 PROBE_B_END program=low bvar=fsync
1772739933940007447 PROBE_B_START program=low bvar=fsync
1772739933987332421 PROBE_B_END program=low bvar=fsync
1772739934190159336 PROBE_B_START program=low bvar=fsync
1772739934239493355 PROBE_B_END program=low bvar=fsync
1772739934442301788 PROBE_B_START program=low bvar=fsync
1772739934490770952 PROBE_B_END program=low bvar=fsync
1772739934693598978 PROBE_B_START program=low bvar=fsync
1772739934743195128 PROBE_B_END program=low bvar=fsync
1772739934945972746 PROBE_B_START program=low bvar=fsync
1772739934997312237 PROBE_B_END program=low bvar=fsync
1772739935200125614 PROBE_B_START program=low bvar=fsync
1772739935252497017 PROBE_B_END program=low bvar=fsync
1772739935455182079 PROBE_B_START program=low bvar=fsync
1772739935553048448 PROBE_B_END program=low bvar=fsync
1772739935756160475 PROBE_B_START program=low bvar=fsync
1772739935810230884 PROBE_B_END program=low bvar=fsync
1772739936013075836 PROBE_B_START program=low bvar=fsync
1772739936066984022 PROBE_B_END program=low bvar=fsync
1772739936269706584 PROBE_B_START program=low bvar=fsync
1772739936321711003 PROBE_B_END program=low bvar=fsync
1772739936524646030 PROBE_B_START program=low bvar=fsync
1772739937026792851 PROBE_B_END program=low bvar=fsync
1772739937229581432 PROBE_B_START program=low bvar=fsync
1772739937328577972 PROBE_B_END program=low bvar=fsync
1772739937531428794 PROBE_B_START program=low bvar=fsync
1772739937595769579 PROBE_B_END program=low bvar=fsync
1772739937798537382 PROBE_B_START program=low bvar=fsync
1772739937860456287 PROBE_B_END program=low bvar=fsync
1772739938063286757 PROBE_B_START program=low bvar=fsync
1772739938115996475 PROBE_B_END program=low bvar=fsync
1772739938318782945 PROBE_B_START program=low bvar=fsync
1772739938371307347 PROBE_B_END program=low bvar=fsync
1772739938574232355 PROBE_B_START program=low bvar=fsync
1772739938635239052 PROBE_B_END program=low bvar=fsync
1772739938837980781 PROBE_B_START program=low bvar=fsync
1772739938889139530 PROBE_B_END program=low bvar=fsync
1772739939091971444 PROBE_B_START program=low bvar=fsync
1772739939144045771 PROBE_B_END program=low bvar=fsync
1772739939346840852 PROBE_B_START program=low bvar=fsync
1772739939442893546 PROBE_B_END program=low bvar=fsync
1772739939645556052 PROBE_B_START program=low bvar=fsync
1772739939696763468 PROBE_B_END program=low bvar=fsync
1772739939899580363 PROBE_B_START program=low bvar=fsync
1772739939946840374 PROBE_B_END program=low bvar=fsync
1772739940149593362 PROBE_B_START program=low bvar=fsync
1772739940196612279 PROBE_B_END program=low bvar=fsync
1772739940399518841 PROBE_B_START program=low bvar=fsync
1772739940449192695 PROBE_B_END program=low bvar=fsync
1772739940652072406 PROBE_B_START program=low bvar=fsync
1772739940702791690 PROBE_B_END program=low bvar=fsync
1772739940905612067 PROBE_B_START program=low bvar=fsync
1772739940955607237 PROBE_B_END program=low bvar=fsync
1772739941158367891 PROBE_B_START program=low bvar=fsync
1772739941204932936 PROBE_B_END program=low bvar=fsync
1772739941407778702 PROBE_B_START program=low bvar=fsync
1772739941458575635 PROBE_B_END program=low bvar=fsync
1772739941661707939 PROBE_B_START program=low bvar=fsync
1772739941711118921 PROBE_B_END program=low bvar=fsync
1772739941914031447 PROBE_B_START program=low bvar=fsync
1772739941962267831 PROBE_B_END program=low bvar=fsync
1772739942165121431 PROBE_B_START program=low bvar=fsync
1772739942214802414 PROBE_B_END program=low bvar=fsync
1772739942417674736 PROBE_B_START program=low bvar=fsync
1772739942467116866 PROBE_B_END program=low bvar=fsync
1772739942669842669 PROBE_B_START program=low bvar=fsync
1772739942716519158 PROBE_B_END program=low bvar=fsync
1772739942919342016 PROBE_B_START program=low bvar=fsync
1772739942968820777 PROBE_B_END program=low bvar=fsync
1772739943171635857 PROBE_B_START program=low bvar=fsync
1772739943267252716 PROBE_B_END program=low bvar=fsync
1772739943470067945 PROBE_B_START program=low bvar=fsync
1772739943519348908 PROBE_B_END program=low bvar=fsync
1772739943722131970 PROBE_B_START program=low bvar=fsync
1772739943771252340 PROBE_B_END program=low bvar=fsync
1772739943974122013 PROBE_B_START program=low bvar=fsync
1772739944023344791 PROBE_B_END program=low bvar=fsync
1772739944226236353 PROBE_B_START program=low bvar=fsync
1772739944276034596 PROBE_B_END program=low bvar=fsync
1772739944478929232 PROBE_B_START program=low bvar=fsync
1772739944528798068 PROBE_B_END program=low bvar=fsync
1772739944731580037 PROBE_B_START program=low bvar=fsync
1772739944789939982 PROBE_B_END program=low bvar=fsync
1772739944992800952 PROBE_B_START program=low bvar=fsync
1772739945043062678 PROBE_B_END program=low bvar=fsync
1772739945245859925 PROBE_B_START program=low bvar=fsync
1772739945297921085 PROBE_B_END program=low bvar=fsync
1772739945500852628 PROBE_B_START program=low bvar=fsync
1772739945552724010 PROBE_B_END program=low bvar=fsync
1772739945755550608 PROBE_B_START program=low bvar=fsync
1772739945806850321 PROBE_B_END program=low bvar=fsync
1772739946009798550 PROBE_B_START program=low bvar=fsync
1772739946061934858 PROBE_B_END program=low bvar=fsync
1772739946264808179 PROBE_B_START program=low bvar=fsync
1772739946522719617 PROBE_B_END program=low bvar=fsync
1772739946725549419 PROBE_B_START program=low bvar=fsync
1772739946775076439 PROBE_B_END program=low bvar=fsync
1772739946977899371 PROBE_B_START program=low bvar=fsync
1772739947026167015 PROBE_B_END program=low bvar=fsync
1772739947229124799 PROBE_B_START program=low bvar=fsync
1772739947278306891 PROBE_B_END program=low bvar=fsync
1772739947481138508 PROBE_B_START program=low bvar=fsync
1772739947533101353 PROBE_B_END program=low bvar=fsync
1772739947735989063 PROBE_B_START program=low bvar=fsync
1772739947782817349 PROBE_B_END program=low bvar=fsync
1772739947985657040 PROBE_B_START program=low bvar=fsync
1772739948085569435 PROBE_B_END program=low bvar=fsync
1772739948288410459 PROBE_B_START program=low bvar=fsync
1772739948343935060 PROBE_B_END program=low bvar=fsync
1772739948546823621 PROBE_B_START program=low bvar=fsync
1772739948595146136 PROBE_B_END program=low bvar=fsync
1772739948797958697 PROBE_B_START program=low bvar=fsync
1772739948848866871 PROBE_B_END program=low bvar=fsync
1772739949051783710 PROBE_B_START program=low bvar=fsync
1772739949101888621 PROBE_B_END program=low bvar=fsync
1772739949304693886 PROBE_B_START program=low bvar=fsync
1772739949356809027 PROBE_B_END program=low bvar=fsync
1772739949559708682 PROBE_B_START program=low bvar=fsync
1772739949608815607 PROBE_B_END program=low bvar=fsync
1772739949812134985 PROBE_B_START program=low bvar=fsync
1772739949863322660 PROBE_B_END program=low bvar=fsync
1772739950066091295 PROBE_B_START program=low bvar=fsync
1772739950115012275 PROBE_B_END program=low bvar=fsync
1772739950318151356 PROBE_B_START program=low bvar=fsync
1772739950368690361 PROBE_B_END program=low bvar=fsync
1772739950571551867 PROBE_B_START program=low bvar=fsync
1772739950619062230 PROBE_B_END program=low bvar=fsync
1772739950822068810 PROBE_B_START program=low bvar=fsync
1772739950873155281 PROBE_B_END program=low bvar=fsync
1772739951076086120 PROBE_B_START program=low bvar=fsync
1772739951126425236 PROBE_B_END program=low bvar=fsync
1772739951329173185 PROBE_B_START program=low bvar=fsync
1772739951378674834 PROBE_B_END program=low bvar=fsync
1772739951581569007 PROBE_B_START program=low bvar=fsync
1772739951636254937 PROBE_B_END program=low bvar=fsync
1772739951839145202 PROBE_B_START program=low bvar=fsync
1772739951942798871 PROBE_B_END program=low bvar=fsync
1772739952145627821 PROBE_B_START program=low bvar=fsync
1772739952198405150 PROBE_B_END program=low bvar=fsync
1772739952401265822 PROBE_B_START program=low bvar=fsync
1772739952450018524 PROBE_B_END program=low bvar=fsync
1772739952652953474 PROBE_B_START program=low bvar=fsync
1772739952702111326 PROBE_B_END program=low bvar=fsync
1772739952904965609 PROBE_B_START program=low bvar=fsync
1772739952953071919 PROBE_B_END program=low bvar=fsync
1772739953156121036 PROBE_B_START program=low bvar=fsync
1772739953205595629 PROBE_B_END program=low bvar=fsync
1772739953408374338 PROBE_B_START program=low bvar=fsync
1772739953455476737 PROBE_B_END program=low bvar=fsync
1772739953658369335 PROBE_B_START program=low bvar=fsync
1772739953709040952 PROBE_B_END program=low bvar=fsync
1772739953911956902 PROBE_B_START program=low bvar=fsync
1772739954006477237 PROBE_B_END program=low bvar=fsync
1772739954209280557 PROBE_B_START program=low bvar=fsync
1772739954259949248 PROBE_B_END program=low bvar=fsync
1772739954462795623 PROBE_B_START program=low bvar=fsync
1772739954511333028 PROBE_B_END program=low bvar=fsync
1772739954714089347 PROBE_B_START program=low bvar=fsync
1772739954761413784 PROBE_B_END program=low bvar=fsync
1772739954964198400 PROBE_B_START program=low bvar=fsync
1772739955011700929 PROBE_B_END program=low bvar=fsync
1772739955214560731 PROBE_B_START program=low bvar=fsync
1772739955270009812 PROBE_B_END program=low bvar=fsync
1772739955472890687 PROBE_B_START program=low bvar=fsync
1772739955526317001 PROBE_B_END program=low bvar=fsync
1772739955729117506 PROBE_B_START program=low bvar=fsync
1772739955781376574 PROBE_B_END program=low bvar=fsync
1772739955984286153 PROBE_B_START program=low bvar=fsync
1772739956033196577 PROBE_B_END program=low bvar=fsync
1772739956235997971 PROBE_B_START program=low bvar=fsync
1772739956339683400 PROBE_B_END program=low bvar=fsync
1772739956542484960 PROBE_B_START program=low bvar=fsync
1772739956592067887 PROBE_B_END program=low bvar=fsync
1772739956795042781 PROBE_B_START program=low bvar=fsync
1772739956846728736 PROBE_B_END program=low bvar=fsync
1772739957049530500 PROBE_B_START program=low bvar=fsync
1772739957156026810 PROBE_B_END program=low bvar=fsync
1772739957358885352 PROBE_B_START program=low bvar=fsync
1772739957411122698 PROBE_B_END program=low bvar=fsync
1772739957613887758 PROBE_B_START program=low bvar=fsync
1772739958287057669 PROBE_B_END program=low bvar=fsync
1772739958489870618 PROBE_B_START program=low bvar=fsync
1772739958544799808 PROBE_B_END program=low bvar=fsync
1772739958747671127 PROBE_B_START program=low bvar=fsync
1772739958795240324 PROBE_B_END program=low bvar=fsync
1772739958997985884 PROBE_B_START program=low bvar=fsync
1772739959052444942 PROBE_B_END program=low bvar=fsync
1772739959255369206 PROBE_B_START program=low bvar=fsync
1772739959303436146 PROBE_B_END program=low bvar=fsync
1772739959506280595 PROBE_B_START program=low bvar=fsync
1772739959555624873 PROBE_B_END program=low bvar=fsync
1772739959758574063 PROBE_B_START program=low bvar=fsync
1772739959806531576 PROBE_B_END program=low bvar=fsync
1772739960009397451 PROBE_B_START program=low bvar=fsync
1772739960061082276 PROBE_B_END program=low bvar=fsync
1772739960264298300 PROBE_B_START program=low bvar=fsync
1772739960312140442 PROBE_B_END program=low bvar=fsync
1772739960515048743 PROBE_B_START program=low bvar=fsync
1772739960608049998 PROBE_B_END program=low bvar=fsync
1772739960811072207 PROBE_B_START program=low bvar=fsync
1772739960858838904 PROBE_B_END program=low bvar=fsync
1772739961061794631 PROBE_B_START program=low bvar=fsync
1772739961161198375 PROBE_B_END program=low bvar=fsync
1772739961363962379 PROBE_B_START program=low bvar=fsync
1772739961414502773 PROBE_B_END program=low bvar=fsync
1772739961617425611 PROBE_B_START program=low bvar=fsync
1772739961666687574 PROBE_B_END program=low bvar=fsync
1772739961869610764 PROBE_B_START program=low bvar=fsync
1772739961916489661 PROBE_B_END program=low bvar=fsync
1772739962120174577 PROBE_B_START program=low bvar=fsync
1772739962173549723 PROBE_B_END program=low bvar=fsync
1772739962376388098 PROBE_B_START program=low bvar=fsync
1772739962424099591 PROBE_B_END program=low bvar=fsync
1772739962626957299 PROBE_B_START program=low bvar=fsync
1772739962677851417 PROBE_B_END program=low bvar=fsync
1772739962880688847 PROBE_B_START program=low bvar=fsync
1772739962928877546 PROBE_B_END program=low bvar=fsync
1772739963131933736 PROBE_B_START program=low bvar=fsync
1772739963180462029 PROBE_B_END program=low bvar=fsync
1772739963383283478 PROBE_B_START program=low bvar=fsync
1772739963430977082 PROBE_B_END program=low bvar=fsync
1772739963633804827 PROBE_B_START program=low bvar=fsync
1772739963683497717 PROBE_B_END program=low bvar=fsync
1772739963886257906 PROBE_B_START program=low bvar=fsync
1772739963934289493 PROBE_B_END program=low bvar=fsync
1772739964137118238 PROBE_B_START program=low bvar=fsync
1772739964184185544 PROBE_B_END program=low bvar=fsync
1772739964386957251 PROBE_B_START program=low bvar=fsync
1772739964434873597 PROBE_B_END program=low bvar=fsync
1772739964637698768 PROBE_B_START program=low bvar=fsync
1772739964733092514 PROBE_B_END program=low bvar=fsync
1772739964935819684 PROBE_B_START program=low bvar=fsync
1772739964985918965 PROBE_B_END program=low bvar=fsync
1772739965188639783 PROBE_B_START program=low bvar=fsync
1772739965239156677 PROBE_B_END program=low bvar=fsync
1772739965441965236 PROBE_B_START program=low bvar=fsync
1772739965491091495 PROBE_B_END program=low bvar=fsync
1772739965694003332 PROBE_B_START program=low bvar=fsync
1772739965742706922 PROBE_B_END program=low bvar=fsync
1772739965945542722 PROBE_B_START program=low bvar=fsync
1772739965994297942 PROBE_B_END program=low bvar=fsync
1772739966197090501 PROBE_B_START program=low bvar=fsync
1772739966247440857 PROBE_B_END program=low bvar=fsync
1772739966450366269 PROBE_B_START program=low bvar=fsync
1772739966501302887 PROBE_B_END program=low bvar=fsync
1772739966704134409 PROBE_B_START program=low bvar=fsync
1772739966754380690 PROBE_B_END program=low bvar=fsync
1772739966957118842 PROBE_B_START program=low bvar=fsync
1772739967008622369 PROBE_B_END program=low bvar=fsync
1772739967211457429 PROBE_B_START program=low bvar=fsync
1772739967261340505 PROBE_B_END program=low bvar=fsync
1772739967464121620 PROBE_B_START program=low bvar=fsync
1772739967515640147 PROBE_B_END program=low bvar=fsync
1772739967718462280 PROBE_B_START program=low bvar=fsync
1772739967770264105 PROBE_B_END program=low bvar=fsync
1772739967973034961 PROBE_B_START program=low bvar=fsync
1772739968070759938 PROBE_B_END program=low bvar=fsync
1772739968273637664 PROBE_B_START program=low bvar=fsync
1772739968886851806 PROBE_B_END program=low bvar=fsync
1772739969089734550 PROBE_B_START program=low bvar=fsync
1772739969239180093 PROBE_B_END program=low bvar=fsync
1772739969442013448 PROBE_B_START program=low bvar=fsync
1772739969519325711 PROBE_B_END program=low bvar=fsync
1772739969722104141 PROBE_B_START program=low bvar=fsync
1772739969780041917 PROBE_B_END program=low bvar=fsync
1772739969982835124 PROBE_B_START program=low bvar=fsync
1772739970041944960 PROBE_B_END program=low bvar=fsync
1772739970244891279 PROBE_B_START program=low bvar=fsync
1772739970294874226 PROBE_B_END program=low bvar=fsync
1772739970497636988 PROBE_B_START program=low bvar=fsync
1772739970548575328 PROBE_B_END program=low bvar=fsync
1772739970751482110 PROBE_B_START program=low bvar=fsync
1772739971468816421 PROBE_B_END program=low bvar=fsync
1772739971671726109 PROBE_B_START program=low bvar=fsync
1772739972602334151 PROBE_B_END program=low bvar=fsync
1772739972805126321 PROBE_B_START program=low bvar=fsync
1772739972934241724 PROBE_B_END program=low bvar=fsync
1772739973137134394 PROBE_B_START program=low bvar=fsync
1772739973195143652 PROBE_B_END program=low bvar=fsync
1772739973398024285 PROBE_B_START program=low bvar=fsync
1772739973454068942 PROBE_B_END program=low bvar=fsync
1772739973656981760 PROBE_B_START program=low bvar=fsync
1772739973715745428 PROBE_B_END program=low bvar=fsync
1772739973918604580 PROBE_B_START program=low bvar=fsync
1772739974025537354 PROBE_B_END program=low bvar=fsync
1772739974228321098 PROBE_B_START program=low bvar=fsync
1772739974280779536 PROBE_B_END program=low bvar=fsync
1772739974483538039 PROBE_B_START program=low bvar=fsync
1772739974531326495 PROBE_B_END program=low bvar=fsync
1772739974734153980 PROBE_B_START program=low bvar=fsync
1772739974783305757 PROBE_B_END program=low bvar=fsync
1772739974986048981 PROBE_B_START program=low bvar=fsync
1772739975033718122 PROBE_B_END program=low bvar=fsync
1772739975236599107 PROBE_B_START program=low bvar=fsync
1772739975285367141 PROBE_B_END program=low bvar=fsync
1772739975488087403 PROBE_B_START program=low bvar=fsync
1772739975536530640 PROBE_B_END program=low bvar=fsync
1772739975739418976 PROBE_B_START program=low bvar=fsync
1772739975787930658 PROBE_B_END program=low bvar=fsync
1772739975990688346 PROBE_B_START program=low bvar=fsync
1772739976041382073 PROBE_B_END program=low bvar=fsync
1772739976244267428 PROBE_B_START program=low bvar=fsync
1772739976295950863 PROBE_B_END program=low bvar=fsync
1772739976498706162 PROBE_B_START program=low bvar=fsync
1772739976549689539 PROBE_B_END program=low bvar=fsync
1772739976752623542 PROBE_B_START program=low bvar=fsync
1772739976850602705 PROBE_B_END program=low bvar=fsync
1772739977053379560 PROBE_B_START program=low bvar=fsync
1772739977104485085 PROBE_B_END program=low bvar=fsync
1772739977307413459 PROBE_B_START program=low bvar=fsync
1772739977407497797 PROBE_B_END program=low bvar=fsync
1772739977612073270 PROBE_B_START program=low bvar=fsync
1772739977665339971 PROBE_B_END program=low bvar=fsync
1772739977868081381 PROBE_B_START program=low bvar=fsync
1772739978240129563 PROBE_B_END program=low bvar=fsync
1772739978442917472 PROBE_B_START program=low bvar=fsync
1772739978491182931 PROBE_B_END program=low bvar=fsync
1772739978693961303 PROBE_B_START program=low bvar=fsync
1772739978742589207 PROBE_B_END program=low bvar=fsync
1772739978945349450 PROBE_B_START program=low bvar=fsync
1772739978993053240 PROBE_B_END program=low bvar=fsync
1772739979195868853 PROBE_B_START program=low bvar=fsync
1772739979245410020 PROBE_B_END program=low bvar=fsync
1772739979448159449 PROBE_B_START program=low bvar=fsync
1772739979495432069 PROBE_B_END program=low bvar=fsync
1772739979698205460 PROBE_B_START program=low bvar=fsync
1772739979747364496 PROBE_B_END program=low bvar=fsync
1772739979950240795 PROBE_B_START program=low bvar=fsync
1772739979998602995 PROBE_B_END program=low bvar=fsync
1772739980201506757 PROBE_B_START program=low bvar=fsync
1772739980251758038 PROBE_B_END program=low bvar=fsync
1772739980454663726 PROBE_B_START program=low bvar=fsync
1772739980503192407 PROBE_B_END program=low bvar=fsync
1772739980706081095 PROBE_B_START program=low bvar=fsync
1772739980753873236 PROBE_B_END program=low bvar=fsync
1772739980956781609 PROBE_B_START program=low bvar=fsync
1772739981058985271 PROBE_B_END program=low bvar=fsync
1772739981261876015 PROBE_B_START program=low bvar=fsync
1772739981310576234 PROBE_B_END program=low bvar=fsync
1772739981513342717 PROBE_B_START program=low bvar=fsync
1772739981562670902 PROBE_B_END program=low bvar=fsync
1772739981765654035 PROBE_B_START program=low bvar=fsync
1772739981813992771 PROBE_B_END program=low bvar=fsync
1772739982016679532 PROBE_B_START program=low bvar=fsync
1772739982068041003 PROBE_B_END program=low bvar=fsync
1772739982270882986 PROBE_B_START program=low bvar=fsync
1772739982318780369 PROBE_B_END program=low bvar=fsync
1772739982521617001 PROBE_B_START program=low bvar=fsync
1772739982570387202 PROBE_B_END program=low bvar=fsync
1772739982776173346 PROBE_B_START program=low bvar=fsync
1772739982824222803 PROBE_B_END program=low bvar=fsync
1772739983027105509 PROBE_B_START program=low bvar=fsync
1772739983075760728 PROBE_B_END program=low bvar=fsync
1772739983278631860 PROBE_B_START program=low bvar=fsync
1772739983329080586 PROBE_B_END program=low bvar=fsync
1772739983531997718 PROBE_B_START program=low bvar=fsync
1772739983580448918 PROBE_B_END program=low bvar=fsync
1772739983783722051 PROBE_B_START program=low bvar=fsync
1772739983831949713 PROBE_B_END program=low bvar=fsync
1772739984034783956 PROBE_B_START program=low bvar=fsync
1772739984082586190 PROBE_B_END program=low bvar=fsync
1772739984285459007 PROBE_B_START program=low bvar=fsync
1772739984334804006 PROBE_B_END program=low bvar=fsync
1772739984537926713 PROBE_B_START program=low bvar=fsync
1772739984637071436 PROBE_B_END program=low bvar=fsync
1772739984840390774 PROBE_B_START program=low bvar=fsync
1772739984889166845 PROBE_B_END program=low bvar=fsync
1772739985091922995 PROBE_B_START program=low bvar=fsync
1772739985138207667 PROBE_B_END program=low bvar=fsync
1772739985341145151 PROBE_B_START program=low bvar=fsync
1772739985389561221 PROBE_B_END program=low bvar=fsync
1772739985592348630 PROBE_B_START program=low bvar=fsync
1772739985641461962 PROBE_B_END program=low bvar=fsync
1772739985844560965 PROBE_B_START program=low bvar=fsync
1772739985894481041 PROBE_B_END program=low bvar=fsync
1772739986097323802 PROBE_B_START program=low bvar=fsync
1772739986146089058 PROBE_B_END program=low bvar=fsync
1772739986349040801 PROBE_B_START program=low bvar=fsync
1772739986403751952 PROBE_B_END program=low bvar=fsync
1772739986606572565 PROBE_B_START program=low bvar=fsync
1772739986654599245 PROBE_B_END program=low bvar=fsync
1772739986857490895 PROBE_B_START program=low bvar=fsync
1772739986905583611 PROBE_B_END program=low bvar=fsync
1772739987108511558 PROBE_B_START program=low bvar=fsync
1772739987156017087 PROBE_B_END program=low bvar=fsync
1772739987358869459 PROBE_B_START program=low bvar=fsync
1772739987410206726 PROBE_B_END program=low bvar=fsync
1772739987612988246 PROBE_B_START program=low bvar=fsync
1772739987662358209 PROBE_B_END program=low bvar=fsync
1772739987865253303 PROBE_B_START program=low bvar=fsync
1772739987968943471 PROBE_B_END program=low bvar=fsync
1772739988171797750 PROBE_B_START program=low bvar=fsync
1772739988221643678 PROBE_B_END program=low bvar=fsync
1772739988424548754 PROBE_B_START program=low bvar=fsync
1772739988476197577 PROBE_B_END program=low bvar=fsync
1772739988679122302 PROBE_B_START program=low bvar=fsync
1772739988730912145 PROBE_B_END program=low bvar=fsync
1772739988933689961 PROBE_B_START program=low bvar=fsync
1772739988986780661 PROBE_B_END program=low bvar=fsync
1772739989189673403 PROBE_B_START program=low bvar=fsync
1772739989946990613 PROBE_B_END program=low bvar=fsync
1772739990149913022 PROBE_B_START program=low bvar=fsync
1772739991248054949 PROBE_B_END program=low bvar=fsync
1772739991450952951 PROBE_B_START program=low bvar=fsync
1772739994286457247 PROBE_B_END program=low bvar=fsync
1772739994489287563 PROBE_B_START program=low bvar=fsync
1772739994539266324 PROBE_B_END program=low bvar=fsync
1772739994742118585 PROBE_B_START program=low bvar=fsync
1772739994797398979 PROBE_B_END program=low bvar=fsync
1772739995000333795 PROBE_B_START program=low bvar=fsync
1772739995050980467 PROBE_B_END program=low bvar=fsync
1772739995253618282 PROBE_B_START program=low bvar=fsync
1772739995364873350 PROBE_B_END program=low bvar=fsync
1772739995567811352 PROBE_B_START program=low bvar=fsync
1772739995638675051 PROBE_B_END program=low bvar=fsync
1772739995841569589 PROBE_B_START program=low bvar=fsync
1772739995914742019 PROBE_B_END program=low bvar=fsync
1772739996117572206 PROBE_B_START program=low bvar=fsync
1772739996189499409 PROBE_B_END program=low bvar=fsync
1772739996392456318 PROBE_B_START program=low bvar=fsync
1772739996471267327 PROBE_B_END program=low bvar=fsync
1772739996674055494 PROBE_B_START program=low bvar=fsync
1772739996772890605 PROBE_B_END program=low bvar=fsync
1772739996975814847 PROBE_B_START program=low bvar=fsync
1772739997144495133 PROBE_B_END program=low bvar=fsync
1772739997347214837 PROBE_B_START program=low bvar=fsync
1772739997464741765 PROBE_B_END program=low bvar=fsync
1772739997667562302 PROBE_B_START program=low bvar=fsync
1772739997716407337 PROBE_B_END program=low bvar=fsync
1772739997919313282 PROBE_B_START program=low bvar=fsync
1772739997966108067 PROBE_B_END program=low bvar=fsync
1772739998169008513 PROBE_B_START program=low bvar=fsync
1772739998216854061 PROBE_B_END program=low bvar=fsync
1772739998419708432 PROBE_B_START program=low bvar=fsync
1772739998468763005 PROBE_B_END program=low bvar=fsync
1772739998671663302 PROBE_B_START program=low bvar=fsync
1772739998718408679 PROBE_B_END program=low bvar=fsync
1772739998921248921 PROBE_B_START program=low bvar=fsync
1772739998969794472 PROBE_B_END program=low bvar=fsync
1772739999172684640 PROBE_B_START program=low bvar=fsync
1772739999220370169 PROBE_B_END program=low bvar=fsync
1772739999423176281 PROBE_B_START program=low bvar=fsync
1772739999534957259 PROBE_B_END program=low bvar=fsync
1772739999737801722 PROBE_B_START program=low bvar=fsync
1772739999785919920 PROBE_B_END program=low bvar=fsync
1772739999988812051 PROBE_B_START program=low bvar=fsync
1772740000037634752 PROBE_B_END program=low bvar=fsync
1772740000240485122 PROBE_B_START program=low bvar=fsync
1772740000288455542 PROBE_B_END program=low bvar=fsync
1772740000491411636 PROBE_B_START program=low bvar=fsync
1772740000543723906 PROBE_B_END program=low bvar=fsync
1772740000746608240 PROBE_B_START program=low bvar=fsync
1772740000796253500 PROBE_B_END program=low bvar=fsync
1772740000999151964 PROBE_B_START program=low bvar=fsync
1772740001050950528 PROBE_B_END program=low bvar=fsync
1772740001253764455 PROBE_B_START program=low bvar=fsync
1772740001306359838 PROBE_B_END program=low bvar=fsync
1772740001509085782 PROBE_B_START program=low bvar=fsync
1772740001605253751 PROBE_B_END program=low bvar=fsync
1772740001808096956 PROBE_B_START program=low bvar=fsync
1772740001860291837 PROBE_B_END program=low bvar=fsync
1772740002063083022 PROBE_B_START program=low bvar=fsync
1772740002161007314 PROBE_B_END program=low bvar=fsync
1772740002364541446 PROBE_B_START program=low bvar=fsync
1772740002418650891 PROBE_B_END program=low bvar=fsync
1772740002621595170 PROBE_B_START program=low bvar=fsync
1772740003477806522 PROBE_B_END program=low bvar=fsync
1772740003680746912 PROBE_B_START program=low bvar=fsync
1772740003894245752 PROBE_B_END program=low bvar=fsync
1772740004097203419 PROBE_B_START program=low bvar=fsync
1772740004145021875 PROBE_B_END program=low bvar=fsync
1772740004347972487 PROBE_B_START program=low bvar=fsync
1772740004418712296 PROBE_B_END program=low bvar=fsync
1772740004621533944 PROBE_B_START program=low bvar=fsync
1772740004669207677 PROBE_B_END program=low bvar=fsync
1772740004872087289 PROBE_B_START program=low bvar=fsync
1772740004961991158 PROBE_B_END program=low bvar=fsync
1772740005164847195 PROBE_B_START program=low bvar=fsync
1772740005222280228 PROBE_B_END program=low bvar=fsync
1772740005425116080 PROBE_B_START program=low bvar=fsync
1772740005473750316 PROBE_B_END program=low bvar=fsync
1772740005676652095 PROBE_B_START program=low bvar=fsync
1772740005725678463 PROBE_B_END program=low bvar=fsync
1772740005928706297 PROBE_B_START program=low bvar=fsync
1772740005979110634 PROBE_B_END program=low bvar=fsync
1772740006181963152 PROBE_B_START program=low bvar=fsync
1772740006231332022 PROBE_B_END program=low bvar=fsync
1772740006434187355 PROBE_B_START program=low bvar=fsync
1772740006483733762 PROBE_B_END program=low bvar=fsync
1772740006686667707 PROBE_B_START program=low bvar=fsync
1772740006736116114 PROBE_B_END program=low bvar=fsync
1772740006939056707 PROBE_B_START program=low bvar=fsync
1772740006990166936 PROBE_B_END program=low bvar=fsync
1772740007193070677 PROBE_B_START program=low bvar=fsync
1772740007242125063 PROBE_B_END program=low bvar=fsync
1772740007445026471 PROBE_B_START program=low bvar=fsync
1772740007543038448 PROBE_B_END program=low bvar=fsync
1772740007745967577 PROBE_B_START program=low bvar=fsync
1772740007794169979 PROBE_B_END program=low bvar=fsync
1772740007996975275 PROBE_B_START program=low bvar=fsync
1772740008048960748 PROBE_B_END program=low bvar=fsync
1772740008251893193 PROBE_B_START program=low bvar=fsync
1772740008300562411 PROBE_B_END program=low bvar=fsync
1772740008503400374 PROBE_B_START program=low bvar=fsync
1772740008555508051 PROBE_B_END program=low bvar=fsync
1772740008758526940 PROBE_B_START program=low bvar=fsync
1772740008806143914 PROBE_B_END program=low bvar=fsync
1772740009008973802 PROBE_B_START program=low bvar=fsync
1772740009059340806 PROBE_B_END program=low bvar=fsync
1772740009262211250 PROBE_B_START program=low bvar=fsync
1772740009308703052 PROBE_B_END program=low bvar=fsync
1772740009511565885 PROBE_B_START program=low bvar=fsync
1772740009560133418 PROBE_B_END program=low bvar=fsync
1772740009762957010 PROBE_B_START program=low bvar=fsync
1772740009808837865 PROBE_B_END program=low bvar=fsync
1772740010011674402 PROBE_B_START program=low bvar=fsync
1772740010062176072 PROBE_B_END program=low bvar=fsync
1772740010265015572 PROBE_B_START program=low bvar=fsync
1772740010313096844 PROBE_B_END program=low bvar=fsync
1772740010515989640 PROBE_B_START program=low bvar=fsync
1772740010564432265 PROBE_B_END program=low bvar=fsync
1772740010767307524 PROBE_B_START program=low bvar=fsync
1772740010812959433 PROBE_B_END program=low bvar=fsync
1772740011015862026 PROBE_B_START program=low bvar=fsync
1772740011066884143 PROBE_B_END program=low bvar=fsync
1772740011269798161 PROBE_B_START program=low bvar=fsync
1772740011320420499 PROBE_B_END program=low bvar=fsync
1772740011523334517 PROBE_B_START program=low bvar=fsync
1772740011572659701 PROBE_B_END program=low bvar=fsync
1772740011775532479 PROBE_B_START program=low bvar=fsync
1772740011871429613 PROBE_B_END program=low bvar=fsync
1772740012074252835 PROBE_B_START program=low bvar=fsync
1772740012125401119 PROBE_B_END program=low bvar=fsync
1772740012328303452 PROBE_B_START program=low bvar=fsync
1772740012381948783 PROBE_B_END program=low bvar=fsync
1772740012584731542 PROBE_B_START program=low bvar=fsync
1772740012633950299 PROBE_B_END program=low bvar=fsync
1772740012836742558 PROBE_B_START program=low bvar=fsync
1772740012889101884 PROBE_B_END program=low bvar=fsync
1772740013091912198 PROBE_B_START program=low bvar=fsync
1772740013143018056 PROBE_B_END program=low bvar=fsync
1772740013345870482 PROBE_B_START program=low bvar=fsync
1772740013397845417 PROBE_B_END program=low bvar=fsync
1772740013600679361 PROBE_B_START program=low bvar=fsync
1772740013654691694 PROBE_B_END program=low bvar=fsync
1772740013857452434 PROBE_B_START program=low bvar=fsync
1772740014103193424 PROBE_B_END program=low bvar=fsync
1772740014306013516 PROBE_B_START program=low bvar=fsync
1772740014355500849 PROBE_B_END program=low bvar=fsync
1772740014558397830 PROBE_B_START program=low bvar=fsync
1772740014608819000 PROBE_B_END program=low bvar=fsync
1772740014811606480 PROBE_B_START program=low bvar=fsync
1772740014862851950 PROBE_B_END program=low bvar=fsync
1772740015065654134 PROBE_B_START program=low bvar=fsync
1772740015112765846 PROBE_B_END program=low bvar=fsync
1772740015315561271 PROBE_B_START program=low bvar=fsync
1772740015366858426 PROBE_B_END program=low bvar=fsync
1772740015569763277 PROBE_B_START program=low bvar=fsync
1772740015617087694 PROBE_B_END program=low bvar=fsync
1772740015819969656 PROBE_B_START program=low bvar=fsync
1772740015870511252 PROBE_B_END program=low bvar=fsync
1772740016073363381 PROBE_B_START program=low bvar=fsync
1772740016123475383 PROBE_B_END program=low bvar=fsync
1772740016326340531 PROBE_B_START program=low bvar=fsync
1772740016423919339 PROBE_B_END program=low bvar=fsync
1772740016626772412 PROBE_B_START program=low bvar=fsync
1772740016674477071 PROBE_B_END program=low bvar=fsync
1772740016877219754 PROBE_B_START program=low bvar=fsync
1772740016929528321 PROBE_B_END program=low bvar=fsync
1772740017132199486 PROBE_B_START program=low bvar=fsync
1772740017183522771 PROBE_B_END program=low bvar=fsync
1772740017386375029 PROBE_B_START program=low bvar=fsync
1772740017435631805 PROBE_B_END program=low bvar=fsync
1772740017638642138 PROBE_B_START program=low bvar=fsync
1772740017736929190 PROBE_B_END program=low bvar=fsync
1772740017939794615 PROBE_B_START program=low bvar=fsync
1772740017991489994 PROBE_B_END program=low bvar=fsync
1772740018194358900 PROBE_B_START program=low bvar=fsync
1772740018243449380 PROBE_B_END program=low bvar=fsync
1772740018446393638 PROBE_B_START program=low bvar=fsync
1772740018498106591 PROBE_B_END program=low bvar=fsync
1772740018701016757 PROBE_B_START program=low bvar=fsync
1772740018748284062 PROBE_B_END program=low bvar=fsync
1772740018951162135 PROBE_B_START program=low bvar=fsync
1772740019002746477 PROBE_B_END program=low bvar=fsync
1772740019205569253 PROBE_B_START program=low bvar=fsync
1772740019252721298 PROBE_B_END program=low bvar=fsync
1772740019455510779 PROBE_B_START program=low bvar=fsync
1772740019503386494 PROBE_B_END program=low bvar=fsync
1772740019706184474 PROBE_B_START program=low bvar=fsync
1772740019755245860 PROBE_B_END program=low bvar=fsync
1772740019958151470 PROBE_B_START program=low bvar=fsync
1772740020006107075 PROBE_B_END program=low bvar=fsync
1772740020208971499 PROBE_B_START program=low bvar=fsync
1772740020257583125 PROBE_B_END program=low bvar=fsync
1772740020460591569 PROBE_B_START program=low bvar=fsync
1772740020509115638 PROBE_B_END program=low bvar=fsync
1772740020711883581 PROBE_B_START program=low bvar=fsync
1772740020758422976 PROBE_B_END program=low bvar=fsync
1772740020961556568 PROBE_B_START program=low bvar=fsync
1772740021062943318 PROBE_B_END program=low bvar=fsync
1772740021265761964 PROBE_B_START program=low bvar=fsync
1772740021316474580 PROBE_B_END program=low bvar=fsync
1772740021519290227 PROBE_B_START program=low bvar=fsync
1772740021566856829 PROBE_B_END program=low bvar=fsync
1772740021769725235 PROBE_B_START program=low bvar=fsync
1772740021821502170 PROBE_B_END program=low bvar=fsync
1772740022024218705 PROBE_B_START program=low bvar=fsync
1772740022128979968 PROBE_B_END program=low bvar=fsync
1772740022331805467 PROBE_B_START program=low bvar=fsync
1772740022381668042 PROBE_B_END program=low bvar=fsync
1772740022584418299 PROBE_B_START program=low bvar=fsync
1772740022634960266 PROBE_B_END program=low bvar=fsync
1772740022837736894 PROBE_B_START program=low bvar=fsync
1772740022889723403 PROBE_B_END program=low bvar=fsync
1772740023092424512 PROBE_B_START program=low bvar=fsync
1772740023143137572 PROBE_B_END program=low bvar=fsync
1772740023345965571 PROBE_B_START program=low bvar=fsync
1772740023397368837 PROBE_B_END program=low bvar=fsync
1772740023600250891 PROBE_B_START program=low bvar=fsync
1772740023652336235 PROBE_B_END program=low bvar=fsync
1772740023855153011 PROBE_B_START program=low bvar=fsync
1772740023908565508 PROBE_B_END program=low bvar=fsync
1772740024111378562 PROBE_B_START program=low bvar=fsync
1772740024163890518 PROBE_B_END program=low bvar=fsync
1772740024366727127 PROBE_B_START program=low bvar=fsync
1772740024726601473 PROBE_B_END program=low bvar=fsync
1772740024929447342 PROBE_B_START program=low bvar=fsync
1772740025065471474 PROBE_B_END program=low bvar=fsync
1772740025268378676 PROBE_B_START program=low bvar=fsync
1772740025338649298 PROBE_B_END program=low bvar=fsync
1772740025541547797 PROBE_B_START program=low bvar=fsync
1772740025590092755 PROBE_B_END program=low bvar=fsync
1772740025792904901 PROBE_B_START program=low bvar=fsync
1772740025839750205 PROBE_B_END program=low bvar=fsync
1772740026042642592 PROBE_B_START program=low bvar=fsync
1772740026115170426 PROBE_B_END program=low bvar=fsync
1772740026318172925 PROBE_B_START program=low bvar=fsync
1772740026365418397 PROBE_B_END program=low bvar=fsync
1772740026568257432 PROBE_B_START program=low bvar=fsync
1772740026639520335 PROBE_B_END program=low bvar=fsync
1772740026842378000 PROBE_B_START program=low bvar=fsync
1772740026890023659 PROBE_B_END program=low bvar=fsync
1772740027092968213 PROBE_B_START program=low bvar=fsync
1772740027163910467 PROBE_B_END program=low bvar=fsync
1772740027366829113 PROBE_B_START program=low bvar=fsync
1772740027416083519 PROBE_B_END program=low bvar=fsync
1772740027619023832 PROBE_B_START program=low bvar=fsync
1772740027688291709 PROBE_B_END program=low bvar=fsync
1772740027891033707 PROBE_B_START program=low bvar=fsync
1772740027998666018 PROBE_B_END program=low bvar=fsync
1772740028201555758 PROBE_B_START program=low bvar=fsync
1772740028252756893 PROBE_B_END program=low bvar=fsync
1772740028455576836 PROBE_B_START program=low bvar=fsync
1772740028513990705 PROBE_B_END program=low bvar=fsync
1772740028716874259 PROBE_B_START program=low bvar=fsync
1772740028817400800 PROBE_B_END program=low bvar=fsync
1772740029020220873 PROBE_B_START program=low bvar=fsync
1772740029069768724 PROBE_B_END program=low bvar=fsync
1772740029272482832 PROBE_B_START program=low bvar=fsync
1772740029321537756 PROBE_B_END program=low bvar=fsync
1772740029524347661 PROBE_B_START program=low bvar=fsync
1772740029620710538 PROBE_B_END program=low bvar=fsync
1772740029823554443 PROBE_B_START program=low bvar=fsync
1772740029873862871 PROBE_B_END program=low bvar=fsync
1772740030076717629 PROBE_B_START program=low bvar=fsync
1772740030129745031 PROBE_B_END program=low bvar=fsync
1772740030332627141 PROBE_B_START program=low bvar=fsync
1772740030384515798 PROBE_B_END program=low bvar=fsync
1772740030587348777 PROBE_B_START program=low bvar=fsync
1772740030634113098 PROBE_B_END program=low bvar=fsync
1772740030836963448 PROBE_B_START program=low bvar=fsync
1772740030888115806 PROBE_B_END program=low bvar=fsync
1772740031090959119 PROBE_B_START program=low bvar=fsync
1772740031144535246 PROBE_B_END program=low bvar=fsync
1772740031347413429 PROBE_B_START program=low bvar=fsync
1772740031399343327 PROBE_B_END program=low bvar=fsync
1772740031602493752 PROBE_B_START program=low bvar=fsync
1772740031650343004 PROBE_B_END program=low bvar=fsync
1772740031853256520 PROBE_B_START program=low bvar=fsync
1772740031903545486 PROBE_B_END program=low bvar=fsync
1772740032106390539 PROBE_B_START program=low bvar=fsync
1772740032154816571 PROBE_B_END program=low bvar=fsync
1772740032357624865 PROBE_B_START program=low bvar=fsync
1772740032406573806 PROBE_B_END program=low bvar=fsync
1772740032609486230 PROBE_B_START program=low bvar=fsync
1772740032661419091 PROBE_B_END program=low bvar=fsync
1772740032864325441 PROBE_B_START program=low bvar=fsync
1772740032914485961 PROBE_B_END program=low bvar=fsync
1772740033117497182 PROBE_B_START program=low bvar=fsync
1772740033167896018 PROBE_B_END program=low bvar=fsync
1772740033370835016 PROBE_B_START program=low bvar=fsync
1772740033420882684 PROBE_B_END program=low bvar=fsync
1772740033623739349 PROBE_B_START program=low bvar=fsync
1772740033725331617 PROBE_B_END program=low bvar=fsync
1772740033928164059 PROBE_B_START program=low bvar=fsync
1772740033980849979 PROBE_B_END program=low bvar=fsync
1772740034183750069 PROBE_B_START program=low bvar=fsync
1772740034239214093 PROBE_B_END program=low bvar=fsync
1772740034442211221 PROBE_B_START program=low bvar=fsync
1772740034493827858 PROBE_B_END program=low bvar=fsync
1772740034696654800 PROBE_B_START program=low bvar=fsync
1772740034750063815 PROBE_B_END program=low bvar=fsync
1772740034953031813 PROBE_B_START program=low bvar=fsync
1772740035005938882 PROBE_B_END program=low bvar=fsync
1772740035208907732 PROBE_B_START program=low bvar=fsync
1772740035455084796 PROBE_B_END program=low bvar=fsync
1772740035657973145 PROBE_B_START program=low bvar=fsync
1772740035712877296 PROBE_B_END program=low bvar=fsync
1772740035915689257 PROBE_B_START program=low bvar=fsync
1772740035963527693 PROBE_B_END program=low bvar=fsync
1772740036166397117 PROBE_B_START program=low bvar=fsync
1772740036218394348 PROBE_B_END program=low bvar=fsync
1772740036421244809 PROBE_B_START program=low bvar=fsync
1772740036470905401 PROBE_B_END program=low bvar=fsync
1772740036673785714 PROBE_B_START program=low bvar=fsync
1772740036726774116 PROBE_B_END program=low bvar=fsync
1772740036929570706 PROBE_B_START program=low bvar=fsync
1772740036981645734 PROBE_B_END program=low bvar=fsync
1772740037184529231 PROBE_B_START program=low bvar=fsync
1772740037237605467 PROBE_B_END program=low bvar=fsync
1772740037440867559 PROBE_B_START program=low bvar=fsync
1772740037491673156 PROBE_B_END program=low bvar=fsync
1772740037694545061 PROBE_B_START program=low bvar=fsync
1772740037800924886 PROBE_B_END program=low bvar=fsync
1772740038003759438 PROBE_B_START program=low bvar=fsync
1772740038054212145 PROBE_B_END program=low bvar=fsync
1772740038257077531 PROBE_B_START program=low bvar=fsync
1772740038306756624 PROBE_B_END program=low bvar=fsync
1772740038509736011 PROBE_B_START program=low bvar=fsync
1772740038561721631 PROBE_B_END program=low bvar=fsync
1772740038764534276 PROBE_B_START program=low bvar=fsync
1772740038814371258 PROBE_B_END program=low bvar=fsync
1772740039017181033 PROBE_B_START program=low bvar=fsync
1772740039068832133 PROBE_B_END program=low bvar=fsync
1772740039271667205 PROBE_B_START program=low bvar=fsync
1772740039321296630 PROBE_B_END program=low bvar=fsync
1772740039524244980 PROBE_B_START program=low bvar=fsync
1772740039572953957 PROBE_B_END program=low bvar=fsync
1772740039775784454 PROBE_B_START program=low bvar=fsync
1772740039825487473 PROBE_B_END program=low bvar=fsync
1772740040028365711 PROBE_B_START program=low bvar=fsync
1772740040078984307 PROBE_B_END program=low bvar=fsync
1772740040281853212 PROBE_B_START program=low bvar=fsync
1772740040329959371 PROBE_B_END program=low bvar=fsync
1772740040533138722 PROBE_B_START program=low bvar=fsync
1772740040585715400 PROBE_B_END program=low bvar=fsync
1772740040788527990 PROBE_B_START program=low bvar=fsync
1772740040837654395 PROBE_B_END program=low bvar=fsync
1772740041040487929 PROBE_B_START program=low bvar=fsync
1772740041139811983 PROBE_B_END program=low bvar=fsync
1772740041342661795 PROBE_B_START program=low bvar=fsync
1772740041394296692 PROBE_B_END program=low bvar=fsync
1772740041597445876 PROBE_B_START program=low bvar=fsync
1772740041644480735 PROBE_B_END program=low bvar=fsync
1772740041847413547 PROBE_B_START program=low bvar=fsync
1772740041897633160 PROBE_B_END program=low bvar=fsync
1772740042100486379 PROBE_B_START program=low bvar=fsync
1772740042149563210 PROBE_B_END program=low bvar=fsync
1772740042352419966 PROBE_B_START program=low bvar=fsync
1772740042403566898 PROBE_B_END program=low bvar=fsync
1772740042606883619 PROBE_B_START program=low bvar=fsync
1772740042654823723 PROBE_B_END program=low bvar=fsync
1772740042857781035 PROBE_B_START program=low bvar=fsync
1772740042908736947 PROBE_B_END program=low bvar=fsync
1772740043111506462 PROBE_B_START program=low bvar=fsync
1772740043160275014 PROBE_B_END program=low bvar=fsync
1772740043363187215 PROBE_B_START program=low bvar=fsync
1772740043411457190 PROBE_B_END program=low bvar=fsync
1772740043614319132 PROBE_B_START program=low bvar=fsync
1772740043664518948 PROBE_B_END program=low bvar=fsync
1772740043867639891 PROBE_B_START program=low bvar=fsync
1772740043917027315 PROBE_B_END program=low bvar=fsync
1772740044119977127 PROBE_B_START program=low bvar=fsync
1772740044169648497 PROBE_B_END program=low bvar=fsync
1772740044372472828 PROBE_B_START program=low bvar=fsync
1772740044471986587 PROBE_B_END program=low bvar=fsync
1772740044675417716 PROBE_B_START program=low bvar=fsync
1772740044729590011 PROBE_B_END program=low bvar=fsync
1772740044932499638 PROBE_B_START program=low bvar=fsync
1772740044984777445 PROBE_B_END program=low bvar=fsync
1772740045187657127 PROBE_B_START program=low bvar=fsync
1772740045242164739 PROBE_B_END program=low bvar=fsync
1772740045445265885 PROBE_B_START program=low bvar=fsync
1772740045498406047 PROBE_B_END program=low bvar=fsync
1772740045701297914 PROBE_B_START program=low bvar=fsync
1772740045754347316 PROBE_B_END program=low bvar=fsync
1772740045957172924 PROBE_B_START program=low bvar=fsync
1772740046009948214 PROBE_B_END program=low bvar=fsync
1772740046212850304 PROBE_B_START program=low bvar=fsync
1772740046466435027 PROBE_B_END program=low bvar=fsync
1772740046669287412 PROBE_B_START program=low bvar=fsync
1772740046719441321 PROBE_B_END program=low bvar=fsync
1772740046922387467 PROBE_B_START program=low bvar=fsync
1772740046975600647 PROBE_B_END program=low bvar=fsync
1772740047178442292 PROBE_B_START program=low bvar=fsync
1772740047226924083 PROBE_B_END program=low bvar=fsync
1772740047429871895 PROBE_B_START program=low bvar=fsync
1772740047481489495 PROBE_B_END program=low bvar=fsync
1772740047684541048 PROBE_B_START program=low bvar=fsync
1772740047737692173 PROBE_B_END program=low bvar=fsync
1772740047940553522 PROBE_B_START program=low bvar=fsync
1772740048042993681 PROBE_B_END program=low bvar=fsync
1772740048245839956 PROBE_B_START program=low bvar=fsync
1772740048296757627 PROBE_B_END program=low bvar=fsync
1772740048499651994 PROBE_B_START program=low bvar=fsync
1772740048551384650 PROBE_B_END program=low bvar=fsync
1772740048754225314 PROBE_B_START program=low bvar=fsync
1772740048806282230 PROBE_B_END program=low bvar=fsync
1772740049009331876 PROBE_B_START program=low bvar=fsync
1772740049060517456 PROBE_B_END program=low bvar=fsync
1772740049263385582 PROBE_B_START program=low bvar=fsync
1772740049314614328 PROBE_B_END program=low bvar=fsync
1772740049517566529 PROBE_B_START program=low bvar=fsync
1772740049568145069 PROBE_B_END program=low bvar=fsync
1772740049770998325 PROBE_B_START program=low bvar=fsync
1772740049822135608 PROBE_B_END program=low bvar=fsync
1772740050024991216 PROBE_B_START program=low bvar=fsync
1772740050075316552 PROBE_B_END program=low bvar=fsync
1772740050278108363 PROBE_B_START program=low bvar=fsync
1772740050327823881 PROBE_B_END program=low bvar=fsync
1772740050530758155 PROBE_B_START program=low bvar=fsync
1772740050581466159 PROBE_B_END program=low bvar=fsync
1772740050784272507 PROBE_B_START program=low bvar=fsync
1772740050832733094 PROBE_B_END program=low bvar=fsync
1772740051035534683 PROBE_B_START program=low bvar=fsync
1772740051084455031 PROBE_B_END program=low bvar=fsync
1772740051287321120 PROBE_B_START program=low bvar=fsync
1772740051391155452 PROBE_B_END program=low bvar=fsync
1772740051593993615 PROBE_B_START program=low bvar=fsync
1772740051644483674 PROBE_B_END program=low bvar=fsync
1772740051847415874 PROBE_B_START program=low bvar=fsync
1772740051900001423 PROBE_B_END program=low bvar=fsync
1772740052102923956 PROBE_B_START program=low bvar=fsync
1772740052153019569 PROBE_B_END program=low bvar=fsync
1772740052355950713 PROBE_B_START program=low bvar=fsync
1772740052403841983 PROBE_B_END program=low bvar=fsync
1772740052606809462 PROBE_B_START program=low bvar=fsync
1772740052657566484 PROBE_B_END program=low bvar=fsync
1772740052860472777 PROBE_B_START program=low bvar=fsync
1772740052963010418 PROBE_B_END program=low bvar=fsync
1772740053165889211 PROBE_B_START program=low bvar=fsync
1772740053216854086 PROBE_B_END program=low bvar=fsync
1772740053419736416 PROBE_B_START program=low bvar=fsync
1772740053467364907 PROBE_B_END program=low bvar=fsync
1772740053670210385 PROBE_B_START program=low bvar=fsync
1772740053721136926 PROBE_B_END program=low bvar=fsync
1772740053923959626 PROBE_B_START program=low bvar=fsync
1772740053974794167 PROBE_B_END program=low bvar=fsync
1772740054177846868 PROBE_B_START program=low bvar=fsync
1772740054226512548 PROBE_B_END program=low bvar=fsync
1772740054429330452 PROBE_B_START program=low bvar=fsync
1772740054479468861 PROBE_B_END program=low bvar=fsync
1772740054682337653 PROBE_B_START program=low bvar=fsync
1772740054786414116 PROBE_B_END program=low bvar=fsync
1772740054989233797 PROBE_B_START program=low bvar=fsync
1772740055037831681 PROBE_B_END program=low bvar=fsync
1772740055240671269 PROBE_B_START program=low bvar=fsync
1772740055289242616 PROBE_B_END program=low bvar=fsync
1772740055492115797 PROBE_B_START program=low bvar=fsync
1772740055543944991 PROBE_B_END program=low bvar=fsync
1772740055746776931 PROBE_B_START program=low bvar=fsync
1772740055799001849 PROBE_B_END program=low bvar=fsync
1772740056001870419 PROBE_B_START program=low bvar=fsync
1772740056055297896 PROBE_B_END program=low bvar=fsync
1772740056258270893 PROBE_B_START program=low bvar=fsync
1772740056308106282 PROBE_B_END program=low bvar=fsync
1772740056511113834 PROBE_B_START program=low bvar=fsync
1772740056564463478 PROBE_B_END program=low bvar=fsync
1772740056767348419 PROBE_B_START program=low bvar=fsync
1772740056818525350 PROBE_B_END program=low bvar=fsync
1772740057021424624 PROBE_B_START program=low bvar=fsync
1772740057074791953 PROBE_B_END program=low bvar=fsync
1772740057277595949 PROBE_B_START program=low bvar=fsync
1772740057518416082 PROBE_B_END program=low bvar=fsync
1772740057721261800 PROBE_B_START program=low bvar=fsync
1772740057772764622 PROBE_B_END program=low bvar=fsync
1772740057975585192 PROBE_B_START program=low bvar=fsync
1772740058025982398 PROBE_B_END program=low bvar=fsync
1772740058228882986 PROBE_B_START program=low bvar=fsync
1772740058328155299 PROBE_B_END program=low bvar=fsync
1772740058531079944 PROBE_B_START program=low bvar=fsync
1772740058582738451 PROBE_B_END program=low bvar=fsync
1772740058785744188 PROBE_B_START program=low bvar=fsync
1772740058837039768 PROBE_B_END program=low bvar=fsync
1772740059039903690 PROBE_B_START program=low bvar=fsync
1772740059087363495 PROBE_B_END program=low bvar=fsync
1772740059290117935 PROBE_B_START program=low bvar=fsync
1772740059339668193 PROBE_B_END program=low bvar=fsync
1772740059542576356 PROBE_B_START program=low bvar=fsync
1772740059590932609 PROBE_B_END program=low bvar=fsync
1772740059793801753 PROBE_B_START program=low bvar=fsync
1772740059845867114 PROBE_B_END program=low bvar=fsync
1772740060048723740 PROBE_B_START program=low bvar=fsync
1772740060096428768 PROBE_B_END program=low bvar=fsync
1772740060299189911 PROBE_B_START program=low bvar=fsync
1772740060348007259 PROBE_B_END program=low bvar=fsync
1772740060550956681 PROBE_B_START program=low bvar=fsync
1772740060599849825 PROBE_B_END program=low bvar=fsync
1772740060802771007 PROBE_B_START program=low bvar=fsync
1772740060852608803 PROBE_B_END program=low bvar=fsync
1772740061055428243 PROBE_B_START program=low bvar=fsync
1772740061103294605 PROBE_B_END program=low bvar=fsync
1772740061306130952 PROBE_B_START program=low bvar=fsync
1772740061352513938 PROBE_B_END program=low bvar=fsync
1772740061555394990 PROBE_B_START program=low bvar=fsync
1772740061605522343 PROBE_B_END program=low bvar=fsync
1772740061808411764 PROBE_B_START program=low bvar=fsync
1772740061907431484 PROBE_B_END program=low bvar=fsync
1772740062110269924 PROBE_B_START program=low bvar=fsync
1772740062159589440 PROBE_B_END program=low bvar=fsync
1772740062362408547 PROBE_B_START program=low bvar=fsync
1772740062412518066 PROBE_B_END program=low bvar=fsync
1772740062615419803 PROBE_B_START program=low bvar=fsync
1772740062665564897 PROBE_B_END program=low bvar=fsync
1772740062868365262 PROBE_B_START program=low bvar=fsync
1772740062916884220 PROBE_B_END program=low bvar=fsync
1772740063119773512 PROBE_B_START program=low bvar=fsync
1772740063170666035 PROBE_B_END program=low bvar=fsync
1772740063373715901 PROBE_B_START program=low bvar=fsync
1772740063421106799 PROBE_B_END program=low bvar=fsync
1772740063624015480 PROBE_B_START program=low bvar=fsync
1772740063670640374 PROBE_B_END program=low bvar=fsync
1772740063873544536 PROBE_B_START program=low bvar=fsync
1772740063922054716 PROBE_B_END program=low bvar=fsync
1772740064124889100 PROBE_B_START program=low bvar=fsync
1772740064173252631 PROBE_B_END program=low bvar=fsync
1772740064376124553 PROBE_B_START program=low bvar=fsync
1772740064424171471 PROBE_B_END program=low bvar=fsync
1772740064627024170 PROBE_B_START program=low bvar=fsync
1772740064675432998 PROBE_B_END program=low bvar=fsync
1772740064878320512 PROBE_B_START program=low bvar=fsync
1772740064926505727 PROBE_B_END program=low bvar=fsync
1772740065129320463 PROBE_B_START program=low bvar=fsync
1772740065227215937 PROBE_B_END program=low bvar=fsync
1772740065430121859 PROBE_B_START program=low bvar=fsync
1772740065483485762 PROBE_B_END program=low bvar=fsync
1772740065686335442 PROBE_B_START program=low bvar=fsync
1772740065734746714 PROBE_B_END program=low bvar=fsync
1772740065937504524 PROBE_B_START program=low bvar=fsync
1772740065986640373 PROBE_B_END program=low bvar=fsync
1772740066189514220 PROBE_B_START program=low bvar=fsync
1772740066237295100 PROBE_B_END program=low bvar=fsync
1772740066440049780 PROBE_B_START program=low bvar=fsync
1772740066491130767 PROBE_B_END program=low bvar=fsync
1772740066693989484 PROBE_B_START program=low bvar=fsync
1772740066743812206 PROBE_B_END program=low bvar=fsync
1772740066946677924 PROBE_B_START program=low bvar=fsync
1772740066996554961 PROBE_B_END program=low bvar=fsync
1772740067199476605 PROBE_B_START program=low bvar=fsync
1772740067250696314 PROBE_B_END program=low bvar=fsync
1772740067453295327 PROBE_B_START program=low bvar=fsync
1772740067504088108 PROBE_B_END program=low bvar=fsync
1772740067706934659 PROBE_B_START program=low bvar=fsync
1772740067758379499 PROBE_B_END program=low bvar=fsync
1772740067961160253 PROBE_B_START program=low bvar=fsync
1772740068012898279 PROBE_B_END program=low bvar=fsync
1772740068215804052 PROBE_B_START program=low bvar=fsync
1772740068267748135 PROBE_B_END program=low bvar=fsync
1772740068470419425 PROBE_B_START program=low bvar=fsync
1772740068705300311 PROBE_B_END program=low bvar=fsync
1772740068908121009 PROBE_B_START program=low bvar=fsync
1772740069399221885 PROBE_B_END program=low bvar=fsync
1772740069602099751 PROBE_B_START program=low bvar=fsync
1772740070282156713 PROBE_B_END program=low bvar=fsync
1772740070488309259 PROBE_B_START program=low bvar=fsync
1772740070613272232 PROBE_B_END program=low bvar=fsync
1772740070816097190 PROBE_B_START program=low bvar=fsync
1772740070876009286 PROBE_B_END program=low bvar=fsync
1772740071078948337 PROBE_B_START program=low bvar=fsync
1772740071137052426 PROBE_B_END program=low bvar=fsync
1772740071339884421 PROBE_B_START program=low bvar=fsync
1772740071397099970 PROBE_B_END program=low bvar=fsync
1772740071599971594 PROBE_B_START program=low bvar=fsync
1772740071636796337 PROBE_B_END program=low bvar=fsync
1772740071839590036 PROBE_B_START program=low bvar=fsync
1772740071868885359 PROBE_B_END program=low bvar=fsync
1772740072071791261 PROBE_B_START program=low bvar=fsync
1772740072102067570 PROBE_B_END program=low bvar=fsync
1772740072304961602 PROBE_B_START program=low bvar=fsync
1772740072334213814 PROBE_B_END program=low bvar=fsync
1772740072537912683 PROBE_B_START program=low bvar=fsync
1772740072566786949 PROBE_B_END program=low bvar=fsync
1772740072769506980 PROBE_B_START program=low bvar=fsync
1772740072797081389 PROBE_B_END program=low bvar=fsync
1772740072999869791 PROBE_B_START program=low bvar=fsync
1772740073028247518 PROBE_B_END program=low bvar=fsync
1772740073231198736 PROBE_B_START program=low bvar=fsync
1772740073318424851 PROBE_B_END program=low bvar=fsync
1772740073521306772 PROBE_B_START program=low bvar=fsync
1772740073588113008 PROBE_B_END program=low bvar=fsync
1772740073791125670 PROBE_B_START program=low bvar=fsync
1772740073861583439 PROBE_B_END program=low bvar=fsync
1772740074064529545 PROBE_B_START program=low bvar=fsync
1772740074131883931 PROBE_B_END program=low bvar=fsync
1772740074334799871 PROBE_B_START program=low bvar=fsync
1772740074402671259 PROBE_B_END program=low bvar=fsync
1772740074606080737 PROBE_B_START program=low bvar=fsync
1772740074662533153 PROBE_B_END program=low bvar=fsync
1772740074865440444 PROBE_B_START program=low bvar=fsync
1772740074923304791 PROBE_B_END program=low bvar=fsync
1772740075126108119 PROBE_B_START program=low bvar=fsync
1772740075168191828 PROBE_B_END program=low bvar=fsync
1772740075371147582 PROBE_B_START program=low bvar=fsync
1772740075399900700 PROBE_B_END program=low bvar=fsync
1772740075602728657 PROBE_B_START program=low bvar=fsync
1772740075631999647 PROBE_B_END program=low bvar=fsync
1772740075835066161 PROBE_B_START program=low bvar=fsync
1772740075863965224 PROBE_B_END program=low bvar=fsync
