1773157211573159997 C1_BASELINE_START
1773157271575009254 C1_BASELINE_END
1773157271578184777 C1_INTERVENTION_START
1773157451582701096 C1_INTERVENTION_END
1773157451583557508 C1_RECOVERY_R1_START
1773157631585841188 C1_RECOVERY_R1_END
1773157631586864915 C1_RECOVERY_R2_START
1773157931093579530 C1_RECOVERY_R2_END
1773157931094517441 C1_POSTBASELINE_START
1773157991096333432 C1_POSTBASELINE_END
1773157991098466607 C2_BASELINE_START
1773158051100324590 C2_BASELINE_END
1773158051103443712 C2_INTERVENTION_START
1773158231108025262 C2_INTERVENTION_END
1773158231108944413 C2_RECOVERY_R1_START
1773158411110721252 C2_RECOVERY_R1_END
1773158411111696625 C2_RECOVERY_R2_START
1773158711083952121 C2_RECOVERY_R2_END
1773158711084869198 C2_POSTBASELINE_START
1773158771086709302 C2_POSTBASELINE_END
1773158771088906975 C3_BASELINE_START
1773158831090737386 C3_BASELINE_END
1773158831093917339 C3_INTERVENTION_START
1773159011098395061 C3_INTERVENTION_END
1773159011099274897 C3_RECOVERY_R1_START
1773159191101115681 C3_RECOVERY_R1_END
1773159191102091812 C3_RECOVERY_R2_START
1773159491180776384 C3_RECOVERY_R2_END
1773159491181714255 C3_POSTBASELINE_START
1773159551183523019 C3_POSTBASELINE_END
