[INFO] Starting Day21 run: 2026-04-12_131905_day21_B_buffered_vs_direct
[INFO] CONDITION=B
[INFO] BASE_DIR=/home/observer/project/day21
[INFO] RUN_DIR=/home/observer/project/day21/runs/2026-04-12_131905_day21_B_buffered_vs_direct
[INFO] RETRY_TARGET=/home/observer/project/day21/workdir/retry_test
[INFO] RETRIES=5 BUDGET_MS=50
[INFO] IO_MODE=direct
[INFO] ENABLE_INTERVENTION_IO=0
[INFO] N_CYCLES=3 BASELINE_SEC=60 INTERVENTION_SEC=10 R1_SEC=60 R2_SEC=60 POST_SEC=60 HEARTBEAT_HZ=50
[INFO] Heartbeat PID: 246524
[MARK] 1775989145638999903 B_C1_BASELINE_START
=== CONDITION_B_CYCLE_1_START ===
--- BASELINE ---
[MARK] 1775989205643305309 B_C1_BASELINE_END
[MARK] 1775989205644262995 B_C1_INTERVENTION_START
--- INTERVENTION ---
[INFO] Intervention IO disabled for Day21 CONDITION=B
[MARK] 1775989215648042228 B_C1_INTERVENTION_END
[MARK] 1775989215649023933 B_C1_RECOVERY_R1_START
--- RECOVERY_R1 ---
[MARK] 1775989275651872983 B_C1_RECOVERY_R1_END
[MARK] 1775989275652938781 B_C1_RECOVERY_R2_START
--- RECOVERY_R2 ---
[INFO] timeout 60s env TARGET=/home/observer/project/day21/workdir/retry_test BUDGET_MS=50 RETRIES=5 IO_MODE=direct bash /home/observer/project/day21/scripts/retry_storm_day21.sh
1775989275659308736 retry_storm_start TARGET=/home/observer/project/day21/workdir/retry_test BUDGET_MS=50 RETRIES=5 IO_MODE=direct
1775989301057743939 dt_ms=61 retries=5 io_mode=direct
1775989306781784794 dt_ms=135 retries=5 io_mode=direct
1775989311644502893 dt_ms=153 retries=5 io_mode=direct
[MARK] 1775989335657088528 B_C1_RECOVERY_R2_END
[MARK] 1775989335657954863 B_C1_POSTBASELINE_START
--- POST_BASELINE ---
[MARK] 1775989395660581166 B_C1_POSTBASELINE_END
=== CONDITION_B_CYCLE_1_END ===
[MARK] 1775989395662639262 B_C2_BASELINE_START
=== CONDITION_B_CYCLE_2_START ===
--- BASELINE ---
[MARK] 1775989455666432366 B_C2_BASELINE_END
[MARK] 1775989455667435164 B_C2_INTERVENTION_START
--- INTERVENTION ---
[INFO] Intervention IO disabled for Day21 CONDITION=B
[MARK] 1775989465671547858 B_C2_INTERVENTION_END
[MARK] 1775989465672576286 B_C2_RECOVERY_R1_START
--- RECOVERY_R1 ---
[MARK] 1775989525675475561 B_C2_RECOVERY_R1_END
[MARK] 1775989525676480563 B_C2_RECOVERY_R2_START
--- RECOVERY_R2 ---
[INFO] timeout 60s env TARGET=/home/observer/project/day21/workdir/retry_test BUDGET_MS=50 RETRIES=5 IO_MODE=direct bash /home/observer/project/day21/scripts/retry_storm_day21.sh
1775989525683113389 retry_storm_start TARGET=/home/observer/project/day21/workdir/retry_test BUDGET_MS=50 RETRIES=5 IO_MODE=direct
1775989530299816600 dt_ms=60 retries=5 io_mode=direct
1775989556855922662 dt_ms=152 retries=5 io_mode=direct
1775989581775652869 dt_ms=133 retries=5 io_mode=direct
[MARK] 1775989585681124080 B_C2_RECOVERY_R2_END
[MARK] 1775989585681988619 B_C2_POSTBASELINE_START
--- POST_BASELINE ---
[MARK] 1775989645684896705 B_C2_POSTBASELINE_END
=== CONDITION_B_CYCLE_2_END ===
[MARK] 1775989645686970265 B_C3_BASELINE_START
=== CONDITION_B_CYCLE_3_START ===
--- BASELINE ---
[MARK] 1775989705691022283 B_C3_BASELINE_END
[MARK] 1775989705692014029 B_C3_INTERVENTION_START
--- INTERVENTION ---
[INFO] Intervention IO disabled for Day21 CONDITION=B
[MARK] 1775989715695848485 B_C3_INTERVENTION_END
[MARK] 1775989715696925083 B_C3_RECOVERY_R1_START
--- RECOVERY_R1 ---
[MARK] 1775989775699851349 B_C3_RECOVERY_R1_END
[MARK] 1775989775700998151 B_C3_RECOVERY_R2_START
--- RECOVERY_R2 ---
[INFO] timeout 60s env TARGET=/home/observer/project/day21/workdir/retry_test BUDGET_MS=50 RETRIES=5 IO_MODE=direct bash /home/observer/project/day21/scripts/retry_storm_day21.sh
1775989775707247921 retry_storm_start TARGET=/home/observer/project/day21/workdir/retry_test BUDGET_MS=50 RETRIES=5 IO_MODE=direct
1775989799121549460 dt_ms=63 retries=5 io_mode=direct
1775989804197769887 dt_ms=153 retries=5 io_mode=direct
[MARK] 1775989835705429358 B_C3_RECOVERY_R2_END
[MARK] 1775989835706313288 B_C3_POSTBASELINE_START
--- POST_BASELINE ---
[MARK] 1775989895708961510 B_C3_POSTBASELINE_END
=== CONDITION_B_CYCLE_3_END ===
[INFO] Day21 run complete: /home/observer/project/day21/runs/2026-04-12_131905_day21_B_buffered_vs_direct
[INFO] Cleaning up...
