1770720111149541261 BGIO_START runtime=300s dir=/home/observer/project/day9/workdir/bgio job=/home/observer/project/day9/scripts/bgio.fio
bgio: (g=0): rw=write, bs=(R) 64.0KiB-64.0KiB, (W) 64.0KiB-64.0KiB, (T) 64.0KiB-64.0KiB, ioengine=libaio, iodepth=1
fio-3.39
Starting 1 process
1770720411158572609 BGIO_STOP_REQUEST
1770720411160433240 BGIO_STOP pid=459510
1770720411161560963 BGIO_STOP_DONE pid=459510

bgio: (groupid=0, jobs=1): err= 0: pid=459526: Tue Feb 10 12:46:51 2026
  write: IOPS=3, BW=256KiB/s (262kB/s)(75.0MiB/300001msec); 0 zone resets
    slat (usec): min=21, max=139629, avg=243.30, stdev=4316.22
    clat (usec): min=7, max=997263, avg=8720.63, stdev=46625.46
     lat (usec): min=1506, max=997315, avg=8963.92, stdev=46953.27
    clat percentiles (usec):
     |  1.00th=[  1582],  5.00th=[  1582], 10.00th=[  1582], 20.00th=[  1598],
     | 30.00th=[  1598], 40.00th=[  1598], 50.00th=[  1663], 60.00th=[  3294],
     | 70.00th=[  4948], 80.00th=[  5014], 90.00th=[  5473], 95.00th=[ 15270],
     | 99.00th=[127402], 99.50th=[219153], 99.90th=[725615], 99.95th=[994051],
     | 99.99th=[994051]
   bw (  KiB/s): min=  128, max=  768, per=100.00%, avg=257.93, stdev=35.18, samples=595
   iops        : min=    2, max=   12, avg= 4.03, stdev= 0.55, samples=595
  lat (usec)   : 10=0.08%
  lat (msec)   : 2=51.00%, 4=11.33%, 10=32.50%, 20=1.58%, 50=0.67%
  lat (msec)   : 100=1.17%, 250=1.17%, 500=0.33%, 750=0.08%, 1000=0.08%
  cpu          : usr=0.01%, sys=0.03%, ctx=2425, majf=0, minf=7
  IO depths    : 1=100.0%, 2=0.0%, 4=0.0%, 8=0.0%, 16=0.0%, 32=0.0%, >=64=0.0%
     submit    : 0=0.0%, 4=100.0%, 8=0.0%, 16=0.0%, 32=0.0%, 64=0.0%, >=64=0.0%
     complete  : 0=0.0%, 4=100.0%, 8=0.0%, 16=0.0%, 32=0.0%, 64=0.0%, >=64=0.0%
     issued rwts: total=0,1200,0,0 short=0,0,0,0 dropped=0,0,0,0
     latency   : target=0, window=0, percentile=100.00%, depth=1

Run status group 0 (all jobs):
  WRITE: bw=256KiB/s (262kB/s), 256KiB/s-256KiB/s (262kB/s-262kB/s), io=75.0MiB (78.6MB), run=300001-300001msec

Disk stats (read/write):
  mmcblk0: ios=0/1736, sectors=0/731312, merge=0/506, ticks=0/87741, in_queue=87741, util=4.97%
