1770720111146329166 R2_IDLE_A seconds=60
1770720171150104987 PROBE_A_START program=low
1770720171162209738 PROBE_A_END program=low
1770720171364809888 PROBE_A_START program=low
1770720171376922028 PROBE_A_END program=low
1770720171579619196 PROBE_A_START program=low
1770720171591959540 PROBE_A_END program=low
1770720171794874061 PROBE_A_START program=low
1770720171807451627 PROBE_A_END program=low
1770720172010102184 PROBE_A_START program=low
1770720172022073046 PROBE_A_END program=low
1770720172224698659 PROBE_A_START program=low
1770720172236871391 PROBE_A_END program=low
1770720172439508133 PROBE_A_START program=low
1770720172451552440 PROBE_A_END program=low
1770720172654194867 PROBE_A_START program=low
1770720172666481952 PROBE_A_END program=low
1770720172869146435 PROBE_A_START program=low
1770720172881254501 PROBE_A_END program=low
1770720173083920521 PROBE_A_START program=low
1770720173096052531 PROBE_A_END program=low
1770720173298691218 PROBE_A_START program=low
1770720173310806061 PROBE_A_END program=low
1770720173513440989 PROBE_A_START program=low
1770720173525722073 PROBE_A_END program=low
1770720173728458741 PROBE_A_START program=low
1770720173741029696 PROBE_A_END program=low
1770720173943690476 PROBE_A_START program=low
1770720173955704875 PROBE_A_END program=low
1770720174158350395 PROBE_A_START program=low
1770720174170460571 PROBE_A_END program=low
1770720174373070202 PROBE_A_START program=low
1770720174384952361 PROBE_A_END program=low
1770720174587559714 PROBE_A_START program=low
1770720174599660983 PROBE_A_END program=low
1770720174802329411 PROBE_A_START program=low
1770720174814541736 PROBE_A_END program=low
1770720175017240126 PROBE_A_START program=low
1770720175029362562 PROBE_A_END program=low
1770720175232018304 PROBE_A_START program=low
1770720175244200851 PROBE_A_END program=low
1770720175446854649 PROBE_A_START program=low
1770720175458889659 PROBE_A_END program=low
1770720175661630179 PROBE_A_START program=low
1770720175674417912 PROBE_A_END program=low
1770720175877014395 PROBE_A_START program=low
1770720175889068312 PROBE_A_END program=low
1770720176091735592 PROBE_A_START program=low
1770720176103912306 PROBE_A_END program=low
1770720176306590733 PROBE_A_START program=low
1770720176318733817 PROBE_A_END program=low
1770720176521374374 PROBE_A_START program=low
1770720176533414939 PROBE_A_END program=low
1770720176736031922 PROBE_A_START program=low
1770720176748089951 PROBE_A_END program=low
1770720176950741063 PROBE_A_START program=low
1770720176962838684 PROBE_A_END program=low
1770720177165588593 PROBE_A_START program=low
1770720177177676937 PROBE_A_END program=low
1770720177380317327 PROBE_A_START program=low
1770720177392387448 PROBE_A_END program=low
1770720177595084820 PROBE_A_START program=low
1770720177607932516 PROBE_A_END program=low
1770720177810603795 PROBE_A_START program=low
1770720177822735008 PROBE_A_END program=low
1770720178025362510 PROBE_A_START program=low
1770720178037514927 PROBE_A_END program=low
1770720178240125002 PROBE_A_START program=low
1770720178252227994 PROBE_A_END program=low
1770720178454861106 PROBE_A_START program=low
1770720178466885246 PROBE_A_END program=low
1770720178669512654 PROBE_A_START program=low
1770720178681569275 PROBE_A_END program=low
1770720178884172128 PROBE_A_START program=low
1770720178896180842 PROBE_A_END program=low
1770720179098817528 PROBE_A_START program=low
1770720179110885705 PROBE_A_END program=low
1770720179313526928 PROBE_A_START program=low
1770720179325545957 PROBE_A_END program=low
1770720179528126217 PROBE_A_START program=low
1770720179541095710 PROBE_A_END program=low
1770720179743689618 PROBE_A_START program=low
1770720179755871498 PROBE_A_END program=low
1770720179958493814 PROBE_A_START program=low
1770720179970564343 PROBE_A_END program=low
1770720180173194770 PROBE_A_START program=low
1770720180185345984 PROBE_A_END program=low
1770720180387975948 PROBE_A_START program=low
1770720180400096032 PROBE_A_END program=low
1770720180602785959 PROBE_A_START program=low
1770720180614838728 PROBE_A_END program=low
1770720180817555544 PROBE_A_START program=low
1770720180829500609 PROBE_A_END program=low
1770720181032211221 PROBE_A_START program=low
1770720181044474065 PROBE_A_END program=low
1770720181247206436 PROBE_A_START program=low
1770720181259385483 PROBE_A_END program=low
1770720181462200688 PROBE_A_START program=low
1770720181475017421 PROBE_A_END program=low
1770720181677729570 PROBE_A_START program=low
1770720181689860321 PROBE_A_END program=low
1770720181892614063 PROBE_A_START program=low
1770720181904615054 PROBE_A_END program=low
1770720182107271425 PROBE_A_START program=low
1770720182119311139 PROBE_A_END program=low
1770720182321935177 PROBE_A_START program=low
1770720182334003650 PROBE_A_END program=low
1770720182536633188 PROBE_A_START program=low
1770720182548677957 PROBE_A_END program=low
1770720182751356439 PROBE_A_START program=low
1770720182763419986 PROBE_A_END program=low
1770720182966096006 PROBE_A_START program=low
1770720182978150053 PROBE_A_END program=low
1770720183180792350 PROBE_A_START program=low
1770720183192875526 PROBE_A_END program=low
1770720183395450823 PROBE_A_START program=low
1770720183407331056 PROBE_A_END program=low
1770720183610076279 PROBE_A_START program=low
1770720183622425048 PROBE_A_END program=low
1770720183825059882 PROBE_A_START program=low
1770720183837304540 PROBE_A_END program=low
1770720184039959875 PROBE_A_START program=low
1770720184052066440 PROBE_A_END program=low
1770720184254697737 PROBE_A_START program=low
1770720184266847784 PROBE_A_END program=low
1770720184469462100 PROBE_A_START program=low
1770720184481075720 PROBE_A_END program=low
1770720184683733906 PROBE_A_START program=low
1770720184695847768 PROBE_A_END program=low
1770720184898499343 PROBE_A_START program=low
1770720184910613427 PROBE_A_END program=low
1770720185113296965 PROBE_A_START program=low
1770720185125354437 PROBE_A_END program=low
1770720185328008012 PROBE_A_START program=low
1770720185340199893 PROBE_A_END program=low
1770720185542989541 PROBE_A_START program=low
1770720185555450904 PROBE_A_END program=low
1770720185758096386 PROBE_A_START program=low
1770720185770271933 PROBE_A_END program=low
1770720185972924433 PROBE_A_START program=low
1770720185985045906 PROBE_A_END program=low
1770720186187691944 PROBE_A_START program=low
1770720186199746861 PROBE_A_END program=low
1770720186402393084 PROBE_A_START program=low
1770720186414487001 PROBE_A_END program=low
1770720186617111817 PROBE_A_START program=low
1770720186629163993 PROBE_A_END program=low
1770720186831791049 PROBE_A_START program=low
1770720186843948337 PROBE_A_END program=low
1770720187046664764 PROBE_A_START program=low
1770720187058664236 PROBE_A_END program=low
1770720187261325329 PROBE_A_START program=low
1770720187273386580 PROBE_A_END program=low
1770720187476311803 PROBE_A_START program=low
1770720187489116332 PROBE_A_END program=low
1770720187691726518 PROBE_A_START program=low
1770720187703834972 PROBE_A_END program=low
1770720187906438454 PROBE_A_START program=low
1770720187918718112 PROBE_A_END program=low
1770720188121355983 PROBE_A_START program=low
1770720188133339104 PROBE_A_END program=low
1770720188335982734 PROBE_A_START program=low
1770720188347993929 PROBE_A_END program=low
1770720188550624670 PROBE_A_START program=low
1770720188562738606 PROBE_A_END program=low
1770720188765361125 PROBE_A_START program=low
1770720188777440709 PROBE_A_END program=low
1770720188980080302 PROBE_A_START program=low
1770720188992108701 PROBE_A_END program=low
1770720189194794608 PROBE_A_START program=low
1770720189206860026 PROBE_A_END program=low
1770720189409645452 PROBE_A_START program=low
1770720189422593259 PROBE_A_END program=low
1770720189625173018 PROBE_A_START program=low
1770720189637265399 PROBE_A_END program=low
1770720189839920121 PROBE_A_START program=low
1770720189852037205 PROBE_A_END program=low
1770720190054662742 PROBE_A_START program=low
1770720190066897567 PROBE_A_END program=low
1770720190269580660 PROBE_A_START program=low
1770720190281698948 PROBE_A_END program=low
1770720190484367411 PROBE_A_START program=low
1770720190496445495 PROBE_A_END program=low
1770720190699125347 PROBE_A_START program=low
1770720190711247913 PROBE_A_END program=low
1770720190913903728 PROBE_A_START program=low
1770720190926005960 PROBE_A_END program=low
1770720191128622478 PROBE_A_START program=low
1770720191140564451 PROBE_A_END program=low
1770720191343180840 PROBE_A_START program=low
1770720191356127980 PROBE_A_END program=low
1770720191558718962 PROBE_A_START program=low
1770720191570770324 PROBE_A_END program=low
1770720191773396639 PROBE_A_START program=low
1770720191785500926 PROBE_A_END program=low
1770720191988139519 PROBE_A_START program=low
1770720192000134084 PROBE_A_END program=low
1770720192202791992 PROBE_A_START program=low
1770720192214867335 PROBE_A_END program=low
1770720192417549446 PROBE_A_START program=low
1770720192429469604 PROBE_A_END program=low
1770720192632062771 PROBE_A_START program=low
1770720192644121429 PROBE_A_END program=low
1770720192846751799 PROBE_A_START program=low
1770720192858849920 PROBE_A_END program=low
1770720193061538939 PROBE_A_START program=low
1770720193073574486 PROBE_A_END program=low
1770720193276241782 PROBE_A_START program=low
1770720193289149793 PROBE_A_END program=low
1770720193491750163 PROBE_A_START program=low
1770720193503791636 PROBE_A_END program=low
1770720193706413543 PROBE_A_START program=low
1770720193718604979 PROBE_A_END program=low
1770720193921266108 PROBE_A_START program=low
1770720193933284433 PROBE_A_END program=low
1770720194135920637 PROBE_A_START program=low
1770720194148035480 PROBE_A_END program=low
1770720194350703332 PROBE_A_START program=low
1770720194362755379 PROBE_A_END program=low
1770720194565336471 PROBE_A_START program=low
1770720194577372981 PROBE_A_END program=low
1770720194780004610 PROBE_A_START program=low
1770720194792107065 PROBE_A_END program=low
1770720194994761898 PROBE_A_START program=low
1770720195006819408 PROBE_A_END program=low
1770720195209506870 PROBE_A_START program=low
1770720195222267196 PROBE_A_END program=low
1770720195424890918 PROBE_A_START program=low
1770720195436956816 PROBE_A_END program=low
1770720195639577168 PROBE_A_START program=low
1770720195651639178 PROBE_A_END program=low
1770720195854303400 PROBE_A_START program=low
1770720195866357317 PROBE_A_END program=low
1770720196068980854 PROBE_A_START program=low
1770720196081083364 PROBE_A_END program=low
1770720196283820771 PROBE_A_START program=low
1770720196295853614 PROBE_A_END program=low
1770720196498554744 PROBE_A_START program=low
1770720196510650568 PROBE_A_END program=low
1770720196713390512 PROBE_A_START program=low
1770720196725558430 PROBE_A_END program=low
1770720196928275244 PROBE_A_START program=low
1770720196940456384 PROBE_A_END program=low
1770720197143177291 PROBE_A_START program=low
1770720197156485839 PROBE_A_END program=low
1770720197359215431 PROBE_A_START program=low
1770720197371300497 PROBE_A_END program=low
1770720197573943626 PROBE_A_START program=low
1770720197585891654 PROBE_A_END program=low
1770720197788452802 PROBE_A_START program=low
1770720197800532886 PROBE_A_END program=low
1770720198003181293 PROBE_A_START program=low
1770720198015177377 PROBE_A_END program=low
1770720198217810506 PROBE_A_START program=low
1770720198229911942 PROBE_A_END program=low
1770720198432576756 PROBE_A_START program=low
1770720198444763062 PROBE_A_END program=low
1770720198647401543 PROBE_A_START program=low
1770720198659452812 PROBE_A_END program=low
1770720198862136793 PROBE_A_START program=low
1770720198874177507 PROBE_A_END program=low
1770720199076867784 PROBE_A_START program=low
1770720199090129536 PROBE_A_END program=low
1770720199292984313 PROBE_A_START program=low
1770720199305087545 PROBE_A_END program=low
1770720199507751026 PROBE_A_START program=low
1770720199519822203 PROBE_A_END program=low
1770720199722470165 PROBE_A_START program=low
1770720199734757731 PROBE_A_END program=low
1770720199937429212 PROBE_A_START program=low
1770720199949548999 PROBE_A_END program=low
1770720200152173721 PROBE_A_START program=low
1770720200164253712 PROBE_A_END program=low
1770720200366898360 PROBE_A_START program=low
1770720200379171166 PROBE_A_END program=low
1770720200581932351 PROBE_A_START program=low
1770720200594048842 PROBE_A_END program=low
1770720200796781601 PROBE_A_START program=low
1770720200808952074 PROBE_A_END program=low
1770720201011614110 PROBE_A_START program=low
1770720201024106231 PROBE_A_END program=low
1770720201227160916 PROBE_A_START program=low
1770720201239247722 PROBE_A_END program=low
1770720201441968740 PROBE_A_START program=low
1770720201454081287 PROBE_A_END program=low
1770720201656680990 PROBE_A_START program=low
1770720201668447851 PROBE_A_END program=low
1770720201871095832 PROBE_A_START program=low
1770720201883208990 PROBE_A_END program=low
1770720202085938119 PROBE_A_START program=low
1770720202098123573 PROBE_A_END program=low
1770720202300817091 PROBE_A_START program=low
1770720202312968860 PROBE_A_END program=low
1770720202515723397 PROBE_A_START program=low
1770720202527910036 PROBE_A_END program=low
1770720202730634647 PROBE_A_START program=low
1770720202742845545 PROBE_A_END program=low
1770720202945524396 PROBE_A_START program=low
1770720202958295925 PROBE_A_END program=low
1770720203161376425 PROBE_A_START program=low
1770720203173561824 PROBE_A_END program=low
1770720203376234823 PROBE_A_START program=low
1770720203388193536 PROBE_A_END program=low
1770720203592032851 PROBE_A_START program=low
1770720203604930565 PROBE_A_END program=low
1770720203807757416 PROBE_A_START program=low
1770720203819929334 PROBE_A_END program=low
1770720204022704111 PROBE_A_START program=low
1770720204035030343 PROBE_A_END program=low
1770720204237759305 PROBE_A_START program=low
1770720204249919556 PROBE_A_END program=low
1770720204452743018 PROBE_A_START program=low
1770720204464792157 PROBE_A_END program=low
1770720204667538416 PROBE_A_START program=low
1770720204679638388 PROBE_A_END program=low
1770720204882368702 PROBE_A_START program=low
1770720204895724584 PROBE_A_END program=low
1770720205098442842 PROBE_A_START program=low
1770720205110630222 PROBE_A_END program=low
1770720205313294888 PROBE_A_START program=low
1770720205324927619 PROBE_A_END program=low
1770720205527505322 PROBE_A_START program=low
1770720205539180683 PROBE_A_END program=low
1770720205741835590 PROBE_A_START program=low
1770720205753969025 PROBE_A_END program=low
1770720205956679228 PROBE_A_START program=low
1770720205968829460 PROBE_A_END program=low
1770720206171591385 PROBE_A_START program=low
1770720206183776691 PROBE_A_END program=low
1770720206386493301 PROBE_A_START program=low
1770720206398604070 PROBE_A_END program=low
1770720206601308940 PROBE_A_START program=low
1770720206613480153 PROBE_A_END program=low
1770720206816276282 PROBE_A_START program=low
1770720206829575793 PROBE_A_END program=low
1770720207032237662 PROBE_A_START program=low
1770720207044357246 PROBE_A_END program=low
1770720207247018559 PROBE_A_START program=low
1770720207259113551 PROBE_A_END program=low
1770720207461808716 PROBE_A_START program=low
1770720207473932504 PROBE_A_END program=low
1770720207676668836 PROBE_A_START program=low
1770720207688708531 PROBE_A_END program=low
1770720207891415826 PROBE_A_START program=low
1770720207903544355 PROBE_A_END program=low
1770720208106281964 PROBE_A_START program=low
1770720208118561456 PROBE_A_END program=low
1770720208321339899 PROBE_A_START program=low
1770720208333444927 PROBE_A_END program=low
1770720208536198241 PROBE_A_START program=low
1770720208548332529 PROBE_A_END program=low
1770720208751067916 PROBE_A_START program=low
1770720208764412705 PROBE_A_END program=low
1770720208967101333 PROBE_A_START program=low
1770720208979292769 PROBE_A_END program=low
1770720209182040305 PROBE_A_START program=low
1770720209194220833 PROBE_A_END program=low
1770720209396863776 PROBE_A_START program=low
1770720209408919545 PROBE_A_END program=low
1770720209611608988 PROBE_A_START program=low
1770720209623654850 PROBE_A_END program=low
1770720209826318756 PROBE_A_START program=low
1770720209838468655 PROBE_A_END program=low
1770720210041162505 PROBE_A_START program=low
1770720210053362571 PROBE_A_END program=low
1770720210256150680 PROBE_A_START program=low
1770720210268153357 PROBE_A_END program=low
1770720210470854133 PROBE_A_START program=low
1770720210482980088 PROBE_A_END program=low
1770720210685760957 PROBE_A_START program=low
1770720210698707430 PROBE_A_END program=low
1770720210901381095 PROBE_A_START program=low
1770720210913566716 PROBE_A_END program=low
1770720211116196918 PROBE_A_START program=low
1770720211128344280 PROBE_A_END program=low
1770720211330994890 PROBE_A_START program=low
1770720211343059455 PROBE_A_END program=low
1770720211545742527 PROBE_A_START program=low
1770720211557808463 PROBE_A_END program=low
1770720211760497925 PROBE_A_START program=low
1770720211772612194 PROBE_A_END program=low
1770720211975336970 PROBE_A_START program=low
1770720211987535850 PROBE_A_END program=low
1770720212190226182 PROBE_A_START program=low
1770720212202337099 PROBE_A_END program=low
1770720212405004949 PROBE_A_START program=low
1770720212417161793 PROBE_A_END program=low
1770720212619871772 PROBE_A_START program=low
1770720212632725394 PROBE_A_END program=low
1770720212835466078 PROBE_A_START program=low
1770720212847588884 PROBE_A_END program=low
1770720213050253771 PROBE_A_START program=low
1770720213062389373 PROBE_A_END program=low
1770720213265038686 PROBE_A_START program=low
1770720213277178122 PROBE_A_END program=low
1770720213479809343 PROBE_A_START program=low
1770720213491374148 PROBE_A_END program=low
1770720213694173128 PROBE_A_START program=low
1770720213705916249 PROBE_A_END program=low
1770720213908529377 PROBE_A_START program=low
1770720213920222960 PROBE_A_END program=low
1770720214122877903 PROBE_A_START program=low
1770720214135030691 PROBE_A_END program=low
1770720214337771541 PROBE_A_START program=low
1770720214349836865 PROBE_A_END program=low
1770720214552526475 PROBE_A_START program=low
1770720214565374430 PROBE_A_END program=low
1770720214768054687 PROBE_A_START program=low
1770720214780133549 PROBE_A_END program=low
1770720214982923399 PROBE_A_START program=low
1770720214995106075 PROBE_A_END program=low
1770720215197902073 PROBE_A_START program=low
1770720215209985750 PROBE_A_END program=low
1770720215412716322 PROBE_A_START program=low
1770720215424861351 PROBE_A_END program=low
1770720215627674571 PROBE_A_START program=low
1770720215639782803 PROBE_A_END program=low
1770720215842562079 PROBE_A_START program=low
1770720215854693811 PROBE_A_END program=low
1770720216057420791 PROBE_A_START program=low
1770720216069656449 PROBE_A_END program=low
1770720216272395780 PROBE_A_START program=low
1770720216284542846 PROBE_A_END program=low
1770720216487314066 PROBE_A_START program=low
1770720216499684798 PROBE_A_END program=low
1770720216702538111 PROBE_A_START program=low
1770720216715057899 PROBE_A_END program=low
1770720216917753175 PROBE_A_START program=low
1770720216929873592 PROBE_A_END program=low
1770720217132569220 PROBE_A_START program=low
1770720217144608878 PROBE_A_END program=low
1770720217347364709 PROBE_A_START program=low
1770720217359553237 PROBE_A_END program=low
1770720217562304995 PROBE_A_START program=low
1770720217574439467 PROBE_A_END program=low
1770720217777105502 PROBE_A_START program=low
1770720217789170290 PROBE_A_END program=low
1770720217991841992 PROBE_A_START program=low
1770720218003922687 PROBE_A_END program=low
1770720218206572962 PROBE_A_START program=low
1770720218218695287 PROBE_A_END program=low
1770720218421400544 PROBE_A_START program=low
1770720218433824869 PROBE_A_END program=low
1770720218636516978 PROBE_A_START program=low
1770720218648718710 PROBE_A_END program=low
1770720218851349837 PROBE_A_START program=low
1770720218863438569 PROBE_A_END program=low
1770720219066094401 PROBE_A_START program=low
1770720219078105577 PROBE_A_END program=low
1770720219280759815 PROBE_A_START program=low
1770720219292846881 PROBE_A_END program=low
1770720219495490916 PROBE_A_START program=low
1770720219507594166 PROBE_A_END program=low
1770720219710241590 PROBE_A_START program=low
1770720219722316229 PROBE_A_END program=low
1770720219924965134 PROBE_A_START program=low
1770720219937016144 PROBE_A_END program=low
1770720220139676383 PROBE_A_START program=low
1770720220151651466 PROBE_A_END program=low
1770720220354346112 PROBE_A_START program=low
1770720220366581233 PROBE_A_END program=low
1770720220569661528 PROBE_A_START program=low
1770720220582000871 PROBE_A_END program=low
1770720220784612165 PROBE_A_START program=low
1770720220796700489 PROBE_A_END program=low
1770720220999356191 PROBE_A_START program=low
1770720221011415608 PROBE_A_END program=low
1770720221214113420 PROBE_A_START program=low
1770720221226195893 PROBE_A_END program=low
1770720221428859706 PROBE_A_START program=low
1770720221440795678 PROBE_A_END program=low
1770720221643435509 PROBE_A_START program=low
1770720221655555778 PROBE_A_END program=low
1770720221858211035 PROBE_A_START program=low
1770720221870261415 PROBE_A_END program=low
1770720222072829190 PROBE_A_START program=low
1770720222084883071 PROBE_A_END program=low
1770720222287558772 PROBE_A_START program=low
1770720222299808263 PROBE_A_END program=low
1770720222502647983 PROBE_A_START program=low
1770720222515063623 PROBE_A_END program=low
1770720222717725398 PROBE_A_START program=low
1770720222729795019 PROBE_A_END program=low
1770720222932422257 PROBE_A_START program=low
1770720222944604693 PROBE_A_END program=low
1770720223147266209 PROBE_A_START program=low
1770720223159404922 PROBE_A_END program=low
1770720223362161401 PROBE_A_START program=low
1770720223374213281 PROBE_A_END program=low
1770720223576901334 PROBE_A_START program=low
1770720223589096307 PROBE_A_END program=low
1770720223791804583 PROBE_A_START program=low
1770720223803970518 PROBE_A_END program=low
1770720224006665479 PROBE_A_START program=low
1770720224018665044 PROBE_A_END program=low
1770720224221304430 PROBE_A_START program=low
1770720224233499144 PROBE_A_END program=low
1770720224436301419 PROBE_A_START program=low
1770720224449080929 PROBE_A_END program=low
1770720224651706445 PROBE_A_START program=low
1770720224663876677 PROBE_A_END program=low
1770720224866553156 PROBE_A_START program=low
1770720224878578925 PROBE_A_END program=low
1770720225081231367 PROBE_A_START program=low
1770720225093181173 PROBE_A_END program=low
1770720225295805022 PROBE_A_START program=low
1770720225307944624 PROBE_A_END program=low
1770720225510632251 PROBE_A_START program=low
1770720225522795076 PROBE_A_END program=low
1770720225725467536 PROBE_A_START program=low
1770720225737453916 PROBE_A_END program=low
1770720225940110432 PROBE_A_START program=low
1770720225952126738 PROBE_A_END program=low
1770720226154761124 PROBE_A_START program=low
1770720226167042801 PROBE_A_END program=low
1770720226370046354 PROBE_A_START program=low
1770720226382400771 PROBE_A_END program=low
1770720226585002194 PROBE_A_START program=low
1770720226597025722 PROBE_A_END program=low
1770720226799669831 PROBE_A_START program=low
1770720226811850266 PROBE_A_END program=low
1770720227014518078 PROBE_A_START program=low
1770720227026591829 PROBE_A_END program=low
1770720227229278752 PROBE_A_START program=low
1770720227241385280 PROBE_A_END program=low
1770720227444017388 PROBE_A_START program=low
1770720227456109213 PROBE_A_END program=low
1770720227658731432 PROBE_A_START program=low
1770720227670767757 PROBE_A_END program=low
1770720227873430958 PROBE_A_START program=low
1770720227885522893 PROBE_A_END program=low
1770720228088142594 PROBE_A_START program=low
1770720228100331474 PROBE_A_END program=low
1770720228303354527 PROBE_A_START program=low
1770720228315793574 PROBE_A_END program=low
1770720228518362979 PROBE_A_START program=low
1770720228530481322 PROBE_A_END program=low
1770720228733092282 PROBE_A_START program=low
1770720228745248940 PROBE_A_END program=low
1770720228947843937 PROBE_A_START program=low
1770720228959913594 PROBE_A_END program=low
1770720229162605629 PROBE_A_START program=low
1770720229174813138 PROBE_A_END program=low
1770720229377456746 PROBE_A_START program=low
1770720229389531960 PROBE_A_END program=low
1770720229592186716 PROBE_A_START program=low
1770720229604303318 PROBE_A_END program=low
1770720229806949575 PROBE_A_START program=low
1770720229819086214 PROBE_A_END program=low
1770720230021731452 PROBE_A_START program=low
1770720230033912480 PROBE_A_END program=low
1770720230236926533 PROBE_A_START program=low
1770720230249401413 PROBE_A_END program=low
1770720230452023891 PROBE_A_START program=low
1770720230464097809 PROBE_A_END program=low
1770720230666756528 PROBE_A_START program=low
1770720230678911500 PROBE_A_END program=low
1770720230881571034 PROBE_A_START program=low
1770720230893615563 PROBE_A_END program=low
1770720231096315134 R2_IDLE_B seconds=30
1770720261099929478 PROBE_B_START program=low
1770720261108316077 PROBE_B_END program=low
1770720261310967090 PROBE_B_START program=low
1770720261319550560 PROBE_B_END program=low
1770720261522327480 PROBE_B_START program=low
1770720261530759524 PROBE_B_END program=low
1770720261733446815 PROBE_B_START program=low
1770720261741875099 PROBE_B_END program=low
1770720261944556483 PROBE_B_START program=low
1770720261953032749 PROBE_B_END program=low
1770720262155716465 PROBE_B_START program=low
1770720262164162861 PROBE_B_END program=low
1770720262366879689 PROBE_B_START program=low
1770720262375351232 PROBE_B_END program=low
1770720262578045727 PROBE_B_START program=low
1770720262587065401 PROBE_B_END program=low
1770720262789731302 PROBE_B_START program=low
1770720262798108142 PROBE_B_END program=low
1770720263000734211 PROBE_B_START program=low
1770720263009171069 PROBE_B_END program=low
1770720263211859638 PROBE_B_START program=low
1770720263220219978 PROBE_B_END program=low
1770720263422882009 PROBE_B_START program=low
1770720263431285108 PROBE_B_END program=low
1770720263633915918 PROBE_B_START program=low
1770720263642381572 PROBE_B_END program=low
1770720263845026548 PROBE_B_START program=low
1770720263853427851 PROBE_B_END program=low
1770720264056102920 PROBE_B_START program=low
1770720264064554519 PROBE_B_END program=low
1770720264267251235 PROBE_B_START program=low
1770720264275632094 PROBE_B_END program=low
1770720264478415255 PROBE_B_START program=low
1770720264486777465 PROBE_B_END program=low
1770720264689490293 PROBE_B_START program=low
1770720264697891170 PROBE_B_END program=low
1770720264900530738 PROBE_B_START program=low
1770720264908933152 PROBE_B_END program=low
1770720265111659646 PROBE_B_START program=low
1770720265120067135 PROBE_B_END program=low
1770720265322797888 PROBE_B_START program=low
1770720265331902636 PROBE_B_END program=low
1770720265534695167 PROBE_B_START program=low
1770720265543149952 PROBE_B_END program=low
1770720265745841279 PROBE_B_START program=low
1770720265754270286 PROBE_B_END program=low
1770720265956927169 PROBE_B_START program=low
1770720265965387231 PROBE_B_END program=low
1770720266168068929 PROBE_B_START program=low
1770720266176505491 PROBE_B_END program=low
1770720266379172837 PROBE_B_START program=low
1770720266387570974 PROBE_B_END program=low
1770720266590249542 PROBE_B_START program=low
1770720266598683400 PROBE_B_END program=low
1770720266801366617 PROBE_B_START program=low
1770720266809818549 PROBE_B_END program=low
1770720267012541284 PROBE_B_START program=low
1770720267021020421 PROBE_B_END program=low
1770720267223713211 PROBE_B_START program=low
1770720267232135792 PROBE_B_END program=low
1770720267434819304 PROBE_B_START program=low
1770720267443270311 PROBE_B_END program=low
1770720267645894009 PROBE_B_START program=low
1770720267654417886 PROBE_B_END program=low
1770720267857043417 PROBE_B_START program=low
1770720267865521146 PROBE_B_END program=low
1770720268068209584 PROBE_B_START program=low
1770720268076881073 PROBE_B_END program=low
1770720268279596900 PROBE_B_START program=low
1770720268288253722 PROBE_B_END program=low
1770720268490929623 PROBE_B_START program=low
1770720268499275889 PROBE_B_END program=low
1770720268701973494 PROBE_B_START program=low
1770720268710418038 PROBE_B_END program=low
1770720268913072828 PROBE_B_START program=low
1770720268921553168 PROBE_B_END program=low
1770720269124244254 PROBE_B_START program=low
1770720269132680094 PROBE_B_END program=low
1770720269335369773 PROBE_B_START program=low
1770720269343811614 PROBE_B_END program=low
1770720269546632219 PROBE_B_START program=low
1770720269555031077 PROBE_B_END program=low
1770720269757727830 PROBE_B_START program=low
1770720269766167911 PROBE_B_END program=low
1770720269968836183 PROBE_B_START program=low
1770720269977265393 PROBE_B_END program=low
1770720270179972146 PROBE_B_START program=low
1770720270188365375 PROBE_B_END program=low
1770720270391028961 PROBE_B_START program=low
1770720270399401135 PROBE_B_END program=low
1770720270602067091 PROBE_B_START program=low
1770720270610460543 PROBE_B_END program=low
1770720270813129203 PROBE_B_START program=low
1770720270821611099 PROBE_B_END program=low
1770720271024349185 PROBE_B_START program=low
1770720271032883859 PROBE_B_END program=low
1770720271235564130 PROBE_B_START program=low
1770720271243952711 PROBE_B_END program=low
1770720271446581056 PROBE_B_START program=low
1770720271454976896 PROBE_B_END program=low
1770720271657704927 PROBE_B_START program=low
1770720271666189897 PROBE_B_END program=low
1770720271868892372 PROBE_B_START program=low
1770720271877301323 PROBE_B_END program=low
1770720272079955502 PROBE_B_START program=low
1770720272088310157 PROBE_B_END program=low
1770720272290955558 PROBE_B_START program=low
1770720272299319361 PROBE_B_END program=low
1770720272501936873 PROBE_B_START program=low
1770720272510369824 PROBE_B_END program=low
1770720272713041225 PROBE_B_START program=low
1770720272721443602 PROBE_B_END program=low
1770720272924119744 PROBE_B_START program=low
1770720272932634991 PROBE_B_END program=low
1770720273135389522 PROBE_B_START program=low
1770720273143856862 PROBE_B_END program=low
1770720273346653800 PROBE_B_START program=low
1770720273355177585 PROBE_B_END program=low
1770720273558043615 PROBE_B_START program=low
1770720273566539548 PROBE_B_END program=low
1770720273769243412 PROBE_B_START program=low
1770720273778322919 PROBE_B_END program=low
1770720273980965061 PROBE_B_START program=low
1770720273989393142 PROBE_B_END program=low
1770720274192052709 PROBE_B_START program=low
1770720274200482438 PROBE_B_END program=low
1770720274403171858 PROBE_B_START program=low
1770720274411722883 PROBE_B_END program=low
1770720274614477765 PROBE_B_START program=low
1770720274622918883 PROBE_B_END program=low
1770720274825644432 PROBE_B_START program=low
1770720274834156032 PROBE_B_END program=low
1770720275036832581 PROBE_B_START program=low
1770720275045317050 PROBE_B_END program=low
1770720275247999951 PROBE_B_START program=low
1770720275256464384 PROBE_B_END program=low
1770720275459180173 PROBE_B_START program=low
1770720275467604458 PROBE_B_END program=low
1770720275670327340 PROBE_B_START program=low
1770720275678704291 PROBE_B_END program=low
1770720275881399581 PROBE_B_START program=low
1770720275889832458 PROBE_B_END program=low
1770720276092518618 PROBE_B_START program=low
1770720276100982958 PROBE_B_END program=low
1770720276303668989 PROBE_B_START program=low
1770720276312168940 PROBE_B_END program=low
1770720276514936507 PROBE_B_START program=low
1770720276523389014 PROBE_B_END program=low
1770720276726154600 PROBE_B_START program=low
1770720276734488995 PROBE_B_END program=low
1770720276937122100 PROBE_B_START program=low
1770720276945553588 PROBE_B_END program=low
1770720277148207711 PROBE_B_START program=low
1770720277156602958 PROBE_B_END program=low
1770720277359245266 PROBE_B_START program=low
1770720277367667514 PROBE_B_END program=low
1770720277570540563 PROBE_B_START program=low
1770720277578969292 PROBE_B_END program=low
1770720277781637674 PROBE_B_START program=low
1770720277790063736 PROBE_B_END program=low
1770720277992735952 PROBE_B_START program=low
1770720278001173736 PROBE_B_END program=low
1770720278203868563 PROBE_B_START program=low
1770720278212270217 PROBE_B_END program=low
1770720278414961062 PROBE_B_START program=low
1770720278423377180 PROBE_B_END program=low
1770720278626061822 PROBE_B_START program=low
1770720278634464495 PROBE_B_END program=low
1770720278837103488 PROBE_B_START program=low
1770720278845629921 PROBE_B_END program=low
1770720279048315525 PROBE_B_START program=low
1770720279056712884 PROBE_B_END program=low
1770720279259421025 PROBE_B_START program=low
1770720279267844846 PROBE_B_END program=low
1770720279470683377 PROBE_B_START program=low
1770720279479332735 PROBE_B_END program=low
1770720279681941802 PROBE_B_START program=low
1770720279690355476 PROBE_B_END program=low
1770720279893056173 PROBE_B_START program=low
1770720279901538402 PROBE_B_END program=low
1770720280104180709 PROBE_B_START program=low
1770720280112651031 PROBE_B_END program=low
1770720280315343265 PROBE_B_START program=low
1770720280323724790 PROBE_B_END program=low
1770720280526442413 PROBE_B_START program=low
1770720280534825753 PROBE_B_END program=low
1770720280737470172 PROBE_B_START program=low
1770720280745861752 PROBE_B_END program=low
1770720280948529745 PROBE_B_START program=low
1770720280956958974 PROBE_B_END program=low
1770720281159665134 PROBE_B_START program=low
1770720281168205400 PROBE_B_END program=low
1770720281370896985 PROBE_B_START program=low
1770720281379280992 PROBE_B_END program=low
1770720281581940115 PROBE_B_START program=low
1770720281590365714 PROBE_B_END program=low
1770720281793030299 PROBE_B_START program=low
1770720281801545121 PROBE_B_END program=low
1770720282004313151 PROBE_B_START program=low
1770720282012795769 PROBE_B_END program=low
1770720282215593262 PROBE_B_START program=low
1770720282224205250 PROBE_B_END program=low
1770720282426927317 PROBE_B_START program=low
1770720282435352009 PROBE_B_END program=low
1770720282637989632 PROBE_B_START program=low
1770720282646427342 PROBE_B_END program=low
1770720282849079539 PROBE_B_START program=low
1770720282857573508 PROBE_B_END program=low
1770720283060233094 PROBE_B_START program=low
1770720283068718841 PROBE_B_END program=low
1770720283271522519 PROBE_B_START program=low
1770720283280000137 PROBE_B_END program=low
1770720283482715371 PROBE_B_START program=low
1770720283491164766 PROBE_B_END program=low
1770720283693971852 PROBE_B_START program=low
1770720283702525618 PROBE_B_END program=low
1770720283905267963 PROBE_B_START program=low
1770720283913733191 PROBE_B_END program=low
1770720284116466555 PROBE_B_START program=low
1770720284124952117 PROBE_B_END program=low
1770720284327730313 PROBE_B_START program=low
1770720284336196561 PROBE_B_END program=low
1770720284538944017 PROBE_B_START program=low
1770720284547413357 PROBE_B_END program=low
1770720284750224442 PROBE_B_START program=low
1770720284758690967 PROBE_B_END program=low
1770720284961517997 PROBE_B_START program=low
1770720284970052689 PROBE_B_END program=low
1770720285172734626 PROBE_B_START program=low
1770720285181375578 PROBE_B_END program=low
1770720285384097478 PROBE_B_START program=low
1770720285392718114 PROBE_B_END program=low
1770720285595533755 PROBE_B_START program=low
1770720285604022928 PROBE_B_END program=low
1770720285806745310 PROBE_B_START program=low
1770720285815212465 PROBE_B_END program=low
1770720286017983587 PROBE_B_START program=low
1770720286026507409 PROBE_B_END program=low
1770720286229288513 PROBE_B_START program=low
1770720286237861353 PROBE_B_END program=low
1770720286440611568 PROBE_B_START program=low
1770720286449187611 PROBE_B_END program=low
1770720286651967456 PROBE_B_START program=low
1770720286660643796 PROBE_B_END program=low
1770720286863356141 PROBE_B_START program=low
1770720286871836407 PROBE_B_END program=low
1770720287074574918 PROBE_B_START program=low
1770720287083075110 PROBE_B_END program=low
1770720287285813362 PROBE_B_START program=low
1770720287294362239 PROBE_B_END program=low
1770720287497124509 PROBE_B_START program=low
1770720287505658627 PROBE_B_END program=low
1770720287708377416 PROBE_B_START program=low
1770720287716927145 PROBE_B_END program=low
1770720287919698878 PROBE_B_START program=low
1770720287928233070 PROBE_B_END program=low
1770720288130928507 PROBE_B_START program=low
1770720288139443384 PROBE_B_END program=low
1770720288342159154 PROBE_B_START program=low
1770720288350624180 PROBE_B_END program=low
1770720288553366691 PROBE_B_START program=low
1770720288561877086 PROBE_B_END program=low
1770720288764608560 PROBE_B_START program=low
1770720288773072474 PROBE_B_END program=low
1770720288975798208 PROBE_B_START program=low
1770720288984337399 PROBE_B_END program=low
1770720289187092188 PROBE_B_START program=low
1770720289195624362 PROBE_B_END program=low
1770720289398350261 PROBE_B_START program=low
1770720289407214917 PROBE_B_END program=low
1770720289610063983 PROBE_B_START program=low
1770720289618502064 PROBE_B_END program=low
1770720289821254334 PROBE_B_START program=low
1770720289829773804 PROBE_B_END program=low
1770720290032486685 PROBE_B_START program=low
1770720290044744306 PROBE_B_END program=low
1770720290247488743 PROBE_B_START program=low
1770720290255980379 PROBE_B_END program=low
1770720290458744686 PROBE_B_START program=low
1770720290467553934 PROBE_B_END program=low
1770720290670255334 PROBE_B_START program=low
1770720290678662563 PROBE_B_END program=low
1770720290881347759 PROBE_B_START program=low
1770720290889750728 PROBE_B_END program=low
1770720291092400183 PROBE_B_START program=low
1770720291100809542 PROBE_B_END program=low
1770720291303468479 PROBE_B_START program=low
1770720291311892393 PROBE_B_END program=low
1770720291514572440 PROBE_B_START program=low
1770720291522966040 PROBE_B_END program=low
1770720291725626939 PROBE_B_START program=low
1770720291734016946 PROBE_B_END program=low
1770720291936680605 PROBE_B_START program=low
1770720291945090223 PROBE_B_END program=low
1770720292147785622 PROBE_B_START program=low
1770720292156169073 PROBE_B_END program=low
1770720292358836899 PROBE_B_START program=low
1770720292367216739 PROBE_B_END program=low
1770720292569837823 PROBE_B_START program=low
1770720292578288571 PROBE_B_END program=low
1770720292780933433 PROBE_B_START program=low
1770720292789370718 PROBE_B_END program=low
1770720292992038136 PROBE_B_START program=low
1770720293000497976 PROBE_B_END program=low
1770720293203201598 PROBE_B_START program=low
1770720293211614419 PROBE_B_END program=low
1770720293414292171 PROBE_B_START program=low
1770720293422793659 PROBE_B_END program=low
1770720293625397577 PROBE_B_START program=low
1770720293633839843 PROBE_B_END program=low
1770720293836520427 PROBE_B_START program=low
1770720293844943601 PROBE_B_END program=low
1770720294047665148 PROBE_B_START program=low
1770720294056097433 PROBE_B_END program=low
1770720294258748610 PROBE_B_START program=low
1770720294267143172 PROBE_B_END program=low
1770720294469827423 PROBE_B_START program=low
1770720294478274782 PROBE_B_END program=low
1770720294681069885 PROBE_B_START program=low
1770720294689532466 PROBE_B_END program=low
1770720294892240458 PROBE_B_START program=low
1770720294900692576 PROBE_B_END program=low
1770720295103430457 PROBE_B_START program=low
1770720295650827996 PROBE_B_END program=low
1770720295853595211 PROBE_B_START program=low
1770720295862076514 PROBE_B_END program=low
1770720296064749357 PROBE_B_START program=low
1770720296073246864 PROBE_B_END program=low
1770720296275918115 PROBE_B_START program=low
1770720296284374826 PROBE_B_END program=low
1770720296487060447 PROBE_B_START program=low
1770720296495519472 PROBE_B_END program=low
1770720296698215353 PROBE_B_START program=low
1770720296706638360 PROBE_B_END program=low
1770720296909304203 PROBE_B_START program=low
1770720296917857395 PROBE_B_END program=low
1770720297120511684 PROBE_B_START program=low
1770720297128948116 PROBE_B_END program=low
1770720297331621645 PROBE_B_START program=low
1770720297339990911 PROBE_B_END program=low
1770720297542642829 PROBE_B_START program=low
1770720297551041761 PROBE_B_END program=low
1770720297753742901 PROBE_B_START program=low
1770720297762177167 PROBE_B_END program=low
1770720297964871048 PROBE_B_START program=low
1770720297973285258 PROBE_B_END program=low
1770720298175955305 PROBE_B_START program=low
1770720298184372256 PROBE_B_END program=low
1770720298387011081 PROBE_B_START program=low
1770720298395462570 PROBE_B_END program=low
1770720298598142228 PROBE_B_START program=low
1770720298606465549 PROBE_B_END program=low
1770720298809103226 PROBE_B_START program=low
1770720298817605789 PROBE_B_END program=low
1770720299020251614 PROBE_B_START program=low
1770720299028687324 PROBE_B_END program=low
1770720299231362075 PROBE_B_START program=low
1770720299239752081 PROBE_B_END program=low
1770720299442459610 PROBE_B_START program=low
1770720299450898913 PROBE_B_END program=low
1770720299653852053 PROBE_B_START program=low
1770720299662523004 PROBE_B_END program=low
1770720299865206404 PROBE_B_START program=low
1770720299873676762 PROBE_B_END program=low
1770720300076338217 PROBE_B_START program=low
1770720300103429330 PROBE_B_END program=low
1770720300306123730 PROBE_B_START program=low
1770720300314589273 PROBE_B_END program=low
1770720300517281524 PROBE_B_START program=low
1770720300525858920 PROBE_B_END program=low
1770720300728646134 PROBE_B_START program=low
1770720300737545178 PROBE_B_END program=low
1770720300940250355 PROBE_B_START program=low
1770720300948705731 PROBE_B_END program=low
1770720301151478834 PROBE_B_START program=low
1770720301159961082 PROBE_B_END program=low
1770720301362688240 PROBE_B_START program=low
1770720301371105080 PROBE_B_END program=low
1770720301573808016 PROBE_B_START program=low
1770720301582261245 PROBE_B_END program=low
1770720301785093866 PROBE_B_START program=low
1770720301793675854 PROBE_B_END program=low
1770720301996405235 PROBE_B_START program=low
1770720302004849334 PROBE_B_END program=low
1770720302207527455 PROBE_B_START program=low
1770720302215922406 PROBE_B_END program=low
1770720302418569138 PROBE_B_START program=low
1770720302426965775 PROBE_B_END program=low
1770720302629660192 PROBE_B_START program=low
1770720302638074717 PROBE_B_END program=low
1770720302840766079 PROBE_B_START program=low
1770720302849279123 PROBE_B_END program=low
1770720303051957873 PROBE_B_START program=low
1770720303060399269 PROBE_B_END program=low
1770720303263050946 PROBE_B_START program=low
1770720303271422100 PROBE_B_END program=low
1770720303474105629 PROBE_B_START program=low
1770720303483069876 PROBE_B_END program=low
1770720303685714238 PROBE_B_START program=low
1770720303694100726 PROBE_B_END program=low
1770720303896724495 PROBE_B_START program=low
1770720303905172243 PROBE_B_END program=low
1770720304107873308 PROBE_B_START program=low
1770720304116366407 PROBE_B_END program=low
1770720304319060473 PROBE_B_START program=low
1770720304327462072 PROBE_B_END program=low
1770720304530121175 PROBE_B_START program=low
1770720304538528551 PROBE_B_END program=low
1770720304741183580 PROBE_B_START program=low
1770720304749657198 PROBE_B_END program=low
1770720304952318504 PROBE_B_START program=low
1770720304960747566 PROBE_B_END program=low
1770720305163493187 PROBE_B_START program=low
1770720305171935360 PROBE_B_END program=low
1770720305374653759 PROBE_B_START program=low
1770720305383086599 PROBE_B_END program=low
1770720305585769831 PROBE_B_START program=low
1770720305594192375 PROBE_B_END program=low
1770720305796855144 PROBE_B_START program=low
1770720305805361780 PROBE_B_END program=low
1770720306008042901 PROBE_B_START program=low
1770720306016502241 PROBE_B_END program=low
1770720306219183602 PROBE_B_START program=low
1770720306227647368 PROBE_B_END program=low
1770720306430515656 PROBE_B_START program=low
1770720306438908644 PROBE_B_END program=low
1770720306641563561 PROBE_B_START program=low
1770720306649994845 PROBE_B_END program=low
1770720306852681522 PROBE_B_START program=low
1770720306861153640 PROBE_B_END program=low
1770720307063886186 PROBE_B_START program=low
1770720307072349119 PROBE_B_END program=low
1770720307275021832 PROBE_B_START program=low
1770720307283483968 PROBE_B_END program=low
1770720307486189478 PROBE_B_START program=low
1770720307494644096 PROBE_B_END program=low
1770720307697361976 PROBE_B_START program=low
1770720307705884649 PROBE_B_END program=low
1770720307908517029 PROBE_B_START program=low
1770720307916520295 PROBE_B_END program=low
1770720308119280101 PROBE_B_START program=low
1770720308127708663 PROBE_B_END program=low
1770720308330394284 PROBE_B_START program=low
1770720308338786512 PROBE_B_END program=low
1770720308541447985 PROBE_B_START program=low
1770720308549838232 PROBE_B_END program=low
1770720308752491853 PROBE_B_START program=low
1770720308760901545 PROBE_B_END program=low
1770720308963597314 PROBE_B_START program=low
1770720308972103413 PROBE_B_END program=low
1770720309174904052 PROBE_B_START program=low
1770720309183669837 PROBE_B_END program=low
1770720309386320143 PROBE_B_START program=low
1770720309394675575 PROBE_B_END program=low
1770720309597342955 PROBE_B_START program=low
1770720309605793165 PROBE_B_END program=low
1770720309808459101 PROBE_B_START program=low
1770720309816962255 PROBE_B_END program=low
1770720310019630339 PROBE_B_START program=low
1770720310028055197 PROBE_B_END program=low
1770720310230695688 PROBE_B_START program=low
1770720310239110028 PROBE_B_END program=low
1770720310441801927 PROBE_B_START program=low
1770720310450245285 PROBE_B_END program=low
1770720310652888461 PROBE_B_START program=low
1770720310661363597 PROBE_B_END program=low
1770720310864046125 PROBE_B_START program=low
1770720310872478114 PROBE_B_END program=low
1770720311075191660 PROBE_B_START program=low
1770720311083620667 PROBE_B_END program=low
1770720311286294028 PROBE_B_START program=low
1770720311294715868 PROBE_B_END program=low
1770720311497401988 PROBE_B_START program=low
1770720311505892643 PROBE_B_END program=low
1770720311708575078 PROBE_B_START program=low
1770720311717030715 PROBE_B_END program=low
1770720311919739002 PROBE_B_START program=low
1770720311928279842 PROBE_B_END program=low
1770720312130941481 PROBE_B_START program=low
1770720312139324487 PROBE_B_END program=low
1770720312341909108 PROBE_B_START program=low
1770720312350338855 PROBE_B_END program=low
1770720312553003364 PROBE_B_START program=low
1770720312561520426 PROBE_B_END program=low
1770720312764206991 PROBE_B_START program=low
1770720312772603998 PROBE_B_END program=low
1770720312975292600 PROBE_B_START program=low
1770720312983683773 PROBE_B_END program=low
1770720313186433023 PROBE_B_START program=low
1770720313194873974 PROBE_B_END program=low
1770720313397586058 PROBE_B_START program=low
1770720313934721382 PROBE_B_END program=low
1770720314137741669 PROBE_B_START program=low
1770720314146215824 PROBE_B_END program=low
1770720314348928482 PROBE_B_START program=low
1770720314357426747 PROBE_B_END program=low
1770720314560089571 PROBE_B_START program=low
1770720314568790263 PROBE_B_END program=low
1770720314771533717 PROBE_B_START program=low
1770720314780278261 PROBE_B_END program=low
1770720314982953863 PROBE_B_START program=low
1770720314991400758 PROBE_B_END program=low
1770720315194080286 PROBE_B_START program=low
1770720315211085373 PROBE_B_END program=low
1770720315413788308 PROBE_B_START program=low
1770720315422304852 PROBE_B_END program=low
1770720315624962620 PROBE_B_START program=low
1770720315633414571 PROBE_B_END program=low
1770720315836100580 PROBE_B_START program=low
1770720315844576865 PROBE_B_END program=low
1770720316047229041 PROBE_B_START program=low
1770720316055651195 PROBE_B_END program=low
1770720316258343075 PROBE_B_START program=low
1770720316266707526 PROBE_B_END program=low
1770720316469379535 PROBE_B_START program=low
1770720316477779060 PROBE_B_END program=low
1770720316680454569 PROBE_B_START program=low
1770720316688858112 PROBE_B_END program=low
1770720316891558973 PROBE_B_START program=low
1770720316900014035 PROBE_B_END program=low
1770720317102702285 PROBE_B_START program=low
1770720317111177162 PROBE_B_END program=low
1770720317313855393 PROBE_B_START program=low
1770720317322432919 PROBE_B_END program=low
1770720317525084483 PROBE_B_START program=low
1770720317533509416 PROBE_B_END program=low
1770720317736142406 PROBE_B_START program=low
1770720317744615579 PROBE_B_END program=low
1770720317947275125 PROBE_B_START program=low
1770720317955732780 PROBE_B_END program=low
1770720318158418382 PROBE_B_START program=low
1770720318166906129 PROBE_B_END program=low
1770720318369561453 PROBE_B_START program=low
1770720318377986774 PROBE_B_END program=low
1770720318580657690 PROBE_B_START program=low
1770720318589053993 PROBE_B_END program=low
1770720318791754947 PROBE_B_START program=low
1770720318800200824 PROBE_B_END program=low
1770720319003009981 PROBE_B_START program=low
1770720319011412321 PROBE_B_END program=low
1770720319214135478 PROBE_B_START program=low
1770720319222550651 PROBE_B_END program=low
1770720319425276067 PROBE_B_START program=low
1770720319433734500 PROBE_B_END program=low
1770720319636438583 PROBE_B_START program=low
1770720319644857997 PROBE_B_END program=low
1770720319847579172 PROBE_B_START program=low
1770720319856000993 PROBE_B_END program=low
1770720320058680891 PROBE_B_START program=low
1770720320067751213 PROBE_B_END program=low
1770720320270724685 PROBE_B_START program=low
1770720320280931323 PROBE_B_END program=low
1770720320483593239 PROBE_B_START program=low
1770720320491956856 PROBE_B_END program=low
1770720320694620680 PROBE_B_START program=low
1770720320703058353 PROBE_B_END program=low
1770720320905746158 PROBE_B_START program=low
1770720320914256572 PROBE_B_END program=low
1770720321116962618 R2_IDLE_C seconds=30
1770720351120598592 PROBE_C_START program=low
1770720351123521520 PROBE_C_END program=low
1770720351326119230 PROBE_C_START program=low
1770720351329067325 PROBE_C_END program=low
1770720351531701202 PROBE_C_START program=low
1770720351534631705 PROBE_C_END program=low
1770720351737279637 PROBE_C_START program=low
1770720351740176269 PROBE_C_END program=low
1770720351942836850 PROBE_C_START program=low
1770720351945811500 PROBE_C_END program=low
1770720352148412600 PROBE_C_START program=low
1770720352151359843 PROBE_C_END program=low
1770720352353944275 PROBE_C_START program=low
1770720352356872352 PROBE_C_END program=low
1770720352559487747 PROBE_C_START program=low
1770720352562425083 PROBE_C_END program=low
1770720352765043275 PROBE_C_START program=low
1770720352767955925 PROBE_C_END program=low
1770720352970644173 PROBE_C_START program=low
1770720352973584915 PROBE_C_END program=low
1770720353176264589 PROBE_C_START program=low
1770720353179217684 PROBE_C_END program=low
1770720353381837801 PROBE_C_START program=low
1770720353384771378 PROBE_C_END program=low
1770720353587417421 PROBE_C_START program=low
1770720353590359035 PROBE_C_END program=low
1770720353792929412 PROBE_C_START program=low
1770720353795892821 PROBE_C_END program=low
1770720353998522291 PROBE_C_START program=low
1770720354001474386 PROBE_C_END program=low
1770720354204105411 PROBE_C_START program=low
1770720354207051321 PROBE_C_END program=low
1770720354409708327 PROBE_C_START program=low
1770720354412660163 PROBE_C_END program=low
1770720354615361558 PROBE_C_START program=low
1770720354618308709 PROBE_C_END program=low
1770720354821129697 PROBE_C_START program=low
1770720354824527477 PROBE_C_END program=low
1770720355027240002 PROBE_C_START program=low
1770720355030206857 PROBE_C_END program=low
1770720355232848511 PROBE_C_START program=low
1770720355235822736 PROBE_C_END program=low
1770720355438467446 PROBE_C_START program=low
1770720355441361300 PROBE_C_END program=low
1770720355643970270 PROBE_C_START program=low
1770720355646937716 PROBE_C_END program=low
1770720355849590926 PROBE_C_START program=low
1770720355852529577 PROBE_C_END program=low
1770720356055158843 PROBE_C_START program=low
1770720356058090789 PROBE_C_END program=low
1770720356260678055 PROBE_C_START program=low
1770720356263612483 PROBE_C_END program=low
1770720356466288342 PROBE_C_START program=low
1770720356469260085 PROBE_C_END program=low
1770720356671921869 PROBE_C_START program=low
1770720356674856501 PROBE_C_END program=low
1770720356877489137 PROBE_C_START program=low
1770720356880409324 PROBE_C_END program=low
1770720357083001534 PROBE_C_START program=low
1770720357085923962 PROBE_C_END program=low
1770720357288548247 PROBE_C_START program=low
1770720357291477582 PROBE_C_END program=low
1770720357494114940 PROBE_C_START program=low
1770720357497031665 PROBE_C_END program=low
1770720357699646430 PROBE_C_START program=low
1770720357702579618 PROBE_C_END program=low
1770720357905237384 PROBE_C_START program=low
1770720357908261478 PROBE_C_END program=low
1770720358110974133 PROBE_C_START program=low
1770720358114339747 PROBE_C_END program=low
1770720358317048772 PROBE_C_START program=low
1770720358319931144 PROBE_C_END program=low
1770720358522535928 PROBE_C_START program=low
1770720358525512745 PROBE_C_END program=low
1770720358728082715 PROBE_C_START program=low
1770720358731013180 PROBE_C_END program=low
1770720358933595816 PROBE_C_START program=low
1770720358936486318 PROBE_C_END program=low
1770720359139078806 PROBE_C_START program=low
1770720359141970123 PROBE_C_END program=low
1770720359344545296 PROBE_C_START program=low
1770720359347457557 PROBE_C_END program=low
1770720359550030804 PROBE_C_START program=low
1770720359552917417 PROBE_C_END program=low
1770720359755552072 PROBE_C_START program=low
1770720359758461741 PROBE_C_END program=low
1770720359961046191 PROBE_C_START program=low
1770720359964006286 PROBE_C_END program=low
1770720360166628200 PROBE_C_START program=low
1770720360169537961 PROBE_C_END program=low
1770720360372098782 PROBE_C_START program=low
1770720360375034284 PROBE_C_END program=low
1770720360577643142 PROBE_C_START program=low
1770720360580553478 PROBE_C_END program=low
1770720360783103632 PROBE_C_START program=low
1770720360786124264 PROBE_C_END program=low
1770720360988803178 PROBE_C_START program=low
1770720360991767069 PROBE_C_END program=low
1770720361194400631 PROBE_C_START program=low
1770720361197336448 PROBE_C_END program=low
1770720361399949287 PROBE_C_START program=low
1770720361402899567 PROBE_C_END program=low
1770720361605517999 PROBE_C_START program=low
1770720361608436909 PROBE_C_END program=low
1770720361811051934 PROBE_C_START program=low
1770720361814097529 PROBE_C_END program=low
1770720362016749275 PROBE_C_START program=low
1770720362019701130 PROBE_C_END program=low
1770720362222469784 PROBE_C_START program=low
1770720362225410657 PROBE_C_END program=low
1770720362428048218 PROBE_C_START program=low
1770720362431014257 PROBE_C_END program=low
1770720362633629560 PROBE_C_START program=low
1770720362636517210 PROBE_C_END program=low
1770720362839150883 PROBE_C_START program=low
1770720362842079626 PROBE_C_END program=low
1770720363044688002 PROBE_C_START program=low
1770720363047618727 PROBE_C_END program=low
1770720363250235325 PROBE_C_START program=low
1770720363253171124 PROBE_C_END program=low
1770720363455867019 PROBE_C_START program=low
1770720363458843466 PROBE_C_END program=low
1770720363661522953 PROBE_C_START program=low
1770720363664415918 PROBE_C_END program=low
1770720363867015424 PROBE_C_START program=low
1770720363869912408 PROBE_C_END program=low
1770720364072503507 PROBE_C_START program=low
1770720364075448842 PROBE_C_END program=low
1770720364278079941 PROBE_C_START program=low
1770720364280966091 PROBE_C_END program=low
1770720364483555319 PROBE_C_START program=low
1770720364486457118 PROBE_C_END program=low
1770720364689094957 PROBE_C_START program=low
1770720364691991404 PROBE_C_END program=low
1770720364894617761 PROBE_C_START program=low
1770720364897580653 PROBE_C_END program=low
1770720365100222510 PROBE_C_START program=low
1770720365103152290 PROBE_C_END program=low
1770720365305788278 PROBE_C_START program=low
1770720365308697021 PROBE_C_END program=low
1770720365511253693 PROBE_C_START program=low
1770720365514182751 PROBE_C_END program=low
1770720365716803887 PROBE_C_START program=low
1770720365719744055 PROBE_C_END program=low
1770720365922406932 PROBE_C_START program=low
1770720365925335230 PROBE_C_END program=low
1770720366127973162 PROBE_C_START program=low
1770720366130916868 PROBE_C_END program=low
1770720366333566985 PROBE_C_START program=low
1770720366336482191 PROBE_C_END program=low
1770720366539115326 PROBE_C_START program=low
1770720366542067903 PROBE_C_END program=low
1770720366744675297 PROBE_C_START program=low
1770720366747628263 PROBE_C_END program=low
1770720366950278694 PROBE_C_START program=low
1770720366953150159 PROBE_C_END program=low
1770720367155802387 PROBE_C_START program=low
1770720367158764760 PROBE_C_END program=low
1770720367361459099 PROBE_C_START program=low
1770720367364374120 PROBE_C_END program=low
1770720367566951292 PROBE_C_START program=low
1770720367569859109 PROBE_C_END program=low
1770720367772462319 PROBE_C_START program=low
1770720367775421636 PROBE_C_END program=low
1770720367978212123 PROBE_C_START program=low
1770720367981156348 PROBE_C_END program=low
1770720368183902094 PROBE_C_START program=low
1770720368187060467 PROBE_C_END program=low
1770720368389904029 PROBE_C_START program=low
1770720368393043290 PROBE_C_END program=low
1770720368595870278 PROBE_C_START program=low
1770720368598860521 PROBE_C_END program=low
1770720368801516008 PROBE_C_START program=low
1770720368804456121 PROBE_C_END program=low
1770720369007129405 PROBE_C_START program=low
1770720369010097388 PROBE_C_END program=low
1770720369212729283 PROBE_C_START program=low
1770720369215679970 PROBE_C_END program=low
1770720369418352587 PROBE_C_START program=low
1770720369421372256 PROBE_C_END program=low
1770720369624001225 PROBE_C_START program=low
1770720369627034542 PROBE_C_END program=low
1770720369829794288 PROBE_C_START program=low
1770720369832733791 PROBE_C_END program=low
1770720370035418148 PROBE_C_START program=low
1770720370038368354 PROBE_C_END program=low
1770720370241048804 PROBE_C_START program=low
1770720370244018325 PROBE_C_END program=low
1770720370446724886 PROBE_C_START program=low
1770720370449709629 PROBE_C_END program=low
1770720370652456616 PROBE_C_START program=low
1770720370655473230 PROBE_C_END program=low
1770720370858124513 PROBE_C_START program=low
1770720370861074237 PROBE_C_END program=low
1770720371063779373 PROBE_C_START program=low
1770720371066800097 PROBE_C_END program=low
1770720371269453399 PROBE_C_START program=low
1770720371272411346 PROBE_C_END program=low
1770720371475065685 PROBE_C_START program=low
1770720371478054835 PROBE_C_END program=low
1770720371680708081 PROBE_C_START program=low
1770720371683696380 PROBE_C_END program=low
1770720371886337793 PROBE_C_START program=low
1770720371889345943 PROBE_C_END program=low
1770720372092086134 PROBE_C_START program=low
1770720372095082729 PROBE_C_END program=low
1770720372297819160 PROBE_C_START program=low
1770720372300777237 PROBE_C_END program=low
1770720372503501965 PROBE_C_START program=low
1770720372506506911 PROBE_C_END program=low
1770720372709162398 PROBE_C_START program=low
1770720372712163012 PROBE_C_END program=low
1770720372914840962 PROBE_C_START program=low
1770720372917867834 PROBE_C_END program=low
1770720373120506192 PROBE_C_START program=low
1770720373123434564 PROBE_C_END program=low
1770720373326041125 PROBE_C_START program=low
1770720373328982535 PROBE_C_END program=low
1770720373531607633 PROBE_C_START program=low
1770720373534554839 PROBE_C_END program=low
1770720373737171122 PROBE_C_START program=low
1770720373740126698 PROBE_C_END program=low
1770720373942799315 PROBE_C_START program=low
1770720373945765335 PROBE_C_END program=low
1770720374148394248 PROBE_C_START program=low
1770720374151321565 PROBE_C_END program=low
1770720374353936682 PROBE_C_START program=low
1770720374356867869 PROBE_C_END program=low
1770720374559479004 PROBE_C_START program=low
1770720374562411766 PROBE_C_END program=low
1770720374765036012 PROBE_C_START program=low
1770720374767943588 PROBE_C_END program=low
1770720374970619612 PROBE_C_START program=low
1770720374973551299 PROBE_C_END program=low
1770720375176183008 PROBE_C_START program=low
1770720375179106511 PROBE_C_END program=low
1770720375381746479 PROBE_C_START program=low
1770720375384684407 PROBE_C_END program=low
1770720375587349116 PROBE_C_START program=low
1770720375590284044 PROBE_C_END program=low
1770720375792909623 PROBE_C_START program=low
1770720375795846663 PROBE_C_END program=low
1770720375998485742 PROBE_C_START program=low
1770720376001414337 PROBE_C_END program=low
1770720376204087750 PROBE_C_START program=low
1770720376207052252 PROBE_C_END program=low
1770720376409687127 PROBE_C_START program=low
1770720376412601870 PROBE_C_END program=low
1770720376615245579 PROBE_C_START program=low
1770720376618185341 PROBE_C_END program=low
1770720376820801846 PROBE_C_START program=low
1770720376823810293 PROBE_C_END program=low
1770720377026481835 PROBE_C_START program=low
1770720377029433356 PROBE_C_END program=low
1770720377232033954 PROBE_C_START program=low
1770720377234970474 PROBE_C_END program=low
1770720377437585368 PROBE_C_START program=low
1770720377440487204 PROBE_C_END program=low
1770720377643124246 PROBE_C_START program=low
1770720377646052156 PROBE_C_END program=low
1770720377848630420 PROBE_C_START program=low
1770720377851586015 PROBE_C_END program=low
1770720378054244353 PROBE_C_START program=low
1770720378057127430 PROBE_C_END program=low
1770720378259843768 PROBE_C_START program=low
1770720378262962752 PROBE_C_END program=low
1770720378465762665 PROBE_C_START program=low
1770720378468878241 PROBE_C_END program=low
1770720378671736561 PROBE_C_START program=low
1770720378674639693 PROBE_C_END program=low
1770720378877241476 PROBE_C_START program=low
1770720378880134108 PROBE_C_END program=low
1770720379082717650 PROBE_C_START program=low
1770720379085661856 PROBE_C_END program=low
1770720379288267361 PROBE_C_START program=low
1770720379291203048 PROBE_C_END program=low
1770720379493818942 PROBE_C_START program=low
1770720379496730574 PROBE_C_END program=low
1770720379699345560 PROBE_C_START program=low
1770720379702256878 PROBE_C_END program=low
1770720379904856549 PROBE_C_START program=low
1770720379907790792 PROBE_C_END program=low
1770720380110506482 PROBE_C_START program=low
1770720380113449096 PROBE_C_END program=low
1770720380316035527 PROBE_C_START program=low
1770720380318963584 PROBE_C_END program=low
1770720380521576589 PROBE_C_START program=low
1770720380524502906 PROBE_C_END program=low
1770720380727121800 PROBE_C_START program=low
1770720380729976006 PROBE_C_END program=low
1770720380932565659 PROBE_C_START program=low
1770720380935483384 PROBE_C_END program=low
1770720381138082796 PROBE_C_START program=low
1770720381140972817 PROBE_C_END program=low
1770720381343641933 PROBE_C_START program=low
1770720381346569398 PROBE_C_END program=low
1770720381549121570 PROBE_C_START program=low
1770720381552036405 PROBE_C_END program=low
1770720381754642299 PROBE_C_START program=low
1770720381757551579 PROBE_C_END program=low
1770720381960129491 PROBE_C_START program=low
1770720381963065345 PROBE_C_END program=low
1770720382165686202 PROBE_C_START program=low
1770720382168665704 PROBE_C_END program=low
1770720382371350061 PROBE_C_START program=low
1770720382374296934 PROBE_C_END program=low
1770720382576937624 PROBE_C_START program=low
1770720382579872367 PROBE_C_END program=low
1770720382782548501 PROBE_C_START program=low
1770720382785507244 PROBE_C_END program=low
1770720382988167527 PROBE_C_START program=low
1770720382991112270 PROBE_C_END program=low
1770720383193784293 PROBE_C_START program=low
1770720383196712721 PROBE_C_END program=low
1770720383399360245 PROBE_C_START program=low
1770720383402309802 PROBE_C_END program=low
1770720383604927066 PROBE_C_START program=low
1770720383607867772 PROBE_C_END program=low
1770720383810507425 PROBE_C_START program=low
1770720383813477168 PROBE_C_END program=low
1770720384016128747 PROBE_C_START program=low
1770720384019131694 PROBE_C_END program=low
1770720384221804699 PROBE_C_START program=low
1770720384224740608 PROBE_C_END program=low
1770720384427410076 PROBE_C_START program=low
1770720384430352319 PROBE_C_END program=low
1770720384632971416 PROBE_C_START program=low
1770720384635860511 PROBE_C_END program=low
1770720384838560479 PROBE_C_START program=low
1770720384841518907 PROBE_C_END program=low
1770720385044228264 PROBE_C_START program=low
1770720385047200470 PROBE_C_END program=low
1770720385249834511 PROBE_C_START program=low
1770720385252754588 PROBE_C_END program=low
1770720385455407537 PROBE_C_START program=low
1770720385458352798 PROBE_C_END program=low
1770720385660977285 PROBE_C_START program=low
1770720385663900472 PROBE_C_END program=low
1770720385866554773 PROBE_C_START program=low
1770720385869501794 PROBE_C_END program=low
1770720386072116206 PROBE_C_START program=low
1770720386075043245 PROBE_C_END program=low
1770720386277676250 PROBE_C_START program=low
1770720386280595974 PROBE_C_END program=low
1770720386483260349 PROBE_C_START program=low
1770720386486248611 PROBE_C_END program=low
1770720386688891189 PROBE_C_START program=low
1770720386691816877 PROBE_C_END program=low
1770720386894442826 PROBE_C_START program=low
1770720386897377643 PROBE_C_END program=low
1770720387100005851 PROBE_C_START program=low
1770720387102944076 PROBE_C_END program=low
1770720387305578469 PROBE_C_START program=low
1770720387308500212 PROBE_C_END program=low
1770720387511095142 PROBE_C_START program=low
1770720387514002904 PROBE_C_END program=low
1770720387716701149 PROBE_C_START program=low
1770720387719707355 PROBE_C_END program=low
1770720387922454527 PROBE_C_START program=low
1770720387925737992 PROBE_C_END program=low
1770720388128363256 PROBE_C_START program=low
1770720388131330647 PROBE_C_END program=low
1770720388333955726 PROBE_C_START program=low
1770720388337003154 PROBE_C_END program=low
1770720388539724010 PROBE_C_START program=low
1770720388542899364 PROBE_C_END program=low
1770720388745817351 PROBE_C_START program=low
1770720388748779242 PROBE_C_END program=low
1770720388951353950 PROBE_C_START program=low
1770720388954212878 PROBE_C_END program=low
1770720389156772605 PROBE_C_START program=low
1770720389159741959 PROBE_C_END program=low
1770720389362358871 PROBE_C_START program=low
1770720389365288873 PROBE_C_END program=low
1770720389567907692 PROBE_C_START program=low
1770720389570838343 PROBE_C_END program=low
1770720389773443088 PROBE_C_START program=low
1770720389776377053 PROBE_C_END program=low
1770720389978975872 PROBE_C_START program=low
1770720389981891560 PROBE_C_END program=low
1770720390184495416 PROBE_C_START program=low
1770720390187418622 PROBE_C_END program=low
1770720390390043052 PROBE_C_START program=low
1770720390392938832 PROBE_C_END program=low
1770720390595503151 PROBE_C_START program=low
1770720390598441487 PROBE_C_END program=low
1770720390801054343 PROBE_C_START program=low
1770720390804013956 PROBE_C_END program=low
1770720391006725257 PROBE_C_START program=low
1770720391009679704 PROBE_C_END program=low
1770720391212300671 PROBE_C_START program=low
1770720391215257303 PROBE_C_END program=low
1770720391417872752 PROBE_C_START program=low
1770720391420802791 PROBE_C_END program=low
1770720391623451684 PROBE_C_START program=low
1770720391626391983 PROBE_C_END program=low
1770720391829011283 PROBE_C_START program=low
1770720391831970378 PROBE_C_END program=low
1770720392034605882 PROBE_C_START program=low
1770720392037552274 PROBE_C_END program=low
1770720392240166685 PROBE_C_START program=low
1770720392243116780 PROBE_C_END program=low
1770720392445770970 PROBE_C_START program=low
1770720392448681657 PROBE_C_END program=low
1770720392651257791 PROBE_C_START program=low
1770720392654227071 PROBE_C_END program=low
1770720392856849649 PROBE_C_START program=low
1770720392859781077 PROBE_C_END program=low
1770720393062411341 PROBE_C_START program=low
1770720393065350287 PROBE_C_END program=low
1770720393267965569 PROBE_C_START program=low
1770720393270921424 PROBE_C_END program=low
1770720393473523131 PROBE_C_START program=low
1770720393476445708 PROBE_C_END program=low
1770720393678977490 PROBE_C_START program=low
1770720393681915862 PROBE_C_END program=low
1770720393884527700 PROBE_C_START program=low
1770720393887491739 PROBE_C_END program=low
1770720394090139521 PROBE_C_START program=low
1770720394093063264 PROBE_C_END program=low
1770720394295704453 PROBE_C_START program=low
1770720394298663437 PROBE_C_END program=low
1770720394501283089 PROBE_C_START program=low
1770720394504204740 PROBE_C_END program=low
1770720394706834411 PROBE_C_START program=low
1770720394709762913 PROBE_C_END program=low
1770720394912394750 PROBE_C_START program=low
1770720394915356049 PROBE_C_END program=low
1770720395117911738 PROBE_C_START program=low
1770720395120828092 PROBE_C_END program=low
1770720395323411244 PROBE_C_START program=low
1770720395326339043 PROBE_C_END program=low
1770720395528954158 PROBE_C_START program=low
1770720395531913901 PROBE_C_END program=low
1770720395734541701 PROBE_C_START program=low
1770720395737464926 PROBE_C_END program=low
1770720395940136837 PROBE_C_START program=low
1770720395943182951 PROBE_C_END program=low
1770720396145843066 PROBE_C_START program=low
1770720396148761420 PROBE_C_END program=low
1770720396351427869 PROBE_C_START program=low
1770720396354370871 PROBE_C_END program=low
1770720396557017616 PROBE_C_START program=low
1770720396559923803 PROBE_C_END program=low
1770720396762547233 PROBE_C_START program=low
1770720396765484624 PROBE_C_END program=low
1770720396968107295 PROBE_C_START program=low
1770720396971083204 PROBE_C_END program=low
1770720397173739505 PROBE_C_START program=low
1770720397176680414 PROBE_C_END program=low
1770720397379354196 PROBE_C_START program=low
1770720397382363735 PROBE_C_END program=low
1770720397584975036 PROBE_C_START program=low
1770720397587911279 PROBE_C_END program=low
1770720397790585616 PROBE_C_START program=low
1770720397793516192 PROBE_C_END program=low
1770720397996148974 PROBE_C_START program=low
1770720397999102680 PROBE_C_END program=low
1770720398201744332 PROBE_C_START program=low
1770720398204685982 PROBE_C_END program=low
1770720398407338561 PROBE_C_START program=low
1770720398410378618 PROBE_C_END program=low
1770720398612998882 PROBE_C_START program=low
1770720398616015884 PROBE_C_END program=low
1770720398818779110 PROBE_C_START program=low
1770720398822076409 PROBE_C_END program=low
1770720399024832598 PROBE_C_START program=low
1770720399027994008 PROBE_C_END program=low
1770720399230873660 PROBE_C_START program=low
1770720399233892385 PROBE_C_END program=low
1770720399436616092 PROBE_C_START program=low
1770720399439631354 PROBE_C_END program=low
1770720399642306987 PROBE_C_START program=low
1770720399645255378 PROBE_C_END program=low
1770720399847961956 PROBE_C_START program=low
1770720399850939255 PROBE_C_END program=low
1770720400053715722 PROBE_C_START program=low
1770720400056643483 PROBE_C_END program=low
1770720400259293450 PROBE_C_START program=low
1770720400262281175 PROBE_C_END program=low
1770720400464930938 PROBE_C_START program=low
1770720400467898477 PROBE_C_END program=low
1770720400670558759 PROBE_C_START program=low
1770720400673543835 PROBE_C_END program=low
1770720400876344450 PROBE_C_START program=low
1770720400879312730 PROBE_C_END program=low
1770720401082001586 PROBE_C_START program=low
1770720401084940180 PROBE_C_END program=low
1770720401287609407 PROBE_C_START program=low
1770720401290592668 PROBE_C_END program=low
1770720401493234487 PROBE_C_START program=low
1770720401496174359 PROBE_C_END program=low
1770720401698818937 PROBE_C_START program=low
1770720401701783902 PROBE_C_END program=low
1770720401904475295 PROBE_C_START program=low
1770720401907432019 PROBE_C_END program=low
1770720402110137505 PROBE_C_START program=low
1770720402113120155 PROBE_C_END program=low
1770720402315815214 PROBE_C_START program=low
1770720402318780513 PROBE_C_END program=low
1770720402521439350 PROBE_C_START program=low
1770720402524381148 PROBE_C_END program=low
1770720402727082152 PROBE_C_START program=low
1770720402730011266 PROBE_C_END program=low
1770720402932625991 PROBE_C_START program=low
1770720402935583364 PROBE_C_END program=low
1770720403138281868 PROBE_C_START program=low
1770720403141209240 PROBE_C_END program=low
1770720403343875022 PROBE_C_START program=low
1770720403346852468 PROBE_C_END program=low
1770720403549451972 PROBE_C_START program=low
1770720403552380993 PROBE_C_END program=low
1770720403754946515 PROBE_C_START program=low
1770720403757856758 PROBE_C_END program=low
1770720403960444095 PROBE_C_START program=low
1770720403963385412 PROBE_C_END program=low
1770720404166069582 PROBE_C_START program=low
1770720404169000214 PROBE_C_END program=low
1770720404371645940 PROBE_C_START program=low
1770720404374578201 PROBE_C_END program=low
1770720404577165964 PROBE_C_START program=low
1770720404580099670 PROBE_C_END program=low
1770720404782691692 PROBE_C_START program=low
1770720404785627083 PROBE_C_END program=low
1770720404988238568 PROBE_C_START program=low
1770720404991203811 PROBE_C_END program=low
1770720405193933370 PROBE_C_START program=low
1770720405196906132 PROBE_C_END program=low
1770720405399625376 PROBE_C_START program=low
1770720405402582897 PROBE_C_END program=low
1770720405605267975 PROBE_C_START program=low
1770720405608227384 PROBE_C_END program=low
1770720405810893629 PROBE_C_START program=low
1770720405813894557 PROBE_C_END program=low
1770720406016618838 PROBE_C_START program=low
1770720406019587729 PROBE_C_END program=low
1770720406222328733 PROBE_C_START program=low
1770720406225317161 PROBE_C_END program=low
1770720406428019794 PROBE_C_START program=low
1770720406431049537 PROBE_C_END program=low
1770720406633727689 PROBE_C_START program=low
1770720406636678987 PROBE_C_END program=low
1770720406839403880 PROBE_C_START program=low
1770720406842454604 PROBE_C_END program=low
1770720407045196756 PROBE_C_START program=low
1770720407048180295 PROBE_C_END program=low
1770720407250862132 PROBE_C_START program=low
1770720407253809116 PROBE_C_END program=low
1770720407456531971 PROBE_C_START program=low
1770720407459527325 PROBE_C_END program=low
1770720407662289903 PROBE_C_START program=low
1770720407665262498 PROBE_C_END program=low
1770720407867981797 PROBE_C_START program=low
1770720407870952244 PROBE_C_END program=low
1770720408073648007 PROBE_C_START program=low
1770720408076580694 PROBE_C_END program=low
1770720408279283938 PROBE_C_START program=low
1770720408282274663 PROBE_C_END program=low
1770720408484922796 PROBE_C_START program=low
1770720408487888002 PROBE_C_END program=low
1770720408690586801 PROBE_C_START program=low
1770720408693583007 PROBE_C_END program=low
1770720408896322529 PROBE_C_START program=low
1770720408899297846 PROBE_C_END program=low
1770720409101981498 PROBE_C_START program=low
1770720409105045222 PROBE_C_END program=low
1770720409307856930 PROBE_C_START program=low
1770720409311071988 PROBE_C_END program=low
1770720409513961787 PROBE_C_START program=low
1770720409516911215 PROBE_C_END program=low
1770720409719499997 PROBE_C_START program=low
1770720409722400702 PROBE_C_END program=low
1770720409925024446 PROBE_C_START program=low
1770720409927971671 PROBE_C_END program=low
1770720410130564526 PROBE_C_START program=low
1770720410133560139 PROBE_C_END program=low
1770720410336158383 PROBE_C_START program=low
1770720410339087848 PROBE_C_END program=low
1770720410541734111 PROBE_C_START program=low
1770720410544668187 PROBE_C_END program=low
1770720410747332820 PROBE_C_START program=low
1770720410750226878 PROBE_C_END program=low
1770720410952790640 PROBE_C_START program=low
1770720410955777402 PROBE_C_END program=low
