1772461331974841609 R2_IDLE_B seconds=60
1772461391976774382 R2_PROBE_B seconds=240 bvar=fsync program=low
1772461391979645185 PROBE_B_START program=low bvar=fsync
1772461392034278219 PROBE_B_END program=low bvar=fsync
1772461392237133376 PROBE_B_START program=low bvar=fsync
1772461392338368723 PROBE_B_END program=low bvar=fsync
1772461392541293473 PROBE_B_START program=low bvar=fsync
1772461392592329258 PROBE_B_END program=low bvar=fsync
1772461392795284045 PROBE_B_START program=low bvar=fsync
1772461392848053724 PROBE_B_END program=low bvar=fsync
1772461393051024862 PROBE_B_START program=low bvar=fsync
1772461393105995953 PROBE_B_END program=low bvar=fsync
1772461393308973500 PROBE_B_START program=low bvar=fsync
1772461393362243661 PROBE_B_END program=low bvar=fsync
1772461393565179966 PROBE_B_START program=low bvar=fsync
1772461393619568667 PROBE_B_END program=low bvar=fsync
1772461393822512028 PROBE_B_START program=low bvar=fsync
1772461393874682168 PROBE_B_END program=low bvar=fsync
1772461394077579454 PROBE_B_START program=low bvar=fsync
1772461394127685126 PROBE_B_END program=low bvar=fsync
1772461394330666876 PROBE_B_START program=low bvar=fsync
1772461394382509293 PROBE_B_END program=low bvar=fsync
1772461394585380950 PROBE_B_START program=low bvar=fsync
1772461394633442821 PROBE_B_END program=low bvar=fsync
1772461394836426719 PROBE_B_START program=low bvar=fsync
1772461394886001409 PROBE_B_END program=low bvar=fsync
1772461395088830195 PROBE_B_START program=low bvar=fsync
1772461395141764633 PROBE_B_END program=low bvar=fsync
1772461395344543031 PROBE_B_START program=low bvar=fsync
1772461395396495522 PROBE_B_END program=low bvar=fsync
1772461395599409068 PROBE_B_START program=low bvar=fsync
1772461395700919304 PROBE_B_END program=low bvar=fsync
1772461395903799294 PROBE_B_START program=low bvar=fsync
1772461395957449216 PROBE_B_END program=low bvar=fsync
1772461396160290317 PROBE_B_START program=low bvar=fsync
1772461396212086789 PROBE_B_END program=low bvar=fsync
1772461396414936539 PROBE_B_START program=low bvar=fsync
1772461396468024051 PROBE_B_END program=low bvar=fsync
1772461396670998597 PROBE_B_START program=low bvar=fsync
1772461396723908387 PROBE_B_END program=low bvar=fsync
1772461396926803766 PROBE_B_START program=low bvar=fsync
1772461397393989852 PROBE_B_END program=low bvar=fsync
1772461397596883231 PROBE_B_START program=low bvar=fsync
1772461397644144341 PROBE_B_END program=low bvar=fsync
1772461397847092906 PROBE_B_START program=low bvar=fsync
1772461397897381930 PROBE_B_END program=low bvar=fsync
1772461398100381569 PROBE_B_START program=low bvar=fsync
1772461398172460384 PROBE_B_END program=low bvar=fsync
1772461398375309837 PROBE_B_START program=low bvar=fsync
1772461398423568653 PROBE_B_END program=low bvar=fsync
1772461398626487384 PROBE_B_START program=low bvar=fsync
1772461398676901724 PROBE_B_END program=low bvar=fsync
1772461398879749399 PROBE_B_START program=low bvar=fsync
1772461398928322364 PROBE_B_END program=low bvar=fsync
1772461399131325650 PROBE_B_START program=low bvar=fsync
1772461399181334211 PROBE_B_END program=low bvar=fsync
1772461399384121682 PROBE_B_START program=low bvar=fsync
1772461400130755010 PROBE_B_END program=low bvar=fsync
1772461400334024020 PROBE_B_START program=low bvar=fsync
1772461400432653378 PROBE_B_END program=low bvar=fsync
1772461400635637091 PROBE_B_START program=low bvar=fsync
1772461400684396130 PROBE_B_END program=low bvar=fsync
1772461400887371583 PROBE_B_START program=low bvar=fsync
1772461400940423170 PROBE_B_END program=low bvar=fsync
1772461401143453790 PROBE_B_START program=low bvar=fsync
1772461401193679777 PROBE_B_END program=low bvar=fsync
1772461401396810749 PROBE_B_START program=low bvar=fsync
1772461401447379292 PROBE_B_END program=low bvar=fsync
1772461401650373912 PROBE_B_START program=low bvar=fsync
1772461401699090599 PROBE_B_END program=low bvar=fsync
1772461401902082608 PROBE_B_START program=low bvar=fsync
1772461401951019240 PROBE_B_END program=low bvar=fsync
1772461402153938637 PROBE_B_START program=low bvar=fsync
1772461402203617401 PROBE_B_END program=low bvar=fsync
1772461402407406671 PROBE_B_START program=low bvar=fsync
1772461402454246168 PROBE_B_END program=low bvar=fsync
1772461402657319751 PROBE_B_START program=low bvar=fsync
1772461402709362798 PROBE_B_END program=low bvar=fsync
1772461402912331288 PROBE_B_START program=low bvar=fsync
1772461402959925603 PROBE_B_END program=low bvar=fsync
1772461403162823389 PROBE_B_START program=low bvar=fsync
1772461403215050806 PROBE_B_END program=low bvar=fsync
1772461403418016222 PROBE_B_START program=low bvar=fsync
1772461403518130733 PROBE_B_END program=low bvar=fsync
1772461403721187593 PROBE_B_START program=low bvar=fsync
1772461403771310635 PROBE_B_END program=low bvar=fsync
1772461403974253533 PROBE_B_START program=low bvar=fsync
1772461404021948866 PROBE_B_END program=low bvar=fsync
1772461404224992541 PROBE_B_START program=low bvar=fsync
1772461404277976794 PROBE_B_END program=low bvar=fsync
1772461404481248025 PROBE_B_START program=low bvar=fsync
1772461404528935654 PROBE_B_END program=low bvar=fsync
1772461404731954052 PROBE_B_START program=low bvar=fsync
1772461404781720556 PROBE_B_END program=low bvar=fsync
1772461404984632398 PROBE_B_START program=low bvar=fsync
1772461405033532549 PROBE_B_END program=low bvar=fsync
1772461405236512224 PROBE_B_START program=low bvar=fsync
1772461405288474492 PROBE_B_END program=low bvar=fsync
1772461405491433908 PROBE_B_START program=low bvar=fsync
1772461405538809111 PROBE_B_END program=low bvar=fsync
1772461405741802508 PROBE_B_START program=low bvar=fsync
1772461405789218229 PROBE_B_END program=low bvar=fsync
1772461405992332534 PROBE_B_START program=low bvar=fsync
1772461406043777487 PROBE_B_END program=low bvar=fsync
1772461406246759033 PROBE_B_START program=low bvar=fsync
1772461406295516516 PROBE_B_END program=low bvar=fsync
1772461406498428524 PROBE_B_START program=low bvar=fsync
1772461406549504661 PROBE_B_END program=low bvar=fsync
1772461406752931449 PROBE_B_START program=low bvar=fsync
1772461406852766680 PROBE_B_END program=low bvar=fsync
1772461407055746263 PROBE_B_START program=low bvar=fsync
1772461407107984217 PROBE_B_END program=low bvar=fsync
1772461407310974615 PROBE_B_START program=low bvar=fsync
1772461407365219426 PROBE_B_END program=low bvar=fsync
1772461407568604046 PROBE_B_START program=low bvar=fsync
1772461407621114168 PROBE_B_END program=low bvar=fsync
1772461407824076935 PROBE_B_START program=low bvar=fsync
1772461407877634319 PROBE_B_END program=low bvar=fsync
1772461408080687624 PROBE_B_START program=low bvar=fsync
1772461408133455876 PROBE_B_END program=low bvar=fsync
1772461408336574996 PROBE_B_START program=low bvar=fsync
1772461408390032564 PROBE_B_END program=low bvar=fsync
1772461408593085498 PROBE_B_START program=low bvar=fsync
1772461408642726206 PROBE_B_END program=low bvar=fsync
1772461408846054437 PROBE_B_START program=low bvar=fsync
1772461409873682267 PROBE_B_END program=low bvar=fsync
1772461410076677256 PROBE_B_START program=low bvar=fsync
1772461410819779703 PROBE_B_END program=low bvar=fsync
1772461411022739841 PROBE_B_START program=low bvar=fsync
1772461411072683586 PROBE_B_END program=low bvar=fsync
1772461411275633520 PROBE_B_START program=low bvar=fsync
1772461411323939484 PROBE_B_END program=low bvar=fsync
1772461411527035974 PROBE_B_START program=low bvar=fsync
1772461411578842816 PROBE_B_END program=low bvar=fsync
1772461411781811546 PROBE_B_START program=low bvar=fsync
1772461411814282825 PROBE_B_END program=low bvar=fsync
1772461412017193722 PROBE_B_START program=low bvar=fsync
1772461412103172718 PROBE_B_END program=low bvar=fsync
1772461412306223504 PROBE_B_START program=low bvar=fsync
1772461412366774441 PROBE_B_END program=low bvar=fsync
1772461412570016190 PROBE_B_START program=low bvar=fsync
1772461412628875623 PROBE_B_END program=low bvar=fsync
1772461412831783167 PROBE_B_START program=low bvar=fsync
1772461412895076685 PROBE_B_END program=low bvar=fsync
1772461413098050322 PROBE_B_START program=low bvar=fsync
1772461413149428552 PROBE_B_END program=low bvar=fsync
1772461413352372097 PROBE_B_START program=low bvar=fsync
1772461413403432568 PROBE_B_END program=low bvar=fsync
1772461413606628113 PROBE_B_START program=low bvar=fsync
1772461413653633241 PROBE_B_END program=low bvar=fsync
1772461413856540767 PROBE_B_START program=low bvar=fsync
1772461413906664439 PROBE_B_END program=low bvar=fsync
1772461414109749836 PROBE_B_START program=low bvar=fsync
1772461414159603692 PROBE_B_END program=low bvar=fsync
1772461414362567385 PROBE_B_START program=low bvar=fsync
1772461414412012574 PROBE_B_END program=low bvar=fsync
1772461414615112452 PROBE_B_START program=low bvar=fsync
1772461414663815491 PROBE_B_END program=low bvar=fsync
1772461414866700258 PROBE_B_START program=low bvar=fsync
1772461414902197303 PROBE_B_END program=low bvar=fsync
1772461415105256496 PROBE_B_START program=low bvar=fsync
1772461415134167934 PROBE_B_END program=low bvar=fsync
1772461415337228812 PROBE_B_START program=low bvar=fsync
1772461415366343435 PROBE_B_END program=low bvar=fsync
1772461415569300035 PROBE_B_START program=low bvar=fsync
1772461415598811900 PROBE_B_END program=low bvar=fsync
1772461415801717093 PROBE_B_START program=low bvar=fsync
1772461415830022325 PROBE_B_END program=low bvar=fsync
1772461416032994610 PROBE_B_START program=low bvar=fsync
1772461416063706330 PROBE_B_END program=low bvar=fsync
1772461416266686023 PROBE_B_START program=low bvar=fsync
1772461416350865440 PROBE_B_END program=low bvar=fsync
1772461416553795559 PROBE_B_START program=low bvar=fsync
1772461416671556795 PROBE_B_END program=low bvar=fsync
1772461416874694506 PROBE_B_START program=low bvar=fsync
1772461416944771854 PROBE_B_END program=low bvar=fsync
1772461417147662695 PROBE_B_START program=low bvar=fsync
1772461417216634040 PROBE_B_END program=low bvar=fsync
1772461417419567584 PROBE_B_START program=low bvar=fsync
1772461417478996741 PROBE_B_END program=low bvar=fsync
1772461417682009119 PROBE_B_START program=low bvar=fsync
1772461417739795475 PROBE_B_END program=low bvar=fsync
1772461417942653686 PROBE_B_START program=low bvar=fsync
1772461418004365847 PROBE_B_END program=low bvar=fsync
1772461418207402763 PROBE_B_START program=low bvar=fsync
1772461418270428390 PROBE_B_END program=low bvar=fsync
1772461418473339953 PROBE_B_START program=low bvar=fsync
1772461418533165832 PROBE_B_END program=low bvar=fsync
1772461418737410750 PROBE_B_START program=low bvar=fsync
1772461418798552262 PROBE_B_END program=low bvar=fsync
1772461419001483936 PROBE_B_START program=low bvar=fsync
1772461419111283783 PROBE_B_END program=low bvar=fsync
1772461419314273365 PROBE_B_START program=low bvar=fsync
1772461419364638852 PROBE_B_END program=low bvar=fsync
1772461419567649712 PROBE_B_START program=low bvar=fsync
1772461419620428852 PROBE_B_END program=low bvar=fsync
1772461419823609323 PROBE_B_START program=low bvar=fsync
1772461419875165313 PROBE_B_END program=low bvar=fsync
1772461420078095228 PROBE_B_START program=low bvar=fsync
1772461420130998258 PROBE_B_END program=low bvar=fsync
1772461420333985395 PROBE_B_START program=low bvar=fsync
1772461420386267071 PROBE_B_END program=low bvar=fsync
1772461420589247931 PROBE_B_START program=low bvar=fsync
1772461421279578882 PROBE_B_END program=low bvar=fsync
1772461421482692427 PROBE_B_START program=low bvar=fsync
1772461422432533572 PROBE_B_END program=low bvar=fsync
1772461422635626746 PROBE_B_START program=low bvar=fsync
1772461423050586152 PROBE_B_END program=low bvar=fsync
1772461423253725696 PROBE_B_START program=low bvar=fsync
1772461423302616180 PROBE_B_END program=low bvar=fsync
1772461423505842317 PROBE_B_START program=low bvar=fsync
1772461423557488937 PROBE_B_END program=low bvar=fsync
1772461423760455037 PROBE_B_START program=low bvar=fsync
1772461423809210835 PROBE_B_END program=low bvar=fsync
1772461424012257638 PROBE_B_START program=low bvar=fsync
1772461424064514185 PROBE_B_END program=low bvar=fsync
1772461424267538359 PROBE_B_START program=low bvar=fsync
1772461424316492806 PROBE_B_END program=low bvar=fsync
1772461424519563406 PROBE_B_START program=low bvar=fsync
1772461424572225991 PROBE_B_END program=low bvar=fsync
1772461424775290387 PROBE_B_START program=low bvar=fsync
1772461424824167074 PROBE_B_END program=low bvar=fsync
1772461425027333285 PROBE_B_START program=low bvar=fsync
1772461425076485436 PROBE_B_END program=low bvar=fsync
1772461425279699629 PROBE_B_START program=low bvar=fsync
1772461425332172843 PROBE_B_END program=low bvar=fsync
1772461425535510684 PROBE_B_START program=low bvar=fsync
1772461425580890049 PROBE_B_END program=low bvar=fsync
1772461425783891556 PROBE_B_START program=low bvar=fsync
1772461425813193439 PROBE_B_END program=low bvar=fsync
1772461426016315576 PROBE_B_START program=low bvar=fsync
1772461426102387127 PROBE_B_END program=low bvar=fsync
1772461426305438393 PROBE_B_START program=low bvar=fsync
1772461426365676125 PROBE_B_END program=low bvar=fsync
1772461426568829244 PROBE_B_START program=low bvar=fsync
1772461426627839584 PROBE_B_END program=low bvar=fsync
1772461426830771220 PROBE_B_START program=low bvar=fsync
1772461426891149082 PROBE_B_END program=low bvar=fsync
1772461427094417053 PROBE_B_START program=low bvar=fsync
1772461427154207284 PROBE_B_END program=low bvar=fsync
1772461427357230680 PROBE_B_START program=low bvar=fsync
1772461427406703683 PROBE_B_END program=low bvar=fsync
1772461427609896394 PROBE_B_START program=low bvar=fsync
1772461427661501551 PROBE_B_END program=low bvar=fsync
1772461427864538484 PROBE_B_START program=low bvar=fsync
1772461427914022358 PROBE_B_END program=low bvar=fsync
1772461428117152272 PROBE_B_START program=low bvar=fsync
1772461428168082909 PROBE_B_END program=low bvar=fsync
1772461428371222360 PROBE_B_START program=low bvar=fsync
1772461428419356824 PROBE_B_END program=low bvar=fsync
1772461428622675794 PROBE_B_START program=low bvar=fsync
1772461428670622942 PROBE_B_END program=low bvar=fsync
1772461428873771690 PROBE_B_START program=low bvar=fsync
1772461428903107092 PROBE_B_END program=low bvar=fsync
1772461429106405692 PROBE_B_START program=low bvar=fsync
1772461429136479002 PROBE_B_END program=low bvar=fsync
1772461429339571454 PROBE_B_START program=low bvar=fsync
1772461429426158247 PROBE_B_END program=low bvar=fsync
1772461429629169624 PROBE_B_START program=low bvar=fsync
1772461429690911563 PROBE_B_END program=low bvar=fsync
1772461429894020922 PROBE_B_START program=low bvar=fsync
1772461429951384073 PROBE_B_END program=low bvar=fsync
1772461430154699544 PROBE_B_START program=low bvar=fsync
1772461430216690113 PROBE_B_END program=low bvar=fsync
1772461430419777009 PROBE_B_START program=low bvar=fsync
1772461430481280244 PROBE_B_END program=low bvar=fsync
1772461430684439306 PROBE_B_START program=low bvar=fsync
1772461430746799784 PROBE_B_END program=low bvar=fsync
1772461430949974699 PROBE_B_START program=low bvar=fsync
1772461431009773356 PROBE_B_END program=low bvar=fsync
1772461431212810585 PROBE_B_START program=low bvar=fsync
1772461431262693330 PROBE_B_END program=low bvar=fsync
1772461431465815948 PROBE_B_START program=low bvar=fsync
1772461431517565919 PROBE_B_END program=low bvar=fsync
1772461431720794760 PROBE_B_START program=low bvar=fsync
1772461431775266571 PROBE_B_END program=low bvar=fsync
1772461431978433634 PROBE_B_START program=low bvar=fsync
1772461432008347629 PROBE_B_END program=low bvar=fsync
1772461432211618710 PROBE_B_START program=low bvar=fsync
1772461432241339779 PROBE_B_END program=low bvar=fsync
1772461432444527230 PROBE_B_START program=low bvar=fsync
1772461432474020039 PROBE_B_END program=low bvar=fsync
1772461432677092028 PROBE_B_START program=low bvar=fsync
1772461432765275213 PROBE_B_END program=low bvar=fsync
1772461432968428072 PROBE_B_START program=low bvar=fsync
1772461433404027487 PROBE_B_END program=low bvar=fsync
1772461433607074475 PROBE_B_START program=low bvar=fsync
1772461433687337087 PROBE_B_END program=low bvar=fsync
1772461433890429445 PROBE_B_START program=low bvar=fsync
1772461433949272859 PROBE_B_END program=low bvar=fsync
1772461434152367366 PROBE_B_START program=low bvar=fsync
1772461434216278569 PROBE_B_END program=low bvar=fsync
1772461434419530576 PROBE_B_START program=low bvar=fsync
1772461434478183360 PROBE_B_END program=low bvar=fsync
1772461434681359997 PROBE_B_START program=low bvar=fsync
1772461434742427564 PROBE_B_END program=low bvar=fsync
1772461434945565645 PROBE_B_START program=low bvar=fsync
1772461435005543043 PROBE_B_END program=low bvar=fsync
1772461435208696383 PROBE_B_START program=low bvar=fsync
1772461435257412940 PROBE_B_END program=low bvar=fsync
1772461435460525336 PROBE_B_START program=low bvar=fsync
1772461435520523548 PROBE_B_END program=low bvar=fsync
1772461435723800481 PROBE_B_START program=low bvar=fsync
1772461435781052651 PROBE_B_END program=low bvar=fsync
1772461435984428510 PROBE_B_START program=low bvar=fsync
1772461436037919411 PROBE_B_END program=low bvar=fsync
1772461436241089474 PROBE_B_START program=low bvar=fsync
1772461436292299777 PROBE_B_END program=low bvar=fsync
1772461436495688433 PROBE_B_START program=low bvar=fsync
1772461436595935498 PROBE_B_END program=low bvar=fsync
1772461436799018134 PROBE_B_START program=low bvar=fsync
1772461436853329630 PROBE_B_END program=low bvar=fsync
1772461437056665470 PROBE_B_START program=low bvar=fsync
1772461437108540664 PROBE_B_END program=low bvar=fsync
1772461437312289876 PROBE_B_START program=low bvar=fsync
1772461437366383501 PROBE_B_END program=low bvar=fsync
1772461437569654545 PROBE_B_START program=low bvar=fsync
1772461437620950164 PROBE_B_END program=low bvar=fsync
1772461437824680116 PROBE_B_START program=low bvar=fsync
1772461437875880105 PROBE_B_END program=low bvar=fsync
1772461438079093778 PROBE_B_START program=low bvar=fsync
1772461438132908625 PROBE_B_END program=low bvar=fsync
1772461438336513281 PROBE_B_START program=low bvar=fsync
1772461438389624404 PROBE_B_END program=low bvar=fsync
1772461438593071837 PROBE_B_START program=low bvar=fsync
1772461438640789243 PROBE_B_END program=low bvar=fsync
1772461438843949750 PROBE_B_START program=low bvar=fsync
1772461438893830847 PROBE_B_END program=low bvar=fsync
1772461439096950501 PROBE_B_START program=low bvar=fsync
1772461439146235449 PROBE_B_END program=low bvar=fsync
1772461439349750752 PROBE_B_START program=low bvar=fsync
1772461439398536272 PROBE_B_END program=low bvar=fsync
1772461439601376445 PROBE_B_START program=low bvar=fsync
1772461439649172278 PROBE_B_END program=low bvar=fsync
1772461439852338506 PROBE_B_START program=low bvar=fsync
1772461439946156520 PROBE_B_END program=low bvar=fsync
1772461440149269396 PROBE_B_START program=low bvar=fsync
1772461440198934381 PROBE_B_END program=low bvar=fsync
1772461440401985758 PROBE_B_START program=low bvar=fsync
1772461440452162300 PROBE_B_END program=low bvar=fsync
1772461440655609585 PROBE_B_START program=low bvar=fsync
1772461440707560501 PROBE_B_END program=low bvar=fsync
1772461440910732785 PROBE_B_START program=low bvar=fsync
1772461440967909621 PROBE_B_END program=low bvar=fsync
1772461441171186369 PROBE_B_START program=low bvar=fsync
1772461441226481608 PROBE_B_END program=low bvar=fsync
1772461441429771540 PROBE_B_START program=low bvar=fsync
1772461441484086592 PROBE_B_END program=low bvar=fsync
1772461441687596117 PROBE_B_START program=low bvar=fsync
1772461441737596918 PROBE_B_END program=low bvar=fsync
1772461441940927184 PROBE_B_START program=low bvar=fsync
1772461442006757318 PROBE_B_END program=low bvar=fsync
1772461442210008306 PROBE_B_START program=low bvar=fsync
1772461442751764835 PROBE_B_END program=low bvar=fsync
1772461442954982971 PROBE_B_START program=low bvar=fsync
1772461443023003851 PROBE_B_END program=low bvar=fsync
1772461443226393413 PROBE_B_START program=low bvar=fsync
1772461443275898324 PROBE_B_END program=low bvar=fsync
1772461443479040774 PROBE_B_START program=low bvar=fsync
1772461443527753739 PROBE_B_END program=low bvar=fsync
1772461443730744319 PROBE_B_START program=low bvar=fsync
1772461443866182446 PROBE_B_END program=low bvar=fsync
1772461444069409397 PROBE_B_START program=low bvar=fsync
1772461444118816659 PROBE_B_END program=low bvar=fsync
1772461444322014684 PROBE_B_START program=low bvar=fsync
1772461444374331175 PROBE_B_END program=low bvar=fsync
1772461444577434293 PROBE_B_START program=low bvar=fsync
1772461444673262773 PROBE_B_END program=low bvar=fsync
1772461444876386057 PROBE_B_START program=low bvar=fsync
1772461444926210006 PROBE_B_END program=low bvar=fsync
1772461445129257808 PROBE_B_START program=low bvar=fsync
1772461445178274625 PROBE_B_END program=low bvar=fsync
1772461445381386501 PROBE_B_START program=low bvar=fsync
1772461445452798147 PROBE_B_END program=low bvar=fsync
1772461445656098284 PROBE_B_START program=low bvar=fsync
1772461445704850415 PROBE_B_END program=low bvar=fsync
1772461445907823198 PROBE_B_START program=low bvar=fsync
1772461445956740033 PROBE_B_END program=low bvar=fsync
1772461446159897780 PROBE_B_START program=low bvar=fsync
1772461446312226687 PROBE_B_END program=low bvar=fsync
1772461446515415564 PROBE_B_START program=low bvar=fsync
1772461446564083454 PROBE_B_END program=low bvar=fsync
1772461446767224997 PROBE_B_START program=low bvar=fsync
1772461446817778373 PROBE_B_END program=low bvar=fsync
1772461447021022657 PROBE_B_START program=low bvar=fsync
1772461447089453926 PROBE_B_END program=low bvar=fsync
1772461447292546692 PROBE_B_START program=low bvar=fsync
1772461447343323772 PROBE_B_END program=low bvar=fsync
1772461447546456889 PROBE_B_START program=low bvar=fsync
1772461447679442603 PROBE_B_END program=low bvar=fsync
1772461447882410035 PROBE_B_START program=low bvar=fsync
1772461447952559419 PROBE_B_END program=low bvar=fsync
1772461448155714258 PROBE_B_START program=low bvar=fsync
1772461448203623924 PROBE_B_END program=low bvar=fsync
1772461448406801393 PROBE_B_START program=low bvar=fsync
1772461448457576214 PROBE_B_END program=low bvar=fsync
1772461448660644053 PROBE_B_START program=low bvar=fsync
1772461448708634997 PROBE_B_END program=low bvar=fsync
1772461448911947707 PROBE_B_START program=low bvar=fsync
1772461448964739144 PROBE_B_END program=low bvar=fsync
1772461449167941039 PROBE_B_START program=low bvar=fsync
1772461449215989205 PROBE_B_END program=low bvar=fsync
1772461449419168600 PROBE_B_START program=low bvar=fsync
1772461449467249137 PROBE_B_END program=low bvar=fsync
1772461449670862644 PROBE_B_START program=low bvar=fsync
1772461449769117945 PROBE_B_END program=low bvar=fsync
1772461449972285247 PROBE_B_START program=low bvar=fsync
1772461450021187101 PROBE_B_END program=low bvar=fsync
1772461450224331329 PROBE_B_START program=low bvar=fsync
1772461450272556848 PROBE_B_END program=low bvar=fsync
1772461450475824631 PROBE_B_START program=low bvar=fsync
1772461450527175139 PROBE_B_END program=low bvar=fsync
1772461450730392904 PROBE_B_START program=low bvar=fsync
1772461450780810465 PROBE_B_END program=low bvar=fsync
1772461450983927508 PROBE_B_START program=low bvar=fsync
1772461451034329791 PROBE_B_END program=low bvar=fsync
1772461451237491241 PROBE_B_START program=low bvar=fsync
1772461451337470823 PROBE_B_END program=low bvar=fsync
1772461451540512199 PROBE_B_START program=low bvar=fsync
1772461451594082952 PROBE_B_END program=low bvar=fsync
1772461451797316125 PROBE_B_START program=low bvar=fsync
1772461451851764528 PROBE_B_END program=low bvar=fsync
1772461452054797515 PROBE_B_START program=low bvar=fsync
1772461452106647542 PROBE_B_END program=low bvar=fsync
1772461452309666066 PROBE_B_START program=low bvar=fsync
1772461452362687578 PROBE_B_END program=low bvar=fsync
1772461452565685972 PROBE_B_START program=low bvar=fsync
1772461452615683846 PROBE_B_END program=low bvar=fsync
1772461452818759870 PROBE_B_START program=low bvar=fsync
1772461452874046591 PROBE_B_END program=low bvar=fsync
1772461453077916468 PROBE_B_START program=low bvar=fsync
1772461453692390219 PROBE_B_END program=low bvar=fsync
1772461453896511523 PROBE_B_START program=low bvar=fsync
1772461454921745721 PROBE_B_END program=low bvar=fsync
1772461455125085042 PROBE_B_START program=low bvar=fsync
1772461455217574107 PROBE_B_END program=low bvar=fsync
1772461455420704631 PROBE_B_START program=low bvar=fsync
1772461455470570913 PROBE_B_END program=low bvar=fsync
1772461455673642992 PROBE_B_START program=low bvar=fsync
1772461455723789274 PROBE_B_END program=low bvar=fsync
1772461455926830113 PROBE_B_START program=low bvar=fsync
1772461455982023740 PROBE_B_END program=low bvar=fsync
1772461456185645710 PROBE_B_START program=low bvar=fsync
1772461456234332192 PROBE_B_END program=low bvar=fsync
1772461456437434105 PROBE_B_START program=low bvar=fsync
1772461456488985317 PROBE_B_END program=low bvar=fsync
1772461456692201730 PROBE_B_START program=low bvar=fsync
1772461456742395864 PROBE_B_END program=low bvar=fsync
1772461456945475017 PROBE_B_START program=low bvar=fsync
1772461456997650341 PROBE_B_END program=low bvar=fsync
1772461457200662346 PROBE_B_START program=low bvar=fsync
1772461457303775732 PROBE_B_END program=low bvar=fsync
1772461457506880367 PROBE_B_START program=low bvar=fsync
1772461457558137596 PROBE_B_END program=low bvar=fsync
1772461457761332528 PROBE_B_START program=low bvar=fsync
1772461457811146569 PROBE_B_END program=low bvar=fsync
1772461458014367500 PROBE_B_START program=low bvar=fsync
1772461458069394034 PROBE_B_END program=low bvar=fsync
1772461458273178374 PROBE_B_START program=low bvar=fsync
1772461458322955804 PROBE_B_END program=low bvar=fsync
1772461458526098643 PROBE_B_START program=low bvar=fsync
1772461458574468754 PROBE_B_END program=low bvar=fsync
1772461458777432444 PROBE_B_START program=low bvar=fsync
1772461458831057975 PROBE_B_END program=low bvar=fsync
1772461459034065647 PROBE_B_START program=low bvar=fsync
1772461459084569689 PROBE_B_END program=low bvar=fsync
1772461459287894491 PROBE_B_START program=low bvar=fsync
1772461459337231568 PROBE_B_END program=low bvar=fsync
1772461459540446684 PROBE_B_START program=low bvar=fsync
1772461459589768798 PROBE_B_END program=low bvar=fsync
1772461459792892951 PROBE_B_START program=low bvar=fsync
1772461459843229956 PROBE_B_END program=low bvar=fsync
1772461460046409684 PROBE_B_START program=low bvar=fsync
1772461460094643925 PROBE_B_END program=low bvar=fsync
1772461460297751467 PROBE_B_START program=low bvar=fsync
1772461460349187937 PROBE_B_END program=low bvar=fsync
1772461460552327887 PROBE_B_START program=low bvar=fsync
1772461460652471636 PROBE_B_END program=low bvar=fsync
1772461460855695419 PROBE_B_START program=low bvar=fsync
1772461460907686465 PROBE_B_END program=low bvar=fsync
1772461461110781600 PROBE_B_START program=low bvar=fsync
1772461461165972745 PROBE_B_END program=low bvar=fsync
1772461461369158991 PROBE_B_START program=low bvar=fsync
1772461461420438091 PROBE_B_END program=low bvar=fsync
1772461461623460929 PROBE_B_START program=low bvar=fsync
1772461461672941136 PROBE_B_END program=low bvar=fsync
1772461461875963548 PROBE_B_START program=low bvar=fsync
1772461461924594660 PROBE_B_END program=low bvar=fsync
1772461462127807036 PROBE_B_START program=low bvar=fsync
1772461462179559044 PROBE_B_END program=low bvar=fsync
1772461462382621586 PROBE_B_START program=low bvar=fsync
1772461462430618752 PROBE_B_END program=low bvar=fsync
1772461462634060757 PROBE_B_START program=low bvar=fsync
1772461462684843226 PROBE_B_END program=low bvar=fsync
1772461462888128398 PROBE_B_START program=low bvar=fsync
1772461462938947256 PROBE_B_END program=low bvar=fsync
1772461463142184021 PROBE_B_START program=low bvar=fsync
1772461463191328801 PROBE_B_END program=low bvar=fsync
1772461463394630491 PROBE_B_START program=low bvar=fsync
1772461463445433608 PROBE_B_END program=low bvar=fsync
1772461463648659539 PROBE_B_START program=low bvar=fsync
1772461463698811192 PROBE_B_END program=low bvar=fsync
1772461463901850271 PROBE_B_START program=low bvar=fsync
1772461464009133870 PROBE_B_END program=low bvar=fsync
1772461464212370171 PROBE_B_START program=low bvar=fsync
1772461464266100887 PROBE_B_END program=low bvar=fsync
1772461464469282559 PROBE_B_START program=low bvar=fsync
1772461464518247153 PROBE_B_END program=low bvar=fsync
1772461464721327769 PROBE_B_START program=low bvar=fsync
1772461464773643353 PROBE_B_END program=low bvar=fsync
1772461464976845080 PROBE_B_START program=low bvar=fsync
1772461465030115240 PROBE_B_END program=low bvar=fsync
1772461465233263393 PROBE_B_START program=low bvar=fsync
1772461465286122218 PROBE_B_END program=low bvar=fsync
1772461465489511853 PROBE_B_START program=low bvar=fsync
1772461465544930833 PROBE_B_END program=low bvar=fsync
1772461465748026041 PROBE_B_START program=low bvar=fsync
1772461465799755771 PROBE_B_END program=low bvar=fsync
1772461466002768165 PROBE_B_START program=low bvar=fsync
1772461466056263066 PROBE_B_END program=low bvar=fsync
1772461466259448071 PROBE_B_START program=low bvar=fsync
1772461466313391047 PROBE_B_END program=low bvar=fsync
1772461466516413644 PROBE_B_START program=low bvar=fsync
1772461467133323990 PROBE_B_END program=low bvar=fsync
1772461467336580255 PROBE_B_START program=low bvar=fsync
1772461468331257748 PROBE_B_END program=low bvar=fsync
1772461468534451327 PROBE_B_START program=low bvar=fsync
1772461468843818003 PROBE_B_END program=low bvar=fsync
1772461469046999489 PROBE_B_START program=low bvar=fsync
1772461469098522015 PROBE_B_END program=low bvar=fsync
1772461469301625408 PROBE_B_START program=low bvar=fsync
1772461469350050872 PROBE_B_END program=low bvar=fsync
1772461469553150154 PROBE_B_START program=low bvar=fsync
1772461469604316031 PROBE_B_END program=low bvar=fsync
1772461469807527721 PROBE_B_START program=low bvar=fsync
1772461469856974446 PROBE_B_END program=low bvar=fsync
1772461470060238432 PROBE_B_START program=low bvar=fsync
1772461470110664548 PROBE_B_END program=low bvar=fsync
1772461470313840220 PROBE_B_START program=low bvar=fsync
1772461470363438167 PROBE_B_END program=low bvar=fsync
1772461470566514190 PROBE_B_START program=low bvar=fsync
1772461470617675789 PROBE_B_END program=low bvar=fsync
1772461470820875238 PROBE_B_START program=low bvar=fsync
1772461470870055851 PROBE_B_END program=low bvar=fsync
1772461471073265967 PROBE_B_START program=low bvar=fsync
1772461471126742776 PROBE_B_END program=low bvar=fsync
1772461471329867817 PROBE_B_START program=low bvar=fsync
1772461471379030393 PROBE_B_END program=low bvar=fsync
1772461471582101564 PROBE_B_START program=low bvar=fsync
1772461471630831343 PROBE_B_END program=low bvar=fsync
1772461471834093329 PROBE_B_START program=low bvar=fsync
1772461471882194366 PROBE_B_END program=low bvar=fsync
1772461472085389741 PROBE_B_START program=low bvar=fsync
1772461472139096513 PROBE_B_END program=low bvar=fsync
1772461472342464777 PROBE_B_START program=low bvar=fsync
1772461472379192584 PROBE_B_END program=low bvar=fsync
1772461472582391570 PROBE_B_START program=low bvar=fsync
1772461472666518263 PROBE_B_END program=low bvar=fsync
1772461472869694786 PROBE_B_START program=low bvar=fsync
1772461472930524408 PROBE_B_END program=low bvar=fsync
1772461473133822505 PROBE_B_START program=low bvar=fsync
1772461473194236033 PROBE_B_END program=low bvar=fsync
1772461473397384611 PROBE_B_START program=low bvar=fsync
1772461473455150540 PROBE_B_END program=low bvar=fsync
1772461473658474860 PROBE_B_START program=low bvar=fsync
1772461473709353292 PROBE_B_END program=low bvar=fsync
1772461473912436407 PROBE_B_START program=low bvar=fsync
1772461473963097431 PROBE_B_END program=low bvar=fsync
1772461474166553862 PROBE_B_START program=low bvar=fsync
1772461474215267493 PROBE_B_END program=low bvar=fsync
1772461474418416960 PROBE_B_START program=low bvar=fsync
1772461474470063357 PROBE_B_END program=low bvar=fsync
1772461474673374935 PROBE_B_START program=low bvar=fsync
1772461474720548026 PROBE_B_END program=low bvar=fsync
1772461474923681678 PROBE_B_START program=low bvar=fsync
1772461474974037960 PROBE_B_END program=low bvar=fsync
1772461475177245965 PROBE_B_START program=low bvar=fsync
1772461475226963468 PROBE_B_END program=low bvar=fsync
1772461475430123769 PROBE_B_START program=low bvar=fsync
1772461475468860895 PROBE_B_END program=low bvar=fsync
1772461475672260233 PROBE_B_START program=low bvar=fsync
1772461475702464914 PROBE_B_END program=low bvar=fsync
1772461475905788085 PROBE_B_START program=low bvar=fsync
1772461475993029582 PROBE_B_END program=low bvar=fsync
1772461476197282829 PROBE_B_START program=low bvar=fsync
1772461476256207761 PROBE_B_END program=low bvar=fsync
1772461476459119432 PROBE_B_START program=low bvar=fsync
1772461476518257327 PROBE_B_END program=low bvar=fsync
1772461476721262201 PROBE_B_START program=low bvar=fsync
1772461476781034246 PROBE_B_END program=low bvar=fsync
1772461476983864509 PROBE_B_START program=low bvar=fsync
1772461477046553653 PROBE_B_END program=low bvar=fsync
1772461477249332175 PROBE_B_START program=low bvar=fsync
1772461477306675436 PROBE_B_END program=low bvar=fsync
1772461477509685088 PROBE_B_START program=low bvar=fsync
1772461477559685833 PROBE_B_END program=low bvar=fsync
1772461477762417910 PROBE_B_START program=low bvar=fsync
1772461477812589099 PROBE_B_END program=low bvar=fsync
1772461478015405084 PROBE_B_START program=low bvar=fsync
1772461478067291185 PROBE_B_END program=low bvar=fsync
1772461478270142170 PROBE_B_START program=low bvar=fsync
1772461478323908275 PROBE_B_END program=low bvar=fsync
1772461478526810908 PROBE_B_START program=low bvar=fsync
1772461478745280873 PROBE_B_END program=low bvar=fsync
1772461478948371044 PROBE_B_START program=low bvar=fsync
1772461478979738135 PROBE_B_END program=low bvar=fsync
1772461479182592990 PROBE_B_START program=low bvar=fsync
1772461479211629705 PROBE_B_END program=low bvar=fsync
1772461479414528727 PROBE_B_START program=low bvar=fsync
1772461479765769831 PROBE_B_END program=low bvar=fsync
1772461479968677834 PROBE_B_START program=low bvar=fsync
1772461481497691071 PROBE_B_END program=low bvar=fsync
1772461481700574815 PROBE_B_START program=low bvar=fsync
1772461481749729779 PROBE_B_END program=low bvar=fsync
1772461481952455431 PROBE_B_START program=low bvar=fsync
1772461482003927549 PROBE_B_END program=low bvar=fsync
1772461482206783071 PROBE_B_START program=low bvar=fsync
1772461482255114663 PROBE_B_END program=low bvar=fsync
1772461482457930611 PROBE_B_START program=low bvar=fsync
1772461482507963670 PROBE_B_END program=low bvar=fsync
1772461482710897784 PROBE_B_START program=low bvar=fsync
1772461482758979191 PROBE_B_END program=low bvar=fsync
1772461482961616861 PROBE_B_START program=low bvar=fsync
1772461483007255780 PROBE_B_END program=low bvar=fsync
1772461483210100339 PROBE_B_START program=low bvar=fsync
1772461483240561872 PROBE_B_END program=low bvar=fsync
1772461483443503579 PROBE_B_START program=low bvar=fsync
1772461483472982128 PROBE_B_END program=low bvar=fsync
1772461483675820168 PROBE_B_START program=low bvar=fsync
1772461483704263789 PROBE_B_END program=low bvar=fsync
1772461483907683275 PROBE_B_START program=low bvar=fsync
1772461483937629122 PROBE_B_END program=low bvar=fsync
1772461484140507588 PROBE_B_START program=low bvar=fsync
1772461484169003542 PROBE_B_END program=low bvar=fsync
1772461484372034009 PROBE_B_START program=low bvar=fsync
1772461484458752708 PROBE_B_END program=low bvar=fsync
1772461484661724526 PROBE_B_START program=low bvar=fsync
1772461484731323723 PROBE_B_END program=low bvar=fsync
1772461484934722227 PROBE_B_START program=low bvar=fsync
1772461485005418704 PROBE_B_END program=low bvar=fsync
1772461485208182466 PROBE_B_START program=low bvar=fsync
1772461485276262308 PROBE_B_END program=low bvar=fsync
1772461485479229404 PROBE_B_START program=low bvar=fsync
1772461485552117108 PROBE_B_END program=low bvar=fsync
1772461485754986982 PROBE_B_START program=low bvar=fsync
1772461485811212889 PROBE_B_END program=low bvar=fsync
1772461486013877817 PROBE_B_START program=low bvar=fsync
1772461486072360729 PROBE_B_END program=low bvar=fsync
1772461486275266917 PROBE_B_START program=low bvar=fsync
1772461486320176632 PROBE_B_END program=low bvar=fsync
1772461486523052005 PROBE_B_START program=low bvar=fsync
1772461486552296183 PROBE_B_END program=low bvar=fsync
1772461486755209131 PROBE_B_START program=low bvar=fsync
1772461486783849993 PROBE_B_END program=low bvar=fsync
1772461486986773292 PROBE_B_START program=low bvar=fsync
1772461487016904602 PROBE_B_END program=low bvar=fsync
1772461487219789772 PROBE_B_START program=low bvar=fsync
1772461487250865140 PROBE_B_END program=low bvar=fsync
1772461487453819291 PROBE_B_START program=low bvar=fsync
1772461487482931987 PROBE_B_END program=low bvar=fsync
1772461487685918805 PROBE_B_START program=low bvar=fsync
1772461487769833813 PROBE_B_END program=low bvar=fsync
1772461487972697890 PROBE_B_START program=low bvar=fsync
1772461488044904574 PROBE_B_END program=low bvar=fsync
1772461488247893226 PROBE_B_START program=low bvar=fsync
1772461488316622494 PROBE_B_END program=low bvar=fsync
1772461488519542460 PROBE_B_START program=low bvar=fsync
1772461488589166917 PROBE_B_END program=low bvar=fsync
1772461488791995105 PROBE_B_START program=low bvar=fsync
1772461488851373463 PROBE_B_END program=low bvar=fsync
1772461489054358670 PROBE_B_START program=low bvar=fsync
1772461489118053075 PROBE_B_END program=low bvar=fsync
1772461489320960134 PROBE_B_START program=low bvar=fsync
1772461489381815551 PROBE_B_END program=low bvar=fsync
1772461489584633665 PROBE_B_START program=low bvar=fsync
1772461489639565902 PROBE_B_END program=low bvar=fsync
1772461489842476850 PROBE_B_START program=low bvar=fsync
1772461489871910751 PROBE_B_END program=low bvar=fsync
1772461490074950772 PROBE_B_START program=low bvar=fsync
1772461490105335287 PROBE_B_END program=low bvar=fsync
1772461490308327327 PROBE_B_START program=low bvar=fsync
1772461490336585262 PROBE_B_END program=low bvar=fsync
1772461490539529431 PROBE_B_START program=low bvar=fsync
1772461490570600169 PROBE_B_END program=low bvar=fsync
1772461490773583358 PROBE_B_START program=low bvar=fsync
1772461490802045812 PROBE_B_END program=low bvar=fsync
1772461491004895648 PROBE_B_START program=low bvar=fsync
1772461491089528731 PROBE_B_END program=low bvar=fsync
1772461491292346308 PROBE_B_START program=low bvar=fsync
1772461491365815736 PROBE_B_END program=low bvar=fsync
1772461491568753220 PROBE_B_START program=low bvar=fsync
1772461492187594974 PROBE_B_END program=low bvar=fsync
1772461492390518921 PROBE_B_START program=low bvar=fsync
1772461493395315041 PROBE_B_END program=low bvar=fsync
1772461493598264229 PROBE_B_START program=low bvar=fsync
1772461494000909598 PROBE_B_END program=low bvar=fsync
1772461494203819397 PROBE_B_START program=low bvar=fsync
1772461494274646448 PROBE_B_END program=low bvar=fsync
1772461494477522321 PROBE_B_START program=low bvar=fsync
1772461494531565612 PROBE_B_END program=low bvar=fsync
1772461494734471170 PROBE_B_START program=low bvar=fsync
1772461494762832105 PROBE_B_END program=low bvar=fsync
1772461494965951238 PROBE_B_START program=low bvar=fsync
1772461494995435917 PROBE_B_END program=low bvar=fsync
1772461495198363382 PROBE_B_START program=low bvar=fsync
1772461495227232893 PROBE_B_END program=low bvar=fsync
1772461495430082543 PROBE_B_START program=low bvar=fsync
1772461495460500613 PROBE_B_END program=low bvar=fsync
1772461495663414875 PROBE_B_START program=low bvar=fsync
1772461495691904718 PROBE_B_END program=low bvar=fsync
1772461495894719146 PROBE_B_START program=low bvar=fsync
1772461495923911510 PROBE_B_END program=low bvar=fsync
1772461496126791957 PROBE_B_START program=low bvar=fsync
1772461496155201577 PROBE_B_END program=low bvar=fsync
1772461496358179358 PROBE_B_START program=low bvar=fsync
1772461496445590929 PROBE_B_END program=low bvar=fsync
1772461496648364560 PROBE_B_START program=low bvar=fsync
1772461496720467467 PROBE_B_END program=low bvar=fsync
1772461496923335469 PROBE_B_START program=low bvar=fsync
1772461496997127231 PROBE_B_END program=low bvar=fsync
1772461497200021289 PROBE_B_START program=low bvar=fsync
1772461497267662907 PROBE_B_END program=low bvar=fsync
1772461497470467224 PROBE_B_START program=low bvar=fsync
1772461497537546193 PROBE_B_END program=low bvar=fsync
1772461497740435306 PROBE_B_START program=low bvar=fsync
1772461497814125271 PROBE_B_END program=low bvar=fsync
1772461498017104404 PROBE_B_START program=low bvar=fsync
1772461498078007340 PROBE_B_END program=low bvar=fsync
1772461498280972583 PROBE_B_START program=low bvar=fsync
1772461498309353500 PROBE_B_END program=low bvar=fsync
1772461498512141946 PROBE_B_START program=low bvar=fsync
1772461498540112862 PROBE_B_END program=low bvar=fsync
1772461498742984754 PROBE_B_START program=low bvar=fsync
1772461498771278985 PROBE_B_END program=low bvar=fsync
1772461498974196358 PROBE_B_START program=low bvar=fsync
1772461499005123336 PROBE_B_END program=low bvar=fsync
1772461499207985672 PROBE_B_START program=low bvar=fsync
1772461499236761719 PROBE_B_END program=low bvar=fsync
1772461499439761814 PROBE_B_START program=low bvar=fsync
1772461499468929252 PROBE_B_END program=low bvar=fsync
1772461499671809569 PROBE_B_START program=low bvar=fsync
1772461499700453394 PROBE_B_END program=low bvar=fsync
1772461499903435211 PROBE_B_START program=low bvar=fsync
1772461499987881053 PROBE_B_END program=low bvar=fsync
1772461500190810814 PROBE_B_START program=low bvar=fsync
1772461500257265559 PROBE_B_END program=low bvar=fsync
1772461500460249265 PROBE_B_START program=low bvar=fsync
1772461500529395053 PROBE_B_END program=low bvar=fsync
1772461500732305685 PROBE_B_START program=low bvar=fsync
1772461500801621252 PROBE_B_END program=low bvar=fsync
1772461501004500013 PROBE_B_START program=low bvar=fsync
1772461501073918228 PROBE_B_END program=low bvar=fsync
1772461501276845749 PROBE_B_START program=low bvar=fsync
1772461501344035680 PROBE_B_END program=low bvar=fsync
1772461501546777071 PROBE_B_START program=low bvar=fsync
1772461501611618905 PROBE_B_END program=low bvar=fsync
1772461501814530426 PROBE_B_START program=low bvar=fsync
1772461501842947380 PROBE_B_END program=low bvar=fsync
1772461502045884641 PROBE_B_START program=low bvar=fsync
1772461502075157171 PROBE_B_END program=low bvar=fsync
1772461502278111562 PROBE_B_START program=low bvar=fsync
1772461502306557813 PROBE_B_END program=low bvar=fsync
1772461502509474111 PROBE_B_START program=low bvar=fsync
1772461502596347366 PROBE_B_END program=low bvar=fsync
1772461502799261201 PROBE_B_START program=low bvar=fsync
1772461502869051176 PROBE_B_END program=low bvar=fsync
1772461503071941826 PROBE_B_START program=low bvar=fsync
1772461503144135992 PROBE_B_END program=low bvar=fsync
1772461503346908975 PROBE_B_START program=low bvar=fsync
1772461503464184262 PROBE_B_END program=low bvar=fsync
1772461503666959709 PROBE_B_START program=low bvar=fsync
1772461503741740158 PROBE_B_END program=low bvar=fsync
1772461503944545049 PROBE_B_START program=low bvar=fsync
1772461504019628776 PROBE_B_END program=low bvar=fsync
1772461504222517112 PROBE_B_START program=low bvar=fsync
1772461504713057476 PROBE_B_END program=low bvar=fsync
1772461504915751811 PROBE_B_START program=low bvar=fsync
1772461504992452283 PROBE_B_END program=low bvar=fsync
1772461505195351434 PROBE_B_START program=low bvar=fsync
1772461505266553893 PROBE_B_END program=low bvar=fsync
1772461505469432006 PROBE_B_START program=low bvar=fsync
1772461505549951505 PROBE_B_END program=low bvar=fsync
1772461505752663729 PROBE_B_START program=low bvar=fsync
1772461505828751533 PROBE_B_END program=low bvar=fsync
1772461506031545812 PROBE_B_START program=low bvar=fsync
1772461506108076506 PROBE_B_END program=low bvar=fsync
1772461506310951675 PROBE_B_START program=low bvar=fsync
1772461506390943284 PROBE_B_END program=low bvar=fsync
1772461506593768026 PROBE_B_START program=low bvar=fsync
1772461506654236461 PROBE_B_END program=low bvar=fsync
1772461506857116130 PROBE_B_START program=low bvar=fsync
1772461506886791105 PROBE_B_END program=low bvar=fsync
1772461507089937274 PROBE_B_START program=low bvar=fsync
1772461507118999174 PROBE_B_END program=low bvar=fsync
1772461507321885176 PROBE_B_START program=low bvar=fsync
1772461507484450845 PROBE_B_END program=low bvar=fsync
1772461507687422717 PROBE_B_START program=low bvar=fsync
1772461507757750452 PROBE_B_END program=low bvar=fsync
1772461507960559121 PROBE_B_START program=low bvar=fsync
1772461508021480427 PROBE_B_END program=low bvar=fsync
1772461508224286910 PROBE_B_START program=low bvar=fsync
1772461508283204341 PROBE_B_END program=low bvar=fsync
1772461508486104028 PROBE_B_START program=low bvar=fsync
1772461508547088816 PROBE_B_END program=low bvar=fsync
1772461508749731336 PROBE_B_START program=low bvar=fsync
1772461508826113307 PROBE_B_END program=low bvar=fsync
1772461509029456865 PROBE_B_START program=low bvar=fsync
1772461509088974353 PROBE_B_END program=low bvar=fsync
1772461509291837392 PROBE_B_START program=low bvar=fsync
1772461509345290422 PROBE_B_END program=low bvar=fsync
1772461509548077460 PROBE_B_START program=low bvar=fsync
1772461509615209188 PROBE_B_END program=low bvar=fsync
1772461509818090153 PROBE_B_START program=low bvar=fsync
1772461509846233458 PROBE_B_END program=low bvar=fsync
1772461510049253238 PROBE_B_START program=low bvar=fsync
1772461510078308749 PROBE_B_END program=low bvar=fsync
1772461510281200232 PROBE_B_START program=low bvar=fsync
1772461510309570445 PROBE_B_END program=low bvar=fsync
1772461510512438113 PROBE_B_START program=low bvar=fsync
1772461510541538124 PROBE_B_END program=low bvar=fsync
1772461510744975849 PROBE_B_START program=low bvar=fsync
1772461510775481086 PROBE_B_END program=low bvar=fsync
1772461510980938927 PROBE_B_START program=low bvar=fsync
1772461511079997931 PROBE_B_END program=low bvar=fsync
1772461511282795748 PROBE_B_START program=low bvar=fsync
1772461511350746274 PROBE_B_END program=low bvar=fsync
1772461511553620849 PROBE_B_START program=low bvar=fsync
1772461511624963513 PROBE_B_END program=low bvar=fsync
1772461511827813014 PROBE_B_START program=low bvar=fsync
1772461511894506148 PROBE_B_END program=low bvar=fsync
1772461512097263464 PROBE_B_START program=low bvar=fsync
1772461512156543248 PROBE_B_END program=low bvar=fsync
1772461512359358953 PROBE_B_START program=low bvar=fsync
1772461512418308459 PROBE_B_END program=low bvar=fsync
1772461512621102701 PROBE_B_START program=low bvar=fsync
1772461512680016965 PROBE_B_END program=low bvar=fsync
1772461512882913430 PROBE_B_START program=low bvar=fsync
1772461512931919597 PROBE_B_END program=low bvar=fsync
1772461513134455209 PROBE_B_START program=low bvar=fsync
1772461513161822864 PROBE_B_END program=low bvar=fsync
1772461513364535773 PROBE_B_START program=low bvar=fsync
1772461513394371100 PROBE_B_END program=low bvar=fsync
1772461513597307324 PROBE_B_START program=low bvar=fsync
1772461513626157853 PROBE_B_END program=low bvar=fsync
1772461513829038670 PROBE_B_START program=low bvar=fsync
1772461513860363019 PROBE_B_END program=low bvar=fsync
1772461514063298558 PROBE_B_START program=low bvar=fsync
1772461514092574254 PROBE_B_END program=low bvar=fsync
1772461514295613923 PROBE_B_START program=low bvar=fsync
1772461514378680650 PROBE_B_END program=low bvar=fsync
1772461514581530410 PROBE_B_START program=low bvar=fsync
1772461514655872358 PROBE_B_END program=low bvar=fsync
1772461514858720489 PROBE_B_START program=low bvar=fsync
1772461514931566804 PROBE_B_END program=low bvar=fsync
1772461515134506491 PROBE_B_START program=low bvar=fsync
1772461515212118706 PROBE_B_END program=low bvar=fsync
1772461515415050114 PROBE_B_START program=low bvar=fsync
1772461515477032942 PROBE_B_END program=low bvar=fsync
1772461515679897887 PROBE_B_START program=low bvar=fsync
1772461516311949315 PROBE_B_END program=low bvar=fsync
1772461516514938872 PROBE_B_START program=low bvar=fsync
1772461517855352032 PROBE_B_END program=low bvar=fsync
1772461518058282626 PROBE_B_START program=low bvar=fsync
1772461518087059469 PROBE_B_END program=low bvar=fsync
1772461518290094601 PROBE_B_START program=low bvar=fsync
1772461518319286297 PROBE_B_END program=low bvar=fsync
1772461518522182557 PROBE_B_START program=low bvar=fsync
1772461518551456439 PROBE_B_END program=low bvar=fsync
1772461518754353422 PROBE_B_START program=low bvar=fsync
1772461518783340025 PROBE_B_END program=low bvar=fsync
1772461518986210804 PROBE_B_START program=low bvar=fsync
1772461519016163558 PROBE_B_END program=low bvar=fsync
1772461519219434838 PROBE_B_START program=low bvar=fsync
1772461519250379371 PROBE_B_END program=low bvar=fsync
1772461519453326484 PROBE_B_START program=low bvar=fsync
1772461519482428939 PROBE_B_END program=low bvar=fsync
1772461519685383089 PROBE_B_START program=low bvar=fsync
1772461519713620246 PROBE_B_END program=low bvar=fsync
1772461519916473154 PROBE_B_START program=low bvar=fsync
1772461520003018260 PROBE_B_END program=low bvar=fsync
1772461520205833020 PROBE_B_START program=low bvar=fsync
1772461520273445749 PROBE_B_END program=low bvar=fsync
1772461520476374842 PROBE_B_START program=low bvar=fsync
1772461520545964502 PROBE_B_END program=low bvar=fsync
1772461520748868873 PROBE_B_START program=low bvar=fsync
1772461520819556275 PROBE_B_END program=low bvar=fsync
1772461521022446036 PROBE_B_START program=low bvar=fsync
1772461521097630689 PROBE_B_END program=low bvar=fsync
1772461521300462727 PROBE_B_START program=low bvar=fsync
1772461521415336008 PROBE_B_END program=low bvar=fsync
1772461521618299787 PROBE_B_START program=low bvar=fsync
1772461521693569904 PROBE_B_END program=low bvar=fsync
1772461521896450238 PROBE_B_START program=low bvar=fsync
1772461521963990763 PROBE_B_END program=low bvar=fsync
1772461522167010987 PROBE_B_START program=low bvar=fsync
1772461522237744908 PROBE_B_END program=low bvar=fsync
1772461522440597797 PROBE_B_START program=low bvar=fsync
1772461522499723470 PROBE_B_END program=low bvar=fsync
1772461522702660526 PROBE_B_START program=low bvar=fsync
1772461522761400624 PROBE_B_END program=low bvar=fsync
1772461522964242421 PROBE_B_START program=low bvar=fsync
1772461523020395957 PROBE_B_END program=low bvar=fsync
1772461523223200235 PROBE_B_START program=low bvar=fsync
1772461523281334072 PROBE_B_END program=low bvar=fsync
1772461523484210647 PROBE_B_START program=low bvar=fsync
1772461523543445541 PROBE_B_END program=low bvar=fsync
1772461523746314135 PROBE_B_START program=low bvar=fsync
1772461523777129039 PROBE_B_END program=low bvar=fsync
1772461523980008317 PROBE_B_START program=low bvar=fsync
1772461524008244549 PROBE_B_END program=low bvar=fsync
1772461524211144124 PROBE_B_START program=low bvar=fsync
1772461524242392510 PROBE_B_END program=low bvar=fsync
1772461524445338381 PROBE_B_START program=low bvar=fsync
1772461524474223040 PROBE_B_END program=low bvar=fsync
1772461524677247800 PROBE_B_START program=low bvar=fsync
1772461524762081828 PROBE_B_END program=low bvar=fsync
1772461524964968625 PROBE_B_START program=low bvar=fsync
1772461525034324080 PROBE_B_END program=low bvar=fsync
1772461525237133451 PROBE_B_START program=low bvar=fsync
1772461525309305301 PROBE_B_END program=low bvar=fsync
1772461525512102986 PROBE_B_START program=low bvar=fsync
1772461525573019126 PROBE_B_END program=low bvar=fsync
1772461525775928312 PROBE_B_START program=low bvar=fsync
1772461525842086259 PROBE_B_END program=low bvar=fsync
1772461526044961593 PROBE_B_START program=low bvar=fsync
1772461526106351715 PROBE_B_END program=low bvar=fsync
1772461526309335179 PROBE_B_START program=low bvar=fsync
1772461526377013686 PROBE_B_END program=low bvar=fsync
1772461526579896705 PROBE_B_START program=low bvar=fsync
1772461527201016865 PROBE_B_END program=low bvar=fsync
1772461527403719754 PROBE_B_START program=low bvar=fsync
1772461528358315251 PROBE_B_END program=low bvar=fsync
1772461528561296974 PROBE_B_START program=low bvar=fsync
1772461528903991294 PROBE_B_END program=low bvar=fsync
1772461529106961535 PROBE_B_START program=low bvar=fsync
1772461529135344304 PROBE_B_END program=low bvar=fsync
1772461529338847102 PROBE_B_START program=low bvar=fsync
1772461529372946439 PROBE_B_END program=low bvar=fsync
1772461529575900885 PROBE_B_START program=low bvar=fsync
1772461529604614839 PROBE_B_END program=low bvar=fsync
1772461529807550858 PROBE_B_START program=low bvar=fsync
1772461529837278519 PROBE_B_END program=low bvar=fsync
1772461530040291168 PROBE_B_START program=low bvar=fsync
1772461530068597529 PROBE_B_END program=low bvar=fsync
1772461530271577474 PROBE_B_START program=low bvar=fsync
1772461530371455647 PROBE_B_END program=low bvar=fsync
1772461530574464777 PROBE_B_START program=low bvar=fsync
1772461530651380768 PROBE_B_END program=low bvar=fsync
1772461530854328472 PROBE_B_START program=low bvar=fsync
1772461530922572646 PROBE_B_END program=low bvar=fsync
1772461531125550536 PROBE_B_START program=low bvar=fsync
1772461531196824143 PROBE_B_END program=low bvar=fsync
1772461531400213923 PROBE_B_START program=low bvar=fsync
1772461531473397608 PROBE_B_END program=low bvar=fsync
1772461531676307072 PROBE_B_START program=low bvar=fsync
1772461531748327181 PROBE_B_END program=low bvar=fsync
1772461531951281089 PROBE_B_START program=low bvar=fsync
1772461531998640975 PROBE_B_END program=low bvar=fsync
1772461532201614568 PROBE_B_START program=low bvar=fsync
1772461532230004929 PROBE_B_END program=low bvar=fsync
1772461532434253636 PROBE_B_START program=low bvar=fsync
1772461532464333779 PROBE_B_END program=low bvar=fsync
1772461532667380910 PROBE_B_START program=low bvar=fsync
1772461532696342883 PROBE_B_END program=low bvar=fsync
1772461532899363773 PROBE_B_START program=low bvar=fsync
1772461532928612117 PROBE_B_END program=low bvar=fsync
1772461533131639711 PROBE_B_START program=low bvar=fsync
1772461533160403628 PROBE_B_END program=low bvar=fsync
1772461533363359295 PROBE_B_START program=low bvar=fsync
1772461533394847015 PROBE_B_END program=low bvar=fsync
1772461533597709016 PROBE_B_START program=low bvar=fsync
1772461533681566281 PROBE_B_END program=low bvar=fsync
1772461533884434819 PROBE_B_START program=low bvar=fsync
1772461533954580683 PROBE_B_END program=low bvar=fsync
1772461534157413590 PROBE_B_START program=low bvar=fsync
1772461534228566290 PROBE_B_END program=low bvar=fsync
1772461534431344123 PROBE_B_START program=low bvar=fsync
1772461534505774534 PROBE_B_END program=low bvar=fsync
1772461534709110165 PROBE_B_START program=low bvar=fsync
1772461534776295429 PROBE_B_END program=low bvar=fsync
1772461534979389004 PROBE_B_START program=low bvar=fsync
1772461535049776165 PROBE_B_END program=low bvar=fsync
1772461535252557239 PROBE_B_START program=low bvar=fsync
1772461535310987243 PROBE_B_END program=low bvar=fsync
1772461535513943706 PROBE_B_START program=low bvar=fsync
1772461535543825793 PROBE_B_END program=low bvar=fsync
1772461535746727941 PROBE_B_START program=low bvar=fsync
1772461535775263840 PROBE_B_END program=low bvar=fsync
1772461535978108470 PROBE_B_START program=low bvar=fsync
1772461536010024265 PROBE_B_END program=low bvar=fsync
1772461536212927691 PROBE_B_START program=low bvar=fsync
1772461536241745979 PROBE_B_END program=low bvar=fsync
1772461536444946202 PROBE_B_START program=low bvar=fsync
1772461536473764453 PROBE_B_END program=low bvar=fsync
1772461536676508249 PROBE_B_START program=low bvar=fsync
1772461536706297540 PROBE_B_END program=low bvar=fsync
1772461536909189892 PROBE_B_START program=low bvar=fsync
1772461536993003120 PROBE_B_END program=low bvar=fsync
1772461537195815990 PROBE_B_START program=low bvar=fsync
1772461537263402997 PROBE_B_END program=low bvar=fsync
1772461537466269293 PROBE_B_START program=low bvar=fsync
1772461537536359046 PROBE_B_END program=low bvar=fsync
1772461537739199379 PROBE_B_START program=low bvar=fsync
1772461537807950684 PROBE_B_END program=low bvar=fsync
1772461538010825795 PROBE_B_START program=low bvar=fsync
1772461538085660707 PROBE_B_END program=low bvar=fsync
1772461538288424670 PROBE_B_START program=low bvar=fsync
1772461538363612693 PROBE_B_END program=low bvar=fsync
1772461538566430841 PROBE_B_START program=low bvar=fsync
1772461538632837956 PROBE_B_END program=low bvar=fsync
1772461538836027216 PROBE_B_START program=low bvar=fsync
1772461538864818300 PROBE_B_END program=low bvar=fsync
1772461539067747319 PROBE_B_START program=low bvar=fsync
1772461539098647315 PROBE_B_END program=low bvar=fsync
1772461539301538871 PROBE_B_START program=low bvar=fsync
1772461539330298807 PROBE_B_END program=low bvar=fsync
1772461539533228159 PROBE_B_START program=low bvar=fsync
1772461539562521226 PROBE_B_END program=low bvar=fsync
1772461539765379133 PROBE_B_START program=low bvar=fsync
1772461539795022571 PROBE_B_END program=low bvar=fsync
1772461539997933812 PROBE_B_START program=low bvar=fsync
1772461540029362384 PROBE_B_END program=low bvar=fsync
1772461540232214272 PROBE_B_START program=low bvar=fsync
1772461540316833910 PROBE_B_END program=low bvar=fsync
1772461540519932966 PROBE_B_START program=low bvar=fsync
1772461541163004878 PROBE_B_END program=low bvar=fsync
1772461541365907748 PROBE_B_START program=low bvar=fsync
1772461542354303059 PROBE_B_END program=low bvar=fsync
1772461542557621911 PROBE_B_START program=low bvar=fsync
1772461542776447633 PROBE_B_END program=low bvar=fsync
1772461542979334022 PROBE_B_START program=low bvar=fsync
1772461543050387776 PROBE_B_END program=low bvar=fsync
1772461543253291536 PROBE_B_START program=low bvar=fsync
1772461543322392878 PROBE_B_END program=low bvar=fsync
1772461543525450897 PROBE_B_START program=low bvar=fsync
1772461543652241483 PROBE_B_END program=low bvar=fsync
1772461543855162001 PROBE_B_START program=low bvar=fsync
1772461543929168151 PROBE_B_END program=low bvar=fsync
1772461544131987521 PROBE_B_START program=low bvar=fsync
1772461544201898014 PROBE_B_END program=low bvar=fsync
1772461544404745421 PROBE_B_START program=low bvar=fsync
1772461544469892644 PROBE_B_END program=low bvar=fsync
1772461544672840903 PROBE_B_START program=low bvar=fsync
1772461544733171448 PROBE_B_END program=low bvar=fsync
1772461544935920522 PROBE_B_START program=low bvar=fsync
1772461544994276396 PROBE_B_END program=low bvar=fsync
1772461545197190136 PROBE_B_START program=low bvar=fsync
1772461545256487734 PROBE_B_END program=low bvar=fsync
1772461545459343660 PROBE_B_START program=low bvar=fsync
1772461545522813268 PROBE_B_END program=low bvar=fsync
1772461545725607174 PROBE_B_START program=low bvar=fsync
1772461545828140131 PROBE_B_END program=low bvar=fsync
1772461546030916408 PROBE_B_START program=low bvar=fsync
1772461546090338173 PROBE_B_END program=low bvar=fsync
1772461546293267154 PROBE_B_START program=low bvar=fsync
1772461546343884010 PROBE_B_END program=low bvar=fsync
1772461546546689491 PROBE_B_START program=low bvar=fsync
1772461546594745953 PROBE_B_END program=low bvar=fsync
1772461546797655767 PROBE_B_START program=low bvar=fsync
1772461546846977046 PROBE_B_END program=low bvar=fsync
1772461547049812546 PROBE_B_START program=low bvar=fsync
1772461547143557093 PROBE_B_END program=low bvar=fsync
1772461547346511204 PROBE_B_START program=low bvar=fsync
1772461547399875826 PROBE_B_END program=low bvar=fsync
1772461547602801603 PROBE_B_START program=low bvar=fsync
1772461547653398422 PROBE_B_END program=low bvar=fsync
1772461547856495071 PROBE_B_START program=low bvar=fsync
1772461547912284976 PROBE_B_END program=low bvar=fsync
1772461548115293049 PROBE_B_START program=low bvar=fsync
1772461548170204101 PROBE_B_END program=low bvar=fsync
1772461548372982396 PROBE_B_START program=low bvar=fsync
1772461548422593509 PROBE_B_END program=low bvar=fsync
1772461548625479509 PROBE_B_START program=low bvar=fsync
1772461548676362273 PROBE_B_END program=low bvar=fsync
1772461548879194495 PROBE_B_START program=low bvar=fsync
1772461548930643556 PROBE_B_END program=low bvar=fsync
1772461549133485741 PROBE_B_START program=low bvar=fsync
1772461549842861858 PROBE_B_END program=low bvar=fsync
1772461550045565931 PROBE_B_START program=low bvar=fsync
1772461550997075656 PROBE_B_END program=low bvar=fsync
1772461551200014785 PROBE_B_START program=low bvar=fsync
1772461551499295893 PROBE_B_END program=low bvar=fsync
1772461551702301189 PROBE_B_START program=low bvar=fsync
1772461551753489787 PROBE_B_END program=low bvar=fsync
1772461551956256397 PROBE_B_START program=low bvar=fsync
1772461552006910994 PROBE_B_END program=low bvar=fsync
1772461552209852994 PROBE_B_START program=low bvar=fsync
1772461552259281884 PROBE_B_END program=low bvar=fsync
1772461552462265569 PROBE_B_START program=low bvar=fsync
1772461552562683409 PROBE_B_END program=low bvar=fsync
1772461552765466315 PROBE_B_START program=low bvar=fsync
1772461552815806819 PROBE_B_END program=low bvar=fsync
1772461553018840837 PROBE_B_START program=low bvar=fsync
1772461553069248859 PROBE_B_END program=low bvar=fsync
1772461553272023192 PROBE_B_START program=low bvar=fsync
1772461553321424749 PROBE_B_END program=low bvar=fsync
1772461553524400582 PROBE_B_START program=low bvar=fsync
1772461553573620175 PROBE_B_END program=low bvar=fsync
1772461553776541082 PROBE_B_START program=low bvar=fsync
1772461553828914109 PROBE_B_END program=low bvar=fsync
1772461554031907442 PROBE_B_START program=low bvar=fsync
1772461554080215311 PROBE_B_END program=low bvar=fsync
1772461554283137662 PROBE_B_START program=low bvar=fsync
1772461554332044200 PROBE_B_END program=low bvar=fsync
1772461554535079829 PROBE_B_START program=low bvar=fsync
1772461554585240739 PROBE_B_END program=low bvar=fsync
1772461554788393480 PROBE_B_START program=low bvar=fsync
1772461554837662185 PROBE_B_END program=low bvar=fsync
1772461555040974833 PROBE_B_START program=low bvar=fsync
1772461555089531129 PROBE_B_END program=low bvar=fsync
1772461555292392591 PROBE_B_START program=low bvar=fsync
1772461555342432816 PROBE_B_END program=low bvar=fsync
1772461555545427279 PROBE_B_START program=low bvar=fsync
1772461555592394775 PROBE_B_END program=low bvar=fsync
1772461555795349533 PROBE_B_START program=low bvar=fsync
1772461555879100742 PROBE_B_END program=low bvar=fsync
1772461556082045112 PROBE_B_START program=low bvar=fsync
1772461556143165122 PROBE_B_END program=low bvar=fsync
1772461556346150399 PROBE_B_START program=low bvar=fsync
1772461556401998230 PROBE_B_END program=low bvar=fsync
1772461556605021674 PROBE_B_START program=low bvar=fsync
1772461556654316545 PROBE_B_END program=low bvar=fsync
1772461556857232545 PROBE_B_START program=low bvar=fsync
1772461556904230152 PROBE_B_END program=low bvar=fsync
1772461557107242558 PROBE_B_START program=low bvar=fsync
1772461557158920010 PROBE_B_END program=low bvar=fsync
1772461557361888046 PROBE_B_START program=low bvar=fsync
1772461557409194913 PROBE_B_END program=low bvar=fsync
1772461557612215246 PROBE_B_START program=low bvar=fsync
1772461557663997382 PROBE_B_END program=low bvar=fsync
1772461557866966529 PROBE_B_START program=low bvar=fsync
1772461557913823562 PROBE_B_END program=low bvar=fsync
1772461558116798450 PROBE_B_START program=low bvar=fsync
1772461558164351003 PROBE_B_END program=low bvar=fsync
1772461558367229335 PROBE_B_START program=low bvar=fsync
1772461558415468112 PROBE_B_END program=low bvar=fsync
1772461558618367907 PROBE_B_START program=low bvar=fsync
1772461558717286892 PROBE_B_END program=low bvar=fsync
1772461558920196391 PROBE_B_START program=low bvar=fsync
1772461558970868877 PROBE_B_END program=low bvar=fsync
1772461559173872339 PROBE_B_START program=low bvar=fsync
1772461559273407880 PROBE_B_END program=low bvar=fsync
1772461559476762825 PROBE_B_START program=low bvar=fsync
1772461559528918036 PROBE_B_END program=low bvar=fsync
1772461559731896869 PROBE_B_START program=low bvar=fsync
1772461559783559357 PROBE_B_END program=low bvar=fsync
1772461559986934894 PROBE_B_START program=low bvar=fsync
1772461560039819014 PROBE_B_END program=low bvar=fsync
1772461560242875921 PROBE_B_START program=low bvar=fsync
1772461560296616210 PROBE_B_END program=low bvar=fsync
1772461560499593561 PROBE_B_START program=low bvar=fsync
1772461560551079178 PROBE_B_END program=low bvar=fsync
1772461560754276160 PROBE_B_START program=low bvar=fsync
1772461560807746207 PROBE_B_END program=low bvar=fsync
1772461561010590206 PROBE_B_START program=low bvar=fsync
1772461561063496864 PROBE_B_END program=low bvar=fsync
1772461561266402900 PROBE_B_START program=low bvar=fsync
1772461561879366647 PROBE_B_END program=low bvar=fsync
1772461562082322998 PROBE_B_START program=low bvar=fsync
1772461563016423494 PROBE_B_END program=low bvar=fsync
1772461563219461697 PROBE_B_START program=low bvar=fsync
1772461563706341824 PROBE_B_END program=low bvar=fsync
1772461563909349545 PROBE_B_START program=low bvar=fsync
1772461563957301988 PROBE_B_END program=low bvar=fsync
1772461564160276987 PROBE_B_START program=low bvar=fsync
1772461564212901606 PROBE_B_END program=low bvar=fsync
1772461564415859346 PROBE_B_START program=low bvar=fsync
1772461564519502675 PROBE_B_END program=low bvar=fsync
1772461564722503433 PROBE_B_START program=low bvar=fsync
1772461564772682288 PROBE_B_END program=low bvar=fsync
1772461564975713324 PROBE_B_START program=low bvar=fsync
1772461565024339046 PROBE_B_END program=low bvar=fsync
1772461565227392322 PROBE_B_START program=low bvar=fsync
1772461565278869958 PROBE_B_END program=low bvar=fsync
1772461565482819830 PROBE_B_START program=low bvar=fsync
1772461565532096497 PROBE_B_END program=low bvar=fsync
1772461565734972959 PROBE_B_START program=low bvar=fsync
1772461565786063001 PROBE_B_END program=low bvar=fsync
1772461565989039074 PROBE_B_START program=low bvar=fsync
1772461566037877148 PROBE_B_END program=low bvar=fsync
1772461566240835869 PROBE_B_START program=low bvar=fsync
1772461566295179363 PROBE_B_END program=low bvar=fsync
1772461566498971475 PROBE_B_START program=low bvar=fsync
1772461566548998348 PROBE_B_END program=low bvar=fsync
1772461566751916884 PROBE_B_START program=low bvar=fsync
1772461566800050568 PROBE_B_END program=low bvar=fsync
1772461567002985677 PROBE_B_START program=low bvar=fsync
1772461567051127028 PROBE_B_END program=low bvar=fsync
1772461567254169712 PROBE_B_START program=low bvar=fsync
1772461567302073747 PROBE_B_END program=low bvar=fsync
1772461567505135783 PROBE_B_START program=low bvar=fsync
1772461567554459395 PROBE_B_END program=low bvar=fsync
1772461567757470357 PROBE_B_START program=low bvar=fsync
1772461567807974435 PROBE_B_END program=low bvar=fsync
1772461568011065249 PROBE_B_START program=low bvar=fsync
1772461568116381062 PROBE_B_END program=low bvar=fsync
1772461568319369283 PROBE_B_START program=low bvar=fsync
1772461568368794988 PROBE_B_END program=low bvar=fsync
1772461568572235118 PROBE_B_START program=low bvar=fsync
1772461568624187403 PROBE_B_END program=low bvar=fsync
1772461568827188587 PROBE_B_START program=low bvar=fsync
1772461568876264606 PROBE_B_END program=low bvar=fsync
1772461569079278530 PROBE_B_START program=low bvar=fsync
1772461569128648846 PROBE_B_END program=low bvar=fsync
1772461569331644697 PROBE_B_START program=low bvar=fsync
1772461569381821848 PROBE_B_END program=low bvar=fsync
1772461569584798625 PROBE_B_START program=low bvar=fsync
1772461569632436103 PROBE_B_END program=low bvar=fsync
1772461569835880436 PROBE_B_START program=low bvar=fsync
1772461569885313271 PROBE_B_END program=low bvar=fsync
1772461570088259770 PROBE_B_START program=low bvar=fsync
1772461570135697674 PROBE_B_END program=low bvar=fsync
1772461570338717302 PROBE_B_START program=low bvar=fsync
1772461570388900565 PROBE_B_END program=low bvar=fsync
1772461570591896526 PROBE_B_START program=low bvar=fsync
1772461570640659711 PROBE_B_END program=low bvar=fsync
1772461570843812284 PROBE_B_START program=low bvar=fsync
1772461570896656886 PROBE_B_END program=low bvar=fsync
1772461571100388034 PROBE_B_START program=low bvar=fsync
1772461571148303125 PROBE_B_END program=low bvar=fsync
1772461571351268920 PROBE_B_START program=low bvar=fsync
1772461571455099082 PROBE_B_END program=low bvar=fsync
1772461571658049654 PROBE_B_START program=low bvar=fsync
1772461571707947583 PROBE_B_END program=low bvar=fsync
1772461571911464231 PROBE_B_START program=low bvar=fsync
1772461571963260626 PROBE_B_END program=low bvar=fsync
1772461572166453755 PROBE_B_START program=low bvar=fsync
1772461572215667015 PROBE_B_END program=low bvar=fsync
1772461572418730921 PROBE_B_START program=low bvar=fsync
1772461572473630361 PROBE_B_END program=low bvar=fsync
1772461572677058212 PROBE_B_START program=low bvar=fsync
1772461572730543908 PROBE_B_END program=low bvar=fsync
1772461572933443943 PROBE_B_START program=low bvar=fsync
1772461572985548691 PROBE_B_END program=low bvar=fsync
1772461573188486412 PROBE_B_START program=low bvar=fsync
1772461573240104141 PROBE_B_END program=low bvar=fsync
1772461573443036417 PROBE_B_START program=low bvar=fsync
1772461573495763703 PROBE_B_END program=low bvar=fsync
1772461573698703868 PROBE_B_START program=low bvar=fsync
1772461573749504058 PROBE_B_END program=low bvar=fsync
1772461573952389334 PROBE_B_START program=low bvar=fsync
1772461574004432656 PROBE_B_END program=low bvar=fsync
1772461574207370377 PROBE_B_START program=low bvar=fsync
1772461574623636138 PROBE_B_END program=low bvar=fsync
1772461574826611377 PROBE_B_START program=low bvar=fsync
1772461574876168212 PROBE_B_END program=low bvar=fsync
1772461575079110655 PROBE_B_START program=low bvar=fsync
1772461575130367771 PROBE_B_END program=low bvar=fsync
1772461575333246455 PROBE_B_START program=low bvar=fsync
1772461575438671379 PROBE_B_END program=low bvar=fsync
1772461575641566211 PROBE_B_START program=low bvar=fsync
1772461575689669820 PROBE_B_END program=low bvar=fsync
1772461575892779615 PROBE_B_START program=low bvar=fsync
1772461575942512765 PROBE_B_END program=low bvar=fsync
1772461576145294837 PROBE_B_START program=low bvar=fsync
1772461576193065446 PROBE_B_END program=low bvar=fsync
1772461576395956537 PROBE_B_START program=low bvar=fsync
1772461576447080560 PROBE_B_END program=low bvar=fsync
1772461576649766540 PROBE_B_START program=low bvar=fsync
1772461576698292168 PROBE_B_END program=low bvar=fsync
1772461576901107074 PROBE_B_START program=low bvar=fsync
1772461576950862946 PROBE_B_END program=low bvar=fsync
1772461577153623037 PROBE_B_START program=low bvar=fsync
1772461577201042867 PROBE_B_END program=low bvar=fsync
1772461577403844346 PROBE_B_START program=low bvar=fsync
1772461577451316787 PROBE_B_END program=low bvar=fsync
1772461577654083600 PROBE_B_START program=low bvar=fsync
1772461577703293156 PROBE_B_END program=low bvar=fsync
1772461577906248173 PROBE_B_START program=low bvar=fsync
1772461578007720459 PROBE_B_END program=low bvar=fsync
1772461578210440253 PROBE_B_START program=low bvar=fsync
1772461578260240477 PROBE_B_END program=low bvar=fsync
1772461578463007994 PROBE_B_START program=low bvar=fsync
1772461578512791959 PROBE_B_END program=low bvar=fsync
1772461578715674142 PROBE_B_START program=low bvar=fsync
1772461578768614040 PROBE_B_END program=low bvar=fsync
1772461578971201556 PROBE_B_START program=low bvar=fsync
1772461579599990966 PROBE_B_END program=low bvar=fsync
1772461579802797612 PROBE_B_START program=low bvar=fsync
1772461579873498439 PROBE_B_END program=low bvar=fsync
1772461580076089696 PROBE_B_START program=low bvar=fsync
1772461580135437979 PROBE_B_END program=low bvar=fsync
1772461580338170236 PROBE_B_START program=low bvar=fsync
1772461580387395347 PROBE_B_END program=low bvar=fsync
1772461580590128716 PROBE_B_START program=low bvar=fsync
1772461580642348964 PROBE_B_END program=low bvar=fsync
1772461580845174406 PROBE_B_START program=low bvar=fsync
1772461580892896514 PROBE_B_END program=low bvar=fsync
1772461581095552641 PROBE_B_START program=low bvar=fsync
1772461581144011881 PROBE_B_END program=low bvar=fsync
1772461581346782342 PROBE_B_START program=low bvar=fsync
1772461581394408987 PROBE_B_END program=low bvar=fsync
1772461581597594411 PROBE_B_START program=low bvar=fsync
1772461581648940102 PROBE_B_END program=low bvar=fsync
1772461581851862267 PROBE_B_START program=low bvar=fsync
1772461581899609005 PROBE_B_END program=low bvar=fsync
1772461582102571188 PROBE_B_START program=low bvar=fsync
1772461582151373614 PROBE_B_END program=low bvar=fsync
1772461582354277704 PROBE_B_START program=low bvar=fsync
1772461582401070440 PROBE_B_END program=low bvar=fsync
1772461582604011272 PROBE_B_START program=low bvar=fsync
1772461582635574491 PROBE_B_END program=low bvar=fsync
1772461582838433267 PROBE_B_START program=low bvar=fsync
1772461582867032573 PROBE_B_END program=low bvar=fsync
1772461583070194719 PROBE_B_START program=low bvar=fsync
1772461583102248200 PROBE_B_END program=low bvar=fsync
1772461583305235846 PROBE_B_START program=low bvar=fsync
1772461583334380893 PROBE_B_END program=low bvar=fsync
1772461583537256836 PROBE_B_START program=low bvar=fsync
1772461583566506476 PROBE_B_END program=low bvar=fsync
1772461583769468770 PROBE_B_START program=low bvar=fsync
1772461583857258062 PROBE_B_END program=low bvar=fsync
1772461584060087208 PROBE_B_START program=low bvar=fsync
1772461584176916622 PROBE_B_END program=low bvar=fsync
1772461584379734990 PROBE_B_START program=low bvar=fsync
1772461584446977587 PROBE_B_END program=low bvar=fsync
1772461584649976048 PROBE_B_START program=low bvar=fsync
1772461584723084399 PROBE_B_END program=low bvar=fsync
1772461584926007304 PROBE_B_START program=low bvar=fsync
1772461584987198276 PROBE_B_END program=low bvar=fsync
1772461585189955218 PROBE_B_START program=low bvar=fsync
1772461585252791528 PROBE_B_END program=low bvar=fsync
1772461585455607988 PROBE_B_START program=low bvar=fsync
1772461585516939498 PROBE_B_END program=low bvar=fsync
1772461585719859736 PROBE_B_START program=low bvar=fsync
1772461585789095060 PROBE_B_END program=low bvar=fsync
1772461585991946206 PROBE_B_START program=low bvar=fsync
1772461586389737535 PROBE_B_END program=low bvar=fsync
1772461586592655811 PROBE_B_START program=low bvar=fsync
1772461586660282946 PROBE_B_END program=low bvar=fsync
1772461586863276962 PROBE_B_START program=low bvar=fsync
1772461586920524333 PROBE_B_END program=low bvar=fsync
1772461587123406256 PROBE_B_START program=low bvar=fsync
1772461587181782019 PROBE_B_END program=low bvar=fsync
1772461587384730553 PROBE_B_START program=low bvar=fsync
1772461587435974355 PROBE_B_END program=low bvar=fsync
1772461587638843408 PROBE_B_START program=low bvar=fsync
1772461587686498924 PROBE_B_END program=low bvar=fsync
1772461587889390366 PROBE_B_START program=low bvar=fsync
1772461587938318384 PROBE_B_END program=low bvar=fsync
1772461588141162400 PROBE_B_START program=low bvar=fsync
1772461588189040435 PROBE_B_END program=low bvar=fsync
1772461588391957210 PROBE_B_START program=low bvar=fsync
1772461588441288544 PROBE_B_END program=low bvar=fsync
1772461588644098431 PROBE_B_START program=low bvar=fsync
1772461588687332899 PROBE_B_END program=low bvar=fsync
1772461588890276341 PROBE_B_START program=low bvar=fsync
1772461588976431778 PROBE_B_END program=low bvar=fsync
1772461589179342368 PROBE_B_START program=low bvar=fsync
1772461589238997003 PROBE_B_END program=low bvar=fsync
1772461589442059631 PROBE_B_START program=low bvar=fsync
1772461589499373187 PROBE_B_END program=low bvar=fsync
1772461589702234610 PROBE_B_START program=low bvar=fsync
1772461589750928350 PROBE_B_END program=low bvar=fsync
1772461589953823089 PROBE_B_START program=low bvar=fsync
1772461590003304238 PROBE_B_END program=low bvar=fsync
1772461590206163883 PROBE_B_START program=low bvar=fsync
1772461590255994552 PROBE_B_END program=low bvar=fsync
1772461590459093883 PROBE_B_START program=low bvar=fsync
1772461590506850621 PROBE_B_END program=low bvar=fsync
1772461590709735674 PROBE_B_START program=low bvar=fsync
1772461590760395160 PROBE_B_END program=low bvar=fsync
1772461590963284028 PROBE_B_START program=low bvar=fsync
1772461591009912985 PROBE_B_END program=low bvar=fsync
1772461591212778909 PROBE_B_START program=low bvar=fsync
1772461591263489190 PROBE_B_END program=low bvar=fsync
1772461591466207502 PROBE_B_START program=low bvar=fsync
1772461591511604846 PROBE_B_END program=low bvar=fsync
1772461591714399028 PROBE_B_START program=low bvar=fsync
1772461591756375513 PROBE_B_END program=low bvar=fsync
1772461591959237491 PROBE_B_START program=low bvar=fsync
1772461591987509074 PROBE_B_END program=low bvar=fsync
1772461592190329220 PROBE_B_START program=low bvar=fsync
1772461592219487989 PROBE_B_END program=low bvar=fsync
1772461592422260449 PROBE_B_START program=low bvar=fsync
1772461592450011179 PROBE_B_END program=low bvar=fsync
1772461592652853102 PROBE_B_START program=low bvar=fsync
1772461592681848316 PROBE_B_END program=low bvar=fsync
1772461592884665184 PROBE_B_START program=low bvar=fsync
1772461592914654845 PROBE_B_END program=low bvar=fsync
1772461593117452045 PROBE_B_START program=low bvar=fsync
1772461593200859957 PROBE_B_END program=low bvar=fsync
1772461593403752973 PROBE_B_START program=low bvar=fsync
1772461593469933271 PROBE_B_END program=low bvar=fsync
1772461593672652435 PROBE_B_START program=low bvar=fsync
1772461593742091388 PROBE_B_END program=low bvar=fsync
1772461593945009793 PROBE_B_START program=low bvar=fsync
1772461594025132123 PROBE_B_END program=low bvar=fsync
1772461594228210787 PROBE_B_START program=low bvar=fsync
1772461594332448802 PROBE_B_END program=low bvar=fsync
1772461594535402744 PROBE_B_START program=low bvar=fsync
1772461594616173668 PROBE_B_END program=low bvar=fsync
1772461594819114239 PROBE_B_START program=low bvar=fsync
1772461594882992477 PROBE_B_END program=low bvar=fsync
1772461595085867418 PROBE_B_START program=low bvar=fsync
1772461595128610071 PROBE_B_END program=low bvar=fsync
1772461595331562679 PROBE_B_START program=low bvar=fsync
1772461595383636686 PROBE_B_END program=low bvar=fsync
1772461595586548572 PROBE_B_START program=low bvar=fsync
1772461595615353860 PROBE_B_END program=low bvar=fsync
1772461595818303802 PROBE_B_START program=low bvar=fsync
1772461595847845684 PROBE_B_END program=low bvar=fsync
1772461596050844996 PROBE_B_START program=low bvar=fsync
1772461596079124375 PROBE_B_END program=low bvar=fsync
1772461596282042483 PROBE_B_START program=low bvar=fsync
1772461596311265605 PROBE_B_END program=low bvar=fsync
1772461596514301121 PROBE_B_START program=low bvar=fsync
1772461596542384037 PROBE_B_END program=low bvar=fsync
1772461596745308793 PROBE_B_START program=low bvar=fsync
1772461596794892091 PROBE_B_END program=low bvar=fsync
1772461596997727440 PROBE_B_START program=low bvar=fsync
1772461597026451338 PROBE_B_END program=low bvar=fsync
1772461597229365354 PROBE_B_START program=low bvar=fsync
1772461597258629031 PROBE_B_END program=low bvar=fsync
1772461597461615844 PROBE_B_START program=low bvar=fsync
1772461597622951117 PROBE_B_END program=low bvar=fsync
1772461597825869799 PROBE_B_START program=low bvar=fsync
1772461597901194785 PROBE_B_END program=low bvar=fsync
1772461598104428024 PROBE_B_START program=low bvar=fsync
1772461598667298226 PROBE_B_END program=low bvar=fsync
1772461598870179945 PROBE_B_START program=low bvar=fsync
1772461598950575831 PROBE_B_END program=low bvar=fsync
1772461599153547328 PROBE_B_START program=low bvar=fsync
1772461599222133521 PROBE_B_END program=low bvar=fsync
1772461599425155278 PROBE_B_START program=low bvar=fsync
1772461599496788996 PROBE_B_END program=low bvar=fsync
1772461599699632048 PROBE_B_START program=low bvar=fsync
1772461599761788096 PROBE_B_END program=low bvar=fsync
1772461599964620816 PROBE_B_START program=low bvar=fsync
1772461600036100644 PROBE_B_END program=low bvar=fsync
1772461600239189438 PROBE_B_START program=low bvar=fsync
1772461600309359338 PROBE_B_END program=low bvar=fsync
1772461600512313465 PROBE_B_START program=low bvar=fsync
1772461600583807108 PROBE_B_END program=low bvar=fsync
1772461600786858550 PROBE_B_START program=low bvar=fsync
1772461600845658406 PROBE_B_END program=low bvar=fsync
1772461601048571847 PROBE_B_START program=low bvar=fsync
1772461601106934368 PROBE_B_END program=low bvar=fsync
1772461601309842902 PROBE_B_START program=low bvar=fsync
1772461601368403720 PROBE_B_END program=low bvar=fsync
1772461601571461014 PROBE_B_START program=low bvar=fsync
1772461601619862012 PROBE_B_END program=low bvar=fsync
1772461601823006621 PROBE_B_START program=low bvar=fsync
1772461601851630816 PROBE_B_END program=low bvar=fsync
1772461602054590202 PROBE_B_START program=low bvar=fsync
1772461602085793291 PROBE_B_END program=low bvar=fsync
1772461602288691880 PROBE_B_START program=low bvar=fsync
1772461602318037743 PROBE_B_END program=low bvar=fsync
1772461602520995833 PROBE_B_START program=low bvar=fsync
1772461602550388418 PROBE_B_END program=low bvar=fsync
1772461602753384656 PROBE_B_START program=low bvar=fsync
1772461602783825355 PROBE_B_END program=low bvar=fsync
1772461602986754852 PROBE_B_START program=low bvar=fsync
1772461603071805822 PROBE_B_END program=low bvar=fsync
1772461603274885505 PROBE_B_START program=low bvar=fsync
1772461603343856679 PROBE_B_END program=low bvar=fsync
1772461603546699287 PROBE_B_START program=low bvar=fsync
1772461603622489589 PROBE_B_END program=low bvar=fsync
1772461603825414141 PROBE_B_START program=low bvar=fsync
1772461603894231834 PROBE_B_END program=low bvar=fsync
1772461604097239183 PROBE_B_START program=low bvar=fsync
1772461604160025918 PROBE_B_END program=low bvar=fsync
1772461604362824378 PROBE_B_START program=low bvar=fsync
1772461604419396709 PROBE_B_END program=low bvar=fsync
1772461604622326410 PROBE_B_START program=low bvar=fsync
1772461604682092342 PROBE_B_END program=low bvar=fsync
1772461604884820672 PROBE_B_START program=low bvar=fsync
1772461604929097550 PROBE_B_END program=low bvar=fsync
1772461605131874694 PROBE_B_START program=low bvar=fsync
1772461605161518317 PROBE_B_END program=low bvar=fsync
1772461605364402092 PROBE_B_START program=low bvar=fsync
1772461605394851013 PROBE_B_END program=low bvar=fsync
1772461605597810398 PROBE_B_START program=low bvar=fsync
1772461605626896927 PROBE_B_END program=low bvar=fsync
1772461605830034480 PROBE_B_START program=low bvar=fsync
1772461605858317192 PROBE_B_END program=low bvar=fsync
1772461606061103244 PROBE_B_START program=low bvar=fsync
1772461606090293792 PROBE_B_END program=low bvar=fsync
1772461606293122011 PROBE_B_START program=low bvar=fsync
1772461606320867111 PROBE_B_END program=low bvar=fsync
1772461606523689811 PROBE_B_START program=low bvar=fsync
1772461606554551974 PROBE_B_END program=low bvar=fsync
1772461606757399822 PROBE_B_START program=low bvar=fsync
1772461606786830981 PROBE_B_END program=low bvar=fsync
1772461606989800164 PROBE_B_START program=low bvar=fsync
1772461607019119600 PROBE_B_END program=low bvar=fsync
1772461607222045856 PROBE_B_START program=low bvar=fsync
1772461607249979068 PROBE_B_END program=low bvar=fsync
1772461607452949046 PROBE_B_START program=low bvar=fsync
1772461607482740928 PROBE_B_END program=low bvar=fsync
1772461607685690814 PROBE_B_START program=low bvar=fsync
1772461607769305689 PROBE_B_END program=low bvar=fsync
1772461607972329982 PROBE_B_START program=low bvar=fsync
1772461608049681991 PROBE_B_END program=low bvar=fsync
1772461608252653673 PROBE_B_START program=low bvar=fsync
1772461608326892304 PROBE_B_END program=low bvar=fsync
1772461608529878634 PROBE_B_START program=low bvar=fsync
1772461610470506881 PROBE_B_END program=low bvar=fsync
1772461610673469452 PROBE_B_START program=low bvar=fsync
1772461610702762741 PROBE_B_END program=low bvar=fsync
1772461610906381702 PROBE_B_START program=low bvar=fsync
1772461610937562661 PROBE_B_END program=low bvar=fsync
1772461611140232250 PROBE_B_START program=low bvar=fsync
1772461611167840942 PROBE_B_END program=low bvar=fsync
1772461611370709938 PROBE_B_START program=low bvar=fsync
1772461611400498654 PROBE_B_END program=low bvar=fsync
1772461611603379891 PROBE_B_START program=low bvar=fsync
1772461611632351364 PROBE_B_END program=low bvar=fsync
1772461611835357083 PROBE_B_START program=low bvar=fsync
1772461611922849930 PROBE_B_END program=low bvar=fsync
1772461612125855630 PROBE_B_START program=low bvar=fsync
1772461612195370936 PROBE_B_END program=low bvar=fsync
1772461612398317988 PROBE_B_START program=low bvar=fsync
1772461612469966409 PROBE_B_END program=low bvar=fsync
1772461612673207758 PROBE_B_START program=low bvar=fsync
1772461612742835490 PROBE_B_END program=low bvar=fsync
1772461612945828339 PROBE_B_START program=low bvar=fsync
1772461613018470040 PROBE_B_END program=low bvar=fsync
1772461613221437333 PROBE_B_START program=low bvar=fsync
1772461613341807031 PROBE_B_END program=low bvar=fsync
1772461613544752917 PROBE_B_START program=low bvar=fsync
1772461613618527436 PROBE_B_END program=low bvar=fsync
1772461613821399247 PROBE_B_START program=low bvar=fsync
1772461613900169129 PROBE_B_END program=low bvar=fsync
1772461614103449256 PROBE_B_START program=low bvar=fsync
1772461614222135358 PROBE_B_END program=low bvar=fsync
1772461614425150466 PROBE_B_START program=low bvar=fsync
1772461614493613991 PROBE_B_END program=low bvar=fsync
1772461614696482080 PROBE_B_START program=low bvar=fsync
1772461614757924737 PROBE_B_END program=low bvar=fsync
1772461614960875049 PROBE_B_START program=low bvar=fsync
1772461615021570612 PROBE_B_END program=low bvar=fsync
1772461615224936258 PROBE_B_START program=low bvar=fsync
1772461615291605057 PROBE_B_END program=low bvar=fsync
1772461615494533201 PROBE_B_START program=low bvar=fsync
1772461615553306334 PROBE_B_END program=low bvar=fsync
1772461615756190905 PROBE_B_START program=low bvar=fsync
1772461615817903452 PROBE_B_END program=low bvar=fsync
1772461616020866096 PROBE_B_START program=low bvar=fsync
1772461616073616457 PROBE_B_END program=low bvar=fsync
1772461616276683601 PROBE_B_START program=low bvar=fsync
1772461616327776458 PROBE_B_END program=low bvar=fsync
1772461616530739936 PROBE_B_START program=low bvar=fsync
1772461616578795489 PROBE_B_END program=low bvar=fsync
1772461616781645893 PROBE_B_START program=low bvar=fsync
1772461616830922948 PROBE_B_END program=low bvar=fsync
1772461617033867760 PROBE_B_START program=low bvar=fsync
1772461617081162941 PROBE_B_END program=low bvar=fsync
1772461617284034715 PROBE_B_START program=low bvar=fsync
1772461617333957031 PROBE_B_END program=low bvar=fsync
1772461617537130843 PROBE_B_START program=low bvar=fsync
1772461617585412138 PROBE_B_END program=low bvar=fsync
1772461617788303634 PROBE_B_START program=low bvar=fsync
1772461617835803297 PROBE_B_END program=low bvar=fsync
1772461618038822886 PROBE_B_START program=low bvar=fsync
1772461618090640114 PROBE_B_END program=low bvar=fsync
1772461618293663018 PROBE_B_START program=low bvar=fsync
1772461618335210631 PROBE_B_END program=low bvar=fsync
1772461618538384813 PROBE_B_START program=low bvar=fsync
1772461618567735009 PROBE_B_END program=low bvar=fsync
1772461618770825413 PROBE_B_START program=low bvar=fsync
1772461618854825788 PROBE_B_END program=low bvar=fsync
1772461619057873174 PROBE_B_START program=low bvar=fsync
1772461619115606989 PROBE_B_END program=low bvar=fsync
1772461619318654078 PROBE_B_START program=low bvar=fsync
1772461619383076372 PROBE_B_END program=low bvar=fsync
1772461619586098554 PROBE_B_START program=low bvar=fsync
1772461619646852562 PROBE_B_END program=low bvar=fsync
1772461619849940133 PROBE_B_START program=low bvar=fsync
1772461619915077465 PROBE_B_END program=low bvar=fsync
1772461620118745667 PROBE_B_START program=low bvar=fsync
1772461620179311619 PROBE_B_END program=low bvar=fsync
1772461620382376263 PROBE_B_START program=low bvar=fsync
1772461620432910044 PROBE_B_END program=low bvar=fsync
1772461620635985485 PROBE_B_START program=low bvar=fsync
1772461621006297397 PROBE_B_END program=low bvar=fsync
1772461621209506783 PROBE_B_START program=low bvar=fsync
1772461621279480719 PROBE_B_END program=low bvar=fsync
1772461621482654956 PROBE_B_START program=low bvar=fsync
1772461621516512551 PROBE_B_END program=low bvar=fsync
1772461621719793863 PROBE_B_START program=low bvar=fsync
1772461621751784121 PROBE_B_END program=low bvar=fsync
1772461621954999784 PROBE_B_START program=low bvar=fsync
1772461621984887796 PROBE_B_END program=low bvar=fsync
1772461622188018404 PROBE_B_START program=low bvar=fsync
1772461622218095861 PROBE_B_END program=low bvar=fsync
1772461622421106301 PROBE_B_START program=low bvar=fsync
1772461622449514143 PROBE_B_END program=low bvar=fsync
1772461622652524288 PROBE_B_START program=low bvar=fsync
1772461622682661486 PROBE_B_END program=low bvar=fsync
1772461622885664241 PROBE_B_START program=low bvar=fsync
1772461622914950770 PROBE_B_END program=low bvar=fsync
1772461623118044378 PROBE_B_START program=low bvar=fsync
1772461623147916594 PROBE_B_END program=low bvar=fsync
1772461623351086683 PROBE_B_START program=low bvar=fsync
1772461623380436082 PROBE_B_END program=low bvar=fsync
1772461623583636579 PROBE_B_START program=low bvar=fsync
1772461623671250944 PROBE_B_END program=low bvar=fsync
1772461623874377959 PROBE_B_START program=low bvar=fsync
1772461623944881822 PROBE_B_END program=low bvar=fsync
1772461624147881633 PROBE_B_START program=low bvar=fsync
1772461624219596221 PROBE_B_END program=low bvar=fsync
1772461624422669588 PROBE_B_START program=low bvar=fsync
1772461624492695506 PROBE_B_END program=low bvar=fsync
1772461624695843595 PROBE_B_START program=low bvar=fsync
1772461624768085536 PROBE_B_END program=low bvar=fsync
1772461624971089328 PROBE_B_START program=low bvar=fsync
1772461625038784981 PROBE_B_END program=low bvar=fsync
1772461625241740496 PROBE_B_START program=low bvar=fsync
1772461625303607488 PROBE_B_END program=low bvar=fsync
1772461625506570798 PROBE_B_START program=low bvar=fsync
1772461625535284493 PROBE_B_END program=low bvar=fsync
1772461625738295841 PROBE_B_START program=low bvar=fsync
1772461625771558009 PROBE_B_END program=low bvar=fsync
1772461625974728246 PROBE_B_START program=low bvar=fsync
1772461626004246109 PROBE_B_END program=low bvar=fsync
1772461626207352698 PROBE_B_START program=low bvar=fsync
1772461626240345458 PROBE_B_END program=low bvar=fsync
1772461626443540880 PROBE_B_START program=low bvar=fsync
1772461626473021965 PROBE_B_END program=low bvar=fsync
1772461626676022999 PROBE_B_START program=low bvar=fsync
1772461626706070622 PROBE_B_END program=low bvar=fsync
1772461626909129229 PROBE_B_START program=low bvar=fsync
1772461626993814532 PROBE_B_END program=low bvar=fsync
1772461627196843787 PROBE_B_START program=low bvar=fsync
1772461627268678061 PROBE_B_END program=low bvar=fsync
1772461627471792853 PROBE_B_START program=low bvar=fsync
1772461627540394434 PROBE_B_END program=low bvar=fsync
1772461627743636690 PROBE_B_START program=low bvar=fsync
1772461627812832958 PROBE_B_END program=low bvar=fsync
1772461628015832343 PROBE_B_START program=low bvar=fsync
1772461628084385775 PROBE_B_END program=low bvar=fsync
1772461628287928810 PROBE_B_START program=low bvar=fsync
1772461628403018774 PROBE_B_END program=low bvar=fsync
1772461628606005770 PROBE_B_START program=low bvar=fsync
1772461628678876323 PROBE_B_END program=low bvar=fsync
1772461628881913375 PROBE_B_START program=low bvar=fsync
1772461628954462798 PROBE_B_END program=low bvar=fsync
1772461629157399349 PROBE_B_START program=low bvar=fsync
1772461629214843461 PROBE_B_END program=low bvar=fsync
1772461629417828660 PROBE_B_START program=low bvar=fsync
1772461629478857576 PROBE_B_END program=low bvar=fsync
1772461629681809498 PROBE_B_START program=low bvar=fsync
1772461629742883951 PROBE_B_END program=low bvar=fsync
1772461629945811224 PROBE_B_START program=low bvar=fsync
1772461630010381333 PROBE_B_END program=low bvar=fsync
1772461630213410551 PROBE_B_START program=low bvar=fsync
1772461630275638285 PROBE_B_END program=low bvar=fsync
1772461630478732244 PROBE_B_START program=low bvar=fsync
1772461630547570473 PROBE_B_END program=low bvar=fsync
1772461630750950192 PROBE_B_START program=low bvar=fsync
1772461630962841597 PROBE_B_END program=low bvar=fsync
