1768761693615020159 101846746
1768761693716771553 101751394
1768761693818459780 101688227
1768761693920094841 101635061
1768761694021746957 101652116
1768761694123379888 101632931
1768761694224985874 101605986
1768761694326615990 101630116
1768761694428233680 101617690
1768761694529890407 101656727
1768761694631518856 101628449
1768761694733176417 101657561
1768761694834821829 101645412
1768761694936446816 101624987
1768761695038101932 101655116
1768761695139738436 101636504
1768761695241388626 101650190
1768761695343026168 101637542
1768761695444690581 101664413
1768761695546297141 101606560
1768761695647953201 101656060
1768761695749584225 101631024
1768761695851267989 101683764
1768761695952893605 101625616
1768761696054487313 101593708
1768761696156042410 101555097
1768761696257633137 101590727
1768761696359269846 101636709
1768761696460924091 101654245
1768761696562579318 101655227
1768761696664167230 101587912
1768761696765780901 101613671
1768761696867423665 101642764
1768761696969025707 101602042
1768761697070627730 101602023
1768761697172188420 101560690
1768761697273775295 101586875
1768761697375393985 101618690
1768761697477020119 101626134
1768761697578656772 101636653
1768761697680261313 101604541
1768761697781849114 101587801
1768761697883424341 101575227
1768761697984993623 101569282
1768761698086557331 101563708
1768761698188094262 101536931
1768761698289653581 101559319
1768761698391232196 101578615
1768761698492829997 101597801
1768761698594581280 101751283
1768761698696095247 101513967
1768761698797570585 101475338
1768761698899104848 101534263
1768761699000497223 101392375
1768761699101819060 101321837
1768761699203146545 101327485
1768761699304469530 101322985
1768761699405814386 101344856
1768761699507218131 101403745
1768761699608585135 101367004
1768761699709841027 101255892
1768761699821734832 111893805
1768761699923029281 101294449
1768761700024436266 101406985
1768761700125900603 101464337
1768761700227211126 101310523
1768761700343162329 115951203
1768761700536199555 193037226
1768761700643172312 106972757
1768761700744529853 101357541
1768761700845891579 101361726
1768761700947230176 101338597
1768761701048638772 101408596
1768761701149963331 101324559
1768761701253194191 103230860
1768761701355359474 102165283
1768761701456717811 101358337
1768761701558224575 101506764
1768761701659672745 101448170
1768761701761098083 101425338
1768761701862389420 101291337
1768761701963776071 101386651
1768761702065271298 101495227
1768761702166636412 101365114
1768761702268048342 101411930
1768761702369346327 101297985
1768761702470657849 101311522
1768761702572131705 101473856
1768761702673466875 101335170
1768761702774811397 101344522
1768761702876073049 101261652
1768761702977354515 101281466
1768761703078668612 101314097
1768761703179878207 101209595
1768761703281110137 101231930
1768761703382432233 101322096
1768761703483825644 101393411
1768761703585134777 101309133
1768761703686662892 101528115
1768761703788475378 101812486
1768761703930688732 142213354
1768761704032397921 101709189
1768761704134188870 101790949
1768761704235985152 101796282
1768761704337794157 101809005
1768761704439629291 101835134
1768761704541506092 101876801
1768761704643322245 101816153
1768761704745125157 101802912
1768761704846933624 101808467
1768761704948740721 101807097
1768761705050540577 101799856
1768761705155379903 104839326
1768761705257141074 101761171
1768761705368493822 111352748
1768761705470338734 101844912
1768761705572176498 101837764
1768761705673952113 101775615
1768761705775723673 101771560
1768761705877395881 101672208
1768761705979047978 101652097
1768761706080627334 101579356
1768761706182350967 101723633
1768761706283973379 101622412
1768761706385570253 101596874
1768761706487282498 101712245
1768761706588945798 101663300
1768761706793444309 204498511
1768761706895423314 101979005
1768761706996948114 101524800
1768761707196607280 199659166
1768761707297931820 101324540
1768761707399137064 101205244
1768761707500313437 101176373
1768761707601490421 101176984
1768761707702676628 101186207
1768761708194870186 492193558
1768761708296121207 101251021
1768761708397446173 101324966
1768761708498792362 101346189
1768761708600131328 101338966
1768761708701472516 101341188
1768761708849260771 147788255
1768761708950595033 101334262
1768761709089618898 139023865
1768761709191034697 101415799
1768761709292384626 101349929
1768761709393710796 101326170
1768761709495066799 101356003
1768761709596379506 101312707
1768761709699917606 103538100
1768761709808373459 108455853
1768761709923014658 114641199
1768761710024301365 101286707
1768761710125911368 101610003
1768761710227408094 101496726
1768761710328837801 101429707
1768761710430281063 101443262
1768761710531635177 101354114
1768761710633023180 101388003
1768761710734506573 101483393
1768761710835935317 101428744
1768761710937397264 101461947
1768761711038942471 101545207
1768761711140452697 101510226
1768761711241909996 101457299
1768761711343311481 101401485
1768761711444512335 101200854
1768761711545727764 101215429
1768761711650558423 104830659
1768761711751808352 101249929
1768761711893312129 141503777
1768761711994826762 101514633
1768761712119455150 124628388
1768761712227499353 108044203
1768761712329305153 101805800
1768761712431107620 101802467
1768761712532966679 101859059
1768761712634928313 101961634
1768761712736785650 101857337
1768761712838561654 101776004
1768761712940398177 101836523
1768761713042274384 101876207
1768761713144107370 101832986
1768761713272049987 127942617
1768761713373783639 101733652
1768761713484071532 110287893
1768761713585783276 101711744
1768761713770839983 185056707
1768761713872544746 101704763
1768761713974212787 101668041
1768761714075948235 101735448
1768761714177597220 101648985
1768761714279392372 101795152
1768761714381052245 101659873
1768761714482713212 101660967
1768761714584338937 101625725
1768761714685942052 101603115
1768761714787499499 101557447
1768761714889054169 101554670
1768761714990617209 101563040
1768761715092163490 101546281
1768761715193752438 101588948
1768761715295748220 101995782
1768761715397699761 101951541
1768761715499054967 101355206
1768761715600361322 101306355
1768761715701599305 101237983
1768761715802807678 101208373
1768761715904014514 101206836
1768761716005228312 101213798
1768761716106419759 101191447
1768761716207643595 101223836
1768761716308838856 101195261
1768761716409998895 101160039
1768761716511320213 101321318
1768761716612551215 101231002
1768761716713777273 101226058
1768761716814964571 101187298
1768761716916129407 101164836
1768761717017319354 101189947
1768761717118484041 101164687
1768761717219694987 101210946
1768761717320885119 101190132
1768761717422078399 101193280
1768761717523315438 101237039
1768761717624519496 101204058
1768761717725722202 101202706
1768761717826946519 101224317
1768761717928128632 101182113
1768761718029302579 101173947
1768761718130492007 101189428
1768761718231693027 101201020
1768761718332936252 101243225
1768761718434983182 102046930
1768761718536226443 101243261
1768761718637384260 101157817
1768761718738514984 101130724
1768761718839638523 101123539
1768761718940782618 101144095
1768761719041904509 101121891
1768761719143044658 101140149
1768761719244143734 101099076
1768761719345267384 101123650
1768761719446653294 101385910
1768761719548207427 101554133
1768761719649576892 101369465
1768761719750905820 101328928
1768761719852189989 101284169
1768761719953451047 101261058
1768761720054663160 101212113
1768761720155925625 101262465
1768761720257162553 101236928
1768761720358433537 101270984
1768761720459920002 101486465
1768761720561583968 101663966
1768761720663330879 101746911
1768761720765000474 101669595
1768761720866691236 101690762
1768761720968393795 101702559
1768761721070074761 101680966
1768761721171787838 101713077
1768761721273478359 101690521
1768761721375164899 101686540
1768761721476840476 101675577
1768761721578510924 101670448
1768761721680208353 101697429
1768761721781923208 101714855
1768761721883648137 101724929
1768761721985316269 101668132
1768761722086998809 101682540
1768761722188703367 101704558
1768761722290370574 101667207
1768761722392124225 101753651
1768761722493818061 101693836
1768761722595550712 101732651
1768761722697150067 101599355
1768761722798730829 101580762
1768761722900294776 101563947
1768761723001893668 101598892
1768761723103491078 101597410
1768761723205062876 101571798
1768761723306615157 101552281
1768761723408182992 101567835
1768761723509768810 101585818
