1770653070273594565 101876866
1770653070375376358 101781793
1770653070477124224 101747866
1770653070578835257 101711033
1770653070680540938 101705681
1770653070782232749 101691811
1770653070883920670 101687921
1770653070985620055 101699385
1770653071087296125 101676070
1770653071189054565 101758440
1770653071290787320 101732755
1770653071392529483 101742163
1770653071494236108 101706625
1770653071595951956 101715848
1770653071697670192 101718236
1770653071799394651 101724459
1770653071901127258 101732607
1770653072002821957 101694699
1770653072104525305 101703348
1770653072206280634 101755329
1770653072308002203 101721569
1770653072409676810 101674607
1770653072511433713 101756903
1770653072613170431 101736718
1770653072714825593 101655162
1770653072816469107 101643514
1770653072918091510 101622403
1770653073019725858 101634348
1770653073121351908 101626050
1770653073223078330 101726422
1770653073324773973 101695643
1770653073426430228 101656255
1770653073528094186 101663958
1770653073629726033 101631847
1770653073731359325 101633292
1770653073833056302 101696977
1770653073934705705 101649403
1770653074036354052 101648347
1770653074137996751 101642699
1770653074239711098 101714347
1770653074341370704 101659606
1770653074443026959 101656255
1770653074544673362 101646403
1770653074646302560 101629198
1770653074747926537 101623977
1770653074849559199 101632662
1770653074951180935 101621736
1770653075052821560 101640625
1770653075154449110 101627550
1770653075256191217 101742107
1770653075357886749 101695532
1770653075459541355 101654606
1770653075561194350 101652995
1770653075662811197 101616847
1770653075764449062 101637865
1770653075866037279 101588217
1770653075967657275 101619996
1770653076069294418 101637143
1770653076170904450 101610032
1770653076272645315 101740865
1770653076374303680 101658365
1770653076475954138 101650458
1770653076577607540 101653402
1770653076679235591 101628051
1770653076780871382 101635791
1770653076882481432 101610050
1770653076984100390 101618958
1770653077085703441 101603051
1770653077187298695 101595254
1770653077289032356 101733661
1770653077390747832 101715476
1770653077492445198 101697366
1770653077594100229 101655031
1770653077695749243 101649014
1770653077797384423 101635180
1770653077899011843 101627420
1770653078000642116 101630273
1770653078102252999 101610883
1770653078203951272 101698273
1770653078305624878 101673606
1770653078407235483 101610605
1770653078508980515 101745032
1770653078610650713 101670198
1770653078712302653 101651940
1770653078813926369 101623716
1770653078915546771 101620402
1770653079017179599 101632828
1770653079118807057 101627458
1770653079220560588 101753531
1770653079322246638 101686050
1770653079423889355 101642717
1770653079525541016 101651661
1770653079627270381 101729365
1770653079728978098 101707717
1770653079830624240 101646142
1770653079932276383 101652143
1770653080033927489 101651106
1770653080135566557 101639068
1770653080237275977 101709420
1770653080338922805 101646828
1770653080440614336 101691531
1770653080542274331 101659995
1770653080643957029 101682698
1770653080745598597 101641568
1770653080847294628 101696031
1770653080948954956 101660328
1770653081050568043 101613087
1770653081152207981 101639938
1770653081253926124 101718143
1770653081355588822 101662698
1770653081457233649 101644827
1770653081558856866 101623217
1770653081660484304 101627438
1770653081762110335 101626031
1770653081863740144 101629809
1770653081965355583 101615439
1770653082066971318 101615735
1770653082168598349 101627031
1770653082270300232 101701883
1770653082371950207 101649975
1770653082473575757 101625550
1770653082575190547 101614790
1770653082676830708 101640161
1770653082778440905 101610197
1770653082880066566 101625661
1770653082981679504 101612938
1770653083083281776 101602272
1770653083184931603 101649827
1770653083286636375 101704772
1770653083388295536 101659161
1770653083489910196 101614660
1770653083591538005 101627809
1770653083693178628 101640623
1770653083794793122 101614494
1770653083896414227 101621105
1770653083998015332 101601105
1770653084099618974 101603642
1770653084201237782 101618808
1770653084302916832 101679050
1770653084404624529 101707697
1770653084506342338 101717809
1770653084608032276 101689938
1770653084709665344 101633068
1770653084811288282 101622938
1770653084912957220 101668938
1770653085014567788 101610568
1770653085116180226 101612438
1770653085217860794 101680568
1770653085319509898 101649104
1770653085421165355 101655457
1770653085522821182 101655827
1770653085624485898 101664716
1770653085726127391 101641493
1770653085827737792 101610401
1770653085929352063 101614271
1770653086030970427 101618364
1770653086132595272 101624845
1770653086234285136 101689864
1770653086335931445 101646309
1770653086437588753 101657308
1770653086539223913 101635160
1770653086640851517 101627604
1770653086742447178 101595661
1770653086844071041 101623863
1770653086945692998 101621957
1770653087047322417 101629419
1770653087148973096 101650679
1770653087250677811 101704715
1770653087352360286 101682475
1770653087453977705 101617419
1770653087555602143 101624438
1770653087657241377 101639234
1770653087758915185 101673808
1770653087860565512 101650327
1770653087962197209 101631697
1770653088063834091 101636882
1770653088165474769 101640678
1770653088267188947 101714178
1770653088368890867 101701920
1770653088470527156 101636289
1770653088572187557 101660401
1770653088673808624 101621067
1770653088775427672 101619048
1770653088877069258 101641586
1770653088978679955 101610697
1770653089080318596 101638641
1770653089181919848 101601252
1770653089283621249 101701401
1770653089385331112 101709863
1770653089486975994 101644882
1770653089588626117 101650123
1770653089690233554 101607437
1770653089791847380 101613826
1770653089893478725 101631345
1770653089995109644 101630919
1770653090096750841 101641197
1770653090198366500 101615659
1770653090300074937 101708437
1770653090401756541 101681604
1770653090503439923 101683382
1770653090605107435 101667512
1770653090706728094 101620659
1770653090808400143 101672049
1770653090910055784 101655641
1770653091011688091 101632307
1770653091113304362 101616271
1770653091214982392 101678030
1770653091316721162 101738770
1770653091418406266 101685104
1770653091520061240 101654974
1770653091621702474 101641234
1770653091723338318 101635844
1770653091824997404 101659086
1770653091926623100 101625696
1770653092028263500 101640400
1770653092129903326 101639826
1770653092231532615 101629289
1770653092333219904 101687289
1770653092434873896 101653992
1770653092536534370 101660474
1770653092638161956 101627586
1770653092739796022 101634066
1770653092841432848 101636826
1770653092943070618 101637770
1770653093044707759 101637141
1770653093146319918 101612159
1770653093248037985 101718067
1770653093349739792 101701807
1770653093451410748 101670956
1770653093553077295 101666547
1770653093654704344 101627049
1770653093756328354 101624010
1770653093857949810 101621456
1770653093959569710 101619900
1770653094061203128 101633418
1770653094162819176 101616048
1770653094264521409 101702233
1770653094366178086 101656677
1770653094467827227 101649141
1770653094569467571 101640344
1770653094671087637 101620066
1770653094772711148 101623511
1770653094874326029 101614881
1770653094975942540 101616511
1770653095077586347 101643807
1770653095179202543 101616196
1770653095280886850 101684307
1770653095382541027 101654177
1770653095484195908 101654881
1770653095585809400 101613492
1770653095687410318 101600918
1770653095789035144 101624826
1770653095890652728 101617584
1770653095992334332 101681604
1770653096093981713 101647381
1770653096195588760 101607047
1770653096297270419 101681659
1770653096398916133 101645714
1770653096500664255 101748122
1770653096602324117 101659862
1770653096703938128 101614011
1770653096805587212 101649084
1770653096907208389 101621177
1770653097008848974 101640585
1770653097110450447 101601473
1770653097212093698 101643251
1770653097313781857 101688159
1770653097415443904 101662047
1770653097517120785 101676881
1770653097618747684 101626899
1770653097720366121 101618437
1770653097821989538 101623417
1770653097923607530 101617992
1770653098025223522 101615992
1770653098126822625 101599103
1770653098228440080 101617455
1770653098330135720 101695640
1770653098431841471 101705751
1770653098533509036 101667565
1770653098635145454 101636418
1770653098736772279 101626825
1770653098838433975 101661696
1770653098940122615 101688640
1770653099041783440 101660825
1770653099143407264 101623824
1770653099245084200 101676936
1770653099346797637 101713437
1770653099448468962 101671325
1770653099550102472 101633510
1770653099651716815 101614343
1770653099753342881 101626066
1770653099854966465 101623584
1770653099956598679 101632214
1770653100058224948 101626269
1770653100159831680 101606732
1770653100261507783 101676103
1770653100363174348 101666565
1770653100464848747 101674399
1770653100566510979 101662232
1770653100668166804 101655825
1770653100769790407 101623603
1770653100871403342 101612935
1770653100973052704 101649362
1770653101074674066 101621362
1770653101176341743 101667677
1770653101278104845 101763102
1770653101379812003 101707158
1770653101481529420 101717417
1770653101583190301 101660881
1770653101684918737 101728436
1770653101786600246 101681509
1770653101888284386 101684140
1770653101989953470 101669084
1770653102091644628 101691158
1770653102193371156 101726528
1770653102295131869 101760713
1770653102396815324 101683455
1770653102498521907 101706583
1770653102600211362 101689455
1770653102701890186 101678824
1770653102803565881 101675695
1770653102905253983 101688102
1770653103006909364 101655381
1770653103108565355 101655991
1770653103210217253 101651898
1770653103311991596 101774343
1770653103413715569 101723973
1770653103515366097 101650528
1770653103617028458 101662361
1770653103718706301 101677843
1770653103820422811 101716510
1770653103922085450 101662639
1770653104023748441 101662991
1770653104125436450 101688009
1770653104227154867 101718417
1770653104328924414 101769547
1770653104430648960 101724546
1770653104532337563 101688603
1770653104633987479 101649916
1770653104735679359 101691880
1770653104837389221 101709862
1770653104939026415 101637194
1770653105040695962 101669547
1770653105142407193 101711231
1770653105244079406 101672213
1770653105345844564 101765158
1770653105447602203 101757639
1770653105549288453 101686250
1770653105650950240 101661787
1770653105752608879 101658639
1770653105854279814 101670935
1770653105955983620 101703806
1770653106057661722 101678102
1770653106159308453 101646731
1770653106261007944 101699491
1770653106362741342 101733398
1770653106464452777 101711435
1770653106566116119 101663342
1770653106667781129 101665010
1770653106769448045 101666916
1770653106871141258 101693213
1770653106972774119 101632861
1770653107074438461 101664342
1770653107176110322 101671861
1770653107277830665 101720343
1770653107379687600 101856935
1770653107481386331 101698731
1770653107583035063 101648732
1770653107684687498 101652435
1770653107786343081 101655583
1770653107888006238 101663157
1770653107989671802 101665564
1770653108091311756 101639954
1770653108193009098 101697342
1770653108294743885 101734787
1770653108396438264 101694379
1770653108498163069 101724805
1770653108599846263 101683194
1770653108701553458 101707195
1770653108803217115 101663657
1770653108904888309 101671194
1770653109006589244 101700935
1770653109108265512 101676268
1770653109209973817 101708305
1770653109311725066 101751249
1770653109413448779 101723713
1770653109515108732 101659953
1770653109616754167 101645435
1770653109718397546 101643379
1770653109820035740 101638194
1770653109921663711 101627971
1770653110023276720 101613009
1770653110124922284 101645564
1770653110226538034 101615750
1770653110328273876 101735842
1770653110429944384 101670508
1770653110531583800 101639416
1770653110633215716 101631916
1770653110734845762 101630046
1770653110836505937 101660175
1770653110938149798 101643861
1770653111039778769 101628971
1770653111141403130 101624361
1770653111243023935 101620805
1770653111344726702 101702767
1770653111446451840 101725138
1770653111548119701 101667861
1770653111649787839 101668138
1770653111751467385 101679546
1770653111853137393 101670008
1770653111954817735 101680342
1770653112056528743 101711008
1770653112158199067 101670324
1770653112259886075 101687008
1770653112361608009 101721934
1770653112463283777 101675768
1770653112564959897 101676120
1770653112666596479 101636582
1770653112768253043 101656564
1770653112869909162 101656119
1770653112971599115 101689953
1770653113073271031 101671916
1770653113174932372 101661341
1770653113276600992 101668620
1770653113378365815 101764823
1770653113480070675 101704860
1770653113581755554 101684879
1770653113683411414 101655860
1770653113785092367 101680953
1770653113886787930 101695563
1770653113988471494 101683564
1770653114090120484 101648990
1770653114191761381 101640897
1770653114293430315 101668934
1770653114395164156 101733841
1770653114496939405 101775249
1770653114598672321 101732916
1770653114700358699 101686378
1770653114802049967 101691268
1770653114903698086 101648119
1770653115005347261 101649175
1770653115106981510 101634249
1770653115208687777 101706267
1770653115310447526 101759749
1770653115412148348 101700822
1770653115513838745 101690397
1770653115615506309 101667564
1770653115717157206 101650897
1770653115818805640 101648434
1770653115920467462 101661822
1770653116022136563 101669101
1770653116123792460 101655897
1770653116225471690 101679230
1770653116327183253 101711563
1770653116428947520 101764267
1770653116530662102 101714582
1770653116632378499 101716397
1770653116734020452 101641953
1770653116835621256 101600804
1770653116937276523 101655267
1770653117038906049 101629526
1770653117140549094 101643045
1770653117242152435 101603341
1770653117343856776 101704341
1770653117445527061 101670285
1770653117547182013 101654952
1770653117648844151 101662138
1770653117750468418 101624267
1770653117852097981 101629563
1770653117953735970 101637989
1770653118055366422 101630452
1770653118157010634 101644212
1770653118258624919 101614285
1770653118360339482 101714563
1770653118462004342 101664860
1770653118563633016 101628674
1770653118665261709 101628693
1770653118766870031 101608322
1770653118868518928 101648897
1770653118970174472 101655544
1770653119071815035 101640563
1770653119173437950 101622915
1770653119275067957 101630007
1770653119376803613 101735656
1770653119478475306 101671693
1770653119580123498 101648192
1770653119681735487 101611989
1770653119783356013 101620526
1770653119885084687 101728674
1770653119986784065 101699378
1770653120088452424 101668359
1770653120190077265 101624841
1770653120291700587 101623322
1770653120393422483 101721896
1770653120495199621 101777138
1770653120596900498 101700877
1770653120698556709 101656211
1770653120800237402 101680693
1770653120901922428 101685026
1770653121003585416 101662988
1770653121105327054 101741638
1770653121207006783 101679729
1770653121308732957 101726174
1770653121410496149 101763192
1770653121512258453 101762304
1770653121613943275 101684822
1770653121715657042 101713767
1770653121817377401 101720359
1770653121919015408 101638007
1770653122020656156 101640748
1770653122122285441 101629285
1770653122223908355 101622914
1770653122325621844 101713489
1770653122427259851 101638007
1770653122528928173 101668322
1770653122630568921 101640748
1770653122732211113 101642192
1770653122833830805 101619692
1770653122935463979 101633174
1770653123037121967 101657988
1770653123138760530 101638563
1770653123240382740 101622210
1770653123342073155 101690415
1770653123443723273 101650118
1770653123545370650 101647377
1770653123647018324 101647674
1770653123748657183 101638859
1770653123850259189 101602006
1770653123951875844 101616655
1770653124053494166 101618322
1770653124155097858 101603692
1770653124256724717 101626859
1770653124358419316 101694599
1770653124460088582 101669266
1770653124561723441 101634859
1770653124663349355 101625914
1770653124765008566 101659211
1770653124866641462 101632896
1770653124968279172 101637710
1770653125069885771 101606599
1770653125171494222 101608451
1770653125273124173 101629951
1770653125374802884 101678711
1770653125476491391 101688507
1770653125578133768 101642377
1770653125679758015 101624247
1770653125781365966 101607951
1770653125883022195 101656229
1770653125984637350 101615155
1770653126086246005 101608655
1770653126187899919 101653914
1770653126289524795 101624876
1770653126391219321 101694526
1770653126492928124 101708803
1770653126594595426 101667302
1770653126696236470 101641044
1770653126797869051 101632581
1770653126899518317 101649266
1770653127001245656 101727339
1770653127102932626 101686970
1770653127204615095 101682469
1770653127306264102 101649007
1770653127408023701 101759599
1770653127509759078 101735377
1770653127611411918 101652840
1770653127713089517 101677599
1770653127814737875 101648358
1770653127916410067 101672192
1770653128018068740 101658673
1770653128119733524 101664784
1770653128221403030 101669506
