1773324021575242357 DISK_WATCH_START pid=8749 interval=0.1 dev=mmcblk0
1773324021576944382  179       0 mmcblk0 5059 2473 482583 16475 6621 10620 138219 15132 0 16004 31607 0 0 0 0 0 0
1773324021680251451  179       0 mmcblk0 5059 2473 482583 16475 6623 10625 138275 15134 0 16004 31609 0 0 0 0 0 0
1773324021783142001  179       0 mmcblk0 5059 2473 482583 16475 6623 10625 138275 15134 0 16004 31609 0 0 0 0 0 0
1773324021886186495  179       0 mmcblk0 5059 2473 482583 16475 6623 10625 138275 15134 0 16004 31609 0 0 0 0 0 0
1773324021989145526  179       0 mmcblk0 5059 2473 482583 16475 6623 10625 138275 15134 0 16004 31609 0 0 0 0 0 0
1773324022092212131  179       0 mmcblk0 5059 2473 482583 16475 6623 10625 138275 15134 0 16004 31609 0 0 0 0 0 0
1773324022195107791  179       0 mmcblk0 5059 2473 482583 16475 6623 10625 138275 15134 0 16004 31609 0 0 0 0 0 0
1773324022298273193  179       0 mmcblk0 5059 2473 482583 16475 6623 10625 138275 15134 0 16004 31609 0 0 0 0 0 0
1773324022401338706  179       0 mmcblk0 5059 2473 482583 16475 6623 10625 138275 15134 0 16004 31609 0 0 0 0 0 0
1773324022504355996  179       0 mmcblk0 5059 2473 482583 16475 6623 10625 138275 15134 0 16004 31609 0 0 0 0 0 0
1773324022607540917  179       0 mmcblk0 5059 2473 482583 16475 6623 10625 138275 15134 0 16004 31609 0 0 0 0 0 0
1773324022710549447  179       0 mmcblk0 5059 2473 482583 16475 6623 10625 138275 15134 0 16004 31609 0 0 0 0 0 0
1773324022813670757  179       0 mmcblk0 5059 2473 482583 16475 6623 10625 138275 15134 0 16004 31609 0 0 0 0 0 0
1773324022916764529  179       0 mmcblk0 5059 2473 482583 16475 6623 10625 138275 15134 0 16004 31609 0 0 0 0 0 0
1773324023019798560  179       0 mmcblk0 5059 2473 482583 16475 6623 10625 138275 15134 0 16004 31609 0 0 0 0 0 0
1773324023122663034  179       0 mmcblk0 5059 2473 482583 16475 6623 10625 138275 15134 0 16004 31609 0 0 0 0 0 0
1773324023225570138  179       0 mmcblk0 5059 2473 482583 16475 6623 10625 138275 15134 0 16004 31609 0 0 0 0 0 0
1773324023328509521  179       0 mmcblk0 5059 2473 482583 16475 6623 10625 138275 15134 0 16004 31609 0 0 0 0 0 0
1773324023431546792  179       0 mmcblk0 5059 2473 482583 16475 6623 10625 138275 15134 0 16004 31609 0 0 0 0 0 0
1773324023534792879  179       0 mmcblk0 5059 2473 482583 16475 6623 10625 138275 15134 0 16004 31609 0 0 0 0 0 0
1773324023637861614  179       0 mmcblk0 5059 2473 482583 16475 6623 10625 138275 15134 0 16004 31609 0 0 0 0 0 0
1773324023740938626  179       0 mmcblk0 5059 2473 482583 16475 6623 10625 138275 15134 0 16004 31609 0 0 0 0 0 0
1773324023843980842  179       0 mmcblk0 5059 2473 482583 16475 6623 10625 138275 15134 0 16004 31609 0 0 0 0 0 0
1773324023947052577  179       0 mmcblk0 5059 2473 482583 16475 6623 10625 138275 15134 0 16004 31609 0 0 0 0 0 0
1773324024049993366  179       0 mmcblk0 5059 2473 482583 16475 6623 10625 138275 15134 0 16004 31609 0 0 0 0 0 0
1773324024153116749  179       0 mmcblk0 5059 2473 482583 16475 6623 10625 138275 15134 0 16004 31609 0 0 0 0 0 0
1773324024256130983  179       0 mmcblk0 5059 2473 482583 16475 6623 10625 138275 15134 0 16004 31609 0 0 0 0 0 0
1773324024359154495  179       0 mmcblk0 5059 2473 482583 16475 6623 10625 138275 15134 0 16004 31609 0 0 0 0 0 0
1773324024462294230  179       0 mmcblk0 5059 2473 482583 16475 6623 10625 138275 15134 0 16004 31609 0 0 0 0 0 0
1773324024565292445  179       0 mmcblk0 5059 2473 482583 16475 6623 10625 138275 15134 0 16004 31609 0 0 0 0 0 0
1773324024668404902  179       0 mmcblk0 5059 2473 482583 16475 6623 10625 138275 15134 0 16004 31609 0 0 0 0 0 0
1773324024772127991  179       0 mmcblk0 5059 2473 482583 16475 6623 10625 138275 15134 0 16004 31609 0 0 0 0 0 0
1773324024875180929  179       0 mmcblk0 5059 2473 482583 16475 6623 10625 138275 15134 0 16004 31609 0 0 0 0 0 0
1773324024978062884  179       0 mmcblk0 5059 2473 482583 16475 6623 10625 138275 15134 0 16004 31609 0 0 0 0 0 0
1773324025081237952  179       0 mmcblk0 5059 2473 482583 16475 6623 10625 138275 15134 0 16004 31609 0 0 0 0 0 0
1773324025184366224  179       0 mmcblk0 5059 2473 482583 16475 6623 10625 138275 15134 0 16004 31609 0 0 0 0 0 0
1773324025287540088  179       0 mmcblk0 5059 2473 482583 16475 6623 10625 138275 15134 0 16004 31609 0 0 0 0 0 0
1773324025390809748  179       0 mmcblk0 5059 2473 482583 16475 6623 10625 138275 15134 0 16004 31609 0 0 0 0 0 0
1773324025493889871  179       0 mmcblk0 5059 2473 482583 16475 6623 10625 138275 15134 0 16004 31609 0 0 0 0 0 0
1773324025596907902  179       0 mmcblk0 5059 2473 482583 16475 6623 10625 138275 15134 0 16004 31609 0 0 0 0 0 0
1773324025699769857  179       0 mmcblk0 5059 2473 482583 16475 6623 10625 138275 15134 0 16004 31609 0 0 0 0 0 0
1773324025802915425  179       0 mmcblk0 5059 2473 482583 16475 6623 10625 138275 15134 0 16004 31609 0 0 0 0 0 0
1773324025906032326  179       0 mmcblk0 5059 2473 482583 16475 6623 10625 138275 15134 0 16004 31609 0 0 0 0 0 0
1773324026009158152  179       0 mmcblk0 5059 2473 482583 16475 6623 10625 138275 15134 0 16004 31609 0 0 0 0 0 0
1773324026112193979  179       0 mmcblk0 5059 2473 482583 16475 6623 10625 138275 15134 0 16004 31609 0 0 0 0 0 0
1773324026215077860  179       0 mmcblk0 5059 2473 482583 16475 6623 10625 138275 15134 0 16004 31609 0 0 0 0 0 0
1773324026317998038  179       0 mmcblk0 5059 2473 482583 16475 6623 10625 138275 15134 0 16004 31609 0 0 0 0 0 0
1773324026420968789  179       0 mmcblk0 5059 2473 482583 16475 6623 10625 138275 15134 0 16004 31609 0 0 0 0 0 0
1773324026524067505  179       0 mmcblk0 5059 2473 482583 16475 6623 10625 138275 15134 0 16004 31609 0 0 0 0 0 0
1773324026627248647  179       0 mmcblk0 5059 2473 482583 16475 6623 10625 138275 15134 0 16004 31609 0 0 0 0 0 0
1773324026730138843  179       0 mmcblk0 5059 2473 482583 16475 6625 10627 138307 15136 0 16008 31611 0 0 0 0 0 0
1773324026832856279  179       0 mmcblk0 5059 2473 482583 16475 6625 10627 138307 15136 0 16008 31611 0 0 0 0 0 0
1773324026935779030  179       0 mmcblk0 5059 2473 482583 16475 6625 10627 138307 15136 0 16008 31611 0 0 0 0 0 0
1773324027038742745  179       0 mmcblk0 5059 2473 482583 16475 6625 10627 138307 15136 0 16008 31611 0 0 0 0 0 0
1773324027141901720  179       0 mmcblk0 5059 2473 482583 16475 6625 10627 138307 15136 0 16008 31611 0 0 0 0 0 0
1773324027244928805  179       0 mmcblk0 5059 2473 482583 16475 6625 10627 138307 15136 0 16008 31611 0 0 0 0 0 0
1773324027347876001  179       0 mmcblk0 5059 2473 482583 16475 6625 10627 138307 15136 0 16008 31611 0 0 0 0 0 0
1773324027450910753  179       0 mmcblk0 5059 2473 482583 16475 6628 10630 138331 15141 0 16008 31616 0 0 0 0 0 0
1773324027553933672  179       0 mmcblk0 5059 2473 482583 16475 6643 10630 138483 15241 0 16020 31717 0 0 0 0 0 0
1773324027656837090  179       0 mmcblk0 5059 2473 482583 16475 6643 10630 138483 15241 0 16020 31717 0 0 0 0 0 0
1773324027759880749  179       0 mmcblk0 5059 2473 482583 16475 6643 10630 138483 15241 0 16020 31717 0 0 0 0 0 0
1773324027862858741  179       0 mmcblk0 5059 2473 482583 16475 6643 10630 138483 15241 0 16020 31717 0 0 0 0 0 0
1773324027965867197  179       0 mmcblk0 5059 2473 482583 16475 6643 10630 138483 15241 0 16020 31717 0 0 0 0 0 0
1773324028068879541  179       0 mmcblk0 5059 2473 482583 16475 6643 10630 138483 15241 0 16020 31717 0 0 0 0 0 0
1773324028172441313  179       0 mmcblk0 5059 2473 482583 16475 6643 10630 138483 15241 0 16020 31717 0 0 0 0 0 0
1773324028275923030  179       0 mmcblk0 5059 2473 482583 16475 6643 10630 138483 15241 0 16020 31717 0 0 0 0 0 0
1773324028380186860  179       0 mmcblk0 5059 2473 482583 16475 6643 10630 138483 15241 0 16020 31717 0 0 0 0 0 0
1773324028483215871  179       0 mmcblk0 5059 2473 482583 16475 6643 10630 138483 15241 0 16020 31717 0 0 0 0 0 0
1773324028586265715  179       0 mmcblk0 5059 2473 482583 16475 6643 10630 138483 15241 0 16020 31717 0 0 0 0 0 0
1773324028689098670  179       0 mmcblk0 5059 2473 482583 16475 6643 10630 138483 15241 0 16020 31717 0 0 0 0 0 0
1773324028792117755  179       0 mmcblk0 5059 2473 482583 16475 6643 10630 138483 15241 0 16020 31717 0 0 0 0 0 0
1773324028895032191  179       0 mmcblk0 5059 2473 482583 16475 6643 10630 138483 15241 0 16020 31717 0 0 0 0 0 0
1773324029001726698  179       0 mmcblk0 5059 2473 482583 16475 6643 10630 138483 15241 0 16020 31717 0 0 0 0 0 0
1773324029104960505  179       0 mmcblk0 5059 2473 482583 16475 6643 10630 138483 15241 0 16020 31717 0 0 0 0 0 0
1773324029208042053  179       0 mmcblk0 5059 2473 482583 16475 6643 10630 138483 15241 0 16020 31717 0 0 0 0 0 0
1773324029311403343  179       0 mmcblk0 5059 2473 482583 16475 6643 10630 138483 15241 0 16020 31717 0 0 0 0 0 0
1773324029414378687  179       0 mmcblk0 5059 2473 482583 16475 6643 10630 138483 15241 0 16020 31717 0 0 0 0 0 0
1773324029517428901  179       0 mmcblk0 5059 2473 482583 16475 6643 10630 138483 15241 0 16020 31717 0 0 0 0 0 0
1773324029620259078  179       0 mmcblk0 5059 2473 482583 16475 6643 10630 138483 15241 0 16020 31717 0 0 0 0 0 0
1773324029723085402  179       0 mmcblk0 5059 2473 482583 16475 6643 10630 138483 15241 0 16020 31717 0 0 0 0 0 0
1773324029826006098  179       0 mmcblk0 5059 2473 482583 16475 6643 10630 138483 15241 0 16020 31717 0 0 0 0 0 0
1773324029929138831  179       0 mmcblk0 5059 2473 482583 16475 6643 10630 138483 15241 0 16020 31717 0 0 0 0 0 0
1773324030032179656  179       0 mmcblk0 5059 2473 482583 16475 6643 10630 138483 15241 0 16020 31717 0 0 0 0 0 0
1773324030135733298  179       0 mmcblk0 5059 2473 482583 16475 6643 10630 138483 15241 0 16020 31717 0 0 0 0 0 0
1773324030239137532  179       0 mmcblk0 5059 2473 482583 16475 6643 10630 138483 15241 0 16020 31717 0 0 0 0 0 0
1773324030342010801  179       0 mmcblk0 5059 2473 482583 16475 6643 10630 138483 15241 0 16020 31717 0 0 0 0 0 0
1773324030444883755  179       0 mmcblk0 5059 2473 482583 16475 6643 10630 138483 15241 0 16020 31717 0 0 0 0 0 0
1773324030547799728  179       0 mmcblk0 5059 2473 482583 16475 6643 10630 138483 15241 0 16020 31717 0 0 0 0 0 0
1773324030650808053  179       0 mmcblk0 5059 2473 482583 16475 6643 10630 138483 15241 0 16020 31717 0 0 0 0 0 0
1773324030753722156  179       0 mmcblk0 5059 2473 482583 16475 6643 10630 138483 15241 0 16020 31717 0 0 0 0 0 0
1773324030856813592  179       0 mmcblk0 5059 2473 482583 16475 6643 10630 138483 15241 0 16020 31717 0 0 0 0 0 0
1773324030960045678  179       0 mmcblk0 5059 2473 482583 16475 6643 10630 138483 15241 0 16020 31717 0 0 0 0 0 0
1773324031063310615  179       0 mmcblk0 5059 2473 482583 16475 6643 10630 138483 15241 0 16020 31717 0 0 0 0 0 0
1773324031166972738  179       0 mmcblk0 5059 2473 482583 16475 6643 10630 138483 15241 0 16020 31717 0 0 0 0 0 0
1773324031269926119  179       0 mmcblk0 5059 2473 482583 16475 6643 10630 138483 15241 0 16020 31717 0 0 0 0 0 0
1773324031373010351  179       0 mmcblk0 5059 2473 482583 16475 6643 10630 138483 15241 0 16020 31717 0 0 0 0 0 0
1773324031475943213  179       0 mmcblk0 5059 2473 482583 16475 6643 10630 138483 15241 0 16020 31717 0 0 0 0 0 0
1773324031579032723  179       0 mmcblk0 5059 2473 482583 16475 6643 10630 138483 15241 0 16020 31717 0 0 0 0 0 0
1773324031681978251  179       0 mmcblk0 5059 2473 482583 16475 6643 10630 138483 15241 0 16020 31717 0 0 0 0 0 0
1773324031784966650  179       0 mmcblk0 5059 2473 482583 16475 6645 10634 138531 15243 0 16024 31719 0 0 0 0 0 0
1773324031887937512  179       0 mmcblk0 5059 2473 482583 16475 6645 10634 138531 15243 0 16024 31719 0 0 0 0 0 0
1773324031991134837  179       0 mmcblk0 5059 2473 482583 16475 6645 10634 138531 15243 0 16024 31719 0 0 0 0 0 0
1773324032094468608  179       0 mmcblk0 5059 2473 482583 16475 6645 10634 138531 15243 0 16024 31719 0 0 0 0 0 0
1773324032197382173  179       0 mmcblk0 5059 2473 482583 16475 6645 10634 138531 15243 0 16024 31719 0 0 0 0 0 0
1773324032300420219  179       0 mmcblk0 5059 2473 482583 16475 6645 10634 138531 15243 0 16024 31719 0 0 0 0 0 0
1773324032403257266  179       0 mmcblk0 5059 2473 482583 16475 6645 10634 138531 15243 0 16024 31719 0 0 0 0 0 0
1773324032506177460  179       0 mmcblk0 5059 2473 482583 16475 6645 10634 138531 15243 0 16024 31719 0 0 0 0 0 0
1773324032609363434  179       0 mmcblk0 5059 2473 482583 16475 6649 10641 138667 15252 0 16024 31727 0 0 0 0 0 0
1773324032712347128  179       0 mmcblk0 5059 2473 482583 16475 6649 10641 138667 15252 0 16024 31727 0 0 0 0 0 0
1773324032815134656  179       0 mmcblk0 5059 2473 482583 16475 6649 10641 138667 15252 0 16024 31727 0 0 0 0 0 0
1773324032918178906  179       0 mmcblk0 5059 2473 482583 16475 6649 10641 138667 15252 0 16024 31727 0 0 0 0 0 0
1773324033021383102  179       0 mmcblk0 5059 2473 482583 16475 6649 10641 138667 15252 0 16024 31727 0 0 0 0 0 0
1773324033124222907  179       0 mmcblk0 5059 2473 482583 16475 6649 10641 138667 15252 0 16024 31727 0 0 0 0 0 0
1773324033227165194  179       0 mmcblk0 5059 2473 482583 16475 6649 10641 138667 15252 0 16024 31727 0 0 0 0 0 0
1773324033329980518  179       0 mmcblk0 5059 2473 482583 16475 6649 10641 138667 15252 0 16024 31727 0 0 0 0 0 0
1773324033432831971  179       0 mmcblk0 5059 2473 482583 16475 6649 10641 138667 15252 0 16024 31727 0 0 0 0 0 0
1773324033535737943  179       0 mmcblk0 5059 2473 482583 16475 6649 10641 138667 15252 0 16024 31727 0 0 0 0 0 0
1773324033638629619  179       0 mmcblk0 5059 2473 482583 16475 6649 10641 138667 15252 0 16024 31727 0 0 0 0 0 0
1773324033741646406  179       0 mmcblk0 5059 2473 482583 16475 6649 10641 138667 15252 0 16024 31727 0 0 0 0 0 0
1773324033846047310  179       0 mmcblk0 5059 2473 482583 16475 6649 10641 138667 15252 0 16024 31727 0 0 0 0 0 0
1773324033949590062  179       0 mmcblk0 5059 2473 482583 16475 6649 10641 138667 15252 0 16024 31727 0 0 0 0 0 0
1773324034052621998  179       0 mmcblk0 5059 2473 482583 16475 6649 10641 138667 15252 0 16024 31727 0 0 0 0 0 0
1773324034155871545  179       0 mmcblk0 5059 2473 482583 16475 6649 10641 138667 15252 0 16024 31727 0 0 0 0 0 0
1773324034258696998  179       0 mmcblk0 5059 2473 482583 16475 6649 10641 138667 15252 0 16024 31727 0 0 0 0 0 0
1773324034361603340  179       0 mmcblk0 5059 2473 482583 16475 6649 10641 138667 15252 0 16024 31727 0 0 0 0 0 0
1773324034464505127  179       0 mmcblk0 5059 2473 482583 16475 6649 10641 138667 15252 0 16024 31727 0 0 0 0 0 0
1773324034567376802  179       0 mmcblk0 5059 2473 482583 16475 6649 10641 138667 15252 0 16024 31727 0 0 0 0 0 0
1773324034670346941  179       0 mmcblk0 5059 2473 482583 16475 6649 10641 138667 15252 0 16024 31727 0 0 0 0 0 0
1773324034773396172  179       0 mmcblk0 5059 2473 482583 16475 6649 10641 138667 15252 0 16024 31727 0 0 0 0 0 0
1773324034876372496  179       0 mmcblk0 5059 2473 482583 16475 6649 10641 138667 15252 0 16024 31727 0 0 0 0 0 0
1773324034979338635  179       0 mmcblk0 5059 2473 482583 16475 6649 10641 138667 15252 0 16024 31727 0 0 0 0 0 0
1773324035082504348  179       0 mmcblk0 5059 2473 482583 16475 6649 10641 138667 15252 0 16024 31727 0 0 0 0 0 0
1773324035185490783  179       0 mmcblk0 5059 2473 482583 16475 6649 10641 138667 15252 0 16024 31727 0 0 0 0 0 0
1773324035288477662  179       0 mmcblk0 5059 2473 482583 16475 6649 10641 138667 15252 0 16024 31727 0 0 0 0 0 0
1773324035391494560  179       0 mmcblk0 5059 2473 482583 16475 6649 10641 138667 15252 0 16024 31727 0 0 0 0 0 0
1773324035494397606  179       0 mmcblk0 5059 2473 482583 16475 6649 10641 138667 15252 0 16024 31727 0 0 0 0 0 0
1773324035597358226  179       0 mmcblk0 5059 2473 482583 16475 6649 10641 138667 15252 0 16024 31727 0 0 0 0 0 0
1773324035700270586  179       0 mmcblk0 5059 2473 482583 16475 6649 10641 138667 15252 0 16024 31727 0 0 0 0 0 0
1773324035803296854  179       0 mmcblk0 5059 2473 482583 16475 6649 10641 138667 15252 0 16024 31727 0 0 0 0 0 0
1773324035906324012  179       0 mmcblk0 5059 2473 482583 16475 6649 10641 138667 15252 0 16024 31727 0 0 0 0 0 0
1773324036009859263  179       0 mmcblk0 5059 2473 482583 16475 6649 10641 138667 15252 0 16024 31727 0 0 0 0 0 0
1773324036112867994  179       0 mmcblk0 5059 2473 482583 16475 6649 10641 138667 15252 0 16024 31727 0 0 0 0 0 0
1773324036215787669  179       0 mmcblk0 5059 2473 482583 16475 6649 10641 138667 15252 0 16024 31727 0 0 0 0 0 0
1773324036318912993  179       0 mmcblk0 5059 2473 482583 16475 6649 10641 138667 15252 0 16024 31727 0 0 0 0 0 0
1773324036421960724  179       0 mmcblk0 5059 2473 482583 16475 6649 10641 138667 15252 0 16024 31727 0 0 0 0 0 0
1773324036524996104  179       0 mmcblk0 5059 2473 482583 16475 6649 10641 138667 15252 0 16024 31727 0 0 0 0 0 0
1773324036628739448  179       0 mmcblk0 5059 2473 482583 16475 6649 10641 138667 15252 0 16024 31727 0 0 0 0 0 0
1773324036732078070  179       0 mmcblk0 5059 2473 482583 16475 6652 10645 138723 15255 0 16028 31730 0 0 0 0 0 0
1773324036835392116  179       0 mmcblk0 5059 2473 482583 16475 6652 10645 138723 15255 0 16028 31730 0 0 0 0 0 0
1773324036938560422  179       0 mmcblk0 5059 2473 482583 16475 6652 10645 138723 15255 0 16028 31730 0 0 0 0 0 0
1773324037041420597  179       0 mmcblk0 5059 2473 482583 16475 6652 10645 138723 15255 0 16028 31730 0 0 0 0 0 0
1773324037144287549  179       0 mmcblk0 5059 2473 482583 16475 6652 10645 138723 15255 0 16028 31730 0 0 0 0 0 0
1773324037247116094  179       0 mmcblk0 5059 2473 482583 16475 6652 10645 138723 15255 0 16028 31730 0 0 0 0 0 0
1773324037350093454  179       0 mmcblk0 5059 2473 482583 16475 6652 10645 138723 15255 0 16028 31730 0 0 0 0 0 0
1773324037452945758  179       0 mmcblk0 5059 2473 482583 16475 6652 10645 138723 15255 0 16028 31730 0 0 0 0 0 0
1773324037556025656  179       0 mmcblk0 5059 2473 482583 16475 6652 10645 138723 15255 0 16028 31730 0 0 0 0 0 0
1773324037659311462  179       0 mmcblk0 5059 2473 482583 16475 6652 10645 138723 15255 0 16028 31730 0 0 0 0 0 0
1773324037762834676  179       0 mmcblk0 5059 2473 482583 16475 6657 10651 138819 15277 0 16032 31752 0 0 0 0 0 0
1773324037866460761  179       0 mmcblk0 5059 2473 482583 16475 6657 10651 138819 15277 0 16032 31752 0 0 0 0 0 0
1773324037969391399  179       0 mmcblk0 5059 2473 482583 16475 6657 10651 138819 15277 0 16032 31752 0 0 0 0 0 0
1773324038073993580  179       0 mmcblk0 5059 2473 482583 16475 6657 10651 138819 15277 0 16032 31752 0 0 0 0 0 0
1773324038177086644  179       0 mmcblk0 5059 2473 482583 16475 6657 10651 138819 15277 0 16032 31752 0 0 0 0 0 0
1773324038280152671  179       0 mmcblk0 5059 2473 482583 16475 6657 10651 138819 15277 0 16032 31752 0 0 0 0 0 0
1773324038383258494  179       0 mmcblk0 5059 2473 482583 16475 6657 10651 138819 15277 0 16032 31752 0 0 0 0 0 0
1773324038486223039  179       0 mmcblk0 5059 2473 482583 16475 6657 10651 138819 15277 0 16032 31752 0 0 0 0 0 0
1773324038589370048  179       0 mmcblk0 5059 2473 482583 16475 6657 10651 138819 15277 0 16032 31752 0 0 0 0 0 0
1773324038692746317  179       0 mmcblk0 5059 2473 482583 16475 6657 10651 138819 15277 0 16032 31752 0 0 0 0 0 0
1773324038795879640  179       0 mmcblk0 5059 2473 482583 16475 6657 10651 138819 15277 0 16032 31752 0 0 0 0 0 0
1773324038898754963  179       0 mmcblk0 5059 2473 482583 16475 6657 10651 138819 15277 0 16032 31752 0 0 0 0 0 0
1773324039001750286  179       0 mmcblk0 5059 2473 482583 16475 6657 10651 138819 15277 0 16032 31752 0 0 0 0 0 0
1773324039104603608  179       0 mmcblk0 5059 2473 482583 16475 6657 10651 138819 15277 0 16032 31752 0 0 0 0 0 0
1773324039207673209  179       0 mmcblk0 5059 2473 482583 16475 6657 10651 138819 15277 0 16032 31752 0 0 0 0 0 0
1773324039310640346  179       0 mmcblk0 5059 2473 482583 16475 6657 10651 138819 15277 0 16032 31752 0 0 0 0 0 0
1773324039413721873  179       0 mmcblk0 5059 2473 482583 16475 6657 10651 138819 15277 0 16032 31752 0 0 0 0 0 0
1773324039516593436  179       0 mmcblk0 5059 2473 482583 16475 6657 10651 138819 15277 0 16032 31752 0 0 0 0 0 0
1773324039619634888  179       0 mmcblk0 5059 2473 482583 16475 6657 10651 138819 15277 0 16032 31752 0 0 0 0 0 0
1773324039722969675  179       0 mmcblk0 5059 2473 482583 16475 6657 10651 138819 15277 0 16032 31752 0 0 0 0 0 0
1773324039825809072  179       0 mmcblk0 5059 2473 482583 16475 6657 10651 138819 15277 0 16032 31752 0 0 0 0 0 0
1773324039928784005  179       0 mmcblk0 5059 2473 482583 16475 6657 10651 138819 15277 0 16032 31752 0 0 0 0 0 0
1773324040031778958  179       0 mmcblk0 5059 2473 482583 16475 6657 10651 138819 15277 0 16032 31752 0 0 0 0 0 0
1773324040134784076  179       0 mmcblk0 5059 2473 482583 16475 6657 10651 138819 15277 0 16032 31752 0 0 0 0 0 0
1773324040237747843  179       0 mmcblk0 5059 2473 482583 16475 6657 10651 138819 15277 0 16032 31752 0 0 0 0 0 0
1773324040340743036  179       0 mmcblk0 5059 2473 482583 16475 6657 10651 138819 15277 0 16032 31752 0 0 0 0 0 0
1773324040443760118  179       0 mmcblk0 5059 2473 482583 16475 6657 10651 138819 15277 0 16032 31752 0 0 0 0 0 0
1773324040546756126  179       0 mmcblk0 5059 2473 482583 16475 6657 10651 138819 15277 0 16032 31752 0 0 0 0 0 0
1773324040649771596  179       0 mmcblk0 5059 2473 482583 16475 6657 10651 138819 15277 0 16032 31752 0 0 0 0 0 0
1773324040752586066  179       0 mmcblk0 5059 2473 482583 16475 6657 10651 138819 15277 0 16032 31752 0 0 0 0 0 0
1773324040855426444  179       0 mmcblk0 5059 2473 482583 16475 6657 10651 138819 15277 0 16032 31752 0 0 0 0 0 0
1773324040958294303  179       0 mmcblk0 5059 2473 482583 16475 6657 10651 138819 15277 0 16032 31752 0 0 0 0 0 0
1773324041061378736  179       0 mmcblk0 5059 2473 482583 16475 6657 10651 138819 15277 0 16032 31752 0 0 0 0 0 0
1773324041164352244  179       0 mmcblk0 5059 2473 482583 16475 6657 10651 138819 15277 0 16032 31752 0 0 0 0 0 0
1773324041175439953 DISK_WATCH_STOP pid=8749
1773324041176262827 DISK_WATCH_STOP_DONE pid=8749
