Burst 1
burst: (g=0): rw=randwrite, bs=(R) 4096B-4096B, (W) 4096B-4096B, (T) 4096B-4096B, ioengine=libaio, iodepth=32
fio-3.39
Starting 1 process

fio: terminating on signal 15

burst: (groupid=0, jobs=1): err= 0: pid=553284: Sun Jan 18 19:00:58 2026
  write: IOPS=571, BW=2285KiB/s (2340kB/s)(6356KiB/2782msec); 0 zone resets
    slat (usec): min=2, max=113147, avg=954.43, stdev=6441.32
    clat (usec): min=742, max=243398, avg=54704.14, stdev=48106.53
     lat (usec): min=1594, max=243403, avg=55658.57, stdev=48060.37
    clat percentiles (usec):
     |  1.00th=[  1795],  5.00th=[  4948], 10.00th=[  6718], 20.00th=[ 12518],
     | 30.00th=[ 21365], 40.00th=[ 33162], 50.00th=[ 47973], 60.00th=[ 57934],
     | 70.00th=[ 67634], 80.00th=[ 81265], 90.00th=[106431], 95.00th=[162530],
     | 99.00th=[221250], 99.50th=[227541], 99.90th=[231736], 99.95th=[244319],
     | 99.99th=[244319]
   bw (  KiB/s): min= 1336, max= 2904, per=97.39%, avg=2225.60, stdev=640.66, samples=5
   iops        : min=  334, max=  726, avg=556.40, stdev=160.16, samples=5
  lat (usec)   : 750=0.13%, 1000=0.38%
  lat (msec)   : 2=1.26%, 4=1.51%, 10=12.21%, 20=13.47%, 50=22.28%
  lat (msec)   : 100=36.69%, 250=12.08%
  cpu          : usr=0.00%, sys=0.61%, ctx=1585, majf=0, minf=7
  IO depths    : 1=0.1%, 2=0.1%, 4=0.3%, 8=0.5%, 16=1.0%, 32=98.0%, >=64=0.0%
     submit    : 0=0.0%, 4=100.0%, 8=0.0%, 16=0.0%, 32=0.0%, 64=0.0%, >=64=0.0%
     complete  : 0=0.0%, 4=99.9%, 8=0.0%, 16=0.0%, 32=0.1%, 64=0.0%, >=64=0.0%
     issued rwts: total=0,1589,0,0 short=0,0,0,0 dropped=0,0,0,0
     latency   : target=0, window=0, percentile=100.00%, depth=32

Run status group 0 (all jobs):
  WRITE: bw=2285KiB/s (2340kB/s), 2285KiB/s-2285KiB/s (2340kB/s-2340kB/s), io=6356KiB (6509kB), run=2782-2782msec

Disk stats (read/write):
  mmcblk0: ios=0/1702, sectors=0/16496, merge=0/360, ticks=0/54982, in_queue=54982, util=95.52%
Burst 2
burst: (g=0): rw=randwrite, bs=(R) 4096B-4096B, (W) 4096B-4096B, (T) 4096B-4096B, ioengine=libaio, iodepth=32
fio-3.39
Starting 1 process

fio: terminating on signal 15

burst: (groupid=0, jobs=1): err= 0: pid=554436: Sun Jan 18 19:01:02 2026
  write: IOPS=590, BW=2360KiB/s (2417kB/s)(6580KiB/2788msec); 0 zone resets
    slat (usec): min=2, max=105373, avg=726.76, stdev=5660.51
    clat (usec): min=751, max=251685, avg=53153.95, stdev=44109.09
     lat (msec): min=2, max=251, avg=53.88, stdev=43.70
    clat percentiles (usec):
     |  1.00th=[  1827],  5.00th=[  4817], 10.00th=[  7177], 20.00th=[ 13960],
     | 30.00th=[ 22414], 40.00th=[ 35914], 50.00th=[ 49021], 60.00th=[ 57934],
     | 70.00th=[ 66847], 80.00th=[ 76022], 90.00th=[101188], 95.00th=[143655],
     | 99.00th=[221250], 99.50th=[225444], 99.90th=[229639], 99.95th=[252707],
     | 99.99th=[252707]
   bw (  KiB/s): min= 1528, max= 2896, per=100.00%, avg=2403.20, stdev=592.50, samples=5
   iops        : min=  382, max=  724, avg=600.80, stdev=148.13, samples=5
  lat (usec)   : 1000=0.61%
  lat (msec)   : 2=0.49%, 4=2.37%, 10=10.94%, 20=12.83%, 50=23.53%
  lat (msec)   : 100=38.84%, 250=10.33%, 500=0.06%
  cpu          : usr=0.22%, sys=0.50%, ctx=1144, majf=0, minf=7
  IO depths    : 1=0.1%, 2=0.1%, 4=0.2%, 8=0.5%, 16=1.0%, 32=98.1%, >=64=0.0%
     submit    : 0=0.0%, 4=100.0%, 8=0.0%, 16=0.0%, 32=0.0%, 64=0.0%, >=64=0.0%
     complete  : 0=0.0%, 4=99.9%, 8=0.0%, 16=0.0%, 32=0.1%, 64=0.0%, >=64=0.0%
     issued rwts: total=0,1645,0,0 short=0,0,0,0 dropped=0,0,0,0
     latency   : target=0, window=0, percentile=100.00%, depth=32

Run status group 0 (all jobs):
  WRITE: bw=2360KiB/s (2417kB/s), 2360KiB/s-2360KiB/s (2417kB/s-2417kB/s), io=6580KiB (6738kB), run=2788-2788msec

Disk stats (read/write):
  mmcblk0: ios=0/1673, sectors=0/15024, merge=0/205, ticks=0/63547, in_queue=63547, util=97.31%
Burst 3
burst: (g=0): rw=randwrite, bs=(R) 4096B-4096B, (W) 4096B-4096B, (T) 4096B-4096B, ioengine=libaio, iodepth=32
fio-3.39
Starting 1 process

fio: terminating on signal 15

burst: (groupid=0, jobs=1): err= 0: pid=555210: Sun Jan 18 19:01:06 2026
  write: IOPS=683, BW=2734KiB/s (2799kB/s)(7580KiB/2773msec); 0 zone resets
    slat (usec): min=2, max=156412, avg=870.25, stdev=6327.88
    clat (usec): min=714, max=212829, avg=45930.05, stdev=35008.63
     lat (usec): min=1326, max=212833, avg=46800.31, stdev=34674.94
    clat percentiles (usec):
     |  1.00th=[  1467],  5.00th=[  4293], 10.00th=[  5932], 20.00th=[ 11076],
     | 30.00th=[ 19006], 40.00th=[ 30016], 50.00th=[ 46400], 60.00th=[ 54789],
     | 70.00th=[ 64226], 80.00th=[ 72877], 90.00th=[ 83362], 95.00th=[ 92799],
     | 99.00th=[193987], 99.50th=[212861], 99.90th=[212861], 99.95th=[212861],
     | 99.99th=[212861]
   bw (  KiB/s): min= 1912, max= 3064, per=99.32%, avg=2715.20, stdev=480.75, samples=5
   iops        : min=  478, max=  766, avg=678.80, stdev=120.19, samples=5
  lat (usec)   : 750=0.42%, 1000=0.32%
  lat (msec)   : 2=1.27%, 4=2.16%, 10=12.66%, 20=14.83%, 50=21.42%
  lat (msec)   : 100=44.12%, 250=2.80%
  cpu          : usr=0.32%, sys=0.32%, ctx=1422, majf=0, minf=7
  IO depths    : 1=0.1%, 2=0.1%, 4=0.2%, 8=0.4%, 16=0.8%, 32=98.4%, >=64=0.0%
     submit    : 0=0.0%, 4=100.0%, 8=0.0%, 16=0.0%, 32=0.0%, 64=0.0%, >=64=0.0%
     complete  : 0=0.0%, 4=99.9%, 8=0.0%, 16=0.0%, 32=0.1%, 64=0.0%, >=64=0.0%
     issued rwts: total=0,1895,0,0 short=0,0,0,0 dropped=0,0,0,0
     latency   : target=0, window=0, percentile=100.00%, depth=32

Run status group 0 (all jobs):
  WRITE: bw=2734KiB/s (2799kB/s), 2734KiB/s-2734KiB/s (2799kB/s-2799kB/s), io=7580KiB (7762kB), run=2773-2773msec

Disk stats (read/write):
  mmcblk0: ios=0/2020, sectors=0/19040, merge=0/365, ticks=0/56827, in_queue=56827, util=95.96%
Burst 4
burst: (g=0): rw=randwrite, bs=(R) 4096B-4096B, (W) 4096B-4096B, (T) 4096B-4096B, ioengine=libaio, iodepth=32
fio-3.39
Starting 1 process

fio: terminating on signal 15

burst: (groupid=0, jobs=1): err= 0: pid=556178: Sun Jan 18 19:01:10 2026
  write: IOPS=556, BW=2225KiB/s (2279kB/s)(6128KiB/2754msec); 0 zone resets
    slat (usec): min=2, max=156623, avg=1021.09, stdev=7394.45
    clat (usec): min=736, max=315941, avg=56470.38, stdev=51309.88
     lat (msec): min=2, max=315, avg=57.49, stdev=51.23
    clat percentiles (usec):
     |  1.00th=[  1942],  5.00th=[  5145], 10.00th=[  6915], 20.00th=[ 12911],
     | 30.00th=[ 20841], 40.00th=[ 31327], 50.00th=[ 46400], 60.00th=[ 58983],
     | 70.00th=[ 69731], 80.00th=[ 86508], 90.00th=[119014], 95.00th=[154141],
     | 99.00th=[238027], 99.50th=[274727], 99.90th=[312476], 99.95th=[316670],
     | 99.99th=[316670]
   bw (  KiB/s): min= 1352, max= 2960, per=97.25%, avg=2164.80, stdev=576.88, samples=5
   iops        : min=  338, max=  740, avg=541.20, stdev=144.22, samples=5
  lat (usec)   : 750=0.07%, 1000=0.46%
  lat (msec)   : 2=0.59%, 4=2.09%, 10=11.36%, 20=14.23%, 50=24.22%
  lat (msec)   : 100=31.53%, 250=14.75%, 500=0.72%
  cpu          : usr=0.22%, sys=0.58%, ctx=1629, majf=0, minf=7
  IO depths    : 1=0.1%, 2=0.1%, 4=0.3%, 8=0.5%, 16=1.0%, 32=98.0%, >=64=0.0%
     submit    : 0=0.0%, 4=100.0%, 8=0.0%, 16=0.0%, 32=0.0%, 64=0.0%, >=64=0.0%
     complete  : 0=0.0%, 4=99.9%, 8=0.0%, 16=0.0%, 32=0.1%, 64=0.0%, >=64=0.0%
     issued rwts: total=0,1532,0,0 short=0,0,0,0 dropped=0,0,0,0
     latency   : target=0, window=0, percentile=100.00%, depth=32

Run status group 0 (all jobs):
  WRITE: bw=2225KiB/s (2279kB/s), 2225KiB/s-2225KiB/s (2279kB/s-2279kB/s), io=6128KiB (6275kB), run=2754-2754msec

Disk stats (read/write):
  mmcblk0: ios=0/1623, sectors=0/15352, merge=0/296, ticks=0/54684, in_queue=54684, util=95.56%
Burst 5
burst: (g=0): rw=randwrite, bs=(R) 4096B-4096B, (W) 4096B-4096B, (T) 4096B-4096B, ioengine=libaio, iodepth=32
fio-3.39
Starting 1 process

fio: terminating on signal 15

burst: (groupid=0, jobs=1): err= 0: pid=557089: Sun Jan 18 19:01:14 2026
  write: IOPS=621, BW=2487KiB/s (2547kB/s)(6912KiB/2779msec); 0 zone resets
    slat (usec): min=2, max=157682, avg=930.97, stdev=5909.25
    clat (usec): min=734, max=232404, avg=50319.44, stdev=41637.65
     lat (msec): min=2, max=232, avg=51.25, stdev=41.46
    clat percentiles (usec):
     |  1.00th=[  1893],  5.00th=[  5145], 10.00th=[  6783], 20.00th=[ 12780],
     | 30.00th=[ 21103], 40.00th=[ 31327], 50.00th=[ 46400], 60.00th=[ 54789],
     | 70.00th=[ 64750], 80.00th=[ 78119], 90.00th=[ 93848], 95.00th=[112722],
     | 99.00th=[210764], 99.50th=[217056], 99.90th=[229639], 99.95th=[231736],
     | 99.99th=[231736]
   bw (  KiB/s): min= 1904, max= 2824, per=100.00%, avg=2516.80, stdev=356.00, samples=5
   iops        : min=  476, max=  706, avg=629.20, stdev=89.00, samples=5
  lat (usec)   : 750=0.12%, 1000=0.41%
  lat (msec)   : 2=0.81%, 4=2.08%, 10=10.59%, 20=14.64%, 50=24.02%
  lat (msec)   : 100=39.64%, 250=7.70%
  cpu          : usr=0.11%, sys=0.65%, ctx=2175, majf=0, minf=7
  IO depths    : 1=0.1%, 2=0.1%, 4=0.2%, 8=0.5%, 16=0.9%, 32=98.2%, >=64=0.0%
     submit    : 0=0.0%, 4=100.0%, 8=0.0%, 16=0.0%, 32=0.0%, 64=0.0%, >=64=0.0%
     complete  : 0=0.0%, 4=99.9%, 8=0.0%, 16=0.0%, 32=0.1%, 64=0.0%, >=64=0.0%
     issued rwts: total=0,1728,0,0 short=0,0,0,0 dropped=0,0,0,0
     latency   : target=0, window=0, percentile=100.00%, depth=32

Run status group 0 (all jobs):
  WRITE: bw=2487KiB/s (2547kB/s), 2487KiB/s-2487KiB/s (2547kB/s-2547kB/s), io=6912KiB (7078kB), run=2779-2779msec

Disk stats (read/write):
  mmcblk0: ios=0/1860, sectors=0/18048, merge=0/392, ticks=0/53921, in_queue=53921, util=95.23%
Burst 6
burst: (g=0): rw=randwrite, bs=(R) 4096B-4096B, (W) 4096B-4096B, (T) 4096B-4096B, ioengine=libaio, iodepth=32
fio-3.39
Starting 1 process

fio: terminating on signal 15

burst: (groupid=0, jobs=1): err= 0: pid=558075: Sun Jan 18 19:01:19 2026
  write: IOPS=256, BW=1026KiB/s (1051kB/s)(3540KiB/3450msec); 0 zone resets
    slat (usec): min=2, max=2101.2k, avg=3439.78, stdev=70753.73
    clat (usec): min=738, max=2132.6k, avg=121247.40, stdev=384321.78
     lat (usec): min=1575, max=2132.6k, avg=124687.17, stdev=389838.82
    clat percentiles (usec):
     |  1.00th=[   1582],  5.00th=[   5145], 10.00th=[   6718],
     | 20.00th=[  13304], 30.00th=[  23725], 40.00th=[  38011],
     | 50.00th=[  51643], 60.00th=[  56886], 70.00th=[  67634],
     | 80.00th=[  82314], 90.00th=[  96994], 95.00th=[ 111674],
     | 99.00th=[2139096], 99.50th=[2139096], 99.90th=[2139096],
     | 99.95th=[2139096], 99.99th=[2139096]
   bw (  KiB/s): min=  256, max= 2680, per=100.00%, avg=1770.00, stdev=1134.35, samples=4
   iops        : min=   64, max=  670, avg=442.50, stdev=283.59, samples=4
  lat (usec)   : 750=0.11%, 1000=0.34%
  lat (msec)   : 2=1.24%, 4=1.24%, 10=10.85%, 20=12.66%, 50=20.00%
  lat (msec)   : 100=44.52%, 250=5.54%, >=2000=3.50%
  cpu          : usr=0.00%, sys=0.46%, ctx=1449, majf=0, minf=7
  IO depths    : 1=0.1%, 2=0.2%, 4=0.5%, 8=0.9%, 16=1.8%, 32=96.5%, >=64=0.0%
     submit    : 0=0.0%, 4=100.0%, 8=0.0%, 16=0.0%, 32=0.0%, 64=0.0%, >=64=0.0%
     complete  : 0=0.0%, 4=99.9%, 8=0.0%, 16=0.0%, 32=0.1%, 64=0.0%, >=64=0.0%
     issued rwts: total=0,885,0,0 short=0,0,0,0 dropped=0,0,0,0
     latency   : target=0, window=0, percentile=100.00%, depth=32

Run status group 0 (all jobs):
  WRITE: bw=1026KiB/s (1051kB/s), 1026KiB/s-1026KiB/s (1051kB/s-1051kB/s), io=3540KiB (3625kB), run=3450-3450msec

Disk stats (read/write):
  mmcblk0: ios=0/1097, sectors=0/11536, merge=0/351, ticks=0/36997, in_queue=36996, util=94.71%
Burst 7
burst: (g=0): rw=randwrite, bs=(R) 4096B-4096B, (W) 4096B-4096B, (T) 4096B-4096B, ioengine=libaio, iodepth=32
fio-3.39
Starting 1 process

fio: terminating on signal 15

burst: (groupid=0, jobs=1): err= 0: pid=559059: Sun Jan 18 19:01:24 2026
  write: IOPS=696, BW=2785KiB/s (2852kB/s)(7636KiB/2742msec); 0 zone resets
    slat (usec): min=2, max=170821, avg=747.93, stdev=6187.04
    clat (usec): min=711, max=250408, avg=45186.21, stdev=35758.82
     lat (usec): min=1534, max=250415, avg=45934.15, stdev=35525.24
    clat percentiles (usec):
     |  1.00th=[  1696],  5.00th=[  4555], 10.00th=[  6456], 20.00th=[ 11863],
     | 30.00th=[ 19268], 40.00th=[ 28967], 50.00th=[ 43254], 60.00th=[ 52691],
     | 70.00th=[ 62129], 80.00th=[ 70779], 90.00th=[ 86508], 95.00th=[ 95945],
     | 99.00th=[196084], 99.50th=[214959], 99.90th=[231736], 99.95th=[250610],
     | 99.99th=[250610]
   bw (  KiB/s): min= 2152, max= 3104, per=98.75%, avg=2750.40, stdev=370.83, samples=5
   iops        : min=  538, max=  776, avg=687.60, stdev=92.71, samples=5
  lat (usec)   : 750=0.10%, 1000=0.42%
  lat (msec)   : 2=0.94%, 4=2.46%, 10=12.05%, 20=15.03%, 50=26.40%
  lat (msec)   : 100=38.97%, 250=3.56%, 500=0.05%
  cpu          : usr=0.18%, sys=0.47%, ctx=1525, majf=0, minf=7
  IO depths    : 1=0.1%, 2=0.1%, 4=0.2%, 8=0.4%, 16=0.8%, 32=98.4%, >=64=0.0%
     submit    : 0=0.0%, 4=100.0%, 8=0.0%, 16=0.0%, 32=0.0%, 64=0.0%, >=64=0.0%
     complete  : 0=0.0%, 4=99.9%, 8=0.0%, 16=0.0%, 32=0.1%, 64=0.0%, >=64=0.0%
     issued rwts: total=0,1909,0,0 short=0,0,0,0 dropped=0,0,0,0
     latency   : target=0, window=0, percentile=100.00%, depth=32

Run status group 0 (all jobs):
  WRITE: bw=2785KiB/s (2852kB/s), 2785KiB/s-2785KiB/s (2852kB/s-2852kB/s), io=7636KiB (7819kB), run=2742-2742msec

Disk stats (read/write):
  mmcblk0: ios=0/2030, sectors=0/18792, merge=0/318, ticks=0/61902, in_queue=61902, util=93.63%
Burst 8
burst: (g=0): rw=randwrite, bs=(R) 4096B-4096B, (W) 4096B-4096B, (T) 4096B-4096B, ioengine=libaio, iodepth=32
fio-3.39
Starting 1 process

fio: terminating on signal 15

burst: (groupid=0, jobs=1): err= 0: pid=559871: Sun Jan 18 19:01:28 2026
  write: IOPS=602, BW=2410KiB/s (2468kB/s)(6616KiB/2745msec); 0 zone resets
    slat (usec): min=2, max=154907, avg=893.30, stdev=6543.38
    clat (usec): min=727, max=275726, avg=51848.49, stdev=43414.93
     lat (usec): min=1468, max=275732, avg=52741.79, stdev=43190.68
    clat percentiles (usec):
     |  1.00th=[  1827],  5.00th=[  5145], 10.00th=[  7898], 20.00th=[ 14615],
     | 30.00th=[ 21627], 40.00th=[ 32113], 50.00th=[ 44827], 60.00th=[ 55313],
     | 70.00th=[ 66847], 80.00th=[ 82314], 90.00th=[ 99091], 95.00th=[121111],
     | 99.00th=[217056], 99.50th=[246416], 99.90th=[270533], 99.95th=[274727],
     | 99.99th=[274727]
   bw (  KiB/s): min= 1568, max= 2896, per=97.42%, avg=2348.80, stdev=525.47, samples=5
   iops        : min=  392, max=  724, avg=587.20, stdev=131.37, samples=5
  lat (usec)   : 750=0.06%, 1000=0.12%
  lat (msec)   : 2=1.15%, 4=1.45%, 10=10.46%, 20=14.21%, 50=27.75%
  lat (msec)   : 100=35.07%, 250=9.31%, 500=0.42%
  cpu          : usr=0.15%, sys=0.73%, ctx=1760, majf=0, minf=7
  IO depths    : 1=0.1%, 2=0.1%, 4=0.2%, 8=0.5%, 16=1.0%, 32=98.1%, >=64=0.0%
     submit    : 0=0.0%, 4=100.0%, 8=0.0%, 16=0.0%, 32=0.0%, 64=0.0%, >=64=0.0%
     complete  : 0=0.0%, 4=99.9%, 8=0.0%, 16=0.0%, 32=0.1%, 64=0.0%, >=64=0.0%
     issued rwts: total=0,1654,0,0 short=0,0,0,0 dropped=0,0,0,0
     latency   : target=0, window=0, percentile=100.00%, depth=32

Run status group 0 (all jobs):
  WRITE: bw=2410KiB/s (2468kB/s), 2410KiB/s-2410KiB/s (2468kB/s-2468kB/s), io=6616KiB (6775kB), run=2745-2745msec

Disk stats (read/write):
  mmcblk0: ios=0/1814, sectors=0/17424, merge=0/361, ticks=0/59649, in_queue=59649, util=94.50%
Burst 9
burst: (g=0): rw=randwrite, bs=(R) 4096B-4096B, (W) 4096B-4096B, (T) 4096B-4096B, ioengine=libaio, iodepth=32
fio-3.39
Starting 1 process

fio: terminating on signal 15

burst: (groupid=0, jobs=1): err= 0: pid=560943: Sun Jan 18 19:01:32 2026
  write: IOPS=659, BW=2638KiB/s (2702kB/s)(7340KiB/2782msec); 0 zone resets
    slat (usec): min=2, max=55916, avg=703.36, stdev=4982.71
    clat (usec): min=710, max=273115, avg=47700.73, stdev=39663.85
     lat (msec): min=2, max=273, avg=48.40, stdev=39.29
    clat percentiles (usec):
     |  1.00th=[  1696],  5.00th=[  4424], 10.00th=[  6325], 20.00th=[ 11731],
     | 30.00th=[ 19792], 40.00th=[ 30802], 50.00th=[ 46924], 60.00th=[ 53740],
     | 70.00th=[ 62129], 80.00th=[ 72877], 90.00th=[ 85459], 95.00th=[100140],
     | 99.00th=[223347], 99.50th=[238027], 99.90th=[270533], 99.95th=[274727],
     | 99.99th=[274727]
   bw (  KiB/s): min= 2168, max= 3144, per=98.96%, avg=2611.20, stdev=440.35, samples=5
   iops        : min=  542, max=  786, avg=652.80, stdev=110.09, samples=5
  lat (usec)   : 750=0.33%, 1000=0.16%
  lat (msec)   : 2=1.09%, 4=2.13%, 10=11.61%, 20=14.88%, 50=24.63%
  lat (msec)   : 100=40.11%, 250=4.74%, 500=0.33%
  cpu          : usr=0.32%, sys=0.32%, ctx=1429, majf=0, minf=7
  IO depths    : 1=0.1%, 2=0.1%, 4=0.2%, 8=0.4%, 16=0.9%, 32=98.3%, >=64=0.0%
     submit    : 0=0.0%, 4=100.0%, 8=0.0%, 16=0.0%, 32=0.0%, 64=0.0%, >=64=0.0%
     complete  : 0=0.0%, 4=99.9%, 8=0.0%, 16=0.0%, 32=0.1%, 64=0.0%, >=64=0.0%
     issued rwts: total=0,1835,0,0 short=0,0,0,0 dropped=0,0,0,0
     latency   : target=0, window=0, percentile=100.00%, depth=32

Run status group 0 (all jobs):
  WRITE: bw=2638KiB/s (2702kB/s), 2638KiB/s-2638KiB/s (2702kB/s-2702kB/s), io=7340KiB (7516kB), run=2782-2782msec

Disk stats (read/write):
  mmcblk0: ios=0/1931, sectors=0/18008, merge=0/325, ticks=0/63457, in_queue=63457, util=95.67%
Burst 10
burst: (g=0): rw=randwrite, bs=(R) 4096B-4096B, (W) 4096B-4096B, (T) 4096B-4096B, ioengine=libaio, iodepth=32
fio-3.39
Starting 1 process

fio: terminating on signal 15

burst: (groupid=0, jobs=1): err= 0: pid=561893: Sun Jan 18 19:01:36 2026
  write: IOPS=575, BW=2303KiB/s (2358kB/s)(6404KiB/2781msec); 0 zone resets
    slat (usec): min=2, max=145054, avg=1028.58, stdev=6471.57
    clat (usec): min=722, max=262911, avg=54404.36, stdev=45342.85
     lat (usec): min=1489, max=262919, avg=55432.95, stdev=45291.56
    clat percentiles (usec):
     |  1.00th=[  1975],  5.00th=[  5407], 10.00th=[  8455], 20.00th=[ 15008],
     | 30.00th=[ 23725], 40.00th=[ 34866], 50.00th=[ 48497], 60.00th=[ 57410],
     | 70.00th=[ 66847], 80.00th=[ 78119], 90.00th=[104334], 95.00th=[152044],
     | 99.00th=[223347], 99.50th=[235930], 99.90th=[261096], 99.95th=[263193],
     | 99.99th=[263193]
   bw (  KiB/s): min= 1792, max= 2792, per=96.41%, avg=2220.80, stdev=459.93, samples=5
   iops        : min=  448, max=  698, avg=555.20, stdev=114.98, samples=5
  lat (usec)   : 750=0.19%, 1000=0.12%
  lat (msec)   : 2=0.75%, 4=1.37%, 10=10.24%, 20=13.43%, 50=24.92%
  lat (msec)   : 100=37.48%, 250=11.31%, 500=0.19%
  cpu          : usr=0.11%, sys=0.83%, ctx=2148, majf=0, minf=7
  IO depths    : 1=0.1%, 2=0.1%, 4=0.2%, 8=0.5%, 16=1.0%, 32=98.1%, >=64=0.0%
     submit    : 0=0.0%, 4=100.0%, 8=0.0%, 16=0.0%, 32=0.0%, 64=0.0%, >=64=0.0%
     complete  : 0=0.0%, 4=99.9%, 8=0.0%, 16=0.0%, 32=0.1%, 64=0.0%, >=64=0.0%
     issued rwts: total=0,1601,0,0 short=0,0,0,0 dropped=0,0,0,0
     latency   : target=0, window=0, percentile=100.00%, depth=32

Run status group 0 (all jobs):
  WRITE: bw=2303KiB/s (2358kB/s), 2303KiB/s-2303KiB/s (2358kB/s-2358kB/s), io=6404KiB (6558kB), run=2781-2781msec

Disk stats (read/write):
  mmcblk0: ios=0/1745, sectors=0/17096, merge=0/387, ticks=0/53239, in_queue=53239, util=94.50%
Burst 11
burst: (g=0): rw=randwrite, bs=(R) 4096B-4096B, (W) 4096B-4096B, (T) 4096B-4096B, ioengine=libaio, iodepth=32
fio-3.39
Starting 1 process

fio: terminating on signal 15

burst: (groupid=0, jobs=1): err= 0: pid=563005: Sun Jan 18 19:01:40 2026
  write: IOPS=590, BW=2364KiB/s (2420kB/s)(6564KiB/2777msec); 0 zone resets
    slat (usec): min=2, max=225813, avg=996.98, stdev=7443.42
    clat (usec): min=723, max=333964, avg=52522.42, stdev=50571.73
     lat (msec): min=2, max=333, avg=53.52, stdev=50.66
    clat percentiles (usec):
     |  1.00th=[  1811],  5.00th=[  5145], 10.00th=[  7963], 20.00th=[ 14746],
     | 30.00th=[ 22152], 40.00th=[ 33424], 50.00th=[ 46400], 60.00th=[ 52691],
     | 70.00th=[ 62653], 80.00th=[ 76022], 90.00th=[ 98042], 95.00th=[121111],
     | 99.00th=[304088], 99.50th=[333448], 99.90th=[333448], 99.95th=[333448],
     | 99.99th=[333448]
   bw (  KiB/s): min= 1008, max= 2968, per=97.05%, avg=2294.40, stdev=781.04, samples=5
   iops        : min=  252, max=  742, avg=573.60, stdev=195.26, samples=5
  lat (usec)   : 750=0.12%, 1000=0.18%
  lat (msec)   : 2=1.04%, 4=1.04%, 10=10.66%, 20=14.44%, 50=25.53%
  lat (msec)   : 100=37.78%, 250=7.31%, 500=1.89%
  cpu          : usr=0.36%, sys=0.36%, ctx=2042, majf=0, minf=7
  IO depths    : 1=0.1%, 2=0.1%, 4=0.2%, 8=0.5%, 16=1.0%, 32=98.1%, >=64=0.0%
     submit    : 0=0.0%, 4=100.0%, 8=0.0%, 16=0.0%, 32=0.0%, 64=0.0%, >=64=0.0%
     complete  : 0=0.0%, 4=99.9%, 8=0.0%, 16=0.0%, 32=0.1%, 64=0.0%, >=64=0.0%
     issued rwts: total=0,1641,0,0 short=0,0,0,0 dropped=0,0,0,0
     latency   : target=0, window=0, percentile=100.00%, depth=32

Run status group 0 (all jobs):
  WRITE: bw=2364KiB/s (2420kB/s), 2364KiB/s-2364KiB/s (2420kB/s-2420kB/s), io=6564KiB (6722kB), run=2777-2777msec

Disk stats (read/write):
  mmcblk0: ios=0/1792, sectors=0/17888, merge=0/439, ticks=0/52285, in_queue=52284, util=96.54%
Burst 12
burst: (g=0): rw=randwrite, bs=(R) 4096B-4096B, (W) 4096B-4096B, (T) 4096B-4096B, ioengine=libaio, iodepth=32
fio-3.39
Starting 1 process

fio: terminating on signal 15

burst: (groupid=0, jobs=1): err= 0: pid=564216: Sun Jan 18 19:01:44 2026
  write: IOPS=110, BW=442KiB/s (452kB/s)(1232KiB/2790msec); 0 zone resets
    slat (usec): min=2, max=662291, avg=7567.23, stdev=47474.85
    clat (usec): min=752, max=2182.5k, avg=278435.29, stdev=584199.30
     lat (msec): min=2, max=2182, avg=286.00, stdev=592.29
    clat percentiles (msec):
     |  1.00th=[    3],  5.00th=[    6], 10.00th=[   14], 20.00th=[   28],
     | 30.00th=[   50], 40.00th=[   61], 50.00th=[   75], 60.00th=[   84],
     | 70.00th=[  128], 80.00th=[  144], 90.00th=[ 1133], 95.00th=[ 2123],
     | 99.00th=[ 2198], 99.50th=[ 2198], 99.90th=[ 2198], 99.95th=[ 2198],
     | 99.99th=[ 2198]
   bw (  KiB/s): min=   16, max= 1376, per=83.79%, avg=370.00, stdev=671.00, samples=4
   iops        : min=    4, max=  344, avg=92.50, stdev=167.75, samples=4
  lat (usec)   : 1000=0.32%
  lat (msec)   : 2=0.32%, 4=2.27%, 10=4.55%, 20=5.84%, 50=17.53%
  lat (msec)   : 100=33.44%, 250=23.38%, 500=0.65%, 750=0.32%, 1000=0.97%
  lat (msec)   : 2000=2.92%, >=2000=7.47%
  cpu          : usr=0.14%, sys=0.00%, ctx=231, majf=0, minf=7
  IO depths    : 1=0.3%, 2=0.6%, 4=1.3%, 8=2.6%, 16=5.2%, 32=89.9%, >=64=0.0%
     submit    : 0=0.0%, 4=100.0%, 8=0.0%, 16=0.0%, 32=0.0%, 64=0.0%, >=64=0.0%
     complete  : 0=0.0%, 4=99.6%, 8=0.0%, 16=0.0%, 32=0.4%, 64=0.0%, >=64=0.0%
     issued rwts: total=0,308,0,0 short=0,0,0,0 dropped=0,0,0,0
     latency   : target=0, window=0, percentile=100.00%, depth=32

Run status group 0 (all jobs):
  WRITE: bw=442KiB/s (452kB/s), 442KiB/s-442KiB/s (452kB/s-452kB/s), io=1232KiB (1262kB), run=2790-2790msec

Disk stats (read/write):
  mmcblk0: ios=0/333, sectors=0/3704, merge=0/124, ticks=0/20887, in_queue=20887, util=97.85%
Burst 13
burst: (g=0): rw=randwrite, bs=(R) 4096B-4096B, (W) 4096B-4096B, (T) 4096B-4096B, ioengine=libaio, iodepth=32
fio-3.39
Starting 1 process

fio: terminating on signal 15

burst: (groupid=0, jobs=1): err= 0: pid=564892: Sun Jan 18 19:01:48 2026
  write: IOPS=625, BW=2502KiB/s (2562kB/s)(6876KiB/2748msec); 0 zone resets
    slat (usec): min=2, max=177852, avg=924.20, stdev=7411.61
    clat (usec): min=724, max=228092, avg=50162.99, stdev=40427.72
     lat (msec): min=2, max=228, avg=51.09, stdev=40.22
    clat percentiles (usec):
     |  1.00th=[  1745],  5.00th=[  4424], 10.00th=[  6980], 20.00th=[ 12780],
     | 30.00th=[ 21103], 40.00th=[ 32637], 50.00th=[ 47973], 60.00th=[ 55837],
     | 70.00th=[ 66847], 80.00th=[ 78119], 90.00th=[ 93848], 95.00th=[115868],
     | 99.00th=[210764], 99.50th=[227541], 99.90th=[227541], 99.95th=[227541],
     | 99.99th=[227541]
   bw (  KiB/s): min= 1776, max= 2944, per=100.00%, avg=2576.00, stdev=457.86, samples=5
   iops        : min=  444, max=  736, avg=644.00, stdev=114.46, samples=5
  lat (usec)   : 750=0.06%, 1000=0.47%
  lat (msec)   : 2=1.05%, 4=2.15%, 10=11.34%, 20=13.85%, 50=26.18%
  lat (msec)   : 100=37.17%, 250=7.74%
  cpu          : usr=0.47%, sys=0.15%, ctx=1510, majf=0, minf=7
  IO depths    : 1=0.1%, 2=0.1%, 4=0.2%, 8=0.5%, 16=0.9%, 32=98.2%, >=64=0.0%
     submit    : 0=0.0%, 4=100.0%, 8=0.0%, 16=0.0%, 32=0.0%, 64=0.0%, >=64=0.0%
     complete  : 0=0.0%, 4=99.9%, 8=0.0%, 16=0.0%, 32=0.1%, 64=0.0%, >=64=0.0%
     issued rwts: total=0,1719,0,0 short=0,0,0,0 dropped=0,0,0,0
     latency   : target=0, window=0, percentile=100.00%, depth=32

Run status group 0 (all jobs):
  WRITE: bw=2502KiB/s (2562kB/s), 2502KiB/s-2502KiB/s (2562kB/s-2562kB/s), io=6876KiB (7041kB), run=2748-2748msec

Disk stats (read/write):
  mmcblk0: ios=0/1874, sectors=0/17680, merge=0/343, ticks=0/58930, in_queue=58930, util=96.54%
Burst 14
burst: (g=0): rw=randwrite, bs=(R) 4096B-4096B, (W) 4096B-4096B, (T) 4096B-4096B, ioengine=libaio, iodepth=32
fio-3.39
Starting 1 process

fio: terminating on signal 15

burst: (groupid=0, jobs=1): err= 0: pid=566076: Sun Jan 18 19:01:53 2026
  write: IOPS=579, BW=2316KiB/s (2372kB/s)(6428KiB/2775msec); 0 zone resets
    slat (usec): min=2, max=237069, avg=993.52, stdev=7978.94
    clat (usec): min=752, max=294878, avg=54120.27, stdev=50403.54
     lat (msec): min=2, max=294, avg=55.11, stdev=50.37
    clat percentiles (usec):
     |  1.00th=[  1811],  5.00th=[  4948], 10.00th=[  6980], 20.00th=[ 13566],
     | 30.00th=[ 23462], 40.00th=[ 37487], 50.00th=[ 51119], 60.00th=[ 55837],
     | 70.00th=[ 63701], 80.00th=[ 77071], 90.00th=[ 93848], 95.00th=[125305],
     | 99.00th=[261096], 99.50th=[278922], 99.90th=[295699], 99.95th=[295699],
     | 99.99th=[295699]
   bw (  KiB/s): min=  824, max= 2856, per=98.08%, avg=2272.00, stdev=849.23, samples=5
   iops        : min=  206, max=  714, avg=568.00, stdev=212.31, samples=5
  lat (usec)   : 1000=0.44%
  lat (msec)   : 2=0.93%, 4=1.68%, 10=11.82%, 20=12.45%, 50=21.53%
  lat (msec)   : 100=43.12%, 250=5.41%, 500=2.61%
  cpu          : usr=0.00%, sys=0.87%, ctx=1777, majf=0, minf=7
  IO depths    : 1=0.1%, 2=0.1%, 4=0.2%, 8=0.5%, 16=1.0%, 32=98.1%, >=64=0.0%
     submit    : 0=0.0%, 4=100.0%, 8=0.0%, 16=0.0%, 32=0.0%, 64=0.0%, >=64=0.0%
     complete  : 0=0.0%, 4=99.9%, 8=0.0%, 16=0.0%, 32=0.1%, 64=0.0%, >=64=0.0%
     issued rwts: total=0,1607,0,0 short=0,0,0,0 dropped=0,0,0,0
     latency   : target=0, window=0, percentile=100.00%, depth=32

Run status group 0 (all jobs):
  WRITE: bw=2316KiB/s (2372kB/s), 2316KiB/s-2316KiB/s (2372kB/s-2372kB/s), io=6428KiB (6582kB), run=2775-2775msec

Disk stats (read/write):
  mmcblk0: ios=0/1748, sectors=0/17144, merge=0/389, ticks=0/54478, in_queue=54478, util=94.36%
Burst 15
burst: (g=0): rw=randwrite, bs=(R) 4096B-4096B, (W) 4096B-4096B, (T) 4096B-4096B, ioengine=libaio, iodepth=32
fio-3.39
Starting 1 process

fio: terminating on signal 15

burst: (groupid=0, jobs=1): err= 0: pid=566994: Sun Jan 18 19:01:57 2026
  write: IOPS=696, BW=2785KiB/s (2852kB/s)(7764KiB/2788msec); 0 zone resets
    slat (usec): min=2, max=42020, avg=237.43, stdev=2523.13
    clat (usec): min=752, max=277540, avg=45332.75, stdev=32689.40
     lat (msec): min=2, max=277, avg=45.57, stdev=32.59
    clat percentiles (msec):
     |  1.00th=[    3],  5.00th=[    7], 10.00th=[   11], 20.00th=[   18],
     | 30.00th=[   26], 40.00th=[   35], 50.00th=[   43], 60.00th=[   50],
     | 70.00th=[   57], 80.00th=[   67], 90.00th=[   80], 95.00th=[   94],
     | 99.00th=[  180], 99.50th=[  203], 99.90th=[  257], 99.95th=[  279],
     | 99.99th=[  279]
   bw (  KiB/s): min= 2216, max= 3016, per=99.43%, avg=2769.60, stdev=325.33, samples=5
   iops        : min=  554, max=  754, avg=692.40, stdev=81.33, samples=5
  lat (usec)   : 1000=0.05%
  lat (msec)   : 2=0.31%, 4=0.93%, 10=8.66%, 20=12.83%, 50=38.33%
  lat (msec)   : 100=34.98%, 250=3.81%, 500=0.10%
  cpu          : usr=0.14%, sys=0.54%, ctx=2027, majf=0, minf=7
  IO depths    : 1=0.1%, 2=0.1%, 4=0.2%, 8=0.4%, 16=0.8%, 32=98.4%, >=64=0.0%
     submit    : 0=0.0%, 4=100.0%, 8=0.0%, 16=0.0%, 32=0.0%, 64=0.0%, >=64=0.0%
     complete  : 0=0.0%, 4=99.9%, 8=0.0%, 16=0.0%, 32=0.1%, 64=0.0%, >=64=0.0%
     issued rwts: total=0,1941,0,0 short=0,0,0,0 dropped=0,0,0,0
     latency   : target=0, window=0, percentile=100.00%, depth=32

Run status group 0 (all jobs):
  WRITE: bw=2785KiB/s (2852kB/s), 2785KiB/s-2785KiB/s (2852kB/s-2852kB/s), io=7764KiB (7950kB), run=2788-2788msec

Disk stats (read/write):
  mmcblk0: ios=0/1966, sectors=0/17520, merge=0/219, ticks=0/74907, in_queue=74907, util=96.40%
Burst 16
burst: (g=0): rw=randwrite, bs=(R) 4096B-4096B, (W) 4096B-4096B, (T) 4096B-4096B, ioengine=libaio, iodepth=32
fio-3.39
Starting 1 process

fio: terminating on signal 15

burst: (groupid=0, jobs=1): err= 0: pid=567205: Sun Jan 18 19:02:01 2026
  write: IOPS=573, BW=2295KiB/s (2351kB/s)(6308KiB/2748msec); 0 zone resets
    slat (usec): min=54, max=48422, avg=1739.12, stdev=2585.99
    clat (usec): min=788, max=172036, avg=53646.52, stdev=29220.92
     lat (usec): min=1483, max=174731, avg=55385.63, stdev=29870.92
    clat percentiles (msec):
     |  1.00th=[   23],  5.00th=[   41], 10.00th=[   41], 20.00th=[   42],
     | 30.00th=[   42], 40.00th=[   43], 50.00th=[   43], 60.00th=[   43],
     | 70.00th=[   44], 80.00th=[   45], 90.00th=[  106], 95.00th=[  111],
     | 99.00th=[  169], 99.50th=[  171], 99.90th=[  174], 99.95th=[  174],
     | 99.99th=[  174]
   bw (  KiB/s): min= 1296, max= 2920, per=95.14%, avg=2184.00, stdev=611.31, samples=5
   iops        : min=  324, max=  730, avg=546.00, stdev=152.83, samples=5
  lat (usec)   : 1000=0.06%
  lat (msec)   : 2=0.06%, 10=0.32%, 20=0.51%, 50=80.47%, 100=5.45%
  lat (msec)   : 250=13.13%
  cpu          : usr=0.58%, sys=0.76%, ctx=4492, majf=0, minf=7
  IO depths    : 1=0.1%, 2=0.1%, 4=0.3%, 8=0.5%, 16=1.0%, 32=98.0%, >=64=0.0%
     submit    : 0=0.0%, 4=100.0%, 8=0.0%, 16=0.0%, 32=0.0%, 64=0.0%, >=64=0.0%
     complete  : 0=0.0%, 4=99.9%, 8=0.0%, 16=0.0%, 32=0.1%, 64=0.0%, >=64=0.0%
     issued rwts: total=0,1577,0,0 short=0,0,0,0 dropped=0,0,0,0
     latency   : target=0, window=0, percentile=100.00%, depth=32

Run status group 0 (all jobs):
  WRITE: bw=2295KiB/s (2351kB/s), 2295KiB/s-2295KiB/s (2351kB/s-2351kB/s), io=6308KiB (6459kB), run=2748-2748msec

Disk stats (read/write):
  mmcblk0: ios=0/1504, sectors=0/12048, merge=0/2, ticks=0/5312, in_queue=5312, util=95.38%
Burst 17
burst: (g=0): rw=randwrite, bs=(R) 4096B-4096B, (W) 4096B-4096B, (T) 4096B-4096B, ioengine=libaio, iodepth=32
fio-3.39
Starting 1 process

fio: terminating on signal 15

burst: (groupid=0, jobs=1): err= 0: pid=567297: Sun Jan 18 19:02:05 2026
  write: IOPS=711, BW=2847KiB/s (2915kB/s)(7912KiB/2779msec); 0 zone resets
    slat (usec): min=2, max=42996, avg=1244.67, stdev=1661.30
    clat (usec): min=1431, max=182997, avg=43386.78, stdev=18985.18
     lat (msec): min=2, max=183, avg=44.63, stdev=19.23
    clat percentiles (msec):
     |  1.00th=[    6],  5.00th=[   25], 10.00th=[   40], 20.00th=[   41],
     | 30.00th=[   41], 40.00th=[   42], 50.00th=[   42], 60.00th=[   43],
     | 70.00th=[   43], 80.00th=[   43], 90.00th=[   45], 95.00th=[   57],
     | 99.00th=[  165], 99.50th=[  171], 99.90th=[  176], 99.95th=[  184],
     | 99.99th=[  184]
   bw (  KiB/s): min= 2208, max= 3216, per=99.01%, avg=2819.20, stdev=378.19, samples=5
   iops        : min=  552, max=  804, avg=704.80, stdev=94.55, samples=5
  lat (msec)   : 2=0.10%, 4=0.10%, 10=1.72%, 20=2.22%, 50=88.42%
  lat (msec)   : 100=5.21%, 250=2.22%
  cpu          : usr=0.00%, sys=1.15%, ctx=5193, majf=0, minf=7
  IO depths    : 1=0.1%, 2=0.1%, 4=0.2%, 8=0.4%, 16=0.8%, 32=98.4%, >=64=0.0%
     submit    : 0=0.0%, 4=100.0%, 8=0.0%, 16=0.0%, 32=0.0%, 64=0.0%, >=64=0.0%
     complete  : 0=0.0%, 4=99.9%, 8=0.0%, 16=0.0%, 32=0.1%, 64=0.0%, >=64=0.0%
     issued rwts: total=0,1978,0,0 short=0,0,0,0 dropped=0,0,0,0
     latency   : target=0, window=0, percentile=100.00%, depth=32

Run status group 0 (all jobs):
  WRITE: bw=2847KiB/s (2915kB/s), 2847KiB/s-2847KiB/s (2915kB/s-2915kB/s), io=7912KiB (8102kB), run=2779-2779msec

Disk stats (read/write):
  mmcblk0: ios=0/1877, sectors=0/15048, merge=0/4, ticks=0/9633, in_queue=9633, util=95.96%
Burst 18
burst: (g=0): rw=randwrite, bs=(R) 4096B-4096B, (W) 4096B-4096B, (T) 4096B-4096B, ioengine=libaio, iodepth=32
fio-3.39
Starting 1 process

fio: terminating on signal 15

burst: (groupid=0, jobs=1): err= 0: pid=567390: Sun Jan 18 19:02:10 2026
  write: IOPS=185, BW=744KiB/s (761kB/s)(2232KiB/3002msec); 0 zone resets
    slat (usec): min=116, max=155132, avg=5141.31, stdev=20385.18
    clat (msec): min=37, max=1949, avg=165.67, stdev=392.14
     lat (msec): min=38, max=1951, avg=170.81, stdev=399.16
    clat percentiles (msec):
     |  1.00th=[   40],  5.00th=[   40], 10.00th=[   40], 20.00th=[   41],
     | 30.00th=[   42], 40.00th=[   42], 50.00th=[   43], 60.00th=[   43],
     | 70.00th=[   88], 80.00th=[  118], 90.00th=[  165], 95.00th=[ 1217],
     | 99.00th=[ 1938], 99.50th=[ 1938], 99.90th=[ 1955], 99.95th=[ 1955],
     | 99.99th=[ 1955]
   bw (  KiB/s): min=   24, max= 1984, per=94.42%, avg=702.67, stdev=957.13, samples=6
   iops        : min=    6, max=  496, avg=175.67, stdev=239.28, samples=6
  lat (msec)   : 50=63.26%, 100=8.42%, 250=20.79%, 500=0.54%, 750=0.72%
  lat (msec)   : 1000=0.72%, 2000=5.56%
  cpu          : usr=0.00%, sys=0.40%, ctx=1580, majf=0, minf=7
  IO depths    : 1=0.2%, 2=0.4%, 4=0.7%, 8=1.4%, 16=2.9%, 32=94.4%, >=64=0.0%
     submit    : 0=0.0%, 4=100.0%, 8=0.0%, 16=0.0%, 32=0.0%, 64=0.0%, >=64=0.0%
     complete  : 0=0.0%, 4=99.8%, 8=0.0%, 16=0.0%, 32=0.2%, 64=0.0%, >=64=0.0%
     issued rwts: total=0,558,0,0 short=0,0,0,0 dropped=0,0,0,0
     latency   : target=0, window=0, percentile=100.00%, depth=32

Run status group 0 (all jobs):
  WRITE: bw=744KiB/s (761kB/s), 744KiB/s-744KiB/s (761kB/s-761kB/s), io=2232KiB (2286kB), run=3002-3002msec

Disk stats (read/write):
  mmcblk0: ios=0/557, sectors=0/4456, merge=0/0, ticks=0/5608, in_queue=5608, util=95.70%
Burst 19
burst: (g=0): rw=randwrite, bs=(R) 4096B-4096B, (W) 4096B-4096B, (T) 4096B-4096B, ioengine=libaio, iodepth=32
fio-3.39
Starting 1 process

fio: terminating on signal 15

burst: (groupid=0, jobs=1): err= 0: pid=567486: Sun Jan 18 19:02:14 2026
  write: IOPS=640, BW=2561KiB/s (2622kB/s)(7016KiB/2740msec); 0 zone resets
    slat (usec): min=60, max=49849, avg=1559.48, stdev=2297.56
    clat (usec): min=749, max=173918, avg=47483.66, stdev=23556.35
     lat (msec): min=3, max=175, avg=49.04, stdev=24.03
    clat percentiles (msec):
     |  1.00th=[   24],  5.00th=[   40], 10.00th=[   40], 20.00th=[   41],
     | 30.00th=[   42], 40.00th=[   42], 50.00th=[   42], 60.00th=[   42],
     | 70.00th=[   43], 80.00th=[   44], 90.00th=[   47], 95.00th=[  104],
     | 99.00th=[  171], 99.50th=[  174], 99.90th=[  174], 99.95th=[  174],
     | 99.99th=[  174]
   bw (  KiB/s): min= 1536, max= 2992, per=96.58%, avg=2473.60, stdev=601.79, samples=5
   iops        : min=  384, max=  748, avg=618.40, stdev=150.45, samples=5
  lat (usec)   : 750=0.06%
  lat (msec)   : 4=0.06%, 10=0.29%, 20=0.46%, 50=89.28%, 100=4.45%
  lat (msec)   : 250=5.42%
  cpu          : usr=0.18%, sys=0.91%, ctx=5045, majf=0, minf=7
  IO depths    : 1=0.1%, 2=0.1%, 4=0.2%, 8=0.5%, 16=0.9%, 32=98.2%, >=64=0.0%
     submit    : 0=0.0%, 4=100.0%, 8=0.0%, 16=0.0%, 32=0.0%, 64=0.0%, >=64=0.0%
     complete  : 0=0.0%, 4=99.9%, 8=0.0%, 16=0.0%, 32=0.1%, 64=0.0%, >=64=0.0%
     issued rwts: total=0,1754,0,0 short=0,0,0,0 dropped=0,0,0,0
     latency   : target=0, window=0, percentile=100.00%, depth=32

Run status group 0 (all jobs):
  WRITE: bw=2561KiB/s (2622kB/s), 2561KiB/s-2561KiB/s (2622kB/s-2622kB/s), io=7016KiB (7184kB), run=2740-2740msec

Disk stats (read/write):
  mmcblk0: ios=0/1687, sectors=0/13512, merge=0/2, ticks=0/5291, in_queue=5291, util=95.96%
Burst 20
burst: (g=0): rw=randwrite, bs=(R) 4096B-4096B, (W) 4096B-4096B, (T) 4096B-4096B, ioengine=libaio, iodepth=32
fio-3.39
Starting 1 process

fio: terminating on signal 15

burst: (groupid=0, jobs=1): err= 0: pid=567577: Sun Jan 18 19:02:18 2026
  write: IOPS=611, BW=2446KiB/s (2504kB/s)(6728KiB/2751msec); 0 zone resets
    slat (usec): min=55, max=48795, avg=1632.18, stdev=2046.99
    clat (usec): min=771, max=169386, avg=50319.25, stdev=24884.35
     lat (msec): min=3, max=172, avg=51.95, stdev=25.51
    clat percentiles (msec):
     |  1.00th=[   24],  5.00th=[   40], 10.00th=[   40], 20.00th=[   41],
     | 30.00th=[   42], 40.00th=[   42], 50.00th=[   42], 60.00th=[   43],
     | 70.00th=[   43], 80.00th=[   45], 90.00th=[  102], 95.00th=[  111],
     | 99.00th=[  157], 99.50th=[  169], 99.90th=[  169], 99.95th=[  169],
     | 99.99th=[  169]
   bw (  KiB/s): min= 1416, max= 2984, per=100.00%, avg=2452.80, stdev=660.61, samples=5
   iops        : min=  354, max=  746, avg=613.20, stdev=165.15, samples=5
  lat (usec)   : 1000=0.06%
  lat (msec)   : 4=0.06%, 10=0.30%, 20=0.48%, 50=84.42%, 100=4.52%
  lat (msec)   : 250=10.17%
  cpu          : usr=0.11%, sys=1.24%, ctx=4814, majf=0, minf=7
  IO depths    : 1=0.1%, 2=0.1%, 4=0.2%, 8=0.5%, 16=1.0%, 32=98.2%, >=64=0.0%
     submit    : 0=0.0%, 4=100.0%, 8=0.0%, 16=0.0%, 32=0.0%, 64=0.0%, >=64=0.0%
     complete  : 0=0.0%, 4=99.9%, 8=0.0%, 16=0.0%, 32=0.1%, 64=0.0%, >=64=0.0%
     issued rwts: total=0,1682,0,0 short=0,0,0,0 dropped=0,0,0,0
     latency   : target=0, window=0, percentile=100.00%, depth=32

Run status group 0 (all jobs):
  WRITE: bw=2446KiB/s (2504kB/s), 2446KiB/s-2446KiB/s (2504kB/s-2504kB/s), io=6728KiB (6889kB), run=2751-2751msec

Disk stats (read/write):
  mmcblk0: ios=0/1609, sectors=0/12880, merge=0/1, ticks=0/5296, in_queue=5296, util=95.81%
Burst 21
burst: (g=0): rw=randwrite, bs=(R) 4096B-4096B, (W) 4096B-4096B, (T) 4096B-4096B, ioengine=libaio, iodepth=32
fio-3.39
Starting 1 process

fio: terminating on signal 15

burst: (groupid=0, jobs=1): err= 0: pid=567669: Sun Jan 18 19:02:22 2026
  write: IOPS=686, BW=2747KiB/s (2813kB/s)(7636KiB/2780msec); 0 zone resets
    slat (usec): min=2, max=47292, avg=389.34, stdev=1595.99
    clat (usec): min=1463, max=283006, avg=45783.80, stdev=32743.13
     lat (msec): min=2, max=283, avg=46.17, stdev=32.90
    clat percentiles (msec):
     |  1.00th=[    5],  5.00th=[    8], 10.00th=[   13], 20.00th=[   22],
     | 30.00th=[   32], 40.00th=[   40], 50.00th=[   42], 60.00th=[   43],
     | 70.00th=[   52], 80.00th=[   62], 90.00th=[   74], 95.00th=[  100],
     | 99.00th=[  176], 99.50th=[  197], 99.90th=[  253], 99.95th=[  284],
     | 99.99th=[  284]
   bw (  KiB/s): min= 2232, max= 3096, per=98.66%, avg=2710.40, stdev=365.40, samples=5
   iops        : min=  558, max=  774, avg=677.60, stdev=91.35, samples=5
  lat (msec)   : 2=0.10%, 4=0.42%, 10=6.91%, 20=10.69%, 50=50.24%
  lat (msec)   : 100=26.72%, 250=4.82%, 500=0.10%
  cpu          : usr=0.00%, sys=0.76%, ctx=2724, majf=0, minf=7
  IO depths    : 1=0.1%, 2=0.1%, 4=0.2%, 8=0.4%, 16=0.8%, 32=98.4%, >=64=0.0%
     submit    : 0=0.0%, 4=100.0%, 8=0.0%, 16=0.0%, 32=0.0%, 64=0.0%, >=64=0.0%
     complete  : 0=0.0%, 4=99.9%, 8=0.0%, 16=0.0%, 32=0.1%, 64=0.0%, >=64=0.0%
     issued rwts: total=0,1909,0,0 short=0,0,0,0 dropped=0,0,0,0
     latency   : target=0, window=0, percentile=100.00%, depth=32

Run status group 0 (all jobs):
  WRITE: bw=2747KiB/s (2813kB/s), 2747KiB/s-2747KiB/s (2813kB/s-2813kB/s), io=7636KiB (7819kB), run=2780-2780msec

Disk stats (read/write):
  mmcblk0: ios=0/1807, sectors=0/14480, merge=0/3, ticks=0/61451, in_queue=61451, util=95.38%
Burst 22
burst: (g=0): rw=randwrite, bs=(R) 4096B-4096B, (W) 4096B-4096B, (T) 4096B-4096B, ioengine=libaio, iodepth=32
fio-3.39
Starting 1 process

fio: terminating on signal 15

burst: (groupid=0, jobs=1): err= 0: pid=567760: Sun Jan 18 19:02:26 2026
  write: IOPS=615, BW=2463KiB/s (2522kB/s)(6772KiB/2750msec); 0 zone resets
    slat (usec): min=56, max=43000, avg=1620.22, stdev=1984.33
    clat (msec): min=2, max=171, avg=50.00, stdev=24.69
     lat (msec): min=3, max=171, avg=51.62, stdev=25.30
    clat percentiles (msec):
     |  1.00th=[   26],  5.00th=[   40], 10.00th=[   40], 20.00th=[   41],
     | 30.00th=[   42], 40.00th=[   42], 50.00th=[   43], 60.00th=[   43],
     | 70.00th=[   43], 80.00th=[   45], 90.00th=[   99], 95.00th=[  109],
     | 99.00th=[  159], 99.50th=[  169], 99.90th=[  171], 99.95th=[  171],
     | 99.99th=[  171]
   bw (  KiB/s): min= 1872, max= 2992, per=96.20%, avg=2369.60, stdev=492.97, samples=5
   iops        : min=  468, max=  748, avg=592.40, stdev=123.24, samples=5
  lat (msec)   : 4=0.12%, 10=0.24%, 20=0.41%, 50=84.88%, 100=4.61%
  lat (msec)   : 250=9.75%
  cpu          : usr=0.25%, sys=1.13%, ctx=4972, majf=0, minf=7
  IO depths    : 1=0.1%, 2=0.1%, 4=0.2%, 8=0.5%, 16=0.9%, 32=98.2%, >=64=0.0%
     submit    : 0=0.0%, 4=100.0%, 8=0.0%, 16=0.0%, 32=0.0%, 64=0.0%, >=64=0.0%
     complete  : 0=0.0%, 4=99.9%, 8=0.0%, 16=0.0%, 32=0.1%, 64=0.0%, >=64=0.0%
     issued rwts: total=0,1693,0,0 short=0,0,0,0 dropped=0,0,0,0
     latency   : target=0, window=0, percentile=100.00%, depth=32

Run status group 0 (all jobs):
  WRITE: bw=2463KiB/s (2522kB/s), 2463KiB/s-2463KiB/s (2522kB/s-2522kB/s), io=6772KiB (6935kB), run=2750-2750msec

Disk stats (read/write):
  mmcblk0: ios=0/1620, sectors=0/13008, merge=0/6, ticks=0/5795, in_queue=5795, util=95.96%
Burst 23
burst: (g=0): rw=randwrite, bs=(R) 4096B-4096B, (W) 4096B-4096B, (T) 4096B-4096B, ioengine=libaio, iodepth=32
fio-3.39
Starting 1 process

fio: terminating on signal 15

burst: (groupid=0, jobs=1): err= 0: pid=567851: Sun Jan 18 19:02:30 2026
  write: IOPS=685, BW=2741KiB/s (2807kB/s)(7620KiB/2780msec); 0 zone resets
    slat (usec): min=2, max=49117, avg=1276.00, stdev=1718.90
    clat (usec): min=1793, max=194596, avg=45079.91, stdev=22654.01
     lat (msec): min=2, max=194, avg=46.36, stdev=22.75
    clat percentiles (msec):
     |  1.00th=[    8],  5.00th=[   38], 10.00th=[   40], 20.00th=[   40],
     | 30.00th=[   41], 40.00th=[   41], 50.00th=[   42], 60.00th=[   42],
     | 70.00th=[   43], 80.00th=[   43], 90.00th=[   44], 95.00th=[   75],
     | 99.00th=[  174], 99.50th=[  174], 99.90th=[  194], 99.95th=[  194],
     | 99.99th=[  194]
   bw (  KiB/s): min= 2224, max= 3040, per=100.00%, avg=2787.20, stdev=324.84, samples=5
   iops        : min=  556, max=  760, avg=696.80, stdev=81.21, samples=5
  lat (msec)   : 2=0.05%, 4=0.21%, 10=1.00%, 20=1.26%, 50=88.66%
  lat (msec)   : 100=5.20%, 250=3.62%
  cpu          : usr=0.00%, sys=1.15%, ctx=5102, majf=0, minf=7
  IO depths    : 1=0.1%, 2=0.1%, 4=0.2%, 8=0.4%, 16=0.8%, 32=98.4%, >=64=0.0%
     submit    : 0=0.0%, 4=100.0%, 8=0.0%, 16=0.0%, 32=0.0%, 64=0.0%, >=64=0.0%
     complete  : 0=0.0%, 4=99.9%, 8=0.0%, 16=0.0%, 32=0.1%, 64=0.0%, >=64=0.0%
     issued rwts: total=0,1905,0,0 short=0,0,0,0 dropped=0,0,0,0
     latency   : target=0, window=0, percentile=100.00%, depth=32

Run status group 0 (all jobs):
  WRITE: bw=2741KiB/s (2807kB/s), 2741KiB/s-2741KiB/s (2807kB/s-2807kB/s), io=7620KiB (7803kB), run=2780-2780msec

Disk stats (read/write):
  mmcblk0: ios=0/1804, sectors=0/14480, merge=0/6, ticks=0/11027, in_queue=11027, util=96.25%
Burst 24
burst: (g=0): rw=randwrite, bs=(R) 4096B-4096B, (W) 4096B-4096B, (T) 4096B-4096B, ioengine=libaio, iodepth=32
fio-3.39
Starting 1 process

fio: terminating on signal 15

burst: (groupid=0, jobs=1): err= 0: pid=567942: Sun Jan 18 19:02:35 2026
  write: IOPS=349, BW=1399KiB/s (1433kB/s)(4176KiB/2984msec); 0 zone resets
    slat (usec): min=55, max=163430, avg=2717.76, stdev=12313.13
    clat (msec): min=37, max=1352, avg=88.02, stdev=204.72
     lat (msec): min=38, max=1357, avg=90.74, stdev=208.32
    clat percentiles (msec):
     |  1.00th=[   38],  5.00th=[   40], 10.00th=[   40], 20.00th=[   41],
     | 30.00th=[   42], 40.00th=[   42], 50.00th=[   43], 60.00th=[   43],
     | 70.00th=[   43], 80.00th=[   48], 90.00th=[  114], 95.00th=[  123],
     | 99.00th=[ 1318], 99.50th=[ 1334], 99.90th=[ 1351], 99.95th=[ 1351],
     | 99.99th=[ 1351]
   bw (  KiB/s): min=   32, max= 2904, per=99.47%, avg=1392.00, stdev=1298.82, samples=6
   iops        : min=    8, max=  726, avg=348.00, stdev=324.71, samples=6
  lat (msec)   : 50=81.90%, 100=3.64%, 250=10.82%, 500=0.38%, 750=0.38%
  lat (msec)   : 1000=0.38%, 2000=2.49%
  cpu          : usr=0.00%, sys=0.77%, ctx=3036, majf=0, minf=7
  IO depths    : 1=0.1%, 2=0.2%, 4=0.4%, 8=0.8%, 16=1.5%, 32=97.0%, >=64=0.0%
     submit    : 0=0.0%, 4=100.0%, 8=0.0%, 16=0.0%, 32=0.0%, 64=0.0%, >=64=0.0%
     complete  : 0=0.0%, 4=99.9%, 8=0.0%, 16=0.0%, 32=0.1%, 64=0.0%, >=64=0.0%
     issued rwts: total=0,1044,0,0 short=0,0,0,0 dropped=0,0,0,0
     latency   : target=0, window=0, percentile=100.00%, depth=32

Run status group 0 (all jobs):
  WRITE: bw=1399KiB/s (1433kB/s), 1399KiB/s-1399KiB/s (1433kB/s-1433kB/s), io=4176KiB (4276kB), run=2984-2984msec

Disk stats (read/write):
  mmcblk0: ios=0/1049, sectors=0/8392, merge=0/0, ticks=0/5643, in_queue=5643, util=94.49%
Burst 25
burst: (g=0): rw=randwrite, bs=(R) 4096B-4096B, (W) 4096B-4096B, (T) 4096B-4096B, ioengine=libaio, iodepth=32
fio-3.39
Starting 1 process

fio: terminating on signal 15

burst: (groupid=0, jobs=1): err= 0: pid=568040: Sun Jan 18 19:02:39 2026
  write: IOPS=450, BW=1802KiB/s (1845kB/s)(4936KiB/2739msec); 0 zone resets
    slat (usec): min=55, max=149835, avg=2216.57, stdev=9959.92
    clat (usec): min=704, max=995192, avg=47889.42, stdev=49662.22
     lat (usec): min=1421, max=995964, avg=50105.99, stdev=56611.28
    clat percentiles (msec):
     |  1.00th=[   17],  5.00th=[   40], 10.00th=[   41], 20.00th=[   41],
     | 30.00th=[   41], 40.00th=[   42], 50.00th=[   43], 60.00th=[   43],
     | 70.00th=[   43], 80.00th=[   43], 90.00th=[   45], 95.00th=[   56],
     | 99.00th=[  169], 99.50th=[  203], 99.90th=[  869], 99.95th=[  995],
     | 99.99th=[  995]
   bw (  KiB/s): min=   40, max= 2984, per=100.00%, avg=2050.00, stdev=1385.20, samples=4
   iops        : min=   10, max=  746, avg=512.50, stdev=346.30, samples=4
  lat (usec)   : 750=0.08%
  lat (msec)   : 2=0.08%, 10=0.41%, 20=0.65%, 50=91.17%, 100=4.21%
  lat (msec)   : 250=2.92%, 500=0.16%, 750=0.16%, 1000=0.16%
  cpu          : usr=0.00%, sys=0.80%, ctx=3501, majf=0, minf=7
  IO depths    : 1=0.1%, 2=0.2%, 4=0.3%, 8=0.6%, 16=1.3%, 32=97.5%, >=64=0.0%
     submit    : 0=0.0%, 4=100.0%, 8=0.0%, 16=0.0%, 32=0.0%, 64=0.0%, >=64=0.0%
     complete  : 0=0.0%, 4=99.9%, 8=0.0%, 16=0.0%, 32=0.1%, 64=0.0%, >=64=0.0%
     issued rwts: total=0,1234,0,0 short=0,0,0,0 dropped=0,0,0,0
     latency   : target=0, window=0, percentile=100.00%, depth=32

Run status group 0 (all jobs):
  WRITE: bw=1802KiB/s (1845kB/s), 1802KiB/s-1802KiB/s (1845kB/s-1845kB/s), io=4936KiB (5054kB), run=2739-2739msec

Disk stats (read/write):
  mmcblk0: ios=0/1168, sectors=0/9352, merge=0/1, ticks=0/5316, in_queue=5316, util=95.85%
Burst 26
burst: (g=0): rw=randwrite, bs=(R) 4096B-4096B, (W) 4096B-4096B, (T) 4096B-4096B, ioengine=libaio, iodepth=32
fio-3.39
Starting 1 process

fio: terminating on signal 15

burst: (groupid=0, jobs=1): err= 0: pid=568131: Sun Jan 18 19:02:43 2026
  write: IOPS=677, BW=2711KiB/s (2776kB/s)(7452KiB/2749msec); 0 zone resets
    slat (usec): min=56, max=48552, avg=1472.35, stdev=2164.85
    clat (usec): min=762, max=169785, avg=45386.41, stdev=20953.19
     lat (usec): min=1521, max=172668, avg=46858.76, stdev=21341.55
    clat percentiles (msec):
     |  1.00th=[   25],  5.00th=[   40], 10.00th=[   40], 20.00th=[   41],
     | 30.00th=[   41], 40.00th=[   41], 50.00th=[   43], 60.00th=[   43],
     | 70.00th=[   43], 80.00th=[   43], 90.00th=[   45], 95.00th=[   55],
     | 99.00th=[  169], 99.50th=[  169], 99.90th=[  169], 99.95th=[  169],
     | 99.99th=[  169]
   bw (  KiB/s): min= 2024, max= 2984, per=97.20%, avg=2635.20, stdev=382.10, samples=5
   iops        : min=  506, max=  746, avg=658.80, stdev=95.53, samples=5
  lat (usec)   : 1000=0.05%
  lat (msec)   : 2=0.05%, 4=0.05%, 10=0.27%, 20=0.38%, 50=92.49%
  lat (msec)   : 100=3.22%, 250=3.49%
  cpu          : usr=0.15%, sys=1.42%, ctx=5382, majf=0, minf=7
  IO depths    : 1=0.1%, 2=0.1%, 4=0.2%, 8=0.4%, 16=0.9%, 32=98.3%, >=64=0.0%
     submit    : 0=0.0%, 4=100.0%, 8=0.0%, 16=0.0%, 32=0.0%, 64=0.0%, >=64=0.0%
     complete  : 0=0.0%, 4=99.9%, 8=0.0%, 16=0.0%, 32=0.1%, 64=0.0%, >=64=0.0%
     issued rwts: total=0,1863,0,0 short=0,0,0,0 dropped=0,0,0,0
     latency   : target=0, window=0, percentile=100.00%, depth=32

Run status group 0 (all jobs):
  WRITE: bw=2711KiB/s (2776kB/s), 2711KiB/s-2711KiB/s (2776kB/s-2776kB/s), io=7452KiB (7631kB), run=2749-2749msec

Disk stats (read/write):
  mmcblk0: ios=0/1791, sectors=0/14336, merge=0/1, ticks=0/5401, in_queue=5402, util=95.67%
Burst 27
burst: (g=0): rw=randwrite, bs=(R) 4096B-4096B, (W) 4096B-4096B, (T) 4096B-4096B, ioengine=libaio, iodepth=32
fio-3.39
Starting 1 process

fio: terminating on signal 15

burst: (groupid=0, jobs=1): err= 0: pid=568222: Sun Jan 18 19:02:47 2026
  write: IOPS=614, BW=2460KiB/s (2519kB/s)(6740KiB/2740msec); 0 zone resets
    slat (usec): min=55, max=50370, avg=1623.65, stdev=2111.33
    clat (usec): min=811, max=171416, avg=50033.85, stdev=26049.48
     lat (usec): min=1509, max=174249, avg=51657.50, stdev=26703.55
    clat percentiles (msec):
     |  1.00th=[   24],  5.00th=[   39], 10.00th=[   40], 20.00th=[   41],
     | 30.00th=[   41], 40.00th=[   41], 50.00th=[   42], 60.00th=[   43],
     | 70.00th=[   43], 80.00th=[   43], 90.00th=[  103], 95.00th=[  112],
     | 99.00th=[  161], 99.50th=[  171], 99.90th=[  171], 99.95th=[  171],
     | 99.99th=[  171]
   bw (  KiB/s): min= 1216, max= 3040, per=96.63%, avg=2377.60, stdev=747.03, samples=5
   iops        : min=  304, max=  760, avg=594.40, stdev=186.76, samples=5
  lat (usec)   : 1000=0.06%
  lat (msec)   : 2=0.06%, 10=0.30%, 20=0.47%, 50=84.45%, 100=4.33%
  lat (msec)   : 250=10.33%
  cpu          : usr=0.00%, sys=1.06%, ctx=4875, majf=0, minf=7
  IO depths    : 1=0.1%, 2=0.1%, 4=0.2%, 8=0.5%, 16=0.9%, 32=98.2%, >=64=0.0%
     submit    : 0=0.0%, 4=100.0%, 8=0.0%, 16=0.0%, 32=0.0%, 64=0.0%, >=64=0.0%
     complete  : 0=0.0%, 4=99.9%, 8=0.0%, 16=0.0%, 32=0.1%, 64=0.0%, >=64=0.0%
     issued rwts: total=0,1685,0,0 short=0,0,0,0 dropped=0,0,0,0
     latency   : target=0, window=0, percentile=100.00%, depth=32

Run status group 0 (all jobs):
  WRITE: bw=2460KiB/s (2519kB/s), 2460KiB/s-2460KiB/s (2519kB/s-2519kB/s), io=6740KiB (6902kB), run=2740-2740msec

Disk stats (read/write):
  mmcblk0: ios=0/1627, sectors=0/13032, merge=0/2, ticks=0/5497, in_queue=5497, util=96.10%
Burst 28
burst: (g=0): rw=randwrite, bs=(R) 4096B-4096B, (W) 4096B-4096B, (T) 4096B-4096B, ioengine=libaio, iodepth=32
fio-3.39
Starting 1 process

fio: terminating on signal 15

burst: (groupid=0, jobs=1): err= 0: pid=568313: Sun Jan 18 19:02:51 2026
  write: IOPS=644, BW=2579KiB/s (2641kB/s)(7092KiB/2750msec); 0 zone resets
    slat (usec): min=53, max=47276, avg=1547.08, stdev=2378.17
    clat (msec): min=2, max=171, avg=47.74, stdev=23.94
     lat (msec): min=7, max=174, avg=49.29, stdev=24.40
    clat percentiles (msec):
     |  1.00th=[   38],  5.00th=[   40], 10.00th=[   41], 20.00th=[   41],
     | 30.00th=[   41], 40.00th=[   41], 50.00th=[   43], 60.00th=[   43],
     | 70.00th=[   43], 80.00th=[   43], 90.00th=[   52], 95.00th=[  107],
     | 99.00th=[  169], 99.50th=[  171], 99.90th=[  171], 99.95th=[  171],
     | 99.99th=[  171]
   bw (  KiB/s): min= 2104, max= 3008, per=100.00%, avg=2641.60, stdev=462.87, samples=5
   iops        : min=  526, max=  752, avg=660.40, stdev=115.72, samples=5
  lat (msec)   : 4=0.06%, 10=0.11%, 20=0.17%, 50=89.28%, 100=4.91%
  lat (msec)   : 250=5.47%
  cpu          : usr=0.00%, sys=1.49%, ctx=4984, majf=0, minf=7
  IO depths    : 1=0.1%, 2=0.1%, 4=0.2%, 8=0.5%, 16=0.9%, 32=98.3%, >=64=0.0%
     submit    : 0=0.0%, 4=100.0%, 8=0.0%, 16=0.0%, 32=0.0%, 64=0.0%, >=64=0.0%
     complete  : 0=0.0%, 4=99.9%, 8=0.0%, 16=0.0%, 32=0.1%, 64=0.0%, >=64=0.0%
     issued rwts: total=0,1773,0,0 short=0,0,0,0 dropped=0,0,0,0
     latency   : target=0, window=0, percentile=100.00%, depth=32

Run status group 0 (all jobs):
  WRITE: bw=2579KiB/s (2641kB/s), 2579KiB/s-2579KiB/s (2641kB/s-2641kB/s), io=7092KiB (7262kB), run=2750-2750msec

Disk stats (read/write):
  mmcblk0: ios=0/1745, sectors=0/14008, merge=0/6, ticks=0/5281, in_queue=5281, util=95.96%
Burst 29
burst: (g=0): rw=randwrite, bs=(R) 4096B-4096B, (W) 4096B-4096B, (T) 4096B-4096B, ioengine=libaio, iodepth=32
fio-3.39
Starting 1 process

fio: terminating on signal 15

burst: (groupid=0, jobs=1): err= 0: pid=568404: Sun Jan 18 19:02:56 2026
  write: IOPS=664, BW=2657KiB/s (2721kB/s)(7384KiB/2779msec); 0 zone resets
    slat (usec): min=2, max=47867, avg=1311.79, stdev=1816.99
    clat (usec): min=1600, max=168964, avg=45957.63, stdev=22064.85
     lat (msec): min=2, max=169, avg=47.27, stdev=22.55
    clat percentiles (msec):
     |  1.00th=[    8],  5.00th=[   23], 10.00th=[   39], 20.00th=[   41],
     | 30.00th=[   41], 40.00th=[   41], 50.00th=[   41], 60.00th=[   43],
     | 70.00th=[   43], 80.00th=[   43], 90.00th=[   65], 95.00th=[  104],
     | 99.00th=[  155], 99.50th=[  167], 99.90th=[  169], 99.95th=[  169],
     | 99.99th=[  169]
   bw (  KiB/s): min= 1520, max= 3256, per=98.15%, avg=2608.00, stdev=729.76, samples=5
   iops        : min=  380, max=  814, avg=652.00, stdev=182.44, samples=5
  lat (msec)   : 2=0.05%, 4=0.16%, 10=1.41%, 20=2.55%, 50=81.96%
  lat (msec)   : 100=8.29%, 250=5.58%
  cpu          : usr=0.11%, sys=0.94%, ctx=4803, majf=0, minf=7
  IO depths    : 1=0.1%, 2=0.1%, 4=0.2%, 8=0.4%, 16=0.9%, 32=98.3%, >=64=0.0%
     submit    : 0=0.0%, 4=100.0%, 8=0.0%, 16=0.0%, 32=0.0%, 64=0.0%, >=64=0.0%
     complete  : 0=0.0%, 4=99.9%, 8=0.0%, 16=0.0%, 32=0.1%, 64=0.0%, >=64=0.0%
     issued rwts: total=0,1846,0,0 short=0,0,0,0 dropped=0,0,0,0
     latency   : target=0, window=0, percentile=100.00%, depth=32

Run status group 0 (all jobs):
  WRITE: bw=2657KiB/s (2721kB/s), 2657KiB/s-2657KiB/s (2721kB/s-2721kB/s), io=7384KiB (7561kB), run=2779-2779msec

Disk stats (read/write):
  mmcblk0: ios=0/1749, sectors=0/14024, merge=0/4, ticks=0/11363, in_queue=11363, util=95.23%
Burst 30
burst: (g=0): rw=randwrite, bs=(R) 4096B-4096B, (W) 4096B-4096B, (T) 4096B-4096B, ioengine=libaio, iodepth=32
fio-3.39
Starting 1 process

fio: terminating on signal 15

burst: (groupid=0, jobs=1): err= 0: pid=568458: Sun Jan 18 19:03:00 2026
  write: IOPS=595, BW=2381KiB/s (2438kB/s)(6588KiB/2767msec); 0 zone resets
    slat (usec): min=56, max=47574, avg=1677.34, stdev=2425.07
    clat (usec): min=797, max=168945, avg=51709.05, stdev=26019.71
     lat (msec): min=20, max=169, avg=53.39, stdev=26.61
    clat percentiles (msec):
     |  1.00th=[   40],  5.00th=[   40], 10.00th=[   41], 20.00th=[   41],
     | 30.00th=[   41], 40.00th=[   41], 50.00th=[   43], 60.00th=[   43],
     | 70.00th=[   43], 80.00th=[   43], 90.00th=[  106], 95.00th=[  114],
     | 99.00th=[  155], 99.50th=[  169], 99.90th=[  169], 99.95th=[  169],
     | 99.99th=[  169]
   bw (  KiB/s): min= 1192, max= 3008, per=100.00%, avg=2428.80, stdev=748.94, samples=5
   iops        : min=  298, max=  752, avg=607.20, stdev=187.24, samples=5
  lat (usec)   : 1000=0.06%
  lat (msec)   : 50=82.94%, 100=5.53%, 250=11.48%
  cpu          : usr=0.22%, sys=1.08%, ctx=4730, majf=0, minf=7
  IO depths    : 1=0.1%, 2=0.1%, 4=0.2%, 8=0.5%, 16=1.0%, 32=98.1%, >=64=0.0%
     submit    : 0=0.0%, 4=100.0%, 8=0.0%, 16=0.0%, 32=0.0%, 64=0.0%, >=64=0.0%
     complete  : 0=0.0%, 4=99.9%, 8=0.0%, 16=0.0%, 32=0.1%, 64=0.0%, >=64=0.0%
     issued rwts: total=0,1647,0,0 short=0,0,0,0 dropped=0,0,0,0
     latency   : target=0, window=0, percentile=100.00%, depth=32

Run status group 0 (all jobs):
  WRITE: bw=2381KiB/s (2438kB/s), 2381KiB/s-2381KiB/s (2438kB/s-2438kB/s), io=6588KiB (6746kB), run=2767-2767msec

Disk stats (read/write):
  mmcblk0: ios=0/1617, sectors=0/12944, merge=0/1, ticks=0/5504, in_queue=5503, util=95.96%
Burst 31
burst: (g=0): rw=randwrite, bs=(R) 4096B-4096B, (W) 4096B-4096B, (T) 4096B-4096B, ioengine=libaio, iodepth=32
fio-3.39
Starting 1 process

fio: terminating on signal 15

burst: (groupid=0, jobs=1): err= 0: pid=568467: Sun Jan 18 19:03:04 2026
  write: IOPS=700, BW=2801KiB/s (2869kB/s)(7676KiB/2740msec); 0 zone resets
    slat (usec): min=64, max=48933, avg=1425.76, stdev=1799.66
    clat (usec): min=757, max=170003, avg=43243.38, stdev=15081.51
     lat (usec): min=1522, max=170727, avg=44669.15, stdev=15389.13
    clat percentiles (msec):
     |  1.00th=[   26],  5.00th=[   40], 10.00th=[   40], 20.00th=[   41],
     | 30.00th=[   41], 40.00th=[   41], 50.00th=[   42], 60.00th=[   43],
     | 70.00th=[   43], 80.00th=[   43], 90.00th=[   43], 95.00th=[   46],
     | 99.00th=[  155], 99.50th=[  169], 99.90th=[  171], 99.95th=[  171],
     | 99.99th=[  171]
   bw (  KiB/s): min= 2240, max= 3000, per=97.52%, avg=2732.80, stdev=351.03, samples=5
   iops        : min=  560, max=  750, avg=683.20, stdev=87.76, samples=5
  lat (usec)   : 1000=0.05%
  lat (msec)   : 2=0.05%, 10=0.26%, 20=0.42%, 50=94.68%, 100=2.76%
  lat (msec)   : 250=1.77%
  cpu          : usr=0.00%, sys=1.13%, ctx=5426, majf=0, minf=7
  IO depths    : 1=0.1%, 2=0.1%, 4=0.2%, 8=0.4%, 16=0.8%, 32=98.4%, >=64=0.0%
     submit    : 0=0.0%, 4=100.0%, 8=0.0%, 16=0.0%, 32=0.0%, 64=0.0%, >=64=0.0%
     complete  : 0=0.0%, 4=99.9%, 8=0.0%, 16=0.0%, 32=0.1%, 64=0.0%, >=64=0.0%
     issued rwts: total=0,1919,0,0 short=0,0,0,0 dropped=0,0,0,0
     latency   : target=0, window=0, percentile=100.00%, depth=32

Run status group 0 (all jobs):
  WRITE: bw=2801KiB/s (2869kB/s), 2801KiB/s-2801KiB/s (2869kB/s-2869kB/s), io=7676KiB (7860kB), run=2740-2740msec

Disk stats (read/write):
  mmcblk0: ios=0/1852, sectors=0/14816, merge=0/0, ticks=0/5322, in_queue=5322, util=95.52%
Burst 32
burst: (g=0): rw=randwrite, bs=(R) 4096B-4096B, (W) 4096B-4096B, (T) 4096B-4096B, ioengine=libaio, iodepth=32
fio-3.39
Starting 1 process

fio: terminating on signal 15

burst: (groupid=0, jobs=1): err= 0: pid=568476: Sun Jan 18 19:03:09 2026
  write: IOPS=325, BW=1302KiB/s (1333kB/s)(4956KiB/3807msec); 0 zone resets
    slat (usec): min=2, max=14796, avg=476.88, stdev=927.66
    clat (usec): min=1495, max=2160.1k, avg=96485.28, stdev=311043.86
     lat (msec): min=2, max=2160, avg=96.96, stdev=310.96
    clat percentiles (msec):
     |  1.00th=[    5],  5.00th=[    9], 10.00th=[   14], 20.00th=[   26],
     | 30.00th=[   37], 40.00th=[   41], 50.00th=[   41], 60.00th=[   43],
     | 70.00th=[   47], 80.00th=[   57], 90.00th=[   75], 95.00th=[  176],
     | 99.00th=[ 2089], 99.50th=[ 2140], 99.90th=[ 2165], 99.95th=[ 2165],
     | 99.99th=[ 2165]
   bw (  KiB/s): min=   16, max= 3096, per=100.00%, avg=1610.67, stdev=1372.23, samples=6
   iops        : min=    4, max=  774, avg=402.67, stdev=343.06, samples=6
  lat (msec)   : 2=0.16%, 4=0.40%, 10=6.21%, 20=9.60%, 50=56.58%
  lat (msec)   : 100=19.53%, 250=4.44%, 500=0.16%, 750=0.16%, 1000=0.16%
  lat (msec)   : 2000=0.56%, >=2000=2.02%
  cpu          : usr=0.00%, sys=0.45%, ctx=2006, majf=0, minf=7
  IO depths    : 1=0.1%, 2=0.2%, 4=0.3%, 8=0.6%, 16=1.3%, 32=97.5%, >=64=0.0%
     submit    : 0=0.0%, 4=100.0%, 8=0.0%, 16=0.0%, 32=0.0%, 64=0.0%, >=64=0.0%
     complete  : 0=0.0%, 4=99.9%, 8=0.0%, 16=0.0%, 32=0.1%, 64=0.0%, >=64=0.0%
     issued rwts: total=0,1239,0,0 short=0,0,0,0 dropped=0,0,0,0
     latency   : target=0, window=0, percentile=100.00%, depth=32

Run status group 0 (all jobs):
  WRITE: bw=1302KiB/s (1333kB/s), 1302KiB/s-1302KiB/s (1333kB/s-1333kB/s), io=4956KiB (5075kB), run=3807-3807msec

Disk stats (read/write):
  mmcblk0: ios=0/1215, sectors=0/9744, merge=0/3, ticks=0/50931, in_queue=50930, util=92.02%
Burst 33
burst: (g=0): rw=randwrite, bs=(R) 4096B-4096B, (W) 4096B-4096B, (T) 4096B-4096B, ioengine=libaio, iodepth=32
fio-3.39
Starting 1 process

fio: terminating on signal 15

burst: (groupid=0, jobs=1): err= 0: pid=568485: Sun Jan 18 19:03:13 2026
  write: IOPS=667, BW=2669KiB/s (2733kB/s)(7420KiB/2780msec); 0 zone resets
    slat (usec): min=2, max=16123, avg=234.66, stdev=957.02
    clat (usec): min=1402, max=206530, avg=46877.26, stdev=32056.61
     lat (msec): min=2, max=206, avg=47.11, stdev=32.35
    clat percentiles (msec):
     |  1.00th=[    5],  5.00th=[    7], 10.00th=[   11], 20.00th=[   20],
     | 30.00th=[   28], 40.00th=[   36], 50.00th=[   44], 60.00th=[   52],
     | 70.00th=[   59], 80.00th=[   66], 90.00th=[   79], 95.00th=[  108],
     | 99.00th=[  174], 99.50th=[  192], 99.90th=[  203], 99.95th=[  207],
     | 99.99th=[  207]
   bw (  KiB/s): min= 1616, max= 3104, per=98.76%, avg=2636.80, stdev=668.82, samples=5
   iops        : min=  404, max=  776, avg=659.20, stdev=167.20, samples=5
  lat (msec)   : 2=0.11%, 4=0.59%, 10=7.82%, 20=12.40%, 50=37.14%
  lat (msec)   : 100=34.45%, 250=7.49%
  cpu          : usr=0.58%, sys=0.00%, ctx=2093, majf=0, minf=7
  IO depths    : 1=0.1%, 2=0.1%, 4=0.2%, 8=0.4%, 16=0.9%, 32=98.3%, >=64=0.0%
     submit    : 0=0.0%, 4=100.0%, 8=0.0%, 16=0.0%, 32=0.0%, 64=0.0%, >=64=0.0%
     complete  : 0=0.0%, 4=99.9%, 8=0.0%, 16=0.0%, 32=0.1%, 64=0.0%, >=64=0.0%
     issued rwts: total=0,1855,0,0 short=0,0,0,0 dropped=0,0,0,0
     latency   : target=0, window=0, percentile=100.00%, depth=32

Run status group 0 (all jobs):
  WRITE: bw=2669KiB/s (2733kB/s), 2669KiB/s-2669KiB/s (2733kB/s-2733kB/s), io=7420KiB (7598kB), run=2780-2780msec

Disk stats (read/write):
  mmcblk0: ios=0/1754, sectors=0/14080, merge=0/6, ticks=0/70958, in_queue=70958, util=96.10%
Burst 34
burst: (g=0): rw=randwrite, bs=(R) 4096B-4096B, (W) 4096B-4096B, (T) 4096B-4096B, ioengine=libaio, iodepth=32
fio-3.39
Starting 1 process

fio: terminating on signal 15

burst: (groupid=0, jobs=1): err= 0: pid=568494: Sun Jan 18 19:03:17 2026
  write: IOPS=593, BW=2376KiB/s (2433kB/s)(6636KiB/2793msec); 0 zone resets
    slat (usec): min=4, max=47130, avg=771.98, stdev=1751.21
    clat (usec): min=1674, max=378132, avg=52688.25, stdev=44439.36
     lat (msec): min=2, max=378, avg=53.46, stdev=44.42
    clat percentiles (msec):
     |  1.00th=[    5],  5.00th=[   11], 10.00th=[   21], 20.00th=[   37],
     | 30.00th=[   41], 40.00th=[   41], 50.00th=[   42], 60.00th=[   43],
     | 70.00th=[   43], 80.00th=[   58], 90.00th=[   93], 95.00th=[  148],
     | 99.00th=[  288], 99.50th=[  313], 99.90th=[  351], 99.95th=[  380],
     | 99.99th=[  380]
   bw (  KiB/s): min=  752, max= 3256, per=100.00%, avg=2419.20, stdev=1045.38, samples=5
   iops        : min=  188, max=  814, avg=604.80, stdev=261.34, samples=5
  lat (msec)   : 2=0.12%, 4=0.12%, 10=3.86%, 20=5.73%, 50=64.80%
  lat (msec)   : 100=16.34%, 250=7.84%, 500=1.21%
  cpu          : usr=0.25%, sys=0.72%, ctx=3199, majf=0, minf=7
  IO depths    : 1=0.1%, 2=0.1%, 4=0.2%, 8=0.5%, 16=1.0%, 32=98.1%, >=64=0.0%
     submit    : 0=0.0%, 4=100.0%, 8=0.0%, 16=0.0%, 32=0.0%, 64=0.0%, >=64=0.0%
     complete  : 0=0.0%, 4=99.9%, 8=0.0%, 16=0.0%, 32=0.1%, 64=0.0%, >=64=0.0%
     issued rwts: total=0,1659,0,0 short=0,0,0,0 dropped=0,0,0,0
     latency   : target=0, window=0, percentile=100.00%, depth=32

Run status group 0 (all jobs):
  WRITE: bw=2376KiB/s (2433kB/s), 2376KiB/s-2376KiB/s (2433kB/s-2433kB/s), io=6636KiB (6795kB), run=2793-2793msec

Disk stats (read/write):
  mmcblk0: ios=0/1558, sectors=0/12504, merge=0/5, ticks=0/43988, in_queue=43988, util=95.23%
Burst 35
burst: (g=0): rw=randwrite, bs=(R) 4096B-4096B, (W) 4096B-4096B, (T) 4096B-4096B, ioengine=libaio, iodepth=32
fio-3.39
Starting 1 process

fio: terminating on signal 15

burst: (groupid=0, jobs=1): err= 0: pid=568503: Sun Jan 18 19:03:21 2026
  write: IOPS=702, BW=2809KiB/s (2876kB/s)(7812KiB/2781msec); 0 zone resets
    slat (usec): min=2, max=47887, avg=1083.88, stdev=1712.67
    clat (usec): min=1742, max=229620, avg=44147.99, stdev=20557.05
     lat (msec): min=2, max=229, avg=45.23, stdev=20.79
    clat percentiles (msec):
     |  1.00th=[    6],  5.00th=[   16], 10.00th=[   29], 20.00th=[   41],
     | 30.00th=[   42], 40.00th=[   42], 50.00th=[   43], 60.00th=[   44],
     | 70.00th=[   44], 80.00th=[   44], 90.00th=[   56], 95.00th=[   70],
     | 99.00th=[  165], 99.50th=[  171], 99.90th=[  188], 99.95th=[  230],
     | 99.99th=[  230]
   bw (  KiB/s): min= 2232, max= 3240, per=99.11%, avg=2784.00, stdev=366.65, samples=5
   iops        : min=  558, max=  810, avg=696.00, stdev=91.66, samples=5
  lat (msec)   : 2=0.10%, 4=0.20%, 10=2.51%, 20=3.64%, 50=79.88%
  lat (msec)   : 100=11.37%, 250=2.30%
  cpu          : usr=0.22%, sys=0.76%, ctx=4568, majf=0, minf=7
  IO depths    : 1=0.1%, 2=0.1%, 4=0.2%, 8=0.4%, 16=0.8%, 32=98.4%, >=64=0.0%
     submit    : 0=0.0%, 4=100.0%, 8=0.0%, 16=0.0%, 32=0.0%, 64=0.0%, >=64=0.0%
     complete  : 0=0.0%, 4=99.9%, 8=0.0%, 16=0.0%, 32=0.1%, 64=0.0%, >=64=0.0%
     issued rwts: total=0,1953,0,0 short=0,0,0,0 dropped=0,0,0,0
     latency   : target=0, window=0, percentile=100.00%, depth=32

Run status group 0 (all jobs):
  WRITE: bw=2809KiB/s (2876kB/s), 2809KiB/s-2809KiB/s (2876kB/s-2876kB/s), io=7812KiB (7999kB), run=2781-2781msec

Disk stats (read/write):
  mmcblk0: ios=0/1857, sectors=0/14872, merge=0/2, ticks=0/20082, in_queue=20082, util=95.81%
Burst 36
burst: (g=0): rw=randwrite, bs=(R) 4096B-4096B, (W) 4096B-4096B, (T) 4096B-4096B, ioengine=libaio, iodepth=32
fio-3.39
Starting 1 process

fio: terminating on signal 15

burst: (groupid=0, jobs=1): err= 0: pid=568512: Sun Jan 18 19:03:26 2026
  write: IOPS=580, BW=2321KiB/s (2376kB/s)(6540KiB/2818msec); 0 zone resets
    slat (usec): min=4, max=47563, avg=1084.68, stdev=2013.61
    clat (msec): min=2, max=508, avg=53.65, stdev=40.92
     lat (msec): min=2, max=508, avg=54.73, stdev=40.87
    clat percentiles (msec):
     |  1.00th=[    8],  5.00th=[   20], 10.00th=[   35], 20.00th=[   41],
     | 30.00th=[   42], 40.00th=[   42], 50.00th=[   44], 60.00th=[   44],
     | 70.00th=[   44], 80.00th=[   55], 90.00th=[   99], 95.00th=[  134],
     | 99.00th=[  207], 99.50th=[  230], 99.90th=[  472], 99.95th=[  510],
     | 99.99th=[  510]
   bw (  KiB/s): min= 1912, max= 2856, per=100.00%, avg=2387.20, stdev=350.89, samples=5
   iops        : min=  478, max=  714, avg=596.80, stdev=87.72, samples=5
  lat (msec)   : 4=0.24%, 10=1.59%, 20=3.30%, 50=73.76%, 100=11.50%
  lat (msec)   : 250=9.17%, 500=0.37%, 750=0.06%
  cpu          : usr=0.25%, sys=0.82%, ctx=3679, majf=0, minf=7
  IO depths    : 1=0.1%, 2=0.1%, 4=0.2%, 8=0.5%, 16=1.0%, 32=98.1%, >=64=0.0%
     submit    : 0=0.0%, 4=100.0%, 8=0.0%, 16=0.0%, 32=0.0%, 64=0.0%, >=64=0.0%
     complete  : 0=0.0%, 4=99.9%, 8=0.0%, 16=0.0%, 32=0.1%, 64=0.0%, >=64=0.0%
     issued rwts: total=0,1635,0,0 short=0,0,0,0 dropped=0,0,0,0
     latency   : target=0, window=0, percentile=100.00%, depth=32

Run status group 0 (all jobs):
  WRITE: bw=2321KiB/s (2376kB/s), 2321KiB/s-2321KiB/s (2376kB/s-2376kB/s), io=6540KiB (6697kB), run=2818-2818msec

Disk stats (read/write):
  mmcblk0: ios=0/1593, sectors=0/12744, merge=0/0, ticks=0/30126, in_queue=30126, util=95.38%
Burst 37
burst: (g=0): rw=randwrite, bs=(R) 4096B-4096B, (W) 4096B-4096B, (T) 4096B-4096B, ioengine=libaio, iodepth=32
fio-3.39
Starting 1 process

fio: terminating on signal 15

burst: (groupid=0, jobs=1): err= 0: pid=568521: Sun Jan 18 19:03:30 2026
  write: IOPS=697, BW=2789KiB/s (2856kB/s)(7648KiB/2742msec); 0 zone resets
    slat (usec): min=57, max=47901, avg=1431.77, stdev=1680.27
    clat (usec): min=759, max=170722, avg=44090.83, stdev=14516.08
     lat (msec): min=3, max=171, avg=45.52, stdev=14.80
    clat percentiles (msec):
     |  1.00th=[   29],  5.00th=[   41], 10.00th=[   41], 20.00th=[   41],
     | 30.00th=[   42], 40.00th=[   42], 50.00th=[   43], 60.00th=[   44],
     | 70.00th=[   44], 80.00th=[   44], 90.00th=[   44], 95.00th=[   48],
     | 99.00th=[  138], 99.50th=[  169], 99.90th=[  171], 99.95th=[  171],
     | 99.99th=[  171]
   bw (  KiB/s): min= 2192, max= 2952, per=98.02%, avg=2734.40, stdev=318.47, samples=5
   iops        : min=  548, max=  738, avg=683.60, stdev=79.62, samples=5
  lat (usec)   : 1000=0.05%
  lat (msec)   : 4=0.05%, 10=0.26%, 20=0.37%, 50=95.03%, 100=2.46%
  lat (msec)   : 250=1.78%
  cpu          : usr=0.15%, sys=0.99%, ctx=5387, majf=0, minf=7
  IO depths    : 1=0.1%, 2=0.1%, 4=0.2%, 8=0.4%, 16=0.8%, 32=98.4%, >=64=0.0%
     submit    : 0=0.0%, 4=100.0%, 8=0.0%, 16=0.0%, 32=0.0%, 64=0.0%, >=64=0.0%
     complete  : 0=0.0%, 4=99.9%, 8=0.0%, 16=0.0%, 32=0.1%, 64=0.0%, >=64=0.0%
     issued rwts: total=0,1912,0,0 short=0,0,0,0 dropped=0,0,0,0
     latency   : target=0, window=0, percentile=100.00%, depth=32

Run status group 0 (all jobs):
  WRITE: bw=2789KiB/s (2856kB/s), 2789KiB/s-2789KiB/s (2856kB/s-2856kB/s), io=7648KiB (7832kB), run=2742-2742msec

Disk stats (read/write):
  mmcblk0: ios=0/1846, sectors=0/14768, merge=0/0, ticks=0/5310, in_queue=5309, util=95.96%
Burst 38
burst: (g=0): rw=randwrite, bs=(R) 4096B-4096B, (W) 4096B-4096B, (T) 4096B-4096B, ioengine=libaio, iodepth=32
fio-3.39
Starting 1 process

fio: terminating on signal 15

burst: (groupid=0, jobs=1): err= 0: pid=568530: Sun Jan 18 19:03:35 2026
  write: IOPS=275, BW=1102KiB/s (1128kB/s)(3960KiB/3594msec); 0 zone resets
    slat (usec): min=2, max=14867, avg=595.89, stdev=1019.08
    clat (usec): min=1478, max=2160.7k, avg=114112.94, stdev=339015.88
     lat (msec): min=2, max=2160, avg=114.71, stdev=338.89
    clat percentiles (msec):
     |  1.00th=[    5],  5.00th=[   11], 10.00th=[   16], 20.00th=[   29],
     | 30.00th=[   41], 40.00th=[   42], 50.00th=[   43], 60.00th=[   44],
     | 70.00th=[   50], 80.00th=[   63], 90.00th=[  113], 95.00th=[  199],
     | 99.00th=[ 2072], 99.50th=[ 2140], 99.90th=[ 2165], 99.95th=[ 2165],
     | 99.99th=[ 2165]
   bw (  KiB/s): min=   24, max= 2624, per=100.00%, avg=1278.67, stdev=1322.64, samples=6
   iops        : min=    6, max=  656, avg=319.67, stdev=330.66, samples=6
  lat (msec)   : 2=0.20%, 4=0.51%, 10=3.74%, 20=8.28%, 50=57.58%
  lat (msec)   : 100=18.28%, 250=7.17%, 500=0.40%, 750=0.20%, 1000=0.30%
  lat (msec)   : 2000=1.01%, >=2000=2.32%
  cpu          : usr=0.00%, sys=0.36%, ctx=1727, majf=0, minf=7
  IO depths    : 1=0.1%, 2=0.2%, 4=0.4%, 8=0.8%, 16=1.6%, 32=96.9%, >=64=0.0%
     submit    : 0=0.0%, 4=100.0%, 8=0.0%, 16=0.0%, 32=0.0%, 64=0.0%, >=64=0.0%
     complete  : 0=0.0%, 4=99.9%, 8=0.0%, 16=0.0%, 32=0.1%, 64=0.0%, >=64=0.0%
     issued rwts: total=0,990,0,0 short=0,0,0,0 dropped=0,0,0,0
     latency   : target=0, window=0, percentile=100.00%, depth=32

Run status group 0 (all jobs):
  WRITE: bw=1102KiB/s (1128kB/s), 1102KiB/s-1102KiB/s (1128kB/s-1128kB/s), io=3960KiB (4055kB), run=3594-3594msec

Disk stats (read/write):
  mmcblk0: ios=0/965, sectors=0/7736, merge=0/2, ticks=0/44169, in_queue=44169, util=95.05%
Burst 39
burst: (g=0): rw=randwrite, bs=(R) 4096B-4096B, (W) 4096B-4096B, (T) 4096B-4096B, ioengine=libaio, iodepth=32
fio-3.39
Starting 1 process

fio: terminating on signal 15

burst: (groupid=0, jobs=1): err= 0: pid=568539: Sun Jan 18 19:03:39 2026
  write: IOPS=653, BW=2613KiB/s (2676kB/s)(7160KiB/2740msec); 0 zone resets
    slat (usec): min=54, max=47829, avg=1528.50, stdev=1772.16
    clat (usec): min=782, max=170174, avg=46531.73, stdev=18750.31
     lat (usec): min=1577, max=173029, avg=48060.23, stdev=19182.88
    clat percentiles (msec):
     |  1.00th=[   23],  5.00th=[   41], 10.00th=[   41], 20.00th=[   42],
     | 30.00th=[   42], 40.00th=[   43], 50.00th=[   44], 60.00th=[   44],
     | 70.00th=[   44], 80.00th=[   44], 90.00th=[   46], 95.00th=[   82],
     | 99.00th=[  159], 99.50th=[  171], 99.90th=[  171], 99.95th=[  171],
     | 99.99th=[  171]
   bw (  KiB/s): min= 1824, max= 2928, per=97.09%, avg=2537.60, stdev=512.57, samples=5
   iops        : min=  456, max=  732, avg=634.40, stdev=128.14, samples=5
  lat (usec)   : 1000=0.06%
  lat (msec)   : 2=0.06%, 4=0.06%, 10=0.22%, 20=0.45%, 50=91.12%
  lat (msec)   : 100=3.80%, 250=4.25%
  cpu          : usr=0.00%, sys=1.06%, ctx=5041, majf=0, minf=7
  IO depths    : 1=0.1%, 2=0.1%, 4=0.2%, 8=0.4%, 16=0.9%, 32=98.3%, >=64=0.0%
     submit    : 0=0.0%, 4=100.0%, 8=0.0%, 16=0.0%, 32=0.0%, 64=0.0%, >=64=0.0%
     complete  : 0=0.0%, 4=99.9%, 8=0.0%, 16=0.0%, 32=0.1%, 64=0.0%, >=64=0.0%
     issued rwts: total=0,1790,0,0 short=0,0,0,0 dropped=0,0,0,0
     latency   : target=0, window=0, percentile=100.00%, depth=32

Run status group 0 (all jobs):
  WRITE: bw=2613KiB/s (2676kB/s), 2613KiB/s-2613KiB/s (2676kB/s-2676kB/s), io=7160KiB (7332kB), run=2740-2740msec

Disk stats (read/write):
  mmcblk0: ios=0/1724, sectors=0/13808, merge=0/2, ticks=0/5290, in_queue=5290, util=96.40%
Burst 40
burst: (g=0): rw=randwrite, bs=(R) 4096B-4096B, (W) 4096B-4096B, (T) 4096B-4096B, ioengine=libaio, iodepth=32
fio-3.39
Starting 1 process

fio: terminating on signal 15

burst: (groupid=0, jobs=1): err= 0: pid=568548: Sun Jan 18 19:03:43 2026
  write: IOPS=572, BW=2292KiB/s (2347kB/s)(6312KiB/2754msec); 0 zone resets
    slat (usec): min=56, max=50754, avg=1741.33, stdev=2724.27
    clat (msec): min=2, max=292, avg=53.58, stdev=36.75
     lat (msec): min=7, max=295, avg=55.32, stdev=37.57
    clat percentiles (msec):
     |  1.00th=[   40],  5.00th=[   41], 10.00th=[   42], 20.00th=[   42],
     | 30.00th=[   42], 40.00th=[   43], 50.00th=[   44], 60.00th=[   44],
     | 70.00th=[   44], 80.00th=[   44], 90.00th=[  103], 95.00th=[  110],
     | 99.00th=[  264], 99.50th=[  275], 99.90th=[  292], 99.95th=[  292],
     | 99.99th=[  292]
   bw (  KiB/s): min= 1152, max= 2936, per=100.00%, avg=2360.00, stdev=817.55, samples=5
   iops        : min=  288, max=  734, avg=590.00, stdev=204.39, samples=5
  lat (msec)   : 4=0.06%, 10=0.13%, 20=0.06%, 50=86.82%, 100=2.60%
  lat (msec)   : 250=9.13%, 500=1.20%
  cpu          : usr=0.15%, sys=1.13%, ctx=4435, majf=0, minf=7
  IO depths    : 1=0.1%, 2=0.1%, 4=0.3%, 8=0.5%, 16=1.0%, 32=98.0%, >=64=0.0%
     submit    : 0=0.0%, 4=100.0%, 8=0.0%, 16=0.0%, 32=0.0%, 64=0.0%, >=64=0.0%
     complete  : 0=0.0%, 4=99.9%, 8=0.0%, 16=0.0%, 32=0.1%, 64=0.0%, >=64=0.0%
     issued rwts: total=0,1578,0,0 short=0,0,0,0 dropped=0,0,0,0
     latency   : target=0, window=0, percentile=100.00%, depth=32

Run status group 0 (all jobs):
  WRITE: bw=2292KiB/s (2347kB/s), 2292KiB/s-2292KiB/s (2347kB/s-2347kB/s), io=6312KiB (6463kB), run=2754-2754msec

Disk stats (read/write):
  mmcblk0: ios=0/1550, sectors=0/12440, merge=0/5, ticks=0/5286, in_queue=5286, util=95.52%
Burst 41
burst: (g=0): rw=randwrite, bs=(R) 4096B-4096B, (W) 4096B-4096B, (T) 4096B-4096B, ioengine=libaio, iodepth=32
fio-3.39
Starting 1 process

fio: terminating on signal 15

burst: (groupid=0, jobs=1): err= 0: pid=568557: Sun Jan 18 19:03:47 2026
  write: IOPS=696, BW=2785KiB/s (2852kB/s)(7740KiB/2779msec); 0 zone resets
    slat (usec): min=2, max=47888, avg=1222.73, stdev=1714.10
    clat (usec): min=1682, max=174057, avg=44062.60, stdev=18087.44
     lat (msec): min=2, max=174, avg=45.29, stdev=18.34
    clat percentiles (msec):
     |  1.00th=[    6],  5.00th=[   23], 10.00th=[   40], 20.00th=[   41],
     | 30.00th=[   42], 40.00th=[   42], 50.00th=[   43], 60.00th=[   44],
     | 70.00th=[   44], 80.00th=[   44], 90.00th=[   53], 95.00th=[   66],
     | 99.00th=[  157], 99.50th=[  169], 99.90th=[  171], 99.95th=[  174],
     | 99.99th=[  174]
   bw (  KiB/s): min= 2128, max= 3216, per=99.02%, avg=2758.40, stdev=419.31, samples=5
   iops        : min=  532, max=  804, avg=689.60, stdev=104.83, samples=5
  lat (msec)   : 2=0.10%, 4=0.36%, 10=1.50%, 20=2.58%, 50=84.65%
  lat (msec)   : 100=8.94%, 250=1.86%
  cpu          : usr=0.14%, sys=0.94%, ctx=4793, majf=0, minf=7
  IO depths    : 1=0.1%, 2=0.1%, 4=0.2%, 8=0.4%, 16=0.8%, 32=98.4%, >=64=0.0%
     submit    : 0=0.0%, 4=100.0%, 8=0.0%, 16=0.0%, 32=0.0%, 64=0.0%, >=64=0.0%
     complete  : 0=0.0%, 4=99.9%, 8=0.0%, 16=0.0%, 32=0.1%, 64=0.0%, >=64=0.0%
     issued rwts: total=0,1935,0,0 short=0,0,0,0 dropped=0,0,0,0
     latency   : target=0, window=0, percentile=100.00%, depth=32

Run status group 0 (all jobs):
  WRITE: bw=2785KiB/s (2852kB/s), 2785KiB/s-2785KiB/s (2852kB/s-2852kB/s), io=7740KiB (7926kB), run=2779-2779msec

Disk stats (read/write):
  mmcblk0: ios=0/1839, sectors=0/14760, merge=0/5, ticks=0/12773, in_queue=12773, util=95.67%
Burst 42
burst: (g=0): rw=randwrite, bs=(R) 4096B-4096B, (W) 4096B-4096B, (T) 4096B-4096B, ioengine=libaio, iodepth=32
fio-3.39
Starting 1 process

fio: terminating on signal 15

burst: (groupid=0, jobs=1): err= 0: pid=568571: Sun Jan 18 19:03:51 2026
  write: IOPS=596, BW=2387KiB/s (2444kB/s)(6680KiB/2799msec); 0 zone resets
    slat (usec): min=55, max=48742, avg=1644.93, stdev=2079.15
    clat (msec): min=38, max=170, avg=51.56, stdev=24.22
     lat (msec): min=39, max=173, avg=53.20, stdev=24.80
    clat percentiles (msec):
     |  1.00th=[   40],  5.00th=[   41], 10.00th=[   41], 20.00th=[   42],
     | 30.00th=[   42], 40.00th=[   43], 50.00th=[   43], 60.00th=[   44],
     | 70.00th=[   44], 80.00th=[   44], 90.00th=[  101], 95.00th=[  107],
     | 99.00th=[  159], 99.50th=[  171], 99.90th=[  171], 99.95th=[  171],
     | 99.99th=[  171]
   bw (  KiB/s): min= 1616, max= 2856, per=97.92%, avg=2337.60, stdev=493.33, samples=5
   iops        : min=  404, max=  714, avg=584.40, stdev=123.33, samples=5
  lat (msec)   : 50=83.35%, 100=6.53%, 250=10.12%
  cpu          : usr=0.18%, sys=1.14%, ctx=4703, majf=0, minf=7
  IO depths    : 1=0.1%, 2=0.1%, 4=0.2%, 8=0.5%, 16=1.0%, 32=98.1%, >=64=0.0%
     submit    : 0=0.0%, 4=100.0%, 8=0.0%, 16=0.0%, 32=0.0%, 64=0.0%, >=64=0.0%
     complete  : 0=0.0%, 4=99.9%, 8=0.0%, 16=0.0%, 32=0.1%, 64=0.0%, >=64=0.0%
     issued rwts: total=0,1670,0,0 short=0,0,0,0 dropped=0,0,0,0
     latency   : target=0, window=0, percentile=100.00%, depth=32

Run status group 0 (all jobs):
  WRITE: bw=2387KiB/s (2444kB/s), 2387KiB/s-2387KiB/s (2444kB/s-2444kB/s), io=6680KiB (6840kB), run=2799-2799msec

Disk stats (read/write):
  mmcblk0: ios=0/1605, sectors=0/12840, merge=0/0, ticks=0/5315, in_queue=5315, util=95.67%
Burst 43
burst: (g=0): rw=randwrite, bs=(R) 4096B-4096B, (W) 4096B-4096B, (T) 4096B-4096B, ioengine=libaio, iodepth=32
fio-3.39
Starting 1 process

fio: terminating on signal 15

burst: (groupid=0, jobs=1): err= 0: pid=568580: Sun Jan 18 19:03:56 2026
  write: IOPS=694, BW=2780KiB/s (2846kB/s)(7616KiB/2740msec); 0 zone resets
    slat (usec): min=57, max=47115, avg=1436.96, stdev=1841.35
    clat (usec): min=727, max=171624, avg=43449.56, stdev=15623.45
     lat (usec): min=1485, max=172594, avg=44886.52, stdev=15956.97
    clat percentiles (msec):
     |  1.00th=[   26],  5.00th=[   40], 10.00th=[   41], 20.00th=[   41],
     | 30.00th=[   41], 40.00th=[   41], 50.00th=[   42], 60.00th=[   43],
     | 70.00th=[   43], 80.00th=[   43], 90.00th=[   43], 95.00th=[   45],
     | 99.00th=[  155], 99.50th=[  169], 99.90th=[  171], 99.95th=[  171],
     | 99.99th=[  171]
   bw (  KiB/s): min= 2232, max= 3016, per=97.50%, avg=2710.40, stdev=381.93, samples=5
   iops        : min=  558, max=  754, avg=677.60, stdev=95.48, samples=5
  lat (usec)   : 750=0.05%
  lat (msec)   : 2=0.05%, 4=0.05%, 10=0.21%, 20=0.42%, 50=94.38%
  lat (msec)   : 100=3.05%, 250=1.79%
  cpu          : usr=0.00%, sys=1.13%, ctx=5361, majf=0, minf=7
  IO depths    : 1=0.1%, 2=0.1%, 4=0.2%, 8=0.4%, 16=0.8%, 32=98.4%, >=64=0.0%
     submit    : 0=0.0%, 4=100.0%, 8=0.0%, 16=0.0%, 32=0.0%, 64=0.0%, >=64=0.0%
     complete  : 0=0.0%, 4=99.9%, 8=0.0%, 16=0.0%, 32=0.1%, 64=0.0%, >=64=0.0%
     issued rwts: total=0,1904,0,0 short=0,0,0,0 dropped=0,0,0,0
     latency   : target=0, window=0, percentile=100.00%, depth=32

Run status group 0 (all jobs):
  WRITE: bw=2780KiB/s (2846kB/s), 2780KiB/s-2780KiB/s (2846kB/s-2846kB/s), io=7616KiB (7799kB), run=2740-2740msec

Disk stats (read/write):
  mmcblk0: ios=0/1834, sectors=0/14680, merge=0/0, ticks=0/5319, in_queue=5318, util=96.10%
Burst 44
burst: (g=0): rw=randwrite, bs=(R) 4096B-4096B, (W) 4096B-4096B, (T) 4096B-4096B, ioengine=libaio, iodepth=32
fio-3.39
Starting 1 process

fio: terminating on signal 15

burst: (groupid=0, jobs=1): err= 0: pid=568589: Sun Jan 18 19:04:01 2026
  write: IOPS=288, BW=1153KiB/s (1180kB/s)(4504KiB/3907msec); 0 zone resets
    slat (usec): min=2, max=14705, avg=525.04, stdev=966.09
    clat (usec): min=1551, max=2442.7k, avg=108889.76, stdev=345091.81
     lat (msec): min=2, max=2442, avg=109.41, stdev=344.99
    clat percentiles (msec):
     |  1.00th=[    5],  5.00th=[   10], 10.00th=[   16], 20.00th=[   29],
     | 30.00th=[   39], 40.00th=[   41], 50.00th=[   42], 60.00th=[   43],
     | 70.00th=[   52], 80.00th=[   64], 90.00th=[  109], 95.00th=[  186],
     | 99.00th=[ 2198], 99.50th=[ 2232], 99.90th=[ 2366], 99.95th=[ 2433],
     | 99.99th=[ 2433]
   bw (  KiB/s): min=   16, max= 2880, per=100.00%, avg=1460.00, stdev=1379.69, samples=6
   iops        : min=    4, max=  720, avg=365.00, stdev=344.92, samples=6
  lat (msec)   : 2=0.27%, 4=0.27%, 10=4.97%, 20=7.99%, 50=55.77%
  lat (msec)   : 100=19.98%, 250=7.37%, 500=0.27%, 750=0.18%, 1000=0.18%
  lat (msec)   : 2000=0.36%, >=2000=2.40%
  cpu          : usr=0.08%, sys=0.31%, ctx=1888, majf=0, minf=7
  IO depths    : 1=0.1%, 2=0.2%, 4=0.4%, 8=0.7%, 16=1.4%, 32=97.2%, >=64=0.0%
     submit    : 0=0.0%, 4=100.0%, 8=0.0%, 16=0.0%, 32=0.0%, 64=0.0%, >=64=0.0%
     complete  : 0=0.0%, 4=99.9%, 8=0.0%, 16=0.0%, 32=0.1%, 64=0.0%, >=64=0.0%
     issued rwts: total=0,1126,0,0 short=0,0,0,0 dropped=0,0,0,0
     latency   : target=0, window=0, percentile=100.00%, depth=32

Run status group 0 (all jobs):
  WRITE: bw=1153KiB/s (1180kB/s), 1153KiB/s-1153KiB/s (1180kB/s-1180kB/s), io=4504KiB (4612kB), run=3907-3907msec

Disk stats (read/write):
  mmcblk0: ios=0/1128, sectors=0/9064, merge=0/5, ticks=0/95427, in_queue=95427, util=95.57%
Burst 45
burst: (g=0): rw=randwrite, bs=(R) 4096B-4096B, (W) 4096B-4096B, (T) 4096B-4096B, ioengine=libaio, iodepth=32
fio-3.39
Starting 1 process

fio: terminating on signal 15

burst: (groupid=0, jobs=1): err= 0: pid=568598: Sun Jan 18 19:04:05 2026
  write: IOPS=677, BW=2708KiB/s (2773kB/s)(7532KiB/2781msec); 0 zone resets
    slat (usec): min=2, max=9098, avg=175.92, stdev=678.66
    clat (usec): min=1418, max=511720, avg=46185.44, stdev=42217.27
     lat (msec): min=2, max=511, avg=46.36, stdev=42.25
    clat percentiles (msec):
     |  1.00th=[    5],  5.00th=[    6], 10.00th=[   11], 20.00th=[   18],
     | 30.00th=[   26], 40.00th=[   35], 50.00th=[   42], 60.00th=[   46],
     | 70.00th=[   53], 80.00th=[   62], 90.00th=[   72], 95.00th=[  111],
     | 99.00th=[  220], 99.50th=[  262], 99.90th=[  477], 99.95th=[  514],
     | 99.99th=[  514]
   bw (  KiB/s): min= 2224, max= 3128, per=100.00%, avg=2827.20, stdev=414.75, samples=5
   iops        : min=  556, max=  782, avg=706.80, stdev=103.69, samples=5
  lat (msec)   : 2=0.11%, 4=0.48%, 10=8.71%, 20=13.70%, 50=43.02%
  lat (msec)   : 100=28.15%, 250=5.26%, 500=0.53%, 750=0.05%
  cpu          : usr=0.00%, sys=0.58%, ctx=2186, majf=0, minf=7
  IO depths    : 1=0.1%, 2=0.1%, 4=0.2%, 8=0.4%, 16=0.8%, 32=98.4%, >=64=0.0%
     submit    : 0=0.0%, 4=100.0%, 8=0.0%, 16=0.0%, 32=0.0%, 64=0.0%, >=64=0.0%
     complete  : 0=0.0%, 4=99.9%, 8=0.0%, 16=0.0%, 32=0.1%, 64=0.0%, >=64=0.0%
     issued rwts: total=0,1883,0,0 short=0,0,0,0 dropped=0,0,0,0
     latency   : target=0, window=0, percentile=100.00%, depth=32

Run status group 0 (all jobs):
  WRITE: bw=2708KiB/s (2773kB/s), 2708KiB/s-2708KiB/s (2773kB/s-2773kB/s), io=7532KiB (7713kB), run=2781-2781msec

Disk stats (read/write):
  mmcblk0: ios=0/1834, sectors=0/14704, merge=0/4, ticks=0/72003, in_queue=72003, util=95.27%
Burst 46
burst: (g=0): rw=randwrite, bs=(R) 4096B-4096B, (W) 4096B-4096B, (T) 4096B-4096B, ioengine=libaio, iodepth=32
fio-3.39
Starting 1 process

fio: terminating on signal 15

burst: (groupid=0, jobs=1): err= 0: pid=568607: Sun Jan 18 19:04:09 2026
  write: IOPS=617, BW=2471KiB/s (2530kB/s)(6888KiB/2788msec); 0 zone resets
    slat (usec): min=4, max=14426, avg=684.61, stdev=1005.16
    clat (usec): min=1758, max=331500, avg=50738.39, stdev=36351.59
     lat (msec): min=2, max=331, avg=51.42, stdev=36.18
    clat percentiles (msec):
     |  1.00th=[    6],  5.00th=[   12], 10.00th=[   21], 20.00th=[   39],
     | 30.00th=[   41], 40.00th=[   41], 50.00th=[   43], 60.00th=[   43],
     | 70.00th=[   44], 80.00th=[   57], 90.00th=[   84], 95.00th=[  140],
     | 99.00th=[  192], 99.50th=[  222], 99.90th=[  326], 99.95th=[  334],
     | 99.99th=[  334]
   bw (  KiB/s): min= 1320, max= 3232, per=97.51%, avg=2409.60, stdev=823.09, samples=5
   iops        : min=  330, max=  808, avg=602.40, stdev=205.77, samples=5
  lat (msec)   : 2=0.12%, 4=0.29%, 10=3.60%, 20=5.81%, 50=64.34%
  lat (msec)   : 100=17.54%, 250=8.19%, 500=0.12%
  cpu          : usr=0.00%, sys=1.00%, ctx=3279, majf=0, minf=7
  IO depths    : 1=0.1%, 2=0.1%, 4=0.2%, 8=0.5%, 16=0.9%, 32=98.2%, >=64=0.0%
     submit    : 0=0.0%, 4=100.0%, 8=0.0%, 16=0.0%, 32=0.0%, 64=0.0%, >=64=0.0%
     complete  : 0=0.0%, 4=99.9%, 8=0.0%, 16=0.0%, 32=0.1%, 64=0.0%, >=64=0.0%
     issued rwts: total=0,1722,0,0 short=0,0,0,0 dropped=0,0,0,0
     latency   : target=0, window=0, percentile=100.00%, depth=32

Run status group 0 (all jobs):
  WRITE: bw=2471KiB/s (2530kB/s), 2471KiB/s-2471KiB/s (2530kB/s-2530kB/s), io=6888KiB (7053kB), run=2788-2788msec

Disk stats (read/write):
  mmcblk0: ios=0/1618, sectors=0/12984, merge=0/5, ticks=0/48436, in_queue=48436, util=96.40%
Burst 47
burst: (g=0): rw=randwrite, bs=(R) 4096B-4096B, (W) 4096B-4096B, (T) 4096B-4096B, ioengine=libaio, iodepth=32
fio-3.39
Starting 1 process

fio: terminating on signal 15

burst: (groupid=0, jobs=1): err= 0: pid=568616: Sun Jan 18 19:04:13 2026
  write: IOPS=698, BW=2794KiB/s (2861kB/s)(7768KiB/2780msec); 0 zone resets
    slat (usec): min=2, max=49001, avg=1036.96, stdev=1732.63
    clat (usec): min=1854, max=188889, avg=44421.16, stdev=20891.77
     lat (msec): min=2, max=188, avg=45.46, stdev=21.13
    clat percentiles (msec):
     |  1.00th=[    6],  5.00th=[   15], 10.00th=[   27], 20.00th=[   41],
     | 30.00th=[   41], 40.00th=[   43], 50.00th=[   43], 60.00th=[   43],
     | 70.00th=[   44], 80.00th=[   45], 90.00th=[   59], 95.00th=[   73],
     | 99.00th=[  171], 99.50th=[  171], 99.90th=[  176], 99.95th=[  190],
     | 99.99th=[  190]
   bw (  KiB/s): min= 2320, max= 3240, per=99.20%, avg=2772.80, stdev=331.81, samples=5
   iops        : min=  580, max=  810, avg=693.20, stdev=82.95, samples=5
  lat (msec)   : 2=0.05%, 4=0.26%, 10=2.99%, 20=3.76%, 50=78.12%
  lat (msec)   : 100=12.62%, 250=2.21%
  cpu          : usr=0.22%, sys=0.72%, ctx=4400, majf=0, minf=7
  IO depths    : 1=0.1%, 2=0.1%, 4=0.2%, 8=0.4%, 16=0.8%, 32=98.4%, >=64=0.0%
     submit    : 0=0.0%, 4=100.0%, 8=0.0%, 16=0.0%, 32=0.0%, 64=0.0%, >=64=0.0%
     complete  : 0=0.0%, 4=99.9%, 8=0.0%, 16=0.0%, 32=0.1%, 64=0.0%, >=64=0.0%
     issued rwts: total=0,1942,0,0 short=0,0,0,0 dropped=0,0,0,0
     latency   : target=0, window=0, percentile=100.00%, depth=32

Run status group 0 (all jobs):
  WRITE: bw=2794KiB/s (2861kB/s), 2794KiB/s-2794KiB/s (2861kB/s-2861kB/s), io=7768KiB (7954kB), run=2780-2780msec

Disk stats (read/write):
  mmcblk0: ios=0/1849, sectors=0/14808, merge=0/2, ticks=0/23370, in_queue=23370, util=95.81%
Burst 48
burst: (g=0): rw=randwrite, bs=(R) 4096B-4096B, (W) 4096B-4096B, (T) 4096B-4096B, ioengine=libaio, iodepth=32
fio-3.39
Starting 1 process

fio: terminating on signal 15

burst: (groupid=0, jobs=1): err= 0: pid=568625: Sun Jan 18 19:04:17 2026
  write: IOPS=562, BW=2249KiB/s (2303kB/s)(6180KiB/2748msec); 0 zone resets
    slat (usec): min=56, max=47896, avg=1775.98, stdev=2565.13
    clat (usec): min=823, max=172783, avg=54661.67, stdev=29398.54
     lat (usec): min=1642, max=173610, avg=56437.65, stdev=30066.28
    clat percentiles (msec):
     |  1.00th=[   21],  5.00th=[   41], 10.00th=[   42], 20.00th=[   43],
     | 30.00th=[   43], 40.00th=[   43], 50.00th=[   44], 60.00th=[   44],
     | 70.00th=[   44], 80.00th=[   46], 90.00th=[  108], 95.00th=[  114],
     | 99.00th=[  171], 99.50th=[  171], 99.90th=[  174], 99.95th=[  174],
     | 99.99th=[  174]
   bw (  KiB/s): min= 1056, max= 2896, per=95.16%, avg=2140.80, stdev=745.90, samples=5
   iops        : min=  264, max=  724, avg=535.20, stdev=186.48, samples=5
  lat (usec)   : 1000=0.06%
  lat (msec)   : 2=0.06%, 4=0.06%, 10=0.26%, 20=0.45%, 50=80.39%
  lat (msec)   : 100=5.57%, 250=13.14%
  cpu          : usr=0.00%, sys=1.24%, ctx=4383, majf=0, minf=7
  IO depths    : 1=0.1%, 2=0.1%, 4=0.3%, 8=0.5%, 16=1.0%, 32=98.0%, >=64=0.0%
     submit    : 0=0.0%, 4=100.0%, 8=0.0%, 16=0.0%, 32=0.0%, 64=0.0%, >=64=0.0%
     complete  : 0=0.0%, 4=99.9%, 8=0.0%, 16=0.0%, 32=0.1%, 64=0.0%, >=64=0.0%
     issued rwts: total=0,1545,0,0 short=0,0,0,0 dropped=0,0,0,0
     latency   : target=0, window=0, percentile=100.00%, depth=32

Run status group 0 (all jobs):
  WRITE: bw=2249KiB/s (2303kB/s), 2249KiB/s-2249KiB/s (2303kB/s-2303kB/s), io=6180KiB (6328kB), run=2748-2748msec

Disk stats (read/write):
  mmcblk0: ios=0/1471, sectors=0/11784, merge=0/0, ticks=0/5566, in_queue=5566, util=95.96%
Burst 49
burst: (g=0): rw=randwrite, bs=(R) 4096B-4096B, (W) 4096B-4096B, (T) 4096B-4096B, ioengine=libaio, iodepth=32
fio-3.39
Starting 1 process

fio: terminating on signal 15

burst: (groupid=0, jobs=1): err= 0: pid=568635: Sun Jan 18 19:04:22 2026
  write: IOPS=681, BW=2724KiB/s (2789kB/s)(7464KiB/2740msec); 0 zone resets
    slat (usec): min=58, max=48023, avg=1466.19, stdev=1686.97
    clat (usec): min=823, max=172318, avg=45147.32, stdev=15433.81
     lat (usec): min=1551, max=173094, avg=46613.51, stdev=15716.97
    clat percentiles (msec):
     |  1.00th=[   26],  5.00th=[   41], 10.00th=[   43], 20.00th=[   43],
     | 30.00th=[   43], 40.00th=[   43], 50.00th=[   43], 60.00th=[   43],
     | 70.00th=[   44], 80.00th=[   45], 90.00th=[   46], 95.00th=[   48],
     | 99.00th=[  161], 99.50th=[  171], 99.90th=[  174], 99.95th=[  174],
     | 99.99th=[  174]
   bw (  KiB/s): min= 2128, max= 2872, per=97.79%, avg=2664.00, stdev=312.56, samples=5
   iops        : min=  532, max=  718, avg=666.00, stdev=78.14, samples=5
  lat (usec)   : 1000=0.05%
  lat (msec)   : 2=0.05%, 10=0.27%, 20=0.43%, 50=95.12%, 100=2.20%
  lat (msec)   : 250=1.88%
  cpu          : usr=0.22%, sys=0.88%, ctx=5254, majf=0, minf=7
  IO depths    : 1=0.1%, 2=0.1%, 4=0.2%, 8=0.4%, 16=0.9%, 32=98.3%, >=64=0.0%
     submit    : 0=0.0%, 4=100.0%, 8=0.0%, 16=0.0%, 32=0.0%, 64=0.0%, >=64=0.0%
     complete  : 0=0.0%, 4=99.9%, 8=0.0%, 16=0.0%, 32=0.1%, 64=0.0%, >=64=0.0%
     issued rwts: total=0,1866,0,0 short=0,0,0,0 dropped=0,0,0,0
     latency   : target=0, window=0, percentile=100.00%, depth=32

Run status group 0 (all jobs):
  WRITE: bw=2724KiB/s (2789kB/s), 2724KiB/s-2724KiB/s (2789kB/s-2789kB/s), io=7464KiB (7643kB), run=2740-2740msec

Disk stats (read/write):
  mmcblk0: ios=0/1803, sectors=0/14424, merge=0/0, ticks=0/5313, in_queue=5313, util=95.52%
Burst 50
burst: (g=0): rw=randwrite, bs=(R) 4096B-4096B, (W) 4096B-4096B, (T) 4096B-4096B, ioengine=libaio, iodepth=32
fio-3.39
Starting 1 process

fio: terminating on signal 15

burst: (groupid=0, jobs=1): err= 0: pid=568644: Sun Jan 18 19:04:26 2026
  write: IOPS=344, BW=1380KiB/s (1413kB/s)(4048KiB/2934msec); 0 zone resets
    slat (usec): min=56, max=151992, avg=2756.96, stdev=11518.89
    clat (msec): min=40, max=1187, avg=89.20, stdev=181.56
     lat (msec): min=40, max=1189, avg=91.95, stdev=184.69
    clat percentiles (msec):
     |  1.00th=[   41],  5.00th=[   42], 10.00th=[   43], 20.00th=[   43],
     | 30.00th=[   43], 40.00th=[   44], 50.00th=[   44], 60.00th=[   45],
     | 70.00th=[   46], 80.00th=[   55], 90.00th=[  117], 95.00th=[  171],
     | 99.00th=[ 1150], 99.50th=[ 1167], 99.90th=[ 1183], 99.95th=[ 1183],
     | 99.99th=[ 1183]
   bw (  KiB/s): min=   24, max= 2856, per=100.00%, avg=1564.80, stdev=1167.16, samples=5
   iops        : min=    6, max=  714, avg=391.20, stdev=291.79, samples=5
  lat (msec)   : 50=77.96%, 100=4.74%, 250=13.64%, 500=0.40%, 750=0.40%
  lat (msec)   : 1000=0.40%, 2000=2.47%
  cpu          : usr=0.00%, sys=0.75%, ctx=2853, majf=0, minf=7
  IO depths    : 1=0.1%, 2=0.2%, 4=0.4%, 8=0.8%, 16=1.6%, 32=96.9%, >=64=0.0%
     submit    : 0=0.0%, 4=100.0%, 8=0.0%, 16=0.0%, 32=0.0%, 64=0.0%, >=64=0.0%
     complete  : 0=0.0%, 4=99.9%, 8=0.0%, 16=0.0%, 32=0.1%, 64=0.0%, >=64=0.0%
     issued rwts: total=0,1012,0,0 short=0,0,0,0 dropped=0,0,0,0
     latency   : target=0, window=0, percentile=100.00%, depth=32

Run status group 0 (all jobs):
  WRITE: bw=1380KiB/s (1413kB/s), 1380KiB/s-1380KiB/s (1413kB/s-1413kB/s), io=4048KiB (4145kB), run=2934-2934msec

Disk stats (read/write):
  mmcblk0: ios=0/1013, sectors=0/8120, merge=0/2, ticks=0/5479, in_queue=5479, util=93.03%
