1768738582502892352 101884159
1768738582604620343 101727991
1768738582706356872 101736529
1768738582808022122 101665250
1768738582909703225 101681103
1768738583011357790 101654565
1768738583113004744 101646954
1768738583214676624 101671880
1768738583316327597 101650973
1768738583417983773 101656176
1768738583519643764 101659991
1768738583621330274 101686510
1768738583722995228 101664954
1768738583824619942 101624714
1768738583926253414 101633472
1768738584027861368 101607954
1768738584129464229 101602861
1768738584231075257 101611028
1768738584332652433 101577176
1768738584434239906 101587473
1768738584535948231 101708325
1768738584637582814 101634583
1768738584739207694 101624880
1768738584840786963 101579269
1768738584942368417 101581454
1768738585043969241 101600824
1768738585145569251 101600010
1768738585247167871 101598620
1768738585348749455 101581584
1768738585450444483 101695028
1768738585552444050 101999567
1768738585654303264 101859214
1768738585758015059 103711795
1768738585859809365 101794306
1768738585961560468 101751103
1768738586063110144 101549676
1768738586164471912 101361768
1768738586265886884 101414972
1768738586367368745 101481861
1768738586468644845 101276100
1768738586569958724 101313879
1768738586671424104 101465380
1768738586772911020 101486916
1768738586874279807 101368787
1768738586975910390 101630583
1768738587077175047 101264657
1768738587179417892 102242845
1768738587280836827 101418935
1768738587382471392 101634565
1768738587484017586 101546194
1768738587585446725 101429139
1768738587687101142 101654417
1768738587788453002 101351860
1768738587890036530 101583528
1768738587991721725 101685195
1768738588093650792 101929067
1768738588195036763 101385971
1768738588297176997 102140234
1768738588398510765 101333768
1768738588499976293 101465528
1768738588601390579 101414286
1768738588702924977 101534398
1768738588804330523 101405546
1768738588905766514 101435991
1768738589007299801 101533287
1768738589108944477 101644676
1768738589210274245 101329768
1768738589311676809 101402564
1768738589412975503 101298694
1768738589514191177 101215674
1768738589615459630 101268453
1768738589717298455 101838825
1768738589818593131 101294676
1768738589919889213 101296082
1768738590021229647 101340434
1768738590122593860 101364213
1768738590223971683 101377823
1768738590325355970 101384287
1768738590426609941 101253971
1768738590527881357 101271416
1768738590629092235 101210878
1768738590730245317 101153082
1768738590831379621 101134304
1768738590932486611 101106990
1768738591033792230 101305619
1768738591135309813 101517583
1768738591236870378 101560565
1768738591338438684 101568306
1768738591440460714 102022030
1768738591542287706 101826992
1768738591643569584 101281878
1768738591744761926 101192342
1768738591846089471 101327545
1768738591947306387 101216916
1768738592048458561 101152174
1768738592149580143 101121582
1768738592250697262 101117119
1768738592351872844 101175582
1768738592452986908 101114064
1768738592554130823 101143915
1768738592655270071 101139248
1768738592756397542 101127471
1768738592857510105 101112563
1768738592958614835 101104730
1768738593059694028 101079193
1768738593160791684 101097656
1768738593261907173 101115489
1768738593363051422 101144249
1768738593464233597 101182175
1768738593565382604 101149007
1768738593666507538 101124934
1768738593767623676 101116138
1768738593868729183 101105507
1768738593969824376 101095193
1768738594070918180 101093804
1768738594172003077 101084897
1768738594273092973 101089896
1768738594374191092 101098119
1768738594475387230 101196138
1768738594576502997 101115767
1768738594677593819 101090822
1768738594778705272 101111453
1768738594880008984 101303712
1768738594981145140 101136156
1768738595082260981 101115841
1768738595183387952 101126971
1768738595284473774 101085822
1768738595385662727 101188953
1768738595486848290 101185563
1768738595587999817 101151527
1768738595689123250 101123433
1768738595790252203 101128953
1768738595891416100 101163897
1768738595992543404 101127304
1768738596093632504 101089100
1768738596194756530 101124026
1768738596295852427 101095897
1768738596396977398 101124971
